2022-11-01 14:35:54,694 DEBUG    root            Loaded Command Group: ['gcloud', 'components']
2022-11-01 14:35:54,702 DEBUG    root            Loaded Command Group: ['gcloud', 'components', 'update']
2022-11-01 14:35:54,707 DEBUG    root            Running [gcloud.components.update] with arguments: [--quiet: "True"]
2022-11-01 14:35:54,723 INFO     ___FILE_ONLY___ Beginning update. This process may take several minutes.

2022-11-01 14:35:54,745 DEBUG    urllib3.connectionpool Starting new HTTPS connection (1): dl.google.com:443
2022-11-01 14:35:55,102 DEBUG    urllib3.connectionpool https://dl.google.com:443 "GET /dl/cloudsdk/channels/rapid/components-2.json HTTP/1.1" 200 203446
2022-11-01 14:35:55,186 INFO     ___FILE_ONLY___ 

2022-11-01 14:35:55,187 INFO     ___FILE_ONLY___ 
Your current Google Cloud CLI version is: 407.0.0

2022-11-01 14:35:55,187 INFO     ___FILE_ONLY___ You will be upgraded to version: 408.0.0

2022-11-01 14:35:55,187 INFO     ___FILE_ONLY___ 

2022-11-01 14:35:55,191 INFO     ___FILE_ONLY___ ┌─────────────────────────────────────────────────────────┐
2022-11-01 14:35:55,191 INFO     ___FILE_ONLY___ 

2022-11-01 14:35:55,191 INFO     ___FILE_ONLY___ │            These components will be updated.            │
2022-11-01 14:35:55,191 INFO     ___FILE_ONLY___ 

2022-11-01 14:35:55,191 INFO     ___FILE_ONLY___ ├─────────────────────────────────┬────────────┬──────────┤
2022-11-01 14:35:55,191 INFO     ___FILE_ONLY___ 

2022-11-01 14:35:55,192 INFO     ___FILE_ONLY___ │               Name              │  Version   │   Size   │
2022-11-01 14:35:55,192 INFO     ___FILE_ONLY___ 

2022-11-01 14:35:55,192 INFO     ___FILE_ONLY___ ├─────────────────────────────────┼────────────┼──────────┤
2022-11-01 14:35:55,192 INFO     ___FILE_ONLY___ 

2022-11-01 14:35:55,192 INFO     ___FILE_ONLY___ │ 
2022-11-01 14:35:55,192 INFO     ___FILE_ONLY___ BigQuery Command Line Tool     
2022-11-01 14:35:55,192 INFO     ___FILE_ONLY___  
2022-11-01 14:35:55,192 INFO     ___FILE_ONLY___ │ 
2022-11-01 14:35:55,192 INFO     ___FILE_ONLY___     2.0.80
2022-11-01 14:35:55,192 INFO     ___FILE_ONLY___  
2022-11-01 14:35:55,192 INFO     ___FILE_ONLY___ │ 
2022-11-01 14:35:55,192 INFO     ___FILE_ONLY___  1.6 MiB
2022-11-01 14:35:55,192 INFO     ___FILE_ONLY___  
2022-11-01 14:35:55,192 INFO     ___FILE_ONLY___ │
2022-11-01 14:35:55,193 INFO     ___FILE_ONLY___ 

2022-11-01 14:35:55,193 INFO     ___FILE_ONLY___ │ 
2022-11-01 14:35:55,193 INFO     ___FILE_ONLY___ Cloud Storage Command Line Tool
2022-11-01 14:35:55,193 INFO     ___FILE_ONLY___  
2022-11-01 14:35:55,193 INFO     ___FILE_ONLY___ │ 
2022-11-01 14:35:55,193 INFO     ___FILE_ONLY___       5.16
2022-11-01 14:35:55,193 INFO     ___FILE_ONLY___  
2022-11-01 14:35:55,193 INFO     ___FILE_ONLY___ │ 
2022-11-01 14:35:55,194 INFO     ___FILE_ONLY___ 15.5 MiB
2022-11-01 14:35:55,194 INFO     ___FILE_ONLY___  
2022-11-01 14:35:55,194 INFO     ___FILE_ONLY___ │
2022-11-01 14:35:55,195 INFO     ___FILE_ONLY___ 

2022-11-01 14:35:55,195 INFO     ___FILE_ONLY___ │ 
2022-11-01 14:35:55,195 INFO     ___FILE_ONLY___ Google Cloud CLI Core Libraries
2022-11-01 14:35:55,195 INFO     ___FILE_ONLY___  
2022-11-01 14:35:55,195 INFO     ___FILE_ONLY___ │ 
2022-11-01 14:35:55,196 INFO     ___FILE_ONLY___ 2022.10.28
2022-11-01 14:35:55,196 INFO     ___FILE_ONLY___  
2022-11-01 14:35:55,196 INFO     ___FILE_ONLY___ │ 
2022-11-01 14:35:55,196 INFO     ___FILE_ONLY___ 25.1 MiB
2022-11-01 14:35:55,196 INFO     ___FILE_ONLY___  
2022-11-01 14:35:55,196 INFO     ___FILE_ONLY___ │
2022-11-01 14:35:55,196 INFO     ___FILE_ONLY___ 

2022-11-01 14:35:55,196 INFO     ___FILE_ONLY___ │ 
2022-11-01 14:35:55,196 INFO     ___FILE_ONLY___ gcloud Alpha Commands          
2022-11-01 14:35:55,197 INFO     ___FILE_ONLY___  
2022-11-01 14:35:55,197 INFO     ___FILE_ONLY___ │ 
2022-11-01 14:35:55,197 INFO     ___FILE_ONLY___ 2022.10.28
2022-11-01 14:35:55,197 INFO     ___FILE_ONLY___  
2022-11-01 14:35:55,197 INFO     ___FILE_ONLY___ │ 
2022-11-01 14:35:55,197 INFO     ___FILE_ONLY___  < 1 MiB
2022-11-01 14:35:55,197 INFO     ___FILE_ONLY___  
2022-11-01 14:35:55,197 INFO     ___FILE_ONLY___ │
2022-11-01 14:35:55,198 INFO     ___FILE_ONLY___ 

2022-11-01 14:35:55,198 INFO     ___FILE_ONLY___ │ 
2022-11-01 14:35:55,198 INFO     ___FILE_ONLY___ gcloud Beta Commands           
2022-11-01 14:35:55,198 INFO     ___FILE_ONLY___  
2022-11-01 14:35:55,198 INFO     ___FILE_ONLY___ │ 
2022-11-01 14:35:55,198 INFO     ___FILE_ONLY___ 2022.10.28
2022-11-01 14:35:55,198 INFO     ___FILE_ONLY___  
2022-11-01 14:35:55,198 INFO     ___FILE_ONLY___ │ 
2022-11-01 14:35:55,199 INFO     ___FILE_ONLY___  < 1 MiB
2022-11-01 14:35:55,199 INFO     ___FILE_ONLY___  
2022-11-01 14:35:55,199 INFO     ___FILE_ONLY___ │
2022-11-01 14:35:55,200 INFO     ___FILE_ONLY___ 

2022-11-01 14:35:55,200 INFO     ___FILE_ONLY___ │ 
2022-11-01 14:35:55,200 INFO     ___FILE_ONLY___ gcloud cli dependencies        
2022-11-01 14:35:55,200 INFO     ___FILE_ONLY___  
2022-11-01 14:35:55,200 INFO     ___FILE_ONLY___ │ 
2022-11-01 14:35:55,200 INFO     ___FILE_ONLY___ 2022.10.28
2022-11-01 14:35:55,200 INFO     ___FILE_ONLY___  
2022-11-01 14:35:55,200 INFO     ___FILE_ONLY___ │ 
2022-11-01 14:35:55,200 INFO     ___FILE_ONLY___ 11.3 MiB
2022-11-01 14:35:55,201 INFO     ___FILE_ONLY___  
2022-11-01 14:35:55,201 INFO     ___FILE_ONLY___ │
2022-11-01 14:35:55,201 INFO     ___FILE_ONLY___ 

2022-11-01 14:35:55,201 INFO     ___FILE_ONLY___ └─────────────────────────────────┴────────────┴──────────┘
2022-11-01 14:35:55,201 INFO     ___FILE_ONLY___ 

2022-11-01 14:35:55,202 INFO     ___FILE_ONLY___ 

2022-11-01 14:35:55,207 DEBUG    urllib3.connectionpool Starting new HTTPS connection (1): dl.google.com:443
2022-11-01 14:35:55,301 DEBUG    urllib3.connectionpool https://dl.google.com:443 "GET /dl/cloudsdk/channels/rapid/RELEASE_NOTES HTTP/1.1" 200 891542
2022-11-01 14:35:55,440 INFO     ___FILE_ONLY___ The following release notes are new in this upgrade.
Please read carefully for information about new features, breaking changes,
and bugs fixed.  The latest full release notes can be viewed at:
  https://cloud.google.com/sdk/release_notes


2022-11-01 14:35:55,441 INFO     ___FILE_ONLY___ 
2022-11-01 14:35:55,441 INFO     ___FILE_ONLY___ 408.0.0 (2022-11-01)

2022-11-01 14:35:55,441 INFO     ___FILE_ONLY___ 
2022-11-01 14:35:55,441 INFO     ___FILE_ONLY___   
2022-11-01 14:35:55,441 INFO     ___FILE_ONLY___ Breaking Changes

2022-11-01 14:35:55,442 INFO     ___FILE_ONLY___       ▪
2022-11-01 14:35:55,442 INFO     ___FILE_ONLY___  
2022-11-01 14:35:55,442 INFO     ___FILE_ONLY___ **(Cloud
2022-11-01 14:35:55,442 INFO     ___FILE_ONLY___  
2022-11-01 14:35:55,442 INFO     ___FILE_ONLY___ Storage)**
2022-11-01 14:35:55,442 INFO     ___FILE_ONLY___  
2022-11-01 14:35:55,442 INFO     ___FILE_ONLY___ Lifecycle
2022-11-01 14:35:55,443 INFO     ___FILE_ONLY___  
2022-11-01 14:35:55,443 INFO     ___FILE_ONLY___ and
2022-11-01 14:35:55,443 INFO     ___FILE_ONLY___  
2022-11-01 14:35:55,443 INFO     ___FILE_ONLY___ CORS
2022-11-01 14:35:55,443 INFO     ___FILE_ONLY___  
2022-11-01 14:35:55,443 INFO     ___FILE_ONLY___ settings
2022-11-01 14:35:55,443 INFO     ___FILE_ONLY___  
2022-11-01 14:35:55,443 INFO     ___FILE_ONLY___ files
2022-11-01 14:35:55,443 INFO     ___FILE_ONLY___  
2022-11-01 14:35:55,444 INFO     ___FILE_ONLY___ now
2022-11-01 14:35:55,444 INFO     ___FILE_ONLY___  
2022-11-01 14:35:55,444 INFO     ___FILE_ONLY___ use
2022-11-01 14:35:55,444 INFO     ___FILE_ONLY___  
2022-11-01 14:35:55,444 INFO     ___FILE_ONLY___ camel
2022-11-01 14:35:55,444 INFO     ___FILE_ONLY___ 

2022-11-01 14:35:55,444 INFO     ___FILE_ONLY___         
2022-11-01 14:35:55,444 INFO     ___FILE_ONLY___ case
2022-11-01 14:35:55,445 INFO     ___FILE_ONLY___  
2022-11-01 14:35:55,445 INFO     ___FILE_ONLY___ instead
2022-11-01 14:35:55,445 INFO     ___FILE_ONLY___  
2022-11-01 14:35:55,445 INFO     ___FILE_ONLY___ of
2022-11-01 14:35:55,445 INFO     ___FILE_ONLY___  
2022-11-01 14:35:55,445 INFO     ___FILE_ONLY___ snake
2022-11-01 14:35:55,445 INFO     ___FILE_ONLY___  
2022-11-01 14:35:55,445 INFO     ___FILE_ONLY___ case
2022-11-01 14:35:55,445 INFO     ___FILE_ONLY___  
2022-11-01 14:35:55,445 INFO     ___FILE_ONLY___ to
2022-11-01 14:35:55,446 INFO     ___FILE_ONLY___  
2022-11-01 14:35:55,446 INFO     ___FILE_ONLY___ match
2022-11-01 14:35:55,446 INFO     ___FILE_ONLY___  
2022-11-01 14:35:55,446 INFO     ___FILE_ONLY___ the
2022-11-01 14:35:55,446 INFO     ___FILE_ONLY___  
2022-11-01 14:35:55,446 INFO     ___FILE_ONLY___ API
2022-11-01 14:35:55,446 INFO     ___FILE_ONLY___  
2022-11-01 14:35:55,446 INFO     ___FILE_ONLY___ documentation.
2022-11-01 14:35:55,446 INFO     ___FILE_ONLY___  
2022-11-01 14:35:55,446 INFO     ___FILE_ONLY___ Example:
2022-11-01 14:35:55,447 INFO     ___FILE_ONLY___ 

2022-11-01 14:35:55,447 INFO     ___FILE_ONLY___         
2022-11-01 14:35:55,447 INFO     ___FILE_ONLY___ <http://cloud/storage/docs/json_api/v1/buckets#lifecycle>.
2022-11-01 14:35:55,447 INFO     ___FILE_ONLY___ 

2022-11-01 14:35:55,447 INFO     ___FILE_ONLY___ 

2022-11-01 14:35:55,447 INFO     ___FILE_ONLY___ 
2022-11-01 14:35:55,447 INFO     ___FILE_ONLY___   
2022-11-01 14:35:55,447 INFO     ___FILE_ONLY___ AI

2022-11-01 14:35:55,448 INFO     ___FILE_ONLY___       ▪
2022-11-01 14:35:55,448 INFO     ___FILE_ONLY___  
2022-11-01 14:35:55,448 INFO     ___FILE_ONLY___ Added
2022-11-01 14:35:55,448 INFO     ___FILE_ONLY___  
2022-11-01 14:35:55,448 INFO     ___FILE_ONLY___ more
2022-11-01 14:35:55,448 INFO     ___FILE_ONLY___  
2022-11-01 14:35:55,449 INFO     ___FILE_ONLY___ available
2022-11-01 14:35:55,449 INFO     ___FILE_ONLY___  
2022-11-01 14:35:55,449 INFO     ___FILE_ONLY___ regions
2022-11-01 14:35:55,449 INFO     ___FILE_ONLY___  
2022-11-01 14:35:55,449 INFO     ___FILE_ONLY___ to
2022-11-01 14:35:55,449 INFO     ___FILE_ONLY___  
2022-11-01 14:35:55,449 INFO     ___FILE_ONLY___ gcloud
2022-11-01 14:35:55,449 INFO     ___FILE_ONLY___  
2022-11-01 14:35:55,449 INFO     ___FILE_ONLY___ ai
2022-11-01 14:35:55,450 INFO     ___FILE_ONLY___  
2022-11-01 14:35:55,450 INFO     ___FILE_ONLY___ model-monitoring-jobs.
2022-11-01 14:35:55,450 INFO     ___FILE_ONLY___ 

2022-11-01 14:35:55,450 INFO     ___FILE_ONLY___       ▪
2022-11-01 14:35:55,450 INFO     ___FILE_ONLY___  
2022-11-01 14:35:55,450 INFO     ___FILE_ONLY___ Added
2022-11-01 14:35:55,450 INFO     ___FILE_ONLY___  
2022-11-01 14:35:55,450 INFO     ___FILE_ONLY___ --version-description
2022-11-01 14:35:55,451 INFO     ___FILE_ONLY___  
2022-11-01 14:35:55,451 INFO     ___FILE_ONLY___ flag
2022-11-01 14:35:55,451 INFO     ___FILE_ONLY___  
2022-11-01 14:35:55,451 INFO     ___FILE_ONLY___ to
2022-11-01 14:35:55,451 INFO     ___FILE_ONLY___  
2022-11-01 14:35:55,451 INFO     ___FILE_ONLY___ gcloud
2022-11-01 14:35:55,451 INFO     ___FILE_ONLY___  
2022-11-01 14:35:55,451 INFO     ___FILE_ONLY___ ai
2022-11-01 14:35:55,451 INFO     ___FILE_ONLY___  
2022-11-01 14:35:55,451 INFO     ___FILE_ONLY___ models
2022-11-01 14:35:55,452 INFO     ___FILE_ONLY___  
2022-11-01 14:35:55,452 INFO     ___FILE_ONLY___ upload
2022-11-01 14:35:55,452 INFO     ___FILE_ONLY___  
2022-11-01 14:35:55,452 INFO     ___FILE_ONLY___ to
2022-11-01 14:35:55,452 INFO     ___FILE_ONLY___ 

2022-11-01 14:35:55,452 INFO     ___FILE_ONLY___         
2022-11-01 14:35:55,452 INFO     ___FILE_ONLY___ support
2022-11-01 14:35:55,452 INFO     ___FILE_ONLY___  
2022-11-01 14:35:55,452 INFO     ___FILE_ONLY___ setting
2022-11-01 14:35:55,453 INFO     ___FILE_ONLY___  
2022-11-01 14:35:55,453 INFO     ___FILE_ONLY___ model
2022-11-01 14:35:55,453 INFO     ___FILE_ONLY___  
2022-11-01 14:35:55,453 INFO     ___FILE_ONLY___ version
2022-11-01 14:35:55,453 INFO     ___FILE_ONLY___  
2022-11-01 14:35:55,453 INFO     ___FILE_ONLY___ description.
2022-11-01 14:35:55,453 INFO     ___FILE_ONLY___ 

2022-11-01 14:35:55,453 INFO     ___FILE_ONLY___ 

2022-11-01 14:35:55,453 INFO     ___FILE_ONLY___ 
2022-11-01 14:35:55,454 INFO     ___FILE_ONLY___   
2022-11-01 14:35:55,454 INFO     ___FILE_ONLY___ BigQuery

2022-11-01 14:35:55,454 INFO     ___FILE_ONLY___       ▪
2022-11-01 14:35:55,454 INFO     ___FILE_ONLY___  
2022-11-01 14:35:55,454 INFO     ___FILE_ONLY___ Add
2022-11-01 14:35:55,454 INFO     ___FILE_ONLY___  
2022-11-01 14:35:55,454 INFO     ___FILE_ONLY___ missing
2022-11-01 14:35:55,454 INFO     ___FILE_ONLY___  
2022-11-01 14:35:55,454 INFO     ___FILE_ONLY___ open
2022-11-01 14:35:55,455 INFO     ___FILE_ONLY___  
2022-11-01 14:35:55,455 INFO     ___FILE_ONLY___ source
2022-11-01 14:35:55,455 INFO     ___FILE_ONLY___  
2022-11-01 14:35:55,455 INFO     ___FILE_ONLY___ licenses.
2022-11-01 14:35:55,455 INFO     ___FILE_ONLY___ 

2022-11-01 14:35:55,455 INFO     ___FILE_ONLY___       ▪
2022-11-01 14:35:55,455 INFO     ___FILE_ONLY___  
2022-11-01 14:35:55,455 INFO     ___FILE_ONLY___ Expose
2022-11-01 14:35:55,456 INFO     ___FILE_ONLY___  
2022-11-01 14:35:55,456 INFO     ___FILE_ONLY___ Iceberg
2022-11-01 14:35:55,456 INFO     ___FILE_ONLY___  
2022-11-01 14:35:55,456 INFO     ___FILE_ONLY___ for
2022-11-01 14:35:55,456 INFO     ___FILE_ONLY___  
2022-11-01 14:35:55,456 INFO     ___FILE_ONLY___ public
2022-11-01 14:35:55,456 INFO     ___FILE_ONLY___  
2022-11-01 14:35:55,456 INFO     ___FILE_ONLY___ preview.
2022-11-01 14:35:55,456 INFO     ___FILE_ONLY___ 

2022-11-01 14:35:55,456 INFO     ___FILE_ONLY___ 

2022-11-01 14:35:55,456 INFO     ___FILE_ONLY___ 
2022-11-01 14:35:55,456 INFO     ___FILE_ONLY___   
2022-11-01 14:35:55,456 INFO     ___FILE_ONLY___ Cloud Composer

2022-11-01 14:35:55,456 INFO     ___FILE_ONLY___       ▪
2022-11-01 14:35:55,457 INFO     ___FILE_ONLY___  
2022-11-01 14:35:55,457 INFO     ___FILE_ONLY___ Added
2022-11-01 14:35:55,457 INFO     ___FILE_ONLY___  
2022-11-01 14:35:55,457 INFO     ___FILE_ONLY___ --connection-type
2022-11-01 14:35:55,457 INFO     ___FILE_ONLY___  
2022-11-01 14:35:55,457 INFO     ___FILE_ONLY___ flag
2022-11-01 14:35:55,457 INFO     ___FILE_ONLY___  
2022-11-01 14:35:55,458 INFO     ___FILE_ONLY___ to
2022-11-01 14:35:55,458 INFO     ___FILE_ONLY___  
2022-11-01 14:35:55,458 INFO     ___FILE_ONLY___ gcloud
2022-11-01 14:35:55,458 INFO     ___FILE_ONLY___  
2022-11-01 14:35:55,458 INFO     ___FILE_ONLY___ beta
2022-11-01 14:35:55,458 INFO     ___FILE_ONLY___  
2022-11-01 14:35:55,458 INFO     ___FILE_ONLY___ composer
2022-11-01 14:35:55,458 INFO     ___FILE_ONLY___  
2022-11-01 14:35:55,458 INFO     ___FILE_ONLY___ environments
2022-11-01 14:35:55,459 INFO     ___FILE_ONLY___ 

2022-11-01 14:35:55,459 INFO     ___FILE_ONLY___         
2022-11-01 14:35:55,459 INFO     ___FILE_ONLY___ create
2022-11-01 14:35:55,459 INFO     ___FILE_ONLY___  
2022-11-01 14:35:55,459 INFO     ___FILE_ONLY___ and
2022-11-01 14:35:55,459 INFO     ___FILE_ONLY___  
2022-11-01 14:35:55,459 INFO     ___FILE_ONLY___ gcloud
2022-11-01 14:35:55,459 INFO     ___FILE_ONLY___  
2022-11-01 14:35:55,459 INFO     ___FILE_ONLY___ composer
2022-11-01 14:35:55,459 INFO     ___FILE_ONLY___  
2022-11-01 14:35:55,460 INFO     ___FILE_ONLY___ environments
2022-11-01 14:35:55,460 INFO     ___FILE_ONLY___  
2022-11-01 14:35:55,460 INFO     ___FILE_ONLY___ create
2022-11-01 14:35:55,460 INFO     ___FILE_ONLY___  
2022-11-01 14:35:55,460 INFO     ___FILE_ONLY___ command
2022-11-01 14:35:55,460 INFO     ___FILE_ONLY___  
2022-11-01 14:35:55,460 INFO     ___FILE_ONLY___ to
2022-11-01 14:35:55,460 INFO     ___FILE_ONLY___  
2022-11-01 14:35:55,460 INFO     ___FILE_ONLY___ allow
2022-11-01 14:35:55,461 INFO     ___FILE_ONLY___  
2022-11-01 14:35:55,461 INFO     ___FILE_ONLY___ forcing
2022-11-01 14:35:55,461 INFO     ___FILE_ONLY___ 

2022-11-01 14:35:55,461 INFO     ___FILE_ONLY___         
2022-11-01 14:35:55,461 INFO     ___FILE_ONLY___ the
2022-11-01 14:35:55,461 INFO     ___FILE_ONLY___  
2022-11-01 14:35:55,464 INFO     ___FILE_ONLY___ use
2022-11-01 14:35:55,464 INFO     ___FILE_ONLY___  
2022-11-01 14:35:55,464 INFO     ___FILE_ONLY___ of
2022-11-01 14:35:55,464 INFO     ___FILE_ONLY___  
2022-11-01 14:35:55,464 INFO     ___FILE_ONLY___ VPC
2022-11-01 14:35:55,464 INFO     ___FILE_ONLY___  
2022-11-01 14:35:55,464 INFO     ___FILE_ONLY___ peerings
2022-11-01 14:35:55,464 INFO     ___FILE_ONLY___  
2022-11-01 14:35:55,464 INFO     ___FILE_ONLY___ for
2022-11-01 14:35:55,465 INFO     ___FILE_ONLY___  
2022-11-01 14:35:55,465 INFO     ___FILE_ONLY___ internal
2022-11-01 14:35:55,465 INFO     ___FILE_ONLY___  
2022-11-01 14:35:55,465 INFO     ___FILE_ONLY___ communication.
2022-11-01 14:35:55,465 INFO     ___FILE_ONLY___ 

2022-11-01 14:35:55,465 INFO     ___FILE_ONLY___ 

2022-11-01 14:35:55,465 INFO     ___FILE_ONLY___ 
2022-11-01 14:35:55,465 INFO     ___FILE_ONLY___   
2022-11-01 14:35:55,466 INFO     ___FILE_ONLY___ Cloud Deploy

2022-11-01 14:35:55,466 INFO     ___FILE_ONLY___       ▪
2022-11-01 14:35:55,466 INFO     ___FILE_ONLY___  
2022-11-01 14:35:55,466 INFO     ___FILE_ONLY___ Added
2022-11-01 14:35:55,466 INFO     ___FILE_ONLY___  
2022-11-01 14:35:55,466 INFO     ___FILE_ONLY___ initial-rollout-labels
2022-11-01 14:35:55,466 INFO     ___FILE_ONLY___  
2022-11-01 14:35:55,466 INFO     ___FILE_ONLY___ and
2022-11-01 14:35:55,467 INFO     ___FILE_ONLY___  
2022-11-01 14:35:55,467 INFO     ___FILE_ONLY___ initial-rollout-annotations
2022-11-01 14:35:55,467 INFO     ___FILE_ONLY___  
2022-11-01 14:35:55,467 INFO     ___FILE_ONLY___ flags
2022-11-01 14:35:55,467 INFO     ___FILE_ONLY___  
2022-11-01 14:35:55,467 INFO     ___FILE_ONLY___ to
2022-11-01 14:35:55,467 INFO     ___FILE_ONLY___ 

2022-11-01 14:35:55,467 INFO     ___FILE_ONLY___         
2022-11-01 14:35:55,467 INFO     ___FILE_ONLY___ gcloud
2022-11-01 14:35:55,467 INFO     ___FILE_ONLY___  
2022-11-01 14:35:55,467 INFO     ___FILE_ONLY___ deploy
2022-11-01 14:35:55,467 INFO     ___FILE_ONLY___  
2022-11-01 14:35:55,467 INFO     ___FILE_ONLY___ releases
2022-11-01 14:35:55,467 INFO     ___FILE_ONLY___  
2022-11-01 14:35:55,467 INFO     ___FILE_ONLY___ create
2022-11-01 14:35:55,468 INFO     ___FILE_ONLY___  
2022-11-01 14:35:55,468 INFO     ___FILE_ONLY___ command.
2022-11-01 14:35:55,468 INFO     ___FILE_ONLY___ 

2022-11-01 14:35:55,468 INFO     ___FILE_ONLY___ 

2022-11-01 14:35:55,468 INFO     ___FILE_ONLY___ 
2022-11-01 14:35:55,468 INFO     ___FILE_ONLY___   
2022-11-01 14:35:55,468 INFO     ___FILE_ONLY___ Cloud SQL

2022-11-01 14:35:55,468 INFO     ___FILE_ONLY___       ▪
2022-11-01 14:35:55,468 INFO     ___FILE_ONLY___  
2022-11-01 14:35:55,469 INFO     ___FILE_ONLY___ Promoted
2022-11-01 14:35:55,469 INFO     ___FILE_ONLY___  
2022-11-01 14:35:55,469 INFO     ___FILE_ONLY___ --connector_enforcement
2022-11-01 14:35:55,469 INFO     ___FILE_ONLY___  
2022-11-01 14:35:55,469 INFO     ___FILE_ONLY___ flag
2022-11-01 14:35:55,469 INFO     ___FILE_ONLY___  
2022-11-01 14:35:55,469 INFO     ___FILE_ONLY___ for
2022-11-01 14:35:55,469 INFO     ___FILE_ONLY___  
2022-11-01 14:35:55,469 INFO     ___FILE_ONLY___ gcloud
2022-11-01 14:35:55,469 INFO     ___FILE_ONLY___  
2022-11-01 14:35:55,469 INFO     ___FILE_ONLY___ sql
2022-11-01 14:35:55,469 INFO     ___FILE_ONLY___  
2022-11-01 14:35:55,469 INFO     ___FILE_ONLY___ instances
2022-11-01 14:35:55,469 INFO     ___FILE_ONLY___  
2022-11-01 14:35:55,470 INFO     ___FILE_ONLY___ create
2022-11-01 14:35:55,470 INFO     ___FILE_ONLY___ 

2022-11-01 14:35:55,470 INFO     ___FILE_ONLY___         
2022-11-01 14:35:55,470 INFO     ___FILE_ONLY___ and
2022-11-01 14:35:55,470 INFO     ___FILE_ONLY___  
2022-11-01 14:35:55,470 INFO     ___FILE_ONLY___ gcloud
2022-11-01 14:35:55,470 INFO     ___FILE_ONLY___  
2022-11-01 14:35:55,470 INFO     ___FILE_ONLY___ sql
2022-11-01 14:35:55,470 INFO     ___FILE_ONLY___  
2022-11-01 14:35:55,470 INFO     ___FILE_ONLY___ instances
2022-11-01 14:35:55,470 INFO     ___FILE_ONLY___  
2022-11-01 14:35:55,470 INFO     ___FILE_ONLY___ patch
2022-11-01 14:35:55,470 INFO     ___FILE_ONLY___  
2022-11-01 14:35:55,470 INFO     ___FILE_ONLY___ to
2022-11-01 14:35:55,470 INFO     ___FILE_ONLY___  
2022-11-01 14:35:55,470 INFO     ___FILE_ONLY___ GA.
2022-11-01 14:35:55,471 INFO     ___FILE_ONLY___ 

2022-11-01 14:35:55,471 INFO     ___FILE_ONLY___ 

2022-11-01 14:35:55,471 INFO     ___FILE_ONLY___ 
2022-11-01 14:35:55,471 INFO     ___FILE_ONLY___   
2022-11-01 14:35:55,471 INFO     ___FILE_ONLY___ Cloud Storage

2022-11-01 14:35:55,471 INFO     ___FILE_ONLY___       ▪
2022-11-01 14:35:55,471 INFO     ___FILE_ONLY___  
2022-11-01 14:35:55,471 INFO     ___FILE_ONLY___ Updated
2022-11-01 14:35:55,472 INFO     ___FILE_ONLY___  
2022-11-01 14:35:55,472 INFO     ___FILE_ONLY___ gsutil
2022-11-01 14:35:55,472 INFO     ___FILE_ONLY___  
2022-11-01 14:35:55,472 INFO     ___FILE_ONLY___ component
2022-11-01 14:35:55,472 INFO     ___FILE_ONLY___  
2022-11-01 14:35:55,472 INFO     ___FILE_ONLY___ to
2022-11-01 14:35:55,472 INFO     ___FILE_ONLY___  
2022-11-01 14:35:55,472 INFO     ___FILE_ONLY___ 5.16.
2022-11-01 14:35:55,473 INFO     ___FILE_ONLY___ 

2022-11-01 14:35:55,473 INFO     ___FILE_ONLY___ 

2022-11-01 14:35:55,473 INFO     ___FILE_ONLY___ 
2022-11-01 14:35:55,473 INFO     ___FILE_ONLY___   
2022-11-01 14:35:55,473 INFO     ___FILE_ONLY___ Compute Engine

2022-11-01 14:35:55,473 INFO     ___FILE_ONLY___       ▪
2022-11-01 14:35:55,473 INFO     ___FILE_ONLY___  
2022-11-01 14:35:55,473 INFO     ___FILE_ONLY___ Promoted
2022-11-01 14:35:55,474 INFO     ___FILE_ONLY___  
2022-11-01 14:35:55,474 INFO     ___FILE_ONLY___ --discard-local-ssd
2022-11-01 14:35:55,474 INFO     ___FILE_ONLY___  
2022-11-01 14:35:55,474 INFO     ___FILE_ONLY___ flag
2022-11-01 14:35:55,474 INFO     ___FILE_ONLY___  
2022-11-01 14:35:55,474 INFO     ___FILE_ONLY___ of
2022-11-01 14:35:55,474 INFO     ___FILE_ONLY___  
2022-11-01 14:35:55,474 INFO     ___FILE_ONLY___ gcloud
2022-11-01 14:35:55,474 INFO     ___FILE_ONLY___  
2022-11-01 14:35:55,475 INFO     ___FILE_ONLY___ compute
2022-11-01 14:35:55,475 INFO     ___FILE_ONLY___  
2022-11-01 14:35:55,475 INFO     ___FILE_ONLY___ instances
2022-11-01 14:35:55,475 INFO     ___FILE_ONLY___  
2022-11-01 14:35:55,475 INFO     ___FILE_ONLY___ stop
2022-11-01 14:35:55,475 INFO     ___FILE_ONLY___  
2022-11-01 14:35:55,475 INFO     ___FILE_ONLY___ to
2022-11-01 14:35:55,475 INFO     ___FILE_ONLY___ 

2022-11-01 14:35:55,475 INFO     ___FILE_ONLY___         
2022-11-01 14:35:55,475 INFO     ___FILE_ONLY___ beta.
2022-11-01 14:35:55,476 INFO     ___FILE_ONLY___ 

2022-11-01 14:35:55,476 INFO     ___FILE_ONLY___       ▪
2022-11-01 14:35:55,476 INFO     ___FILE_ONLY___  
2022-11-01 14:35:55,476 INFO     ___FILE_ONLY___ Promoted
2022-11-01 14:35:55,476 INFO     ___FILE_ONLY___  
2022-11-01 14:35:55,476 INFO     ___FILE_ONLY___ --force-update-on-repair
2022-11-01 14:35:55,476 INFO     ___FILE_ONLY___  
2022-11-01 14:35:55,476 INFO     ___FILE_ONLY___ flag
2022-11-01 14:35:55,477 INFO     ___FILE_ONLY___  
2022-11-01 14:35:55,477 INFO     ___FILE_ONLY___ of
2022-11-01 14:35:55,477 INFO     ___FILE_ONLY___  
2022-11-01 14:35:55,477 INFO     ___FILE_ONLY___ gcloud
2022-11-01 14:35:55,477 INFO     ___FILE_ONLY___  
2022-11-01 14:35:55,477 INFO     ___FILE_ONLY___ compute
2022-11-01 14:35:55,477 INFO     ___FILE_ONLY___ 

2022-11-01 14:35:55,477 INFO     ___FILE_ONLY___         
2022-11-01 14:35:55,477 INFO     ___FILE_ONLY___ instance-groups
2022-11-01 14:35:55,478 INFO     ___FILE_ONLY___  
2022-11-01 14:35:55,478 INFO     ___FILE_ONLY___ managed
2022-11-01 14:35:55,478 INFO     ___FILE_ONLY___  
2022-11-01 14:35:55,478 INFO     ___FILE_ONLY___ <create
2022-11-01 14:35:55,478 INFO     ___FILE_ONLY___  
2022-11-01 14:35:55,478 INFO     ___FILE_ONLY___ |
2022-11-01 14:35:55,478 INFO     ___FILE_ONLY___  
2022-11-01 14:35:55,478 INFO     ___FILE_ONLY___ update>
2022-11-01 14:35:55,479 INFO     ___FILE_ONLY___  
2022-11-01 14:35:55,479 INFO     ___FILE_ONLY___ to
2022-11-01 14:35:55,479 INFO     ___FILE_ONLY___  
2022-11-01 14:35:55,479 INFO     ___FILE_ONLY___ beta.
2022-11-01 14:35:55,479 INFO     ___FILE_ONLY___ 

2022-11-01 14:35:55,479 INFO     ___FILE_ONLY___       ▪
2022-11-01 14:35:55,480 INFO     ___FILE_ONLY___  
2022-11-01 14:35:55,480 INFO     ___FILE_ONLY___ Fixed
2022-11-01 14:35:55,480 INFO     ___FILE_ONLY___  
2022-11-01 14:35:55,480 INFO     ___FILE_ONLY___ missing
2022-11-01 14:35:55,480 INFO     ___FILE_ONLY___  
2022-11-01 14:35:55,480 INFO     ___FILE_ONLY___ ephemeral
2022-11-01 14:35:55,480 INFO     ___FILE_ONLY___  
2022-11-01 14:35:55,480 INFO     ___FILE_ONLY___ IP
2022-11-01 14:35:55,481 INFO     ___FILE_ONLY___  
2022-11-01 14:35:55,481 INFO     ___FILE_ONLY___ when
2022-11-01 14:35:55,481 INFO     ___FILE_ONLY___  
2022-11-01 14:35:55,481 INFO     ___FILE_ONLY___ neither
2022-11-01 14:35:55,481 INFO     ___FILE_ONLY___  
2022-11-01 14:35:55,481 INFO     ___FILE_ONLY___ --address
2022-11-01 14:35:55,481 INFO     ___FILE_ONLY___  
2022-11-01 14:35:55,482 INFO     ___FILE_ONLY___ nor
2022-11-01 14:35:55,482 INFO     ___FILE_ONLY___  
2022-11-01 14:35:55,482 INFO     ___FILE_ONLY___ --no-address
2022-11-01 14:35:55,482 INFO     ___FILE_ONLY___ 

2022-11-01 14:35:55,482 INFO     ___FILE_ONLY___         
2022-11-01 14:35:55,482 INFO     ___FILE_ONLY___ keys
2022-11-01 14:35:55,482 INFO     ___FILE_ONLY___  
2022-11-01 14:35:55,482 INFO     ___FILE_ONLY___ are
2022-11-01 14:35:55,482 INFO     ___FILE_ONLY___  
2022-11-01 14:35:55,483 INFO     ___FILE_ONLY___ provided
2022-11-01 14:35:55,483 INFO     ___FILE_ONLY___  
2022-11-01 14:35:55,483 INFO     ___FILE_ONLY___ with
2022-11-01 14:35:55,483 INFO     ___FILE_ONLY___  
2022-11-01 14:35:55,483 INFO     ___FILE_ONLY___ --network-interface
2022-11-01 14:35:55,483 INFO     ___FILE_ONLY___  
2022-11-01 14:35:55,483 INFO     ___FILE_ONLY___ flag
2022-11-01 14:35:55,483 INFO     ___FILE_ONLY___  
2022-11-01 14:35:55,483 INFO     ___FILE_ONLY___ during
2022-11-01 14:35:55,483 INFO     ___FILE_ONLY___  
2022-11-01 14:35:55,483 INFO     ___FILE_ONLY___ instance
2022-11-01 14:35:55,483 INFO     ___FILE_ONLY___ 

2022-11-01 14:35:55,484 INFO     ___FILE_ONLY___         
2022-11-01 14:35:55,484 INFO     ___FILE_ONLY___ template
2022-11-01 14:35:55,484 INFO     ___FILE_ONLY___  
2022-11-01 14:35:55,484 INFO     ___FILE_ONLY___ creation.
2022-11-01 14:35:55,484 INFO     ___FILE_ONLY___ 

2022-11-01 14:35:55,484 INFO     ___FILE_ONLY___ 

2022-11-01 14:35:55,484 INFO     ___FILE_ONLY___ 
2022-11-01 14:35:55,484 INFO     ___FILE_ONLY___   
2022-11-01 14:35:55,484 INFO     ___FILE_ONLY___ GKE Hub

2022-11-01 14:35:55,484 INFO     ___FILE_ONLY___       ▪
2022-11-01 14:35:55,485 INFO     ___FILE_ONLY___  
2022-11-01 14:35:55,485 INFO     ___FILE_ONLY___ Changed
2022-11-01 14:35:55,485 INFO     ___FILE_ONLY___  
2022-11-01 14:35:55,485 INFO     ___FILE_ONLY___ membership-related
2022-11-01 14:35:55,485 INFO     ___FILE_ONLY___  
2022-11-01 14:35:55,485 INFO     ___FILE_ONLY___ flags
2022-11-01 14:35:55,485 INFO     ___FILE_ONLY___  
2022-11-01 14:35:55,485 INFO     ___FILE_ONLY___ in
2022-11-01 14:35:55,485 INFO     ___FILE_ONLY___  
2022-11-01 14:35:55,485 INFO     ___FILE_ONLY___ gcloud
2022-11-01 14:35:55,485 INFO     ___FILE_ONLY___  
2022-11-01 14:35:55,485 INFO     ___FILE_ONLY___ container
2022-11-01 14:35:55,485 INFO     ___FILE_ONLY___  
2022-11-01 14:35:55,486 INFO     ___FILE_ONLY___ fleet
2022-11-01 14:35:55,486 INFO     ___FILE_ONLY___  
2022-11-01 14:35:55,486 INFO     ___FILE_ONLY___ and
2022-11-01 14:35:55,486 INFO     ___FILE_ONLY___  
2022-11-01 14:35:55,486 INFO     ___FILE_ONLY___ gcloud
2022-11-01 14:35:55,486 INFO     ___FILE_ONLY___ 

2022-11-01 14:35:55,486 INFO     ___FILE_ONLY___         
2022-11-01 14:35:55,486 INFO     ___FILE_ONLY___ container
2022-11-01 14:35:55,486 INFO     ___FILE_ONLY___  
2022-11-01 14:35:55,486 INFO     ___FILE_ONLY___ hub
2022-11-01 14:35:55,487 INFO     ___FILE_ONLY___  
2022-11-01 14:35:55,487 INFO     ___FILE_ONLY___ command
2022-11-01 14:35:55,487 INFO     ___FILE_ONLY___  
2022-11-01 14:35:55,487 INFO     ___FILE_ONLY___ groups
2022-11-01 14:35:55,487 INFO     ___FILE_ONLY___  
2022-11-01 14:35:55,487 INFO     ___FILE_ONLY___ to
2022-11-01 14:35:55,487 INFO     ___FILE_ONLY___  
2022-11-01 14:35:55,487 INFO     ___FILE_ONLY___ resource
2022-11-01 14:35:55,487 INFO     ___FILE_ONLY___  
2022-11-01 14:35:55,488 INFO     ___FILE_ONLY___ arguments,
2022-11-01 14:35:55,488 INFO     ___FILE_ONLY___  
2022-11-01 14:35:55,488 INFO     ___FILE_ONLY___ adding
2022-11-01 14:35:55,488 INFO     ___FILE_ONLY___  
2022-11-01 14:35:55,488 INFO     ___FILE_ONLY___ --location
2022-11-01 14:35:55,488 INFO     ___FILE_ONLY___ 

2022-11-01 14:35:55,488 INFO     ___FILE_ONLY___         
2022-11-01 14:35:55,488 INFO     ___FILE_ONLY___ flag
2022-11-01 14:35:55,489 INFO     ___FILE_ONLY___  
2022-11-01 14:35:55,489 INFO     ___FILE_ONLY___ and
2022-11-01 14:35:55,489 INFO     ___FILE_ONLY___  
2022-11-01 14:35:55,489 INFO     ___FILE_ONLY___ LOCATION
2022-11-01 14:35:55,489 INFO     ___FILE_ONLY___  
2022-11-01 14:35:55,489 INFO     ___FILE_ONLY___ column
2022-11-01 14:35:55,489 INFO     ___FILE_ONLY___  
2022-11-01 14:35:55,489 INFO     ___FILE_ONLY___ in
2022-11-01 14:35:55,490 INFO     ___FILE_ONLY___  
2022-11-01 14:35:55,490 INFO     ___FILE_ONLY___ list
2022-11-01 14:35:55,490 INFO     ___FILE_ONLY___  
2022-11-01 14:35:55,490 INFO     ___FILE_ONLY___ commands.
2022-11-01 14:35:55,490 INFO     ___FILE_ONLY___ 

2022-11-01 14:35:55,490 INFO     ___FILE_ONLY___ 

2022-11-01 14:35:55,490 INFO     ___FILE_ONLY___ 
2022-11-01 14:35:55,490 INFO     ___FILE_ONLY___   
2022-11-01 14:35:55,491 INFO     ___FILE_ONLY___ Kubernetes Engine

2022-11-01 14:35:55,491 INFO     ___FILE_ONLY___       ▪
2022-11-01 14:35:55,491 INFO     ___FILE_ONLY___  
2022-11-01 14:35:55,491 INFO     ___FILE_ONLY___ Promoted
2022-11-01 14:35:55,491 INFO     ___FILE_ONLY___  
2022-11-01 14:35:55,491 INFO     ___FILE_ONLY___ --enable-managed-prometheus
2022-11-01 14:35:55,491 INFO     ___FILE_ONLY___  
2022-11-01 14:35:55,492 INFO     ___FILE_ONLY___ flag
2022-11-01 14:35:55,492 INFO     ___FILE_ONLY___  
2022-11-01 14:35:55,492 INFO     ___FILE_ONLY___ of
2022-11-01 14:35:55,492 INFO     ___FILE_ONLY___  
2022-11-01 14:35:55,492 INFO     ___FILE_ONLY___ gcloud
2022-11-01 14:35:55,492 INFO     ___FILE_ONLY___  
2022-11-01 14:35:55,492 INFO     ___FILE_ONLY___ container
2022-11-01 14:35:55,493 INFO     ___FILE_ONLY___ 

2022-11-01 14:35:55,493 INFO     ___FILE_ONLY___         
2022-11-01 14:35:55,493 INFO     ___FILE_ONLY___ clusters
2022-11-01 14:35:55,493 INFO     ___FILE_ONLY___  
2022-11-01 14:35:55,493 INFO     ___FILE_ONLY___ create/update
2022-11-01 14:35:55,493 INFO     ___FILE_ONLY___  
2022-11-01 14:35:55,493 INFO     ___FILE_ONLY___ to
2022-11-01 14:35:55,493 INFO     ___FILE_ONLY___  
2022-11-01 14:35:55,494 INFO     ___FILE_ONLY___ GA.
2022-11-01 14:35:55,494 INFO     ___FILE_ONLY___ 

2022-11-01 14:35:55,494 INFO     ___FILE_ONLY___       ▪
2022-11-01 14:35:55,494 INFO     ___FILE_ONLY___  
2022-11-01 14:35:55,494 INFO     ___FILE_ONLY___ Promoted
2022-11-01 14:35:55,494 INFO     ___FILE_ONLY___  
2022-11-01 14:35:55,494 INFO     ___FILE_ONLY___ --disable-managed-prometheus
2022-11-01 14:35:55,495 INFO     ___FILE_ONLY___  
2022-11-01 14:35:55,495 INFO     ___FILE_ONLY___ flag
2022-11-01 14:35:55,495 INFO     ___FILE_ONLY___  
2022-11-01 14:35:55,495 INFO     ___FILE_ONLY___ of
2022-11-01 14:35:55,495 INFO     ___FILE_ONLY___  
2022-11-01 14:35:55,495 INFO     ___FILE_ONLY___ gcloud
2022-11-01 14:35:55,495 INFO     ___FILE_ONLY___  
2022-11-01 14:35:55,495 INFO     ___FILE_ONLY___ container
2022-11-01 14:35:55,495 INFO     ___FILE_ONLY___ 

2022-11-01 14:35:55,495 INFO     ___FILE_ONLY___         
2022-11-01 14:35:55,496 INFO     ___FILE_ONLY___ clusters
2022-11-01 14:35:55,496 INFO     ___FILE_ONLY___  
2022-11-01 14:35:55,496 INFO     ___FILE_ONLY___ update
2022-11-01 14:35:55,496 INFO     ___FILE_ONLY___  
2022-11-01 14:35:55,496 INFO     ___FILE_ONLY___ to
2022-11-01 14:35:55,496 INFO     ___FILE_ONLY___  
2022-11-01 14:35:55,496 INFO     ___FILE_ONLY___ GA.
2022-11-01 14:35:55,496 INFO     ___FILE_ONLY___ 

2022-11-01 14:35:55,496 INFO     ___FILE_ONLY___ 

2022-11-01 14:35:55,497 INFO     ___FILE_ONLY___    
2022-11-01 14:35:55,497 INFO     ___FILE_ONLY___  
2022-11-01 14:35:55,497 INFO     ___FILE_ONLY___ Subscribe
2022-11-01 14:35:55,497 INFO     ___FILE_ONLY___  
2022-11-01 14:35:55,497 INFO     ___FILE_ONLY___ to
2022-11-01 14:35:55,497 INFO     ___FILE_ONLY___  
2022-11-01 14:35:55,498 INFO     ___FILE_ONLY___ these
2022-11-01 14:35:55,498 INFO     ___FILE_ONLY___  
2022-11-01 14:35:55,498 INFO     ___FILE_ONLY___ release
2022-11-01 14:35:55,498 INFO     ___FILE_ONLY___  
2022-11-01 14:35:55,498 INFO     ___FILE_ONLY___ notes
2022-11-01 14:35:55,498 INFO     ___FILE_ONLY___  
2022-11-01 14:35:55,498 INFO     ___FILE_ONLY___ at
2022-11-01 14:35:55,498 INFO     ___FILE_ONLY___ 

2022-11-01 14:35:55,499 INFO     ___FILE_ONLY___     
2022-11-01 14:35:55,499 INFO     ___FILE_ONLY___ https://groups.google.com/forum/#!forum/google-cloud-sdk-announce
2022-11-01 14:35:55,499 INFO     ___FILE_ONLY___ 

2022-11-01 14:35:55,499 INFO     ___FILE_ONLY___     
2022-11-01 14:35:55,499 INFO     ___FILE_ONLY___ (https://groups.google.com/forum/#!forum/google-cloud-sdk-announce).
2022-11-01 14:35:55,499 INFO     ___FILE_ONLY___ 

2022-11-01 14:35:55,499 INFO     ___FILE_ONLY___ 
2022-11-01 14:35:55,499 INFO     ___FILE_ONLY___ 

2022-11-01 14:35:55,507 INFO     ___FILE_ONLY___ ╔════════════════════════════════════════════════════════════╗

2022-11-01 14:35:55,507 INFO     ___FILE_ONLY___ ╠═ Creating update staging area                             ═╣

2022-11-01 14:35:55,508 INFO     ___FILE_ONLY___ ╚
2022-11-01 14:35:55,508 INFO     ___FILE_ONLY___ ══════
2022-11-01 14:36:06,978 INFO     ___FILE_ONLY___ ══════
2022-11-01 14:36:06,978 INFO     ___FILE_ONLY___ ══════
2022-11-01 14:36:09,097 INFO     ___FILE_ONLY___ ═
2022-11-01 14:36:09,607 INFO     ___FILE_ONLY___ ═
2022-11-01 14:36:10,136 INFO     ___FILE_ONLY___ ═
2022-11-01 14:36:10,901 INFO     ___FILE_ONLY___ ═
2022-11-01 14:36:11,660 INFO     ___FILE_ONLY___ ═
2022-11-01 14:36:12,144 INFO     ___FILE_ONLY___ ═
2022-11-01 14:36:12,685 INFO     ___FILE_ONLY___ ═
2022-11-01 14:36:13,400 INFO     ___FILE_ONLY___ ═
2022-11-01 14:36:14,243 INFO     ___FILE_ONLY___ ═
2022-11-01 14:36:15,018 INFO     ___FILE_ONLY___ ═
2022-11-01 14:36:15,611 INFO     ___FILE_ONLY___ ═
2022-11-01 14:36:16,125 INFO     ___FILE_ONLY___ ═
2022-11-01 14:36:16,877 INFO     ___FILE_ONLY___ ═
2022-11-01 14:36:17,446 INFO     ___FILE_ONLY___ ═
2022-11-01 14:36:17,850 INFO     ___FILE_ONLY___ ═
2022-11-01 14:36:18,600 INFO     ___FILE_ONLY___ ═
2022-11-01 14:36:19,319 INFO     ___FILE_ONLY___ ═
2022-11-01 14:36:19,756 INFO     ___FILE_ONLY___ ═
2022-11-01 14:36:20,338 INFO     ___FILE_ONLY___ ═
2022-11-01 14:36:20,711 INFO     ___FILE_ONLY___ ═
2022-11-01 14:36:21,056 INFO     ___FILE_ONLY___ ═
2022-11-01 14:36:21,370 INFO     ___FILE_ONLY___ ═
2022-11-01 14:36:21,605 INFO     ___FILE_ONLY___ ═
2022-11-01 14:36:22,017 INFO     ___FILE_ONLY___ ═
2022-11-01 14:36:22,407 INFO     ___FILE_ONLY___ ═
2022-11-01 14:36:22,755 INFO     ___FILE_ONLY___ ═
2022-11-01 14:36:23,164 INFO     ___FILE_ONLY___ ═
2022-11-01 14:36:23,548 INFO     ___FILE_ONLY___ ═
2022-11-01 14:36:23,975 INFO     ___FILE_ONLY___ ═
2022-11-01 14:36:24,327 INFO     ___FILE_ONLY___ ═
2022-11-01 14:36:24,778 INFO     ___FILE_ONLY___ ═
2022-11-01 14:36:25,261 INFO     ___FILE_ONLY___ ═
2022-11-01 14:36:25,577 INFO     ___FILE_ONLY___ ═
2022-11-01 14:36:25,884 INFO     ___FILE_ONLY___ ═
2022-11-01 14:36:26,180 INFO     ___FILE_ONLY___ ═
2022-11-01 14:36:26,488 INFO     ___FILE_ONLY___ ═
2022-11-01 14:36:26,811 INFO     ___FILE_ONLY___ ═
2022-11-01 14:36:27,063 INFO     ___FILE_ONLY___ ═
2022-11-01 14:36:27,453 INFO     ___FILE_ONLY___ ═
2022-11-01 14:36:27,722 INFO     ___FILE_ONLY___ ═
2022-11-01 14:36:28,018 INFO     ___FILE_ONLY___ ═
2022-11-01 14:36:28,351 INFO     ___FILE_ONLY___ ═
2022-11-01 14:36:28,351 INFO     ___FILE_ONLY___ ╝

2022-11-01 14:36:40,350 INFO     ___FILE_ONLY___ ╔════════════════════════════════════════════════════════════╗

2022-11-01 14:36:40,352 INFO     ___FILE_ONLY___ ╠═ Uninstalling: BigQuery Command Line Tool                 ═╣

2022-11-01 14:36:40,352 INFO     ___FILE_ONLY___ ╚
2022-11-01 14:36:40,363 INFO     ___FILE_ONLY___ ═
2022-11-01 14:36:40,364 INFO     ___FILE_ONLY___ ═
2022-11-01 14:36:40,365 INFO     ___FILE_ONLY___ ═
2022-11-01 14:36:40,366 INFO     ___FILE_ONLY___ ═
2022-11-01 14:36:40,368 INFO     ___FILE_ONLY___ ═
2022-11-01 14:36:40,370 INFO     ___FILE_ONLY___ ═
2022-11-01 14:36:40,371 INFO     ___FILE_ONLY___ ═
2022-11-01 14:36:40,372 INFO     ___FILE_ONLY___ ═
2022-11-01 14:36:40,373 INFO     ___FILE_ONLY___ ═
2022-11-01 14:36:40,374 INFO     ___FILE_ONLY___ ═
2022-11-01 14:36:40,376 INFO     ___FILE_ONLY___ ═
2022-11-01 14:36:40,377 INFO     ___FILE_ONLY___ ═
2022-11-01 14:36:40,378 INFO     ___FILE_ONLY___ ═
2022-11-01 14:36:40,379 INFO     ___FILE_ONLY___ ═
2022-11-01 14:36:40,380 INFO     ___FILE_ONLY___ ═
2022-11-01 14:36:40,381 INFO     ___FILE_ONLY___ ═
2022-11-01 14:36:40,382 INFO     ___FILE_ONLY___ ═
2022-11-01 14:36:40,384 INFO     ___FILE_ONLY___ ═
2022-11-01 14:36:40,386 INFO     ___FILE_ONLY___ ═
2022-11-01 14:36:40,387 INFO     ___FILE_ONLY___ ═
2022-11-01 14:36:40,389 INFO     ___FILE_ONLY___ ═
2022-11-01 14:36:40,390 INFO     ___FILE_ONLY___ ═
2022-11-01 14:36:40,393 INFO     ___FILE_ONLY___ ═
2022-11-01 14:36:40,395 INFO     ___FILE_ONLY___ ═
2022-11-01 14:36:40,397 INFO     ___FILE_ONLY___ ═
2022-11-01 14:36:40,399 INFO     ___FILE_ONLY___ ═
2022-11-01 14:36:40,401 INFO     ___FILE_ONLY___ ═
2022-11-01 14:36:40,402 INFO     ___FILE_ONLY___ ═
2022-11-01 14:36:40,403 INFO     ___FILE_ONLY___ ═
2022-11-01 14:36:40,405 INFO     ___FILE_ONLY___ ═
2022-11-01 14:36:40,406 INFO     ___FILE_ONLY___ ═
2022-11-01 14:36:40,408 INFO     ___FILE_ONLY___ ═
2022-11-01 14:36:40,409 INFO     ___FILE_ONLY___ ═
2022-11-01 14:36:40,410 INFO     ___FILE_ONLY___ ═
2022-11-01 14:36:40,410 INFO     ___FILE_ONLY___ ═
2022-11-01 14:36:40,411 INFO     ___FILE_ONLY___ ═
2022-11-01 14:36:40,412 INFO     ___FILE_ONLY___ ═
2022-11-01 14:36:40,414 INFO     ___FILE_ONLY___ ═
2022-11-01 14:36:40,416 INFO     ___FILE_ONLY___ ═
2022-11-01 14:36:40,417 INFO     ___FILE_ONLY___ ═
2022-11-01 14:36:40,418 INFO     ___FILE_ONLY___ ═
2022-11-01 14:36:40,419 INFO     ___FILE_ONLY___ ═
2022-11-01 14:36:40,421 INFO     ___FILE_ONLY___ ═
2022-11-01 14:36:40,421 INFO     ___FILE_ONLY___ ═
2022-11-01 14:36:40,422 INFO     ___FILE_ONLY___ ═
2022-11-01 14:36:40,424 INFO     ___FILE_ONLY___ ═
2022-11-01 14:36:40,425 INFO     ___FILE_ONLY___ ═
2022-11-01 14:36:40,426 INFO     ___FILE_ONLY___ ═
2022-11-01 14:36:40,427 INFO     ___FILE_ONLY___ ═
2022-11-01 14:36:40,429 INFO     ___FILE_ONLY___ ═
2022-11-01 14:36:40,430 INFO     ___FILE_ONLY___ ═
2022-11-01 14:36:40,432 INFO     ___FILE_ONLY___ ═
2022-11-01 14:36:40,433 INFO     ___FILE_ONLY___ ═
2022-11-01 14:36:40,436 INFO     ___FILE_ONLY___ ═
2022-11-01 14:36:40,438 INFO     ___FILE_ONLY___ ═
2022-11-01 14:36:40,440 INFO     ___FILE_ONLY___ ═
2022-11-01 14:36:40,442 INFO     ___FILE_ONLY___ ═
2022-11-01 14:36:40,445 INFO     ___FILE_ONLY___ ═
2022-11-01 14:36:40,446 INFO     ___FILE_ONLY___ ═
2022-11-01 14:36:40,449 INFO     ___FILE_ONLY___ ═
2022-11-01 14:36:40,450 INFO     ___FILE_ONLY___ ╝

2022-11-01 14:36:40,532 INFO     ___FILE_ONLY___ ╔════════════════════════════════════════════════════════════╗

2022-11-01 14:36:40,533 INFO     ___FILE_ONLY___ ╠═ Uninstalling: Cloud Storage Command Line Tool            ═╣

2022-11-01 14:36:40,533 INFO     ___FILE_ONLY___ ╚
2022-11-01 14:36:40,557 INFO     ___FILE_ONLY___ ═
2022-11-01 14:36:40,570 INFO     ___FILE_ONLY___ ═
2022-11-01 14:36:40,583 INFO     ___FILE_ONLY___ ═
2022-11-01 14:36:40,609 INFO     ___FILE_ONLY___ ═
2022-11-01 14:36:40,622 INFO     ___FILE_ONLY___ ═
2022-11-01 14:36:40,641 INFO     ___FILE_ONLY___ ═
2022-11-01 14:36:40,660 INFO     ___FILE_ONLY___ ═
2022-11-01 14:36:40,675 INFO     ___FILE_ONLY___ ═
2022-11-01 14:36:40,689 INFO     ___FILE_ONLY___ ═
2022-11-01 14:36:40,707 INFO     ___FILE_ONLY___ ═
2022-11-01 14:36:40,723 INFO     ___FILE_ONLY___ ═
2022-11-01 14:36:40,733 INFO     ___FILE_ONLY___ ═
2022-11-01 14:36:40,754 INFO     ___FILE_ONLY___ ═
2022-11-01 14:36:40,769 INFO     ___FILE_ONLY___ ═
2022-11-01 14:36:40,780 INFO     ___FILE_ONLY___ ═
2022-11-01 14:36:40,795 INFO     ___FILE_ONLY___ ═
2022-11-01 14:36:40,809 INFO     ___FILE_ONLY___ ═
2022-11-01 14:36:40,820 INFO     ___FILE_ONLY___ ═
2022-11-01 14:36:40,831 INFO     ___FILE_ONLY___ ═
2022-11-01 14:36:40,847 INFO     ___FILE_ONLY___ ═
2022-11-01 14:36:40,861 INFO     ___FILE_ONLY___ ═
2022-11-01 14:36:40,874 INFO     ___FILE_ONLY___ ═
2022-11-01 14:36:40,884 INFO     ___FILE_ONLY___ ═
2022-11-01 14:36:40,902 INFO     ___FILE_ONLY___ ═
2022-11-01 14:36:40,915 INFO     ___FILE_ONLY___ ═
2022-11-01 14:36:40,925 INFO     ___FILE_ONLY___ ═
2022-11-01 14:36:40,940 INFO     ___FILE_ONLY___ ═
2022-11-01 14:36:40,952 INFO     ___FILE_ONLY___ ═
2022-11-01 14:36:40,964 INFO     ___FILE_ONLY___ ═
2022-11-01 14:36:40,978 INFO     ___FILE_ONLY___ ═
2022-11-01 14:36:40,992 INFO     ___FILE_ONLY___ ═
2022-11-01 14:36:41,009 INFO     ___FILE_ONLY___ ═
2022-11-01 14:36:41,022 INFO     ___FILE_ONLY___ ═
2022-11-01 14:36:41,033 INFO     ___FILE_ONLY___ ═
2022-11-01 14:36:41,057 INFO     ___FILE_ONLY___ ═
2022-11-01 14:36:41,068 INFO     ___FILE_ONLY___ ═
2022-11-01 14:36:41,081 INFO     ___FILE_ONLY___ ═
2022-11-01 14:36:41,098 INFO     ___FILE_ONLY___ ═
2022-11-01 14:36:41,124 INFO     ___FILE_ONLY___ ═
2022-11-01 14:36:41,139 INFO     ___FILE_ONLY___ ═
2022-11-01 14:36:41,160 INFO     ___FILE_ONLY___ ═
2022-11-01 14:36:41,174 INFO     ___FILE_ONLY___ ═
2022-11-01 14:36:41,192 INFO     ___FILE_ONLY___ ═
2022-11-01 14:36:41,206 INFO     ___FILE_ONLY___ ═
2022-11-01 14:36:41,219 INFO     ___FILE_ONLY___ ═
2022-11-01 14:36:41,236 INFO     ___FILE_ONLY___ ═
2022-11-01 14:36:41,256 INFO     ___FILE_ONLY___ ═
2022-11-01 14:36:41,269 INFO     ___FILE_ONLY___ ═
2022-11-01 14:36:41,283 INFO     ___FILE_ONLY___ ═
2022-11-01 14:36:41,302 INFO     ___FILE_ONLY___ ═
2022-11-01 14:36:41,316 INFO     ___FILE_ONLY___ ═
2022-11-01 14:36:41,328 INFO     ___FILE_ONLY___ ═
2022-11-01 14:36:41,343 INFO     ___FILE_ONLY___ ═
2022-11-01 14:36:41,359 INFO     ___FILE_ONLY___ ═
2022-11-01 14:36:41,370 INFO     ___FILE_ONLY___ ═
2022-11-01 14:36:41,382 INFO     ___FILE_ONLY___ ═
2022-11-01 14:36:41,397 INFO     ___FILE_ONLY___ ═
2022-11-01 14:36:41,409 INFO     ___FILE_ONLY___ ═
2022-11-01 14:36:41,424 INFO     ___FILE_ONLY___ ═
2022-11-01 14:36:41,435 INFO     ___FILE_ONLY___ ═
2022-11-01 14:36:41,435 INFO     ___FILE_ONLY___ ╝

2022-11-01 14:36:42,064 INFO     ___FILE_ONLY___ ╔════════════════════════════════════════════════════════════╗

2022-11-01 14:36:42,065 INFO     ___FILE_ONLY___ ╠═ Uninstalling: Google Cloud CLI Core Libraries            ═╣

2022-11-01 14:36:42,065 INFO     ___FILE_ONLY___ ╚
2022-11-01 14:36:42,110 INFO     ___FILE_ONLY___ ═
2022-11-01 14:36:42,153 INFO     ___FILE_ONLY___ ═
2022-11-01 14:36:42,196 INFO     ___FILE_ONLY___ ═
2022-11-01 14:36:42,226 INFO     ___FILE_ONLY___ ═
2022-11-01 14:36:42,257 INFO     ___FILE_ONLY___ ═
2022-11-01 14:36:42,282 INFO     ___FILE_ONLY___ ═
2022-11-01 14:36:42,309 INFO     ___FILE_ONLY___ ═
2022-11-01 14:36:42,331 INFO     ___FILE_ONLY___ ═
2022-11-01 14:36:42,360 INFO     ___FILE_ONLY___ ═
2022-11-01 14:36:42,383 INFO     ___FILE_ONLY___ ═
2022-11-01 14:36:42,411 INFO     ___FILE_ONLY___ ═
2022-11-01 14:36:42,436 INFO     ___FILE_ONLY___ ═
2022-11-01 14:36:42,463 INFO     ___FILE_ONLY___ ═
2022-11-01 14:36:42,490 INFO     ___FILE_ONLY___ ═
2022-11-01 14:36:42,515 INFO     ___FILE_ONLY___ ═
2022-11-01 14:36:42,545 INFO     ___FILE_ONLY___ ═
2022-11-01 14:36:42,603 INFO     ___FILE_ONLY___ ═
2022-11-01 14:36:42,629 INFO     ___FILE_ONLY___ ═
2022-11-01 14:36:42,658 INFO     ___FILE_ONLY___ ═
2022-11-01 14:36:42,685 INFO     ___FILE_ONLY___ ═
2022-11-01 14:36:42,714 INFO     ___FILE_ONLY___ ═
2022-11-01 14:36:42,743 INFO     ___FILE_ONLY___ ═
2022-11-01 14:36:42,771 INFO     ___FILE_ONLY___ ═
2022-11-01 14:36:42,805 INFO     ___FILE_ONLY___ ═
2022-11-01 14:36:42,833 INFO     ___FILE_ONLY___ ═
2022-11-01 14:36:42,861 INFO     ___FILE_ONLY___ ═
2022-11-01 14:36:42,882 INFO     ___FILE_ONLY___ ═
2022-11-01 14:36:42,907 INFO     ___FILE_ONLY___ ═
2022-11-01 14:36:42,931 INFO     ___FILE_ONLY___ ═
2022-11-01 14:36:42,956 INFO     ___FILE_ONLY___ ═
2022-11-01 14:36:42,979 INFO     ___FILE_ONLY___ ═
2022-11-01 14:36:43,009 INFO     ___FILE_ONLY___ ═
2022-11-01 14:36:43,033 INFO     ___FILE_ONLY___ ═
2022-11-01 14:36:43,062 INFO     ___FILE_ONLY___ ═
2022-11-01 14:36:43,119 INFO     ___FILE_ONLY___ ═
2022-11-01 14:36:43,147 INFO     ___FILE_ONLY___ ═
2022-11-01 14:36:43,175 INFO     ___FILE_ONLY___ ═
2022-11-01 14:36:43,198 INFO     ___FILE_ONLY___ ═
2022-11-01 14:36:43,225 INFO     ___FILE_ONLY___ ═
2022-11-01 14:36:43,252 INFO     ___FILE_ONLY___ ═
2022-11-01 14:36:43,277 INFO     ___FILE_ONLY___ ═
2022-11-01 14:36:43,304 INFO     ___FILE_ONLY___ ═
2022-11-01 14:36:43,330 INFO     ___FILE_ONLY___ ═
2022-11-01 14:36:43,357 INFO     ___FILE_ONLY___ ═
2022-11-01 14:36:43,378 INFO     ___FILE_ONLY___ ═
2022-11-01 14:36:43,404 INFO     ___FILE_ONLY___ ═
2022-11-01 14:36:43,426 INFO     ___FILE_ONLY___ ═
2022-11-01 14:36:43,458 INFO     ___FILE_ONLY___ ═
2022-11-01 14:36:43,480 INFO     ___FILE_ONLY___ ═
2022-11-01 14:36:43,507 INFO     ___FILE_ONLY___ ═
2022-11-01 14:36:43,529 INFO     ___FILE_ONLY___ ═
2022-11-01 14:36:43,556 INFO     ___FILE_ONLY___ ═
2022-11-01 14:36:43,575 INFO     ___FILE_ONLY___ ═
2022-11-01 14:36:43,604 INFO     ___FILE_ONLY___ ═
2022-11-01 14:36:43,626 INFO     ___FILE_ONLY___ ═
2022-11-01 14:36:43,652 INFO     ___FILE_ONLY___ ═
2022-11-01 14:36:43,674 INFO     ___FILE_ONLY___ ═
2022-11-01 14:36:43,706 INFO     ___FILE_ONLY___ ═
2022-11-01 14:36:43,731 INFO     ___FILE_ONLY___ ═
2022-11-01 14:36:43,758 INFO     ___FILE_ONLY___ ═
2022-11-01 14:36:43,758 INFO     ___FILE_ONLY___ ╝

2022-11-01 14:36:45,735 INFO     ___FILE_ONLY___ ╔════════════════════════════════════════════════════════════╗

2022-11-01 14:36:45,735 INFO     ___FILE_ONLY___ ╠═ Uninstalling: gcloud Alpha Commands                      ═╣

2022-11-01 14:36:45,736 INFO     ___FILE_ONLY___ ╚
2022-11-01 14:36:45,737 INFO     ___FILE_ONLY___ ════════════════════════════════════════════════════════════
2022-11-01 14:36:45,737 INFO     ___FILE_ONLY___ ╝

2022-11-01 14:36:45,743 INFO     ___FILE_ONLY___ ╔════════════════════════════════════════════════════════════╗

2022-11-01 14:36:45,743 INFO     ___FILE_ONLY___ ╠═ Uninstalling: gcloud Beta Commands                       ═╣

2022-11-01 14:36:45,743 INFO     ___FILE_ONLY___ ╚
2022-11-01 14:36:45,745 INFO     ___FILE_ONLY___ ════════════════════════════════════════════════════════════
2022-11-01 14:36:45,745 INFO     ___FILE_ONLY___ ╝

2022-11-01 14:36:45,751 INFO     ___FILE_ONLY___ ╔════════════════════════════════════════════════════════════╗

2022-11-01 14:36:45,752 INFO     ___FILE_ONLY___ ╠═ Uninstalling: gcloud cli dependencies                    ═╣

2022-11-01 14:36:45,752 INFO     ___FILE_ONLY___ ╚
2022-11-01 14:36:45,764 INFO     ___FILE_ONLY___ ═
2022-11-01 14:36:45,775 INFO     ___FILE_ONLY___ ═
2022-11-01 14:36:45,783 INFO     ___FILE_ONLY___ ═
2022-11-01 14:36:45,792 INFO     ___FILE_ONLY___ ═
2022-11-01 14:36:45,805 INFO     ___FILE_ONLY___ ═
2022-11-01 14:36:45,815 INFO     ___FILE_ONLY___ ═
2022-11-01 14:36:45,822 INFO     ___FILE_ONLY___ ═
2022-11-01 14:36:45,830 INFO     ___FILE_ONLY___ ═
2022-11-01 14:36:45,841 INFO     ___FILE_ONLY___ ═
2022-11-01 14:36:45,853 INFO     ___FILE_ONLY___ ═
2022-11-01 14:36:45,862 INFO     ___FILE_ONLY___ ═
2022-11-01 14:36:45,872 INFO     ___FILE_ONLY___ ═
2022-11-01 14:36:45,884 INFO     ___FILE_ONLY___ ═
2022-11-01 14:36:45,895 INFO     ___FILE_ONLY___ ═
2022-11-01 14:36:45,907 INFO     ___FILE_ONLY___ ═
2022-11-01 14:36:45,930 INFO     ___FILE_ONLY___ ═
2022-11-01 14:36:45,941 INFO     ___FILE_ONLY___ ═
2022-11-01 14:36:45,955 INFO     ___FILE_ONLY___ ═
2022-11-01 14:36:45,968 INFO     ___FILE_ONLY___ ═
2022-11-01 14:36:45,978 INFO     ___FILE_ONLY___ ═
2022-11-01 14:36:45,987 INFO     ___FILE_ONLY___ ═
2022-11-01 14:36:46,000 INFO     ___FILE_ONLY___ ═
2022-11-01 14:36:46,011 INFO     ___FILE_ONLY___ ═
2022-11-01 14:36:46,020 INFO     ___FILE_ONLY___ ═
2022-11-01 14:36:46,029 INFO     ___FILE_ONLY___ ═
2022-11-01 14:36:46,044 INFO     ___FILE_ONLY___ ═
2022-11-01 14:36:46,056 INFO     ___FILE_ONLY___ ═
2022-11-01 14:36:46,065 INFO     ___FILE_ONLY___ ═
2022-11-01 14:36:46,077 INFO     ___FILE_ONLY___ ═
2022-11-01 14:36:46,091 INFO     ___FILE_ONLY___ ═
2022-11-01 14:36:46,102 INFO     ___FILE_ONLY___ ═
2022-11-01 14:36:46,113 INFO     ___FILE_ONLY___ ═
2022-11-01 14:36:46,126 INFO     ___FILE_ONLY___ ═
2022-11-01 14:36:46,136 INFO     ___FILE_ONLY___ ═
2022-11-01 14:36:46,148 INFO     ___FILE_ONLY___ ═
2022-11-01 14:36:46,161 INFO     ___FILE_ONLY___ ═
2022-11-01 14:36:46,173 INFO     ___FILE_ONLY___ ═
2022-11-01 14:36:46,181 INFO     ___FILE_ONLY___ ═
2022-11-01 14:36:46,190 INFO     ___FILE_ONLY___ ═
2022-11-01 14:36:46,205 INFO     ___FILE_ONLY___ ═
2022-11-01 14:36:46,214 INFO     ___FILE_ONLY___ ═
2022-11-01 14:36:46,223 INFO     ___FILE_ONLY___ ═
2022-11-01 14:36:46,233 INFO     ___FILE_ONLY___ ═
2022-11-01 14:36:46,246 INFO     ___FILE_ONLY___ ═
2022-11-01 14:36:46,256 INFO     ___FILE_ONLY___ ═
2022-11-01 14:36:46,265 INFO     ___FILE_ONLY___ ═
2022-11-01 14:36:46,278 INFO     ___FILE_ONLY___ ═
2022-11-01 14:36:46,285 INFO     ___FILE_ONLY___ ═
2022-11-01 14:36:46,297 INFO     ___FILE_ONLY___ ═
2022-11-01 14:36:46,309 INFO     ___FILE_ONLY___ ═
2022-11-01 14:36:46,318 INFO     ___FILE_ONLY___ ═
2022-11-01 14:36:46,326 INFO     ___FILE_ONLY___ ═
2022-11-01 14:36:46,334 INFO     ___FILE_ONLY___ ═
2022-11-01 14:36:46,347 INFO     ___FILE_ONLY___ ═
2022-11-01 14:36:46,357 INFO     ___FILE_ONLY___ ═
2022-11-01 14:36:46,365 INFO     ___FILE_ONLY___ ═
2022-11-01 14:36:46,375 INFO     ___FILE_ONLY___ ═
2022-11-01 14:36:46,386 INFO     ___FILE_ONLY___ ═
2022-11-01 14:36:46,398 INFO     ___FILE_ONLY___ ═
2022-11-01 14:36:46,408 INFO     ___FILE_ONLY___ ═
2022-11-01 14:36:46,408 INFO     ___FILE_ONLY___ ╝

2022-11-01 14:36:46,920 INFO     ___FILE_ONLY___ ╔════════════════════════════════════════════════════════════╗

2022-11-01 14:36:46,920 INFO     ___FILE_ONLY___ ╠═ Installing: BigQuery Command Line Tool                   ═╣

2022-11-01 14:36:46,920 INFO     ___FILE_ONLY___ ╚
2022-11-01 14:36:46,930 DEBUG    urllib3.connectionpool Starting new HTTPS connection (1): dl.google.com:443
2022-11-01 14:36:47,186 DEBUG    urllib3.connectionpool https://dl.google.com:443 "GET /dl/cloudsdk/channels/rapid/components/google-cloud-sdk-bq-20221028134157.tar.gz HTTP/1.1" 200 1689637
2022-11-01 14:36:47,386 INFO     ___FILE_ONLY___ ═
2022-11-01 14:36:47,386 INFO     ___FILE_ONLY___ ═
2022-11-01 14:36:47,387 INFO     ___FILE_ONLY___ ═
2022-11-01 14:36:47,387 INFO     ___FILE_ONLY___ ═
2022-11-01 14:36:47,388 INFO     ___FILE_ONLY___ ═
2022-11-01 14:36:47,388 INFO     ___FILE_ONLY___ ═
2022-11-01 14:36:47,389 INFO     ___FILE_ONLY___ ═
2022-11-01 14:36:47,389 INFO     ___FILE_ONLY___ ═
2022-11-01 14:36:47,389 INFO     ___FILE_ONLY___ ═
2022-11-01 14:36:47,390 INFO     ___FILE_ONLY___ ═
2022-11-01 14:36:47,390 INFO     ___FILE_ONLY___ ═
2022-11-01 14:36:47,390 INFO     ___FILE_ONLY___ ═
2022-11-01 14:36:47,391 INFO     ___FILE_ONLY___ ═
2022-11-01 14:36:47,391 INFO     ___FILE_ONLY___ ═
2022-11-01 14:36:47,391 INFO     ___FILE_ONLY___ ═
2022-11-01 14:36:47,392 INFO     ___FILE_ONLY___ ═
2022-11-01 14:36:47,392 INFO     ___FILE_ONLY___ ═
2022-11-01 14:36:47,392 INFO     ___FILE_ONLY___ ═
2022-11-01 14:36:47,393 INFO     ___FILE_ONLY___ ═
2022-11-01 14:36:47,393 INFO     ___FILE_ONLY___ ═
2022-11-01 14:36:47,393 INFO     ___FILE_ONLY___ ═
2022-11-01 14:36:47,393 INFO     ___FILE_ONLY___ ═
2022-11-01 14:36:47,394 INFO     ___FILE_ONLY___ ═
2022-11-01 14:36:47,394 INFO     ___FILE_ONLY___ ═
2022-11-01 14:36:47,394 INFO     ___FILE_ONLY___ ═
2022-11-01 14:36:47,395 INFO     ___FILE_ONLY___ ═
2022-11-01 14:36:47,395 INFO     ___FILE_ONLY___ ═
2022-11-01 14:36:47,395 INFO     ___FILE_ONLY___ ═
2022-11-01 14:36:47,396 INFO     ___FILE_ONLY___ ═
2022-11-01 14:36:47,396 INFO     ___FILE_ONLY___ ═
2022-11-01 14:36:47,504 INFO     ___FILE_ONLY___ ═
2022-11-01 14:36:47,510 INFO     ___FILE_ONLY___ ═
2022-11-01 14:36:47,516 INFO     ___FILE_ONLY___ ═
2022-11-01 14:36:47,525 INFO     ___FILE_ONLY___ ═
2022-11-01 14:36:47,530 INFO     ___FILE_ONLY___ ═
2022-11-01 14:36:47,536 INFO     ___FILE_ONLY___ ═
2022-11-01 14:36:47,541 INFO     ___FILE_ONLY___ ═
2022-11-01 14:36:47,574 INFO     ___FILE_ONLY___ ═
2022-11-01 14:36:47,595 INFO     ___FILE_ONLY___ ═
2022-11-01 14:36:47,617 INFO     ___FILE_ONLY___ ═
2022-11-01 14:36:47,637 INFO     ___FILE_ONLY___ ═
2022-11-01 14:36:47,646 INFO     ___FILE_ONLY___ ═
2022-11-01 14:36:47,657 INFO     ___FILE_ONLY___ ═
2022-11-01 14:36:47,670 INFO     ___FILE_ONLY___ ═
2022-11-01 14:36:47,681 INFO     ___FILE_ONLY___ ═
2022-11-01 14:36:47,687 INFO     ___FILE_ONLY___ ═
2022-11-01 14:36:47,695 INFO     ___FILE_ONLY___ ═
2022-11-01 14:36:47,700 INFO     ___FILE_ONLY___ ═
2022-11-01 14:36:47,709 INFO     ___FILE_ONLY___ ═
2022-11-01 14:36:47,717 INFO     ___FILE_ONLY___ ═
2022-11-01 14:36:47,727 INFO     ___FILE_ONLY___ ═
2022-11-01 14:36:47,746 INFO     ___FILE_ONLY___ ═
2022-11-01 14:36:47,754 INFO     ___FILE_ONLY___ ═
2022-11-01 14:36:47,762 INFO     ___FILE_ONLY___ ═
2022-11-01 14:36:47,769 INFO     ___FILE_ONLY___ ═
2022-11-01 14:36:47,779 INFO     ___FILE_ONLY___ ═
2022-11-01 14:36:47,788 INFO     ___FILE_ONLY___ ═
2022-11-01 14:36:47,800 INFO     ___FILE_ONLY___ ═
2022-11-01 14:36:47,806 INFO     ___FILE_ONLY___ ═
2022-11-01 14:36:47,811 INFO     ___FILE_ONLY___ ═
2022-11-01 14:36:47,811 INFO     ___FILE_ONLY___ ╝

2022-11-01 14:36:47,829 INFO     ___FILE_ONLY___ ╔════════════════════════════════════════════════════════════╗

2022-11-01 14:36:47,830 INFO     ___FILE_ONLY___ ╠═ Installing: Cloud Storage Command Line Tool              ═╣

2022-11-01 14:36:47,830 INFO     ___FILE_ONLY___ ╚
2022-11-01 14:36:47,839 DEBUG    urllib3.connectionpool Starting new HTTPS connection (1): dl.google.com:443
