2022-11-01 14:37:01,301 DEBUG    root            Loaded Command Group: ['gcloud', 'components']
2022-11-01 14:37:01,306 DEBUG    root            Loaded Command Group: ['gcloud', 'components', 'update']
2022-11-01 14:37:01,310 DEBUG    root            Running [gcloud.components.update] with arguments: [--quiet: "True"]
2022-11-01 14:37:01,319 INFO     ___FILE_ONLY___ Beginning update. This process may take several minutes.

2022-11-01 14:37:01,346 DEBUG    urllib3.connectionpool Starting new HTTPS connection (1): dl.google.com:443
2022-11-01 14:37:01,493 DEBUG    urllib3.connectionpool https://dl.google.com:443 "GET /dl/cloudsdk/channels/rapid/components-2.json HTTP/1.1" 200 203446
2022-11-01 14:37:01,578 INFO     ___FILE_ONLY___ 

2022-11-01 14:37:01,580 INFO     ___FILE_ONLY___ 
Your current Google Cloud CLI version is: 407.0.0

2022-11-01 14:37:01,580 INFO     ___FILE_ONLY___ You will be upgraded to version: 408.0.0

2022-11-01 14:37:01,580 INFO     ___FILE_ONLY___ 

2022-11-01 14:37:01,587 INFO     ___FILE_ONLY___ ┌─────────────────────────────────────────────────────────┐
2022-11-01 14:37:01,587 INFO     ___FILE_ONLY___ 

2022-11-01 14:37:01,588 INFO     ___FILE_ONLY___ │            These components will be updated.            │
2022-11-01 14:37:01,588 INFO     ___FILE_ONLY___ 

2022-11-01 14:37:01,588 INFO     ___FILE_ONLY___ ├─────────────────────────────────┬────────────┬──────────┤
2022-11-01 14:37:01,588 INFO     ___FILE_ONLY___ 

2022-11-01 14:37:01,588 INFO     ___FILE_ONLY___ │               Name              │  Version   │   Size   │
2022-11-01 14:37:01,588 INFO     ___FILE_ONLY___ 

2022-11-01 14:37:01,590 INFO     ___FILE_ONLY___ ├─────────────────────────────────┼────────────┼──────────┤
2022-11-01 14:37:01,590 INFO     ___FILE_ONLY___ 

2022-11-01 14:37:01,590 INFO     ___FILE_ONLY___ │ 
2022-11-01 14:37:01,590 INFO     ___FILE_ONLY___ BigQuery Command Line Tool     
2022-11-01 14:37:01,591 INFO     ___FILE_ONLY___  
2022-11-01 14:37:01,591 INFO     ___FILE_ONLY___ │ 
2022-11-01 14:37:01,591 INFO     ___FILE_ONLY___     2.0.80
2022-11-01 14:37:01,591 INFO     ___FILE_ONLY___  
2022-11-01 14:37:01,591 INFO     ___FILE_ONLY___ │ 
2022-11-01 14:37:01,591 INFO     ___FILE_ONLY___  1.6 MiB
2022-11-01 14:37:01,592 INFO     ___FILE_ONLY___  
2022-11-01 14:37:01,592 INFO     ___FILE_ONLY___ │
2022-11-01 14:37:01,592 INFO     ___FILE_ONLY___ 

2022-11-01 14:37:01,592 INFO     ___FILE_ONLY___ │ 
2022-11-01 14:37:01,592 INFO     ___FILE_ONLY___ Cloud Storage Command Line Tool
2022-11-01 14:37:01,592 INFO     ___FILE_ONLY___  
2022-11-01 14:37:01,593 INFO     ___FILE_ONLY___ │ 
2022-11-01 14:37:01,593 INFO     ___FILE_ONLY___       5.16
2022-11-01 14:37:01,593 INFO     ___FILE_ONLY___  
2022-11-01 14:37:01,593 INFO     ___FILE_ONLY___ │ 
2022-11-01 14:37:01,593 INFO     ___FILE_ONLY___ 15.5 MiB
2022-11-01 14:37:01,593 INFO     ___FILE_ONLY___  
2022-11-01 14:37:01,594 INFO     ___FILE_ONLY___ │
2022-11-01 14:37:01,594 INFO     ___FILE_ONLY___ 

2022-11-01 14:37:01,594 INFO     ___FILE_ONLY___ │ 
2022-11-01 14:37:01,594 INFO     ___FILE_ONLY___ Google Cloud CLI Core Libraries
2022-11-01 14:37:01,594 INFO     ___FILE_ONLY___  
2022-11-01 14:37:01,595 INFO     ___FILE_ONLY___ │ 
2022-11-01 14:37:01,595 INFO     ___FILE_ONLY___ 2022.10.28
2022-11-01 14:37:01,595 INFO     ___FILE_ONLY___  
2022-11-01 14:37:01,595 INFO     ___FILE_ONLY___ │ 
2022-11-01 14:37:01,595 INFO     ___FILE_ONLY___ 25.1 MiB
2022-11-01 14:37:01,596 INFO     ___FILE_ONLY___  
2022-11-01 14:37:01,596 INFO     ___FILE_ONLY___ │
2022-11-01 14:37:01,596 INFO     ___FILE_ONLY___ 

2022-11-01 14:37:01,597 INFO     ___FILE_ONLY___ │ 
2022-11-01 14:37:01,597 INFO     ___FILE_ONLY___ gcloud Alpha Commands          
2022-11-01 14:37:01,597 INFO     ___FILE_ONLY___  
2022-11-01 14:37:01,597 INFO     ___FILE_ONLY___ │ 
2022-11-01 14:37:01,597 INFO     ___FILE_ONLY___ 2022.10.28
2022-11-01 14:37:01,598 INFO     ___FILE_ONLY___  
2022-11-01 14:37:01,598 INFO     ___FILE_ONLY___ │ 
2022-11-01 14:37:01,598 INFO     ___FILE_ONLY___  < 1 MiB
2022-11-01 14:37:01,598 INFO     ___FILE_ONLY___  
2022-11-01 14:37:01,598 INFO     ___FILE_ONLY___ │
2022-11-01 14:37:01,598 INFO     ___FILE_ONLY___ 

2022-11-01 14:37:01,598 INFO     ___FILE_ONLY___ │ 
2022-11-01 14:37:01,598 INFO     ___FILE_ONLY___ gcloud Beta Commands           
2022-11-01 14:37:01,598 INFO     ___FILE_ONLY___  
2022-11-01 14:37:01,599 INFO     ___FILE_ONLY___ │ 
2022-11-01 14:37:01,599 INFO     ___FILE_ONLY___ 2022.10.28
2022-11-01 14:37:01,599 INFO     ___FILE_ONLY___  
2022-11-01 14:37:01,599 INFO     ___FILE_ONLY___ │ 
2022-11-01 14:37:01,599 INFO     ___FILE_ONLY___  < 1 MiB
2022-11-01 14:37:01,599 INFO     ___FILE_ONLY___  
2022-11-01 14:37:01,599 INFO     ___FILE_ONLY___ │
2022-11-01 14:37:01,600 INFO     ___FILE_ONLY___ 

2022-11-01 14:37:01,600 INFO     ___FILE_ONLY___ │ 
2022-11-01 14:37:01,600 INFO     ___FILE_ONLY___ gcloud cli dependencies        
2022-11-01 14:37:01,600 INFO     ___FILE_ONLY___  
2022-11-01 14:37:01,600 INFO     ___FILE_ONLY___ │ 
2022-11-01 14:37:01,600 INFO     ___FILE_ONLY___ 2022.10.28
2022-11-01 14:37:01,600 INFO     ___FILE_ONLY___  
2022-11-01 14:37:01,600 INFO     ___FILE_ONLY___ │ 
2022-11-01 14:37:01,601 INFO     ___FILE_ONLY___ 11.3 MiB
2022-11-01 14:37:01,601 INFO     ___FILE_ONLY___  
2022-11-01 14:37:01,601 INFO     ___FILE_ONLY___ │
2022-11-01 14:37:01,601 INFO     ___FILE_ONLY___ 

2022-11-01 14:37:01,601 INFO     ___FILE_ONLY___ └─────────────────────────────────┴────────────┴──────────┘
2022-11-01 14:37:01,601 INFO     ___FILE_ONLY___ 

2022-11-01 14:37:01,602 INFO     ___FILE_ONLY___ 

2022-11-01 14:37:01,609 DEBUG    urllib3.connectionpool Starting new HTTPS connection (1): dl.google.com:443
2022-11-01 14:37:01,904 DEBUG    urllib3.connectionpool https://dl.google.com:443 "GET /dl/cloudsdk/channels/rapid/RELEASE_NOTES HTTP/1.1" 200 891542
2022-11-01 14:37:02,036 INFO     ___FILE_ONLY___ The following release notes are new in this upgrade.
Please read carefully for information about new features, breaking changes,
and bugs fixed.  The latest full release notes can be viewed at:
  https://cloud.google.com/sdk/release_notes


2022-11-01 14:37:02,037 INFO     ___FILE_ONLY___ 
2022-11-01 14:37:02,037 INFO     ___FILE_ONLY___ 408.0.0 (2022-11-01)

2022-11-01 14:37:02,037 INFO     ___FILE_ONLY___ 
2022-11-01 14:37:02,037 INFO     ___FILE_ONLY___   
2022-11-01 14:37:02,037 INFO     ___FILE_ONLY___ Breaking Changes

2022-11-01 14:37:02,037 INFO     ___FILE_ONLY___       ▪
2022-11-01 14:37:02,038 INFO     ___FILE_ONLY___  
2022-11-01 14:37:02,038 INFO     ___FILE_ONLY___ **(Cloud
2022-11-01 14:37:02,038 INFO     ___FILE_ONLY___  
2022-11-01 14:37:02,039 INFO     ___FILE_ONLY___ Storage)**
2022-11-01 14:37:02,039 INFO     ___FILE_ONLY___  
2022-11-01 14:37:02,039 INFO     ___FILE_ONLY___ Lifecycle
2022-11-01 14:37:02,040 INFO     ___FILE_ONLY___  
2022-11-01 14:37:02,040 INFO     ___FILE_ONLY___ and
2022-11-01 14:37:02,040 INFO     ___FILE_ONLY___  
2022-11-01 14:37:02,041 INFO     ___FILE_ONLY___ CORS
2022-11-01 14:37:02,041 INFO     ___FILE_ONLY___  
2022-11-01 14:37:02,041 INFO     ___FILE_ONLY___ settings
2022-11-01 14:37:02,045 INFO     ___FILE_ONLY___  
2022-11-01 14:37:02,045 INFO     ___FILE_ONLY___ files
2022-11-01 14:37:02,045 INFO     ___FILE_ONLY___  
2022-11-01 14:37:02,045 INFO     ___FILE_ONLY___ now
2022-11-01 14:37:02,046 INFO     ___FILE_ONLY___  
2022-11-01 14:37:02,046 INFO     ___FILE_ONLY___ use
2022-11-01 14:37:02,046 INFO     ___FILE_ONLY___  
2022-11-01 14:37:02,046 INFO     ___FILE_ONLY___ camel
2022-11-01 14:37:02,046 INFO     ___FILE_ONLY___ 

2022-11-01 14:37:02,046 INFO     ___FILE_ONLY___         
2022-11-01 14:37:02,046 INFO     ___FILE_ONLY___ case
2022-11-01 14:37:02,047 INFO     ___FILE_ONLY___  
2022-11-01 14:37:02,047 INFO     ___FILE_ONLY___ instead
2022-11-01 14:37:02,047 INFO     ___FILE_ONLY___  
2022-11-01 14:37:02,047 INFO     ___FILE_ONLY___ of
2022-11-01 14:37:02,047 INFO     ___FILE_ONLY___  
2022-11-01 14:37:02,047 INFO     ___FILE_ONLY___ snake
2022-11-01 14:37:02,050 INFO     ___FILE_ONLY___  
2022-11-01 14:37:02,050 INFO     ___FILE_ONLY___ case
2022-11-01 14:37:02,051 INFO     ___FILE_ONLY___  
2022-11-01 14:37:02,051 INFO     ___FILE_ONLY___ to
2022-11-01 14:37:02,052 INFO     ___FILE_ONLY___  
2022-11-01 14:37:02,052 INFO     ___FILE_ONLY___ match
2022-11-01 14:37:02,052 INFO     ___FILE_ONLY___  
2022-11-01 14:37:02,052 INFO     ___FILE_ONLY___ the
2022-11-01 14:37:02,053 INFO     ___FILE_ONLY___  
2022-11-01 14:37:02,053 INFO     ___FILE_ONLY___ API
2022-11-01 14:37:02,053 INFO     ___FILE_ONLY___  
2022-11-01 14:37:02,053 INFO     ___FILE_ONLY___ documentation.
2022-11-01 14:37:02,054 INFO     ___FILE_ONLY___  
2022-11-01 14:37:02,054 INFO     ___FILE_ONLY___ Example:
2022-11-01 14:37:02,054 INFO     ___FILE_ONLY___ 

2022-11-01 14:37:02,054 INFO     ___FILE_ONLY___         
2022-11-01 14:37:02,054 INFO     ___FILE_ONLY___ <http://cloud/storage/docs/json_api/v1/buckets#lifecycle>.
2022-11-01 14:37:02,055 INFO     ___FILE_ONLY___ 

2022-11-01 14:37:02,055 INFO     ___FILE_ONLY___ 

2022-11-01 14:37:02,055 INFO     ___FILE_ONLY___ 
2022-11-01 14:37:02,055 INFO     ___FILE_ONLY___   
2022-11-01 14:37:02,055 INFO     ___FILE_ONLY___ AI

2022-11-01 14:37:02,055 INFO     ___FILE_ONLY___       ▪
2022-11-01 14:37:02,056 INFO     ___FILE_ONLY___  
2022-11-01 14:37:02,056 INFO     ___FILE_ONLY___ Added
2022-11-01 14:37:02,056 INFO     ___FILE_ONLY___  
2022-11-01 14:37:02,056 INFO     ___FILE_ONLY___ more
2022-11-01 14:37:02,056 INFO     ___FILE_ONLY___  
2022-11-01 14:37:02,056 INFO     ___FILE_ONLY___ available
2022-11-01 14:37:02,057 INFO     ___FILE_ONLY___  
2022-11-01 14:37:02,057 INFO     ___FILE_ONLY___ regions
2022-11-01 14:37:02,057 INFO     ___FILE_ONLY___  
2022-11-01 14:37:02,057 INFO     ___FILE_ONLY___ to
2022-11-01 14:37:02,057 INFO     ___FILE_ONLY___  
2022-11-01 14:37:02,057 INFO     ___FILE_ONLY___ gcloud
2022-11-01 14:37:02,057 INFO     ___FILE_ONLY___  
2022-11-01 14:37:02,057 INFO     ___FILE_ONLY___ ai
2022-11-01 14:37:02,058 INFO     ___FILE_ONLY___  
2022-11-01 14:37:02,058 INFO     ___FILE_ONLY___ model-monitoring-jobs.
2022-11-01 14:37:02,058 INFO     ___FILE_ONLY___ 

2022-11-01 14:37:02,058 INFO     ___FILE_ONLY___       ▪
2022-11-01 14:37:02,058 INFO     ___FILE_ONLY___  
2022-11-01 14:37:02,058 INFO     ___FILE_ONLY___ Added
2022-11-01 14:37:02,058 INFO     ___FILE_ONLY___  
2022-11-01 14:37:02,058 INFO     ___FILE_ONLY___ --version-description
2022-11-01 14:37:02,059 INFO     ___FILE_ONLY___  
2022-11-01 14:37:02,060 INFO     ___FILE_ONLY___ flag
2022-11-01 14:37:02,060 INFO     ___FILE_ONLY___  
2022-11-01 14:37:02,060 INFO     ___FILE_ONLY___ to
2022-11-01 14:37:02,060 INFO     ___FILE_ONLY___  
2022-11-01 14:37:02,060 INFO     ___FILE_ONLY___ gcloud
2022-11-01 14:37:02,060 INFO     ___FILE_ONLY___  
2022-11-01 14:37:02,061 INFO     ___FILE_ONLY___ ai
2022-11-01 14:37:02,061 INFO     ___FILE_ONLY___  
2022-11-01 14:37:02,061 INFO     ___FILE_ONLY___ models
2022-11-01 14:37:02,061 INFO     ___FILE_ONLY___  
2022-11-01 14:37:02,061 INFO     ___FILE_ONLY___ upload
2022-11-01 14:37:02,061 INFO     ___FILE_ONLY___  
2022-11-01 14:37:02,061 INFO     ___FILE_ONLY___ to
2022-11-01 14:37:02,061 INFO     ___FILE_ONLY___ 

2022-11-01 14:37:02,061 INFO     ___FILE_ONLY___         
2022-11-01 14:37:02,061 INFO     ___FILE_ONLY___ support
2022-11-01 14:37:02,061 INFO     ___FILE_ONLY___  
2022-11-01 14:37:02,062 INFO     ___FILE_ONLY___ setting
2022-11-01 14:37:02,062 INFO     ___FILE_ONLY___  
2022-11-01 14:37:02,062 INFO     ___FILE_ONLY___ model
2022-11-01 14:37:02,062 INFO     ___FILE_ONLY___  
2022-11-01 14:37:02,062 INFO     ___FILE_ONLY___ version
2022-11-01 14:37:02,062 INFO     ___FILE_ONLY___  
2022-11-01 14:37:02,062 INFO     ___FILE_ONLY___ description.
2022-11-01 14:37:02,062 INFO     ___FILE_ONLY___ 

2022-11-01 14:37:02,062 INFO     ___FILE_ONLY___ 

2022-11-01 14:37:02,063 INFO     ___FILE_ONLY___ 
2022-11-01 14:37:02,063 INFO     ___FILE_ONLY___   
2022-11-01 14:37:02,063 INFO     ___FILE_ONLY___ BigQuery

2022-11-01 14:37:02,064 INFO     ___FILE_ONLY___       ▪
2022-11-01 14:37:02,064 INFO     ___FILE_ONLY___  
2022-11-01 14:37:02,064 INFO     ___FILE_ONLY___ Add
2022-11-01 14:37:02,064 INFO     ___FILE_ONLY___  
2022-11-01 14:37:02,064 INFO     ___FILE_ONLY___ missing
2022-11-01 14:37:02,064 INFO     ___FILE_ONLY___  
2022-11-01 14:37:02,064 INFO     ___FILE_ONLY___ open
2022-11-01 14:37:02,064 INFO     ___FILE_ONLY___  
2022-11-01 14:37:02,065 INFO     ___FILE_ONLY___ source
2022-11-01 14:37:02,065 INFO     ___FILE_ONLY___  
2022-11-01 14:37:02,065 INFO     ___FILE_ONLY___ licenses.
2022-11-01 14:37:02,065 INFO     ___FILE_ONLY___ 

2022-11-01 14:37:02,065 INFO     ___FILE_ONLY___       ▪
2022-11-01 14:37:02,065 INFO     ___FILE_ONLY___  
2022-11-01 14:37:02,065 INFO     ___FILE_ONLY___ Expose
2022-11-01 14:37:02,065 INFO     ___FILE_ONLY___  
2022-11-01 14:37:02,065 INFO     ___FILE_ONLY___ Iceberg
2022-11-01 14:37:02,066 INFO     ___FILE_ONLY___  
2022-11-01 14:37:02,066 INFO     ___FILE_ONLY___ for
2022-11-01 14:37:02,066 INFO     ___FILE_ONLY___  
2022-11-01 14:37:02,066 INFO     ___FILE_ONLY___ public
2022-11-01 14:37:02,066 INFO     ___FILE_ONLY___  
2022-11-01 14:37:02,066 INFO     ___FILE_ONLY___ preview.
2022-11-01 14:37:02,066 INFO     ___FILE_ONLY___ 

2022-11-01 14:37:02,066 INFO     ___FILE_ONLY___ 

2022-11-01 14:37:02,066 INFO     ___FILE_ONLY___ 
2022-11-01 14:37:02,066 INFO     ___FILE_ONLY___   
2022-11-01 14:37:02,067 INFO     ___FILE_ONLY___ Cloud Composer

2022-11-01 14:37:02,067 INFO     ___FILE_ONLY___       ▪
2022-11-01 14:37:02,067 INFO     ___FILE_ONLY___  
2022-11-01 14:37:02,067 INFO     ___FILE_ONLY___ Added
2022-11-01 14:37:02,067 INFO     ___FILE_ONLY___  
2022-11-01 14:37:02,068 INFO     ___FILE_ONLY___ --connection-type
2022-11-01 14:37:02,068 INFO     ___FILE_ONLY___  
2022-11-01 14:37:02,068 INFO     ___FILE_ONLY___ flag
2022-11-01 14:37:02,068 INFO     ___FILE_ONLY___  
2022-11-01 14:37:02,068 INFO     ___FILE_ONLY___ to
2022-11-01 14:37:02,068 INFO     ___FILE_ONLY___  
2022-11-01 14:37:02,068 INFO     ___FILE_ONLY___ gcloud
2022-11-01 14:37:02,068 INFO     ___FILE_ONLY___  
2022-11-01 14:37:02,069 INFO     ___FILE_ONLY___ beta
2022-11-01 14:37:02,069 INFO     ___FILE_ONLY___  
2022-11-01 14:37:02,069 INFO     ___FILE_ONLY___ composer
2022-11-01 14:37:02,069 INFO     ___FILE_ONLY___  
2022-11-01 14:37:02,069 INFO     ___FILE_ONLY___ environments
2022-11-01 14:37:02,069 INFO     ___FILE_ONLY___ 

2022-11-01 14:37:02,070 INFO     ___FILE_ONLY___         
2022-11-01 14:37:02,070 INFO     ___FILE_ONLY___ create
2022-11-01 14:37:02,070 INFO     ___FILE_ONLY___  
2022-11-01 14:37:02,070 INFO     ___FILE_ONLY___ and
2022-11-01 14:37:02,070 INFO     ___FILE_ONLY___  
2022-11-01 14:37:02,070 INFO     ___FILE_ONLY___ gcloud
2022-11-01 14:37:02,070 INFO     ___FILE_ONLY___  
2022-11-01 14:37:02,070 INFO     ___FILE_ONLY___ composer
2022-11-01 14:37:02,071 INFO     ___FILE_ONLY___  
2022-11-01 14:37:02,071 INFO     ___FILE_ONLY___ environments
2022-11-01 14:37:02,071 INFO     ___FILE_ONLY___  
2022-11-01 14:37:02,071 INFO     ___FILE_ONLY___ create
2022-11-01 14:37:02,071 INFO     ___FILE_ONLY___  
2022-11-01 14:37:02,071 INFO     ___FILE_ONLY___ command
2022-11-01 14:37:02,071 INFO     ___FILE_ONLY___  
2022-11-01 14:37:02,071 INFO     ___FILE_ONLY___ to
2022-11-01 14:37:02,072 INFO     ___FILE_ONLY___  
2022-11-01 14:37:02,072 INFO     ___FILE_ONLY___ allow
2022-11-01 14:37:02,072 INFO     ___FILE_ONLY___  
2022-11-01 14:37:02,072 INFO     ___FILE_ONLY___ forcing
2022-11-01 14:37:02,072 INFO     ___FILE_ONLY___ 

2022-11-01 14:37:02,072 INFO     ___FILE_ONLY___         
2022-11-01 14:37:02,072 INFO     ___FILE_ONLY___ the
2022-11-01 14:37:02,073 INFO     ___FILE_ONLY___  
2022-11-01 14:37:02,073 INFO     ___FILE_ONLY___ use
2022-11-01 14:37:02,073 INFO     ___FILE_ONLY___  
2022-11-01 14:37:02,073 INFO     ___FILE_ONLY___ of
2022-11-01 14:37:02,073 INFO     ___FILE_ONLY___  
2022-11-01 14:37:02,073 INFO     ___FILE_ONLY___ VPC
2022-11-01 14:37:02,073 INFO     ___FILE_ONLY___  
2022-11-01 14:37:02,074 INFO     ___FILE_ONLY___ peerings
2022-11-01 14:37:02,074 INFO     ___FILE_ONLY___  
2022-11-01 14:37:02,074 INFO     ___FILE_ONLY___ for
2022-11-01 14:37:02,075 INFO     ___FILE_ONLY___  
2022-11-01 14:37:02,075 INFO     ___FILE_ONLY___ internal
2022-11-01 14:37:02,076 INFO     ___FILE_ONLY___  
2022-11-01 14:37:02,076 INFO     ___FILE_ONLY___ communication.
2022-11-01 14:37:02,076 INFO     ___FILE_ONLY___ 

2022-11-01 14:37:02,076 INFO     ___FILE_ONLY___ 

2022-11-01 14:37:02,076 INFO     ___FILE_ONLY___ 
2022-11-01 14:37:02,076 INFO     ___FILE_ONLY___   
2022-11-01 14:37:02,076 INFO     ___FILE_ONLY___ Cloud Deploy

2022-11-01 14:37:02,077 INFO     ___FILE_ONLY___       ▪
2022-11-01 14:37:02,077 INFO     ___FILE_ONLY___  
2022-11-01 14:37:02,077 INFO     ___FILE_ONLY___ Added
2022-11-01 14:37:02,077 INFO     ___FILE_ONLY___  
2022-11-01 14:37:02,078 INFO     ___FILE_ONLY___ initial-rollout-labels
2022-11-01 14:37:02,078 INFO     ___FILE_ONLY___  
2022-11-01 14:37:02,078 INFO     ___FILE_ONLY___ and
2022-11-01 14:37:02,078 INFO     ___FILE_ONLY___  
2022-11-01 14:37:02,078 INFO     ___FILE_ONLY___ initial-rollout-annotations
2022-11-01 14:37:02,078 INFO     ___FILE_ONLY___  
2022-11-01 14:37:02,078 INFO     ___FILE_ONLY___ flags
2022-11-01 14:37:02,079 INFO     ___FILE_ONLY___  
2022-11-01 14:37:02,079 INFO     ___FILE_ONLY___ to
2022-11-01 14:37:02,079 INFO     ___FILE_ONLY___ 

2022-11-01 14:37:02,079 INFO     ___FILE_ONLY___         
2022-11-01 14:37:02,079 INFO     ___FILE_ONLY___ gcloud
2022-11-01 14:37:02,079 INFO     ___FILE_ONLY___  
2022-11-01 14:37:02,079 INFO     ___FILE_ONLY___ deploy
2022-11-01 14:37:02,079 INFO     ___FILE_ONLY___  
2022-11-01 14:37:02,079 INFO     ___FILE_ONLY___ releases
2022-11-01 14:37:02,079 INFO     ___FILE_ONLY___  
2022-11-01 14:37:02,080 INFO     ___FILE_ONLY___ create
2022-11-01 14:37:02,080 INFO     ___FILE_ONLY___  
2022-11-01 14:37:02,080 INFO     ___FILE_ONLY___ command.
2022-11-01 14:37:02,080 INFO     ___FILE_ONLY___ 

2022-11-01 14:37:02,080 INFO     ___FILE_ONLY___ 

2022-11-01 14:37:02,080 INFO     ___FILE_ONLY___ 
2022-11-01 14:37:02,080 INFO     ___FILE_ONLY___   
2022-11-01 14:37:02,080 INFO     ___FILE_ONLY___ Cloud SQL

2022-11-01 14:37:02,081 INFO     ___FILE_ONLY___       ▪
2022-11-01 14:37:02,081 INFO     ___FILE_ONLY___  
2022-11-01 14:37:02,081 INFO     ___FILE_ONLY___ Promoted
2022-11-01 14:37:02,081 INFO     ___FILE_ONLY___  
2022-11-01 14:37:02,081 INFO     ___FILE_ONLY___ --connector_enforcement
2022-11-01 14:37:02,081 INFO     ___FILE_ONLY___  
2022-11-01 14:37:02,082 INFO     ___FILE_ONLY___ flag
2022-11-01 14:37:02,082 INFO     ___FILE_ONLY___  
2022-11-01 14:37:02,082 INFO     ___FILE_ONLY___ for
2022-11-01 14:37:02,082 INFO     ___FILE_ONLY___  
2022-11-01 14:37:02,082 INFO     ___FILE_ONLY___ gcloud
2022-11-01 14:37:02,082 INFO     ___FILE_ONLY___  
2022-11-01 14:37:02,082 INFO     ___FILE_ONLY___ sql
2022-11-01 14:37:02,082 INFO     ___FILE_ONLY___  
2022-11-01 14:37:02,082 INFO     ___FILE_ONLY___ instances
2022-11-01 14:37:02,082 INFO     ___FILE_ONLY___  
2022-11-01 14:37:02,082 INFO     ___FILE_ONLY___ create
2022-11-01 14:37:02,082 INFO     ___FILE_ONLY___ 

2022-11-01 14:37:02,083 INFO     ___FILE_ONLY___         
2022-11-01 14:37:02,083 INFO     ___FILE_ONLY___ and
2022-11-01 14:37:02,083 INFO     ___FILE_ONLY___  
2022-11-01 14:37:02,083 INFO     ___FILE_ONLY___ gcloud
2022-11-01 14:37:02,083 INFO     ___FILE_ONLY___  
2022-11-01 14:37:02,084 INFO     ___FILE_ONLY___ sql
2022-11-01 14:37:02,084 INFO     ___FILE_ONLY___  
2022-11-01 14:37:02,084 INFO     ___FILE_ONLY___ instances
2022-11-01 14:37:02,084 INFO     ___FILE_ONLY___  
2022-11-01 14:37:02,084 INFO     ___FILE_ONLY___ patch
2022-11-01 14:37:02,084 INFO     ___FILE_ONLY___  
2022-11-01 14:37:02,085 INFO     ___FILE_ONLY___ to
2022-11-01 14:37:02,085 INFO     ___FILE_ONLY___  
2022-11-01 14:37:02,085 INFO     ___FILE_ONLY___ GA.
2022-11-01 14:37:02,085 INFO     ___FILE_ONLY___ 

2022-11-01 14:37:02,086 INFO     ___FILE_ONLY___ 

2022-11-01 14:37:02,086 INFO     ___FILE_ONLY___ 
2022-11-01 14:37:02,086 INFO     ___FILE_ONLY___   
2022-11-01 14:37:02,086 INFO     ___FILE_ONLY___ Cloud Storage

2022-11-01 14:37:02,086 INFO     ___FILE_ONLY___       ▪
2022-11-01 14:37:02,087 INFO     ___FILE_ONLY___  
2022-11-01 14:37:02,087 INFO     ___FILE_ONLY___ Updated
2022-11-01 14:37:02,087 INFO     ___FILE_ONLY___  
2022-11-01 14:37:02,087 INFO     ___FILE_ONLY___ gsutil
2022-11-01 14:37:02,087 INFO     ___FILE_ONLY___  
2022-11-01 14:37:02,087 INFO     ___FILE_ONLY___ component
2022-11-01 14:37:02,087 INFO     ___FILE_ONLY___  
2022-11-01 14:37:02,087 INFO     ___FILE_ONLY___ to
2022-11-01 14:37:02,087 INFO     ___FILE_ONLY___  
2022-11-01 14:37:02,087 INFO     ___FILE_ONLY___ 5.16.
2022-11-01 14:37:02,087 INFO     ___FILE_ONLY___ 

2022-11-01 14:37:02,088 INFO     ___FILE_ONLY___ 

2022-11-01 14:37:02,088 INFO     ___FILE_ONLY___ 
2022-11-01 14:37:02,088 INFO     ___FILE_ONLY___   
2022-11-01 14:37:02,088 INFO     ___FILE_ONLY___ Compute Engine

2022-11-01 14:37:02,088 INFO     ___FILE_ONLY___       ▪
2022-11-01 14:37:02,088 INFO     ___FILE_ONLY___  
2022-11-01 14:37:02,088 INFO     ___FILE_ONLY___ Promoted
2022-11-01 14:37:02,089 INFO     ___FILE_ONLY___  
2022-11-01 14:37:02,089 INFO     ___FILE_ONLY___ --discard-local-ssd
2022-11-01 14:37:02,089 INFO     ___FILE_ONLY___  
2022-11-01 14:37:02,089 INFO     ___FILE_ONLY___ flag
2022-11-01 14:37:02,089 INFO     ___FILE_ONLY___  
2022-11-01 14:37:02,089 INFO     ___FILE_ONLY___ of
2022-11-01 14:37:02,089 INFO     ___FILE_ONLY___  
2022-11-01 14:37:02,089 INFO     ___FILE_ONLY___ gcloud
2022-11-01 14:37:02,090 INFO     ___FILE_ONLY___  
2022-11-01 14:37:02,090 INFO     ___FILE_ONLY___ compute
2022-11-01 14:37:02,090 INFO     ___FILE_ONLY___  
2022-11-01 14:37:02,090 INFO     ___FILE_ONLY___ instances
2022-11-01 14:37:02,090 INFO     ___FILE_ONLY___  
2022-11-01 14:37:02,090 INFO     ___FILE_ONLY___ stop
2022-11-01 14:37:02,091 INFO     ___FILE_ONLY___  
2022-11-01 14:37:02,091 INFO     ___FILE_ONLY___ to
2022-11-01 14:37:02,091 INFO     ___FILE_ONLY___ 

2022-11-01 14:37:02,091 INFO     ___FILE_ONLY___         
2022-11-01 14:37:02,091 INFO     ___FILE_ONLY___ beta.
2022-11-01 14:37:02,092 INFO     ___FILE_ONLY___ 

2022-11-01 14:37:02,092 INFO     ___FILE_ONLY___       ▪
2022-11-01 14:37:02,092 INFO     ___FILE_ONLY___  
2022-11-01 14:37:02,092 INFO     ___FILE_ONLY___ Promoted
2022-11-01 14:37:02,092 INFO     ___FILE_ONLY___  
2022-11-01 14:37:02,092 INFO     ___FILE_ONLY___ --force-update-on-repair
2022-11-01 14:37:02,093 INFO     ___FILE_ONLY___  
2022-11-01 14:37:02,093 INFO     ___FILE_ONLY___ flag
2022-11-01 14:37:02,093 INFO     ___FILE_ONLY___  
2022-11-01 14:37:02,093 INFO     ___FILE_ONLY___ of
2022-11-01 14:37:02,093 INFO     ___FILE_ONLY___  
2022-11-01 14:37:02,093 INFO     ___FILE_ONLY___ gcloud
2022-11-01 14:37:02,094 INFO     ___FILE_ONLY___  
2022-11-01 14:37:02,094 INFO     ___FILE_ONLY___ compute
2022-11-01 14:37:02,094 INFO     ___FILE_ONLY___ 

2022-11-01 14:37:02,094 INFO     ___FILE_ONLY___         
2022-11-01 14:37:02,094 INFO     ___FILE_ONLY___ instance-groups
2022-11-01 14:37:02,094 INFO     ___FILE_ONLY___  
2022-11-01 14:37:02,095 INFO     ___FILE_ONLY___ managed
2022-11-01 14:37:02,095 INFO     ___FILE_ONLY___  
2022-11-01 14:37:02,095 INFO     ___FILE_ONLY___ <create
2022-11-01 14:37:02,095 INFO     ___FILE_ONLY___  
2022-11-01 14:37:02,095 INFO     ___FILE_ONLY___ |
2022-11-01 14:37:02,095 INFO     ___FILE_ONLY___  
2022-11-01 14:37:02,096 INFO     ___FILE_ONLY___ update>
2022-11-01 14:37:02,096 INFO     ___FILE_ONLY___  
2022-11-01 14:37:02,096 INFO     ___FILE_ONLY___ to
2022-11-01 14:37:02,096 INFO     ___FILE_ONLY___  
2022-11-01 14:37:02,096 INFO     ___FILE_ONLY___ beta.
2022-11-01 14:37:02,096 INFO     ___FILE_ONLY___ 

2022-11-01 14:37:02,096 INFO     ___FILE_ONLY___       ▪
2022-11-01 14:37:02,097 INFO     ___FILE_ONLY___  
2022-11-01 14:37:02,097 INFO     ___FILE_ONLY___ Fixed
2022-11-01 14:37:02,097 INFO     ___FILE_ONLY___  
2022-11-01 14:37:02,097 INFO     ___FILE_ONLY___ missing
2022-11-01 14:37:02,097 INFO     ___FILE_ONLY___  
2022-11-01 14:37:02,098 INFO     ___FILE_ONLY___ ephemeral
2022-11-01 14:37:02,098 INFO     ___FILE_ONLY___  
2022-11-01 14:37:02,098 INFO     ___FILE_ONLY___ IP
2022-11-01 14:37:02,098 INFO     ___FILE_ONLY___  
2022-11-01 14:37:02,098 INFO     ___FILE_ONLY___ when
2022-11-01 14:37:02,098 INFO     ___FILE_ONLY___  
2022-11-01 14:37:02,098 INFO     ___FILE_ONLY___ neither
2022-11-01 14:37:02,099 INFO     ___FILE_ONLY___  
2022-11-01 14:37:02,099 INFO     ___FILE_ONLY___ --address
2022-11-01 14:37:02,099 INFO     ___FILE_ONLY___  
2022-11-01 14:37:02,099 INFO     ___FILE_ONLY___ nor
2022-11-01 14:37:02,099 INFO     ___FILE_ONLY___  
2022-11-01 14:37:02,099 INFO     ___FILE_ONLY___ --no-address
2022-11-01 14:37:02,100 INFO     ___FILE_ONLY___ 

2022-11-01 14:37:02,100 INFO     ___FILE_ONLY___         
2022-11-01 14:37:02,100 INFO     ___FILE_ONLY___ keys
2022-11-01 14:37:02,100 INFO     ___FILE_ONLY___  
2022-11-01 14:37:02,100 INFO     ___FILE_ONLY___ are
2022-11-01 14:37:02,101 INFO     ___FILE_ONLY___  
2022-11-01 14:37:02,101 INFO     ___FILE_ONLY___ provided
2022-11-01 14:37:02,101 INFO     ___FILE_ONLY___  
2022-11-01 14:37:02,101 INFO     ___FILE_ONLY___ with
2022-11-01 14:37:02,101 INFO     ___FILE_ONLY___  
2022-11-01 14:37:02,102 INFO     ___FILE_ONLY___ --network-interface
2022-11-01 14:37:02,102 INFO     ___FILE_ONLY___  
2022-11-01 14:37:02,102 INFO     ___FILE_ONLY___ flag
2022-11-01 14:37:02,102 INFO     ___FILE_ONLY___  
2022-11-01 14:37:02,102 INFO     ___FILE_ONLY___ during
2022-11-01 14:37:02,102 INFO     ___FILE_ONLY___  
2022-11-01 14:37:02,102 INFO     ___FILE_ONLY___ instance
2022-11-01 14:37:02,102 INFO     ___FILE_ONLY___ 

2022-11-01 14:37:02,103 INFO     ___FILE_ONLY___         
2022-11-01 14:37:02,103 INFO     ___FILE_ONLY___ template
2022-11-01 14:37:02,103 INFO     ___FILE_ONLY___  
2022-11-01 14:37:02,103 INFO     ___FILE_ONLY___ creation.
2022-11-01 14:37:02,103 INFO     ___FILE_ONLY___ 

2022-11-01 14:37:02,103 INFO     ___FILE_ONLY___ 

2022-11-01 14:37:02,103 INFO     ___FILE_ONLY___ 
2022-11-01 14:37:02,104 INFO     ___FILE_ONLY___   
2022-11-01 14:37:02,104 INFO     ___FILE_ONLY___ GKE Hub

2022-11-01 14:37:02,104 INFO     ___FILE_ONLY___       ▪
2022-11-01 14:37:02,104 INFO     ___FILE_ONLY___  
2022-11-01 14:37:02,105 INFO     ___FILE_ONLY___ Changed
2022-11-01 14:37:02,105 INFO     ___FILE_ONLY___  
2022-11-01 14:37:02,105 INFO     ___FILE_ONLY___ membership-related
2022-11-01 14:37:02,105 INFO     ___FILE_ONLY___  
2022-11-01 14:37:02,105 INFO     ___FILE_ONLY___ flags
2022-11-01 14:37:02,105 INFO     ___FILE_ONLY___  
2022-11-01 14:37:02,105 INFO     ___FILE_ONLY___ in
2022-11-01 14:37:02,105 INFO     ___FILE_ONLY___  
2022-11-01 14:37:02,106 INFO     ___FILE_ONLY___ gcloud
2022-11-01 14:37:02,106 INFO     ___FILE_ONLY___  
2022-11-01 14:37:02,106 INFO     ___FILE_ONLY___ container
2022-11-01 14:37:02,106 INFO     ___FILE_ONLY___  
2022-11-01 14:37:02,106 INFO     ___FILE_ONLY___ fleet
2022-11-01 14:37:02,106 INFO     ___FILE_ONLY___  
2022-11-01 14:37:02,106 INFO     ___FILE_ONLY___ and
2022-11-01 14:37:02,107 INFO     ___FILE_ONLY___  
2022-11-01 14:37:02,107 INFO     ___FILE_ONLY___ gcloud
2022-11-01 14:37:02,107 INFO     ___FILE_ONLY___ 

2022-11-01 14:37:02,107 INFO     ___FILE_ONLY___         
2022-11-01 14:37:02,107 INFO     ___FILE_ONLY___ container
2022-11-01 14:37:02,107 INFO     ___FILE_ONLY___  
2022-11-01 14:37:02,108 INFO     ___FILE_ONLY___ hub
2022-11-01 14:37:02,108 INFO     ___FILE_ONLY___  
2022-11-01 14:37:02,108 INFO     ___FILE_ONLY___ command
2022-11-01 14:37:02,108 INFO     ___FILE_ONLY___  
2022-11-01 14:37:02,108 INFO     ___FILE_ONLY___ groups
2022-11-01 14:37:02,108 INFO     ___FILE_ONLY___  
2022-11-01 14:37:02,108 INFO     ___FILE_ONLY___ to
2022-11-01 14:37:02,108 INFO     ___FILE_ONLY___  
2022-11-01 14:37:02,109 INFO     ___FILE_ONLY___ resource
2022-11-01 14:37:02,109 INFO     ___FILE_ONLY___  
2022-11-01 14:37:02,109 INFO     ___FILE_ONLY___ arguments,
2022-11-01 14:37:02,109 INFO     ___FILE_ONLY___  
2022-11-01 14:37:02,109 INFO     ___FILE_ONLY___ adding
2022-11-01 14:37:02,109 INFO     ___FILE_ONLY___  
2022-11-01 14:37:02,109 INFO     ___FILE_ONLY___ --location
2022-11-01 14:37:02,109 INFO     ___FILE_ONLY___ 

2022-11-01 14:37:02,110 INFO     ___FILE_ONLY___         
2022-11-01 14:37:02,110 INFO     ___FILE_ONLY___ flag
2022-11-01 14:37:02,110 INFO     ___FILE_ONLY___  
2022-11-01 14:37:02,110 INFO     ___FILE_ONLY___ and
2022-11-01 14:37:02,110 INFO     ___FILE_ONLY___  
2022-11-01 14:37:02,110 INFO     ___FILE_ONLY___ LOCATION
2022-11-01 14:37:02,110 INFO     ___FILE_ONLY___  
2022-11-01 14:37:02,110 INFO     ___FILE_ONLY___ column
2022-11-01 14:37:02,110 INFO     ___FILE_ONLY___  
2022-11-01 14:37:02,111 INFO     ___FILE_ONLY___ in
2022-11-01 14:37:02,111 INFO     ___FILE_ONLY___  
2022-11-01 14:37:02,111 INFO     ___FILE_ONLY___ list
2022-11-01 14:37:02,111 INFO     ___FILE_ONLY___  
2022-11-01 14:37:02,111 INFO     ___FILE_ONLY___ commands.
2022-11-01 14:37:02,111 INFO     ___FILE_ONLY___ 

2022-11-01 14:37:02,111 INFO     ___FILE_ONLY___ 

2022-11-01 14:37:02,111 INFO     ___FILE_ONLY___ 
2022-11-01 14:37:02,112 INFO     ___FILE_ONLY___   
2022-11-01 14:37:02,112 INFO     ___FILE_ONLY___ Kubernetes Engine

2022-11-01 14:37:02,112 INFO     ___FILE_ONLY___       ▪
2022-11-01 14:37:02,112 INFO     ___FILE_ONLY___  
2022-11-01 14:37:02,113 INFO     ___FILE_ONLY___ Promoted
2022-11-01 14:37:02,113 INFO     ___FILE_ONLY___  
2022-11-01 14:37:02,113 INFO     ___FILE_ONLY___ --enable-managed-prometheus
2022-11-01 14:37:02,113 INFO     ___FILE_ONLY___  
2022-11-01 14:37:02,113 INFO     ___FILE_ONLY___ flag
2022-11-01 14:37:02,113 INFO     ___FILE_ONLY___  
2022-11-01 14:37:02,113 INFO     ___FILE_ONLY___ of
2022-11-01 14:37:02,113 INFO     ___FILE_ONLY___  
2022-11-01 14:37:02,113 INFO     ___FILE_ONLY___ gcloud
2022-11-01 14:37:02,113 INFO     ___FILE_ONLY___  
2022-11-01 14:37:02,113 INFO     ___FILE_ONLY___ container
2022-11-01 14:37:02,114 INFO     ___FILE_ONLY___ 

2022-11-01 14:37:02,114 INFO     ___FILE_ONLY___         
2022-11-01 14:37:02,114 INFO     ___FILE_ONLY___ clusters
2022-11-01 14:37:02,114 INFO     ___FILE_ONLY___  
2022-11-01 14:37:02,114 INFO     ___FILE_ONLY___ create/update
2022-11-01 14:37:02,114 INFO     ___FILE_ONLY___  
2022-11-01 14:37:02,114 INFO     ___FILE_ONLY___ to
2022-11-01 14:37:02,114 INFO     ___FILE_ONLY___  
2022-11-01 14:37:02,115 INFO     ___FILE_ONLY___ GA.
2022-11-01 14:37:02,115 INFO     ___FILE_ONLY___ 

2022-11-01 14:37:02,115 INFO     ___FILE_ONLY___       ▪
2022-11-01 14:37:02,116 INFO     ___FILE_ONLY___  
2022-11-01 14:37:02,116 INFO     ___FILE_ONLY___ Promoted
2022-11-01 14:37:02,116 INFO     ___FILE_ONLY___  
2022-11-01 14:37:02,116 INFO     ___FILE_ONLY___ --disable-managed-prometheus
2022-11-01 14:37:02,116 INFO     ___FILE_ONLY___  
2022-11-01 14:37:02,116 INFO     ___FILE_ONLY___ flag
2022-11-01 14:37:02,117 INFO     ___FILE_ONLY___  
2022-11-01 14:37:02,117 INFO     ___FILE_ONLY___ of
2022-11-01 14:37:02,117 INFO     ___FILE_ONLY___  
2022-11-01 14:37:02,117 INFO     ___FILE_ONLY___ gcloud
2022-11-01 14:37:02,117 INFO     ___FILE_ONLY___  
2022-11-01 14:37:02,117 INFO     ___FILE_ONLY___ container
2022-11-01 14:37:02,117 INFO     ___FILE_ONLY___ 

2022-11-01 14:37:02,117 INFO     ___FILE_ONLY___         
2022-11-01 14:37:02,117 INFO     ___FILE_ONLY___ clusters
2022-11-01 14:37:02,117 INFO     ___FILE_ONLY___  
2022-11-01 14:37:02,118 INFO     ___FILE_ONLY___ update
2022-11-01 14:37:02,118 INFO     ___FILE_ONLY___  
2022-11-01 14:37:02,118 INFO     ___FILE_ONLY___ to
2022-11-01 14:37:02,118 INFO     ___FILE_ONLY___  
2022-11-01 14:37:02,118 INFO     ___FILE_ONLY___ GA.
2022-11-01 14:37:02,118 INFO     ___FILE_ONLY___ 

2022-11-01 14:37:02,118 INFO     ___FILE_ONLY___ 

2022-11-01 14:37:02,118 INFO     ___FILE_ONLY___    
2022-11-01 14:37:02,119 INFO     ___FILE_ONLY___  
2022-11-01 14:37:02,119 INFO     ___FILE_ONLY___ Subscribe
2022-11-01 14:37:02,119 INFO     ___FILE_ONLY___  
2022-11-01 14:37:02,119 INFO     ___FILE_ONLY___ to
2022-11-01 14:37:02,119 INFO     ___FILE_ONLY___  
2022-11-01 14:37:02,119 INFO     ___FILE_ONLY___ these
2022-11-01 14:37:02,119 INFO     ___FILE_ONLY___  
2022-11-01 14:37:02,119 INFO     ___FILE_ONLY___ release
2022-11-01 14:37:02,119 INFO     ___FILE_ONLY___  
2022-11-01 14:37:02,120 INFO     ___FILE_ONLY___ notes
2022-11-01 14:37:02,120 INFO     ___FILE_ONLY___  
2022-11-01 14:37:02,120 INFO     ___FILE_ONLY___ at
2022-11-01 14:37:02,120 INFO     ___FILE_ONLY___ 

2022-11-01 14:37:02,120 INFO     ___FILE_ONLY___     
2022-11-01 14:37:02,120 INFO     ___FILE_ONLY___ https://groups.google.com/forum/#!forum/google-cloud-sdk-announce
2022-11-01 14:37:02,121 INFO     ___FILE_ONLY___ 

2022-11-01 14:37:02,121 INFO     ___FILE_ONLY___     
2022-11-01 14:37:02,121 INFO     ___FILE_ONLY___ (https://groups.google.com/forum/#!forum/google-cloud-sdk-announce).
2022-11-01 14:37:02,121 INFO     ___FILE_ONLY___ 

2022-11-01 14:37:02,121 INFO     ___FILE_ONLY___ 
2022-11-01 14:37:02,121 INFO     ___FILE_ONLY___ 

2022-11-01 14:37:02,129 INFO     ___FILE_ONLY___ ╔════════════════════════════════════════════════════════════╗

2022-11-01 14:37:02,130 INFO     ___FILE_ONLY___ ╠═ Creating update staging area                             ═╣

2022-11-01 14:37:02,130 INFO     ___FILE_ONLY___ ╚
2022-11-01 14:37:02,296 INFO     ___FILE_ONLY___ ══════
2022-11-01 14:37:02,296 INFO     ___FILE_ONLY___ ══════
2022-11-01 14:37:02,296 INFO     ___FILE_ONLY___ ══════
2022-11-01 14:37:05,309 INFO     ___FILE_ONLY___ ═
2022-11-01 14:37:06,012 INFO     ___FILE_ONLY___ ═
2022-11-01 14:37:06,948 INFO     ___FILE_ONLY___ ═
2022-11-01 14:37:08,670 INFO     ___FILE_ONLY___ ═
2022-11-01 14:37:09,763 INFO     ___FILE_ONLY___ ═
2022-11-01 14:37:10,471 INFO     ___FILE_ONLY___ ═
2022-11-01 14:37:10,986 INFO     ___FILE_ONLY___ ═
2022-11-01 14:37:11,655 INFO     ___FILE_ONLY___ ═
2022-11-01 14:37:12,331 INFO     ___FILE_ONLY___ ═
2022-11-01 14:37:13,083 INFO     ___FILE_ONLY___ ═
2022-11-01 14:37:13,610 INFO     ___FILE_ONLY___ ═
2022-11-01 14:37:14,134 INFO     ___FILE_ONLY___ ═
2022-11-01 14:37:14,719 INFO     ___FILE_ONLY___ ═
2022-11-01 14:37:15,321 INFO     ___FILE_ONLY___ ═
2022-11-01 14:37:15,756 INFO     ___FILE_ONLY___ ═
2022-11-01 14:37:16,558 INFO     ___FILE_ONLY___ ═
2022-11-01 14:37:17,240 INFO     ___FILE_ONLY___ ═
2022-11-01 14:37:17,662 INFO     ___FILE_ONLY___ ═
2022-11-01 14:37:18,195 INFO     ___FILE_ONLY___ ═
2022-11-01 14:37:18,745 INFO     ___FILE_ONLY___ ═
2022-11-01 14:37:19,158 INFO     ___FILE_ONLY___ ═
2022-11-01 14:37:19,521 INFO     ___FILE_ONLY___ ═
2022-11-01 14:37:19,831 INFO     ___FILE_ONLY___ ═
2022-11-01 14:37:20,432 INFO     ___FILE_ONLY___ ═
2022-11-01 14:37:20,837 INFO     ___FILE_ONLY___ ═
2022-11-01 14:37:21,331 INFO     ___FILE_ONLY___ ═
2022-11-01 14:37:21,916 INFO     ___FILE_ONLY___ ═
2022-11-01 14:37:22,378 INFO     ___FILE_ONLY___ ═
2022-11-01 14:37:22,796 INFO     ___FILE_ONLY___ ═
2022-11-01 14:37:23,442 INFO     ___FILE_ONLY___ ═
2022-11-01 14:37:24,106 INFO     ___FILE_ONLY___ ═
2022-11-01 14:37:24,806 INFO     ___FILE_ONLY___ ═
2022-11-01 14:37:25,478 INFO     ___FILE_ONLY___ ═
2022-11-01 14:37:26,124 INFO     ___FILE_ONLY___ ═
2022-11-01 14:37:26,688 INFO     ___FILE_ONLY___ ═
2022-11-01 14:37:27,574 INFO     ___FILE_ONLY___ ═
2022-11-01 14:37:28,067 INFO     ___FILE_ONLY___ ═
2022-11-01 14:37:28,616 INFO     ___FILE_ONLY___ ═
2022-11-01 14:37:29,139 INFO     ___FILE_ONLY___ ═
2022-11-01 14:37:29,542 INFO     ___FILE_ONLY___ ═
2022-11-01 14:37:30,554 INFO     ___FILE_ONLY___ ═
2022-11-01 14:37:31,404 INFO     ___FILE_ONLY___ ═
2022-11-01 14:37:31,405 INFO     ___FILE_ONLY___ ╝

2022-11-01 14:37:47,178 INFO     ___FILE_ONLY___ ╔════════════════════════════════════════════════════════════╗

2022-11-01 14:37:47,181 INFO     ___FILE_ONLY___ ╠═ Uninstalling: BigQuery Command Line Tool                 ═╣

2022-11-01 14:37:47,181 INFO     ___FILE_ONLY___ ╚
2022-11-01 14:37:47,188 INFO     ___FILE_ONLY___ ═
2022-11-01 14:37:47,190 INFO     ___FILE_ONLY___ ═
2022-11-01 14:37:47,191 INFO     ___FILE_ONLY___ ═
2022-11-01 14:37:47,192 INFO     ___FILE_ONLY___ ═
2022-11-01 14:37:47,194 INFO     ___FILE_ONLY___ ═
2022-11-01 14:37:47,196 INFO     ___FILE_ONLY___ ═
2022-11-01 14:37:47,197 INFO     ___FILE_ONLY___ ═
2022-11-01 14:37:47,198 INFO     ___FILE_ONLY___ ═
2022-11-01 14:37:47,200 INFO     ___FILE_ONLY___ ═
2022-11-01 14:37:47,200 INFO     ___FILE_ONLY___ ═
2022-11-01 14:37:47,202 INFO     ___FILE_ONLY___ ═
2022-11-01 14:37:47,203 INFO     ___FILE_ONLY___ ═
2022-11-01 14:37:47,204 INFO     ___FILE_ONLY___ ═
2022-11-01 14:37:47,205 INFO     ___FILE_ONLY___ ═
2022-11-01 14:37:47,206 INFO     ___FILE_ONLY___ ═
2022-11-01 14:37:47,208 INFO     ___FILE_ONLY___ ═
2022-11-01 14:37:47,209 INFO     ___FILE_ONLY___ ═
2022-11-01 14:37:47,210 INFO     ___FILE_ONLY___ ═
2022-11-01 14:37:47,212 INFO     ___FILE_ONLY___ ═
2022-11-01 14:37:47,213 INFO     ___FILE_ONLY___ ═
2022-11-01 14:37:47,215 INFO     ___FILE_ONLY___ ═
2022-11-01 14:37:47,217 INFO     ___FILE_ONLY___ ═
2022-11-01 14:37:47,219 INFO     ___FILE_ONLY___ ═
2022-11-01 14:37:47,220 INFO     ___FILE_ONLY___ ═
2022-11-01 14:37:47,222 INFO     ___FILE_ONLY___ ═
2022-11-01 14:37:47,224 INFO     ___FILE_ONLY___ ═
2022-11-01 14:37:47,225 INFO     ___FILE_ONLY___ ═
2022-11-01 14:37:47,227 INFO     ___FILE_ONLY___ ═
2022-11-01 14:37:47,228 INFO     ___FILE_ONLY___ ═
2022-11-01 14:37:47,230 INFO     ___FILE_ONLY___ ═
2022-11-01 14:37:47,231 INFO     ___FILE_ONLY___ ═
2022-11-01 14:37:47,233 INFO     ___FILE_ONLY___ ═
2022-11-01 14:37:47,235 INFO     ___FILE_ONLY___ ═
2022-11-01 14:37:47,237 INFO     ___FILE_ONLY___ ═
2022-11-01 14:37:47,239 INFO     ___FILE_ONLY___ ═
2022-11-01 14:37:47,241 INFO     ___FILE_ONLY___ ═
2022-11-01 14:37:47,242 INFO     ___FILE_ONLY___ ═
2022-11-01 14:37:47,243 INFO     ___FILE_ONLY___ ═
2022-11-01 14:37:47,244 INFO     ___FILE_ONLY___ ═
2022-11-01 14:37:47,246 INFO     ___FILE_ONLY___ ═
2022-11-01 14:37:47,247 INFO     ___FILE_ONLY___ ═
2022-11-01 14:37:47,248 INFO     ___FILE_ONLY___ ═
2022-11-01 14:37:47,249 INFO     ___FILE_ONLY___ ═
2022-11-01 14:37:47,250 INFO     ___FILE_ONLY___ ═
2022-11-01 14:37:47,251 INFO     ___FILE_ONLY___ ═
2022-11-01 14:37:47,253 INFO     ___FILE_ONLY___ ═
2022-11-01 14:37:47,254 INFO     ___FILE_ONLY___ ═
2022-11-01 14:37:47,256 INFO     ___FILE_ONLY___ ═
2022-11-01 14:37:47,257 INFO     ___FILE_ONLY___ ═
2022-11-01 14:37:47,259 INFO     ___FILE_ONLY___ ═
2022-11-01 14:37:47,260 INFO     ___FILE_ONLY___ ═
2022-11-01 14:37:47,262 INFO     ___FILE_ONLY___ ═
2022-11-01 14:37:47,264 INFO     ___FILE_ONLY___ ═
2022-11-01 14:37:47,265 INFO     ___FILE_ONLY___ ═
2022-11-01 14:37:47,267 INFO     ___FILE_ONLY___ ═
2022-11-01 14:37:47,269 INFO     ___FILE_ONLY___ ═
2022-11-01 14:37:47,270 INFO     ___FILE_ONLY___ ═
2022-11-01 14:37:47,271 INFO     ___FILE_ONLY___ ═
2022-11-01 14:37:47,273 INFO     ___FILE_ONLY___ ═
2022-11-01 14:37:47,274 INFO     ___FILE_ONLY___ ═
2022-11-01 14:37:47,275 INFO     ___FILE_ONLY___ ╝

2022-11-01 14:37:47,350 INFO     ___FILE_ONLY___ ╔════════════════════════════════════════════════════════════╗

2022-11-01 14:37:47,350 INFO     ___FILE_ONLY___ ╠═ Uninstalling: Cloud Storage Command Line Tool            ═╣

2022-11-01 14:37:47,350 INFO     ___FILE_ONLY___ ╚
2022-11-01 14:37:47,371 INFO     ___FILE_ONLY___ ═
2022-11-01 14:37:47,386 INFO     ___FILE_ONLY___ ═
2022-11-01 14:37:47,401 INFO     ___FILE_ONLY___ ═
2022-11-01 14:37:47,416 INFO     ___FILE_ONLY___ ═
2022-11-01 14:37:47,435 INFO     ___FILE_ONLY___ ═
2022-11-01 14:37:47,451 INFO     ___FILE_ONLY___ ═
2022-11-01 14:37:47,463 INFO     ___FILE_ONLY___ ═
2022-11-01 14:37:47,478 INFO     ___FILE_ONLY___ ═
2022-11-01 14:37:47,493 INFO     ___FILE_ONLY___ ═
2022-11-01 14:37:47,507 INFO     ___FILE_ONLY___ ═
2022-11-01 14:37:47,524 INFO     ___FILE_ONLY___ ═
2022-11-01 14:37:47,537 INFO     ___FILE_ONLY___ ═
2022-11-01 14:37:47,552 INFO     ___FILE_ONLY___ ═
2022-11-01 14:37:47,566 INFO     ___FILE_ONLY___ ═
2022-11-01 14:37:47,577 INFO     ___FILE_ONLY___ ═
2022-11-01 14:37:47,592 INFO     ___FILE_ONLY___ ═
2022-11-01 14:37:47,605 INFO     ___FILE_ONLY___ ═
2022-11-01 14:37:47,619 INFO     ___FILE_ONLY___ ═
2022-11-01 14:37:47,639 INFO     ___FILE_ONLY___ ═
2022-11-01 14:37:47,655 INFO     ___FILE_ONLY___ ═
2022-11-01 14:37:47,672 INFO     ___FILE_ONLY___ ═
2022-11-01 14:37:47,692 INFO     ___FILE_ONLY___ ═
2022-11-01 14:37:47,707 INFO     ___FILE_ONLY___ ═
2022-11-01 14:37:47,729 INFO     ___FILE_ONLY___ ═
2022-11-01 14:37:47,743 INFO     ___FILE_ONLY___ ═
2022-11-01 14:37:47,757 INFO     ___FILE_ONLY___ ═
2022-11-01 14:37:47,775 INFO     ___FILE_ONLY___ ═
2022-11-01 14:37:47,791 INFO     ___FILE_ONLY___ ═
2022-11-01 14:37:47,807 INFO     ___FILE_ONLY___ ═
2022-11-01 14:37:47,833 INFO     ___FILE_ONLY___ ═
2022-11-01 14:37:47,857 INFO     ___FILE_ONLY___ ═
2022-11-01 14:37:47,877 INFO     ___FILE_ONLY___ ═
2022-11-01 14:37:47,916 INFO     ___FILE_ONLY___ ═
2022-11-01 14:37:47,938 INFO     ___FILE_ONLY___ ═
2022-11-01 14:37:47,973 INFO     ___FILE_ONLY___ ═
2022-11-01 14:37:48,153 INFO     ___FILE_ONLY___ ═
2022-11-01 14:37:48,217 INFO     ___FILE_ONLY___ ═
2022-11-01 14:37:48,287 INFO     ___FILE_ONLY___ ═
2022-11-01 14:37:48,404 INFO     ___FILE_ONLY___ ═
2022-11-01 14:37:48,448 INFO     ___FILE_ONLY___ ═
2022-11-01 14:37:48,484 INFO     ___FILE_ONLY___ ═
2022-11-01 14:37:48,574 INFO     ___FILE_ONLY___ ═
2022-11-01 14:37:48,655 INFO     ___FILE_ONLY___ ═
2022-11-01 14:37:48,681 INFO     ___FILE_ONLY___ ═
2022-11-01 14:37:48,724 INFO     ___FILE_ONLY___ ═
2022-11-01 14:37:48,776 INFO     ___FILE_ONLY___ ═
2022-11-01 14:37:48,911 INFO     ___FILE_ONLY___ ═
2022-11-01 14:37:48,936 INFO     ___FILE_ONLY___ ═
2022-11-01 14:37:48,961 INFO     ___FILE_ONLY___ ═
2022-11-01 14:37:49,151 INFO     ___FILE_ONLY___ ═
2022-11-01 14:37:49,272 INFO     ___FILE_ONLY___ ═
2022-11-01 14:37:49,566 INFO     ___FILE_ONLY___ ═
2022-11-01 14:37:49,590 INFO     ___FILE_ONLY___ ═
2022-11-01 14:37:49,616 INFO     ___FILE_ONLY___ ═
2022-11-01 14:37:49,657 INFO     ___FILE_ONLY___ ═
2022-11-01 14:37:49,694 INFO     ___FILE_ONLY___ ═
2022-11-01 14:37:49,717 INFO     ___FILE_ONLY___ ═
2022-11-01 14:37:49,743 INFO     ___FILE_ONLY___ ═
2022-11-01 14:37:49,832 INFO     ___FILE_ONLY___ ═
2022-11-01 14:37:49,854 INFO     ___FILE_ONLY___ ═
2022-11-01 14:37:49,854 INFO     ___FILE_ONLY___ ╝

2022-11-01 14:37:51,612 INFO     ___FILE_ONLY___ ╔════════════════════════════════════════════════════════════╗

2022-11-01 14:37:51,612 INFO     ___FILE_ONLY___ ╠═ Uninstalling: Google Cloud CLI Core Libraries            ═╣

2022-11-01 14:37:51,613 INFO     ___FILE_ONLY___ ╚
2022-11-01 14:37:51,684 INFO     ___FILE_ONLY___ ═
2022-11-01 14:37:51,742 INFO     ___FILE_ONLY___ ═
2022-11-01 14:37:51,825 INFO     ___FILE_ONLY___ ═
2022-11-01 14:37:51,882 INFO     ___FILE_ONLY___ ═
2022-11-01 14:37:51,928 INFO     ___FILE_ONLY___ ═
2022-11-01 14:37:51,992 INFO     ___FILE_ONLY___ ═
2022-11-01 14:37:52,031 INFO     ___FILE_ONLY___ ═
2022-11-01 14:37:52,088 INFO     ___FILE_ONLY___ ═
2022-11-01 14:37:52,139 INFO     ___FILE_ONLY___ ═
2022-11-01 14:37:52,188 INFO     ___FILE_ONLY___ ═
2022-11-01 14:37:52,227 INFO     ___FILE_ONLY___ ═
2022-11-01 14:37:52,269 INFO     ___FILE_ONLY___ ═
2022-11-01 14:37:52,309 INFO     ___FILE_ONLY___ ═
2022-11-01 14:37:52,344 INFO     ___FILE_ONLY___ ═
2022-11-01 14:37:52,368 INFO     ___FILE_ONLY___ ═
2022-11-01 14:37:52,402 INFO     ___FILE_ONLY___ ═
2022-11-01 14:37:52,433 INFO     ___FILE_ONLY___ ═
2022-11-01 14:37:52,483 INFO     ___FILE_ONLY___ ═
2022-11-01 14:37:52,515 INFO     ___FILE_ONLY___ ═
2022-11-01 14:37:52,550 INFO     ___FILE_ONLY___ ═
2022-11-01 14:37:52,598 INFO     ___FILE_ONLY___ ═
2022-11-01 14:37:52,630 INFO     ___FILE_ONLY___ ═
2022-11-01 14:37:52,664 INFO     ___FILE_ONLY___ ═
2022-11-01 14:37:52,702 INFO     ___FILE_ONLY___ ═
2022-11-01 14:37:52,744 INFO     ___FILE_ONLY___ ═
2022-11-01 14:37:52,773 INFO     ___FILE_ONLY___ ═
2022-11-01 14:37:52,807 INFO     ___FILE_ONLY___ ═
2022-11-01 14:37:52,843 INFO     ___FILE_ONLY___ ═
2022-11-01 14:37:52,877 INFO     ___FILE_ONLY___ ═
2022-11-01 14:37:52,905 INFO     ___FILE_ONLY___ ═
2022-11-01 14:37:52,934 INFO     ___FILE_ONLY___ ═
2022-11-01 14:37:52,962 INFO     ___FILE_ONLY___ ═
2022-11-01 14:37:52,987 INFO     ___FILE_ONLY___ ═
2022-11-01 14:37:53,015 INFO     ___FILE_ONLY___ ═
2022-11-01 14:37:53,049 INFO     ___FILE_ONLY___ ═
2022-11-01 14:37:53,098 INFO     ___FILE_ONLY___ ═
2022-11-01 14:37:53,136 INFO     ___FILE_ONLY___ ═
2022-11-01 14:37:53,177 INFO     ___FILE_ONLY___ ═
2022-11-01 14:37:53,227 INFO     ___FILE_ONLY___ ═
2022-11-01 14:37:53,267 INFO     ___FILE_ONLY___ ═
2022-11-01 14:37:53,303 INFO     ___FILE_ONLY___ ═
2022-11-01 14:37:53,342 INFO     ___FILE_ONLY___ ═
2022-11-01 14:37:53,422 INFO     ___FILE_ONLY___ ═
2022-11-01 14:37:53,456 INFO     ___FILE_ONLY___ ═
2022-11-01 14:37:53,485 INFO     ___FILE_ONLY___ ═
2022-11-01 14:37:53,515 INFO     ___FILE_ONLY___ ═
2022-11-01 14:37:53,553 INFO     ___FILE_ONLY___ ═
2022-11-01 14:37:53,582 INFO     ___FILE_ONLY___ ═
2022-11-01 14:37:53,611 INFO     ___FILE_ONLY___ ═
2022-11-01 14:37:53,645 INFO     ___FILE_ONLY___ ═
2022-11-01 14:37:53,673 INFO     ___FILE_ONLY___ ═
2022-11-01 14:37:53,698 INFO     ___FILE_ONLY___ ═
2022-11-01 14:37:53,728 INFO     ___FILE_ONLY___ ═
2022-11-01 14:37:53,757 INFO     ___FILE_ONLY___ ═
2022-11-01 14:37:53,783 INFO     ___FILE_ONLY___ ═
2022-11-01 14:37:53,849 INFO     ___FILE_ONLY___ ═
2022-11-01 14:37:53,914 INFO     ___FILE_ONLY___ ═
2022-11-01 14:37:53,942 INFO     ___FILE_ONLY___ ═
2022-11-01 14:37:53,972 INFO     ___FILE_ONLY___ ═
2022-11-01 14:37:53,995 INFO     ___FILE_ONLY___ ═
2022-11-01 14:37:53,995 INFO     ___FILE_ONLY___ ╝

2022-11-01 14:37:56,341 INFO     ___FILE_ONLY___ ╔════════════════════════════════════════════════════════════╗

2022-11-01 14:37:56,341 INFO     ___FILE_ONLY___ ╠═ Uninstalling: gcloud Alpha Commands                      ═╣

2022-11-01 14:37:56,342 INFO     ___FILE_ONLY___ ╚
2022-11-01 14:37:56,342 INFO     ___FILE_ONLY___ ════════════════════════════════════════════════════════════
2022-11-01 14:37:56,343 INFO     ___FILE_ONLY___ ╝

2022-11-01 14:37:56,349 INFO     ___FILE_ONLY___ ╔════════════════════════════════════════════════════════════╗

2022-11-01 14:37:56,349 INFO     ___FILE_ONLY___ ╠═ Uninstalling: gcloud Beta Commands                       ═╣

2022-11-01 14:37:56,349 INFO     ___FILE_ONLY___ ╚
2022-11-01 14:37:56,350 INFO     ___FILE_ONLY___ ════════════════════════════════════════════════════════════
2022-11-01 14:37:56,350 INFO     ___FILE_ONLY___ ╝

2022-11-01 14:37:56,356 INFO     ___FILE_ONLY___ ╔════════════════════════════════════════════════════════════╗

2022-11-01 14:37:56,356 INFO     ___FILE_ONLY___ ╠═ Uninstalling: gcloud cli dependencies                    ═╣

2022-11-01 14:37:56,356 INFO     ___FILE_ONLY___ ╚
2022-11-01 14:37:56,368 INFO     ___FILE_ONLY___ ═
2022-11-01 14:37:56,383 INFO     ___FILE_ONLY___ ═
2022-11-01 14:37:56,394 INFO     ___FILE_ONLY___ ═
2022-11-01 14:37:56,402 INFO     ___FILE_ONLY___ ═
2022-11-01 14:37:56,410 INFO     ___FILE_ONLY___ ═
2022-11-01 14:37:56,423 INFO     ___FILE_ONLY___ ═
2022-11-01 14:37:56,431 INFO     ___FILE_ONLY___ ═
2022-11-01 14:37:56,446 INFO     ___FILE_ONLY___ ═
2022-11-01 14:37:56,469 INFO     ___FILE_ONLY___ ═
2022-11-01 14:37:56,478 INFO     ___FILE_ONLY___ ═
2022-11-01 14:37:56,486 INFO     ___FILE_ONLY___ ═
2022-11-01 14:37:56,499 INFO     ___FILE_ONLY___ ═
2022-11-01 14:37:56,513 INFO     ___FILE_ONLY___ ═
2022-11-01 14:37:56,522 INFO     ___FILE_ONLY___ ═
2022-11-01 14:37:56,530 INFO     ___FILE_ONLY___ ═
2022-11-01 14:37:56,544 INFO     ___FILE_ONLY___ ═
2022-11-01 14:37:56,555 INFO     ___FILE_ONLY___ ═
2022-11-01 14:37:56,563 INFO     ___FILE_ONLY___ ═
2022-11-01 14:37:56,575 INFO     ___FILE_ONLY___ ═
2022-11-01 14:37:56,587 INFO     ___FILE_ONLY___ ═
2022-11-01 14:37:56,597 INFO     ___FILE_ONLY___ ═
2022-11-01 14:37:56,607 INFO     ___FILE_ONLY___ ═
2022-11-01 14:37:56,622 INFO     ___FILE_ONLY___ ═
2022-11-01 14:37:56,632 INFO     ___FILE_ONLY___ ═
2022-11-01 14:37:56,641 INFO     ___FILE_ONLY___ ═
2022-11-01 14:37:56,655 INFO     ___FILE_ONLY___ ═
2022-11-01 14:37:56,667 INFO     ___FILE_ONLY___ ═
2022-11-01 14:37:56,678 INFO     ___FILE_ONLY___ ═
2022-11-01 14:37:56,688 INFO     ___FILE_ONLY___ ═
2022-11-01 14:37:56,704 INFO     ___FILE_ONLY___ ═
2022-11-01 14:37:56,715 INFO     ___FILE_ONLY___ ═
2022-11-01 14:37:56,724 INFO     ___FILE_ONLY___ ═
2022-11-01 14:37:56,738 INFO     ___FILE_ONLY___ ═
2022-11-01 14:37:56,753 INFO     ___FILE_ONLY___ ═
2022-11-01 14:37:56,763 INFO     ___FILE_ONLY___ ═
2022-11-01 14:37:56,774 INFO     ___FILE_ONLY___ ═
2022-11-01 14:37:56,790 INFO     ___FILE_ONLY___ ═
2022-11-01 14:37:56,801 INFO     ___FILE_ONLY___ ═
2022-11-01 14:37:56,811 INFO     ___FILE_ONLY___ ═
2022-11-01 14:37:56,827 INFO     ___FILE_ONLY___ ═
2022-11-01 14:37:56,837 INFO     ___FILE_ONLY___ ═
2022-11-01 14:37:56,847 INFO     ___FILE_ONLY___ ═
2022-11-01 14:37:56,858 INFO     ___FILE_ONLY___ ═
2022-11-01 14:37:56,871 INFO     ___FILE_ONLY___ ═
2022-11-01 14:37:56,881 INFO     ___FILE_ONLY___ ═
2022-11-01 14:37:56,890 INFO     ___FILE_ONLY___ ═
2022-11-01 14:37:56,922 INFO     ___FILE_ONLY___ ═
2022-11-01 14:37:56,931 INFO     ___FILE_ONLY___ ═
2022-11-01 14:37:56,940 INFO     ___FILE_ONLY___ ═
2022-11-01 14:37:56,951 INFO     ___FILE_ONLY___ ═
2022-11-01 14:37:56,962 INFO     ___FILE_ONLY___ ═
2022-11-01 14:37:56,971 INFO     ___FILE_ONLY___ ═
2022-11-01 14:37:56,980 INFO     ___FILE_ONLY___ ═
2022-11-01 14:37:56,993 INFO     ___FILE_ONLY___ ═
2022-11-01 14:37:57,006 INFO     ___FILE_ONLY___ ═
2022-11-01 14:37:57,014 INFO     ___FILE_ONLY___ ═
2022-11-01 14:37:57,024 INFO     ___FILE_ONLY___ ═
2022-11-01 14:37:57,042 INFO     ___FILE_ONLY___ ═
2022-11-01 14:37:57,055 INFO     ___FILE_ONLY___ ═
2022-11-01 14:37:57,065 INFO     ___FILE_ONLY___ ═
2022-11-01 14:37:57,065 INFO     ___FILE_ONLY___ ╝

2022-11-01 14:37:57,576 INFO     ___FILE_ONLY___ ╔════════════════════════════════════════════════════════════╗

2022-11-01 14:37:57,576 INFO     ___FILE_ONLY___ ╠═ Installing: BigQuery Command Line Tool                   ═╣

2022-11-01 14:37:57,576 INFO     ___FILE_ONLY___ ╚
2022-11-01 14:37:57,651 DEBUG    urllib3.connectionpool Starting new HTTPS connection (1): dl.google.com:443
2022-11-01 14:37:57,831 DEBUG    urllib3.connectionpool https://dl.google.com:443 "GET /dl/cloudsdk/channels/rapid/components/google-cloud-sdk-bq-20221028134157.tar.gz HTTP/1.1" 200 1689637
2022-11-01 14:37:58,153 INFO     ___FILE_ONLY___ ═
2022-11-01 14:37:58,154 INFO     ___FILE_ONLY___ ═
2022-11-01 14:37:58,154 INFO     ___FILE_ONLY___ ═
2022-11-01 14:37:58,154 INFO     ___FILE_ONLY___ ═
2022-11-01 14:37:58,154 INFO     ___FILE_ONLY___ ═
2022-11-01 14:37:58,154 INFO     ___FILE_ONLY___ ═
2022-11-01 14:37:58,155 INFO     ___FILE_ONLY___ ═
2022-11-01 14:37:58,155 INFO     ___FILE_ONLY___ ═
2022-11-01 14:37:58,155 INFO     ___FILE_ONLY___ ═
2022-11-01 14:37:58,156 INFO     ___FILE_ONLY___ ═
2022-11-01 14:37:58,156 INFO     ___FILE_ONLY___ ═
2022-11-01 14:37:58,156 INFO     ___FILE_ONLY___ ═
2022-11-01 14:37:58,156 INFO     ___FILE_ONLY___ ═
2022-11-01 14:37:58,157 INFO     ___FILE_ONLY___ ═
2022-11-01 14:37:58,157 INFO     ___FILE_ONLY___ ═
2022-11-01 14:37:58,157 INFO     ___FILE_ONLY___ ═
2022-11-01 14:37:58,157 INFO     ___FILE_ONLY___ ═
2022-11-01 14:37:58,157 INFO     ___FILE_ONLY___ ═
2022-11-01 14:37:58,158 INFO     ___FILE_ONLY___ ═
2022-11-01 14:37:58,158 INFO     ___FILE_ONLY___ ═
2022-11-01 14:37:58,158 INFO     ___FILE_ONLY___ ═
2022-11-01 14:37:58,158 INFO     ___FILE_ONLY___ ═
2022-11-01 14:37:58,158 INFO     ___FILE_ONLY___ ═
2022-11-01 14:37:58,158 INFO     ___FILE_ONLY___ ═
2022-11-01 14:37:58,159 INFO     ___FILE_ONLY___ ═
2022-11-01 14:37:58,159 INFO     ___FILE_ONLY___ ═
2022-11-01 14:37:58,159 INFO     ___FILE_ONLY___ ═
2022-11-01 14:37:58,159 INFO     ___FILE_ONLY___ ═
2022-11-01 14:37:58,159 INFO     ___FILE_ONLY___ ═
2022-11-01 14:37:58,160 INFO     ___FILE_ONLY___ ═
2022-11-01 14:37:58,267 INFO     ___FILE_ONLY___ ═
2022-11-01 14:37:58,274 INFO     ___FILE_ONLY___ ═
2022-11-01 14:37:58,279 INFO     ___FILE_ONLY___ ═
2022-11-01 14:37:58,288 INFO     ___FILE_ONLY___ ═
2022-11-01 14:37:58,294 INFO     ___FILE_ONLY___ ═
2022-11-01 14:37:58,299 INFO     ___FILE_ONLY___ ═
2022-11-01 14:37:58,304 INFO     ___FILE_ONLY___ ═
2022-11-01 14:37:58,310 INFO     ___FILE_ONLY___ ═
2022-11-01 14:37:58,317 INFO     ___FILE_ONLY___ ═
2022-11-01 14:37:58,323 INFO     ___FILE_ONLY___ ═
2022-11-01 14:37:58,329 INFO     ___FILE_ONLY___ ═
2022-11-01 14:37:58,335 INFO     ___FILE_ONLY___ ═
2022-11-01 14:37:58,341 INFO     ___FILE_ONLY___ ═
2022-11-01 14:37:58,350 INFO     ___FILE_ONLY___ ═
2022-11-01 14:37:58,357 INFO     ___FILE_ONLY___ ═
2022-11-01 14:37:58,363 INFO     ___FILE_ONLY___ ═
2022-11-01 14:37:58,368 INFO     ___FILE_ONLY___ ═
2022-11-01 14:37:58,375 INFO     ___FILE_ONLY___ ═
2022-11-01 14:37:58,380 INFO     ___FILE_ONLY___ ═
2022-11-01 14:37:58,387 INFO     ___FILE_ONLY___ ═
2022-11-01 14:37:58,396 INFO     ___FILE_ONLY___ ═
2022-11-01 14:37:58,403 INFO     ___FILE_ONLY___ ═
2022-11-01 14:37:58,410 INFO     ___FILE_ONLY___ ═
2022-11-01 14:37:58,417 INFO     ___FILE_ONLY___ ═
2022-11-01 14:37:58,425 INFO     ___FILE_ONLY___ ═
2022-11-01 14:37:58,433 INFO     ___FILE_ONLY___ ═
2022-11-01 14:37:58,443 INFO     ___FILE_ONLY___ ═
2022-11-01 14:37:58,450 INFO     ___FILE_ONLY___ ═
2022-11-01 14:37:58,458 INFO     ___FILE_ONLY___ ═
2022-11-01 14:37:58,465 INFO     ___FILE_ONLY___ ═
2022-11-01 14:37:58,465 INFO     ___FILE_ONLY___ ╝

2022-11-01 14:37:58,492 INFO     ___FILE_ONLY___ ╔════════════════════════════════════════════════════════════╗

2022-11-01 14:37:58,493 INFO     ___FILE_ONLY___ ╠═ Installing: Cloud Storage Command Line Tool              ═╣

2022-11-01 14:37:58,493 INFO     ___FILE_ONLY___ ╚
2022-11-01 14:37:58,499 DEBUG    urllib3.connectionpool Starting new HTTPS connection (1): dl.google.com:443
2022-11-01 14:37:58,608 DEBUG    urllib3.connectionpool https://dl.google.com:443 "GET /dl/cloudsdk/channels/rapid/components/google-cloud-sdk-gsutil-20221028134157.tar.gz HTTP/1.1" 200 16295859
2022-11-01 14:37:59,975 INFO     ___FILE_ONLY___ ═
2022-11-01 14:37:59,976 INFO     ___FILE_ONLY___ ═
2022-11-01 14:37:59,977 INFO     ___FILE_ONLY___ ═
2022-11-01 14:37:59,983 INFO     ___FILE_ONLY___ ═
2022-11-01 14:37:59,984 INFO     ___FILE_ONLY___ ═
2022-11-01 14:37:59,985 INFO     ___FILE_ONLY___ ═
2022-11-01 14:37:59,986 INFO     ___FILE_ONLY___ ═
2022-11-01 14:37:59,988 INFO     ___FILE_ONLY___ ═
2022-11-01 14:37:59,988 INFO     ___FILE_ONLY___ ═
2022-11-01 14:37:59,989 INFO     ___FILE_ONLY___ ═
2022-11-01 14:37:59,990 INFO     ___FILE_ONLY___ ═
2022-11-01 14:37:59,992 INFO     ___FILE_ONLY___ ═
2022-11-01 14:37:59,994 INFO     ___FILE_ONLY___ ═
2022-11-01 14:37:59,997 INFO     ___FILE_ONLY___ ═
2022-11-01 14:37:59,999 INFO     ___FILE_ONLY___ ═
2022-11-01 14:38:00,001 INFO     ___FILE_ONLY___ ═
2022-11-01 14:38:00,002 INFO     ___FILE_ONLY___ ═
2022-11-01 14:38:00,004 INFO     ___FILE_ONLY___ ═
2022-11-01 14:38:00,004 INFO     ___FILE_ONLY___ ═
2022-11-01 14:38:00,005 INFO     ___FILE_ONLY___ ═
2022-11-01 14:38:00,006 INFO     ___FILE_ONLY___ ═
2022-11-01 14:38:00,007 INFO     ___FILE_ONLY___ ═
2022-11-01 14:38:00,008 INFO     ___FILE_ONLY___ ═
2022-11-01 14:38:00,009 INFO     ___FILE_ONLY___ ═
2022-11-01 14:38:00,014 INFO     ___FILE_ONLY___ ═
2022-11-01 14:38:00,015 INFO     ___FILE_ONLY___ ═
2022-11-01 14:38:00,016 INFO     ___FILE_ONLY___ ═
2022-11-01 14:38:00,017 INFO     ___FILE_ONLY___ ═
2022-11-01 14:38:00,018 INFO     ___FILE_ONLY___ ═
2022-11-01 14:38:00,019 INFO     ___FILE_ONLY___ ═
2022-11-01 14:38:01,906 INFO     ___FILE_ONLY___ ═
2022-11-01 14:38:02,000 INFO     ___FILE_ONLY___ ═
2022-11-01 14:38:02,068 INFO     ___FILE_ONLY___ ═
2022-11-01 14:38:02,140 INFO     ___FILE_ONLY___ ═
2022-11-01 14:38:02,280 INFO     ___FILE_ONLY___ ═
2022-11-01 14:38:02,341 INFO     ___FILE_ONLY___ ═
2022-11-01 14:38:02,406 INFO     ___FILE_ONLY___ ═
2022-11-01 14:38:02,474 INFO     ___FILE_ONLY___ ═
2022-11-01 14:38:02,538 INFO     ___FILE_ONLY___ ═
2022-11-01 14:38:02,600 INFO     ___FILE_ONLY___ ═
2022-11-01 14:38:02,670 INFO     ___FILE_ONLY___ ═
2022-11-01 14:38:02,755 INFO     ___FILE_ONLY___ ═
2022-11-01 14:38:02,851 INFO     ___FILE_ONLY___ ═
2022-11-01 14:38:03,019 INFO     ___FILE_ONLY___ ═
2022-11-01 14:38:03,097 INFO     ___FILE_ONLY___ ═
2022-11-01 14:38:03,157 INFO     ___FILE_ONLY___ ═
2022-11-01 14:38:03,224 INFO     ___FILE_ONLY___ ═
2022-11-01 14:38:03,297 INFO     ___FILE_ONLY___ ═
2022-11-01 14:38:03,355 INFO     ___FILE_ONLY___ ═
2022-11-01 14:38:03,419 INFO     ___FILE_ONLY___ ═
2022-11-01 14:38:03,482 INFO     ___FILE_ONLY___ ═
2022-11-01 14:38:03,554 INFO     ___FILE_ONLY___ ═
2022-11-01 14:38:03,629 INFO     ___FILE_ONLY___ ═
2022-11-01 14:38:03,692 INFO     ___FILE_ONLY___ ═
2022-11-01 14:38:03,763 INFO     ___FILE_ONLY___ ═
2022-11-01 14:38:03,828 INFO     ___FILE_ONLY___ ═
2022-11-01 14:38:03,888 INFO     ___FILE_ONLY___ ═
2022-11-01 14:38:03,943 INFO     ___FILE_ONLY___ ═
2022-11-01 14:38:03,997 INFO     ___FILE_ONLY___ ═
2022-11-01 14:38:04,073 INFO     ___FILE_ONLY___ ═
2022-11-01 14:38:04,074 INFO     ___FILE_ONLY___ ╝

2022-11-01 14:38:04,158 INFO     ___FILE_ONLY___ ╔════════════════════════════════════════════════════════════╗

2022-11-01 14:38:04,158 INFO     ___FILE_ONLY___ ╠═ Installing: Google Cloud CLI Core Libraries              ═╣

2022-11-01 14:38:04,159 INFO     ___FILE_ONLY___ ╚
2022-11-01 14:38:04,164 DEBUG    urllib3.connectionpool Starting new HTTPS connection (1): dl.google.com:443
2022-11-01 14:38:04,281 DEBUG    urllib3.connectionpool https://dl.google.com:443 "GET /dl/cloudsdk/channels/rapid/components/google-cloud-sdk-core-20221028134157.tar.gz HTTP/1.1" 200 26335424
2022-11-01 14:38:07,234 INFO     ___FILE_ONLY___ ═
2022-11-01 14:38:07,236 INFO     ___FILE_ONLY___ ═
2022-11-01 14:38:07,237 INFO     ___FILE_ONLY___ ═
2022-11-01 14:38:07,239 INFO     ___FILE_ONLY___ ═
2022-11-01 14:38:07,240 INFO     ___FILE_ONLY___ ═
2022-11-01 14:38:07,241 INFO     ___FILE_ONLY___ ═
2022-11-01 14:38:07,243 INFO     ___FILE_ONLY___ ═
2022-11-01 14:38:07,244 INFO     ___FILE_ONLY___ ═
2022-11-01 14:38:07,246 INFO     ___FILE_ONLY___ ═
2022-11-01 14:38:07,247 INFO     ___FILE_ONLY___ ═
2022-11-01 14:38:07,249 INFO     ___FILE_ONLY___ ═
2022-11-01 14:38:07,250 INFO     ___FILE_ONLY___ ═
2022-11-01 14:38:07,251 INFO     ___FILE_ONLY___ ═
2022-11-01 14:38:07,252 INFO     ___FILE_ONLY___ ═
2022-11-01 14:38:07,253 INFO     ___FILE_ONLY___ ═
2022-11-01 14:38:07,255 INFO     ___FILE_ONLY___ ═
2022-11-01 14:38:07,256 INFO     ___FILE_ONLY___ ═
2022-11-01 14:38:07,257 INFO     ___FILE_ONLY___ ═
2022-11-01 14:38:07,258 INFO     ___FILE_ONLY___ ═
2022-11-01 14:38:07,260 INFO     ___FILE_ONLY___ ═
2022-11-01 14:38:07,261 INFO     ___FILE_ONLY___ ═
2022-11-01 14:38:07,262 INFO     ___FILE_ONLY___ ═
2022-11-01 14:38:07,263 INFO     ___FILE_ONLY___ ═
2022-11-01 14:38:07,264 INFO     ___FILE_ONLY___ ═
2022-11-01 14:38:07,265 INFO     ___FILE_ONLY___ ═
2022-11-01 14:38:07,267 INFO     ___FILE_ONLY___ ═
2022-11-01 14:38:07,268 INFO     ___FILE_ONLY___ ═
2022-11-01 14:38:07,269 INFO     ___FILE_ONLY___ ═
2022-11-01 14:38:07,272 INFO     ___FILE_ONLY___ ═
2022-11-01 14:38:07,273 INFO     ___FILE_ONLY___ ═
2022-11-01 14:38:09,599 INFO     ___FILE_ONLY___ ═
2022-11-01 14:38:09,712 INFO     ___FILE_ONLY___ ═
2022-11-01 14:38:09,831 INFO     ___FILE_ONLY___ ═
2022-11-01 14:38:09,952 INFO     ___FILE_ONLY___ ═
2022-11-01 14:38:10,060 INFO     ___FILE_ONLY___ ═
2022-11-01 14:38:10,166 INFO     ___FILE_ONLY___ ═
2022-11-01 14:38:10,280 INFO     ___FILE_ONLY___ ═
2022-11-01 14:38:10,435 INFO     ___FILE_ONLY___ ═
2022-11-01 14:38:10,644 INFO     ___FILE_ONLY___ ═
2022-11-01 14:38:10,952 INFO     ___FILE_ONLY___ ═
2022-11-01 14:38:11,153 INFO     ___FILE_ONLY___ ═
2022-11-01 14:38:11,342 INFO     ___FILE_ONLY___ ═
2022-11-01 14:38:11,545 INFO     ___FILE_ONLY___ ═
2022-11-01 14:38:11,644 INFO     ___FILE_ONLY___ ═
2022-11-01 14:38:11,747 INFO     ___FILE_ONLY___ ═
2022-11-01 14:38:11,859 INFO     ___FILE_ONLY___ ═
2022-11-01 14:38:11,968 INFO     ___FILE_ONLY___ ═
2022-11-01 14:38:12,081 INFO     ___FILE_ONLY___ ═
2022-11-01 14:38:12,185 INFO     ___FILE_ONLY___ ═
2022-11-01 14:38:12,298 INFO     ___FILE_ONLY___ ═
2022-11-01 14:38:12,407 INFO     ___FILE_ONLY___ ═
2022-11-01 14:38:12,521 INFO     ___FILE_ONLY___ ═
2022-11-01 14:38:12,620 INFO     ___FILE_ONLY___ ═
2022-11-01 14:38:12,716 INFO     ___FILE_ONLY___ ═
2022-11-01 14:38:12,813 INFO     ___FILE_ONLY___ ═
2022-11-01 14:38:12,911 INFO     ___FILE_ONLY___ ═
2022-11-01 14:38:13,031 INFO     ___FILE_ONLY___ ═
2022-11-01 14:38:13,172 INFO     ___FILE_ONLY___ ═
2022-11-01 14:38:13,279 INFO     ___FILE_ONLY___ ═
2022-11-01 14:38:13,400 INFO     ___FILE_ONLY___ ═
2022-11-01 14:38:13,400 INFO     ___FILE_ONLY___ ╝

2022-11-01 14:38:13,514 INFO     ___FILE_ONLY___ ╔════════════════════════════════════════════════════════════╗

2022-11-01 14:38:13,516 INFO     ___FILE_ONLY___ ╠═ Installing: gcloud Alpha Commands                        ═╣

2022-11-01 14:38:13,516 INFO     ___FILE_ONLY___ ╚
2022-11-01 14:38:13,522 DEBUG    urllib3.connectionpool Starting new HTTPS connection (1): dl.google.com:443
2022-11-01 14:38:13,609 DEBUG    urllib3.connectionpool https://dl.google.com:443 "GET /dl/cloudsdk/channels/rapid/components/google-cloud-sdk-alpha-20221028134157.tar.gz HTTP/1.1" 200 800
2022-11-01 14:38:13,610 INFO     ___FILE_ONLY___ ══════════════════════════════
2022-11-01 14:38:13,611 INFO     ___FILE_ONLY___ ══════════════════════════════
2022-11-01 14:38:13,611 INFO     ___FILE_ONLY___ ╝

2022-11-01 14:38:13,622 INFO     ___FILE_ONLY___ ╔════════════════════════════════════════════════════════════╗

2022-11-01 14:38:13,623 INFO     ___FILE_ONLY___ ╠═ Installing: gcloud Beta Commands                         ═╣

2022-11-01 14:38:13,623 INFO     ___FILE_ONLY___ ╚
2022-11-01 14:38:13,628 DEBUG    urllib3.connectionpool Starting new HTTPS connection (1): dl.google.com:443
2022-11-01 14:38:13,725 DEBUG    urllib3.connectionpool https://dl.google.com:443 "GET /dl/cloudsdk/channels/rapid/components/google-cloud-sdk-beta-20221028134157.tar.gz HTTP/1.1" 200 797
2022-11-01 14:38:13,733 INFO     ___FILE_ONLY___ ══════════════════════════════
2022-11-01 14:38:13,734 INFO     ___FILE_ONLY___ ══════════════════════════════
2022-11-01 14:38:13,734 INFO     ___FILE_ONLY___ ╝

2022-11-01 14:38:13,747 INFO     ___FILE_ONLY___ ╔════════════════════════════════════════════════════════════╗

2022-11-01 14:38:13,748 INFO     ___FILE_ONLY___ ╠═ Installing: gcloud cli dependencies                      ═╣

2022-11-01 14:38:13,749 INFO     ___FILE_ONLY___ ╚
2022-11-01 14:38:13,755 DEBUG    urllib3.connectionpool Starting new HTTPS connection (1): dl.google.com:443
2022-11-01 14:38:14,146 DEBUG    urllib3.connectionpool https://dl.google.com:443 "GET /dl/cloudsdk/channels/rapid/components/google-cloud-sdk-gcloud-deps-20221028134157.tar.gz HTTP/1.1" 200 11806585
2022-11-01 14:38:15,362 INFO     ___FILE_ONLY___ ═
2022-11-01 14:38:15,363 INFO     ___FILE_ONLY___ ═
2022-11-01 14:38:15,365 INFO     ___FILE_ONLY___ ═
2022-11-01 14:38:15,366 INFO     ___FILE_ONLY___ ═
2022-11-01 14:38:15,367 INFO     ___FILE_ONLY___ ═
2022-11-01 14:38:15,368 INFO     ___FILE_ONLY___ ═
2022-11-01 14:38:15,369 INFO     ___FILE_ONLY___ ═
2022-11-01 14:38:15,370 INFO     ___FILE_ONLY___ ═
2022-11-01 14:38:15,372 INFO     ___FILE_ONLY___ ═
2022-11-01 14:38:15,373 INFO     ___FILE_ONLY___ ═
2022-11-01 14:38:15,375 INFO     ___FILE_ONLY___ ═
2022-11-01 14:38:15,376 INFO     ___FILE_ONLY___ ═
2022-11-01 14:38:15,377 INFO     ___FILE_ONLY___ ═
2022-11-01 14:38:15,378 INFO     ___FILE_ONLY___ ═
2022-11-01 14:38:15,379 INFO     ___FILE_ONLY___ ═
2022-11-01 14:38:15,380 INFO     ___FILE_ONLY___ ═
2022-11-01 14:38:15,381 INFO     ___FILE_ONLY___ ═
2022-11-01 14:38:15,382 INFO     ___FILE_ONLY___ ═
2022-11-01 14:38:15,383 INFO     ___FILE_ONLY___ ═
2022-11-01 14:38:15,384 INFO     ___FILE_ONLY___ ═
2022-11-01 14:38:15,384 INFO     ___FILE_ONLY___ ═
2022-11-01 14:38:15,386 INFO     ___FILE_ONLY___ ═
2022-11-01 14:38:15,387 INFO     ___FILE_ONLY___ ═
2022-11-01 14:38:15,388 INFO     ___FILE_ONLY___ ═
2022-11-01 14:38:15,391 INFO     ___FILE_ONLY___ ═
2022-11-01 14:38:15,393 INFO     ___FILE_ONLY___ ═
2022-11-01 14:38:15,395 INFO     ___FILE_ONLY___ ═
2022-11-01 14:38:15,396 INFO     ___FILE_ONLY___ ═
2022-11-01 14:38:15,398 INFO     ___FILE_ONLY___ ═
2022-11-01 14:38:15,401 INFO     ___FILE_ONLY___ ═
2022-11-01 14:38:16,335 INFO     ___FILE_ONLY___ ═
2022-11-01 14:38:16,423 INFO     ___FILE_ONLY___ ═
2022-11-01 14:38:16,533 INFO     ___FILE_ONLY___ ═
2022-11-01 14:38:16,617 INFO     ___FILE_ONLY___ ═
2022-11-01 14:38:16,717 INFO     ___FILE_ONLY___ ═
2022-11-01 14:38:16,825 INFO     ___FILE_ONLY___ ═
2022-11-01 14:38:16,878 INFO     ___FILE_ONLY___ ═
2022-11-01 14:38:16,918 INFO     ___FILE_ONLY___ ═
2022-11-01 14:38:16,964 INFO     ___FILE_ONLY___ ═
2022-11-01 14:38:17,018 INFO     ___FILE_ONLY___ ═
2022-11-01 14:38:17,153 INFO     ___FILE_ONLY___ ═
2022-11-01 14:38:17,227 INFO     ___FILE_ONLY___ ═
2022-11-01 14:38:17,272 INFO     ___FILE_ONLY___ ═
2022-11-01 14:38:17,311 INFO     ___FILE_ONLY___ ═
2022-11-01 14:38:17,354 INFO     ___FILE_ONLY___ ═
2022-11-01 14:38:17,402 INFO     ___FILE_ONLY___ ═
2022-11-01 14:38:17,446 INFO     ___FILE_ONLY___ ═
2022-11-01 14:38:17,498 INFO     ___FILE_ONLY___ ═
2022-11-01 14:38:17,553 INFO     ___FILE_ONLY___ ═
2022-11-01 14:38:17,603 INFO     ___FILE_ONLY___ ═
2022-11-01 14:38:17,650 INFO     ___FILE_ONLY___ ═
2022-11-01 14:38:17,696 INFO     ___FILE_ONLY___ ═
2022-11-01 14:38:17,741 INFO     ___FILE_ONLY___ ═
2022-11-01 14:38:17,783 INFO     ___FILE_ONLY___ ═
2022-11-01 14:38:17,821 INFO     ___FILE_ONLY___ ═
2022-11-01 14:38:17,862 INFO     ___FILE_ONLY___ ═
2022-11-01 14:38:17,918 INFO     ___FILE_ONLY___ ═
2022-11-01 14:38:17,979 INFO     ___FILE_ONLY___ ═
2022-11-01 14:38:18,029 INFO     ___FILE_ONLY___ ═
2022-11-01 14:38:18,079 INFO     ___FILE_ONLY___ ═
2022-11-01 14:38:18,079 INFO     ___FILE_ONLY___ ╝

2022-11-01 14:38:18,143 INFO     ___FILE_ONLY___ ╔════════════════════════════════════════════════════════════╗

2022-11-01 14:38:18,144 INFO     ___FILE_ONLY___ ╠═ Creating backup and activating new installation          ═╣

2022-11-01 14:38:18,144 INFO     ___FILE_ONLY___ ╚
2022-11-01 14:38:18,145 DEBUG    root            Attempting to move directory [/Users/satyampatel/Library/Application Support/cloud-code/installer/google-cloud-sdk] to [/Users/satyampatel/Library/Application Support/cloud-code/installer/google-cloud-sdk.staging/.install/.backup]
2022-11-01 14:38:18,146 INFO     ___FILE_ONLY___ ══════════════════════════════
2022-11-01 14:38:18,146 DEBUG    root            Attempting to move directory [/Users/satyampatel/Library/Application Support/cloud-code/installer/google-cloud-sdk.staging] to [/Users/satyampatel/Library/Application Support/cloud-code/installer/google-cloud-sdk]
2022-11-01 14:38:18,146 INFO     ___FILE_ONLY___ ══════════════════════════════
2022-11-01 14:38:18,146 INFO     ___FILE_ONLY___ ╝

2022-11-01 14:38:18,160 DEBUG    root            Updating notification cache...
2022-11-01 14:38:18,161 INFO     ___FILE_ONLY___ 

2022-11-01 14:38:18,167 INFO     ___FILE_ONLY___ Performing post processing steps...
2022-11-01 14:38:18,169 DEBUG    root            Executing command: ['/usr/local/bin/python3', '-S', '/Users/satyampatel/Library/Application Support/cloud-code/installer/google-cloud-sdk/lib/gcloud.py', 'components', 'post-process']
2022-11-01 14:38:46,164 DEBUG    ___FILE_ONLY___ 
2022-11-01 14:38:46,167 DEBUG    ___FILE_ONLY___ 
2022-11-01 14:38:46,297 INFO     ___FILE_ONLY___ 
Update done!


2022-11-01 14:38:46,298 INFO     ___FILE_ONLY___ To revert your CLI to the previously installed version, you may run:
  $ gcloud components update --version 407.0.0


2022-11-01 14:38:46,309 WARNING  root              There are other instances of Google Cloud tools on your system PATH.
  Please remove the following to avoid confusion or accidental invocation:

  /Applications/Docker.app/Contents/Resources/bin/kubectl

  
2022-11-01 14:38:46,316 INFO     root            Display format: "none"
