2022-11-01 15:36:30,588 DEBUG    root            Loaded Command Group: ['gcloud', 'components']
2022-11-01 15:36:30,596 DEBUG    root            Loaded Command Group: ['gcloud', 'components', 'list']
2022-11-01 15:36:30,600 DEBUG    root            Running [gcloud.components.list] with arguments: [--format: "json", --quiet: "True", --verbosity: "warning"]
2022-11-01 15:36:30,629 DEBUG    urllib3.connectionpool Starting new HTTPS connection (1): dl.google.com:443
2022-11-01 15:36:30,756 DEBUG    urllib3.connectionpool https://dl.google.com:443 "GET /dl/cloudsdk/channels/rapid/components-2.json HTTP/1.1" 200 203446
2022-11-01 15:36:30,834 INFO     ___FILE_ONLY___ 
Your current Google Cloud CLI version is: 408.0.0

2022-11-01 15:36:30,834 INFO     ___FILE_ONLY___ The latest available version is: 408.0.0

2022-11-01 15:36:30,834 INFO     ___FILE_ONLY___ 

2022-11-01 15:36:30,837 INFO     root            Display format: "table[box,title="Components"](state.name:label=Status,name:label=Name,id:label=ID,size.size(zero="",min=1048576):label=Size:align=right) json"
2022-11-01 15:36:30,838 INFO     ___FILE_ONLY___ [
  {
2022-11-01 15:36:30,839 INFO     ___FILE_ONLY___ 
    "current_version_string": null,
2022-11-01 15:36:30,839 INFO     ___FILE_ONLY___ 
    "id": "app-engine-go",
2022-11-01 15:36:30,839 INFO     ___FILE_ONLY___ 
    "is_configuration": false,
2022-11-01 15:36:30,839 INFO     ___FILE_ONLY___ 
    "is_hidden": false,
2022-11-01 15:36:30,839 INFO     ___FILE_ONLY___ 
    "latest_version_string": "1.9.72",
2022-11-01 15:36:30,839 INFO     ___FILE_ONLY___ 
    "name": "App Engine Go Extensions",
2022-11-01 15:36:30,840 INFO     ___FILE_ONLY___ 
    "platform": {
2022-11-01 15:36:30,840 INFO     ___FILE_ONLY___ 
      "architecture": {
2022-11-01 15:36:30,840 INFO     ___FILE_ONLY___ 
        "file_name": "x86_64",
2022-11-01 15:36:30,840 INFO     ___FILE_ONLY___ 
        "id": "x86_64",
2022-11-01 15:36:30,840 INFO     ___FILE_ONLY___ 
        "name": "x86_64"
2022-11-01 15:36:30,840 INFO     ___FILE_ONLY___ 
      },
2022-11-01 15:36:30,841 INFO     ___FILE_ONLY___ 
      "operating_system": {
2022-11-01 15:36:30,841 INFO     ___FILE_ONLY___ 
        "file_name": "darwin",
2022-11-01 15:36:30,841 INFO     ___FILE_ONLY___ 
        "id": "MACOSX",
2022-11-01 15:36:30,841 INFO     ___FILE_ONLY___ 
        "name": "Mac OS X"
2022-11-01 15:36:30,841 INFO     ___FILE_ONLY___ 
      }
2022-11-01 15:36:30,841 INFO     ___FILE_ONLY___ 
    },
2022-11-01 15:36:30,841 INFO     ___FILE_ONLY___ 
    "platform_required": false,
2022-11-01 15:36:30,842 INFO     ___FILE_ONLY___ 
    "size": 4320254,
2022-11-01 15:36:30,842 INFO     ___FILE_ONLY___ 
    "state": {
2022-11-01 15:36:30,842 INFO     ___FILE_ONLY___ 
      "name": "Not Installed"
2022-11-01 15:36:30,842 INFO     ___FILE_ONLY___ 
    }
2022-11-01 15:36:30,842 INFO     ___FILE_ONLY___ 
  }
2022-11-01 15:36:30,843 INFO     ___FILE_ONLY___ ,
  {
2022-11-01 15:36:30,844 INFO     ___FILE_ONLY___ 
    "current_version_string": null,
2022-11-01 15:36:30,844 INFO     ___FILE_ONLY___ 
    "id": "appctl",
2022-11-01 15:36:30,844 INFO     ___FILE_ONLY___ 
    "is_configuration": false,
2022-11-01 15:36:30,844 INFO     ___FILE_ONLY___ 
    "is_hidden": false,
2022-11-01 15:36:30,844 INFO     ___FILE_ONLY___ 
    "latest_version_string": "0.1.12",
2022-11-01 15:36:30,844 INFO     ___FILE_ONLY___ 
    "name": "Appctl",
2022-11-01 15:36:30,844 INFO     ___FILE_ONLY___ 
    "platform": {
2022-11-01 15:36:30,844 INFO     ___FILE_ONLY___ 
      "architecture": {
2022-11-01 15:36:30,845 INFO     ___FILE_ONLY___ 
        "file_name": "x86_64",
2022-11-01 15:36:30,845 INFO     ___FILE_ONLY___ 
        "id": "x86_64",
2022-11-01 15:36:30,845 INFO     ___FILE_ONLY___ 
        "name": "x86_64"
2022-11-01 15:36:30,845 INFO     ___FILE_ONLY___ 
      },
2022-11-01 15:36:30,845 INFO     ___FILE_ONLY___ 
      "operating_system": {
2022-11-01 15:36:30,845 INFO     ___FILE_ONLY___ 
        "file_name": "darwin",
2022-11-01 15:36:30,845 INFO     ___FILE_ONLY___ 
        "id": "MACOSX",
2022-11-01 15:36:30,845 INFO     ___FILE_ONLY___ 
        "name": "Mac OS X"
2022-11-01 15:36:30,846 INFO     ___FILE_ONLY___ 
      }
2022-11-01 15:36:30,846 INFO     ___FILE_ONLY___ 
    },
2022-11-01 15:36:30,847 INFO     ___FILE_ONLY___ 
    "platform_required": false,
2022-11-01 15:36:30,847 INFO     ___FILE_ONLY___ 
    "size": 19381598,
2022-11-01 15:36:30,847 INFO     ___FILE_ONLY___ 
    "state": {
2022-11-01 15:36:30,847 INFO     ___FILE_ONLY___ 
      "name": "Not Installed"
2022-11-01 15:36:30,848 INFO     ___FILE_ONLY___ 
    }
2022-11-01 15:36:30,848 INFO     ___FILE_ONLY___ 
  }
2022-11-01 15:36:30,849 INFO     ___FILE_ONLY___ ,
  {
2022-11-01 15:36:30,849 INFO     ___FILE_ONLY___ 
    "current_version_string": null,
2022-11-01 15:36:30,849 INFO     ___FILE_ONLY___ 
    "id": "package-go-module",
2022-11-01 15:36:30,849 INFO     ___FILE_ONLY___ 
    "is_configuration": false,
2022-11-01 15:36:30,849 INFO     ___FILE_ONLY___ 
    "is_hidden": false,
2022-11-01 15:36:30,849 INFO     ___FILE_ONLY___ 
    "latest_version_string": "0.3.0",
2022-11-01 15:36:30,850 INFO     ___FILE_ONLY___ 
    "name": "Artifact Registry Go Module Package Helper",
2022-11-01 15:36:30,850 INFO     ___FILE_ONLY___ 
    "platform": {
2022-11-01 15:36:30,850 INFO     ___FILE_ONLY___ 
      "architecture": {
2022-11-01 15:36:30,850 INFO     ___FILE_ONLY___ 
        "file_name": "x86_64",
2022-11-01 15:36:30,850 INFO     ___FILE_ONLY___ 
        "id": "x86_64",
2022-11-01 15:36:30,850 INFO     ___FILE_ONLY___ 
        "name": "x86_64"
2022-11-01 15:36:30,850 INFO     ___FILE_ONLY___ 
      },
2022-11-01 15:36:30,850 INFO     ___FILE_ONLY___ 
      "operating_system": {
2022-11-01 15:36:30,851 INFO     ___FILE_ONLY___ 
        "file_name": "darwin",
2022-11-01 15:36:30,851 INFO     ___FILE_ONLY___ 
        "id": "MACOSX",
2022-11-01 15:36:30,851 INFO     ___FILE_ONLY___ 
        "name": "Mac OS X"
2022-11-01 15:36:30,851 INFO     ___FILE_ONLY___ 
      }
2022-11-01 15:36:30,851 INFO     ___FILE_ONLY___ 
    },
2022-11-01 15:36:30,851 INFO     ___FILE_ONLY___ 
    "platform_required": false,
2022-11-01 15:36:30,851 INFO     ___FILE_ONLY___ 
    "size": 840902,
2022-11-01 15:36:30,851 INFO     ___FILE_ONLY___ 
    "state": {
2022-11-01 15:36:30,852 INFO     ___FILE_ONLY___ 
      "name": "Not Installed"
2022-11-01 15:36:30,852 INFO     ___FILE_ONLY___ 
    }
2022-11-01 15:36:30,852 INFO     ___FILE_ONLY___ 
  }
2022-11-01 15:36:30,853 INFO     ___FILE_ONLY___ ,
  {
2022-11-01 15:36:30,853 INFO     ___FILE_ONLY___ 
    "current_version_string": null,
2022-11-01 15:36:30,853 INFO     ___FILE_ONLY___ 
    "id": "cbt",
2022-11-01 15:36:30,853 INFO     ___FILE_ONLY___ 
    "is_configuration": false,
2022-11-01 15:36:30,853 INFO     ___FILE_ONLY___ 
    "is_hidden": false,
2022-11-01 15:36:30,853 INFO     ___FILE_ONLY___ 
    "latest_version_string": "0.12.1",
2022-11-01 15:36:30,854 INFO     ___FILE_ONLY___ 
    "name": "Cloud Bigtable Command Line Tool",
2022-11-01 15:36:30,854 INFO     ___FILE_ONLY___ 
    "platform": {
2022-11-01 15:36:30,854 INFO     ___FILE_ONLY___ 
      "architecture": {
2022-11-01 15:36:30,854 INFO     ___FILE_ONLY___ 
        "file_name": "x86_64",
2022-11-01 15:36:30,854 INFO     ___FILE_ONLY___ 
        "id": "x86_64",
2022-11-01 15:36:30,855 INFO     ___FILE_ONLY___ 
        "name": "x86_64"
2022-11-01 15:36:30,855 INFO     ___FILE_ONLY___ 
      },
2022-11-01 15:36:30,855 INFO     ___FILE_ONLY___ 
      "operating_system": {
2022-11-01 15:36:30,855 INFO     ___FILE_ONLY___ 
        "file_name": "darwin",
2022-11-01 15:36:30,855 INFO     ___FILE_ONLY___ 
        "id": "MACOSX",
2022-11-01 15:36:30,856 INFO     ___FILE_ONLY___ 
        "name": "Mac OS X"
2022-11-01 15:36:30,856 INFO     ___FILE_ONLY___ 
      }
2022-11-01 15:36:30,856 INFO     ___FILE_ONLY___ 
    },
2022-11-01 15:36:30,856 INFO     ___FILE_ONLY___ 
    "platform_required": false,
2022-11-01 15:36:30,857 INFO     ___FILE_ONLY___ 
    "size": 10479929,
2022-11-01 15:36:30,857 INFO     ___FILE_ONLY___ 
    "state": {
2022-11-01 15:36:30,857 INFO     ___FILE_ONLY___ 
      "name": "Not Installed"
2022-11-01 15:36:30,857 INFO     ___FILE_ONLY___ 
    }
2022-11-01 15:36:30,857 INFO     ___FILE_ONLY___ 
  }
2022-11-01 15:36:30,858 INFO     ___FILE_ONLY___ ,
  {
2022-11-01 15:36:30,858 INFO     ___FILE_ONLY___ 
    "current_version_string": null,
2022-11-01 15:36:30,858 INFO     ___FILE_ONLY___ 
    "id": "bigtable",
2022-11-01 15:36:30,858 INFO     ___FILE_ONLY___ 
    "is_configuration": false,
2022-11-01 15:36:30,858 INFO     ___FILE_ONLY___ 
    "is_hidden": false,
2022-11-01 15:36:30,858 INFO     ___FILE_ONLY___ 
    "latest_version_string": "",
2022-11-01 15:36:30,859 INFO     ___FILE_ONLY___ 
    "name": "Cloud Bigtable Emulator",
2022-11-01 15:36:30,859 INFO     ___FILE_ONLY___ 
    "platform": {
2022-11-01 15:36:30,859 INFO     ___FILE_ONLY___ 
      "architecture": {
2022-11-01 15:36:30,859 INFO     ___FILE_ONLY___ 
        "file_name": "x86_64",
2022-11-01 15:36:30,859 INFO     ___FILE_ONLY___ 
        "id": "x86_64",
2022-11-01 15:36:30,859 INFO     ___FILE_ONLY___ 
        "name": "x86_64"
2022-11-01 15:36:30,859 INFO     ___FILE_ONLY___ 
      },
2022-11-01 15:36:30,859 INFO     ___FILE_ONLY___ 
      "operating_system": {
2022-11-01 15:36:30,859 INFO     ___FILE_ONLY___ 
        "file_name": "darwin",
2022-11-01 15:36:30,860 INFO     ___FILE_ONLY___ 
        "id": "MACOSX",
2022-11-01 15:36:30,860 INFO     ___FILE_ONLY___ 
        "name": "Mac OS X"
2022-11-01 15:36:30,860 INFO     ___FILE_ONLY___ 
      }
2022-11-01 15:36:30,860 INFO     ___FILE_ONLY___ 
    },
2022-11-01 15:36:30,860 INFO     ___FILE_ONLY___ 
    "platform_required": false,
2022-11-01 15:36:30,860 INFO     ___FILE_ONLY___ 
    "size": 6842480,
2022-11-01 15:36:30,860 INFO     ___FILE_ONLY___ 
    "state": {
2022-11-01 15:36:30,860 INFO     ___FILE_ONLY___ 
      "name": "Not Installed"
2022-11-01 15:36:30,860 INFO     ___FILE_ONLY___ 
    }
2022-11-01 15:36:30,861 INFO     ___FILE_ONLY___ 
  }
2022-11-01 15:36:30,861 INFO     ___FILE_ONLY___ ,
  {
2022-11-01 15:36:30,861 INFO     ___FILE_ONLY___ 
    "current_version_string": null,
2022-11-01 15:36:30,862 INFO     ___FILE_ONLY___ 
    "id": "datalab",
2022-11-01 15:36:30,862 INFO     ___FILE_ONLY___ 
    "is_configuration": false,
2022-11-01 15:36:30,862 INFO     ___FILE_ONLY___ 
    "is_hidden": false,
2022-11-01 15:36:30,862 INFO     ___FILE_ONLY___ 
    "latest_version_string": "20190610",
2022-11-01 15:36:30,862 INFO     ___FILE_ONLY___ 
    "name": "Cloud Datalab Command Line Tool",
2022-11-01 15:36:30,862 INFO     ___FILE_ONLY___ 
    "platform": {
2022-11-01 15:36:30,863 INFO     ___FILE_ONLY___ 
      "architecture": {
2022-11-01 15:36:30,863 INFO     ___FILE_ONLY___ 
        "file_name": "x86_64",
2022-11-01 15:36:30,863 INFO     ___FILE_ONLY___ 
        "id": "x86_64",
2022-11-01 15:36:30,863 INFO     ___FILE_ONLY___ 
        "name": "x86_64"
2022-11-01 15:36:30,863 INFO     ___FILE_ONLY___ 
      },
2022-11-01 15:36:30,863 INFO     ___FILE_ONLY___ 
      "operating_system": {
2022-11-01 15:36:30,863 INFO     ___FILE_ONLY___ 
        "file_name": "darwin",
2022-11-01 15:36:30,863 INFO     ___FILE_ONLY___ 
        "id": "MACOSX",
2022-11-01 15:36:30,863 INFO     ___FILE_ONLY___ 
        "name": "Mac OS X"
2022-11-01 15:36:30,864 INFO     ___FILE_ONLY___ 
      }
2022-11-01 15:36:30,864 INFO     ___FILE_ONLY___ 
    },
2022-11-01 15:36:30,864 INFO     ___FILE_ONLY___ 
    "platform_required": false,
2022-11-01 15:36:30,864 INFO     ___FILE_ONLY___ 
    "size": 74849,
2022-11-01 15:36:30,864 INFO     ___FILE_ONLY___ 
    "state": {
2022-11-01 15:36:30,864 INFO     ___FILE_ONLY___ 
      "name": "Not Installed"
2022-11-01 15:36:30,864 INFO     ___FILE_ONLY___ 
    }
2022-11-01 15:36:30,864 INFO     ___FILE_ONLY___ 
  }
2022-11-01 15:36:30,865 INFO     ___FILE_ONLY___ ,
  {
2022-11-01 15:36:30,865 INFO     ___FILE_ONLY___ 
    "current_version_string": null,
2022-11-01 15:36:30,865 INFO     ___FILE_ONLY___ 
    "id": "cloud-datastore-emulator",
2022-11-01 15:36:30,865 INFO     ___FILE_ONLY___ 
    "is_configuration": false,
2022-11-01 15:36:30,865 INFO     ___FILE_ONLY___ 
    "is_hidden": false,
2022-11-01 15:36:30,865 INFO     ___FILE_ONLY___ 
    "latest_version_string": "2.3.0",
2022-11-01 15:36:30,865 INFO     ___FILE_ONLY___ 
    "name": "Cloud Datastore Emulator",
2022-11-01 15:36:30,865 INFO     ___FILE_ONLY___ 
    "platform": {
2022-11-01 15:36:30,865 INFO     ___FILE_ONLY___ 
      "architecture": {
2022-11-01 15:36:30,866 INFO     ___FILE_ONLY___ 
        "file_name": "x86_64",
2022-11-01 15:36:30,866 INFO     ___FILE_ONLY___ 
        "id": "x86_64",
2022-11-01 15:36:30,866 INFO     ___FILE_ONLY___ 
        "name": "x86_64"
2022-11-01 15:36:30,866 INFO     ___FILE_ONLY___ 
      },
2022-11-01 15:36:30,866 INFO     ___FILE_ONLY___ 
      "operating_system": {
2022-11-01 15:36:30,866 INFO     ___FILE_ONLY___ 
        "file_name": "darwin",
2022-11-01 15:36:30,866 INFO     ___FILE_ONLY___ 
        "id": "MACOSX",
2022-11-01 15:36:30,866 INFO     ___FILE_ONLY___ 
        "name": "Mac OS X"
2022-11-01 15:36:30,866 INFO     ___FILE_ONLY___ 
      }
2022-11-01 15:36:30,866 INFO     ___FILE_ONLY___ 
    },
2022-11-01 15:36:30,867 INFO     ___FILE_ONLY___ 
    "platform_required": false,
2022-11-01 15:36:30,867 INFO     ___FILE_ONLY___ 
    "size": 36755687,
2022-11-01 15:36:30,867 INFO     ___FILE_ONLY___ 
    "state": {
2022-11-01 15:36:30,867 INFO     ___FILE_ONLY___ 
      "name": "Not Installed"
2022-11-01 15:36:30,867 INFO     ___FILE_ONLY___ 
    }
2022-11-01 15:36:30,867 INFO     ___FILE_ONLY___ 
  }
2022-11-01 15:36:30,869 INFO     ___FILE_ONLY___ ,
  {
2022-11-01 15:36:30,869 INFO     ___FILE_ONLY___ 
    "current_version_string": null,
2022-11-01 15:36:30,869 INFO     ___FILE_ONLY___ 
    "id": "cloud-firestore-emulator",
2022-11-01 15:36:30,869 INFO     ___FILE_ONLY___ 
    "is_configuration": false,
2022-11-01 15:36:30,870 INFO     ___FILE_ONLY___ 
    "is_hidden": false,
2022-11-01 15:36:30,870 INFO     ___FILE_ONLY___ 
    "latest_version_string": "1.14.4",
2022-11-01 15:36:30,870 INFO     ___FILE_ONLY___ 
    "name": "Cloud Firestore Emulator",
2022-11-01 15:36:30,870 INFO     ___FILE_ONLY___ 
    "platform": {
2022-11-01 15:36:30,870 INFO     ___FILE_ONLY___ 
      "architecture": {
2022-11-01 15:36:30,871 INFO     ___FILE_ONLY___ 
        "file_name": "x86_64",
2022-11-01 15:36:30,871 INFO     ___FILE_ONLY___ 
        "id": "x86_64",
2022-11-01 15:36:30,871 INFO     ___FILE_ONLY___ 
        "name": "x86_64"
2022-11-01 15:36:30,871 INFO     ___FILE_ONLY___ 
      },
2022-11-01 15:36:30,872 INFO     ___FILE_ONLY___ 
      "operating_system": {
2022-11-01 15:36:30,872 INFO     ___FILE_ONLY___ 
        "file_name": "darwin",
2022-11-01 15:36:30,872 INFO     ___FILE_ONLY___ 
        "id": "MACOSX",
2022-11-01 15:36:30,872 INFO     ___FILE_ONLY___ 
        "name": "Mac OS X"
2022-11-01 15:36:30,872 INFO     ___FILE_ONLY___ 
      }
2022-11-01 15:36:30,872 INFO     ___FILE_ONLY___ 
    },
2022-11-01 15:36:30,872 INFO     ___FILE_ONLY___ 
    "platform_required": false,
2022-11-01 15:36:30,872 INFO     ___FILE_ONLY___ 
    "size": 42140696,
2022-11-01 15:36:30,873 INFO     ___FILE_ONLY___ 
    "state": {
2022-11-01 15:36:30,873 INFO     ___FILE_ONLY___ 
      "name": "Not Installed"
2022-11-01 15:36:30,873 INFO     ___FILE_ONLY___ 
    }
2022-11-01 15:36:30,873 INFO     ___FILE_ONLY___ 
  }
2022-11-01 15:36:30,874 INFO     ___FILE_ONLY___ ,
  {
2022-11-01 15:36:30,874 INFO     ___FILE_ONLY___ 
    "current_version_string": null,
2022-11-01 15:36:30,874 INFO     ___FILE_ONLY___ 
    "id": "pubsub-emulator",
2022-11-01 15:36:30,874 INFO     ___FILE_ONLY___ 
    "is_configuration": false,
2022-11-01 15:36:30,874 INFO     ___FILE_ONLY___ 
    "is_hidden": false,
2022-11-01 15:36:30,874 INFO     ___FILE_ONLY___ 
    "latest_version_string": "0.7.1",
2022-11-01 15:36:30,874 INFO     ___FILE_ONLY___ 
    "name": "Cloud Pub/Sub Emulator",
2022-11-01 15:36:30,874 INFO     ___FILE_ONLY___ 
    "platform": {
2022-11-01 15:36:30,875 INFO     ___FILE_ONLY___ 
      "architecture": {
2022-11-01 15:36:30,875 INFO     ___FILE_ONLY___ 
        "file_name": "x86_64",
2022-11-01 15:36:30,875 INFO     ___FILE_ONLY___ 
        "id": "x86_64",
2022-11-01 15:36:30,875 INFO     ___FILE_ONLY___ 
        "name": "x86_64"
2022-11-01 15:36:30,875 INFO     ___FILE_ONLY___ 
      },
2022-11-01 15:36:30,875 INFO     ___FILE_ONLY___ 
      "operating_system": {
2022-11-01 15:36:30,875 INFO     ___FILE_ONLY___ 
        "file_name": "darwin",
2022-11-01 15:36:30,875 INFO     ___FILE_ONLY___ 
        "id": "MACOSX",
2022-11-01 15:36:30,875 INFO     ___FILE_ONLY___ 
        "name": "Mac OS X"
2022-11-01 15:36:30,876 INFO     ___FILE_ONLY___ 
      }
2022-11-01 15:36:30,876 INFO     ___FILE_ONLY___ 
    },
2022-11-01 15:36:30,876 INFO     ___FILE_ONLY___ 
    "platform_required": false,
2022-11-01 15:36:30,876 INFO     ___FILE_ONLY___ 
    "size": 65403474,
2022-11-01 15:36:30,876 INFO     ___FILE_ONLY___ 
    "state": {
2022-11-01 15:36:30,876 INFO     ___FILE_ONLY___ 
      "name": "Not Installed"
2022-11-01 15:36:30,876 INFO     ___FILE_ONLY___ 
    }
2022-11-01 15:36:30,876 INFO     ___FILE_ONLY___ 
  }
2022-11-01 15:36:30,877 INFO     ___FILE_ONLY___ ,
  {
2022-11-01 15:36:30,878 INFO     ___FILE_ONLY___ 
    "current_version_string": null,
2022-11-01 15:36:30,878 INFO     ___FILE_ONLY___ 
    "id": "cloud-run-proxy",
2022-11-01 15:36:30,878 INFO     ___FILE_ONLY___ 
    "is_configuration": false,
2022-11-01 15:36:30,878 INFO     ___FILE_ONLY___ 
    "is_hidden": false,
2022-11-01 15:36:30,878 INFO     ___FILE_ONLY___ 
    "latest_version_string": "0.3.0",
2022-11-01 15:36:30,879 INFO     ___FILE_ONLY___ 
    "name": "Cloud Run Proxy",
2022-11-01 15:36:30,879 INFO     ___FILE_ONLY___ 
    "platform": {
2022-11-01 15:36:30,879 INFO     ___FILE_ONLY___ 
      "architecture": {
2022-11-01 15:36:30,879 INFO     ___FILE_ONLY___ 
        "file_name": "x86_64",
2022-11-01 15:36:30,879 INFO     ___FILE_ONLY___ 
        "id": "x86_64",
2022-11-01 15:36:30,879 INFO     ___FILE_ONLY___ 
        "name": "x86_64"
2022-11-01 15:36:30,879 INFO     ___FILE_ONLY___ 
      },
2022-11-01 15:36:30,880 INFO     ___FILE_ONLY___ 
      "operating_system": {
2022-11-01 15:36:30,880 INFO     ___FILE_ONLY___ 
        "file_name": "darwin",
2022-11-01 15:36:30,880 INFO     ___FILE_ONLY___ 
        "id": "MACOSX",
2022-11-01 15:36:30,880 INFO     ___FILE_ONLY___ 
        "name": "Mac OS X"
2022-11-01 15:36:30,880 INFO     ___FILE_ONLY___ 
      }
2022-11-01 15:36:30,880 INFO     ___FILE_ONLY___ 
    },
2022-11-01 15:36:30,880 INFO     ___FILE_ONLY___ 
    "platform_required": false,
2022-11-01 15:36:30,880 INFO     ___FILE_ONLY___ 
    "size": 8024792,
2022-11-01 15:36:30,880 INFO     ___FILE_ONLY___ 
    "state": {
2022-11-01 15:36:30,880 INFO     ___FILE_ONLY___ 
      "name": "Not Installed"
2022-11-01 15:36:30,881 INFO     ___FILE_ONLY___ 
    }
2022-11-01 15:36:30,881 INFO     ___FILE_ONLY___ 
  }
2022-11-01 15:36:30,881 INFO     ___FILE_ONLY___ ,
  {
2022-11-01 15:36:30,881 INFO     ___FILE_ONLY___ 
    "current_version_string": null,
2022-11-01 15:36:30,881 INFO     ___FILE_ONLY___ 
    "id": "cloud_sql_proxy",
2022-11-01 15:36:30,881 INFO     ___FILE_ONLY___ 
    "is_configuration": false,
2022-11-01 15:36:30,881 INFO     ___FILE_ONLY___ 
    "is_hidden": false,
2022-11-01 15:36:30,881 INFO     ___FILE_ONLY___ 
    "latest_version_string": "1.27.0",
2022-11-01 15:36:30,881 INFO     ___FILE_ONLY___ 
    "name": "Cloud SQL Proxy",
2022-11-01 15:36:30,881 INFO     ___FILE_ONLY___ 
    "platform": {
2022-11-01 15:36:30,882 INFO     ___FILE_ONLY___ 
      "architecture": {
2022-11-01 15:36:30,882 INFO     ___FILE_ONLY___ 
        "file_name": "x86_64",
2022-11-01 15:36:30,882 INFO     ___FILE_ONLY___ 
        "id": "x86_64",
2022-11-01 15:36:30,882 INFO     ___FILE_ONLY___ 
        "name": "x86_64"
2022-11-01 15:36:30,882 INFO     ___FILE_ONLY___ 
      },
2022-11-01 15:36:30,882 INFO     ___FILE_ONLY___ 
      "operating_system": {
2022-11-01 15:36:30,882 INFO     ___FILE_ONLY___ 
        "file_name": "darwin",
2022-11-01 15:36:30,882 INFO     ___FILE_ONLY___ 
        "id": "MACOSX",
2022-11-01 15:36:30,882 INFO     ___FILE_ONLY___ 
        "name": "Mac OS X"
2022-11-01 15:36:30,882 INFO     ___FILE_ONLY___ 
      }
2022-11-01 15:36:30,882 INFO     ___FILE_ONLY___ 
    },
2022-11-01 15:36:30,883 INFO     ___FILE_ONLY___ 
    "platform_required": false,
2022-11-01 15:36:30,883 INFO     ___FILE_ONLY___ 
    "size": 7986647,
2022-11-01 15:36:30,883 INFO     ___FILE_ONLY___ 
    "state": {
2022-11-01 15:36:30,883 INFO     ___FILE_ONLY___ 
      "name": "Not Installed"
2022-11-01 15:36:30,883 INFO     ___FILE_ONLY___ 
    }
2022-11-01 15:36:30,883 INFO     ___FILE_ONLY___ 
  }
2022-11-01 15:36:30,884 INFO     ___FILE_ONLY___ ,
  {
2022-11-01 15:36:30,884 INFO     ___FILE_ONLY___ 
    "current_version_string": null,
2022-11-01 15:36:30,884 INFO     ___FILE_ONLY___ 
    "id": "docker-credential-gcr",
2022-11-01 15:36:30,884 INFO     ___FILE_ONLY___ 
    "is_configuration": false,
2022-11-01 15:36:30,884 INFO     ___FILE_ONLY___ 
    "is_hidden": false,
2022-11-01 15:36:30,884 INFO     ___FILE_ONLY___ 
    "latest_version_string": "1.5.0",
2022-11-01 15:36:30,885 INFO     ___FILE_ONLY___ 
    "name": "Google Container Registry's Docker credential helper",
2022-11-01 15:36:30,885 INFO     ___FILE_ONLY___ 
    "platform": {
2022-11-01 15:36:30,885 INFO     ___FILE_ONLY___ 
      "architecture": {
2022-11-01 15:36:30,885 INFO     ___FILE_ONLY___ 
        "file_name": "x86_64",
2022-11-01 15:36:30,885 INFO     ___FILE_ONLY___ 
        "id": "x86_64",
2022-11-01 15:36:30,885 INFO     ___FILE_ONLY___ 
        "name": "x86_64"
2022-11-01 15:36:30,885 INFO     ___FILE_ONLY___ 
      },
2022-11-01 15:36:30,885 INFO     ___FILE_ONLY___ 
      "operating_system": {
2022-11-01 15:36:30,885 INFO     ___FILE_ONLY___ 
        "file_name": "darwin",
2022-11-01 15:36:30,886 INFO     ___FILE_ONLY___ 
        "id": "MACOSX",
2022-11-01 15:36:30,886 INFO     ___FILE_ONLY___ 
        "name": "Mac OS X"
2022-11-01 15:36:30,886 INFO     ___FILE_ONLY___ 
      }
2022-11-01 15:36:30,886 INFO     ___FILE_ONLY___ 
    },
2022-11-01 15:36:30,886 INFO     ___FILE_ONLY___ 
    "platform_required": false,
2022-11-01 15:36:30,887 INFO     ___FILE_ONLY___ 
    "size": 2266831,
2022-11-01 15:36:30,887 INFO     ___FILE_ONLY___ 
    "state": {
2022-11-01 15:36:30,887 INFO     ___FILE_ONLY___ 
      "name": "Not Installed"
2022-11-01 15:36:30,887 INFO     ___FILE_ONLY___ 
    }
2022-11-01 15:36:30,887 INFO     ___FILE_ONLY___ 
  }
2022-11-01 15:36:30,888 INFO     ___FILE_ONLY___ ,
  {
2022-11-01 15:36:30,888 INFO     ___FILE_ONLY___ 
    "current_version_string": null,
2022-11-01 15:36:30,888 INFO     ___FILE_ONLY___ 
    "id": "kustomize",
2022-11-01 15:36:30,888 INFO     ___FILE_ONLY___ 
    "is_configuration": false,
2022-11-01 15:36:30,888 INFO     ___FILE_ONLY___ 
    "is_hidden": false,
2022-11-01 15:36:30,888 INFO     ___FILE_ONLY___ 
    "latest_version_string": "4.4.0",
2022-11-01 15:36:30,889 INFO     ___FILE_ONLY___ 
    "name": "Kustomize",
2022-11-01 15:36:30,889 INFO     ___FILE_ONLY___ 
    "platform": {
2022-11-01 15:36:30,889 INFO     ___FILE_ONLY___ 
      "architecture": {
2022-11-01 15:36:30,889 INFO     ___FILE_ONLY___ 
        "file_name": "x86_64",
2022-11-01 15:36:30,889 INFO     ___FILE_ONLY___ 
        "id": "x86_64",
2022-11-01 15:36:30,889 INFO     ___FILE_ONLY___ 
        "name": "x86_64"
2022-11-01 15:36:30,889 INFO     ___FILE_ONLY___ 
      },
2022-11-01 15:36:30,889 INFO     ___FILE_ONLY___ 
      "operating_system": {
2022-11-01 15:36:30,889 INFO     ___FILE_ONLY___ 
        "file_name": "darwin",
2022-11-01 15:36:30,889 INFO     ___FILE_ONLY___ 
        "id": "MACOSX",
2022-11-01 15:36:30,890 INFO     ___FILE_ONLY___ 
        "name": "Mac OS X"
2022-11-01 15:36:30,890 INFO     ___FILE_ONLY___ 
      }
2022-11-01 15:36:30,890 INFO     ___FILE_ONLY___ 
    },
2022-11-01 15:36:30,890 INFO     ___FILE_ONLY___ 
    "platform_required": false,
2022-11-01 15:36:30,890 INFO     ___FILE_ONLY___ 
    "size": 7961940,
2022-11-01 15:36:30,890 INFO     ___FILE_ONLY___ 
    "state": {
2022-11-01 15:36:30,890 INFO     ___FILE_ONLY___ 
      "name": "Not Installed"
2022-11-01 15:36:30,890 INFO     ___FILE_ONLY___ 
    }
2022-11-01 15:36:30,890 INFO     ___FILE_ONLY___ 
  }
2022-11-01 15:36:30,891 INFO     ___FILE_ONLY___ ,
  {
2022-11-01 15:36:30,891 INFO     ___FILE_ONLY___ 
    "current_version_string": null,
2022-11-01 15:36:30,891 INFO     ___FILE_ONLY___ 
    "id": "log-streaming",
2022-11-01 15:36:30,891 INFO     ___FILE_ONLY___ 
    "is_configuration": false,
2022-11-01 15:36:30,891 INFO     ___FILE_ONLY___ 
    "is_hidden": false,
2022-11-01 15:36:30,891 INFO     ___FILE_ONLY___ 
    "latest_version_string": "0.3.0",
2022-11-01 15:36:30,891 INFO     ___FILE_ONLY___ 
    "name": "Log Streaming",
2022-11-01 15:36:30,891 INFO     ___FILE_ONLY___ 
    "platform": {
2022-11-01 15:36:30,892 INFO     ___FILE_ONLY___ 
      "architecture": {
2022-11-01 15:36:30,892 INFO     ___FILE_ONLY___ 
        "file_name": "x86_64",
2022-11-01 15:36:30,892 INFO     ___FILE_ONLY___ 
        "id": "x86_64",
2022-11-01 15:36:30,892 INFO     ___FILE_ONLY___ 
        "name": "x86_64"
2022-11-01 15:36:30,892 INFO     ___FILE_ONLY___ 
      },
2022-11-01 15:36:30,892 INFO     ___FILE_ONLY___ 
      "operating_system": {
2022-11-01 15:36:30,892 INFO     ___FILE_ONLY___ 
        "file_name": "darwin",
2022-11-01 15:36:30,892 INFO     ___FILE_ONLY___ 
        "id": "MACOSX",
2022-11-01 15:36:30,892 INFO     ___FILE_ONLY___ 
        "name": "Mac OS X"
2022-11-01 15:36:30,893 INFO     ___FILE_ONLY___ 
      }
2022-11-01 15:36:30,893 INFO     ___FILE_ONLY___ 
    },
2022-11-01 15:36:30,893 INFO     ___FILE_ONLY___ 
    "platform_required": false,
2022-11-01 15:36:30,893 INFO     ___FILE_ONLY___ 
    "size": 12864820,
2022-11-01 15:36:30,893 INFO     ___FILE_ONLY___ 
    "state": {
2022-11-01 15:36:30,893 INFO     ___FILE_ONLY___ 
      "name": "Not Installed"
2022-11-01 15:36:30,893 INFO     ___FILE_ONLY___ 
    }
2022-11-01 15:36:30,893 INFO     ___FILE_ONLY___ 
  }
2022-11-01 15:36:30,894 INFO     ___FILE_ONLY___ ,
  {
2022-11-01 15:36:30,894 INFO     ___FILE_ONLY___ 
    "current_version_string": null,
2022-11-01 15:36:30,895 INFO     ___FILE_ONLY___ 
    "id": "nomos",
2022-11-01 15:36:30,895 INFO     ___FILE_ONLY___ 
    "is_configuration": false,
2022-11-01 15:36:30,895 INFO     ___FILE_ONLY___ 
    "is_hidden": false,
2022-11-01 15:36:30,895 INFO     ___FILE_ONLY___ 
    "latest_version_string": "1.13.1-rc.4",
2022-11-01 15:36:30,895 INFO     ___FILE_ONLY___ 
    "name": "Nomos CLI",
2022-11-01 15:36:30,895 INFO     ___FILE_ONLY___ 
    "platform": {
2022-11-01 15:36:30,896 INFO     ___FILE_ONLY___ 
      "architecture": {
2022-11-01 15:36:30,896 INFO     ___FILE_ONLY___ 
        "file_name": "x86_64",
2022-11-01 15:36:30,896 INFO     ___FILE_ONLY___ 
        "id": "x86_64",
2022-11-01 15:36:30,896 INFO     ___FILE_ONLY___ 
        "name": "x86_64"
2022-11-01 15:36:30,896 INFO     ___FILE_ONLY___ 
      },
2022-11-01 15:36:30,896 INFO     ___FILE_ONLY___ 
      "operating_system": {
2022-11-01 15:36:30,896 INFO     ___FILE_ONLY___ 
        "file_name": "darwin",
2022-11-01 15:36:30,896 INFO     ___FILE_ONLY___ 
        "id": "MACOSX",
2022-11-01 15:36:30,897 INFO     ___FILE_ONLY___ 
        "name": "Mac OS X"
2022-11-01 15:36:30,897 INFO     ___FILE_ONLY___ 
      }
2022-11-01 15:36:30,897 INFO     ___FILE_ONLY___ 
    },
2022-11-01 15:36:30,897 INFO     ___FILE_ONLY___ 
    "platform_required": false,
2022-11-01 15:36:30,897 INFO     ___FILE_ONLY___ 
    "size": 25597173,
2022-11-01 15:36:30,897 INFO     ___FILE_ONLY___ 
    "state": {
2022-11-01 15:36:30,897 INFO     ___FILE_ONLY___ 
      "name": "Not Installed"
2022-11-01 15:36:30,897 INFO     ___FILE_ONLY___ 
    }
2022-11-01 15:36:30,897 INFO     ___FILE_ONLY___ 
  }
2022-11-01 15:36:30,898 INFO     ___FILE_ONLY___ ,
  {
2022-11-01 15:36:30,898 INFO     ___FILE_ONLY___ 
    "current_version_string": null,
2022-11-01 15:36:30,898 INFO     ___FILE_ONLY___ 
    "id": "local-extract",
2022-11-01 15:36:30,899 INFO     ___FILE_ONLY___ 
    "is_configuration": false,
2022-11-01 15:36:30,899 INFO     ___FILE_ONLY___ 
    "is_hidden": false,
2022-11-01 15:36:30,899 INFO     ___FILE_ONLY___ 
    "latest_version_string": "1.5.5",
2022-11-01 15:36:30,899 INFO     ___FILE_ONLY___ 
    "name": "On-Demand Scanning API extraction helper",
2022-11-01 15:36:30,899 INFO     ___FILE_ONLY___ 
    "platform": {
2022-11-01 15:36:30,899 INFO     ___FILE_ONLY___ 
      "architecture": {
2022-11-01 15:36:30,900 INFO     ___FILE_ONLY___ 
        "file_name": "x86_64",
2022-11-01 15:36:30,900 INFO     ___FILE_ONLY___ 
        "id": "x86_64",
2022-11-01 15:36:30,900 INFO     ___FILE_ONLY___ 
        "name": "x86_64"
2022-11-01 15:36:30,900 INFO     ___FILE_ONLY___ 
      },
2022-11-01 15:36:30,901 INFO     ___FILE_ONLY___ 
      "operating_system": {
2022-11-01 15:36:30,901 INFO     ___FILE_ONLY___ 
        "file_name": "darwin",
2022-11-01 15:36:30,901 INFO     ___FILE_ONLY___ 
        "id": "MACOSX",
2022-11-01 15:36:30,901 INFO     ___FILE_ONLY___ 
        "name": "Mac OS X"
2022-11-01 15:36:30,901 INFO     ___FILE_ONLY___ 
      }
2022-11-01 15:36:30,901 INFO     ___FILE_ONLY___ 
    },
2022-11-01 15:36:30,902 INFO     ___FILE_ONLY___ 
    "platform_required": false,
2022-11-01 15:36:30,902 INFO     ___FILE_ONLY___ 
    "size": 12442952,
2022-11-01 15:36:30,902 INFO     ___FILE_ONLY___ 
    "state": {
2022-11-01 15:36:30,903 INFO     ___FILE_ONLY___ 
      "name": "Not Installed"
2022-11-01 15:36:30,904 INFO     ___FILE_ONLY___ 
    }
2022-11-01 15:36:30,904 INFO     ___FILE_ONLY___ 
  }
2022-11-01 15:36:30,905 INFO     ___FILE_ONLY___ ,
  {
2022-11-01 15:36:30,905 INFO     ___FILE_ONLY___ 
    "current_version_string": null,
2022-11-01 15:36:30,905 INFO     ___FILE_ONLY___ 
    "id": "terraform-tools",
2022-11-01 15:36:30,905 INFO     ___FILE_ONLY___ 
    "is_configuration": false,
2022-11-01 15:36:30,905 INFO     ___FILE_ONLY___ 
    "is_hidden": false,
2022-11-01 15:36:30,905 INFO     ___FILE_ONLY___ 
    "latest_version_string": "0.8.0",
2022-11-01 15:36:30,905 INFO     ___FILE_ONLY___ 
    "name": "Terraform Tools",
2022-11-01 15:36:30,906 INFO     ___FILE_ONLY___ 
    "platform": {
2022-11-01 15:36:30,906 INFO     ___FILE_ONLY___ 
      "architecture": {
2022-11-01 15:36:30,906 INFO     ___FILE_ONLY___ 
        "file_name": "x86_64",
2022-11-01 15:36:30,906 INFO     ___FILE_ONLY___ 
        "id": "x86_64",
2022-11-01 15:36:30,906 INFO     ___FILE_ONLY___ 
        "name": "x86_64"
2022-11-01 15:36:30,906 INFO     ___FILE_ONLY___ 
      },
2022-11-01 15:36:30,906 INFO     ___FILE_ONLY___ 
      "operating_system": {
2022-11-01 15:36:30,906 INFO     ___FILE_ONLY___ 
        "file_name": "darwin",
2022-11-01 15:36:30,906 INFO     ___FILE_ONLY___ 
        "id": "MACOSX",
2022-11-01 15:36:30,907 INFO     ___FILE_ONLY___ 
        "name": "Mac OS X"
2022-11-01 15:36:30,907 INFO     ___FILE_ONLY___ 
      }
2022-11-01 15:36:30,907 INFO     ___FILE_ONLY___ 
    },
2022-11-01 15:36:30,907 INFO     ___FILE_ONLY___ 
    "platform_required": false,
2022-11-01 15:36:30,907 INFO     ___FILE_ONLY___ 
    "size": 56276984,
2022-11-01 15:36:30,907 INFO     ___FILE_ONLY___ 
    "state": {
2022-11-01 15:36:30,907 INFO     ___FILE_ONLY___ 
      "name": "Not Installed"
2022-11-01 15:36:30,907 INFO     ___FILE_ONLY___ 
    }
2022-11-01 15:36:30,907 INFO     ___FILE_ONLY___ 
  }
2022-11-01 15:36:30,908 INFO     ___FILE_ONLY___ ,
  {
2022-11-01 15:36:30,908 INFO     ___FILE_ONLY___ 
    "current_version_string": null,
2022-11-01 15:36:30,909 INFO     ___FILE_ONLY___ 
    "id": "anthos-auth",
2022-11-01 15:36:30,909 INFO     ___FILE_ONLY___ 
    "is_configuration": false,
2022-11-01 15:36:30,909 INFO     ___FILE_ONLY___ 
    "is_hidden": false,
2022-11-01 15:36:30,909 INFO     ___FILE_ONLY___ 
    "latest_version_string": "1.4.4",
2022-11-01 15:36:30,909 INFO     ___FILE_ONLY___ 
    "name": "anthos-auth",
2022-11-01 15:36:30,909 INFO     ___FILE_ONLY___ 
    "platform": {
2022-11-01 15:36:30,910 INFO     ___FILE_ONLY___ 
      "architecture": {
2022-11-01 15:36:30,910 INFO     ___FILE_ONLY___ 
        "file_name": "x86_64",
2022-11-01 15:36:30,910 INFO     ___FILE_ONLY___ 
        "id": "x86_64",
2022-11-01 15:36:30,910 INFO     ___FILE_ONLY___ 
        "name": "x86_64"
2022-11-01 15:36:30,910 INFO     ___FILE_ONLY___ 
      },
2022-11-01 15:36:30,910 INFO     ___FILE_ONLY___ 
      "operating_system": {
2022-11-01 15:36:30,911 INFO     ___FILE_ONLY___ 
        "file_name": "darwin",
2022-11-01 15:36:30,911 INFO     ___FILE_ONLY___ 
        "id": "MACOSX",
2022-11-01 15:36:30,911 INFO     ___FILE_ONLY___ 
        "name": "Mac OS X"
2022-11-01 15:36:30,911 INFO     ___FILE_ONLY___ 
      }
2022-11-01 15:36:30,911 INFO     ___FILE_ONLY___ 
    },
2022-11-01 15:36:30,913 INFO     ___FILE_ONLY___ 
    "platform_required": false,
2022-11-01 15:36:30,913 INFO     ___FILE_ONLY___ 
    "size": 21183974,
2022-11-01 15:36:30,913 INFO     ___FILE_ONLY___ 
    "state": {
2022-11-01 15:36:30,913 INFO     ___FILE_ONLY___ 
      "name": "Not Installed"
2022-11-01 15:36:30,914 INFO     ___FILE_ONLY___ 
    }
2022-11-01 15:36:30,914 INFO     ___FILE_ONLY___ 
  }
2022-11-01 15:36:30,915 INFO     ___FILE_ONLY___ ,
  {
2022-11-01 15:36:30,915 INFO     ___FILE_ONLY___ 
    "current_version_string": null,
2022-11-01 15:36:30,915 INFO     ___FILE_ONLY___ 
    "id": "config-connector",
2022-11-01 15:36:30,916 INFO     ___FILE_ONLY___ 
    "is_configuration": false,
2022-11-01 15:36:30,916 INFO     ___FILE_ONLY___ 
    "is_hidden": false,
2022-11-01 15:36:30,916 INFO     ___FILE_ONLY___ 
    "latest_version_string": "1.93.0",
2022-11-01 15:36:30,916 INFO     ___FILE_ONLY___ 
    "name": "config-connector",
2022-11-01 15:36:30,916 INFO     ___FILE_ONLY___ 
    "platform": {
2022-11-01 15:36:30,917 INFO     ___FILE_ONLY___ 
      "architecture": {
2022-11-01 15:36:30,917 INFO     ___FILE_ONLY___ 
        "file_name": "x86_64",
2022-11-01 15:36:30,917 INFO     ___FILE_ONLY___ 
        "id": "x86_64",
2022-11-01 15:36:30,917 INFO     ___FILE_ONLY___ 
        "name": "x86_64"
2022-11-01 15:36:30,917 INFO     ___FILE_ONLY___ 
      },
2022-11-01 15:36:30,917 INFO     ___FILE_ONLY___ 
      "operating_system": {
2022-11-01 15:36:30,917 INFO     ___FILE_ONLY___ 
        "file_name": "darwin",
2022-11-01 15:36:30,918 INFO     ___FILE_ONLY___ 
        "id": "MACOSX",
2022-11-01 15:36:30,918 INFO     ___FILE_ONLY___ 
        "name": "Mac OS X"
2022-11-01 15:36:30,918 INFO     ___FILE_ONLY___ 
      }
2022-11-01 15:36:30,918 INFO     ___FILE_ONLY___ 
    },
2022-11-01 15:36:30,918 INFO     ___FILE_ONLY___ 
    "platform_required": false,
2022-11-01 15:36:30,918 INFO     ___FILE_ONLY___ 
    "size": 59915703,
2022-11-01 15:36:30,918 INFO     ___FILE_ONLY___ 
    "state": {
2022-11-01 15:36:30,918 INFO     ___FILE_ONLY___ 
      "name": "Not Installed"
2022-11-01 15:36:30,919 INFO     ___FILE_ONLY___ 
    }
2022-11-01 15:36:30,919 INFO     ___FILE_ONLY___ 
  }
2022-11-01 15:36:30,920 INFO     ___FILE_ONLY___ ,
  {
2022-11-01 15:36:30,920 INFO     ___FILE_ONLY___ 
    "current_version_string": null,
2022-11-01 15:36:30,920 INFO     ___FILE_ONLY___ 
    "id": "app-engine-java",
2022-11-01 15:36:30,920 INFO     ___FILE_ONLY___ 
    "is_configuration": false,
2022-11-01 15:36:30,920 INFO     ___FILE_ONLY___ 
    "is_hidden": false,
2022-11-01 15:36:30,921 INFO     ___FILE_ONLY___ 
    "latest_version_string": "2.0.9",
2022-11-01 15:36:30,921 INFO     ___FILE_ONLY___ 
    "name": "gcloud app Java Extensions",
2022-11-01 15:36:30,921 INFO     ___FILE_ONLY___ 
    "platform": {
2022-11-01 15:36:30,921 INFO     ___FILE_ONLY___ 
      "architecture": {
2022-11-01 15:36:30,921 INFO     ___FILE_ONLY___ 
        "file_name": "x86_64",
2022-11-01 15:36:30,921 INFO     ___FILE_ONLY___ 
        "id": "x86_64",
2022-11-01 15:36:30,921 INFO     ___FILE_ONLY___ 
        "name": "x86_64"
2022-11-01 15:36:30,921 INFO     ___FILE_ONLY___ 
      },
2022-11-01 15:36:30,921 INFO     ___FILE_ONLY___ 
      "operating_system": {
2022-11-01 15:36:30,922 INFO     ___FILE_ONLY___ 
        "file_name": "darwin",
2022-11-01 15:36:30,922 INFO     ___FILE_ONLY___ 
        "id": "MACOSX",
2022-11-01 15:36:30,922 INFO     ___FILE_ONLY___ 
        "name": "Mac OS X"
2022-11-01 15:36:30,922 INFO     ___FILE_ONLY___ 
      }
2022-11-01 15:36:30,922 INFO     ___FILE_ONLY___ 
    },
2022-11-01 15:36:30,922 INFO     ___FILE_ONLY___ 
    "platform_required": false,
2022-11-01 15:36:30,922 INFO     ___FILE_ONLY___ 
    "size": 67584086,
2022-11-01 15:36:30,922 INFO     ___FILE_ONLY___ 
    "state": {
2022-11-01 15:36:30,923 INFO     ___FILE_ONLY___ 
      "name": "Not Installed"
2022-11-01 15:36:30,923 INFO     ___FILE_ONLY___ 
    }
2022-11-01 15:36:30,923 INFO     ___FILE_ONLY___ 
  }
2022-11-01 15:36:30,924 INFO     ___FILE_ONLY___ ,
  {
2022-11-01 15:36:30,924 INFO     ___FILE_ONLY___ 
    "current_version_string": null,
2022-11-01 15:36:30,924 INFO     ___FILE_ONLY___ 
    "id": "app-engine-php",
2022-11-01 15:36:30,924 INFO     ___FILE_ONLY___ 
    "is_configuration": false,
2022-11-01 15:36:30,924 INFO     ___FILE_ONLY___ 
    "is_hidden": false,
2022-11-01 15:36:30,924 INFO     ___FILE_ONLY___ 
    "latest_version_string": "",
2022-11-01 15:36:30,925 INFO     ___FILE_ONLY___ 
    "name": "gcloud app PHP Extensions",
2022-11-01 15:36:30,925 INFO     ___FILE_ONLY___ 
    "platform": {
2022-11-01 15:36:30,925 INFO     ___FILE_ONLY___ 
      "architecture": {
2022-11-01 15:36:30,925 INFO     ___FILE_ONLY___ 
        "file_name": "x86_64",
2022-11-01 15:36:30,925 INFO     ___FILE_ONLY___ 
        "id": "x86_64",
2022-11-01 15:36:30,926 INFO     ___FILE_ONLY___ 
        "name": "x86_64"
2022-11-01 15:36:30,926 INFO     ___FILE_ONLY___ 
      },
2022-11-01 15:36:30,926 INFO     ___FILE_ONLY___ 
      "operating_system": {
2022-11-01 15:36:30,926 INFO     ___FILE_ONLY___ 
        "file_name": "darwin",
2022-11-01 15:36:30,927 INFO     ___FILE_ONLY___ 
        "id": "MACOSX",
2022-11-01 15:36:30,927 INFO     ___FILE_ONLY___ 
        "name": "Mac OS X"
2022-11-01 15:36:30,927 INFO     ___FILE_ONLY___ 
      }
2022-11-01 15:36:30,927 INFO     ___FILE_ONLY___ 
    },
2022-11-01 15:36:30,927 INFO     ___FILE_ONLY___ 
    "platform_required": false,
2022-11-01 15:36:30,927 INFO     ___FILE_ONLY___ 
    "size": 22985548,
2022-11-01 15:36:30,927 INFO     ___FILE_ONLY___ 
    "state": {
2022-11-01 15:36:30,927 INFO     ___FILE_ONLY___ 
      "name": "Not Installed"
2022-11-01 15:36:30,928 INFO     ___FILE_ONLY___ 
    }
2022-11-01 15:36:30,928 INFO     ___FILE_ONLY___ 
  }
2022-11-01 15:36:30,929 INFO     ___FILE_ONLY___ ,
  {
2022-11-01 15:36:30,929 INFO     ___FILE_ONLY___ 
    "current_version_string": null,
2022-11-01 15:36:30,930 INFO     ___FILE_ONLY___ 
    "id": "app-engine-python",
2022-11-01 15:36:30,930 INFO     ___FILE_ONLY___ 
    "is_configuration": false,
2022-11-01 15:36:30,930 INFO     ___FILE_ONLY___ 
    "is_hidden": false,
2022-11-01 15:36:30,930 INFO     ___FILE_ONLY___ 
    "latest_version_string": "1.9.101",
2022-11-01 15:36:30,930 INFO     ___FILE_ONLY___ 
    "name": "gcloud app Python Extensions",
2022-11-01 15:36:30,930 INFO     ___FILE_ONLY___ 
    "platform": {
2022-11-01 15:36:30,931 INFO     ___FILE_ONLY___ 
      "architecture": {
2022-11-01 15:36:30,931 INFO     ___FILE_ONLY___ 
        "file_name": "x86_64",
2022-11-01 15:36:30,931 INFO     ___FILE_ONLY___ 
        "id": "x86_64",
2022-11-01 15:36:30,931 INFO     ___FILE_ONLY___ 
        "name": "x86_64"
2022-11-01 15:36:30,931 INFO     ___FILE_ONLY___ 
      },
2022-11-01 15:36:30,931 INFO     ___FILE_ONLY___ 
      "operating_system": {
2022-11-01 15:36:30,931 INFO     ___FILE_ONLY___ 
        "file_name": "darwin",
2022-11-01 15:36:30,931 INFO     ___FILE_ONLY___ 
        "id": "MACOSX",
2022-11-01 15:36:30,931 INFO     ___FILE_ONLY___ 
        "name": "Mac OS X"
2022-11-01 15:36:30,931 INFO     ___FILE_ONLY___ 
      }
2022-11-01 15:36:30,932 INFO     ___FILE_ONLY___ 
    },
2022-11-01 15:36:30,932 INFO     ___FILE_ONLY___ 
    "platform_required": false,
2022-11-01 15:36:30,932 INFO     ___FILE_ONLY___ 
    "size": 9044876,
2022-11-01 15:36:30,932 INFO     ___FILE_ONLY___ 
    "state": {
2022-11-01 15:36:30,932 INFO     ___FILE_ONLY___ 
      "name": "Not Installed"
2022-11-01 15:36:30,932 INFO     ___FILE_ONLY___ 
    }
2022-11-01 15:36:30,932 INFO     ___FILE_ONLY___ 
  }
2022-11-01 15:36:30,934 INFO     ___FILE_ONLY___ ,
  {
2022-11-01 15:36:30,934 INFO     ___FILE_ONLY___ 
    "current_version_string": null,
2022-11-01 15:36:30,934 INFO     ___FILE_ONLY___ 
    "id": "app-engine-python-extras",
2022-11-01 15:36:30,935 INFO     ___FILE_ONLY___ 
    "is_configuration": false,
2022-11-01 15:36:30,935 INFO     ___FILE_ONLY___ 
    "is_hidden": false,
2022-11-01 15:36:30,935 INFO     ___FILE_ONLY___ 
    "latest_version_string": "1.9.96",
2022-11-01 15:36:30,935 INFO     ___FILE_ONLY___ 
    "name": "gcloud app Python Extensions (Extra Libraries)",
2022-11-01 15:36:30,935 INFO     ___FILE_ONLY___ 
    "platform": {
2022-11-01 15:36:30,935 INFO     ___FILE_ONLY___ 
      "architecture": {
2022-11-01 15:36:30,936 INFO     ___FILE_ONLY___ 
        "file_name": "x86_64",
2022-11-01 15:36:30,936 INFO     ___FILE_ONLY___ 
        "id": "x86_64",
2022-11-01 15:36:30,936 INFO     ___FILE_ONLY___ 
        "name": "x86_64"
2022-11-01 15:36:30,936 INFO     ___FILE_ONLY___ 
      },
2022-11-01 15:36:30,936 INFO     ___FILE_ONLY___ 
      "operating_system": {
2022-11-01 15:36:30,936 INFO     ___FILE_ONLY___ 
        "file_name": "darwin",
2022-11-01 15:36:30,936 INFO     ___FILE_ONLY___ 
        "id": "MACOSX",
2022-11-01 15:36:30,936 INFO     ___FILE_ONLY___ 
        "name": "Mac OS X"
2022-11-01 15:36:30,936 INFO     ___FILE_ONLY___ 
      }
2022-11-01 15:36:30,937 INFO     ___FILE_ONLY___ 
    },
2022-11-01 15:36:30,937 INFO     ___FILE_ONLY___ 
    "platform_required": false,
2022-11-01 15:36:30,937 INFO     ___FILE_ONLY___ 
    "size": 27709995,
2022-11-01 15:36:30,937 INFO     ___FILE_ONLY___ 
    "state": {
2022-11-01 15:36:30,937 INFO     ___FILE_ONLY___ 
      "name": "Not Installed"
2022-11-01 15:36:30,937 INFO     ___FILE_ONLY___ 
    }
2022-11-01 15:36:30,937 INFO     ___FILE_ONLY___ 
  }
2022-11-01 15:36:30,938 INFO     ___FILE_ONLY___ ,
  {
2022-11-01 15:36:30,938 INFO     ___FILE_ONLY___ 
    "current_version_string": null,
2022-11-01 15:36:30,939 INFO     ___FILE_ONLY___ 
    "id": "kpt",
2022-11-01 15:36:30,939 INFO     ___FILE_ONLY___ 
    "is_configuration": false,
2022-11-01 15:36:30,939 INFO     ___FILE_ONLY___ 
    "is_hidden": false,
2022-11-01 15:36:30,939 INFO     ___FILE_ONLY___ 
    "latest_version_string": "1.0.0-beta.19",
2022-11-01 15:36:30,939 INFO     ___FILE_ONLY___ 
    "name": "kpt",
2022-11-01 15:36:30,939 INFO     ___FILE_ONLY___ 
    "platform": {
2022-11-01 15:36:30,940 INFO     ___FILE_ONLY___ 
      "architecture": {
2022-11-01 15:36:30,940 INFO     ___FILE_ONLY___ 
        "file_name": "x86_64",
2022-11-01 15:36:30,940 INFO     ___FILE_ONLY___ 
        "id": "x86_64",
2022-11-01 15:36:30,940 INFO     ___FILE_ONLY___ 
        "name": "x86_64"
2022-11-01 15:36:30,940 INFO     ___FILE_ONLY___ 
      },
2022-11-01 15:36:30,940 INFO     ___FILE_ONLY___ 
      "operating_system": {
2022-11-01 15:36:30,940 INFO     ___FILE_ONLY___ 
        "file_name": "darwin",
2022-11-01 15:36:30,940 INFO     ___FILE_ONLY___ 
        "id": "MACOSX",
2022-11-01 15:36:30,940 INFO     ___FILE_ONLY___ 
        "name": "Mac OS X"
2022-11-01 15:36:30,941 INFO     ___FILE_ONLY___ 
      }
2022-11-01 15:36:30,941 INFO     ___FILE_ONLY___ 
    },
2022-11-01 15:36:30,941 INFO     ___FILE_ONLY___ 
    "platform_required": false,
2022-11-01 15:36:30,941 INFO     ___FILE_ONLY___ 
    "size": 13550512,
2022-11-01 15:36:30,941 INFO     ___FILE_ONLY___ 
    "state": {
2022-11-01 15:36:30,941 INFO     ___FILE_ONLY___ 
      "name": "Not Installed"
2022-11-01 15:36:30,941 INFO     ___FILE_ONLY___ 
    }
2022-11-01 15:36:30,941 INFO     ___FILE_ONLY___ 
  }
2022-11-01 15:36:30,942 INFO     ___FILE_ONLY___ ,
  {
2022-11-01 15:36:30,942 INFO     ___FILE_ONLY___ 
    "current_version_string": null,
2022-11-01 15:36:30,943 INFO     ___FILE_ONLY___ 
    "id": "kubectl-oidc",
2022-11-01 15:36:30,943 INFO     ___FILE_ONLY___ 
    "is_configuration": false,
2022-11-01 15:36:30,943 INFO     ___FILE_ONLY___ 
    "is_hidden": false,
2022-11-01 15:36:30,943 INFO     ___FILE_ONLY___ 
    "latest_version_string": "1.4.4",
2022-11-01 15:36:30,943 INFO     ___FILE_ONLY___ 
    "name": "kubectl-oidc",
2022-11-01 15:36:30,943 INFO     ___FILE_ONLY___ 
    "platform": {
2022-11-01 15:36:30,943 INFO     ___FILE_ONLY___ 
      "architecture": {
2022-11-01 15:36:30,943 INFO     ___FILE_ONLY___ 
        "file_name": "x86_64",
2022-11-01 15:36:30,944 INFO     ___FILE_ONLY___ 
        "id": "x86_64",
2022-11-01 15:36:30,944 INFO     ___FILE_ONLY___ 
        "name": "x86_64"
2022-11-01 15:36:30,944 INFO     ___FILE_ONLY___ 
      },
2022-11-01 15:36:30,944 INFO     ___FILE_ONLY___ 
      "operating_system": {
2022-11-01 15:36:30,945 INFO     ___FILE_ONLY___ 
        "file_name": "darwin",
2022-11-01 15:36:30,945 INFO     ___FILE_ONLY___ 
        "id": "MACOSX",
2022-11-01 15:36:30,945 INFO     ___FILE_ONLY___ 
        "name": "Mac OS X"
2022-11-01 15:36:30,945 INFO     ___FILE_ONLY___ 
      }
2022-11-01 15:36:30,945 INFO     ___FILE_ONLY___ 
    },
2022-11-01 15:36:30,946 INFO     ___FILE_ONLY___ 
    "platform_required": false,
2022-11-01 15:36:30,946 INFO     ___FILE_ONLY___ 
    "size": 21183987,
2022-11-01 15:36:30,946 INFO     ___FILE_ONLY___ 
    "state": {
2022-11-01 15:36:30,946 INFO     ___FILE_ONLY___ 
      "name": "Not Installed"
2022-11-01 15:36:30,946 INFO     ___FILE_ONLY___ 
    }
2022-11-01 15:36:30,946 INFO     ___FILE_ONLY___ 
  }
2022-11-01 15:36:30,947 INFO     ___FILE_ONLY___ ,
  {
2022-11-01 15:36:30,947 INFO     ___FILE_ONLY___ 
    "current_version_string": null,
2022-11-01 15:36:30,947 INFO     ___FILE_ONLY___ 
    "id": "pkg",
2022-11-01 15:36:30,948 INFO     ___FILE_ONLY___ 
    "is_configuration": false,
2022-11-01 15:36:30,948 INFO     ___FILE_ONLY___ 
    "is_hidden": false,
2022-11-01 15:36:30,948 INFO     ___FILE_ONLY___ 
    "latest_version_string": "",
2022-11-01 15:36:30,948 INFO     ___FILE_ONLY___ 
    "name": "pkg",
2022-11-01 15:36:30,948 INFO     ___FILE_ONLY___ 
    "platform": {
2022-11-01 15:36:30,948 INFO     ___FILE_ONLY___ 
      "architecture": {
2022-11-01 15:36:30,949 INFO     ___FILE_ONLY___ 
        "file_name": "x86_64",
2022-11-01 15:36:30,949 INFO     ___FILE_ONLY___ 
        "id": "x86_64",
2022-11-01 15:36:30,949 INFO     ___FILE_ONLY___ 
        "name": "x86_64"
2022-11-01 15:36:30,949 INFO     ___FILE_ONLY___ 
      },
2022-11-01 15:36:30,949 INFO     ___FILE_ONLY___ 
      "operating_system": {
2022-11-01 15:36:30,949 INFO     ___FILE_ONLY___ 
        "file_name": "darwin",
2022-11-01 15:36:30,949 INFO     ___FILE_ONLY___ 
        "id": "MACOSX",
2022-11-01 15:36:30,949 INFO     ___FILE_ONLY___ 
        "name": "Mac OS X"
2022-11-01 15:36:30,951 INFO     ___FILE_ONLY___ 
      }
2022-11-01 15:36:30,951 INFO     ___FILE_ONLY___ 
    },
2022-11-01 15:36:30,951 INFO     ___FILE_ONLY___ 
    "platform_required": false,
2022-11-01 15:36:30,952 INFO     ___FILE_ONLY___ 
    "size": 0,
2022-11-01 15:36:30,952 INFO     ___FILE_ONLY___ 
    "state": {
2022-11-01 15:36:30,952 INFO     ___FILE_ONLY___ 
      "name": "Not Installed"
2022-11-01 15:36:30,952 INFO     ___FILE_ONLY___ 
    }
2022-11-01 15:36:30,952 INFO     ___FILE_ONLY___ 
  }
2022-11-01 15:36:30,954 INFO     ___FILE_ONLY___ ,
  {
2022-11-01 15:36:30,954 INFO     ___FILE_ONLY___ 
    "current_version_string": "2.0.80",
2022-11-01 15:36:30,954 INFO     ___FILE_ONLY___ 
    "id": "bq",
2022-11-01 15:36:30,955 INFO     ___FILE_ONLY___ 
    "is_configuration": false,
2022-11-01 15:36:30,956 INFO     ___FILE_ONLY___ 
    "is_hidden": false,
2022-11-01 15:36:30,957 INFO     ___FILE_ONLY___ 
    "latest_version_string": "2.0.80",
2022-11-01 15:36:30,958 INFO     ___FILE_ONLY___ 
    "name": "BigQuery Command Line Tool",
2022-11-01 15:36:30,958 INFO     ___FILE_ONLY___ 
    "platform": {
2022-11-01 15:36:30,958 INFO     ___FILE_ONLY___ 
      "architecture": {
2022-11-01 15:36:30,958 INFO     ___FILE_ONLY___ 
        "file_name": "x86_64",
2022-11-01 15:36:30,959 INFO     ___FILE_ONLY___ 
        "id": "x86_64",
2022-11-01 15:36:30,960 INFO     ___FILE_ONLY___ 
        "name": "x86_64"
2022-11-01 15:36:30,960 INFO     ___FILE_ONLY___ 
      },
2022-11-01 15:36:30,960 INFO     ___FILE_ONLY___ 
      "operating_system": {
2022-11-01 15:36:30,960 INFO     ___FILE_ONLY___ 
        "file_name": "darwin",
2022-11-01 15:36:30,960 INFO     ___FILE_ONLY___ 
        "id": "MACOSX",
2022-11-01 15:36:30,961 INFO     ___FILE_ONLY___ 
        "name": "Mac OS X"
2022-11-01 15:36:30,961 INFO     ___FILE_ONLY___ 
      }
2022-11-01 15:36:30,961 INFO     ___FILE_ONLY___ 
    },
2022-11-01 15:36:30,963 INFO     ___FILE_ONLY___ 
    "platform_required": false,
2022-11-01 15:36:30,963 INFO     ___FILE_ONLY___ 
    "size": 1689637,
2022-11-01 15:36:30,963 INFO     ___FILE_ONLY___ 
    "state": {
2022-11-01 15:36:30,963 INFO     ___FILE_ONLY___ 
      "name": "Installed"
2022-11-01 15:36:30,964 INFO     ___FILE_ONLY___ 
    }
2022-11-01 15:36:30,964 INFO     ___FILE_ONLY___ 
  }
2022-11-01 15:36:30,967 INFO     ___FILE_ONLY___ ,
  {
2022-11-01 15:36:30,967 INFO     ___FILE_ONLY___ 
    "current_version_string": "5.16",
2022-11-01 15:36:30,968 INFO     ___FILE_ONLY___ 
    "id": "gsutil",
2022-11-01 15:36:30,968 INFO     ___FILE_ONLY___ 
    "is_configuration": false,
2022-11-01 15:36:30,968 INFO     ___FILE_ONLY___ 
    "is_hidden": false,
2022-11-01 15:36:30,969 INFO     ___FILE_ONLY___ 
    "latest_version_string": "5.16",
2022-11-01 15:36:30,969 INFO     ___FILE_ONLY___ 
    "name": "Cloud Storage Command Line Tool",
2022-11-01 15:36:30,969 INFO     ___FILE_ONLY___ 
    "platform": {
2022-11-01 15:36:30,970 INFO     ___FILE_ONLY___ 
      "architecture": {
2022-11-01 15:36:30,971 INFO     ___FILE_ONLY___ 
        "file_name": "x86_64",
2022-11-01 15:36:30,972 INFO     ___FILE_ONLY___ 
        "id": "x86_64",
2022-11-01 15:36:30,973 INFO     ___FILE_ONLY___ 
        "name": "x86_64"
2022-11-01 15:36:30,973 INFO     ___FILE_ONLY___ 
      },
2022-11-01 15:36:30,973 INFO     ___FILE_ONLY___ 
      "operating_system": {
2022-11-01 15:36:30,974 INFO     ___FILE_ONLY___ 
        "file_name": "darwin",
2022-11-01 15:36:30,974 INFO     ___FILE_ONLY___ 
        "id": "MACOSX",
2022-11-01 15:36:30,975 INFO     ___FILE_ONLY___ 
        "name": "Mac OS X"
2022-11-01 15:36:30,975 INFO     ___FILE_ONLY___ 
      }
2022-11-01 15:36:30,975 INFO     ___FILE_ONLY___ 
    },
2022-11-01 15:36:30,975 INFO     ___FILE_ONLY___ 
    "platform_required": false,
2022-11-01 15:36:30,975 INFO     ___FILE_ONLY___ 
    "size": 16295859,
2022-11-01 15:36:30,975 INFO     ___FILE_ONLY___ 
    "state": {
2022-11-01 15:36:30,976 INFO     ___FILE_ONLY___ 
      "name": "Installed"
2022-11-01 15:36:30,976 INFO     ___FILE_ONLY___ 
    }
2022-11-01 15:36:30,976 INFO     ___FILE_ONLY___ 
  }
2022-11-01 15:36:30,977 INFO     ___FILE_ONLY___ ,
  {
2022-11-01 15:36:30,979 INFO     ___FILE_ONLY___ 
    "current_version_string": "2022.10.28",
2022-11-01 15:36:30,980 INFO     ___FILE_ONLY___ 
    "id": "core",
2022-11-01 15:36:30,980 INFO     ___FILE_ONLY___ 
    "is_configuration": false,
2022-11-01 15:36:30,980 INFO     ___FILE_ONLY___ 
    "is_hidden": false,
2022-11-01 15:36:30,980 INFO     ___FILE_ONLY___ 
    "latest_version_string": "2022.10.28",
2022-11-01 15:36:30,980 INFO     ___FILE_ONLY___ 
    "name": "Google Cloud CLI Core Libraries",
2022-11-01 15:36:30,980 INFO     ___FILE_ONLY___ 
    "platform": {
2022-11-01 15:36:30,980 INFO     ___FILE_ONLY___ 
      "architecture": {
2022-11-01 15:36:30,981 INFO     ___FILE_ONLY___ 
        "file_name": "x86_64",
2022-11-01 15:36:30,981 INFO     ___FILE_ONLY___ 
        "id": "x86_64",
2022-11-01 15:36:30,981 INFO     ___FILE_ONLY___ 
        "name": "x86_64"
2022-11-01 15:36:30,981 INFO     ___FILE_ONLY___ 
      },
2022-11-01 15:36:30,981 INFO     ___FILE_ONLY___ 
      "operating_system": {
2022-11-01 15:36:30,981 INFO     ___FILE_ONLY___ 
        "file_name": "darwin",
2022-11-01 15:36:30,981 INFO     ___FILE_ONLY___ 
        "id": "MACOSX",
2022-11-01 15:36:30,982 INFO     ___FILE_ONLY___ 
        "name": "Mac OS X"
2022-11-01 15:36:30,982 INFO     ___FILE_ONLY___ 
      }
2022-11-01 15:36:30,982 INFO     ___FILE_ONLY___ 
    },
2022-11-01 15:36:30,983 INFO     ___FILE_ONLY___ 
    "platform_required": false,
2022-11-01 15:36:30,983 INFO     ___FILE_ONLY___ 
    "size": 26335424,
2022-11-01 15:36:30,983 INFO     ___FILE_ONLY___ 
    "state": {
2022-11-01 15:36:30,984 INFO     ___FILE_ONLY___ 
      "name": "Installed"
2022-11-01 15:36:30,984 INFO     ___FILE_ONLY___ 
    }
2022-11-01 15:36:30,984 INFO     ___FILE_ONLY___ 
  }
2022-11-01 15:36:30,985 INFO     ___FILE_ONLY___ ,
  {
2022-11-01 15:36:30,986 INFO     ___FILE_ONLY___ 
    "current_version_string": "1.0.0",
2022-11-01 15:36:30,986 INFO     ___FILE_ONLY___ 
    "id": "gcloud-crc32c",
2022-11-01 15:36:30,987 INFO     ___FILE_ONLY___ 
    "is_configuration": false,
2022-11-01 15:36:30,987 INFO     ___FILE_ONLY___ 
    "is_hidden": false,
2022-11-01 15:36:30,988 INFO     ___FILE_ONLY___ 
    "latest_version_string": "1.0.0",
2022-11-01 15:36:30,988 INFO     ___FILE_ONLY___ 
    "name": "Google Cloud CRC32C Hash Tool",
2022-11-01 15:36:30,988 INFO     ___FILE_ONLY___ 
    "platform": {
2022-11-01 15:36:30,988 INFO     ___FILE_ONLY___ 
      "architecture": {
2022-11-01 15:36:30,988 INFO     ___FILE_ONLY___ 
        "file_name": "x86_64",
2022-11-01 15:36:30,988 INFO     ___FILE_ONLY___ 
        "id": "x86_64",
2022-11-01 15:36:30,989 INFO     ___FILE_ONLY___ 
        "name": "x86_64"
2022-11-01 15:36:30,989 INFO     ___FILE_ONLY___ 
      },
2022-11-01 15:36:30,989 INFO     ___FILE_ONLY___ 
      "operating_system": {
2022-11-01 15:36:30,989 INFO     ___FILE_ONLY___ 
        "file_name": "darwin",
2022-11-01 15:36:30,989 INFO     ___FILE_ONLY___ 
        "id": "MACOSX",
2022-11-01 15:36:30,989 INFO     ___FILE_ONLY___ 
        "name": "Mac OS X"
2022-11-01 15:36:30,989 INFO     ___FILE_ONLY___ 
      }
2022-11-01 15:36:30,989 INFO     ___FILE_ONLY___ 
    },
2022-11-01 15:36:30,990 INFO     ___FILE_ONLY___ 
    "platform_required": false,
2022-11-01 15:36:30,990 INFO     ___FILE_ONLY___ 
    "size": 1250758,
2022-11-01 15:36:30,990 INFO     ___FILE_ONLY___ 
    "state": {
2022-11-01 15:36:30,990 INFO     ___FILE_ONLY___ 
      "name": "Installed"
2022-11-01 15:36:30,991 INFO     ___FILE_ONLY___ 
    }
2022-11-01 15:36:30,991 INFO     ___FILE_ONLY___ 
  }
2022-11-01 15:36:30,993 INFO     ___FILE_ONLY___ ,
  {
2022-11-01 15:36:30,993 INFO     ___FILE_ONLY___ 
    "current_version_string": "1.27.0",
2022-11-01 15:36:30,993 INFO     ___FILE_ONLY___ 
    "id": "minikube",
2022-11-01 15:36:30,993 INFO     ___FILE_ONLY___ 
    "is_configuration": false,
2022-11-01 15:36:30,993 INFO     ___FILE_ONLY___ 
    "is_hidden": false,
2022-11-01 15:36:30,993 INFO     ___FILE_ONLY___ 
    "latest_version_string": "1.27.0",
2022-11-01 15:36:30,993 INFO     ___FILE_ONLY___ 
    "name": "Minikube",
2022-11-01 15:36:30,994 INFO     ___FILE_ONLY___ 
    "platform": {
2022-11-01 15:36:30,994 INFO     ___FILE_ONLY___ 
      "architecture": {
2022-11-01 15:36:30,994 INFO     ___FILE_ONLY___ 
        "file_name": "x86_64",
2022-11-01 15:36:30,994 INFO     ___FILE_ONLY___ 
        "id": "x86_64",
2022-11-01 15:36:30,994 INFO     ___FILE_ONLY___ 
        "name": "x86_64"
2022-11-01 15:36:30,994 INFO     ___FILE_ONLY___ 
      },
2022-11-01 15:36:30,995 INFO     ___FILE_ONLY___ 
      "operating_system": {
2022-11-01 15:36:30,995 INFO     ___FILE_ONLY___ 
        "file_name": "darwin",
2022-11-01 15:36:30,995 INFO     ___FILE_ONLY___ 
        "id": "MACOSX",
2022-11-01 15:36:30,995 INFO     ___FILE_ONLY___ 
        "name": "Mac OS X"
2022-11-01 15:36:30,995 INFO     ___FILE_ONLY___ 
      }
2022-11-01 15:36:30,995 INFO     ___FILE_ONLY___ 
    },
2022-11-01 15:36:30,995 INFO     ___FILE_ONLY___ 
    "platform_required": false,
2022-11-01 15:36:30,995 INFO     ___FILE_ONLY___ 
    "size": 32365761,
2022-11-01 15:36:30,995 INFO     ___FILE_ONLY___ 
    "state": {
2022-11-01 15:36:30,996 INFO     ___FILE_ONLY___ 
      "name": "Installed"
2022-11-01 15:36:30,996 INFO     ___FILE_ONLY___ 
    }
2022-11-01 15:36:30,996 INFO     ___FILE_ONLY___ 
  }
2022-11-01 15:36:30,996 INFO     ___FILE_ONLY___ ,
  {
2022-11-01 15:36:30,996 INFO     ___FILE_ONLY___ 
    "current_version_string": "1.39.3",
2022-11-01 15:36:30,997 INFO     ___FILE_ONLY___ 
    "id": "skaffold",
2022-11-01 15:36:30,997 INFO     ___FILE_ONLY___ 
    "is_configuration": false,
2022-11-01 15:36:30,997 INFO     ___FILE_ONLY___ 
    "is_hidden": false,
2022-11-01 15:36:30,997 INFO     ___FILE_ONLY___ 
    "latest_version_string": "1.39.3",
2022-11-01 15:36:30,997 INFO     ___FILE_ONLY___ 
    "name": "Skaffold",
2022-11-01 15:36:30,997 INFO     ___FILE_ONLY___ 
    "platform": {
2022-11-01 15:36:30,997 INFO     ___FILE_ONLY___ 
      "architecture": {
2022-11-01 15:36:30,997 INFO     ___FILE_ONLY___ 
        "file_name": "x86_64",
2022-11-01 15:36:30,997 INFO     ___FILE_ONLY___ 
        "id": "x86_64",
2022-11-01 15:36:30,997 INFO     ___FILE_ONLY___ 
        "name": "x86_64"
2022-11-01 15:36:30,997 INFO     ___FILE_ONLY___ 
      },
2022-11-01 15:36:30,997 INFO     ___FILE_ONLY___ 
      "operating_system": {
2022-11-01 15:36:30,998 INFO     ___FILE_ONLY___ 
        "file_name": "darwin",
2022-11-01 15:36:30,998 INFO     ___FILE_ONLY___ 
        "id": "MACOSX",
2022-11-01 15:36:30,998 INFO     ___FILE_ONLY___ 
        "name": "Mac OS X"
2022-11-01 15:36:30,998 INFO     ___FILE_ONLY___ 
      }
2022-11-01 15:36:30,998 INFO     ___FILE_ONLY___ 
    },
2022-11-01 15:36:30,998 INFO     ___FILE_ONLY___ 
    "platform_required": false,
2022-11-01 15:36:30,998 INFO     ___FILE_ONLY___ 
    "size": 22301645,
2022-11-01 15:36:30,998 INFO     ___FILE_ONLY___ 
    "state": {
2022-11-01 15:36:30,999 INFO     ___FILE_ONLY___ 
      "name": "Installed"
2022-11-01 15:36:30,999 INFO     ___FILE_ONLY___ 
    }
2022-11-01 15:36:30,999 INFO     ___FILE_ONLY___ 
  }
2022-11-01 15:36:30,999 INFO     ___FILE_ONLY___ ,
  {
2022-11-01 15:36:31,000 INFO     ___FILE_ONLY___ 
    "current_version_string": "2022.10.28",
2022-11-01 15:36:31,000 INFO     ___FILE_ONLY___ 
    "id": "alpha",
2022-11-01 15:36:31,000 INFO     ___FILE_ONLY___ 
    "is_configuration": false,
2022-11-01 15:36:31,000 INFO     ___FILE_ONLY___ 
    "is_hidden": false,
2022-11-01 15:36:31,000 INFO     ___FILE_ONLY___ 
    "latest_version_string": "2022.10.28",
2022-11-01 15:36:31,000 INFO     ___FILE_ONLY___ 
    "name": "gcloud Alpha Commands",
2022-11-01 15:36:31,000 INFO     ___FILE_ONLY___ 
    "platform": {
2022-11-01 15:36:31,000 INFO     ___FILE_ONLY___ 
      "architecture": {
2022-11-01 15:36:31,000 INFO     ___FILE_ONLY___ 
        "file_name": "x86_64",
2022-11-01 15:36:31,000 INFO     ___FILE_ONLY___ 
        "id": "x86_64",
2022-11-01 15:36:31,000 INFO     ___FILE_ONLY___ 
        "name": "x86_64"
2022-11-01 15:36:31,000 INFO     ___FILE_ONLY___ 
      },
2022-11-01 15:36:31,000 INFO     ___FILE_ONLY___ 
      "operating_system": {
2022-11-01 15:36:31,001 INFO     ___FILE_ONLY___ 
        "file_name": "darwin",
2022-11-01 15:36:31,001 INFO     ___FILE_ONLY___ 
        "id": "MACOSX",
2022-11-01 15:36:31,001 INFO     ___FILE_ONLY___ 
        "name": "Mac OS X"
2022-11-01 15:36:31,001 INFO     ___FILE_ONLY___ 
      }
2022-11-01 15:36:31,001 INFO     ___FILE_ONLY___ 
    },
2022-11-01 15:36:31,001 INFO     ___FILE_ONLY___ 
    "platform_required": false,
2022-11-01 15:36:31,001 INFO     ___FILE_ONLY___ 
    "size": 800,
2022-11-01 15:36:31,001 INFO     ___FILE_ONLY___ 
    "state": {
2022-11-01 15:36:31,001 INFO     ___FILE_ONLY___ 
      "name": "Installed"
2022-11-01 15:36:31,001 INFO     ___FILE_ONLY___ 
    }
2022-11-01 15:36:31,002 INFO     ___FILE_ONLY___ 
  }
2022-11-01 15:36:31,002 INFO     ___FILE_ONLY___ ,
  {
2022-11-01 15:36:31,003 INFO     ___FILE_ONLY___ 
    "current_version_string": "2022.10.28",
2022-11-01 15:36:31,003 INFO     ___FILE_ONLY___ 
    "id": "beta",
2022-11-01 15:36:31,003 INFO     ___FILE_ONLY___ 
    "is_configuration": false,
2022-11-01 15:36:31,003 INFO     ___FILE_ONLY___ 
    "is_hidden": false,
2022-11-01 15:36:31,003 INFO     ___FILE_ONLY___ 
    "latest_version_string": "2022.10.28",
2022-11-01 15:36:31,003 INFO     ___FILE_ONLY___ 
    "name": "gcloud Beta Commands",
2022-11-01 15:36:31,004 INFO     ___FILE_ONLY___ 
    "platform": {
2022-11-01 15:36:31,004 INFO     ___FILE_ONLY___ 
      "architecture": {
2022-11-01 15:36:31,004 INFO     ___FILE_ONLY___ 
        "file_name": "x86_64",
2022-11-01 15:36:31,004 INFO     ___FILE_ONLY___ 
        "id": "x86_64",
2022-11-01 15:36:31,004 INFO     ___FILE_ONLY___ 
        "name": "x86_64"
2022-11-01 15:36:31,004 INFO     ___FILE_ONLY___ 
      },
2022-11-01 15:36:31,005 INFO     ___FILE_ONLY___ 
      "operating_system": {
2022-11-01 15:36:31,005 INFO     ___FILE_ONLY___ 
        "file_name": "darwin",
2022-11-01 15:36:31,005 INFO     ___FILE_ONLY___ 
        "id": "MACOSX",
2022-11-01 15:36:31,005 INFO     ___FILE_ONLY___ 
        "name": "Mac OS X"
2022-11-01 15:36:31,005 INFO     ___FILE_ONLY___ 
      }
2022-11-01 15:36:31,005 INFO     ___FILE_ONLY___ 
    },
2022-11-01 15:36:31,005 INFO     ___FILE_ONLY___ 
    "platform_required": false,
2022-11-01 15:36:31,005 INFO     ___FILE_ONLY___ 
    "size": 797,
2022-11-01 15:36:31,006 INFO     ___FILE_ONLY___ 
    "state": {
2022-11-01 15:36:31,006 INFO     ___FILE_ONLY___ 
      "name": "Installed"
2022-11-01 15:36:31,006 INFO     ___FILE_ONLY___ 
    }
2022-11-01 15:36:31,006 INFO     ___FILE_ONLY___ 
  }
2022-11-01 15:36:31,007 INFO     ___FILE_ONLY___ ,
  {
2022-11-01 15:36:31,007 INFO     ___FILE_ONLY___ 
    "current_version_string": "0.4.0",
2022-11-01 15:36:31,007 INFO     ___FILE_ONLY___ 
    "id": "gke-gcloud-auth-plugin",
2022-11-01 15:36:31,007 INFO     ___FILE_ONLY___ 
    "is_configuration": false,
2022-11-01 15:36:31,007 INFO     ___FILE_ONLY___ 
    "is_hidden": false,
2022-11-01 15:36:31,007 INFO     ___FILE_ONLY___ 
    "latest_version_string": "0.4.0",
2022-11-01 15:36:31,007 INFO     ___FILE_ONLY___ 
    "name": "gke-gcloud-auth-plugin",
2022-11-01 15:36:31,008 INFO     ___FILE_ONLY___ 
    "platform": {
2022-11-01 15:36:31,008 INFO     ___FILE_ONLY___ 
      "architecture": {
2022-11-01 15:36:31,008 INFO     ___FILE_ONLY___ 
        "file_name": "x86_64",
2022-11-01 15:36:31,008 INFO     ___FILE_ONLY___ 
        "id": "x86_64",
2022-11-01 15:36:31,008 INFO     ___FILE_ONLY___ 
        "name": "x86_64"
2022-11-01 15:36:31,008 INFO     ___FILE_ONLY___ 
      },
2022-11-01 15:36:31,008 INFO     ___FILE_ONLY___ 
      "operating_system": {
2022-11-01 15:36:31,008 INFO     ___FILE_ONLY___ 
        "file_name": "darwin",
2022-11-01 15:36:31,008 INFO     ___FILE_ONLY___ 
        "id": "MACOSX",
2022-11-01 15:36:31,008 INFO     ___FILE_ONLY___ 
        "name": "Mac OS X"
2022-11-01 15:36:31,009 INFO     ___FILE_ONLY___ 
      }
2022-11-01 15:36:31,009 INFO     ___FILE_ONLY___ 
    },
2022-11-01 15:36:31,009 INFO     ___FILE_ONLY___ 
    "platform_required": false,
2022-11-01 15:36:31,009 INFO     ___FILE_ONLY___ 
    "size": 7825303,
2022-11-01 15:36:31,009 INFO     ___FILE_ONLY___ 
    "state": {
2022-11-01 15:36:31,009 INFO     ___FILE_ONLY___ 
      "name": "Installed"
2022-11-01 15:36:31,009 INFO     ___FILE_ONLY___ 
    }
2022-11-01 15:36:31,009 INFO     ___FILE_ONLY___ 
  }
2022-11-01 15:36:31,009 INFO     ___FILE_ONLY___ ,
  {
2022-11-01 15:36:31,010 INFO     ___FILE_ONLY___ 
    "current_version_string": "1.22.14",
2022-11-01 15:36:31,010 INFO     ___FILE_ONLY___ 
    "id": "kubectl",
2022-11-01 15:36:31,010 INFO     ___FILE_ONLY___ 
    "is_configuration": false,
2022-11-01 15:36:31,010 INFO     ___FILE_ONLY___ 
    "is_hidden": false,
2022-11-01 15:36:31,010 INFO     ___FILE_ONLY___ 
    "latest_version_string": "1.22.14",
2022-11-01 15:36:31,010 INFO     ___FILE_ONLY___ 
    "name": "kubectl",
2022-11-01 15:36:31,010 INFO     ___FILE_ONLY___ 
    "platform": {
2022-11-01 15:36:31,010 INFO     ___FILE_ONLY___ 
      "architecture": {
2022-11-01 15:36:31,010 INFO     ___FILE_ONLY___ 
        "file_name": "x86_64",
2022-11-01 15:36:31,010 INFO     ___FILE_ONLY___ 
        "id": "x86_64",
2022-11-01 15:36:31,010 INFO     ___FILE_ONLY___ 
        "name": "x86_64"
2022-11-01 15:36:31,010 INFO     ___FILE_ONLY___ 
      },
2022-11-01 15:36:31,010 INFO     ___FILE_ONLY___ 
      "operating_system": {
2022-11-01 15:36:31,010 INFO     ___FILE_ONLY___ 
        "file_name": "darwin",
2022-11-01 15:36:31,010 INFO     ___FILE_ONLY___ 
        "id": "MACOSX",
2022-11-01 15:36:31,010 INFO     ___FILE_ONLY___ 
        "name": "Mac OS X"
2022-11-01 15:36:31,011 INFO     ___FILE_ONLY___ 
      }
2022-11-01 15:36:31,011 INFO     ___FILE_ONLY___ 
    },
2022-11-01 15:36:31,011 INFO     ___FILE_ONLY___ 
    "platform_required": true,
2022-11-01 15:36:31,011 INFO     ___FILE_ONLY___ 
    "size": 48204,
2022-11-01 15:36:31,011 INFO     ___FILE_ONLY___ 
    "state": {
2022-11-01 15:36:31,011 INFO     ___FILE_ONLY___ 
      "name": "Installed"
2022-11-01 15:36:31,011 INFO     ___FILE_ONLY___ 
    }
2022-11-01 15:36:31,011 INFO     ___FILE_ONLY___ 
  }
2022-11-01 15:36:31,011 INFO     ___FILE_ONLY___ 
]

