2022-11-03 15:17:29,582 DEBUG    root            Loaded Command Group: ['gcloud', 'components']
2022-11-03 15:17:29,588 DEBUG    root            Loaded Command Group: ['gcloud', 'components', 'install']
2022-11-03 15:17:29,591 DEBUG    root            Running [gcloud.components.install] with arguments: [--quiet: "True", COMPONENT-IDS:7: "['alpha', 'beta', 'gke-gcloud-auth-plugin', 'kubectl', 'skaffold', 'minikube', 'gsutil']"]
2022-11-03 15:17:29,616 DEBUG    urllib3.connectionpool Starting new HTTPS connection (1): dl.google.com:443
2022-11-03 15:17:29,719 DEBUG    urllib3.connectionpool https://dl.google.com:443 "GET /dl/cloudsdk/channels/rapid/components-v408.0.1.json HTTP/1.1" 200 203446
2022-11-03 15:17:29,805 INFO     ___FILE_ONLY___ 

2022-11-03 15:17:29,805 INFO     ___FILE_ONLY___ 
Your current Google Cloud CLI version is: 408.0.1

2022-11-03 15:17:29,805 INFO     ___FILE_ONLY___ Installing components from version: 408.0.1

2022-11-03 15:17:29,805 INFO     ___FILE_ONLY___ 

2022-11-03 15:17:29,810 INFO     ___FILE_ONLY___ ┌────────────────────────────────────────────────┐
2022-11-03 15:17:29,810 INFO     ___FILE_ONLY___ 

2022-11-03 15:17:29,810 INFO     ___FILE_ONLY___ │      These components will be installed.       │
2022-11-03 15:17:29,810 INFO     ___FILE_ONLY___ 

2022-11-03 15:17:29,810 INFO     ___FILE_ONLY___ ├────────────────────────┬────────────┬──────────┤
2022-11-03 15:17:29,810 INFO     ___FILE_ONLY___ 

2022-11-03 15:17:29,810 INFO     ___FILE_ONLY___ │          Name          │  Version   │   Size   │
2022-11-03 15:17:29,810 INFO     ___FILE_ONLY___ 

2022-11-03 15:17:29,810 INFO     ___FILE_ONLY___ ├────────────────────────┼────────────┼──────────┤
2022-11-03 15:17:29,811 INFO     ___FILE_ONLY___ 

2022-11-03 15:17:29,811 INFO     ___FILE_ONLY___ │ 
2022-11-03 15:17:29,811 INFO     ___FILE_ONLY___ Minikube              
2022-11-03 15:17:29,811 INFO     ___FILE_ONLY___  
2022-11-03 15:17:29,811 INFO     ___FILE_ONLY___ │ 
2022-11-03 15:17:29,811 INFO     ___FILE_ONLY___     1.27.0
2022-11-03 15:17:29,811 INFO     ___FILE_ONLY___  
2022-11-03 15:17:29,811 INFO     ___FILE_ONLY___ │ 
2022-11-03 15:17:29,811 INFO     ___FILE_ONLY___ 30.9 MiB
2022-11-03 15:17:29,811 INFO     ___FILE_ONLY___  
2022-11-03 15:17:29,811 INFO     ___FILE_ONLY___ │
2022-11-03 15:17:29,811 INFO     ___FILE_ONLY___ 

2022-11-03 15:17:29,811 INFO     ___FILE_ONLY___ │ 
2022-11-03 15:17:29,811 INFO     ___FILE_ONLY___ Skaffold              
2022-11-03 15:17:29,811 INFO     ___FILE_ONLY___  
2022-11-03 15:17:29,811 INFO     ___FILE_ONLY___ │ 
2022-11-03 15:17:29,811 INFO     ___FILE_ONLY___     1.39.3
2022-11-03 15:17:29,812 INFO     ___FILE_ONLY___  
2022-11-03 15:17:29,812 INFO     ___FILE_ONLY___ │ 
2022-11-03 15:17:29,812 INFO     ___FILE_ONLY___ 21.3 MiB
2022-11-03 15:17:29,812 INFO     ___FILE_ONLY___  
2022-11-03 15:17:29,812 INFO     ___FILE_ONLY___ │
2022-11-03 15:17:29,812 INFO     ___FILE_ONLY___ 

2022-11-03 15:17:29,812 INFO     ___FILE_ONLY___ │ 
2022-11-03 15:17:29,812 INFO     ___FILE_ONLY___ gcloud Alpha Commands 
2022-11-03 15:17:29,812 INFO     ___FILE_ONLY___  
2022-11-03 15:17:29,812 INFO     ___FILE_ONLY___ │ 
2022-11-03 15:17:29,812 INFO     ___FILE_ONLY___ 2022.11.01
2022-11-03 15:17:29,812 INFO     ___FILE_ONLY___  
2022-11-03 15:17:29,812 INFO     ___FILE_ONLY___ │ 
2022-11-03 15:17:29,812 INFO     ___FILE_ONLY___  < 1 MiB
2022-11-03 15:17:29,812 INFO     ___FILE_ONLY___  
2022-11-03 15:17:29,812 INFO     ___FILE_ONLY___ │
2022-11-03 15:17:29,813 INFO     ___FILE_ONLY___ 

2022-11-03 15:17:29,813 INFO     ___FILE_ONLY___ │ 
2022-11-03 15:17:29,813 INFO     ___FILE_ONLY___ gcloud Beta Commands  
2022-11-03 15:17:29,813 INFO     ___FILE_ONLY___  
2022-11-03 15:17:29,813 INFO     ___FILE_ONLY___ │ 
2022-11-03 15:17:29,813 INFO     ___FILE_ONLY___ 2022.11.01
2022-11-03 15:17:29,813 INFO     ___FILE_ONLY___  
2022-11-03 15:17:29,813 INFO     ___FILE_ONLY___ │ 
2022-11-03 15:17:29,813 INFO     ___FILE_ONLY___  < 1 MiB
2022-11-03 15:17:29,813 INFO     ___FILE_ONLY___  
2022-11-03 15:17:29,813 INFO     ___FILE_ONLY___ │
2022-11-03 15:17:29,813 INFO     ___FILE_ONLY___ 

2022-11-03 15:17:29,813 INFO     ___FILE_ONLY___ │ 
2022-11-03 15:17:29,813 INFO     ___FILE_ONLY___ gke-gcloud-auth-plugin
2022-11-03 15:17:29,813 INFO     ___FILE_ONLY___  
2022-11-03 15:17:29,813 INFO     ___FILE_ONLY___ │ 
2022-11-03 15:17:29,814 INFO     ___FILE_ONLY___      0.4.0
2022-11-03 15:17:29,814 INFO     ___FILE_ONLY___  
2022-11-03 15:17:29,814 INFO     ___FILE_ONLY___ │ 
2022-11-03 15:17:29,814 INFO     ___FILE_ONLY___  7.5 MiB
2022-11-03 15:17:29,814 INFO     ___FILE_ONLY___  
2022-11-03 15:17:29,814 INFO     ___FILE_ONLY___ │
2022-11-03 15:17:29,814 INFO     ___FILE_ONLY___ 

2022-11-03 15:17:29,814 INFO     ___FILE_ONLY___ │ 
2022-11-03 15:17:29,814 INFO     ___FILE_ONLY___ kubectl               
2022-11-03 15:17:29,814 INFO     ___FILE_ONLY___  
2022-11-03 15:17:29,814 INFO     ___FILE_ONLY___ │ 
2022-11-03 15:17:29,814 INFO     ___FILE_ONLY___    1.22.14
2022-11-03 15:17:29,814 INFO     ___FILE_ONLY___  
2022-11-03 15:17:29,814 INFO     ___FILE_ONLY___ │ 
2022-11-03 15:17:29,814 INFO     ___FILE_ONLY___ 93.1 MiB
2022-11-03 15:17:29,814 INFO     ___FILE_ONLY___  
2022-11-03 15:17:29,814 INFO     ___FILE_ONLY___ │
2022-11-03 15:17:29,815 INFO     ___FILE_ONLY___ 

2022-11-03 15:17:29,815 INFO     ___FILE_ONLY___ │ 
2022-11-03 15:17:29,815 INFO     ___FILE_ONLY___ kubectl               
2022-11-03 15:17:29,815 INFO     ___FILE_ONLY___  
2022-11-03 15:17:29,815 INFO     ___FILE_ONLY___ │ 
2022-11-03 15:17:29,815 INFO     ___FILE_ONLY___    1.22.14
2022-11-03 15:17:29,815 INFO     ___FILE_ONLY___  
2022-11-03 15:17:29,815 INFO     ___FILE_ONLY___ │ 
2022-11-03 15:17:29,815 INFO     ___FILE_ONLY___  < 1 MiB
2022-11-03 15:17:29,815 INFO     ___FILE_ONLY___  
2022-11-03 15:17:29,815 INFO     ___FILE_ONLY___ │
2022-11-03 15:17:29,815 INFO     ___FILE_ONLY___ 

2022-11-03 15:17:29,815 INFO     ___FILE_ONLY___ └────────────────────────┴────────────┴──────────┘
2022-11-03 15:17:29,815 INFO     ___FILE_ONLY___ 

2022-11-03 15:17:29,816 INFO     ___FILE_ONLY___ 

2022-11-03 15:17:29,818 DEBUG    urllib3.connectionpool Starting new HTTPS connection (1): dl.google.com:443
2022-11-03 15:17:29,952 DEBUG    urllib3.connectionpool https://dl.google.com:443 "GET /dl/cloudsdk/channels/rapid/RELEASE_NOTES HTTP/1.1" 200 891853
2022-11-03 15:17:30,163 INFO     ___FILE_ONLY___ For the latest full release notes, please visit:
  https://cloud.google.com/sdk/release_notes


2022-11-03 15:17:30,170 INFO     ___FILE_ONLY___ ╔════════════════════════════════════════════════════════════╗

2022-11-03 15:17:30,170 INFO     ___FILE_ONLY___ ╠═ Creating update staging area                             ═╣

2022-11-03 15:17:30,171 INFO     ___FILE_ONLY___ ╚
2022-11-03 15:17:30,171 INFO     ___FILE_ONLY___ ══════
2022-11-03 15:17:36,844 INFO     ___FILE_ONLY___ ══════
2022-11-03 15:17:36,845 INFO     ___FILE_ONLY___ ══════
2022-11-03 15:17:37,714 INFO     ___FILE_ONLY___ ═
2022-11-03 15:17:38,072 INFO     ___FILE_ONLY___ ═
2022-11-03 15:17:38,408 INFO     ___FILE_ONLY___ ═
2022-11-03 15:17:38,962 INFO     ___FILE_ONLY___ ═
2022-11-03 15:17:39,508 INFO     ___FILE_ONLY___ ═
2022-11-03 15:17:39,821 INFO     ___FILE_ONLY___ ═
2022-11-03 15:17:40,174 INFO     ___FILE_ONLY___ ═
2022-11-03 15:17:40,682 INFO     ___FILE_ONLY___ ═
2022-11-03 15:17:41,258 INFO     ___FILE_ONLY___ ═
2022-11-03 15:17:41,874 INFO     ___FILE_ONLY___ ═
2022-11-03 15:17:42,252 INFO     ___FILE_ONLY___ ═
2022-11-03 15:17:42,593 INFO     ___FILE_ONLY___ ═
2022-11-03 15:17:42,999 INFO     ___FILE_ONLY___ ═
2022-11-03 15:17:43,295 INFO     ___FILE_ONLY___ ═
2022-11-03 15:17:43,586 INFO     ___FILE_ONLY___ ═
2022-11-03 15:17:44,153 INFO     ___FILE_ONLY___ ═
2022-11-03 15:17:44,656 INFO     ___FILE_ONLY___ ═
2022-11-03 15:17:45,067 INFO     ___FILE_ONLY___ ═
2022-11-03 15:17:45,543 INFO     ___FILE_ONLY___ ═
2022-11-03 15:17:45,829 INFO     ___FILE_ONLY___ ═
2022-11-03 15:17:46,055 INFO     ___FILE_ONLY___ ═
2022-11-03 15:17:46,275 INFO     ___FILE_ONLY___ ═
2022-11-03 15:17:46,469 INFO     ___FILE_ONLY___ ═
2022-11-03 15:17:46,770 INFO     ___FILE_ONLY___ ═
2022-11-03 15:17:47,027 INFO     ___FILE_ONLY___ ═
2022-11-03 15:17:47,311 INFO     ___FILE_ONLY___ ═
2022-11-03 15:17:47,602 INFO     ___FILE_ONLY___ ═
2022-11-03 15:17:47,889 INFO     ___FILE_ONLY___ ═
2022-11-03 15:17:48,182 INFO     ___FILE_ONLY___ ═
2022-11-03 15:17:48,472 INFO     ___FILE_ONLY___ ═
2022-11-03 15:17:48,838 INFO     ___FILE_ONLY___ ═
2022-11-03 15:17:49,191 INFO     ___FILE_ONLY___ ═
2022-11-03 15:17:49,497 INFO     ___FILE_ONLY___ ═
2022-11-03 15:17:49,839 INFO     ___FILE_ONLY___ ═
2022-11-03 15:17:50,159 INFO     ___FILE_ONLY___ ═
2022-11-03 15:17:50,487 INFO     ___FILE_ONLY___ ═
2022-11-03 15:17:50,851 INFO     ___FILE_ONLY___ ═
2022-11-03 15:17:51,118 INFO     ___FILE_ONLY___ ═
2022-11-03 15:17:51,553 INFO     ___FILE_ONLY___ ═
2022-11-03 15:17:51,812 INFO     ___FILE_ONLY___ ═
2022-11-03 15:17:52,057 INFO     ___FILE_ONLY___ ═
2022-11-03 15:17:52,313 INFO     ___FILE_ONLY___ ═
2022-11-03 15:17:52,313 INFO     ___FILE_ONLY___ ╝

2022-11-03 15:18:04,127 INFO     ___FILE_ONLY___ ╔════════════════════════════════════════════════════════════╗

2022-11-03 15:18:04,128 INFO     ___FILE_ONLY___ ╠═ Installing: Minikube                                     ═╣

2022-11-03 15:18:04,128 INFO     ___FILE_ONLY___ ╚
2022-11-03 15:18:04,135 DEBUG    urllib3.connectionpool Starting new HTTPS connection (1): dl.google.com:443
2022-11-03 15:18:04,274 DEBUG    urllib3.connectionpool https://dl.google.com:443 "GET /dl/cloudsdk/channels/rapid/components/google-cloud-sdk-minikube-darwin-x86_64-20220923141408.tar.gz HTTP/1.1" 200 32365761
2022-11-03 15:18:05,246 INFO     ___FILE_ONLY___ ═
2022-11-03 15:18:05,253 INFO     ___FILE_ONLY___ ═
2022-11-03 15:18:05,255 INFO     ___FILE_ONLY___ ═
2022-11-03 15:18:05,256 INFO     ___FILE_ONLY___ ═
2022-11-03 15:18:05,258 INFO     ___FILE_ONLY___ ═
2022-11-03 15:18:05,259 INFO     ___FILE_ONLY___ ═
2022-11-03 15:18:05,261 INFO     ___FILE_ONLY___ ═
2022-11-03 15:18:05,270 INFO     ___FILE_ONLY___ ═
2022-11-03 15:18:05,272 INFO     ___FILE_ONLY___ ═
2022-11-03 15:18:05,273 INFO     ___FILE_ONLY___ ═
2022-11-03 15:18:05,275 INFO     ___FILE_ONLY___ ═
2022-11-03 15:18:05,277 INFO     ___FILE_ONLY___ ═
2022-11-03 15:18:05,278 INFO     ___FILE_ONLY___ ═
2022-11-03 15:18:05,279 INFO     ___FILE_ONLY___ ═
2022-11-03 15:18:05,281 INFO     ___FILE_ONLY___ ═
2022-11-03 15:18:05,292 INFO     ___FILE_ONLY___ ═
2022-11-03 15:18:05,294 INFO     ___FILE_ONLY___ ═
2022-11-03 15:18:05,295 INFO     ___FILE_ONLY___ ═
2022-11-03 15:18:05,297 INFO     ___FILE_ONLY___ ═
2022-11-03 15:18:05,298 INFO     ___FILE_ONLY___ ═
2022-11-03 15:18:05,300 INFO     ___FILE_ONLY___ ═
2022-11-03 15:18:05,302 INFO     ___FILE_ONLY___ ═
2022-11-03 15:18:05,303 INFO     ___FILE_ONLY___ ═
2022-11-03 15:18:05,311 INFO     ___FILE_ONLY___ ═
2022-11-03 15:18:05,312 INFO     ___FILE_ONLY___ ═
2022-11-03 15:18:05,314 INFO     ___FILE_ONLY___ ═
2022-11-03 15:18:05,315 INFO     ___FILE_ONLY___ ═
2022-11-03 15:18:05,317 INFO     ___FILE_ONLY___ ═
2022-11-03 15:18:05,318 INFO     ___FILE_ONLY___ ═
2022-11-03 15:18:05,319 INFO     ___FILE_ONLY___ ═
2022-11-03 15:18:06,089 INFO     ___FILE_ONLY___ ══════════════════════════════
2022-11-03 15:18:06,089 INFO     ___FILE_ONLY___ ╝

2022-11-03 15:18:06,112 INFO     ___FILE_ONLY___ ╔════════════════════════════════════════════════════════════╗

2022-11-03 15:18:06,113 INFO     ___FILE_ONLY___ ╠═ Installing: Minikube                                     ═╣

2022-11-03 15:18:06,113 INFO     ___FILE_ONLY___ ╚
2022-11-03 15:18:06,117 INFO     ___FILE_ONLY___ ════════════════════════════════════════════════════════════
2022-11-03 15:18:06,117 INFO     ___FILE_ONLY___ ╝

2022-11-03 15:18:06,122 INFO     ___FILE_ONLY___ ╔════════════════════════════════════════════════════════════╗

2022-11-03 15:18:06,124 INFO     ___FILE_ONLY___ ╠═ Installing: Skaffold                                     ═╣

2022-11-03 15:18:06,124 INFO     ___FILE_ONLY___ ╚
2022-11-03 15:18:06,128 INFO     ___FILE_ONLY___ ════════════════════════════════════════════════════════════
2022-11-03 15:18:06,128 INFO     ___FILE_ONLY___ ╝

2022-11-03 15:18:06,133 INFO     ___FILE_ONLY___ ╔════════════════════════════════════════════════════════════╗

2022-11-03 15:18:06,135 INFO     ___FILE_ONLY___ ╠═ Installing: Skaffold                                     ═╣

2022-11-03 15:18:06,135 INFO     ___FILE_ONLY___ ╚
2022-11-03 15:18:06,142 DEBUG    urllib3.connectionpool Starting new HTTPS connection (1): dl.google.com:443
2022-11-03 15:18:06,285 DEBUG    urllib3.connectionpool https://dl.google.com:443 "GET /dl/cloudsdk/channels/rapid/components/google-cloud-sdk-skaffold-darwin-x86_64-20221017194419.tar.gz HTTP/1.1" 200 22301645
2022-11-03 15:18:06,927 INFO     ___FILE_ONLY___ ═
2022-11-03 15:18:06,928 INFO     ___FILE_ONLY___ ═
2022-11-03 15:18:06,929 INFO     ___FILE_ONLY___ ═
2022-11-03 15:18:06,930 INFO     ___FILE_ONLY___ ═
2022-11-03 15:18:06,931 INFO     ___FILE_ONLY___ ═
2022-11-03 15:18:06,932 INFO     ___FILE_ONLY___ ═
2022-11-03 15:18:06,933 INFO     ___FILE_ONLY___ ═
2022-11-03 15:18:06,933 INFO     ___FILE_ONLY___ ═
2022-11-03 15:18:06,934 INFO     ___FILE_ONLY___ ═
2022-11-03 15:18:06,936 INFO     ___FILE_ONLY___ ═
2022-11-03 15:18:06,937 INFO     ___FILE_ONLY___ ═
2022-11-03 15:18:06,940 INFO     ___FILE_ONLY___ ═
2022-11-03 15:18:06,942 INFO     ___FILE_ONLY___ ═
2022-11-03 15:18:06,944 INFO     ___FILE_ONLY___ ═
2022-11-03 15:18:06,945 INFO     ___FILE_ONLY___ ═
2022-11-03 15:18:06,946 INFO     ___FILE_ONLY___ ═
2022-11-03 15:18:06,948 INFO     ___FILE_ONLY___ ═
2022-11-03 15:18:06,950 INFO     ___FILE_ONLY___ ═
2022-11-03 15:18:06,951 INFO     ___FILE_ONLY___ ═
2022-11-03 15:18:06,953 INFO     ___FILE_ONLY___ ═
2022-11-03 15:18:06,954 INFO     ___FILE_ONLY___ ═
2022-11-03 15:18:06,955 INFO     ___FILE_ONLY___ ═
2022-11-03 15:18:06,957 INFO     ___FILE_ONLY___ ═
2022-11-03 15:18:06,958 INFO     ___FILE_ONLY___ ═
2022-11-03 15:18:06,959 INFO     ___FILE_ONLY___ ═
2022-11-03 15:18:06,960 INFO     ___FILE_ONLY___ ═
2022-11-03 15:18:06,961 INFO     ___FILE_ONLY___ ═
2022-11-03 15:18:06,962 INFO     ___FILE_ONLY___ ═
2022-11-03 15:18:06,962 INFO     ___FILE_ONLY___ ═
2022-11-03 15:18:06,963 INFO     ___FILE_ONLY___ ═
2022-11-03 15:18:07,743 INFO     ___FILE_ONLY___ ══════════════════════════════
2022-11-03 15:18:07,744 INFO     ___FILE_ONLY___ ╝

2022-11-03 15:18:07,763 INFO     ___FILE_ONLY___ ╔════════════════════════════════════════════════════════════╗

2022-11-03 15:18:07,765 INFO     ___FILE_ONLY___ ╠═ Installing: gcloud Alpha Commands                        ═╣

2022-11-03 15:18:07,765 INFO     ___FILE_ONLY___ ╚
2022-11-03 15:18:07,770 DEBUG    urllib3.connectionpool Starting new HTTPS connection (1): dl.google.com:443
2022-11-03 15:18:07,873 DEBUG    urllib3.connectionpool https://dl.google.com:443 "GET /dl/cloudsdk/channels/rapid/components/google-cloud-sdk-alpha-20221101212107.tar.gz HTTP/1.1" 200 800
2022-11-03 15:18:07,875 INFO     ___FILE_ONLY___ ══════════════════════════════
2022-11-03 15:18:07,877 INFO     ___FILE_ONLY___ ══════════════════════════════
2022-11-03 15:18:07,877 INFO     ___FILE_ONLY___ ╝

2022-11-03 15:18:07,895 INFO     ___FILE_ONLY___ ╔════════════════════════════════════════════════════════════╗

2022-11-03 15:18:07,897 INFO     ___FILE_ONLY___ ╠═ Installing: gcloud Beta Commands                         ═╣

2022-11-03 15:18:07,897 INFO     ___FILE_ONLY___ ╚
2022-11-03 15:18:07,905 DEBUG    urllib3.connectionpool Starting new HTTPS connection (1): dl.google.com:443
2022-11-03 15:18:08,017 DEBUG    urllib3.connectionpool https://dl.google.com:443 "GET /dl/cloudsdk/channels/rapid/components/google-cloud-sdk-beta-20221101212107.tar.gz HTTP/1.1" 200 797
2022-11-03 15:18:08,019 INFO     ___FILE_ONLY___ ══════════════════════════════
2022-11-03 15:18:08,020 INFO     ___FILE_ONLY___ ══════════════════════════════
2022-11-03 15:18:08,021 INFO     ___FILE_ONLY___ ╝

2022-11-03 15:18:08,037 INFO     ___FILE_ONLY___ ╔════════════════════════════════════════════════════════════╗

2022-11-03 15:18:08,039 INFO     ___FILE_ONLY___ ╠═ Installing: gke-gcloud-auth-plugin                       ═╣

2022-11-03 15:18:08,039 INFO     ___FILE_ONLY___ ╚
2022-11-03 15:18:08,050 DEBUG    urllib3.connectionpool Starting new HTTPS connection (1): dl.google.com:443
2022-11-03 15:18:08,146 DEBUG    urllib3.connectionpool https://dl.google.com:443 "GET /dl/cloudsdk/channels/rapid/components/google-cloud-sdk-gke-gcloud-auth-plugin-darwin-x86_64-20221014224505.tar.gz HTTP/1.1" 200 7825303
2022-11-03 15:18:08,543 INFO     ___FILE_ONLY___ ═
2022-11-03 15:18:08,543 INFO     ___FILE_ONLY___ ═
2022-11-03 15:18:08,544 INFO     ___FILE_ONLY___ ═
2022-11-03 15:18:08,545 INFO     ___FILE_ONLY___ ═
2022-11-03 15:18:08,545 INFO     ___FILE_ONLY___ ═
2022-11-03 15:18:08,546 INFO     ___FILE_ONLY___ ═
2022-11-03 15:18:08,547 INFO     ___FILE_ONLY___ ═
2022-11-03 15:18:08,547 INFO     ___FILE_ONLY___ ═
2022-11-03 15:18:08,548 INFO     ___FILE_ONLY___ ═
2022-11-03 15:18:08,549 INFO     ___FILE_ONLY___ ═
2022-11-03 15:18:08,550 INFO     ___FILE_ONLY___ ═
2022-11-03 15:18:08,550 INFO     ___FILE_ONLY___ ═
2022-11-03 15:18:08,551 INFO     ___FILE_ONLY___ ═
2022-11-03 15:18:08,552 INFO     ___FILE_ONLY___ ═
2022-11-03 15:18:08,552 INFO     ___FILE_ONLY___ ═
2022-11-03 15:18:08,553 INFO     ___FILE_ONLY___ ═
2022-11-03 15:18:08,553 INFO     ___FILE_ONLY___ ═
2022-11-03 15:18:08,554 INFO     ___FILE_ONLY___ ═
2022-11-03 15:18:08,554 INFO     ___FILE_ONLY___ ═
2022-11-03 15:18:08,554 INFO     ___FILE_ONLY___ ═
2022-11-03 15:18:08,555 INFO     ___FILE_ONLY___ ═
2022-11-03 15:18:08,555 INFO     ___FILE_ONLY___ ═
2022-11-03 15:18:08,555 INFO     ___FILE_ONLY___ ═
2022-11-03 15:18:08,556 INFO     ___FILE_ONLY___ ═
2022-11-03 15:18:08,556 INFO     ___FILE_ONLY___ ═
2022-11-03 15:18:08,557 INFO     ___FILE_ONLY___ ═
2022-11-03 15:18:08,557 INFO     ___FILE_ONLY___ ═
2022-11-03 15:18:08,557 INFO     ___FILE_ONLY___ ═
2022-11-03 15:18:08,558 INFO     ___FILE_ONLY___ ═
2022-11-03 15:18:08,558 INFO     ___FILE_ONLY___ ═
2022-11-03 15:18:08,744 INFO     ___FILE_ONLY___ ══════════════════════════════
2022-11-03 15:18:08,744 INFO     ___FILE_ONLY___ ╝

2022-11-03 15:18:08,760 INFO     ___FILE_ONLY___ ╔════════════════════════════════════════════════════════════╗

2022-11-03 15:18:08,762 INFO     ___FILE_ONLY___ ╠═ Installing: gke-gcloud-auth-plugin                       ═╣

2022-11-03 15:18:08,762 INFO     ___FILE_ONLY___ ╚
2022-11-03 15:18:08,766 INFO     ___FILE_ONLY___ ════════════════════════════════════════════════════════════
2022-11-03 15:18:08,766 INFO     ___FILE_ONLY___ ╝

2022-11-03 15:18:08,771 INFO     ___FILE_ONLY___ ╔════════════════════════════════════════════════════════════╗

2022-11-03 15:18:08,773 INFO     ___FILE_ONLY___ ╠═ Installing: kubectl                                      ═╣

2022-11-03 15:18:08,773 INFO     ___FILE_ONLY___ ╚
2022-11-03 15:18:08,777 DEBUG    urllib3.connectionpool Starting new HTTPS connection (1): dl.google.com:443
2022-11-03 15:18:08,918 DEBUG    urllib3.connectionpool https://dl.google.com:443 "GET /dl/cloudsdk/channels/rapid/components/google-cloud-sdk-kubectl-darwin-x86_64-20220923141408.tar.gz HTTP/1.1" 200 97570066
2022-11-03 15:18:12,327 INFO     ___FILE_ONLY___ ═
2022-11-03 15:18:12,331 INFO     ___FILE_ONLY___ ═
2022-11-03 15:18:12,343 INFO     ___FILE_ONLY___ ═
2022-11-03 15:18:12,347 INFO     ___FILE_ONLY___ ═
2022-11-03 15:18:12,352 INFO     ___FILE_ONLY___ ═
2022-11-03 15:18:12,374 INFO     ___FILE_ONLY___ ═
2022-11-03 15:18:12,379 INFO     ___FILE_ONLY___ ═
2022-11-03 15:18:12,385 INFO     ___FILE_ONLY___ ═
2022-11-03 15:18:12,391 INFO     ___FILE_ONLY___ ═
2022-11-03 15:18:12,395 INFO     ___FILE_ONLY___ ═
2022-11-03 15:18:12,404 INFO     ___FILE_ONLY___ ═
2022-11-03 15:18:12,407 INFO     ___FILE_ONLY___ ═
2022-11-03 15:18:12,419 INFO     ___FILE_ONLY___ ═
2022-11-03 15:18:12,424 INFO     ___FILE_ONLY___ ═
2022-11-03 15:18:12,428 INFO     ___FILE_ONLY___ ═
2022-11-03 15:18:12,443 INFO     ___FILE_ONLY___ ═
2022-11-03 15:18:12,450 INFO     ___FILE_ONLY___ ═
2022-11-03 15:18:12,457 INFO     ___FILE_ONLY___ ═
2022-11-03 15:18:12,467 INFO     ___FILE_ONLY___ ═
2022-11-03 15:18:12,471 INFO     ___FILE_ONLY___ ═
2022-11-03 15:18:12,484 INFO     ___FILE_ONLY___ ═
2022-11-03 15:18:12,492 INFO     ___FILE_ONLY___ ═
2022-11-03 15:18:12,496 INFO     ___FILE_ONLY___ ═
2022-11-03 15:18:12,509 INFO     ___FILE_ONLY___ ═
2022-11-03 15:18:12,514 INFO     ___FILE_ONLY___ ═
2022-11-03 15:18:12,531 INFO     ___FILE_ONLY___ ═
2022-11-03 15:18:12,541 INFO     ___FILE_ONLY___ ═
2022-11-03 15:18:12,546 INFO     ___FILE_ONLY___ ═
2022-11-03 15:18:12,561 INFO     ___FILE_ONLY___ ═
2022-11-03 15:18:12,568 INFO     ___FILE_ONLY___ ═
2022-11-03 15:18:14,226 INFO     ___FILE_ONLY___ ════
2022-11-03 15:18:14,522 INFO     ___FILE_ONLY___ ════
2022-11-03 15:18:14,891 INFO     ___FILE_ONLY___ ════
2022-11-03 15:18:15,237 INFO     ___FILE_ONLY___ ═════
2022-11-03 15:18:15,571 INFO     ___FILE_ONLY___ ════
2022-11-03 15:18:15,930 INFO     ___FILE_ONLY___ ════
2022-11-03 15:18:16,284 INFO     ___FILE_ONLY___ ═════
2022-11-03 15:18:16,287 INFO     ___FILE_ONLY___ ╝

2022-11-03 15:18:16,333 INFO     ___FILE_ONLY___ ╔════════════════════════════════════════════════════════════╗

2022-11-03 15:18:16,334 INFO     ___FILE_ONLY___ ╠═ Installing: kubectl                                      ═╣

2022-11-03 15:18:16,334 INFO     ___FILE_ONLY___ ╚
2022-11-03 15:18:16,342 DEBUG    urllib3.connectionpool Starting new HTTPS connection (1): dl.google.com:443
2022-11-03 15:18:16,450 DEBUG    urllib3.connectionpool https://dl.google.com:443 "GET /dl/cloudsdk/channels/rapid/components/google-cloud-sdk-kubectl-20221017194419.tar.gz HTTP/1.1" 200 48204
2022-11-03 15:18:16,485 INFO     ___FILE_ONLY___ ══════════
2022-11-03 15:18:16,486 INFO     ___FILE_ONLY___ ══════════
2022-11-03 15:18:16,486 INFO     ___FILE_ONLY___ ══════════
2022-11-03 15:18:16,496 INFO     ___FILE_ONLY___ ══════════════════════════════
2022-11-03 15:18:16,496 INFO     ___FILE_ONLY___ ╝

2022-11-03 15:18:16,510 INFO     ___FILE_ONLY___ ╔════════════════════════════════════════════════════════════╗

2022-11-03 15:18:16,511 INFO     ___FILE_ONLY___ ╠═ Creating backup and activating new installation          ═╣

2022-11-03 15:18:16,511 INFO     ___FILE_ONLY___ ╚
2022-11-03 15:18:16,511 DEBUG    root            Attempting to move directory [/Users/satyampatel/Library/Application Support/cloud-code/installer/google-cloud-sdk] to [/Users/satyampatel/Library/Application Support/cloud-code/installer/google-cloud-sdk.staging/.install/.backup]
2022-11-03 15:18:16,512 INFO     ___FILE_ONLY___ ══════════════════════════════
2022-11-03 15:18:16,513 DEBUG    root            Attempting to move directory [/Users/satyampatel/Library/Application Support/cloud-code/installer/google-cloud-sdk.staging] to [/Users/satyampatel/Library/Application Support/cloud-code/installer/google-cloud-sdk]
2022-11-03 15:18:16,513 INFO     ___FILE_ONLY___ ══════════════════════════════
2022-11-03 15:18:16,513 INFO     ___FILE_ONLY___ ╝

2022-11-03 15:18:16,533 DEBUG    root            Updating notification cache...
2022-11-03 15:18:16,536 INFO     ___FILE_ONLY___ 

2022-11-03 15:18:16,552 INFO     ___FILE_ONLY___ Performing post processing steps...
2022-11-03 15:18:16,553 DEBUG    root            Executing command: ['/usr/local/bin/python3', '-S', '/Users/satyampatel/Library/Application Support/cloud-code/installer/google-cloud-sdk/lib/gcloud.py', 'components', 'post-process']
2022-11-03 15:18:45,037 DEBUG    ___FILE_ONLY___ 
2022-11-03 15:18:45,038 DEBUG    ___FILE_ONLY___ 
2022-11-03 15:18:45,056 INFO     ___FILE_ONLY___ 
Update done!


2022-11-03 15:18:45,074 WARNING  root              There are other instances of Google Cloud tools on your system PATH.
  Please remove the following to avoid confusion or accidental invocation:

  /Applications/Docker.app/Contents/Resources/bin/kubectl

  
2022-11-03 15:18:45,081 INFO     root            Display format: "none"
