2022-11-15 18:26:13,605 DEBUG    root            Loaded Command Group: ['gcloud', 'components']
2022-11-15 18:26:13,616 DEBUG    root            Loaded Command Group: ['gcloud', 'components', 'update']
2022-11-15 18:26:13,625 DEBUG    root            Running [gcloud.components.update] with arguments: [--quiet: "True"]
2022-11-15 18:26:13,644 INFO     ___FILE_ONLY___ Beginning update. This process may take several minutes.

2022-11-15 18:26:13,717 DEBUG    urllib3.connectionpool Starting new HTTPS connection (1): dl.google.com:443
2022-11-15 18:26:13,892 DEBUG    urllib3.connectionpool https://dl.google.com:443 "GET /dl/cloudsdk/channels/rapid/components-2.json HTTP/1.1" 200 203447
2022-11-15 18:26:13,988 INFO     ___FILE_ONLY___ 

2022-11-15 18:26:13,989 INFO     ___FILE_ONLY___ 
Your current Google Cloud CLI version is: 409.0.0

2022-11-15 18:26:13,989 INFO     ___FILE_ONLY___ You will be upgraded to version: 410.0.0

2022-11-15 18:26:13,990 INFO     ___FILE_ONLY___ 

2022-11-15 18:26:13,995 INFO     ___FILE_ONLY___ ┌─────────────────────────────────────────────────────────┐
2022-11-15 18:26:13,995 INFO     ___FILE_ONLY___ 

2022-11-15 18:26:13,995 INFO     ___FILE_ONLY___ │            These components will be updated.            │
2022-11-15 18:26:13,995 INFO     ___FILE_ONLY___ 

2022-11-15 18:26:13,995 INFO     ___FILE_ONLY___ ├─────────────────────────────────┬────────────┬──────────┤
2022-11-15 18:26:13,995 INFO     ___FILE_ONLY___ 

2022-11-15 18:26:13,996 INFO     ___FILE_ONLY___ │               Name              │  Version   │   Size   │
2022-11-15 18:26:13,996 INFO     ___FILE_ONLY___ 

2022-11-15 18:26:13,996 INFO     ___FILE_ONLY___ ├─────────────────────────────────┼────────────┼──────────┤
2022-11-15 18:26:13,996 INFO     ___FILE_ONLY___ 

2022-11-15 18:26:13,996 INFO     ___FILE_ONLY___ │ 
2022-11-15 18:26:13,996 INFO     ___FILE_ONLY___ BigQuery Command Line Tool     
2022-11-15 18:26:13,996 INFO     ___FILE_ONLY___  
2022-11-15 18:26:13,997 INFO     ___FILE_ONLY___ │ 
2022-11-15 18:26:13,997 INFO     ___FILE_ONLY___     2.0.81
2022-11-15 18:26:13,997 INFO     ___FILE_ONLY___  
2022-11-15 18:26:13,997 INFO     ___FILE_ONLY___ │ 
2022-11-15 18:26:13,997 INFO     ___FILE_ONLY___  1.6 MiB
2022-11-15 18:26:13,997 INFO     ___FILE_ONLY___  
2022-11-15 18:26:13,997 INFO     ___FILE_ONLY___ │
2022-11-15 18:26:13,998 INFO     ___FILE_ONLY___ 

2022-11-15 18:26:13,998 INFO     ___FILE_ONLY___ │ 
2022-11-15 18:26:13,998 INFO     ___FILE_ONLY___ Google Cloud CLI Core Libraries
2022-11-15 18:26:13,998 INFO     ___FILE_ONLY___  
2022-11-15 18:26:13,998 INFO     ___FILE_ONLY___ │ 
2022-11-15 18:26:13,998 INFO     ___FILE_ONLY___ 2022.11.11
2022-11-15 18:26:13,998 INFO     ___FILE_ONLY___  
2022-11-15 18:26:13,998 INFO     ___FILE_ONLY___ │ 
2022-11-15 18:26:13,998 INFO     ___FILE_ONLY___ 25.3 MiB
2022-11-15 18:26:13,999 INFO     ___FILE_ONLY___  
2022-11-15 18:26:13,999 INFO     ___FILE_ONLY___ │
2022-11-15 18:26:13,999 INFO     ___FILE_ONLY___ 

2022-11-15 18:26:13,999 INFO     ___FILE_ONLY___ │ 
2022-11-15 18:26:14,000 INFO     ___FILE_ONLY___ gcloud Alpha Commands          
2022-11-15 18:26:14,000 INFO     ___FILE_ONLY___  
2022-11-15 18:26:14,000 INFO     ___FILE_ONLY___ │ 
2022-11-15 18:26:14,000 INFO     ___FILE_ONLY___ 2022.11.11
2022-11-15 18:26:14,000 INFO     ___FILE_ONLY___  
2022-11-15 18:26:14,001 INFO     ___FILE_ONLY___ │ 
2022-11-15 18:26:14,001 INFO     ___FILE_ONLY___  < 1 MiB
2022-11-15 18:26:14,001 INFO     ___FILE_ONLY___  
2022-11-15 18:26:14,001 INFO     ___FILE_ONLY___ │
2022-11-15 18:26:14,001 INFO     ___FILE_ONLY___ 

2022-11-15 18:26:14,001 INFO     ___FILE_ONLY___ │ 
2022-11-15 18:26:14,001 INFO     ___FILE_ONLY___ gcloud Beta Commands           
2022-11-15 18:26:14,002 INFO     ___FILE_ONLY___  
2022-11-15 18:26:14,002 INFO     ___FILE_ONLY___ │ 
2022-11-15 18:26:14,002 INFO     ___FILE_ONLY___ 2022.11.11
2022-11-15 18:26:14,002 INFO     ___FILE_ONLY___  
2022-11-15 18:26:14,002 INFO     ___FILE_ONLY___ │ 
2022-11-15 18:26:14,003 INFO     ___FILE_ONLY___  < 1 MiB
2022-11-15 18:26:14,003 INFO     ___FILE_ONLY___  
2022-11-15 18:26:14,003 INFO     ___FILE_ONLY___ │
2022-11-15 18:26:14,003 INFO     ___FILE_ONLY___ 

2022-11-15 18:26:14,003 INFO     ___FILE_ONLY___ └─────────────────────────────────┴────────────┴──────────┘
2022-11-15 18:26:14,003 INFO     ___FILE_ONLY___ 

2022-11-15 18:26:14,004 INFO     ___FILE_ONLY___ 

2022-11-15 18:26:14,009 DEBUG    urllib3.connectionpool Starting new HTTPS connection (1): dl.google.com:443
2022-11-15 18:26:14,119 DEBUG    urllib3.connectionpool https://dl.google.com:443 "GET /dl/cloudsdk/channels/rapid/RELEASE_NOTES HTTP/1.1" 200 900823
2022-11-15 18:26:14,311 INFO     ___FILE_ONLY___ The following release notes are new in this upgrade.
Please read carefully for information about new features, breaking changes,
and bugs fixed.  The latest full release notes can be viewed at:
  https://cloud.google.com/sdk/release_notes


2022-11-15 18:26:14,312 INFO     ___FILE_ONLY___ 
2022-11-15 18:26:14,312 INFO     ___FILE_ONLY___ 410.0.0 (2022-11-15)

2022-11-15 18:26:14,312 INFO     ___FILE_ONLY___ 
2022-11-15 18:26:14,312 INFO     ___FILE_ONLY___   
2022-11-15 18:26:14,312 INFO     ___FILE_ONLY___ Google Cloud CLI

2022-11-15 18:26:14,312 INFO     ___FILE_ONLY___       ▪
2022-11-15 18:26:14,313 INFO     ___FILE_ONLY___  
2022-11-15 18:26:14,313 INFO     ___FILE_ONLY___ Added
2022-11-15 18:26:14,313 INFO     ___FILE_ONLY___  
2022-11-15 18:26:14,313 INFO     ___FILE_ONLY___ gcloud
2022-11-15 18:26:14,313 INFO     ___FILE_ONLY___  
2022-11-15 18:26:14,314 INFO     ___FILE_ONLY___ topic
2022-11-15 18:26:14,314 INFO     ___FILE_ONLY___  
2022-11-15 18:26:14,314 INFO     ___FILE_ONLY___ endpoint-override
2022-11-15 18:26:14,314 INFO     ___FILE_ONLY___  
2022-11-15 18:26:14,314 INFO     ___FILE_ONLY___ for
2022-11-15 18:26:14,314 INFO     ___FILE_ONLY___  
2022-11-15 18:26:14,314 INFO     ___FILE_ONLY___ details
2022-11-15 18:26:14,315 INFO     ___FILE_ONLY___  
2022-11-15 18:26:14,315 INFO     ___FILE_ONLY___ on
2022-11-15 18:26:14,315 INFO     ___FILE_ONLY___  
2022-11-15 18:26:14,315 INFO     ___FILE_ONLY___ overriding
2022-11-15 18:26:14,315 INFO     ___FILE_ONLY___  
2022-11-15 18:26:14,315 INFO     ___FILE_ONLY___ the
2022-11-15 18:26:14,316 INFO     ___FILE_ONLY___ 

2022-11-15 18:26:14,316 INFO     ___FILE_ONLY___         
2022-11-15 18:26:14,316 INFO     ___FILE_ONLY___ default
2022-11-15 18:26:14,317 INFO     ___FILE_ONLY___  
2022-11-15 18:26:14,317 INFO     ___FILE_ONLY___ api
2022-11-15 18:26:14,317 INFO     ___FILE_ONLY___  
2022-11-15 18:26:14,317 INFO     ___FILE_ONLY___ URL.
2022-11-15 18:26:14,317 INFO     ___FILE_ONLY___ 

2022-11-15 18:26:14,318 INFO     ___FILE_ONLY___ 

2022-11-15 18:26:14,318 INFO     ___FILE_ONLY___ 
2022-11-15 18:26:14,318 INFO     ___FILE_ONLY___   
2022-11-15 18:26:14,318 INFO     ___FILE_ONLY___ AI

2022-11-15 18:26:14,319 INFO     ___FILE_ONLY___       ▪
2022-11-15 18:26:14,319 INFO     ___FILE_ONLY___  
2022-11-15 18:26:14,319 INFO     ___FILE_ONLY___ Added
2022-11-15 18:26:14,319 INFO     ___FILE_ONLY___  
2022-11-15 18:26:14,319 INFO     ___FILE_ONLY___ asia-southeast2,
2022-11-15 18:26:14,320 INFO     ___FILE_ONLY___  
2022-11-15 18:26:14,320 INFO     ___FILE_ONLY___ europe-central2,
2022-11-15 18:26:14,320 INFO     ___FILE_ONLY___  
2022-11-15 18:26:14,320 INFO     ___FILE_ONLY___ and
2022-11-15 18:26:14,320 INFO     ___FILE_ONLY___  
2022-11-15 18:26:14,320 INFO     ___FILE_ONLY___ us-south1
2022-11-15 18:26:14,321 INFO     ___FILE_ONLY___  
2022-11-15 18:26:14,321 INFO     ___FILE_ONLY___ options
2022-11-15 18:26:14,325 INFO     ___FILE_ONLY___  
2022-11-15 18:26:14,326 INFO     ___FILE_ONLY___ to
2022-11-15 18:26:14,326 INFO     ___FILE_ONLY___ 

2022-11-15 18:26:14,326 INFO     ___FILE_ONLY___         
2022-11-15 18:26:14,326 INFO     ___FILE_ONLY___ --region
2022-11-15 18:26:14,326 INFO     ___FILE_ONLY___  
2022-11-15 18:26:14,326 INFO     ___FILE_ONLY___ flag
2022-11-15 18:26:14,327 INFO     ___FILE_ONLY___  
2022-11-15 18:26:14,327 INFO     ___FILE_ONLY___ of
2022-11-15 18:26:14,328 INFO     ___FILE_ONLY___  
2022-11-15 18:26:14,329 INFO     ___FILE_ONLY___ gcloud
2022-11-15 18:26:14,329 INFO     ___FILE_ONLY___  
2022-11-15 18:26:14,329 INFO     ___FILE_ONLY___ ai
2022-11-15 18:26:14,329 INFO     ___FILE_ONLY___  
2022-11-15 18:26:14,329 INFO     ___FILE_ONLY___ custom-jobs
2022-11-15 18:26:14,329 INFO     ___FILE_ONLY___  
2022-11-15 18:26:14,329 INFO     ___FILE_ONLY___ and
2022-11-15 18:26:14,329 INFO     ___FILE_ONLY___  
2022-11-15 18:26:14,330 INFO     ___FILE_ONLY___ gcloud
2022-11-15 18:26:14,330 INFO     ___FILE_ONLY___  
2022-11-15 18:26:14,330 INFO     ___FILE_ONLY___ ai
2022-11-15 18:26:14,330 INFO     ___FILE_ONLY___  
2022-11-15 18:26:14,330 INFO     ___FILE_ONLY___ hp-tuning-jobs.
2022-11-15 18:26:14,330 INFO     ___FILE_ONLY___ 

2022-11-15 18:26:14,330 INFO     ___FILE_ONLY___ 

2022-11-15 18:26:14,331 INFO     ___FILE_ONLY___ 
2022-11-15 18:26:14,331 INFO     ___FILE_ONLY___   
2022-11-15 18:26:14,331 INFO     ___FILE_ONLY___ AlloyDB

2022-11-15 18:26:14,331 INFO     ___FILE_ONLY___       ▪
2022-11-15 18:26:14,331 INFO     ___FILE_ONLY___  
2022-11-15 18:26:14,332 INFO     ___FILE_ONLY___ Introduced
2022-11-15 18:26:14,332 INFO     ___FILE_ONLY___  
2022-11-15 18:26:14,332 INFO     ___FILE_ONLY___ the
2022-11-15 18:26:14,332 INFO     ___FILE_ONLY___  
2022-11-15 18:26:14,332 INFO     ___FILE_ONLY___ following
2022-11-15 18:26:14,332 INFO     ___FILE_ONLY___  
2022-11-15 18:26:14,332 INFO     ___FILE_ONLY___ commands:
2022-11-15 18:26:14,332 INFO     ___FILE_ONLY___  
2022-11-15 18:26:14,333 INFO     ___FILE_ONLY___ gcloud
2022-11-15 18:26:14,333 INFO     ___FILE_ONLY___  
2022-11-15 18:26:14,333 INFO     ___FILE_ONLY___ beta
2022-11-15 18:26:14,333 INFO     ___FILE_ONLY___  
2022-11-15 18:26:14,333 INFO     ___FILE_ONLY___ alloydb
2022-11-15 18:26:14,333 INFO     ___FILE_ONLY___  
2022-11-15 18:26:14,333 INFO     ___FILE_ONLY___ clusters
2022-11-15 18:26:14,333 INFO     ___FILE_ONLY___ 

2022-11-15 18:26:14,334 INFO     ___FILE_ONLY___         
2022-11-15 18:26:14,334 INFO     ___FILE_ONLY___ create-secondary,
2022-11-15 18:26:14,334 INFO     ___FILE_ONLY___  
2022-11-15 18:26:14,334 INFO     ___FILE_ONLY___ gcloud
2022-11-15 18:26:14,334 INFO     ___FILE_ONLY___  
2022-11-15 18:26:14,334 INFO     ___FILE_ONLY___ beta
2022-11-15 18:26:14,334 INFO     ___FILE_ONLY___  
2022-11-15 18:26:14,335 INFO     ___FILE_ONLY___ alloydb
2022-11-15 18:26:14,335 INFO     ___FILE_ONLY___  
2022-11-15 18:26:14,335 INFO     ___FILE_ONLY___ instances
2022-11-15 18:26:14,335 INFO     ___FILE_ONLY___  
2022-11-15 18:26:14,335 INFO     ___FILE_ONLY___ create-secondary,
2022-11-15 18:26:14,336 INFO     ___FILE_ONLY___ 

2022-11-15 18:26:14,336 INFO     ___FILE_ONLY___         
2022-11-15 18:26:14,336 INFO     ___FILE_ONLY___ gcloud
2022-11-15 18:26:14,336 INFO     ___FILE_ONLY___  
2022-11-15 18:26:14,336 INFO     ___FILE_ONLY___ beta
2022-11-15 18:26:14,336 INFO     ___FILE_ONLY___  
2022-11-15 18:26:14,336 INFO     ___FILE_ONLY___ alloydb
2022-11-15 18:26:14,337 INFO     ___FILE_ONLY___  
2022-11-15 18:26:14,337 INFO     ___FILE_ONLY___ clusters
2022-11-15 18:26:14,337 INFO     ___FILE_ONLY___  
2022-11-15 18:26:14,337 INFO     ___FILE_ONLY___ promote.
2022-11-15 18:26:14,337 INFO     ___FILE_ONLY___ 

2022-11-15 18:26:14,337 INFO     ___FILE_ONLY___ 

2022-11-15 18:26:14,337 INFO     ___FILE_ONLY___ 
2022-11-15 18:26:14,338 INFO     ___FILE_ONLY___   
2022-11-15 18:26:14,338 INFO     ___FILE_ONLY___ App Engine

2022-11-15 18:26:14,338 INFO     ___FILE_ONLY___       ▪
2022-11-15 18:26:14,338 INFO     ___FILE_ONLY___  
2022-11-15 18:26:14,338 INFO     ___FILE_ONLY___ Updated
2022-11-15 18:26:14,338 INFO     ___FILE_ONLY___  
2022-11-15 18:26:14,339 INFO     ___FILE_ONLY___ the
2022-11-15 18:26:14,339 INFO     ___FILE_ONLY___  
2022-11-15 18:26:14,339 INFO     ___FILE_ONLY___ Java
2022-11-15 18:26:14,339 INFO     ___FILE_ONLY___  
2022-11-15 18:26:14,339 INFO     ___FILE_ONLY___ SDK
2022-11-15 18:26:14,339 INFO     ___FILE_ONLY___  
2022-11-15 18:26:14,339 INFO     ___FILE_ONLY___ to
2022-11-15 18:26:14,340 INFO     ___FILE_ONLY___  
2022-11-15 18:26:14,340 INFO     ___FILE_ONLY___ version
2022-11-15 18:26:14,340 INFO     ___FILE_ONLY___  
2022-11-15 18:26:14,340 INFO     ___FILE_ONLY___ 2.0.10
2022-11-15 18:26:14,340 INFO     ___FILE_ONLY___  
2022-11-15 18:26:14,340 INFO     ___FILE_ONLY___ build
2022-11-15 18:26:14,340 INFO     ___FILE_ONLY___  
2022-11-15 18:26:14,340 INFO     ___FILE_ONLY___ from
2022-11-15 18:26:14,341 INFO     ___FILE_ONLY___  
2022-11-15 18:26:14,341 INFO     ___FILE_ONLY___ the
2022-11-15 18:26:14,341 INFO     ___FILE_ONLY___  
2022-11-15 18:26:14,341 INFO     ___FILE_ONLY___ open
2022-11-15 18:26:14,341 INFO     ___FILE_ONLY___  
2022-11-15 18:26:14,341 INFO     ___FILE_ONLY___ source
2022-11-15 18:26:14,341 INFO     ___FILE_ONLY___ 

2022-11-15 18:26:14,341 INFO     ___FILE_ONLY___         
2022-11-15 18:26:14,341 INFO     ___FILE_ONLY___ project
2022-11-15 18:26:14,341 INFO     ___FILE_ONLY___ 

2022-11-15 18:26:14,342 INFO     ___FILE_ONLY___         
2022-11-15 18:26:14,342 INFO     ___FILE_ONLY___ <https://github.com/GoogleCloudPlatform/appengine-java-standard/releases/tag/v2.0.10>.
2022-11-15 18:26:14,342 INFO     ___FILE_ONLY___ 

2022-11-15 18:26:14,342 INFO     ___FILE_ONLY___ 

2022-11-15 18:26:14,342 INFO     ___FILE_ONLY___ 
2022-11-15 18:26:14,342 INFO     ___FILE_ONLY___   
2022-11-15 18:26:14,342 INFO     ___FILE_ONLY___ Artifact Registry

2022-11-15 18:26:14,342 INFO     ___FILE_ONLY___       ▪
2022-11-15 18:26:14,343 INFO     ___FILE_ONLY___  
2022-11-15 18:26:14,343 INFO     ___FILE_ONLY___ Update
2022-11-15 18:26:14,343 INFO     ___FILE_ONLY___  
2022-11-15 18:26:14,343 INFO     ___FILE_ONLY___ maven
2022-11-15 18:26:14,343 INFO     ___FILE_ONLY___  
2022-11-15 18:26:14,343 INFO     ___FILE_ONLY___ and
2022-11-15 18:26:14,344 INFO     ___FILE_ONLY___  
2022-11-15 18:26:14,344 INFO     ___FILE_ONLY___ gradle
2022-11-15 18:26:14,344 INFO     ___FILE_ONLY___  
2022-11-15 18:26:14,344 INFO     ___FILE_ONLY___ plugin
2022-11-15 18:26:14,344 INFO     ___FILE_ONLY___  
2022-11-15 18:26:14,344 INFO     ___FILE_ONLY___ versions
2022-11-15 18:26:14,344 INFO     ___FILE_ONLY___  
2022-11-15 18:26:14,344 INFO     ___FILE_ONLY___ to
2022-11-15 18:26:14,344 INFO     ___FILE_ONLY___  
2022-11-15 18:26:14,345 INFO     ___FILE_ONLY___ 2.2.0.
2022-11-15 18:26:14,345 INFO     ___FILE_ONLY___ 

2022-11-15 18:26:14,345 INFO     ___FILE_ONLY___ 

2022-11-15 18:26:14,345 INFO     ___FILE_ONLY___ 
2022-11-15 18:26:14,346 INFO     ___FILE_ONLY___   
2022-11-15 18:26:14,346 INFO     ___FILE_ONLY___ Assured Workloads

2022-11-15 18:26:14,346 INFO     ___FILE_ONLY___       ▪
2022-11-15 18:26:14,346 INFO     ___FILE_ONLY___  
2022-11-15 18:26:14,346 INFO     ___FILE_ONLY___ Added
2022-11-15 18:26:14,346 INFO     ___FILE_ONLY___  
2022-11-15 18:26:14,347 INFO     ___FILE_ONLY___ SOVEREIGN_CONTROLS_BY_T_SYSTEMS
2022-11-15 18:26:14,347 INFO     ___FILE_ONLY___  
2022-11-15 18:26:14,347 INFO     ___FILE_ONLY___ as
2022-11-15 18:26:14,347 INFO     ___FILE_ONLY___  
2022-11-15 18:26:14,347 INFO     ___FILE_ONLY___ an
2022-11-15 18:26:14,347 INFO     ___FILE_ONLY___  
2022-11-15 18:26:14,347 INFO     ___FILE_ONLY___ option
2022-11-15 18:26:14,348 INFO     ___FILE_ONLY___  
2022-11-15 18:26:14,348 INFO     ___FILE_ONLY___ for
2022-11-15 18:26:14,348 INFO     ___FILE_ONLY___  
2022-11-15 18:26:14,348 INFO     ___FILE_ONLY___ --partner
2022-11-15 18:26:14,348 INFO     ___FILE_ONLY___  
2022-11-15 18:26:14,348 INFO     ___FILE_ONLY___ flag
2022-11-15 18:26:14,348 INFO     ___FILE_ONLY___ 

2022-11-15 18:26:14,348 INFO     ___FILE_ONLY___         
2022-11-15 18:26:14,349 INFO     ___FILE_ONLY___ of
2022-11-15 18:26:14,349 INFO     ___FILE_ONLY___  
2022-11-15 18:26:14,349 INFO     ___FILE_ONLY___ gcloud
2022-11-15 18:26:14,349 INFO     ___FILE_ONLY___  
2022-11-15 18:26:14,349 INFO     ___FILE_ONLY___ assured
2022-11-15 18:26:14,349 INFO     ___FILE_ONLY___  
2022-11-15 18:26:14,349 INFO     ___FILE_ONLY___ workloads
2022-11-15 18:26:14,349 INFO     ___FILE_ONLY___  
2022-11-15 18:26:14,349 INFO     ___FILE_ONLY___ create
2022-11-15 18:26:14,350 INFO     ___FILE_ONLY___  
2022-11-15 18:26:14,350 INFO     ___FILE_ONLY___ command
2022-11-15 18:26:14,350 INFO     ___FILE_ONLY___  
2022-11-15 18:26:14,350 INFO     ___FILE_ONLY___ (available
2022-11-15 18:26:14,350 INFO     ___FILE_ONLY___  
2022-11-15 18:26:14,350 INFO     ___FILE_ONLY___ for
2022-11-15 18:26:14,350 INFO     ___FILE_ONLY___  
2022-11-15 18:26:14,350 INFO     ___FILE_ONLY___ both
2022-11-15 18:26:14,350 INFO     ___FILE_ONLY___  
2022-11-15 18:26:14,351 INFO     ___FILE_ONLY___ beta
2022-11-15 18:26:14,351 INFO     ___FILE_ONLY___  
2022-11-15 18:26:14,351 INFO     ___FILE_ONLY___ and
2022-11-15 18:26:14,351 INFO     ___FILE_ONLY___ 

2022-11-15 18:26:14,351 INFO     ___FILE_ONLY___         
2022-11-15 18:26:14,351 INFO     ___FILE_ONLY___ GA).
2022-11-15 18:26:14,351 INFO     ___FILE_ONLY___ 

2022-11-15 18:26:14,351 INFO     ___FILE_ONLY___ 

2022-11-15 18:26:14,351 INFO     ___FILE_ONLY___ 
2022-11-15 18:26:14,352 INFO     ___FILE_ONLY___   
2022-11-15 18:26:14,352 INFO     ___FILE_ONLY___ Cloud Asset Inventory

2022-11-15 18:26:14,352 INFO     ___FILE_ONLY___       ▪
2022-11-15 18:26:14,352 INFO     ___FILE_ONLY___  
2022-11-15 18:26:14,352 INFO     ___FILE_ONLY___ Promoted
2022-11-15 18:26:14,352 INFO     ___FILE_ONLY___  
2022-11-15 18:26:14,353 INFO     ___FILE_ONLY___ gcloud
2022-11-15 18:26:14,353 INFO     ___FILE_ONLY___  
2022-11-15 18:26:14,353 INFO     ___FILE_ONLY___ asset
2022-11-15 18:26:14,353 INFO     ___FILE_ONLY___  
2022-11-15 18:26:14,353 INFO     ___FILE_ONLY___ query
2022-11-15 18:26:14,353 INFO     ___FILE_ONLY___  
2022-11-15 18:26:14,353 INFO     ___FILE_ONLY___ command
2022-11-15 18:26:14,354 INFO     ___FILE_ONLY___  
2022-11-15 18:26:14,354 INFO     ___FILE_ONLY___ to
2022-11-15 18:26:14,354 INFO     ___FILE_ONLY___  
2022-11-15 18:26:14,354 INFO     ___FILE_ONLY___ GA.
2022-11-15 18:26:14,354 INFO     ___FILE_ONLY___ 

2022-11-15 18:26:14,354 INFO     ___FILE_ONLY___ 

2022-11-15 18:26:14,355 INFO     ___FILE_ONLY___ 
2022-11-15 18:26:14,355 INFO     ___FILE_ONLY___   
2022-11-15 18:26:14,355 INFO     ___FILE_ONLY___ Cloud Bigtable

2022-11-15 18:26:14,355 INFO     ___FILE_ONLY___       ▪
2022-11-15 18:26:14,355 INFO     ___FILE_ONLY___  
2022-11-15 18:26:14,355 INFO     ___FILE_ONLY___ Added
2022-11-15 18:26:14,356 INFO     ___FILE_ONLY___  
2022-11-15 18:26:14,356 INFO     ___FILE_ONLY___ stats
2022-11-15 18:26:14,356 INFO     ___FILE_ONLY___  
2022-11-15 18:26:14,356 INFO     ___FILE_ONLY___ option
2022-11-15 18:26:14,356 INFO     ___FILE_ONLY___  
2022-11-15 18:26:14,356 INFO     ___FILE_ONLY___ to
2022-11-15 18:26:14,357 INFO     ___FILE_ONLY___  
2022-11-15 18:26:14,357 INFO     ___FILE_ONLY___ --view
2022-11-15 18:26:14,357 INFO     ___FILE_ONLY___  
2022-11-15 18:26:14,357 INFO     ___FILE_ONLY___ flag
2022-11-15 18:26:14,357 INFO     ___FILE_ONLY___  
2022-11-15 18:26:14,358 INFO     ___FILE_ONLY___ for
2022-11-15 18:26:14,358 INFO     ___FILE_ONLY___  
2022-11-15 18:26:14,358 INFO     ___FILE_ONLY___ bigtable
2022-11-15 18:26:14,358 INFO     ___FILE_ONLY___  
2022-11-15 18:26:14,358 INFO     ___FILE_ONLY___ instances
2022-11-15 18:26:14,358 INFO     ___FILE_ONLY___  
2022-11-15 18:26:14,358 INFO     ___FILE_ONLY___ tables
2022-11-15 18:26:14,359 INFO     ___FILE_ONLY___ 

2022-11-15 18:26:14,359 INFO     ___FILE_ONLY___         
2022-11-15 18:26:14,359 INFO     ___FILE_ONLY___ describe.
2022-11-15 18:26:14,359 INFO     ___FILE_ONLY___ 

2022-11-15 18:26:14,359 INFO     ___FILE_ONLY___ 

2022-11-15 18:26:14,360 INFO     ___FILE_ONLY___ 
2022-11-15 18:26:14,360 INFO     ___FILE_ONLY___   
2022-11-15 18:26:14,360 INFO     ___FILE_ONLY___ Cloud Composer

2022-11-15 18:26:14,360 INFO     ___FILE_ONLY___       ▪
2022-11-15 18:26:14,360 INFO     ___FILE_ONLY___  
2022-11-15 18:26:14,361 INFO     ___FILE_ONLY___ Added
2022-11-15 18:26:14,361 INFO     ___FILE_ONLY___  
2022-11-15 18:26:14,361 INFO     ___FILE_ONLY___ --enable-triggerer
2022-11-15 18:26:14,361 INFO     ___FILE_ONLY___  
2022-11-15 18:26:14,361 INFO     ___FILE_ONLY___ to
2022-11-15 18:26:14,361 INFO     ___FILE_ONLY___  
2022-11-15 18:26:14,361 INFO     ___FILE_ONLY___ gcloud
2022-11-15 18:26:14,362 INFO     ___FILE_ONLY___  
2022-11-15 18:26:14,362 INFO     ___FILE_ONLY___ beta
2022-11-15 18:26:14,362 INFO     ___FILE_ONLY___  
2022-11-15 18:26:14,362 INFO     ___FILE_ONLY___ composer
2022-11-15 18:26:14,362 INFO     ___FILE_ONLY___  
2022-11-15 18:26:14,362 INFO     ___FILE_ONLY___ environments
2022-11-15 18:26:14,362 INFO     ___FILE_ONLY___ 

2022-11-15 18:26:14,362 INFO     ___FILE_ONLY___         
2022-11-15 18:26:14,363 INFO     ___FILE_ONLY___ create/update
2022-11-15 18:26:14,363 INFO     ___FILE_ONLY___  
2022-11-15 18:26:14,363 INFO     ___FILE_ONLY___ to
2022-11-15 18:26:14,363 INFO     ___FILE_ONLY___  
2022-11-15 18:26:14,363 INFO     ___FILE_ONLY___ allow
2022-11-15 18:26:14,363 INFO     ___FILE_ONLY___  
2022-11-15 18:26:14,363 INFO     ___FILE_ONLY___ usage
2022-11-15 18:26:14,363 INFO     ___FILE_ONLY___  
2022-11-15 18:26:14,364 INFO     ___FILE_ONLY___ of
2022-11-15 18:26:14,364 INFO     ___FILE_ONLY___  
2022-11-15 18:26:14,364 INFO     ___FILE_ONLY___ deferrable
2022-11-15 18:26:14,364 INFO     ___FILE_ONLY___  
2022-11-15 18:26:14,364 INFO     ___FILE_ONLY___ operators
2022-11-15 18:26:14,364 INFO     ___FILE_ONLY___  
2022-11-15 18:26:14,364 INFO     ___FILE_ONLY___ in
2022-11-15 18:26:14,364 INFO     ___FILE_ONLY___  
2022-11-15 18:26:14,364 INFO     ___FILE_ONLY___ dags.
2022-11-15 18:26:14,365 INFO     ___FILE_ONLY___ 

2022-11-15 18:26:14,365 INFO     ___FILE_ONLY___       ▪
2022-11-15 18:26:14,365 INFO     ___FILE_ONLY___  
2022-11-15 18:26:14,365 INFO     ___FILE_ONLY___ Added
2022-11-15 18:26:14,365 INFO     ___FILE_ONLY___  
2022-11-15 18:26:14,365 INFO     ___FILE_ONLY___ --triggerer-cpu
2022-11-15 18:26:14,366 INFO     ___FILE_ONLY___  
2022-11-15 18:26:14,366 INFO     ___FILE_ONLY___ to
2022-11-15 18:26:14,366 INFO     ___FILE_ONLY___  
2022-11-15 18:26:14,366 INFO     ___FILE_ONLY___ gcloud
2022-11-15 18:26:14,366 INFO     ___FILE_ONLY___  
2022-11-15 18:26:14,366 INFO     ___FILE_ONLY___ beta
2022-11-15 18:26:14,366 INFO     ___FILE_ONLY___  
2022-11-15 18:26:14,367 INFO     ___FILE_ONLY___ composer
2022-11-15 18:26:14,367 INFO     ___FILE_ONLY___  
2022-11-15 18:26:14,367 INFO     ___FILE_ONLY___ environments
2022-11-15 18:26:14,367 INFO     ___FILE_ONLY___ 

2022-11-15 18:26:14,367 INFO     ___FILE_ONLY___         
2022-11-15 18:26:14,367 INFO     ___FILE_ONLY___ create/update
2022-11-15 18:26:14,367 INFO     ___FILE_ONLY___  
2022-11-15 18:26:14,367 INFO     ___FILE_ONLY___ to
2022-11-15 18:26:14,367 INFO     ___FILE_ONLY___  
2022-11-15 18:26:14,368 INFO     ___FILE_ONLY___ specify
2022-11-15 18:26:14,368 INFO     ___FILE_ONLY___  
2022-11-15 18:26:14,368 INFO     ___FILE_ONLY___ CPU
2022-11-15 18:26:14,368 INFO     ___FILE_ONLY___  
2022-11-15 18:26:14,368 INFO     ___FILE_ONLY___ allocated
2022-11-15 18:26:14,368 INFO     ___FILE_ONLY___  
2022-11-15 18:26:14,368 INFO     ___FILE_ONLY___ to
2022-11-15 18:26:14,369 INFO     ___FILE_ONLY___  
2022-11-15 18:26:14,369 INFO     ___FILE_ONLY___ Airflow
2022-11-15 18:26:14,369 INFO     ___FILE_ONLY___  
2022-11-15 18:26:14,369 INFO     ___FILE_ONLY___ triggerer.
2022-11-15 18:26:14,369 INFO     ___FILE_ONLY___ 

2022-11-15 18:26:14,369 INFO     ___FILE_ONLY___       ▪
2022-11-15 18:26:14,369 INFO     ___FILE_ONLY___  
2022-11-15 18:26:14,369 INFO     ___FILE_ONLY___ Added
2022-11-15 18:26:14,370 INFO     ___FILE_ONLY___  
2022-11-15 18:26:14,370 INFO     ___FILE_ONLY___ --triggerer-memory
2022-11-15 18:26:14,370 INFO     ___FILE_ONLY___  
2022-11-15 18:26:14,370 INFO     ___FILE_ONLY___ to
2022-11-15 18:26:14,370 INFO     ___FILE_ONLY___  
2022-11-15 18:26:14,371 INFO     ___FILE_ONLY___ gcloud
2022-11-15 18:26:14,371 INFO     ___FILE_ONLY___  
2022-11-15 18:26:14,371 INFO     ___FILE_ONLY___ beta
2022-11-15 18:26:14,372 INFO     ___FILE_ONLY___  
2022-11-15 18:26:14,372 INFO     ___FILE_ONLY___ composer
2022-11-15 18:26:14,372 INFO     ___FILE_ONLY___  
2022-11-15 18:26:14,372 INFO     ___FILE_ONLY___ environments
2022-11-15 18:26:14,372 INFO     ___FILE_ONLY___ 

2022-11-15 18:26:14,372 INFO     ___FILE_ONLY___         
2022-11-15 18:26:14,372 INFO     ___FILE_ONLY___ create/update
2022-11-15 18:26:14,372 INFO     ___FILE_ONLY___  
2022-11-15 18:26:14,372 INFO     ___FILE_ONLY___ to
2022-11-15 18:26:14,373 INFO     ___FILE_ONLY___  
2022-11-15 18:26:14,373 INFO     ___FILE_ONLY___ specify
2022-11-15 18:26:14,373 INFO     ___FILE_ONLY___  
2022-11-15 18:26:14,373 INFO     ___FILE_ONLY___ memory
2022-11-15 18:26:14,373 INFO     ___FILE_ONLY___  
2022-11-15 18:26:14,373 INFO     ___FILE_ONLY___ allocated
2022-11-15 18:26:14,373 INFO     ___FILE_ONLY___  
2022-11-15 18:26:14,373 INFO     ___FILE_ONLY___ to
2022-11-15 18:26:14,373 INFO     ___FILE_ONLY___  
2022-11-15 18:26:14,374 INFO     ___FILE_ONLY___ Airflow
2022-11-15 18:26:14,374 INFO     ___FILE_ONLY___  
2022-11-15 18:26:14,374 INFO     ___FILE_ONLY___ triggerer.
2022-11-15 18:26:14,374 INFO     ___FILE_ONLY___ 

2022-11-15 18:26:14,374 INFO     ___FILE_ONLY___       ▪
2022-11-15 18:26:14,375 INFO     ___FILE_ONLY___  
2022-11-15 18:26:14,375 INFO     ___FILE_ONLY___ Added
2022-11-15 18:26:14,375 INFO     ___FILE_ONLY___  
2022-11-15 18:26:14,375 INFO     ___FILE_ONLY___ --disable-triggerer
2022-11-15 18:26:14,375 INFO     ___FILE_ONLY___  
2022-11-15 18:26:14,376 INFO     ___FILE_ONLY___ to
2022-11-15 18:26:14,376 INFO     ___FILE_ONLY___  
2022-11-15 18:26:14,376 INFO     ___FILE_ONLY___ gcloud
2022-11-15 18:26:14,376 INFO     ___FILE_ONLY___  
2022-11-15 18:26:14,376 INFO     ___FILE_ONLY___ beta
2022-11-15 18:26:14,376 INFO     ___FILE_ONLY___  
2022-11-15 18:26:14,376 INFO     ___FILE_ONLY___ composer
2022-11-15 18:26:14,376 INFO     ___FILE_ONLY___  
2022-11-15 18:26:14,377 INFO     ___FILE_ONLY___ environments
2022-11-15 18:26:14,377 INFO     ___FILE_ONLY___  
2022-11-15 18:26:14,377 INFO     ___FILE_ONLY___ update
2022-11-15 18:26:14,377 INFO     ___FILE_ONLY___ 

2022-11-15 18:26:14,377 INFO     ___FILE_ONLY___         
2022-11-15 18:26:14,377 INFO     ___FILE_ONLY___ to
2022-11-15 18:26:14,377 INFO     ___FILE_ONLY___  
2022-11-15 18:26:14,377 INFO     ___FILE_ONLY___ disable
2022-11-15 18:26:14,378 INFO     ___FILE_ONLY___  
2022-11-15 18:26:14,378 INFO     ___FILE_ONLY___ Airflow
2022-11-15 18:26:14,378 INFO     ___FILE_ONLY___  
2022-11-15 18:26:14,378 INFO     ___FILE_ONLY___ triggerer.
2022-11-15 18:26:14,378 INFO     ___FILE_ONLY___ 

2022-11-15 18:26:14,378 INFO     ___FILE_ONLY___ 

2022-11-15 18:26:14,378 INFO     ___FILE_ONLY___ 
2022-11-15 18:26:14,378 INFO     ___FILE_ONLY___   
2022-11-15 18:26:14,379 INFO     ___FILE_ONLY___ Cloud Dataproc

2022-11-15 18:26:14,379 INFO     ___FILE_ONLY___       ▪
2022-11-15 18:26:14,379 INFO     ___FILE_ONLY___  
2022-11-15 18:26:14,379 INFO     ___FILE_ONLY___ Added
2022-11-15 18:26:14,379 INFO     ___FILE_ONLY___  
2022-11-15 18:26:14,380 INFO     ___FILE_ONLY___ --async
2022-11-15 18:26:14,380 INFO     ___FILE_ONLY___  
2022-11-15 18:26:14,380 INFO     ___FILE_ONLY___ flag
2022-11-15 18:26:14,380 INFO     ___FILE_ONLY___  
2022-11-15 18:26:14,380 INFO     ___FILE_ONLY___ to
2022-11-15 18:26:14,380 INFO     ___FILE_ONLY___  
2022-11-15 18:26:14,380 INFO     ___FILE_ONLY___ gcloud
2022-11-15 18:26:14,380 INFO     ___FILE_ONLY___  
2022-11-15 18:26:14,381 INFO     ___FILE_ONLY___ dataproc
2022-11-15 18:26:14,381 INFO     ___FILE_ONLY___  
2022-11-15 18:26:14,381 INFO     ___FILE_ONLY___ jobs
2022-11-15 18:26:14,381 INFO     ___FILE_ONLY___  
2022-11-15 18:26:14,381 INFO     ___FILE_ONLY___ kill.
2022-11-15 18:26:14,381 INFO     ___FILE_ONLY___ 

2022-11-15 18:26:14,382 INFO     ___FILE_ONLY___ 

2022-11-15 18:26:14,382 INFO     ___FILE_ONLY___ 
2022-11-15 18:26:14,382 INFO     ___FILE_ONLY___   
2022-11-15 18:26:14,382 INFO     ___FILE_ONLY___ Cloud Datastream

2022-11-15 18:26:14,382 INFO     ___FILE_ONLY___       ▪
2022-11-15 18:26:14,382 INFO     ___FILE_ONLY___  
2022-11-15 18:26:14,383 INFO     ___FILE_ONLY___ Added
2022-11-15 18:26:14,383 INFO     ___FILE_ONLY___  
2022-11-15 18:26:14,383 INFO     ___FILE_ONLY___ the
2022-11-15 18:26:14,383 INFO     ___FILE_ONLY___  
2022-11-15 18:26:14,383 INFO     ___FILE_ONLY___ max_concurrent_cdc_tasks
2022-11-15 18:26:14,383 INFO     ___FILE_ONLY___  
2022-11-15 18:26:14,383 INFO     ___FILE_ONLY___ support
2022-11-15 18:26:14,383 INFO     ___FILE_ONLY___  
2022-11-15 18:26:14,384 INFO     ___FILE_ONLY___ to
2022-11-15 18:26:14,384 INFO     ___FILE_ONLY___  
2022-11-15 18:26:14,384 INFO     ___FILE_ONLY___ --mysql-source-config
2022-11-15 18:26:14,384 INFO     ___FILE_ONLY___ 

2022-11-15 18:26:14,384 INFO     ___FILE_ONLY___         
2022-11-15 18:26:14,384 INFO     ___FILE_ONLY___ and
2022-11-15 18:26:14,384 INFO     ___FILE_ONLY___  
2022-11-15 18:26:14,384 INFO     ___FILE_ONLY___ --oracle-source-config
2022-11-15 18:26:14,384 INFO     ___FILE_ONLY___  
2022-11-15 18:26:14,385 INFO     ___FILE_ONLY___ flags
2022-11-15 18:26:14,385 INFO     ___FILE_ONLY___  
2022-11-15 18:26:14,385 INFO     ___FILE_ONLY___ in
2022-11-15 18:26:14,385 INFO     ___FILE_ONLY___  
2022-11-15 18:26:14,385 INFO     ___FILE_ONLY___ gcloud
2022-11-15 18:26:14,385 INFO     ___FILE_ONLY___  
2022-11-15 18:26:14,385 INFO     ___FILE_ONLY___ datastream
2022-11-15 18:26:14,385 INFO     ___FILE_ONLY___  
2022-11-15 18:26:14,386 INFO     ___FILE_ONLY___ streams.
2022-11-15 18:26:14,386 INFO     ___FILE_ONLY___ 

2022-11-15 18:26:14,386 INFO     ___FILE_ONLY___       ▪
2022-11-15 18:26:14,386 INFO     ___FILE_ONLY___  
2022-11-15 18:26:14,386 INFO     ___FILE_ONLY___ Fixed
2022-11-15 18:26:14,386 INFO     ___FILE_ONLY___  
2022-11-15 18:26:14,386 INFO     ___FILE_ONLY___ issue
2022-11-15 18:26:14,387 INFO     ___FILE_ONLY___  
2022-11-15 18:26:14,387 INFO     ___FILE_ONLY___ where
2022-11-15 18:26:14,387 INFO     ___FILE_ONLY___  
2022-11-15 18:26:14,387 INFO     ___FILE_ONLY___ stream
2022-11-15 18:26:14,387 INFO     ___FILE_ONLY___  
2022-11-15 18:26:14,387 INFO     ___FILE_ONLY___ create
2022-11-15 18:26:14,387 INFO     ___FILE_ONLY___  
2022-11-15 18:26:14,388 INFO     ___FILE_ONLY___ using
2022-11-15 18:26:14,388 INFO     ___FILE_ONLY___  
2022-11-15 18:26:14,388 INFO     ___FILE_ONLY___ a
2022-11-15 18:26:14,388 INFO     ___FILE_ONLY___  
2022-11-15 18:26:14,388 INFO     ___FILE_ONLY___ mysql-source-config
2022-11-15 18:26:14,388 INFO     ___FILE_ONLY___  
2022-11-15 18:26:14,389 INFO     ___FILE_ONLY___ or
2022-11-15 18:26:14,389 INFO     ___FILE_ONLY___ 

2022-11-15 18:26:14,389 INFO     ___FILE_ONLY___         
2022-11-15 18:26:14,389 INFO     ___FILE_ONLY___ oracle-source-config
2022-11-15 18:26:14,389 INFO     ___FILE_ONLY___  
2022-11-15 18:26:14,389 INFO     ___FILE_ONLY___ with
2022-11-15 18:26:14,390 INFO     ___FILE_ONLY___  
2022-11-15 18:26:14,390 INFO     ___FILE_ONLY___ column
2022-11-15 18:26:14,390 INFO     ___FILE_ONLY___  
2022-11-15 18:26:14,390 INFO     ___FILE_ONLY___ level
2022-11-15 18:26:14,390 INFO     ___FILE_ONLY___  
2022-11-15 18:26:14,390 INFO     ___FILE_ONLY___ filtering
2022-11-15 18:26:14,391 INFO     ___FILE_ONLY___  
2022-11-15 18:26:14,391 INFO     ___FILE_ONLY___ fails
2022-11-15 18:26:14,391 INFO     ___FILE_ONLY___  
2022-11-15 18:26:14,391 INFO     ___FILE_ONLY___ to
2022-11-15 18:26:14,391 INFO     ___FILE_ONLY___  
2022-11-15 18:26:14,391 INFO     ___FILE_ONLY___ create.
2022-11-15 18:26:14,391 INFO     ___FILE_ONLY___ 

2022-11-15 18:26:14,392 INFO     ___FILE_ONLY___ 

2022-11-15 18:26:14,392 INFO     ___FILE_ONLY___ 
2022-11-15 18:26:14,392 INFO     ___FILE_ONLY___   
2022-11-15 18:26:14,392 INFO     ___FILE_ONLY___ Cloud Functions

2022-11-15 18:26:14,392 INFO     ___FILE_ONLY___       ▪
2022-11-15 18:26:14,393 INFO     ___FILE_ONLY___  
2022-11-15 18:26:14,393 INFO     ___FILE_ONLY___ Fixed
2022-11-15 18:26:14,393 INFO     ___FILE_ONLY___  
2022-11-15 18:26:14,393 INFO     ___FILE_ONLY___ issue
2022-11-15 18:26:14,393 INFO     ___FILE_ONLY___  
2022-11-15 18:26:14,393 INFO     ___FILE_ONLY___ where
2022-11-15 18:26:14,394 INFO     ___FILE_ONLY___  
2022-11-15 18:26:14,394 INFO     ___FILE_ONLY___ gcloud
2022-11-15 18:26:14,394 INFO     ___FILE_ONLY___  
2022-11-15 18:26:14,394 INFO     ___FILE_ONLY___ functions
2022-11-15 18:26:14,394 INFO     ___FILE_ONLY___  
2022-11-15 18:26:14,394 INFO     ___FILE_ONLY___ list
2022-11-15 18:26:14,394 INFO     ___FILE_ONLY___  
2022-11-15 18:26:14,394 INFO     ___FILE_ONLY___ would
2022-11-15 18:26:14,394 INFO     ___FILE_ONLY___  
2022-11-15 18:26:14,395 INFO     ___FILE_ONLY___ crash
2022-11-15 18:26:14,395 INFO     ___FILE_ONLY___  
2022-11-15 18:26:14,395 INFO     ___FILE_ONLY___ when
2022-11-15 18:26:14,395 INFO     ___FILE_ONLY___  
2022-11-15 18:26:14,395 INFO     ___FILE_ONLY___ a
2022-11-15 18:26:14,395 INFO     ___FILE_ONLY___  
2022-11-15 18:26:14,396 INFO     ___FILE_ONLY___ 2nd
2022-11-15 18:26:14,396 INFO     ___FILE_ONLY___ 

2022-11-15 18:26:14,396 INFO     ___FILE_ONLY___         
2022-11-15 18:26:14,396 INFO     ___FILE_ONLY___ Gen-only
2022-11-15 18:26:14,396 INFO     ___FILE_ONLY___  
2022-11-15 18:26:14,396 INFO     ___FILE_ONLY___ region
2022-11-15 18:26:14,396 INFO     ___FILE_ONLY___  
2022-11-15 18:26:14,396 INFO     ___FILE_ONLY___ was
2022-11-15 18:26:14,397 INFO     ___FILE_ONLY___  
2022-11-15 18:26:14,397 INFO     ___FILE_ONLY___ specified
2022-11-15 18:26:14,397 INFO     ___FILE_ONLY___  
2022-11-15 18:26:14,397 INFO     ___FILE_ONLY___ using
2022-11-15 18:26:14,397 INFO     ___FILE_ONLY___  
2022-11-15 18:26:14,398 INFO     ___FILE_ONLY___ --regions.
2022-11-15 18:26:14,398 INFO     ___FILE_ONLY___ 

2022-11-15 18:26:14,398 INFO     ___FILE_ONLY___       ▪
2022-11-15 18:26:14,398 INFO     ___FILE_ONLY___  
2022-11-15 18:26:14,398 INFO     ___FILE_ONLY___ Updated
2022-11-15 18:26:14,398 INFO     ___FILE_ONLY___  
2022-11-15 18:26:14,399 INFO     ___FILE_ONLY___ gcloud
2022-11-15 18:26:14,399 INFO     ___FILE_ONLY___  
2022-11-15 18:26:14,399 INFO     ___FILE_ONLY___ function
2022-11-15 18:26:14,399 INFO     ___FILE_ONLY___  
2022-11-15 18:26:14,399 INFO     ___FILE_ONLY___ describe
2022-11-15 18:26:14,399 INFO     ___FILE_ONLY___  
2022-11-15 18:26:14,399 INFO     ___FILE_ONLY___ to
2022-11-15 18:26:14,399 INFO     ___FILE_ONLY___  
2022-11-15 18:26:14,399 INFO     ___FILE_ONLY___ look
2022-11-15 18:26:14,400 INFO     ___FILE_ONLY___  
2022-11-15 18:26:14,400 INFO     ___FILE_ONLY___ up
2022-11-15 18:26:14,400 INFO     ___FILE_ONLY___  
2022-11-15 18:26:14,400 INFO     ___FILE_ONLY___ both
2022-11-15 18:26:14,401 INFO     ___FILE_ONLY___  
2022-11-15 18:26:14,401 INFO     ___FILE_ONLY___ 1st
2022-11-15 18:26:14,401 INFO     ___FILE_ONLY___  
2022-11-15 18:26:14,401 INFO     ___FILE_ONLY___ Gen
2022-11-15 18:26:14,401 INFO     ___FILE_ONLY___  
2022-11-15 18:26:14,401 INFO     ___FILE_ONLY___ and
2022-11-15 18:26:14,401 INFO     ___FILE_ONLY___  
2022-11-15 18:26:14,401 INFO     ___FILE_ONLY___ 2nd
2022-11-15 18:26:14,402 INFO     ___FILE_ONLY___  
2022-11-15 18:26:14,402 INFO     ___FILE_ONLY___ Gen
2022-11-15 18:26:14,402 INFO     ___FILE_ONLY___ 

2022-11-15 18:26:14,402 INFO     ___FILE_ONLY___         
2022-11-15 18:26:14,402 INFO     ___FILE_ONLY___ environments
2022-11-15 18:26:14,402 INFO     ___FILE_ONLY___  
2022-11-15 18:26:14,403 INFO     ___FILE_ONLY___ for
2022-11-15 18:26:14,403 INFO     ___FILE_ONLY___  
2022-11-15 18:26:14,403 INFO     ___FILE_ONLY___ the
2022-11-15 18:26:14,403 INFO     ___FILE_ONLY___  
2022-11-15 18:26:14,403 INFO     ___FILE_ONLY___ function.
2022-11-15 18:26:14,404 INFO     ___FILE_ONLY___  
2022-11-15 18:26:14,404 INFO     ___FILE_ONLY___ When
2022-11-15 18:26:14,404 INFO     ___FILE_ONLY___  
2022-11-15 18:26:14,404 INFO     ___FILE_ONLY___ --gen2
2022-11-15 18:26:14,404 INFO     ___FILE_ONLY___  
2022-11-15 18:26:14,405 INFO     ___FILE_ONLY___ flag
2022-11-15 18:26:14,406 INFO     ___FILE_ONLY___  
2022-11-15 18:26:14,406 INFO     ___FILE_ONLY___ is
2022-11-15 18:26:14,407 INFO     ___FILE_ONLY___  
2022-11-15 18:26:14,408 INFO     ___FILE_ONLY___ specified,
2022-11-15 18:26:14,408 INFO     ___FILE_ONLY___  
2022-11-15 18:26:14,408 INFO     ___FILE_ONLY___ only
2022-11-15 18:26:14,408 INFO     ___FILE_ONLY___  
2022-11-15 18:26:14,408 INFO     ___FILE_ONLY___ 2nd
2022-11-15 18:26:14,408 INFO     ___FILE_ONLY___ 

2022-11-15 18:26:14,408 INFO     ___FILE_ONLY___         
2022-11-15 18:26:14,408 INFO     ___FILE_ONLY___ Gen
2022-11-15 18:26:14,409 INFO     ___FILE_ONLY___  
2022-11-15 18:26:14,409 INFO     ___FILE_ONLY___ functions
2022-11-15 18:26:14,409 INFO     ___FILE_ONLY___  
2022-11-15 18:26:14,409 INFO     ___FILE_ONLY___ will
2022-11-15 18:26:14,409 INFO     ___FILE_ONLY___  
2022-11-15 18:26:14,409 INFO     ___FILE_ONLY___ be
2022-11-15 18:26:14,409 INFO     ___FILE_ONLY___  
2022-11-15 18:26:14,409 INFO     ___FILE_ONLY___ looked
2022-11-15 18:26:14,409 INFO     ___FILE_ONLY___  
2022-11-15 18:26:14,410 INFO     ___FILE_ONLY___ up.
2022-11-15 18:26:14,410 INFO     ___FILE_ONLY___ 

2022-11-15 18:26:14,410 INFO     ___FILE_ONLY___ 

2022-11-15 18:26:14,410 INFO     ___FILE_ONLY___ 
2022-11-15 18:26:14,410 INFO     ___FILE_ONLY___   
2022-11-15 18:26:14,410 INFO     ___FILE_ONLY___ Cloud Run

2022-11-15 18:26:14,410 INFO     ___FILE_ONLY___       ▪
2022-11-15 18:26:14,411 INFO     ___FILE_ONLY___  
2022-11-15 18:26:14,411 INFO     ___FILE_ONLY___ Promoted
2022-11-15 18:26:14,411 INFO     ___FILE_ONLY___  
2022-11-15 18:26:14,411 INFO     ___FILE_ONLY___ gcloud
2022-11-15 18:26:14,411 INFO     ___FILE_ONLY___  
2022-11-15 18:26:14,411 INFO     ___FILE_ONLY___ run
2022-11-15 18:26:14,411 INFO     ___FILE_ONLY___  
2022-11-15 18:26:14,412 INFO     ___FILE_ONLY___ services
2022-11-15 18:26:14,412 INFO     ___FILE_ONLY___  
2022-11-15 18:26:14,412 INFO     ___FILE_ONLY___ logs
2022-11-15 18:26:14,412 INFO     ___FILE_ONLY___  
2022-11-15 18:26:14,412 INFO     ___FILE_ONLY___ read
2022-11-15 18:26:14,412 INFO     ___FILE_ONLY___  
2022-11-15 18:26:14,412 INFO     ___FILE_ONLY___ and
2022-11-15 18:26:14,412 INFO     ___FILE_ONLY___  
2022-11-15 18:26:14,413 INFO     ___FILE_ONLY___ gcloud
2022-11-15 18:26:14,413 INFO     ___FILE_ONLY___  
2022-11-15 18:26:14,413 INFO     ___FILE_ONLY___ run
2022-11-15 18:26:14,413 INFO     ___FILE_ONLY___  
2022-11-15 18:26:14,413 INFO     ___FILE_ONLY___ revisions
2022-11-15 18:26:14,413 INFO     ___FILE_ONLY___  
2022-11-15 18:26:14,413 INFO     ___FILE_ONLY___ logs
2022-11-15 18:26:14,414 INFO     ___FILE_ONLY___ 

2022-11-15 18:26:14,414 INFO     ___FILE_ONLY___         
2022-11-15 18:26:14,414 INFO     ___FILE_ONLY___ read
2022-11-15 18:26:14,414 INFO     ___FILE_ONLY___  
2022-11-15 18:26:14,414 INFO     ___FILE_ONLY___ to
2022-11-15 18:26:14,414 INFO     ___FILE_ONLY___  
2022-11-15 18:26:14,414 INFO     ___FILE_ONLY___ beta,
2022-11-15 18:26:14,414 INFO     ___FILE_ONLY___  
2022-11-15 18:26:14,414 INFO     ___FILE_ONLY___ which
2022-11-15 18:26:14,415 INFO     ___FILE_ONLY___  
2022-11-15 18:26:14,415 INFO     ___FILE_ONLY___ reads
2022-11-15 18:26:14,415 INFO     ___FILE_ONLY___  
2022-11-15 18:26:14,415 INFO     ___FILE_ONLY___ logs
2022-11-15 18:26:14,415 INFO     ___FILE_ONLY___  
2022-11-15 18:26:14,415 INFO     ___FILE_ONLY___ from
2022-11-15 18:26:14,415 INFO     ___FILE_ONLY___  
2022-11-15 18:26:14,415 INFO     ___FILE_ONLY___ a
2022-11-15 18:26:14,415 INFO     ___FILE_ONLY___  
2022-11-15 18:26:14,415 INFO     ___FILE_ONLY___ selected
2022-11-15 18:26:14,416 INFO     ___FILE_ONLY___  
2022-11-15 18:26:14,416 INFO     ___FILE_ONLY___ resource.
2022-11-15 18:26:14,416 INFO     ___FILE_ONLY___ 

2022-11-15 18:26:14,416 INFO     ___FILE_ONLY___       ▪
2022-11-15 18:26:14,416 INFO     ___FILE_ONLY___  
2022-11-15 18:26:14,416 INFO     ___FILE_ONLY___ Promoted
2022-11-15 18:26:14,417 INFO     ___FILE_ONLY___  
2022-11-15 18:26:14,417 INFO     ___FILE_ONLY___ gcloud
2022-11-15 18:26:14,417 INFO     ___FILE_ONLY___  
2022-11-15 18:26:14,418 INFO     ___FILE_ONLY___ run
2022-11-15 18:26:14,418 INFO     ___FILE_ONLY___  
2022-11-15 18:26:14,418 INFO     ___FILE_ONLY___ services
2022-11-15 18:26:14,418 INFO     ___FILE_ONLY___  
2022-11-15 18:26:14,418 INFO     ___FILE_ONLY___ logs
2022-11-15 18:26:14,418 INFO     ___FILE_ONLY___  
2022-11-15 18:26:14,418 INFO     ___FILE_ONLY___ tail
2022-11-15 18:26:14,419 INFO     ___FILE_ONLY___  
2022-11-15 18:26:14,419 INFO     ___FILE_ONLY___ and
2022-11-15 18:26:14,419 INFO     ___FILE_ONLY___  
2022-11-15 18:26:14,419 INFO     ___FILE_ONLY___ gcloud
2022-11-15 18:26:14,419 INFO     ___FILE_ONLY___  
2022-11-15 18:26:14,419 INFO     ___FILE_ONLY___ run
2022-11-15 18:26:14,419 INFO     ___FILE_ONLY___  
2022-11-15 18:26:14,419 INFO     ___FILE_ONLY___ revisions
2022-11-15 18:26:14,420 INFO     ___FILE_ONLY___  
2022-11-15 18:26:14,420 INFO     ___FILE_ONLY___ logs
2022-11-15 18:26:14,420 INFO     ___FILE_ONLY___ 

2022-11-15 18:26:14,420 INFO     ___FILE_ONLY___         
2022-11-15 18:26:14,420 INFO     ___FILE_ONLY___ tail
2022-11-15 18:26:14,420 INFO     ___FILE_ONLY___  
2022-11-15 18:26:14,420 INFO     ___FILE_ONLY___ to
2022-11-15 18:26:14,420 INFO     ___FILE_ONLY___  
2022-11-15 18:26:14,420 INFO     ___FILE_ONLY___ beta,
2022-11-15 18:26:14,421 INFO     ___FILE_ONLY___  
2022-11-15 18:26:14,421 INFO     ___FILE_ONLY___ which
2022-11-15 18:26:14,421 INFO     ___FILE_ONLY___  
2022-11-15 18:26:14,421 INFO     ___FILE_ONLY___ tail
2022-11-15 18:26:14,421 INFO     ___FILE_ONLY___  
2022-11-15 18:26:14,421 INFO     ___FILE_ONLY___ logs
2022-11-15 18:26:14,421 INFO     ___FILE_ONLY___  
2022-11-15 18:26:14,421 INFO     ___FILE_ONLY___ from
2022-11-15 18:26:14,421 INFO     ___FILE_ONLY___  
2022-11-15 18:26:14,421 INFO     ___FILE_ONLY___ a
2022-11-15 18:26:14,422 INFO     ___FILE_ONLY___  
2022-11-15 18:26:14,422 INFO     ___FILE_ONLY___ selected
2022-11-15 18:26:14,422 INFO     ___FILE_ONLY___  
2022-11-15 18:26:14,422 INFO     ___FILE_ONLY___ resource.
2022-11-15 18:26:14,422 INFO     ___FILE_ONLY___ 

2022-11-15 18:26:14,422 INFO     ___FILE_ONLY___       ▪
2022-11-15 18:26:14,422 INFO     ___FILE_ONLY___  
2022-11-15 18:26:14,422 INFO     ___FILE_ONLY___ Added
2022-11-15 18:26:14,423 INFO     ___FILE_ONLY___  
2022-11-15 18:26:14,423 INFO     ___FILE_ONLY___ --execute-now
2022-11-15 18:26:14,423 INFO     ___FILE_ONLY___  
2022-11-15 18:26:14,423 INFO     ___FILE_ONLY___ and
2022-11-15 18:26:14,423 INFO     ___FILE_ONLY___  
2022-11-15 18:26:14,423 INFO     ___FILE_ONLY___ --wait
2022-11-15 18:26:14,423 INFO     ___FILE_ONLY___  
2022-11-15 18:26:14,424 INFO     ___FILE_ONLY___ flags
2022-11-15 18:26:14,424 INFO     ___FILE_ONLY___  
2022-11-15 18:26:14,424 INFO     ___FILE_ONLY___ to
2022-11-15 18:26:14,424 INFO     ___FILE_ONLY___  
2022-11-15 18:26:14,424 INFO     ___FILE_ONLY___ gcloud
2022-11-15 18:26:14,424 INFO     ___FILE_ONLY___  
2022-11-15 18:26:14,424 INFO     ___FILE_ONLY___ beta
2022-11-15 18:26:14,424 INFO     ___FILE_ONLY___  
2022-11-15 18:26:14,425 INFO     ___FILE_ONLY___ run
2022-11-15 18:26:14,425 INFO     ___FILE_ONLY___  
2022-11-15 18:26:14,425 INFO     ___FILE_ONLY___ job
2022-11-15 18:26:14,425 INFO     ___FILE_ONLY___  
2022-11-15 18:26:14,425 INFO     ___FILE_ONLY___ update
2022-11-15 18:26:14,425 INFO     ___FILE_ONLY___  
2022-11-15 18:26:14,425 INFO     ___FILE_ONLY___ to
2022-11-15 18:26:14,425 INFO     ___FILE_ONLY___ 

2022-11-15 18:26:14,425 INFO     ___FILE_ONLY___         
2022-11-15 18:26:14,426 INFO     ___FILE_ONLY___ immediately
2022-11-15 18:26:14,426 INFO     ___FILE_ONLY___  
2022-11-15 18:26:14,426 INFO     ___FILE_ONLY___ execute
2022-11-15 18:26:14,426 INFO     ___FILE_ONLY___  
2022-11-15 18:26:14,426 INFO     ___FILE_ONLY___ the
2022-11-15 18:26:14,426 INFO     ___FILE_ONLY___  
2022-11-15 18:26:14,426 INFO     ___FILE_ONLY___ job
2022-11-15 18:26:14,426 INFO     ___FILE_ONLY___  
2022-11-15 18:26:14,426 INFO     ___FILE_ONLY___ after
2022-11-15 18:26:14,427 INFO     ___FILE_ONLY___  
2022-11-15 18:26:14,427 INFO     ___FILE_ONLY___ update
2022-11-15 18:26:14,427 INFO     ___FILE_ONLY___  
2022-11-15 18:26:14,427 INFO     ___FILE_ONLY___ and
2022-11-15 18:26:14,428 INFO     ___FILE_ONLY___  
2022-11-15 18:26:14,428 INFO     ___FILE_ONLY___ wait
2022-11-15 18:26:14,428 INFO     ___FILE_ONLY___  
2022-11-15 18:26:14,428 INFO     ___FILE_ONLY___ for
2022-11-15 18:26:14,428 INFO     ___FILE_ONLY___  
2022-11-15 18:26:14,428 INFO     ___FILE_ONLY___ completion.
2022-11-15 18:26:14,428 INFO     ___FILE_ONLY___ 

2022-11-15 18:26:14,428 INFO     ___FILE_ONLY___       ▪
2022-11-15 18:26:14,428 INFO     ___FILE_ONLY___  
2022-11-15 18:26:14,429 INFO     ___FILE_ONLY___ Promoted
2022-11-15 18:26:14,429 INFO     ___FILE_ONLY___  
2022-11-15 18:26:14,429 INFO     ___FILE_ONLY___ gcloud
2022-11-15 18:26:14,429 INFO     ___FILE_ONLY___  
2022-11-15 18:26:14,429 INFO     ___FILE_ONLY___ beta
2022-11-15 18:26:14,429 INFO     ___FILE_ONLY___  
2022-11-15 18:26:14,429 INFO     ___FILE_ONLY___ run
2022-11-15 18:26:14,429 INFO     ___FILE_ONLY___  
2022-11-15 18:26:14,429 INFO     ___FILE_ONLY___ integrations
2022-11-15 18:26:14,430 INFO     ___FILE_ONLY___  
2022-11-15 18:26:14,430 INFO     ___FILE_ONLY___ command
2022-11-15 18:26:14,430 INFO     ___FILE_ONLY___  
2022-11-15 18:26:14,430 INFO     ___FILE_ONLY___ group
2022-11-15 18:26:14,430 INFO     ___FILE_ONLY___  
2022-11-15 18:26:14,430 INFO     ___FILE_ONLY___ and
2022-11-15 18:26:14,430 INFO     ___FILE_ONLY___  
2022-11-15 18:26:14,430 INFO     ___FILE_ONLY___ all
2022-11-15 18:26:14,430 INFO     ___FILE_ONLY___ 

2022-11-15 18:26:14,431 INFO     ___FILE_ONLY___         
2022-11-15 18:26:14,431 INFO     ___FILE_ONLY___ sub-commands
2022-11-15 18:26:14,431 INFO     ___FILE_ONLY___  
2022-11-15 18:26:14,431 INFO     ___FILE_ONLY___ to
2022-11-15 18:26:14,431 INFO     ___FILE_ONLY___  
2022-11-15 18:26:14,431 INFO     ___FILE_ONLY___ beta.
2022-11-15 18:26:14,431 INFO     ___FILE_ONLY___ 

2022-11-15 18:26:14,431 INFO     ___FILE_ONLY___ 

2022-11-15 18:26:14,431 INFO     ___FILE_ONLY___ 
2022-11-15 18:26:14,432 INFO     ___FILE_ONLY___   
2022-11-15 18:26:14,432 INFO     ___FILE_ONLY___ Compute Engine

2022-11-15 18:26:14,432 INFO     ___FILE_ONLY___       ▪
2022-11-15 18:26:14,432 INFO     ___FILE_ONLY___  
2022-11-15 18:26:14,432 INFO     ___FILE_ONLY___ Promoted
2022-11-15 18:26:14,433 INFO     ___FILE_ONLY___  
2022-11-15 18:26:14,433 INFO     ___FILE_ONLY___ --list-managed-instances-results
2022-11-15 18:26:14,433 INFO     ___FILE_ONLY___  
2022-11-15 18:26:14,433 INFO     ___FILE_ONLY___ flag
2022-11-15 18:26:14,433 INFO     ___FILE_ONLY___  
2022-11-15 18:26:14,433 INFO     ___FILE_ONLY___ for
2022-11-15 18:26:14,433 INFO     ___FILE_ONLY___  
2022-11-15 18:26:14,433 INFO     ___FILE_ONLY___ gcloud
2022-11-15 18:26:14,433 INFO     ___FILE_ONLY___  
2022-11-15 18:26:14,434 INFO     ___FILE_ONLY___ compute
2022-11-15 18:26:14,434 INFO     ___FILE_ONLY___ 

2022-11-15 18:26:14,434 INFO     ___FILE_ONLY___         
2022-11-15 18:26:14,434 INFO     ___FILE_ONLY___ instance-groups
2022-11-15 18:26:14,435 INFO     ___FILE_ONLY___  
2022-11-15 18:26:14,435 INFO     ___FILE_ONLY___ managed
2022-11-15 18:26:14,435 INFO     ___FILE_ONLY___  
2022-11-15 18:26:14,435 INFO     ___FILE_ONLY___ create
2022-11-15 18:26:14,435 INFO     ___FILE_ONLY___  
2022-11-15 18:26:14,435 INFO     ___FILE_ONLY___ and
2022-11-15 18:26:14,436 INFO     ___FILE_ONLY___  
2022-11-15 18:26:14,436 INFO     ___FILE_ONLY___ gcloud
2022-11-15 18:26:14,436 INFO     ___FILE_ONLY___  
2022-11-15 18:26:14,436 INFO     ___FILE_ONLY___ compute
2022-11-15 18:26:14,436 INFO     ___FILE_ONLY___  
2022-11-15 18:26:14,436 INFO     ___FILE_ONLY___ instance-groups
2022-11-15 18:26:14,436 INFO     ___FILE_ONLY___ 

2022-11-15 18:26:14,437 INFO     ___FILE_ONLY___         
2022-11-15 18:26:14,437 INFO     ___FILE_ONLY___ managed
2022-11-15 18:26:14,437 INFO     ___FILE_ONLY___  
2022-11-15 18:26:14,437 INFO     ___FILE_ONLY___ update
2022-11-15 18:26:14,437 INFO     ___FILE_ONLY___  
2022-11-15 18:26:14,437 INFO     ___FILE_ONLY___ to
2022-11-15 18:26:14,438 INFO     ___FILE_ONLY___  
2022-11-15 18:26:14,438 INFO     ___FILE_ONLY___ GA.
2022-11-15 18:26:14,438 INFO     ___FILE_ONLY___ 

2022-11-15 18:26:14,438 INFO     ___FILE_ONLY___       ▪
2022-11-15 18:26:14,438 INFO     ___FILE_ONLY___  
2022-11-15 18:26:14,438 INFO     ___FILE_ONLY___ Fixed
2022-11-15 18:26:14,438 INFO     ___FILE_ONLY___  
2022-11-15 18:26:14,439 INFO     ___FILE_ONLY___ --network-interface
2022-11-15 18:26:14,439 INFO     ___FILE_ONLY___  
2022-11-15 18:26:14,439 INFO     ___FILE_ONLY___ to
2022-11-15 18:26:14,439 INFO     ___FILE_ONLY___  
2022-11-15 18:26:14,439 INFO     ___FILE_ONLY___ mark
2022-11-15 18:26:14,439 INFO     ___FILE_ONLY___  
2022-11-15 18:26:14,440 INFO     ___FILE_ONLY___ the
2022-11-15 18:26:14,440 INFO     ___FILE_ONLY___  
2022-11-15 18:26:14,440 INFO     ___FILE_ONLY___ public
2022-11-15 18:26:14,440 INFO     ___FILE_ONLY___  
2022-11-15 18:26:14,440 INFO     ___FILE_ONLY___ IP
2022-11-15 18:26:14,441 INFO     ___FILE_ONLY___  
2022-11-15 18:26:14,441 INFO     ___FILE_ONLY___ as
2022-11-15 18:26:14,441 INFO     ___FILE_ONLY___  
2022-11-15 18:26:14,441 INFO     ___FILE_ONLY___ None
2022-11-15 18:26:14,441 INFO     ___FILE_ONLY___  
2022-11-15 18:26:14,441 INFO     ___FILE_ONLY___ when
2022-11-15 18:26:14,441 INFO     ___FILE_ONLY___ 

2022-11-15 18:26:14,441 INFO     ___FILE_ONLY___         
2022-11-15 18:26:14,441 INFO     ___FILE_ONLY___ --no-address
2022-11-15 18:26:14,442 INFO     ___FILE_ONLY___  
2022-11-15 18:26:14,442 INFO     ___FILE_ONLY___ is
2022-11-15 18:26:14,442 INFO     ___FILE_ONLY___  
2022-11-15 18:26:14,442 INFO     ___FILE_ONLY___ specified.
2022-11-15 18:26:14,442 INFO     ___FILE_ONLY___ 

2022-11-15 18:26:14,442 INFO     ___FILE_ONLY___ 

2022-11-15 18:26:14,442 INFO     ___FILE_ONLY___ 
2022-11-15 18:26:14,442 INFO     ___FILE_ONLY___   
2022-11-15 18:26:14,443 INFO     ___FILE_ONLY___ GKE Hub

2022-11-15 18:26:14,443 INFO     ___FILE_ONLY___       ▪
2022-11-15 18:26:14,443 INFO     ___FILE_ONLY___  
2022-11-15 18:26:14,443 INFO     ___FILE_ONLY___ Fixed
2022-11-15 18:26:14,443 INFO     ___FILE_ONLY___  
2022-11-15 18:26:14,444 INFO     ___FILE_ONLY___ issue
2022-11-15 18:26:14,444 INFO     ___FILE_ONLY___  
2022-11-15 18:26:14,444 INFO     ___FILE_ONLY___ where
2022-11-15 18:26:14,444 INFO     ___FILE_ONLY___  
2022-11-15 18:26:14,444 INFO     ___FILE_ONLY___ gcloud
2022-11-15 18:26:14,444 INFO     ___FILE_ONLY___  
2022-11-15 18:26:14,445 INFO     ___FILE_ONLY___ container
2022-11-15 18:26:14,445 INFO     ___FILE_ONLY___  
2022-11-15 18:26:14,445 INFO     ___FILE_ONLY___ fleet
2022-11-15 18:26:14,445 INFO     ___FILE_ONLY___  
2022-11-15 18:26:14,445 INFO     ___FILE_ONLY___ memberships
2022-11-15 18:26:14,445 INFO     ___FILE_ONLY___  
2022-11-15 18:26:14,445 INFO     ___FILE_ONLY___ commands
2022-11-15 18:26:14,445 INFO     ___FILE_ONLY___  
2022-11-15 18:26:14,446 INFO     ___FILE_ONLY___ did
2022-11-15 18:26:14,446 INFO     ___FILE_ONLY___  
2022-11-15 18:26:14,446 INFO     ___FILE_ONLY___ not
2022-11-15 18:26:14,446 INFO     ___FILE_ONLY___ 

2022-11-15 18:26:14,446 INFO     ___FILE_ONLY___         
2022-11-15 18:26:14,446 INFO     ___FILE_ONLY___ output
2022-11-15 18:26:14,446 INFO     ___FILE_ONLY___  
2022-11-15 18:26:14,446 INFO     ___FILE_ONLY___ memberships
2022-11-15 18:26:14,446 INFO     ___FILE_ONLY___  
2022-11-15 18:26:14,447 INFO     ___FILE_ONLY___ with
2022-11-15 18:26:14,447 INFO     ___FILE_ONLY___  
2022-11-15 18:26:14,447 INFO     ___FILE_ONLY___ missing
2022-11-15 18:26:14,447 INFO     ___FILE_ONLY___  
2022-11-15 18:26:14,447 INFO     ___FILE_ONLY___ cluster.
2022-11-15 18:26:14,447 INFO     ___FILE_ONLY___ 

2022-11-15 18:26:14,447 INFO     ___FILE_ONLY___       ▪
2022-11-15 18:26:14,448 INFO     ___FILE_ONLY___  
2022-11-15 18:26:14,448 INFO     ___FILE_ONLY___ Fixed
2022-11-15 18:26:14,448 INFO     ___FILE_ONLY___  
2022-11-15 18:26:14,448 INFO     ___FILE_ONLY___ bug
2022-11-15 18:26:14,448 INFO     ___FILE_ONLY___  
2022-11-15 18:26:14,448 INFO     ___FILE_ONLY___ in
2022-11-15 18:26:14,449 INFO     ___FILE_ONLY___  
2022-11-15 18:26:14,449 INFO     ___FILE_ONLY___ gcloud
2022-11-15 18:26:14,449 INFO     ___FILE_ONLY___  
2022-11-15 18:26:14,449 INFO     ___FILE_ONLY___ container
2022-11-15 18:26:14,449 INFO     ___FILE_ONLY___  
2022-11-15 18:26:14,449 INFO     ___FILE_ONLY___ fleet
2022-11-15 18:26:14,449 INFO     ___FILE_ONLY___  
2022-11-15 18:26:14,449 INFO     ___FILE_ONLY___ config-management
2022-11-15 18:26:14,450 INFO     ___FILE_ONLY___  
2022-11-15 18:26:14,450 INFO     ___FILE_ONLY___ version
2022-11-15 18:26:14,450 INFO     ___FILE_ONLY___  
2022-11-15 18:26:14,450 INFO     ___FILE_ONLY___ where
2022-11-15 18:26:14,450 INFO     ___FILE_ONLY___ 

2022-11-15 18:26:14,450 INFO     ___FILE_ONLY___         
2022-11-15 18:26:14,450 INFO     ___FILE_ONLY___ memberships
2022-11-15 18:26:14,451 INFO     ___FILE_ONLY___  
2022-11-15 18:26:14,451 INFO     ___FILE_ONLY___ were
2022-11-15 18:26:14,451 INFO     ___FILE_ONLY___  
2022-11-15 18:26:14,451 INFO     ___FILE_ONLY___ stuck
2022-11-15 18:26:14,451 INFO     ___FILE_ONLY___  
2022-11-15 18:26:14,451 INFO     ___FILE_ONLY___ with
2022-11-15 18:26:14,451 INFO     ___FILE_ONLY___  
2022-11-15 18:26:14,452 INFO     ___FILE_ONLY___ version
2022-11-15 18:26:14,452 INFO     ___FILE_ONLY___  
2022-11-15 18:26:14,452 INFO     ___FILE_ONLY___ "NA".
2022-11-15 18:26:14,452 INFO     ___FILE_ONLY___ 

2022-11-15 18:26:14,452 INFO     ___FILE_ONLY___ 

2022-11-15 18:26:14,452 INFO     ___FILE_ONLY___ 
2022-11-15 18:26:14,452 INFO     ___FILE_ONLY___   
2022-11-15 18:26:14,453 INFO     ___FILE_ONLY___ Identity and Access Management

2022-11-15 18:26:14,453 INFO     ___FILE_ONLY___       ▪
2022-11-15 18:26:14,453 INFO     ___FILE_ONLY___  
2022-11-15 18:26:14,453 INFO     ___FILE_ONLY___ Added
2022-11-15 18:26:14,453 INFO     ___FILE_ONLY___  
2022-11-15 18:26:14,453 INFO     ___FILE_ONLY___ support
2022-11-15 18:26:14,454 INFO     ___FILE_ONLY___  
2022-11-15 18:26:14,454 INFO     ___FILE_ONLY___ for
2022-11-15 18:26:14,454 INFO     ___FILE_ONLY___  
2022-11-15 18:26:14,454 INFO     ___FILE_ONLY___ retrieving
2022-11-15 18:26:14,454 INFO     ___FILE_ONLY___  
2022-11-15 18:26:14,454 INFO     ___FILE_ONLY___ the
2022-11-15 18:26:14,454 INFO     ___FILE_ONLY___  
2022-11-15 18:26:14,454 INFO     ___FILE_ONLY___ token
2022-11-15 18:26:14,455 INFO     ___FILE_ONLY___  
2022-11-15 18:26:14,455 INFO     ___FILE_ONLY___ introspection
2022-11-15 18:26:14,455 INFO     ___FILE_ONLY___  
2022-11-15 18:26:14,455 INFO     ___FILE_ONLY___ endpoint
2022-11-15 18:26:14,455 INFO     ___FILE_ONLY___  
2022-11-15 18:26:14,455 INFO     ___FILE_ONLY___ through
2022-11-15 18:26:14,455 INFO     ___FILE_ONLY___ 

2022-11-15 18:26:14,456 INFO     ___FILE_ONLY___         
2022-11-15 18:26:14,456 INFO     ___FILE_ONLY___ external
2022-11-15 18:26:14,456 INFO     ___FILE_ONLY___  
2022-11-15 18:26:14,456 INFO     ___FILE_ONLY___ account
2022-11-15 18:26:14,456 INFO     ___FILE_ONLY___  
2022-11-15 18:26:14,456 INFO     ___FILE_ONLY___ credentials.
2022-11-15 18:26:14,456 INFO     ___FILE_ONLY___ 

2022-11-15 18:26:14,456 INFO     ___FILE_ONLY___ 

2022-11-15 18:26:14,457 INFO     ___FILE_ONLY___ 
2022-11-15 18:26:14,457 INFO     ___FILE_ONLY___   
2022-11-15 18:26:14,457 INFO     ___FILE_ONLY___ Kubernetes Engine

2022-11-15 18:26:14,457 INFO     ___FILE_ONLY___       ▪
2022-11-15 18:26:14,457 INFO     ___FILE_ONLY___  
2022-11-15 18:26:14,457 INFO     ___FILE_ONLY___ Added
2022-11-15 18:26:14,458 INFO     ___FILE_ONLY___  
2022-11-15 18:26:14,458 INFO     ___FILE_ONLY___ --labels
2022-11-15 18:26:14,458 INFO     ___FILE_ONLY___  
2022-11-15 18:26:14,458 INFO     ___FILE_ONLY___ flag
2022-11-15 18:26:14,458 INFO     ___FILE_ONLY___  
2022-11-15 18:26:14,458 INFO     ___FILE_ONLY___ to
2022-11-15 18:26:14,458 INFO     ___FILE_ONLY___  
2022-11-15 18:26:14,458 INFO     ___FILE_ONLY___ gcloud
2022-11-15 18:26:14,459 INFO     ___FILE_ONLY___  
2022-11-15 18:26:14,459 INFO     ___FILE_ONLY___ container
2022-11-15 18:26:14,459 INFO     ___FILE_ONLY___  
2022-11-15 18:26:14,459 INFO     ___FILE_ONLY___ node-pools
2022-11-15 18:26:14,459 INFO     ___FILE_ONLY___  
2022-11-15 18:26:14,459 INFO     ___FILE_ONLY___ create/update
2022-11-15 18:26:14,459 INFO     ___FILE_ONLY___  
2022-11-15 18:26:14,459 INFO     ___FILE_ONLY___ to
2022-11-15 18:26:14,459 INFO     ___FILE_ONLY___ 

2022-11-15 18:26:14,459 INFO     ___FILE_ONLY___         
2022-11-15 18:26:14,460 INFO     ___FILE_ONLY___ allow
2022-11-15 18:26:14,460 INFO     ___FILE_ONLY___  
2022-11-15 18:26:14,460 INFO     ___FILE_ONLY___ creating
2022-11-15 18:26:14,460 INFO     ___FILE_ONLY___  
2022-11-15 18:26:14,460 INFO     ___FILE_ONLY___ and
2022-11-15 18:26:14,460 INFO     ___FILE_ONLY___  
2022-11-15 18:26:14,460 INFO     ___FILE_ONLY___ updating
2022-11-15 18:26:14,460 INFO     ___FILE_ONLY___  
2022-11-15 18:26:14,460 INFO     ___FILE_ONLY___ node
2022-11-15 18:26:14,461 INFO     ___FILE_ONLY___  
2022-11-15 18:26:14,461 INFO     ___FILE_ONLY___ pools
2022-11-15 18:26:14,461 INFO     ___FILE_ONLY___  
2022-11-15 18:26:14,461 INFO     ___FILE_ONLY___ with
2022-11-15 18:26:14,461 INFO     ___FILE_ONLY___  
2022-11-15 18:26:14,461 INFO     ___FILE_ONLY___ GCP
2022-11-15 18:26:14,461 INFO     ___FILE_ONLY___  
2022-11-15 18:26:14,462 INFO     ___FILE_ONLY___ labels.
2022-11-15 18:26:14,462 INFO     ___FILE_ONLY___ 

2022-11-15 18:26:14,462 INFO     ___FILE_ONLY___ 

2022-11-15 18:26:14,462 INFO     ___FILE_ONLY___ 
2022-11-15 18:26:14,462 INFO     ___FILE_ONLY___   
2022-11-15 18:26:14,462 INFO     ___FILE_ONLY___ VPC Access

2022-11-15 18:26:14,462 INFO     ___FILE_ONLY___       ▪
2022-11-15 18:26:14,463 INFO     ___FILE_ONLY___  
2022-11-15 18:26:14,463 INFO     ___FILE_ONLY___ Promoted
2022-11-15 18:26:14,463 INFO     ___FILE_ONLY___  
2022-11-15 18:26:14,463 INFO     ___FILE_ONLY___ gcloud
2022-11-15 18:26:14,489 INFO     ___FILE_ONLY___  
2022-11-15 18:26:14,490 INFO     ___FILE_ONLY___ compute
2022-11-15 18:26:14,494 INFO     ___FILE_ONLY___  
2022-11-15 18:26:14,510 INFO     ___FILE_ONLY___ networks
2022-11-15 18:26:14,510 INFO     ___FILE_ONLY___  
2022-11-15 18:26:14,510 INFO     ___FILE_ONLY___ vpc-access
2022-11-15 18:26:14,513 INFO     ___FILE_ONLY___  
2022-11-15 18:26:14,526 INFO     ___FILE_ONLY___ connectors
2022-11-15 18:26:14,588 INFO     ___FILE_ONLY___  
2022-11-15 18:26:14,606 INFO     ___FILE_ONLY___ update
2022-11-15 18:26:14,606 INFO     ___FILE_ONLY___  
2022-11-15 18:26:14,606 INFO     ___FILE_ONLY___ to
2022-11-15 18:26:14,607 INFO     ___FILE_ONLY___ 

2022-11-15 18:26:14,607 INFO     ___FILE_ONLY___         
2022-11-15 18:26:14,607 INFO     ___FILE_ONLY___ beta.
2022-11-15 18:26:14,607 INFO     ___FILE_ONLY___ 

2022-11-15 18:26:14,607 INFO     ___FILE_ONLY___         ◆
2022-11-15 18:26:14,607 INFO     ___FILE_ONLY___  
2022-11-15 18:26:14,608 INFO     ___FILE_ONLY___ Enables
2022-11-15 18:26:14,608 INFO     ___FILE_ONLY___  
2022-11-15 18:26:14,608 INFO     ___FILE_ONLY___ updating
2022-11-15 18:26:14,608 INFO     ___FILE_ONLY___  
2022-11-15 18:26:14,608 INFO     ___FILE_ONLY___ of
2022-11-15 18:26:14,608 INFO     ___FILE_ONLY___  
2022-11-15 18:26:14,608 INFO     ___FILE_ONLY___ min-instances,
2022-11-15 18:26:14,608 INFO     ___FILE_ONLY___  
2022-11-15 18:26:14,609 INFO     ___FILE_ONLY___ max-instances
2022-11-15 18:26:14,609 INFO     ___FILE_ONLY___  
2022-11-15 18:26:14,609 INFO     ___FILE_ONLY___ and
2022-11-15 18:26:14,609 INFO     ___FILE_ONLY___  
2022-11-15 18:26:14,609 INFO     ___FILE_ONLY___ machine-type
2022-11-15 18:26:14,609 INFO     ___FILE_ONLY___ 

2022-11-15 18:26:14,609 INFO     ___FILE_ONLY___           
2022-11-15 18:26:14,609 INFO     ___FILE_ONLY___ of
2022-11-15 18:26:14,610 INFO     ___FILE_ONLY___  
2022-11-15 18:26:14,610 INFO     ___FILE_ONLY___ already
2022-11-15 18:26:14,610 INFO     ___FILE_ONLY___  
2022-11-15 18:26:14,610 INFO     ___FILE_ONLY___ existing
2022-11-15 18:26:14,610 INFO     ___FILE_ONLY___  
2022-11-15 18:26:14,610 INFO     ___FILE_ONLY___ vpc-access
2022-11-15 18:26:14,610 INFO     ___FILE_ONLY___  
2022-11-15 18:26:14,610 INFO     ___FILE_ONLY___ connectors.
2022-11-15 18:26:14,611 INFO     ___FILE_ONLY___ 

2022-11-15 18:26:14,611 INFO     ___FILE_ONLY___ 

2022-11-15 18:26:14,611 INFO     ___FILE_ONLY___ 
2022-11-15 18:26:14,611 INFO     ___FILE_ONLY___   
2022-11-15 18:26:14,611 INFO     ___FILE_ONLY___ Vmware Engine

2022-11-15 18:26:14,611 INFO     ___FILE_ONLY___       ▪
2022-11-15 18:26:14,611 INFO     ___FILE_ONLY___  
2022-11-15 18:26:14,611 INFO     ___FILE_ONLY___ Added
2022-11-15 18:26:14,612 INFO     ___FILE_ONLY___  
2022-11-15 18:26:14,612 INFO     ___FILE_ONLY___ commands
2022-11-15 18:26:14,612 INFO     ___FILE_ONLY___  
2022-11-15 18:26:14,612 INFO     ___FILE_ONLY___ for
2022-11-15 18:26:14,612 INFO     ___FILE_ONLY___  
2022-11-15 18:26:14,612 INFO     ___FILE_ONLY___ managing
2022-11-15 18:26:14,613 INFO     ___FILE_ONLY___  
2022-11-15 18:26:14,613 INFO     ___FILE_ONLY___ resources:
2022-11-15 18:26:14,613 INFO     ___FILE_ONLY___ 

2022-11-15 18:26:14,613 INFO     ___FILE_ONLY___         ◆
2022-11-15 18:26:14,613 INFO     ___FILE_ONLY___  
2022-11-15 18:26:14,613 INFO     ___FILE_ONLY___ Locations
2022-11-15 18:26:14,613 INFO     ___FILE_ONLY___ 

2022-11-15 18:26:14,614 INFO     ___FILE_ONLY___         ◆
2022-11-15 18:26:14,614 INFO     ___FILE_ONLY___  
2022-11-15 18:26:14,614 INFO     ___FILE_ONLY___ Operations
2022-11-15 18:26:14,614 INFO     ___FILE_ONLY___ 

2022-11-15 18:26:14,614 INFO     ___FILE_ONLY___         ◆
2022-11-15 18:26:14,614 INFO     ___FILE_ONLY___  
2022-11-15 18:26:14,614 INFO     ___FILE_ONLY___ VMwareEngine
2022-11-15 18:26:14,615 INFO     ___FILE_ONLY___  
2022-11-15 18:26:14,615 INFO     ___FILE_ONLY___ networks
2022-11-15 18:26:14,615 INFO     ___FILE_ONLY___ 

2022-11-15 18:26:14,615 INFO     ___FILE_ONLY___         ◆
2022-11-15 18:26:14,615 INFO     ___FILE_ONLY___  
2022-11-15 18:26:14,615 INFO     ___FILE_ONLY___ Network
2022-11-15 18:26:14,615 INFO     ___FILE_ONLY___  
2022-11-15 18:26:14,616 INFO     ___FILE_ONLY___ policies
2022-11-15 18:26:14,616 INFO     ___FILE_ONLY___ 

2022-11-15 18:26:14,616 INFO     ___FILE_ONLY___         ◆
2022-11-15 18:26:14,616 INFO     ___FILE_ONLY___  
2022-11-15 18:26:14,616 INFO     ___FILE_ONLY___ Node
2022-11-15 18:26:14,616 INFO     ___FILE_ONLY___  
2022-11-15 18:26:14,616 INFO     ___FILE_ONLY___ types
2022-11-15 18:26:14,617 INFO     ___FILE_ONLY___ 

2022-11-15 18:26:14,617 INFO     ___FILE_ONLY___         ◆
2022-11-15 18:26:14,617 INFO     ___FILE_ONLY___  
2022-11-15 18:26:14,617 INFO     ___FILE_ONLY___ Private
2022-11-15 18:26:14,617 INFO     ___FILE_ONLY___  
2022-11-15 18:26:14,617 INFO     ___FILE_ONLY___ clouds
2022-11-15 18:26:14,617 INFO     ___FILE_ONLY___ 

2022-11-15 18:26:14,617 INFO     ___FILE_ONLY___         ◆
2022-11-15 18:26:14,618 INFO     ___FILE_ONLY___  
2022-11-15 18:26:14,618 INFO     ___FILE_ONLY___ Clusters
2022-11-15 18:26:14,618 INFO     ___FILE_ONLY___ 

2022-11-15 18:26:14,618 INFO     ___FILE_ONLY___         ◆
2022-11-15 18:26:14,619 INFO     ___FILE_ONLY___  
2022-11-15 18:26:14,619 INFO     ___FILE_ONLY___ HCX
2022-11-15 18:26:14,619 INFO     ___FILE_ONLY___  
2022-11-15 18:26:14,619 INFO     ___FILE_ONLY___ activation
2022-11-15 18:26:14,619 INFO     ___FILE_ONLY___  
2022-11-15 18:26:14,619 INFO     ___FILE_ONLY___ keys
2022-11-15 18:26:14,619 INFO     ___FILE_ONLY___ 

2022-11-15 18:26:14,619 INFO     ___FILE_ONLY___         ◆
2022-11-15 18:26:14,620 INFO     ___FILE_ONLY___  
2022-11-15 18:26:14,620 INFO     ___FILE_ONLY___ NSX
2022-11-15 18:26:14,620 INFO     ___FILE_ONLY___  
2022-11-15 18:26:14,620 INFO     ___FILE_ONLY___ credentials
2022-11-15 18:26:14,620 INFO     ___FILE_ONLY___ 

2022-11-15 18:26:14,620 INFO     ___FILE_ONLY___         ◆
2022-11-15 18:26:14,620 INFO     ___FILE_ONLY___  
2022-11-15 18:26:14,621 INFO     ___FILE_ONLY___ VCenter
2022-11-15 18:26:14,621 INFO     ___FILE_ONLY___  
2022-11-15 18:26:14,621 INFO     ___FILE_ONLY___ credentials
2022-11-15 18:26:14,621 INFO     ___FILE_ONLY___ 

2022-11-15 18:26:14,621 INFO     ___FILE_ONLY___         ◆
2022-11-15 18:26:14,621 INFO     ___FILE_ONLY___  
2022-11-15 18:26:14,622 INFO     ___FILE_ONLY___ Subnets
2022-11-15 18:26:14,622 INFO     ___FILE_ONLY___ 

2022-11-15 18:26:14,622 INFO     ___FILE_ONLY___ 

2022-11-15 18:26:14,622 INFO     ___FILE_ONLY___    
2022-11-15 18:26:14,622 INFO     ___FILE_ONLY___  
2022-11-15 18:26:14,622 INFO     ___FILE_ONLY___ Subscribe
2022-11-15 18:26:14,623 INFO     ___FILE_ONLY___  
2022-11-15 18:26:14,623 INFO     ___FILE_ONLY___ to
2022-11-15 18:26:14,623 INFO     ___FILE_ONLY___  
2022-11-15 18:26:14,623 INFO     ___FILE_ONLY___ these
2022-11-15 18:26:14,623 INFO     ___FILE_ONLY___  
2022-11-15 18:26:14,624 INFO     ___FILE_ONLY___ release
2022-11-15 18:26:14,624 INFO     ___FILE_ONLY___  
2022-11-15 18:26:14,624 INFO     ___FILE_ONLY___ notes
2022-11-15 18:26:14,624 INFO     ___FILE_ONLY___  
2022-11-15 18:26:14,624 INFO     ___FILE_ONLY___ at
2022-11-15 18:26:14,624 INFO     ___FILE_ONLY___ 

2022-11-15 18:26:14,625 INFO     ___FILE_ONLY___     
2022-11-15 18:26:14,625 INFO     ___FILE_ONLY___ https://groups.google.com/forum/#!forum/google-cloud-sdk-announce
2022-11-15 18:26:14,625 INFO     ___FILE_ONLY___ 

2022-11-15 18:26:14,625 INFO     ___FILE_ONLY___     
2022-11-15 18:26:14,625 INFO     ___FILE_ONLY___ (https://groups.google.com/forum/#!forum/google-cloud-sdk-announce).
2022-11-15 18:26:14,625 INFO     ___FILE_ONLY___ 

2022-11-15 18:26:14,626 INFO     ___FILE_ONLY___ 
2022-11-15 18:26:14,626 INFO     ___FILE_ONLY___ 

2022-11-15 18:26:14,644 INFO     ___FILE_ONLY___ ╔════════════════════════════════════════════════════════════╗

2022-11-15 18:26:14,645 INFO     ___FILE_ONLY___ ╠═ Creating update staging area                             ═╣

2022-11-15 18:26:14,645 INFO     ___FILE_ONLY___ ╚
2022-11-15 18:26:14,646 INFO     ___FILE_ONLY___ ══════
2022-11-15 18:26:27,630 INFO     ___FILE_ONLY___ ══════
2022-11-15 18:26:27,630 INFO     ___FILE_ONLY___ ══════
2022-11-15 18:26:30,246 INFO     ___FILE_ONLY___ ═
2022-11-15 18:26:30,957 INFO     ___FILE_ONLY___ ═
2022-11-15 18:26:31,395 INFO     ___FILE_ONLY___ ═
2022-11-15 18:26:32,088 INFO     ___FILE_ONLY___ ═
2022-11-15 18:26:32,755 INFO     ___FILE_ONLY___ ═
2022-11-15 18:26:33,180 INFO     ___FILE_ONLY___ ═
2022-11-15 18:26:33,710 INFO     ___FILE_ONLY___ ═
2022-11-15 18:26:34,507 INFO     ___FILE_ONLY___ ═
2022-11-15 18:26:35,227 INFO     ___FILE_ONLY___ ═
2022-11-15 18:26:36,143 INFO     ___FILE_ONLY___ ═
2022-11-15 18:26:36,605 INFO     ___FILE_ONLY___ ═
2022-11-15 18:26:36,946 INFO     ___FILE_ONLY___ ═
2022-11-15 18:26:37,427 INFO     ___FILE_ONLY___ ═
2022-11-15 18:26:37,827 INFO     ___FILE_ONLY___ ═
2022-11-15 18:26:38,425 INFO     ___FILE_ONLY___ ═
2022-11-15 18:26:39,287 INFO     ___FILE_ONLY___ ═
2022-11-15 18:26:39,634 INFO     ___FILE_ONLY___ ═
2022-11-15 18:26:39,933 INFO     ___FILE_ONLY___ ═
2022-11-15 18:26:40,304 INFO     ___FILE_ONLY___ ═
2022-11-15 18:26:40,569 INFO     ___FILE_ONLY___ ═
2022-11-15 18:26:40,775 INFO     ___FILE_ONLY___ ═
2022-11-15 18:26:41,005 INFO     ___FILE_ONLY___ ═
2022-11-15 18:26:41,182 INFO     ___FILE_ONLY___ ═
2022-11-15 18:26:41,482 INFO     ___FILE_ONLY___ ═
2022-11-15 18:26:41,729 INFO     ___FILE_ONLY___ ═
2022-11-15 18:26:42,022 INFO     ___FILE_ONLY___ ═
2022-11-15 18:26:42,341 INFO     ___FILE_ONLY___ ═
2022-11-15 18:26:42,782 INFO     ___FILE_ONLY___ ═
2022-11-15 18:26:43,089 INFO     ___FILE_ONLY___ ═
2022-11-15 18:26:43,400 INFO     ___FILE_ONLY___ ═
2022-11-15 18:26:43,799 INFO     ___FILE_ONLY___ ═
2022-11-15 18:26:44,195 INFO     ___FILE_ONLY___ ═
2022-11-15 18:26:44,505 INFO     ___FILE_ONLY___ ═
2022-11-15 18:26:44,826 INFO     ___FILE_ONLY___ ═
2022-11-15 18:26:45,122 INFO     ___FILE_ONLY___ ═
2022-11-15 18:26:45,507 INFO     ___FILE_ONLY___ ═
2022-11-15 18:26:45,787 INFO     ___FILE_ONLY___ ═
2022-11-15 18:26:46,132 INFO     ___FILE_ONLY___ ═
2022-11-15 18:26:46,443 INFO     ___FILE_ONLY___ ═
2022-11-15 18:26:46,724 INFO     ___FILE_ONLY___ ═
2022-11-15 18:26:47,091 INFO     ___FILE_ONLY___ ═
2022-11-15 18:26:47,308 INFO     ___FILE_ONLY___ ═
2022-11-15 18:26:47,308 INFO     ___FILE_ONLY___ ╝

2022-11-15 18:26:59,781 INFO     ___FILE_ONLY___ ╔════════════════════════════════════════════════════════════╗

2022-11-15 18:26:59,782 INFO     ___FILE_ONLY___ ╠═ Uninstalling: BigQuery Command Line Tool                 ═╣

2022-11-15 18:26:59,782 INFO     ___FILE_ONLY___ ╚
2022-11-15 18:26:59,786 INFO     ___FILE_ONLY___ ═
2022-11-15 18:26:59,787 INFO     ___FILE_ONLY___ ═
2022-11-15 18:26:59,789 INFO     ___FILE_ONLY___ ═
2022-11-15 18:26:59,791 INFO     ___FILE_ONLY___ ═
2022-11-15 18:26:59,792 INFO     ___FILE_ONLY___ ═
2022-11-15 18:26:59,794 INFO     ___FILE_ONLY___ ═
2022-11-15 18:26:59,796 INFO     ___FILE_ONLY___ ═
2022-11-15 18:26:59,798 INFO     ___FILE_ONLY___ ═
2022-11-15 18:26:59,799 INFO     ___FILE_ONLY___ ═
2022-11-15 18:26:59,800 INFO     ___FILE_ONLY___ ═
2022-11-15 18:26:59,801 INFO     ___FILE_ONLY___ ═
2022-11-15 18:26:59,803 INFO     ___FILE_ONLY___ ═
2022-11-15 18:26:59,804 INFO     ___FILE_ONLY___ ═
2022-11-15 18:26:59,806 INFO     ___FILE_ONLY___ ═
2022-11-15 18:26:59,807 INFO     ___FILE_ONLY___ ═
2022-11-15 18:26:59,809 INFO     ___FILE_ONLY___ ═
2022-11-15 18:26:59,811 INFO     ___FILE_ONLY___ ═
2022-11-15 18:26:59,813 INFO     ___FILE_ONLY___ ═
2022-11-15 18:26:59,815 INFO     ___FILE_ONLY___ ═
2022-11-15 18:26:59,816 INFO     ___FILE_ONLY___ ═
2022-11-15 18:26:59,818 INFO     ___FILE_ONLY___ ═
2022-11-15 18:26:59,820 INFO     ___FILE_ONLY___ ═
2022-11-15 18:26:59,821 INFO     ___FILE_ONLY___ ═
2022-11-15 18:26:59,823 INFO     ___FILE_ONLY___ ═
2022-11-15 18:26:59,825 INFO     ___FILE_ONLY___ ═
2022-11-15 18:26:59,826 INFO     ___FILE_ONLY___ ═
2022-11-15 18:26:59,827 INFO     ___FILE_ONLY___ ═
2022-11-15 18:26:59,828 INFO     ___FILE_ONLY___ ═
2022-11-15 18:26:59,829 INFO     ___FILE_ONLY___ ═
2022-11-15 18:26:59,829 INFO     ___FILE_ONLY___ ═
2022-11-15 18:26:59,830 INFO     ___FILE_ONLY___ ═
2022-11-15 18:26:59,831 INFO     ___FILE_ONLY___ ═
2022-11-15 18:26:59,832 INFO     ___FILE_ONLY___ ═
2022-11-15 18:26:59,834 INFO     ___FILE_ONLY___ ═
2022-11-15 18:26:59,835 INFO     ___FILE_ONLY___ ═
2022-11-15 18:26:59,837 INFO     ___FILE_ONLY___ ═
2022-11-15 18:26:59,839 INFO     ___FILE_ONLY___ ═
2022-11-15 18:26:59,841 INFO     ___FILE_ONLY___ ═
2022-11-15 18:26:59,843 INFO     ___FILE_ONLY___ ═
2022-11-15 18:26:59,845 INFO     ___FILE_ONLY___ ═
2022-11-15 18:26:59,847 INFO     ___FILE_ONLY___ ═
2022-11-15 18:26:59,849 INFO     ___FILE_ONLY___ ═
2022-11-15 18:26:59,850 INFO     ___FILE_ONLY___ ═
2022-11-15 18:26:59,852 INFO     ___FILE_ONLY___ ═
2022-11-15 18:26:59,853 INFO     ___FILE_ONLY___ ═
2022-11-15 18:26:59,855 INFO     ___FILE_ONLY___ ═
2022-11-15 18:26:59,857 INFO     ___FILE_ONLY___ ═
2022-11-15 18:26:59,859 INFO     ___FILE_ONLY___ ═
2022-11-15 18:26:59,860 INFO     ___FILE_ONLY___ ═
2022-11-15 18:26:59,862 INFO     ___FILE_ONLY___ ═
2022-11-15 18:26:59,864 INFO     ___FILE_ONLY___ ═
2022-11-15 18:26:59,866 INFO     ___FILE_ONLY___ ═
2022-11-15 18:26:59,868 INFO     ___FILE_ONLY___ ═
2022-11-15 18:26:59,870 INFO     ___FILE_ONLY___ ═
2022-11-15 18:26:59,871 INFO     ___FILE_ONLY___ ═
2022-11-15 18:26:59,873 INFO     ___FILE_ONLY___ ═
2022-11-15 18:26:59,875 INFO     ___FILE_ONLY___ ═
2022-11-15 18:26:59,876 INFO     ___FILE_ONLY___ ═
2022-11-15 18:26:59,877 INFO     ___FILE_ONLY___ ═
2022-11-15 18:26:59,878 INFO     ___FILE_ONLY___ ═
2022-11-15 18:26:59,878 INFO     ___FILE_ONLY___ ╝

2022-11-15 18:26:59,988 INFO     ___FILE_ONLY___ ╔════════════════════════════════════════════════════════════╗

2022-11-15 18:26:59,989 INFO     ___FILE_ONLY___ ╠═ Uninstalling: Google Cloud CLI Core Libraries            ═╣

2022-11-15 18:26:59,989 INFO     ___FILE_ONLY___ ╚
2022-11-15 18:27:00,022 INFO     ___FILE_ONLY___ ═
2022-11-15 18:27:00,041 INFO     ___FILE_ONLY___ ═
2022-11-15 18:27:00,062 INFO     ___FILE_ONLY___ ═
2022-11-15 18:27:00,083 INFO     ___FILE_ONLY___ ═
2022-11-15 18:27:00,111 INFO     ___FILE_ONLY___ ═
2022-11-15 18:27:00,137 INFO     ___FILE_ONLY___ ═
2022-11-15 18:27:00,169 INFO     ___FILE_ONLY___ ═
2022-11-15 18:27:00,193 INFO     ___FILE_ONLY___ ═
2022-11-15 18:27:00,219 INFO     ___FILE_ONLY___ ═
2022-11-15 18:27:00,240 INFO     ___FILE_ONLY___ ═
2022-11-15 18:27:00,270 INFO     ___FILE_ONLY___ ═
2022-11-15 18:27:00,293 INFO     ___FILE_ONLY___ ═
2022-11-15 18:27:00,316 INFO     ___FILE_ONLY___ ═
2022-11-15 18:27:00,337 INFO     ___FILE_ONLY___ ═
2022-11-15 18:27:00,362 INFO     ___FILE_ONLY___ ═
2022-11-15 18:27:00,399 INFO     ___FILE_ONLY___ ═
2022-11-15 18:27:00,423 INFO     ___FILE_ONLY___ ═
2022-11-15 18:27:00,448 INFO     ___FILE_ONLY___ ═
2022-11-15 18:27:00,476 INFO     ___FILE_ONLY___ ═
2022-11-15 18:27:00,519 INFO     ___FILE_ONLY___ ═
2022-11-15 18:27:00,556 INFO     ___FILE_ONLY___ ═
2022-11-15 18:27:00,591 INFO     ___FILE_ONLY___ ═
2022-11-15 18:27:00,628 INFO     ___FILE_ONLY___ ═
2022-11-15 18:27:00,657 INFO     ___FILE_ONLY___ ═
2022-11-15 18:27:00,689 INFO     ___FILE_ONLY___ ═
2022-11-15 18:27:00,723 INFO     ___FILE_ONLY___ ═
2022-11-15 18:27:00,747 INFO     ___FILE_ONLY___ ═
2022-11-15 18:27:00,780 INFO     ___FILE_ONLY___ ═
2022-11-15 18:27:00,813 INFO     ___FILE_ONLY___ ═
2022-11-15 18:27:00,840 INFO     ___FILE_ONLY___ ═
2022-11-15 18:27:00,871 INFO     ___FILE_ONLY___ ═
2022-11-15 18:27:00,898 INFO     ___FILE_ONLY___ ═
2022-11-15 18:27:00,929 INFO     ___FILE_ONLY___ ═
2022-11-15 18:27:00,954 INFO     ___FILE_ONLY___ ═
2022-11-15 18:27:00,978 INFO     ___FILE_ONLY___ ═
2022-11-15 18:27:01,001 INFO     ___FILE_ONLY___ ═
2022-11-15 18:27:01,026 INFO     ___FILE_ONLY___ ═
2022-11-15 18:27:01,048 INFO     ___FILE_ONLY___ ═
2022-11-15 18:27:01,070 INFO     ___FILE_ONLY___ ═
2022-11-15 18:27:01,090 INFO     ___FILE_ONLY___ ═
2022-11-15 18:27:01,127 INFO     ___FILE_ONLY___ ═
2022-11-15 18:27:01,147 INFO     ___FILE_ONLY___ ═
2022-11-15 18:27:01,167 INFO     ___FILE_ONLY___ ═
2022-11-15 18:27:01,189 INFO     ___FILE_ONLY___ ═
2022-11-15 18:27:01,221 INFO     ___FILE_ONLY___ ═
2022-11-15 18:27:01,244 INFO     ___FILE_ONLY___ ═
2022-11-15 18:27:01,281 INFO     ___FILE_ONLY___ ═
2022-11-15 18:27:01,320 INFO     ___FILE_ONLY___ ═
2022-11-15 18:27:01,352 INFO     ___FILE_ONLY___ ═
2022-11-15 18:27:01,385 INFO     ___FILE_ONLY___ ═
2022-11-15 18:27:01,415 INFO     ___FILE_ONLY___ ═
2022-11-15 18:27:01,442 INFO     ___FILE_ONLY___ ═
2022-11-15 18:27:01,463 INFO     ___FILE_ONLY___ ═
2022-11-15 18:27:01,490 INFO     ___FILE_ONLY___ ═
2022-11-15 18:27:01,518 INFO     ___FILE_ONLY___ ═
2022-11-15 18:27:01,541 INFO     ___FILE_ONLY___ ═
2022-11-15 18:27:01,566 INFO     ___FILE_ONLY___ ═
2022-11-15 18:27:01,588 INFO     ___FILE_ONLY___ ═
2022-11-15 18:27:01,607 INFO     ___FILE_ONLY___ ═
2022-11-15 18:27:01,627 INFO     ___FILE_ONLY___ ═
2022-11-15 18:27:01,627 INFO     ___FILE_ONLY___ ╝

2022-11-15 18:27:03,569 INFO     ___FILE_ONLY___ ╔════════════════════════════════════════════════════════════╗

2022-11-15 18:27:03,570 INFO     ___FILE_ONLY___ ╠═ Uninstalling: gcloud Alpha Commands                      ═╣

2022-11-15 18:27:03,570 INFO     ___FILE_ONLY___ ╚
2022-11-15 18:27:03,571 INFO     ___FILE_ONLY___ ════════════════════════════════════════════════════════════
2022-11-15 18:27:03,571 INFO     ___FILE_ONLY___ ╝

2022-11-15 18:27:03,577 INFO     ___FILE_ONLY___ ╔════════════════════════════════════════════════════════════╗

2022-11-15 18:27:03,578 INFO     ___FILE_ONLY___ ╠═ Uninstalling: gcloud Beta Commands                       ═╣

2022-11-15 18:27:03,578 INFO     ___FILE_ONLY___ ╚
2022-11-15 18:27:03,579 INFO     ___FILE_ONLY___ ════════════════════════════════════════════════════════════
2022-11-15 18:27:03,580 INFO     ___FILE_ONLY___ ╝

2022-11-15 18:27:03,586 INFO     ___FILE_ONLY___ ╔════════════════════════════════════════════════════════════╗

2022-11-15 18:27:03,586 INFO     ___FILE_ONLY___ ╠═ Installing: BigQuery Command Line Tool                   ═╣

2022-11-15 18:27:03,587 INFO     ___FILE_ONLY___ ╚
2022-11-15 18:27:03,594 DEBUG    urllib3.connectionpool Starting new HTTPS connection (1): dl.google.com:443
2022-11-15 18:27:03,683 DEBUG    urllib3.connectionpool https://dl.google.com:443 "GET /dl/cloudsdk/channels/rapid/components/google-cloud-sdk-bq-20221111160842.tar.gz HTTP/1.1" 200 1690563
2022-11-15 18:27:03,810 INFO     ___FILE_ONLY___ ═
2022-11-15 18:27:03,811 INFO     ___FILE_ONLY___ ═
2022-11-15 18:27:03,811 INFO     ___FILE_ONLY___ ═
2022-11-15 18:27:03,811 INFO     ___FILE_ONLY___ ═
2022-11-15 18:27:03,811 INFO     ___FILE_ONLY___ ═
2022-11-15 18:27:03,811 INFO     ___FILE_ONLY___ ═
2022-11-15 18:27:03,811 INFO     ___FILE_ONLY___ ═
2022-11-15 18:27:03,812 INFO     ___FILE_ONLY___ ═
2022-11-15 18:27:03,812 INFO     ___FILE_ONLY___ ═
2022-11-15 18:27:03,812 INFO     ___FILE_ONLY___ ═
2022-11-15 18:27:03,812 INFO     ___FILE_ONLY___ ═
2022-11-15 18:27:03,812 INFO     ___FILE_ONLY___ ═
2022-11-15 18:27:03,813 INFO     ___FILE_ONLY___ ═
2022-11-15 18:27:03,813 INFO     ___FILE_ONLY___ ═
2022-11-15 18:27:03,813 INFO     ___FILE_ONLY___ ═
2022-11-15 18:27:03,813 INFO     ___FILE_ONLY___ ═
2022-11-15 18:27:03,814 INFO     ___FILE_ONLY___ ═
2022-11-15 18:27:03,814 INFO     ___FILE_ONLY___ ═
2022-11-15 18:27:03,814 INFO     ___FILE_ONLY___ ═
2022-11-15 18:27:03,814 INFO     ___FILE_ONLY___ ═
2022-11-15 18:27:03,815 INFO     ___FILE_ONLY___ ═
2022-11-15 18:27:03,815 INFO     ___FILE_ONLY___ ═
2022-11-15 18:27:03,815 INFO     ___FILE_ONLY___ ═
2022-11-15 18:27:03,815 INFO     ___FILE_ONLY___ ═
2022-11-15 18:27:03,816 INFO     ___FILE_ONLY___ ═
2022-11-15 18:27:03,816 INFO     ___FILE_ONLY___ ═
2022-11-15 18:27:03,816 INFO     ___FILE_ONLY___ ═
2022-11-15 18:27:03,816 INFO     ___FILE_ONLY___ ═
2022-11-15 18:27:03,816 INFO     ___FILE_ONLY___ ═
2022-11-15 18:27:03,816 INFO     ___FILE_ONLY___ ═
2022-11-15 18:27:03,948 INFO     ___FILE_ONLY___ ═
2022-11-15 18:27:03,954 INFO     ___FILE_ONLY___ ═
2022-11-15 18:27:03,959 INFO     ___FILE_ONLY___ ═
2022-11-15 18:27:03,967 INFO     ___FILE_ONLY___ ═
2022-11-15 18:27:03,971 INFO     ___FILE_ONLY___ ═
2022-11-15 18:27:03,976 INFO     ___FILE_ONLY___ ═
2022-11-15 18:27:03,980 INFO     ___FILE_ONLY___ ═
2022-11-15 18:27:03,985 INFO     ___FILE_ONLY___ ═
2022-11-15 18:27:03,989 INFO     ___FILE_ONLY___ ═
2022-11-15 18:27:03,993 INFO     ___FILE_ONLY___ ═
2022-11-15 18:27:03,999 INFO     ___FILE_ONLY___ ═
2022-11-15 18:27:04,004 INFO     ___FILE_ONLY___ ═
2022-11-15 18:27:04,014 INFO     ___FILE_ONLY___ ═
2022-11-15 18:27:04,025 INFO     ___FILE_ONLY___ ═
2022-11-15 18:27:04,031 INFO     ___FILE_ONLY___ ═
2022-11-15 18:27:04,037 INFO     ___FILE_ONLY___ ═
2022-11-15 18:27:04,041 INFO     ___FILE_ONLY___ ═
2022-11-15 18:27:04,056 INFO     ___FILE_ONLY___ ═
2022-11-15 18:27:04,080 INFO     ___FILE_ONLY___ ═
2022-11-15 18:27:04,092 INFO     ___FILE_ONLY___ ═
2022-11-15 18:27:04,103 INFO     ___FILE_ONLY___ ═
2022-11-15 18:27:04,110 INFO     ___FILE_ONLY___ ═
2022-11-15 18:27:04,118 INFO     ___FILE_ONLY___ ═
2022-11-15 18:27:04,126 INFO     ___FILE_ONLY___ ═
2022-11-15 18:27:04,133 INFO     ___FILE_ONLY___ ═
2022-11-15 18:27:04,139 INFO     ___FILE_ONLY___ ═
2022-11-15 18:27:04,144 INFO     ___FILE_ONLY___ ═
2022-11-15 18:27:04,151 INFO     ___FILE_ONLY___ ═
2022-11-15 18:27:04,159 INFO     ___FILE_ONLY___ ═
2022-11-15 18:27:04,166 INFO     ___FILE_ONLY___ ═
2022-11-15 18:27:04,166 INFO     ___FILE_ONLY___ ╝

2022-11-15 18:27:04,185 INFO     ___FILE_ONLY___ ╔════════════════════════════════════════════════════════════╗

2022-11-15 18:27:04,186 INFO     ___FILE_ONLY___ ╠═ Installing: Google Cloud CLI Core Libraries              ═╣

2022-11-15 18:27:04,186 INFO     ___FILE_ONLY___ ╚
2022-11-15 18:27:04,192 DEBUG    urllib3.connectionpool Starting new HTTPS connection (1): dl.google.com:443
2022-11-15 18:27:04,281 DEBUG    urllib3.connectionpool https://dl.google.com:443 "GET /dl/cloudsdk/channels/rapid/components/google-cloud-sdk-core-20221111160842.tar.gz HTTP/1.1" 200 26547696
2022-11-15 18:27:04,886 INFO     ___FILE_ONLY___ ═
2022-11-15 18:27:04,887 INFO     ___FILE_ONLY___ ═
2022-11-15 18:27:04,888 INFO     ___FILE_ONLY___ ═
2022-11-15 18:27:04,889 INFO     ___FILE_ONLY___ ═
2022-11-15 18:27:04,890 INFO     ___FILE_ONLY___ ═
2022-11-15 18:27:04,891 INFO     ___FILE_ONLY___ ═
2022-11-15 18:27:04,892 INFO     ___FILE_ONLY___ ═
2022-11-15 18:27:04,893 INFO     ___FILE_ONLY___ ═
2022-11-15 18:27:04,895 INFO     ___FILE_ONLY___ ═
2022-11-15 18:27:04,905 INFO     ___FILE_ONLY___ ═
2022-11-15 18:27:04,907 INFO     ___FILE_ONLY___ ═
2022-11-15 18:27:04,909 INFO     ___FILE_ONLY___ ═
2022-11-15 18:27:04,910 INFO     ___FILE_ONLY___ ═
2022-11-15 18:27:04,912 INFO     ___FILE_ONLY___ ═
2022-11-15 18:27:04,914 INFO     ___FILE_ONLY___ ═
2022-11-15 18:27:04,915 INFO     ___FILE_ONLY___ ═
2022-11-15 18:27:04,917 INFO     ___FILE_ONLY___ ═
2022-11-15 18:27:04,919 INFO     ___FILE_ONLY___ ═
2022-11-15 18:27:04,923 INFO     ___FILE_ONLY___ ═
2022-11-15 18:27:04,925 INFO     ___FILE_ONLY___ ═
2022-11-15 18:27:04,926 INFO     ___FILE_ONLY___ ═
2022-11-15 18:27:04,927 INFO     ___FILE_ONLY___ ═
2022-11-15 18:27:04,928 INFO     ___FILE_ONLY___ ═
2022-11-15 18:27:04,929 INFO     ___FILE_ONLY___ ═
2022-11-15 18:27:04,930 INFO     ___FILE_ONLY___ ═
2022-11-15 18:27:04,931 INFO     ___FILE_ONLY___ ═
2022-11-15 18:27:04,932 INFO     ___FILE_ONLY___ ═
2022-11-15 18:27:04,933 INFO     ___FILE_ONLY___ ═
2022-11-15 18:27:04,936 INFO     ___FILE_ONLY___ ═
2022-11-15 18:27:04,937 INFO     ___FILE_ONLY___ ═
2022-11-15 18:27:07,481 INFO     ___FILE_ONLY___ ═
2022-11-15 18:27:07,591 INFO     ___FILE_ONLY___ ═
2022-11-15 18:27:07,727 INFO     ___FILE_ONLY___ ═
2022-11-15 18:27:07,824 INFO     ___FILE_ONLY___ ═
2022-11-15 18:27:07,950 INFO     ___FILE_ONLY___ ═
2022-11-15 18:27:08,046 INFO     ___FILE_ONLY___ ═
2022-11-15 18:27:08,137 INFO     ___FILE_ONLY___ ═
2022-11-15 18:27:08,295 INFO     ___FILE_ONLY___ ═
2022-11-15 18:27:08,526 INFO     ___FILE_ONLY___ ═
2022-11-15 18:27:08,845 INFO     ___FILE_ONLY___ ═
2022-11-15 18:27:09,025 INFO     ___FILE_ONLY___ ═
2022-11-15 18:27:09,182 INFO     ___FILE_ONLY___ ═
2022-11-15 18:27:09,324 INFO     ___FILE_ONLY___ ═
2022-11-15 18:27:09,406 INFO     ___FILE_ONLY___ ═
2022-11-15 18:27:09,492 INFO     ___FILE_ONLY___ ═
2022-11-15 18:27:09,586 INFO     ___FILE_ONLY___ ═
2022-11-15 18:27:09,677 INFO     ___FILE_ONLY___ ═
2022-11-15 18:27:09,768 INFO     ___FILE_ONLY___ ═
2022-11-15 18:27:09,859 INFO     ___FILE_ONLY___ ═
2022-11-15 18:27:10,067 INFO     ___FILE_ONLY___ ═
2022-11-15 18:27:10,162 INFO     ___FILE_ONLY___ ═
2022-11-15 18:27:10,248 INFO     ___FILE_ONLY___ ═
2022-11-15 18:27:10,341 INFO     ___FILE_ONLY___ ═
2022-11-15 18:27:10,427 INFO     ___FILE_ONLY___ ═
2022-11-15 18:27:10,509 INFO     ___FILE_ONLY___ ═
2022-11-15 18:27:10,589 INFO     ___FILE_ONLY___ ═
2022-11-15 18:27:10,670 INFO     ___FILE_ONLY___ ═
2022-11-15 18:27:10,754 INFO     ___FILE_ONLY___ ═
2022-11-15 18:27:10,850 INFO     ___FILE_ONLY___ ═
2022-11-15 18:27:11,115 INFO     ___FILE_ONLY___ ═
2022-11-15 18:27:11,115 INFO     ___FILE_ONLY___ ╝

2022-11-15 18:27:11,222 INFO     ___FILE_ONLY___ ╔════════════════════════════════════════════════════════════╗

2022-11-15 18:27:11,223 INFO     ___FILE_ONLY___ ╠═ Installing: gcloud Alpha Commands                        ═╣

2022-11-15 18:27:11,223 INFO     ___FILE_ONLY___ ╚
2022-11-15 18:27:11,227 DEBUG    urllib3.connectionpool Starting new HTTPS connection (1): dl.google.com:443
2022-11-15 18:27:11,324 DEBUG    urllib3.connectionpool https://dl.google.com:443 "GET /dl/cloudsdk/channels/rapid/components/google-cloud-sdk-alpha-20221111160842.tar.gz HTTP/1.1" 200 800
2022-11-15 18:27:11,325 INFO     ___FILE_ONLY___ ══════════════════════════════
2022-11-15 18:27:11,326 INFO     ___FILE_ONLY___ ══════════════════════════════
2022-11-15 18:27:11,327 INFO     ___FILE_ONLY___ ╝

2022-11-15 18:27:11,338 INFO     ___FILE_ONLY___ ╔════════════════════════════════════════════════════════════╗

2022-11-15 18:27:11,339 INFO     ___FILE_ONLY___ ╠═ Installing: gcloud Beta Commands                         ═╣

2022-11-15 18:27:11,339 INFO     ___FILE_ONLY___ ╚
2022-11-15 18:27:11,344 DEBUG    urllib3.connectionpool Starting new HTTPS connection (1): dl.google.com:443
2022-11-15 18:27:11,429 DEBUG    urllib3.connectionpool https://dl.google.com:443 "GET /dl/cloudsdk/channels/rapid/components/google-cloud-sdk-beta-20221111160842.tar.gz HTTP/1.1" 200 797
2022-11-15 18:27:11,431 INFO     ___FILE_ONLY___ ══════════════════════════════
2022-11-15 18:27:11,432 INFO     ___FILE_ONLY___ ══════════════════════════════
2022-11-15 18:27:11,432 INFO     ___FILE_ONLY___ ╝

2022-11-15 18:27:11,445 INFO     ___FILE_ONLY___ ╔════════════════════════════════════════════════════════════╗

2022-11-15 18:27:11,446 INFO     ___FILE_ONLY___ ╠═ Creating backup and activating new installation          ═╣

2022-11-15 18:27:11,446 INFO     ___FILE_ONLY___ ╚
2022-11-15 18:27:11,447 DEBUG    root            Attempting to move directory [/Users/satyampatel/Library/Application Support/cloud-code/installer/google-cloud-sdk] to [/Users/satyampatel/Library/Application Support/cloud-code/installer/google-cloud-sdk.staging/.install/.backup]
2022-11-15 18:27:11,449 INFO     ___FILE_ONLY___ ══════════════════════════════
2022-11-15 18:27:11,449 DEBUG    root            Attempting to move directory [/Users/satyampatel/Library/Application Support/cloud-code/installer/google-cloud-sdk.staging] to [/Users/satyampatel/Library/Application Support/cloud-code/installer/google-cloud-sdk]
2022-11-15 18:27:11,449 INFO     ___FILE_ONLY___ ══════════════════════════════
2022-11-15 18:27:11,449 INFO     ___FILE_ONLY___ ╝

2022-11-15 18:27:11,471 DEBUG    root            Updating notification cache...
2022-11-15 18:27:11,472 INFO     ___FILE_ONLY___ 

2022-11-15 18:27:11,478 INFO     ___FILE_ONLY___ Performing post processing steps...
2022-11-15 18:27:11,480 DEBUG    root            Executing command: ['/usr/local/bin/python3', '-S', '/Users/satyampatel/Library/Application Support/cloud-code/installer/google-cloud-sdk/lib/gcloud.py', 'components', 'post-process']
2022-11-15 18:27:42,162 DEBUG    ___FILE_ONLY___ 
2022-11-15 18:27:42,170 DEBUG    ___FILE_ONLY___ 
2022-11-15 18:27:42,434 INFO     ___FILE_ONLY___ 
Update done!


2022-11-15 18:27:42,435 INFO     ___FILE_ONLY___ To revert your CLI to the previously installed version, you may run:
  $ gcloud components update --version 409.0.0


2022-11-15 18:27:42,455 WARNING  root              There are other instances of Google Cloud tools on your system PATH.
  Please remove the following to avoid confusion or accidental invocation:

  /Applications/Docker.app/Contents/Resources/bin/kubectl

  
2022-11-15 18:27:42,468 INFO     root            Display format: "none"
