2022-11-15 19:56:54,921 DEBUG    root            Loaded Command Group: ['gcloud', 'components']
2022-11-15 19:56:54,924 DEBUG    root            Loaded Command Group: ['gcloud', 'components', 'install']
2022-11-15 19:56:54,926 DEBUG    root            Running [gcloud.components.install] with arguments: [--quiet: "True", COMPONENT-IDS:7: "['alpha', 'beta', 'gke-gcloud-auth-plugin', 'kubectl', 'skaffold', 'minikube', 'gsutil']"]
2022-11-15 19:56:54,945 DEBUG    urllib3.connectionpool Starting new HTTPS connection (1): dl.google.com:443
2022-11-15 19:56:55,030 DEBUG    urllib3.connectionpool https://dl.google.com:443 "GET /dl/cloudsdk/channels/rapid/components-v410.0.0.json HTTP/1.1" 200 203447
2022-11-15 19:56:55,107 INFO     ___FILE_ONLY___ 

2022-11-15 19:56:55,108 INFO     ___FILE_ONLY___ 
Your current Google Cloud CLI version is: 410.0.0

2022-11-15 19:56:55,108 INFO     ___FILE_ONLY___ Installing components from version: 410.0.0

2022-11-15 19:56:55,108 INFO     ___FILE_ONLY___ 

2022-11-15 19:56:55,113 INFO     ___FILE_ONLY___ ┌────────────────────────────────────────────────┐
2022-11-15 19:56:55,113 INFO     ___FILE_ONLY___ 

2022-11-15 19:56:55,113 INFO     ___FILE_ONLY___ │      These components will be installed.       │
2022-11-15 19:56:55,113 INFO     ___FILE_ONLY___ 

2022-11-15 19:56:55,113 INFO     ___FILE_ONLY___ ├────────────────────────┬────────────┬──────────┤
2022-11-15 19:56:55,113 INFO     ___FILE_ONLY___ 

2022-11-15 19:56:55,114 INFO     ___FILE_ONLY___ │          Name          │  Version   │   Size   │
2022-11-15 19:56:55,114 INFO     ___FILE_ONLY___ 

2022-11-15 19:56:55,114 INFO     ___FILE_ONLY___ ├────────────────────────┼────────────┼──────────┤
2022-11-15 19:56:55,114 INFO     ___FILE_ONLY___ 

2022-11-15 19:56:55,114 INFO     ___FILE_ONLY___ │ 
2022-11-15 19:56:55,114 INFO     ___FILE_ONLY___ Minikube              
2022-11-15 19:56:55,114 INFO     ___FILE_ONLY___  
2022-11-15 19:56:55,114 INFO     ___FILE_ONLY___ │ 
2022-11-15 19:56:55,114 INFO     ___FILE_ONLY___     1.28.0
2022-11-15 19:56:55,114 INFO     ___FILE_ONLY___  
2022-11-15 19:56:55,114 INFO     ___FILE_ONLY___ │ 
2022-11-15 19:56:55,114 INFO     ___FILE_ONLY___ 31.0 MiB
2022-11-15 19:56:55,114 INFO     ___FILE_ONLY___  
2022-11-15 19:56:55,114 INFO     ___FILE_ONLY___ │
2022-11-15 19:56:55,114 INFO     ___FILE_ONLY___ 

2022-11-15 19:56:55,115 INFO     ___FILE_ONLY___ │ 
2022-11-15 19:56:55,115 INFO     ___FILE_ONLY___ Skaffold              
2022-11-15 19:56:55,115 INFO     ___FILE_ONLY___  
2022-11-15 19:56:55,115 INFO     ___FILE_ONLY___ │ 
2022-11-15 19:56:55,115 INFO     ___FILE_ONLY___     1.39.3
2022-11-15 19:56:55,115 INFO     ___FILE_ONLY___  
2022-11-15 19:56:55,115 INFO     ___FILE_ONLY___ │ 
2022-11-15 19:56:55,115 INFO     ___FILE_ONLY___ 21.3 MiB
2022-11-15 19:56:55,115 INFO     ___FILE_ONLY___  
2022-11-15 19:56:55,115 INFO     ___FILE_ONLY___ │
2022-11-15 19:56:55,115 INFO     ___FILE_ONLY___ 

2022-11-15 19:56:55,115 INFO     ___FILE_ONLY___ │ 
2022-11-15 19:56:55,115 INFO     ___FILE_ONLY___ gcloud Alpha Commands 
2022-11-15 19:56:55,115 INFO     ___FILE_ONLY___  
2022-11-15 19:56:55,115 INFO     ___FILE_ONLY___ │ 
2022-11-15 19:56:55,115 INFO     ___FILE_ONLY___ 2022.11.11
2022-11-15 19:56:55,115 INFO     ___FILE_ONLY___  
2022-11-15 19:56:55,116 INFO     ___FILE_ONLY___ │ 
2022-11-15 19:56:55,116 INFO     ___FILE_ONLY___  < 1 MiB
2022-11-15 19:56:55,116 INFO     ___FILE_ONLY___  
2022-11-15 19:56:55,116 INFO     ___FILE_ONLY___ │
2022-11-15 19:56:55,116 INFO     ___FILE_ONLY___ 

2022-11-15 19:56:55,116 INFO     ___FILE_ONLY___ │ 
2022-11-15 19:56:55,116 INFO     ___FILE_ONLY___ gcloud Beta Commands  
2022-11-15 19:56:55,116 INFO     ___FILE_ONLY___  
2022-11-15 19:56:55,116 INFO     ___FILE_ONLY___ │ 
2022-11-15 19:56:55,116 INFO     ___FILE_ONLY___ 2022.11.11
2022-11-15 19:56:55,116 INFO     ___FILE_ONLY___  
2022-11-15 19:56:55,116 INFO     ___FILE_ONLY___ │ 
2022-11-15 19:56:55,116 INFO     ___FILE_ONLY___  < 1 MiB
2022-11-15 19:56:55,116 INFO     ___FILE_ONLY___  
2022-11-15 19:56:55,116 INFO     ___FILE_ONLY___ │
2022-11-15 19:56:55,116 INFO     ___FILE_ONLY___ 

2022-11-15 19:56:55,117 INFO     ___FILE_ONLY___ │ 
2022-11-15 19:56:55,117 INFO     ___FILE_ONLY___ gke-gcloud-auth-plugin
2022-11-15 19:56:55,117 INFO     ___FILE_ONLY___  
2022-11-15 19:56:55,117 INFO     ___FILE_ONLY___ │ 
2022-11-15 19:56:55,117 INFO     ___FILE_ONLY___      0.4.0
2022-11-15 19:56:55,117 INFO     ___FILE_ONLY___  
2022-11-15 19:56:55,117 INFO     ___FILE_ONLY___ │ 
2022-11-15 19:56:55,117 INFO     ___FILE_ONLY___  7.5 MiB
2022-11-15 19:56:55,117 INFO     ___FILE_ONLY___  
2022-11-15 19:56:55,117 INFO     ___FILE_ONLY___ │
2022-11-15 19:56:55,117 INFO     ___FILE_ONLY___ 

2022-11-15 19:56:55,117 INFO     ___FILE_ONLY___ │ 
2022-11-15 19:56:55,117 INFO     ___FILE_ONLY___ kubectl               
2022-11-15 19:56:55,117 INFO     ___FILE_ONLY___  
2022-11-15 19:56:55,117 INFO     ___FILE_ONLY___ │ 
2022-11-15 19:56:55,118 INFO     ___FILE_ONLY___    1.22.14
2022-11-15 19:56:55,118 INFO     ___FILE_ONLY___  
2022-11-15 19:56:55,118 INFO     ___FILE_ONLY___ │ 
2022-11-15 19:56:55,118 INFO     ___FILE_ONLY___  < 1 MiB
2022-11-15 19:56:55,118 INFO     ___FILE_ONLY___  
2022-11-15 19:56:55,118 INFO     ___FILE_ONLY___ │
2022-11-15 19:56:55,118 INFO     ___FILE_ONLY___ 

2022-11-15 19:56:55,118 INFO     ___FILE_ONLY___ │ 
2022-11-15 19:56:55,118 INFO     ___FILE_ONLY___ kubectl               
2022-11-15 19:56:55,118 INFO     ___FILE_ONLY___  
2022-11-15 19:56:55,118 INFO     ___FILE_ONLY___ │ 
2022-11-15 19:56:55,118 INFO     ___FILE_ONLY___    1.22.14
2022-11-15 19:56:55,118 INFO     ___FILE_ONLY___  
2022-11-15 19:56:55,118 INFO     ___FILE_ONLY___ │ 
2022-11-15 19:56:55,118 INFO     ___FILE_ONLY___ 93.1 MiB
2022-11-15 19:56:55,118 INFO     ___FILE_ONLY___  
2022-11-15 19:56:55,118 INFO     ___FILE_ONLY___ │
2022-11-15 19:56:55,119 INFO     ___FILE_ONLY___ 

2022-11-15 19:56:55,119 INFO     ___FILE_ONLY___ └────────────────────────┴────────────┴──────────┘
2022-11-15 19:56:55,119 INFO     ___FILE_ONLY___ 

2022-11-15 19:56:55,119 INFO     ___FILE_ONLY___ 

2022-11-15 19:56:55,121 DEBUG    urllib3.connectionpool Starting new HTTPS connection (1): dl.google.com:443
2022-11-15 19:56:55,210 DEBUG    urllib3.connectionpool https://dl.google.com:443 "GET /dl/cloudsdk/channels/rapid/RELEASE_NOTES HTTP/1.1" 200 900823
2022-11-15 19:56:55,338 INFO     ___FILE_ONLY___ For the latest full release notes, please visit:
  https://cloud.google.com/sdk/release_notes


2022-11-15 19:56:55,343 INFO     ___FILE_ONLY___ ╔════════════════════════════════════════════════════════════╗

2022-11-15 19:56:55,344 INFO     ___FILE_ONLY___ ╠═ Creating update staging area                             ═╣

2022-11-15 19:56:55,344 INFO     ___FILE_ONLY___ ╚
2022-11-15 19:56:55,345 INFO     ___FILE_ONLY___ ══════
2022-11-15 19:57:00,274 INFO     ___FILE_ONLY___ ══════
2022-11-15 19:57:00,274 INFO     ___FILE_ONLY___ ══════
2022-11-15 19:57:01,082 INFO     ___FILE_ONLY___ ═
2022-11-15 19:57:01,499 INFO     ___FILE_ONLY___ ═
2022-11-15 19:57:01,844 INFO     ___FILE_ONLY___ ═
2022-11-15 19:57:02,482 INFO     ___FILE_ONLY___ ═
2022-11-15 19:57:02,787 INFO     ___FILE_ONLY___ ═
2022-11-15 19:57:03,137 INFO     ___FILE_ONLY___ ═
2022-11-15 19:57:03,773 INFO     ___FILE_ONLY___ ═
2022-11-15 19:57:04,077 INFO     ___FILE_ONLY___ ═
2022-11-15 19:57:04,541 INFO     ___FILE_ONLY___ ═
2022-11-15 19:57:05,034 INFO     ___FILE_ONLY___ ═
2022-11-15 19:57:05,262 INFO     ___FILE_ONLY___ ═
2022-11-15 19:57:05,822 INFO     ___FILE_ONLY___ ═
2022-11-15 19:57:06,185 INFO     ___FILE_ONLY___ ═
2022-11-15 19:57:06,790 INFO     ___FILE_ONLY___ ═
2022-11-15 19:57:07,508 INFO     ___FILE_ONLY___ ═
2022-11-15 19:57:07,736 INFO     ___FILE_ONLY___ ═
2022-11-15 19:57:07,961 INFO     ___FILE_ONLY___ ═
2022-11-15 19:57:08,156 INFO     ___FILE_ONLY___ ═
2022-11-15 19:57:08,267 INFO     ___FILE_ONLY___ ═
2022-11-15 19:57:08,365 INFO     ___FILE_ONLY___ ═
2022-11-15 19:57:08,488 INFO     ___FILE_ONLY___ ═
2022-11-15 19:57:08,640 INFO     ___FILE_ONLY___ ═
2022-11-15 19:57:08,838 INFO     ___FILE_ONLY___ ═
2022-11-15 19:57:09,090 INFO     ___FILE_ONLY___ ═
2022-11-15 19:57:09,404 INFO     ___FILE_ONLY___ ═
2022-11-15 19:57:09,694 INFO     ___FILE_ONLY___ ═
2022-11-15 19:57:09,902 INFO     ___FILE_ONLY___ ═
2022-11-15 19:57:10,175 INFO     ___FILE_ONLY___ ═
2022-11-15 19:57:10,535 INFO     ___FILE_ONLY___ ═
2022-11-15 19:57:11,060 INFO     ___FILE_ONLY___ ═
2022-11-15 19:57:11,339 INFO     ___FILE_ONLY___ ═
2022-11-15 19:57:11,608 INFO     ___FILE_ONLY___ ═
2022-11-15 19:57:11,827 INFO     ___FILE_ONLY___ ═
2022-11-15 19:57:12,025 INFO     ___FILE_ONLY___ ═
2022-11-15 19:57:12,138 INFO     ___FILE_ONLY___ ═
2022-11-15 19:57:12,363 INFO     ___FILE_ONLY___ ═
2022-11-15 19:57:12,564 INFO     ___FILE_ONLY___ ═
2022-11-15 19:57:12,748 INFO     ___FILE_ONLY___ ═
2022-11-15 19:57:12,946 INFO     ___FILE_ONLY___ ═
2022-11-15 19:57:13,149 INFO     ___FILE_ONLY___ ═
2022-11-15 19:57:13,315 INFO     ___FILE_ONLY___ ═
2022-11-15 19:57:13,505 INFO     ___FILE_ONLY___ ═
2022-11-15 19:57:13,505 INFO     ___FILE_ONLY___ ╝

2022-11-15 19:57:19,435 INFO     ___FILE_ONLY___ ╔════════════════════════════════════════════════════════════╗

2022-11-15 19:57:19,436 INFO     ___FILE_ONLY___ ╠═ Installing: Minikube                                     ═╣

2022-11-15 19:57:19,437 INFO     ___FILE_ONLY___ ╚
2022-11-15 19:57:19,443 INFO     ___FILE_ONLY___ ════════════════════════════════════════════════════════════
2022-11-15 19:57:19,443 INFO     ___FILE_ONLY___ ╝

2022-11-15 19:57:19,449 INFO     ___FILE_ONLY___ ╔════════════════════════════════════════════════════════════╗

2022-11-15 19:57:19,450 INFO     ___FILE_ONLY___ ╠═ Installing: Minikube                                     ═╣

2022-11-15 19:57:19,450 INFO     ___FILE_ONLY___ ╚
2022-11-15 19:57:19,456 DEBUG    urllib3.connectionpool Starting new HTTPS connection (1): dl.google.com:443
2022-11-15 19:57:19,552 DEBUG    urllib3.connectionpool https://dl.google.com:443 "GET /dl/cloudsdk/channels/rapid/components/google-cloud-sdk-minikube-darwin-x86_64-20221104233933.tar.gz HTTP/1.1" 200 32458072
2022-11-15 19:57:20,436 INFO     ___FILE_ONLY___ ═
2022-11-15 19:57:20,438 INFO     ___FILE_ONLY___ ═
2022-11-15 19:57:20,441 INFO     ___FILE_ONLY___ ═
2022-11-15 19:57:20,442 INFO     ___FILE_ONLY___ ═
2022-11-15 19:57:20,444 INFO     ___FILE_ONLY___ ═
2022-11-15 19:57:20,446 INFO     ___FILE_ONLY___ ═
2022-11-15 19:57:20,447 INFO     ___FILE_ONLY___ ═
2022-11-15 19:57:20,456 INFO     ___FILE_ONLY___ ═
2022-11-15 19:57:20,458 INFO     ___FILE_ONLY___ ═
2022-11-15 19:57:20,462 INFO     ___FILE_ONLY___ ═
2022-11-15 19:57:20,463 INFO     ___FILE_ONLY___ ═
2022-11-15 19:57:20,465 INFO     ___FILE_ONLY___ ═
2022-11-15 19:57:20,467 INFO     ___FILE_ONLY___ ═
2022-11-15 19:57:20,468 INFO     ___FILE_ONLY___ ═
2022-11-15 19:57:20,471 INFO     ___FILE_ONLY___ ═
2022-11-15 19:57:20,494 INFO     ___FILE_ONLY___ ═
2022-11-15 19:57:20,496 INFO     ___FILE_ONLY___ ═
2022-11-15 19:57:20,509 INFO     ___FILE_ONLY___ ═
2022-11-15 19:57:20,512 INFO     ___FILE_ONLY___ ═
2022-11-15 19:57:20,515 INFO     ___FILE_ONLY___ ═
2022-11-15 19:57:20,516 INFO     ___FILE_ONLY___ ═
2022-11-15 19:57:20,518 INFO     ___FILE_ONLY___ ═
2022-11-15 19:57:20,519 INFO     ___FILE_ONLY___ ═
2022-11-15 19:57:20,530 INFO     ___FILE_ONLY___ ═
2022-11-15 19:57:20,533 INFO     ___FILE_ONLY___ ═
2022-11-15 19:57:20,534 INFO     ___FILE_ONLY___ ═
2022-11-15 19:57:20,536 INFO     ___FILE_ONLY___ ═
2022-11-15 19:57:20,538 INFO     ___FILE_ONLY___ ═
2022-11-15 19:57:20,540 INFO     ___FILE_ONLY___ ═
2022-11-15 19:57:20,543 INFO     ___FILE_ONLY___ ═
2022-11-15 19:57:21,420 INFO     ___FILE_ONLY___ ══════════════════════════════
2022-11-15 19:57:21,420 INFO     ___FILE_ONLY___ ╝

2022-11-15 19:57:21,437 INFO     ___FILE_ONLY___ ╔════════════════════════════════════════════════════════════╗

2022-11-15 19:57:21,438 INFO     ___FILE_ONLY___ ╠═ Installing: Skaffold                                     ═╣

2022-11-15 19:57:21,438 INFO     ___FILE_ONLY___ ╚
2022-11-15 19:57:21,443 DEBUG    urllib3.connectionpool Starting new HTTPS connection (1): dl.google.com:443
2022-11-15 19:57:21,697 DEBUG    urllib3.connectionpool https://dl.google.com:443 "GET /dl/cloudsdk/channels/rapid/components/google-cloud-sdk-skaffold-darwin-x86_64-20221017194419.tar.gz HTTP/1.1" 200 22301645
2022-11-15 19:57:22,377 INFO     ___FILE_ONLY___ ═
2022-11-15 19:57:22,378 INFO     ___FILE_ONLY___ ═
2022-11-15 19:57:22,378 INFO     ___FILE_ONLY___ ═
2022-11-15 19:57:22,379 INFO     ___FILE_ONLY___ ═
2022-11-15 19:57:22,380 INFO     ___FILE_ONLY___ ═
2022-11-15 19:57:22,381 INFO     ___FILE_ONLY___ ═
2022-11-15 19:57:22,382 INFO     ___FILE_ONLY___ ═
2022-11-15 19:57:22,383 INFO     ___FILE_ONLY___ ═
2022-11-15 19:57:22,384 INFO     ___FILE_ONLY___ ═
2022-11-15 19:57:22,385 INFO     ___FILE_ONLY___ ═
2022-11-15 19:57:22,386 INFO     ___FILE_ONLY___ ═
2022-11-15 19:57:22,389 INFO     ___FILE_ONLY___ ═
2022-11-15 19:57:22,390 INFO     ___FILE_ONLY___ ═
2022-11-15 19:57:22,391 INFO     ___FILE_ONLY___ ═
2022-11-15 19:57:22,391 INFO     ___FILE_ONLY___ ═
2022-11-15 19:57:22,392 INFO     ___FILE_ONLY___ ═
2022-11-15 19:57:22,393 INFO     ___FILE_ONLY___ ═
2022-11-15 19:57:22,394 INFO     ___FILE_ONLY___ ═
2022-11-15 19:57:22,395 INFO     ___FILE_ONLY___ ═
2022-11-15 19:57:22,396 INFO     ___FILE_ONLY___ ═
2022-11-15 19:57:22,397 INFO     ___FILE_ONLY___ ═
2022-11-15 19:57:22,398 INFO     ___FILE_ONLY___ ═
2022-11-15 19:57:22,401 INFO     ___FILE_ONLY___ ═
2022-11-15 19:57:22,402 INFO     ___FILE_ONLY___ ═
2022-11-15 19:57:22,403 INFO     ___FILE_ONLY___ ═
2022-11-15 19:57:22,404 INFO     ___FILE_ONLY___ ═
2022-11-15 19:57:22,405 INFO     ___FILE_ONLY___ ═
2022-11-15 19:57:22,406 INFO     ___FILE_ONLY___ ═
2022-11-15 19:57:22,407 INFO     ___FILE_ONLY___ ═
2022-11-15 19:57:22,409 INFO     ___FILE_ONLY___ ═
2022-11-15 19:57:23,250 INFO     ___FILE_ONLY___ ══════════════════════════════
2022-11-15 19:57:23,253 INFO     ___FILE_ONLY___ ╝

2022-11-15 19:57:23,271 INFO     ___FILE_ONLY___ ╔════════════════════════════════════════════════════════════╗

2022-11-15 19:57:23,273 INFO     ___FILE_ONLY___ ╠═ Installing: Skaffold                                     ═╣

2022-11-15 19:57:23,273 INFO     ___FILE_ONLY___ ╚
2022-11-15 19:57:23,276 INFO     ___FILE_ONLY___ ════════════════════════════════════════════════════════════
2022-11-15 19:57:23,276 INFO     ___FILE_ONLY___ ╝

2022-11-15 19:57:23,281 INFO     ___FILE_ONLY___ ╔════════════════════════════════════════════════════════════╗

2022-11-15 19:57:23,282 INFO     ___FILE_ONLY___ ╠═ Installing: gcloud Alpha Commands                        ═╣

2022-11-15 19:57:23,282 INFO     ___FILE_ONLY___ ╚
2022-11-15 19:57:23,287 DEBUG    urllib3.connectionpool Starting new HTTPS connection (1): dl.google.com:443
2022-11-15 19:57:23,376 DEBUG    urllib3.connectionpool https://dl.google.com:443 "GET /dl/cloudsdk/channels/rapid/components/google-cloud-sdk-alpha-20221111160842.tar.gz HTTP/1.1" 200 800
2022-11-15 19:57:23,394 INFO     ___FILE_ONLY___ ══════════════════════════════
2022-11-15 19:57:23,396 INFO     ___FILE_ONLY___ ══════════════════════════════
2022-11-15 19:57:23,396 INFO     ___FILE_ONLY___ ╝

2022-11-15 19:57:23,411 INFO     ___FILE_ONLY___ ╔════════════════════════════════════════════════════════════╗

2022-11-15 19:57:23,412 INFO     ___FILE_ONLY___ ╠═ Installing: gcloud Beta Commands                         ═╣

2022-11-15 19:57:23,413 INFO     ___FILE_ONLY___ ╚
2022-11-15 19:57:23,417 DEBUG    urllib3.connectionpool Starting new HTTPS connection (1): dl.google.com:443
2022-11-15 19:57:23,508 DEBUG    urllib3.connectionpool https://dl.google.com:443 "GET /dl/cloudsdk/channels/rapid/components/google-cloud-sdk-beta-20221111160842.tar.gz HTTP/1.1" 200 797
2022-11-15 19:57:23,509 INFO     ___FILE_ONLY___ ══════════════════════════════
2022-11-15 19:57:23,519 INFO     ___FILE_ONLY___ ══════════════════════════════
2022-11-15 19:57:23,519 INFO     ___FILE_ONLY___ ╝

2022-11-15 19:57:23,540 INFO     ___FILE_ONLY___ ╔════════════════════════════════════════════════════════════╗

2022-11-15 19:57:23,541 INFO     ___FILE_ONLY___ ╠═ Installing: gke-gcloud-auth-plugin                       ═╣

2022-11-15 19:57:23,541 INFO     ___FILE_ONLY___ ╚
2022-11-15 19:57:23,547 DEBUG    urllib3.connectionpool Starting new HTTPS connection (1): dl.google.com:443
2022-11-15 19:57:23,636 DEBUG    urllib3.connectionpool https://dl.google.com:443 "GET /dl/cloudsdk/channels/rapid/components/google-cloud-sdk-gke-gcloud-auth-plugin-darwin-x86_64-20221014224505.tar.gz HTTP/1.1" 200 7825303
2022-11-15 19:57:23,890 INFO     ___FILE_ONLY___ ═
2022-11-15 19:57:23,891 INFO     ___FILE_ONLY___ ═
2022-11-15 19:57:23,892 INFO     ___FILE_ONLY___ ═
2022-11-15 19:57:23,892 INFO     ___FILE_ONLY___ ═
2022-11-15 19:57:23,893 INFO     ___FILE_ONLY___ ═
2022-11-15 19:57:23,893 INFO     ___FILE_ONLY___ ═
2022-11-15 19:57:23,893 INFO     ___FILE_ONLY___ ═
2022-11-15 19:57:23,894 INFO     ___FILE_ONLY___ ═
2022-11-15 19:57:23,894 INFO     ___FILE_ONLY___ ═
2022-11-15 19:57:23,895 INFO     ___FILE_ONLY___ ═
2022-11-15 19:57:23,895 INFO     ___FILE_ONLY___ ═
2022-11-15 19:57:23,896 INFO     ___FILE_ONLY___ ═
2022-11-15 19:57:23,896 INFO     ___FILE_ONLY___ ═
2022-11-15 19:57:23,897 INFO     ___FILE_ONLY___ ═
2022-11-15 19:57:23,897 INFO     ___FILE_ONLY___ ═
2022-11-15 19:57:23,897 INFO     ___FILE_ONLY___ ═
2022-11-15 19:57:23,898 INFO     ___FILE_ONLY___ ═
2022-11-15 19:57:23,898 INFO     ___FILE_ONLY___ ═
2022-11-15 19:57:23,899 INFO     ___FILE_ONLY___ ═
2022-11-15 19:57:23,900 INFO     ___FILE_ONLY___ ═
2022-11-15 19:57:23,900 INFO     ___FILE_ONLY___ ═
2022-11-15 19:57:23,901 INFO     ___FILE_ONLY___ ═
2022-11-15 19:57:23,902 INFO     ___FILE_ONLY___ ═
2022-11-15 19:57:23,903 INFO     ___FILE_ONLY___ ═
2022-11-15 19:57:23,903 INFO     ___FILE_ONLY___ ═
2022-11-15 19:57:23,904 INFO     ___FILE_ONLY___ ═
2022-11-15 19:57:23,904 INFO     ___FILE_ONLY___ ═
2022-11-15 19:57:23,904 INFO     ___FILE_ONLY___ ═
2022-11-15 19:57:23,905 INFO     ___FILE_ONLY___ ═
2022-11-15 19:57:23,905 INFO     ___FILE_ONLY___ ═
2022-11-15 19:57:24,076 INFO     ___FILE_ONLY___ ══════════════════════════════
2022-11-15 19:57:24,076 INFO     ___FILE_ONLY___ ╝

2022-11-15 19:57:24,091 INFO     ___FILE_ONLY___ ╔════════════════════════════════════════════════════════════╗

2022-11-15 19:57:24,093 INFO     ___FILE_ONLY___ ╠═ Installing: gke-gcloud-auth-plugin                       ═╣

2022-11-15 19:57:24,093 INFO     ___FILE_ONLY___ ╚
2022-11-15 19:57:24,097 INFO     ___FILE_ONLY___ ════════════════════════════════════════════════════════════
2022-11-15 19:57:24,098 INFO     ___FILE_ONLY___ ╝

2022-11-15 19:57:24,102 INFO     ___FILE_ONLY___ ╔════════════════════════════════════════════════════════════╗

2022-11-15 19:57:24,104 INFO     ___FILE_ONLY___ ╠═ Installing: kubectl                                      ═╣

2022-11-15 19:57:24,104 INFO     ___FILE_ONLY___ ╚
2022-11-15 19:57:24,109 DEBUG    urllib3.connectionpool Starting new HTTPS connection (1): dl.google.com:443
2022-11-15 19:57:24,197 DEBUG    urllib3.connectionpool https://dl.google.com:443 "GET /dl/cloudsdk/channels/rapid/components/google-cloud-sdk-kubectl-20221017194419.tar.gz HTTP/1.1" 200 48204
2022-11-15 19:57:24,225 INFO     ___FILE_ONLY___ ══════════
2022-11-15 19:57:24,226 INFO     ___FILE_ONLY___ ══════════
2022-11-15 19:57:24,226 INFO     ___FILE_ONLY___ ══════════
2022-11-15 19:57:24,235 INFO     ___FILE_ONLY___ ══════════════════════════════
2022-11-15 19:57:24,261 INFO     ___FILE_ONLY___ ╝

2022-11-15 19:57:24,277 INFO     ___FILE_ONLY___ ╔════════════════════════════════════════════════════════════╗

2022-11-15 19:57:24,278 INFO     ___FILE_ONLY___ ╠═ Installing: kubectl                                      ═╣

2022-11-15 19:57:24,278 INFO     ___FILE_ONLY___ ╚
2022-11-15 19:57:24,283 DEBUG    urllib3.connectionpool Starting new HTTPS connection (1): dl.google.com:443
2022-11-15 19:57:24,377 DEBUG    urllib3.connectionpool https://dl.google.com:443 "GET /dl/cloudsdk/channels/rapid/components/google-cloud-sdk-kubectl-darwin-x86_64-20220923141408.tar.gz HTTP/1.1" 200 97570066
2022-11-15 19:57:26,979 INFO     ___FILE_ONLY___ ═
2022-11-15 19:57:26,982 INFO     ___FILE_ONLY___ ═
2022-11-15 19:57:26,988 INFO     ___FILE_ONLY___ ═
2022-11-15 19:57:26,992 INFO     ___FILE_ONLY___ ═
2022-11-15 19:57:26,995 INFO     ___FILE_ONLY___ ═
2022-11-15 19:57:27,001 INFO     ___FILE_ONLY___ ═
2022-11-15 19:57:27,004 INFO     ___FILE_ONLY___ ═
2022-11-15 19:57:27,019 INFO     ___FILE_ONLY___ ═
2022-11-15 19:57:27,023 INFO     ___FILE_ONLY___ ═
2022-11-15 19:57:27,027 INFO     ___FILE_ONLY___ ═
2022-11-15 19:57:27,033 INFO     ___FILE_ONLY___ ═
2022-11-15 19:57:27,037 INFO     ___FILE_ONLY___ ═
2022-11-15 19:57:27,042 INFO     ___FILE_ONLY___ ═
2022-11-15 19:57:27,046 INFO     ___FILE_ONLY___ ═
2022-11-15 19:57:27,050 INFO     ___FILE_ONLY___ ═
2022-11-15 19:57:27,057 INFO     ___FILE_ONLY___ ═
2022-11-15 19:57:27,061 INFO     ___FILE_ONLY___ ═
2022-11-15 19:57:27,065 INFO     ___FILE_ONLY___ ═
2022-11-15 19:57:27,070 INFO     ___FILE_ONLY___ ═
2022-11-15 19:57:27,075 INFO     ___FILE_ONLY___ ═
2022-11-15 19:57:27,083 INFO     ___FILE_ONLY___ ═
2022-11-15 19:57:27,087 INFO     ___FILE_ONLY___ ═
2022-11-15 19:57:27,091 INFO     ___FILE_ONLY___ ═
2022-11-15 19:57:27,097 INFO     ___FILE_ONLY___ ═
2022-11-15 19:57:27,101 INFO     ___FILE_ONLY___ ═
2022-11-15 19:57:27,108 INFO     ___FILE_ONLY___ ═
2022-11-15 19:57:27,112 INFO     ___FILE_ONLY___ ═
2022-11-15 19:57:27,116 INFO     ___FILE_ONLY___ ═
2022-11-15 19:57:27,121 INFO     ___FILE_ONLY___ ═
2022-11-15 19:57:27,126 INFO     ___FILE_ONLY___ ═
2022-11-15 19:57:28,711 INFO     ___FILE_ONLY___ ════
2022-11-15 19:57:28,968 INFO     ___FILE_ONLY___ ════
2022-11-15 19:57:29,244 INFO     ___FILE_ONLY___ ════
2022-11-15 19:57:29,518 INFO     ___FILE_ONLY___ ═════
2022-11-15 19:57:29,780 INFO     ___FILE_ONLY___ ════
2022-11-15 19:57:30,052 INFO     ___FILE_ONLY___ ════
2022-11-15 19:57:30,330 INFO     ___FILE_ONLY___ ═════
2022-11-15 19:57:30,330 INFO     ___FILE_ONLY___ ╝

2022-11-15 19:57:30,370 INFO     ___FILE_ONLY___ ╔════════════════════════════════════════════════════════════╗

2022-11-15 19:57:30,371 INFO     ___FILE_ONLY___ ╠═ Creating backup and activating new installation          ═╣

2022-11-15 19:57:30,371 INFO     ___FILE_ONLY___ ╚
2022-11-15 19:57:30,372 DEBUG    root            Attempting to move directory [/Users/satyampatel/Library/Application Support/cloud-code/installer/google-cloud-sdk] to [/Users/satyampatel/Library/Application Support/cloud-code/installer/google-cloud-sdk.staging/.install/.backup]
2022-11-15 19:57:30,372 INFO     ___FILE_ONLY___ ══════════════════════════════
2022-11-15 19:57:30,372 DEBUG    root            Attempting to move directory [/Users/satyampatel/Library/Application Support/cloud-code/installer/google-cloud-sdk.staging] to [/Users/satyampatel/Library/Application Support/cloud-code/installer/google-cloud-sdk]
2022-11-15 19:57:30,372 INFO     ___FILE_ONLY___ ══════════════════════════════
2022-11-15 19:57:30,372 INFO     ___FILE_ONLY___ ╝

2022-11-15 19:57:30,394 DEBUG    root            Updating notification cache...
2022-11-15 19:57:30,395 INFO     ___FILE_ONLY___ 

2022-11-15 19:57:30,402 INFO     ___FILE_ONLY___ Performing post processing steps...
2022-11-15 19:57:30,404 DEBUG    root            Executing command: ['/usr/local/bin/python3', '-S', '/Users/satyampatel/Library/Application Support/cloud-code/installer/google-cloud-sdk/lib/gcloud.py', 'components', 'post-process']
2022-11-15 19:58:02,937 DEBUG    ___FILE_ONLY___ 
2022-11-15 19:58:02,945 DEBUG    ___FILE_ONLY___ 
2022-11-15 19:58:03,115 INFO     ___FILE_ONLY___ 
Update done!


2022-11-15 19:58:03,127 WARNING  root              There are other instances of Google Cloud tools on your system PATH.
  Please remove the following to avoid confusion or accidental invocation:

  /Applications/Docker.app/Contents/Resources/bin/kubectl

  
2022-11-15 19:58:03,135 INFO     root            Display format: "none"
