2022-11-15 19:56:07,214 DEBUG    root            Loaded Command Group: ['gcloud', 'meta']
2022-11-15 19:56:07,229 DEBUG    root            Loaded Command Group: ['gcloud', 'meta', 'list_commands']
2022-11-15 19:56:07,231 DEBUG    root            Running [gcloud.meta.list-commands] with arguments: []
2022-11-15 19:56:07,232 DEBUG    root            Loaded Command Group: ['gcloud', 'cheat_sheet']
2022-11-15 19:56:07,234 DEBUG    root            Loaded Command Group: ['gcloud', 'firestore']
2022-11-15 19:56:07,238 DEBUG    root            Loaded Command Group: ['gcloud', 'firestore', 'operations']
2022-11-15 19:56:07,248 DEBUG    root            Loaded Command Group: ['gcloud', 'firestore', 'operations', 'list']
2022-11-15 19:56:07,251 DEBUG    root            Loaded Command Group: ['gcloud', 'firestore', 'operations', 'delete']
2022-11-15 19:56:07,253 DEBUG    root            Loaded Command Group: ['gcloud', 'firestore', 'operations', 'cancel']
2022-11-15 19:56:07,255 DEBUG    root            Loaded Command Group: ['gcloud', 'firestore', 'operations', 'describe']
2022-11-15 19:56:07,256 DEBUG    root            Loaded Command Group: ['gcloud', 'firestore', 'indexes']
2022-11-15 19:56:07,258 DEBUG    root            Loaded Command Group: ['gcloud', 'firestore', 'indexes', 'composite']
2022-11-15 19:56:07,300 DEBUG    root            Loaded Command Group: ['gcloud', 'firestore', 'indexes', 'composite', 'list']
2022-11-15 19:56:07,308 DEBUG    root            Loaded Command Group: ['gcloud', 'firestore', 'indexes', 'composite', 'delete']
2022-11-15 19:56:07,334 DEBUG    root            Loaded Command Group: ['gcloud', 'firestore', 'indexes', 'composite', 'create']
2022-11-15 19:56:07,346 DEBUG    root            Loaded Command Group: ['gcloud', 'firestore', 'indexes', 'composite', 'describe']
2022-11-15 19:56:07,349 DEBUG    root            Loaded Command Group: ['gcloud', 'firestore', 'indexes', 'fields']
2022-11-15 19:56:07,360 DEBUG    root            Loaded Command Group: ['gcloud', 'firestore', 'indexes', 'fields', 'update']
2022-11-15 19:56:07,372 DEBUG    root            Loaded Command Group: ['gcloud', 'firestore', 'indexes', 'fields', 'list']
2022-11-15 19:56:07,383 DEBUG    root            Loaded Command Group: ['gcloud', 'firestore', 'indexes', 'fields', 'describe']
2022-11-15 19:56:07,389 DEBUG    root            Loaded Command Group: ['gcloud', 'firestore', 'databases']
2022-11-15 19:56:07,396 DEBUG    root            No implementation for release track [GA] for element: [/Users/satyampatel/Library/Application Support/cloud-code/installer/google-cloud-sdk/lib/surface/firestore/databases/update.yaml]
2022-11-15 19:56:07,448 DEBUG    root            Loaded Command Group: ['gcloud', 'firestore', 'databases', 'create']
2022-11-15 19:56:07,453 DEBUG    root            No implementation for release track [GA] for element: [/Users/satyampatel/Library/Application Support/cloud-code/installer/google-cloud-sdk/lib/surface/firestore/databases/describe.yaml]
2022-11-15 19:56:07,454 DEBUG    root            Loaded Command Group: ['gcloud', 'firestore', 'fields']
2022-11-15 19:56:07,455 DEBUG    root            Loaded Command Group: ['gcloud', 'firestore', 'fields', 'ttls']
2022-11-15 19:56:07,468 DEBUG    root            Loaded Command Group: ['gcloud', 'firestore', 'fields', 'ttls', 'update']
2022-11-15 19:56:07,480 DEBUG    root            Loaded Command Group: ['gcloud', 'firestore', 'fields', 'ttls', 'list']
2022-11-15 19:56:07,489 DEBUG    root            Loaded Command Group: ['gcloud', 'firestore', 'export']
2022-11-15 19:56:07,491 DEBUG    root            Loaded Command Group: ['gcloud', 'firestore', 'import']
2022-11-15 19:56:07,492 DEBUG    root            No implementation for release track [GA] for element: [/Users/satyampatel/Library/Application Support/cloud-code/installer/google-cloud-sdk/lib/surface/firestore/locations]
2022-11-15 19:56:07,492 DEBUG    root            Loaded Command Group: ['gcloud', 'transfer']
2022-11-15 19:56:07,494 DEBUG    root            Loaded Command Group: ['gcloud', 'transfer', 'jobs']
2022-11-15 19:56:07,501 DEBUG    root            Loaded Command Group: ['gcloud', 'transfer', 'jobs', 'describe']
2022-11-15 19:56:07,503 DEBUG    root            Loaded Command Group: ['gcloud', 'transfer', 'jobs', 'delete']
2022-11-15 19:56:07,505 DEBUG    root            Loaded Command Group: ['gcloud', 'transfer', 'jobs', 'list']
2022-11-15 19:56:07,507 DEBUG    root            Loaded Command Group: ['gcloud', 'transfer', 'jobs', 'monitor']
2022-11-15 19:56:07,641 DEBUG    root            Loaded Command Group: ['gcloud', 'transfer', 'jobs', 'create']
2022-11-15 19:56:07,643 DEBUG    root            No implementation for release track [GA] for element: [/Users/satyampatel/Library/Application Support/cloud-code/installer/google-cloud-sdk/lib/surface/transfer/jobs/config]
2022-11-15 19:56:07,645 DEBUG    root            Loaded Command Group: ['gcloud', 'transfer', 'jobs', 'update']
2022-11-15 19:56:07,649 DEBUG    root            Loaded Command Group: ['gcloud', 'transfer', 'jobs', 'run']
2022-11-15 19:56:07,650 DEBUG    root            Loaded Command Group: ['gcloud', 'transfer', 'operations']
2022-11-15 19:56:07,652 DEBUG    root            Loaded Command Group: ['gcloud', 'transfer', 'operations', 'pause']
2022-11-15 19:56:07,654 DEBUG    root            Loaded Command Group: ['gcloud', 'transfer', 'operations', 'monitor']
2022-11-15 19:56:07,656 DEBUG    root            Loaded Command Group: ['gcloud', 'transfer', 'operations', 'describe']
2022-11-15 19:56:07,658 DEBUG    root            Loaded Command Group: ['gcloud', 'transfer', 'operations', 'resume']
2022-11-15 19:56:07,659 DEBUG    root            Loaded Command Group: ['gcloud', 'transfer', 'operations', 'cancel']
2022-11-15 19:56:07,662 DEBUG    root            Loaded Command Group: ['gcloud', 'transfer', 'operations', 'list']
2022-11-15 19:56:07,663 DEBUG    root            Loaded Command Group: ['gcloud', 'transfer', 'agent_pools']
2022-11-15 19:56:07,667 DEBUG    root            Loaded Command Group: ['gcloud', 'transfer', 'agent-pools', 'create']
2022-11-15 19:56:07,669 DEBUG    root            Loaded Command Group: ['gcloud', 'transfer', 'agent-pools', 'describe']
2022-11-15 19:56:07,670 DEBUG    root            Loaded Command Group: ['gcloud', 'transfer', 'agent-pools', 'update']
2022-11-15 19:56:07,672 DEBUG    root            Loaded Command Group: ['gcloud', 'transfer', 'agent-pools', 'delete']
2022-11-15 19:56:07,674 DEBUG    root            Loaded Command Group: ['gcloud', 'transfer', 'agent-pools', 'list']
2022-11-15 19:56:07,676 DEBUG    root            Loaded Command Group: ['gcloud', 'transfer', 'authorize']
2022-11-15 19:56:07,677 DEBUG    root            Loaded Command Group: ['gcloud', 'transfer', 'agents']
2022-11-15 19:56:07,678 DEBUG    root            Loaded Command Group: ['gcloud', 'transfer', 'agents', 'delete']
2022-11-15 19:56:07,680 DEBUG    root            Loaded Command Group: ['gcloud', 'transfer', 'agents', 'install']
2022-11-15 19:56:07,682 DEBUG    root            Loaded Command Group: ['gcloud', 'firebase']
2022-11-15 19:56:07,689 DEBUG    root            Loaded Command Group: ['gcloud', 'firebase', 'test']
2022-11-15 19:56:07,692 DEBUG    root            No implementation for release track [GA] for element: [/Users/satyampatel/Library/Application Support/cloud-code/installer/google-cloud-sdk/lib/surface/firebase/test/ip_blocks]
2022-11-15 19:56:07,692 DEBUG    root            Loaded Command Group: ['gcloud', 'firebase', 'test', 'android']
2022-11-15 19:56:07,716 DEBUG    root            Loaded Command Group: ['gcloud', 'firebase', 'test', 'android', 'run']
2022-11-15 19:56:07,719 DEBUG    root            Loaded Command Group: ['gcloud', 'firebase', 'test', 'android', 'models']
2022-11-15 19:56:07,721 DEBUG    root            Loaded Command Group: ['gcloud', 'firebase', 'test', 'android', 'models', 'list']
2022-11-15 19:56:07,723 DEBUG    root            Loaded Command Group: ['gcloud', 'firebase', 'test', 'android', 'models', 'describe']
2022-11-15 19:56:07,725 DEBUG    root            Loaded Command Group: ['gcloud', 'firebase', 'test', 'android', 'locales']
2022-11-15 19:56:07,726 DEBUG    root            Loaded Command Group: ['gcloud', 'firebase', 'test', 'android', 'locales', 'list']
2022-11-15 19:56:07,728 DEBUG    root            Loaded Command Group: ['gcloud', 'firebase', 'test', 'android', 'locales', 'describe']
2022-11-15 19:56:07,731 DEBUG    root            No implementation for release track [GA] for element: [/Users/satyampatel/Library/Application Support/cloud-code/installer/google-cloud-sdk/lib/surface/firebase/test/android/list_device_capacities]
2022-11-15 19:56:07,731 DEBUG    root            Loaded Command Group: ['gcloud', 'firebase', 'test', 'android', 'versions']
2022-11-15 19:56:07,733 DEBUG    root            Loaded Command Group: ['gcloud', 'firebase', 'test', 'android', 'versions', 'list']
2022-11-15 19:56:07,735 DEBUG    root            Loaded Command Group: ['gcloud', 'firebase', 'test', 'android', 'versions', 'describe']
2022-11-15 19:56:07,736 DEBUG    root            Loaded Command Group: ['gcloud', 'firebase', 'test', 'ios']
2022-11-15 19:56:07,741 DEBUG    root            Loaded Command Group: ['gcloud', 'firebase', 'test', 'ios', 'run']
2022-11-15 19:56:07,767 DEBUG    root            Loaded Command Group: ['gcloud', 'firebase', 'test', 'ios', 'models']
2022-11-15 19:56:07,789 DEBUG    root            Loaded Command Group: ['gcloud', 'firebase', 'test', 'ios', 'models', 'list']
2022-11-15 19:56:07,809 DEBUG    root            Loaded Command Group: ['gcloud', 'firebase', 'test', 'ios', 'models', 'describe']
2022-11-15 19:56:07,829 DEBUG    root            Loaded Command Group: ['gcloud', 'firebase', 'test', 'ios', 'locales']
2022-11-15 19:56:07,831 DEBUG    root            Loaded Command Group: ['gcloud', 'firebase', 'test', 'ios', 'locales', 'list']
2022-11-15 19:56:07,833 DEBUG    root            Loaded Command Group: ['gcloud', 'firebase', 'test', 'ios', 'locales', 'describe']
2022-11-15 19:56:07,835 DEBUG    root            No implementation for release track [GA] for element: [/Users/satyampatel/Library/Application Support/cloud-code/installer/google-cloud-sdk/lib/surface/firebase/test/ios/list_device_capacities]
2022-11-15 19:56:07,836 DEBUG    root            Loaded Command Group: ['gcloud', 'firebase', 'test', 'ios', 'versions']
2022-11-15 19:56:07,838 DEBUG    root            Loaded Command Group: ['gcloud', 'firebase', 'test', 'ios', 'versions', 'list']
2022-11-15 19:56:07,839 DEBUG    root            Loaded Command Group: ['gcloud', 'firebase', 'test', 'ios', 'versions', 'describe']
2022-11-15 19:56:07,840 DEBUG    root            Loaded Command Group: ['gcloud', 'firebase', 'test', 'network_profiles']
2022-11-15 19:56:07,842 DEBUG    root            Loaded Command Group: ['gcloud', 'firebase', 'test', 'network-profiles', 'list']
2022-11-15 19:56:07,844 DEBUG    root            Loaded Command Group: ['gcloud', 'firebase', 'test', 'network-profiles', 'describe']
2022-11-15 19:56:07,846 DEBUG    root            Loaded Command Group: ['gcloud', 'assured']
2022-11-15 19:56:07,848 DEBUG    root            Loaded Command Group: ['gcloud', 'assured', 'operations']
2022-11-15 19:56:07,864 DEBUG    root            Loaded Command Group: ['gcloud', 'assured', 'operations', 'list']
2022-11-15 19:56:07,866 DEBUG    root            Loaded Command Group: ['gcloud', 'assured', 'operations', 'describe']
2022-11-15 19:56:07,870 DEBUG    root            Loaded Command Group: ['gcloud', 'assured', 'workloads']
2022-11-15 19:56:07,873 DEBUG    root            Loaded Command Group: ['gcloud', 'assured', 'workloads', 'create']
2022-11-15 19:56:07,876 DEBUG    root            Loaded Command Group: ['gcloud', 'assured', 'workloads', 'describe']
2022-11-15 19:56:07,879 DEBUG    root            Loaded Command Group: ['gcloud', 'assured', 'workloads', 'update']
2022-11-15 19:56:07,882 DEBUG    root            Loaded Command Group: ['gcloud', 'assured', 'workloads', 'delete']
2022-11-15 19:56:07,885 DEBUG    root            Loaded Command Group: ['gcloud', 'assured', 'workloads', 'violations']
2022-11-15 19:56:07,887 DEBUG    root            Loaded Command Group: ['gcloud', 'assured', 'workloads', 'violations', 'list']
2022-11-15 19:56:07,889 DEBUG    root            Loaded Command Group: ['gcloud', 'assured', 'workloads', 'violations', 'acknowledge']
2022-11-15 19:56:07,893 DEBUG    root            Loaded Command Group: ['gcloud', 'assured', 'workloads', 'violations', 'describe']
2022-11-15 19:56:07,896 DEBUG    root            Loaded Command Group: ['gcloud', 'assured', 'workloads', 'list']
2022-11-15 19:56:07,898 DEBUG    root            No implementation for release track [GA] for element: [/Users/satyampatel/Library/Application Support/cloud-code/installer/google-cloud-sdk/lib/surface/commerce_procurement]
2022-11-15 19:56:07,921 DEBUG    root            Loaded Command Group: ['gcloud', 'ai_platform']
2022-11-15 19:56:07,923 DEBUG    root            Loaded Command Group: ['gcloud', 'ai-platform', 'local']
2022-11-15 19:56:07,927 DEBUG    root            Loaded Command Group: ['gcloud', 'ai-platform', 'local', 'predict']
2022-11-15 19:56:07,930 DEBUG    root            Loaded Command Group: ['gcloud', 'ai-platform', 'local', 'train']
2022-11-15 19:56:07,933 DEBUG    root            No implementation for release track [GA] for element: [/Users/satyampatel/Library/Application Support/cloud-code/installer/google-cloud-sdk/lib/surface/ai_platform/explain]
2022-11-15 19:56:07,933 DEBUG    root            Loaded Command Group: ['gcloud', 'ai-platform', 'jobs']
2022-11-15 19:56:07,942 DEBUG    root            Loaded Command Group: ['gcloud', 'ai-platform', 'jobs', 'update']
2022-11-15 19:56:07,944 DEBUG    root            Loaded Command Group: ['gcloud', 'ai-platform', 'jobs', 'describe']
2022-11-15 19:56:07,946 DEBUG    root            Loaded Command Group: ['gcloud', 'ai-platform', 'jobs', 'stream_logs']
2022-11-15 19:56:07,947 DEBUG    root            Loaded Command Group: ['gcloud', 'ai-platform', 'jobs', 'cancel']
2022-11-15 19:56:07,949 DEBUG    root            Loaded Command Group: ['gcloud', 'ai-platform', 'jobs', 'submit']
2022-11-15 19:56:07,961 DEBUG    root            Loaded Command Group: ['gcloud', 'ai-platform', 'jobs', 'submit', 'training']
2022-11-15 19:56:07,983 DEBUG    root            Loaded Command Group: ['gcloud', 'ai-platform', 'jobs', 'submit', 'prediction']
2022-11-15 19:56:07,985 DEBUG    root            Loaded Command Group: ['gcloud', 'ai-platform', 'jobs', 'list']
2022-11-15 19:56:07,986 DEBUG    root            Loaded Command Group: ['gcloud', 'ai-platform', 'models']
2022-11-15 19:56:07,989 DEBUG    root            Loaded Command Group: ['gcloud', 'ai-platform', 'models', 'remove_iam_policy_binding']
2022-11-15 19:56:07,993 DEBUG    root            Loaded Command Group: ['gcloud', 'ai-platform', 'models', 'describe']
2022-11-15 19:56:07,995 DEBUG    root            Loaded Command Group: ['gcloud', 'ai-platform', 'models', 'delete']
2022-11-15 19:56:07,997 DEBUG    root            Loaded Command Group: ['gcloud', 'ai-platform', 'models', 'get_iam_policy']
2022-11-15 19:56:08,001 DEBUG    root            Loaded Command Group: ['gcloud', 'ai-platform', 'models', 'set_iam_policy']
2022-11-15 19:56:08,003 DEBUG    root            Loaded Command Group: ['gcloud', 'ai-platform', 'models', 'list']
2022-11-15 19:56:08,006 DEBUG    root            Loaded Command Group: ['gcloud', 'ai-platform', 'models', 'add_iam_policy_binding']
2022-11-15 19:56:08,007 DEBUG    root            Loaded Command Group: ['gcloud', 'ai-platform', 'models', 'create']
2022-11-15 19:56:08,010 DEBUG    root            Loaded Command Group: ['gcloud', 'ai-platform', 'models', 'update']
2022-11-15 19:56:08,012 DEBUG    root            Loaded Command Group: ['gcloud', 'ai-platform', 'operations']
2022-11-15 19:56:08,015 DEBUG    root            Loaded Command Group: ['gcloud', 'ai-platform', 'operations', 'list']
2022-11-15 19:56:08,017 DEBUG    root            Loaded Command Group: ['gcloud', 'ai-platform', 'operations', 'wait']
2022-11-15 19:56:08,019 DEBUG    root            Loaded Command Group: ['gcloud', 'ai-platform', 'operations', 'cancel']
2022-11-15 19:56:08,021 DEBUG    root            Loaded Command Group: ['gcloud', 'ai-platform', 'operations', 'describe']
2022-11-15 19:56:08,023 DEBUG    root            Loaded Command Group: ['gcloud', 'ai-platform', 'predict']
2022-11-15 19:56:08,024 DEBUG    root            No implementation for release track [GA] for element: [/Users/satyampatel/Library/Application Support/cloud-code/installer/google-cloud-sdk/lib/surface/ai_platform/locations]
2022-11-15 19:56:08,025 DEBUG    root            Loaded Command Group: ['gcloud', 'ai-platform', 'versions']
2022-11-15 19:56:08,028 DEBUG    root            Loaded Command Group: ['gcloud', 'ai-platform', 'versions', 'set_default']
2022-11-15 19:56:08,030 DEBUG    root            Loaded Command Group: ['gcloud', 'ai-platform', 'versions', 'create']
2022-11-15 19:56:08,033 DEBUG    root            Loaded Command Group: ['gcloud', 'ai-platform', 'versions', 'describe']
2022-11-15 19:56:08,035 DEBUG    root            Loaded Command Group: ['gcloud', 'ai-platform', 'versions', 'update']
2022-11-15 19:56:08,039 DEBUG    root            Loaded Command Group: ['gcloud', 'ai-platform', 'versions', 'delete']
2022-11-15 19:56:08,042 DEBUG    root            Loaded Command Group: ['gcloud', 'ai-platform', 'versions', 'list']
2022-11-15 19:56:08,043 DEBUG    root            Loaded Command Group: ['gcloud', 'resource_settings']
2022-11-15 19:56:08,050 DEBUG    root            Loaded Command Group: ['gcloud', 'resource-settings', 'set_value']
2022-11-15 19:56:08,054 DEBUG    root            Loaded Command Group: ['gcloud', 'resource-settings', 'unset_value']
2022-11-15 19:56:08,056 DEBUG    root            Loaded Command Group: ['gcloud', 'resource-settings', 'list_values']
2022-11-15 19:56:08,058 DEBUG    root            Loaded Command Group: ['gcloud', 'resource-settings', 'describe']
2022-11-15 19:56:08,061 DEBUG    root            Loaded Command Group: ['gcloud', 'resource-settings', 'list']
2022-11-15 19:56:08,072 DEBUG    root            Loaded Command Group: ['gcloud', 'init']
2022-11-15 19:56:08,075 DEBUG    root            No implementation for release track [GA] for element: [/Users/satyampatel/Library/Application Support/cloud-code/installer/google-cloud-sdk/lib/surface/media]
2022-11-15 19:56:08,076 DEBUG    root            Loaded Command Group: ['gcloud', 'logging']
2022-11-15 19:56:08,080 DEBUG    root            Loaded Command Group: ['gcloud', 'logging', 'metrics']
2022-11-15 19:56:08,083 DEBUG    root            Loaded Command Group: ['gcloud', 'logging', 'metrics', 'create']
2022-11-15 19:56:08,086 DEBUG    root            Loaded Command Group: ['gcloud', 'logging', 'metrics', 'describe']
2022-11-15 19:56:08,088 DEBUG    root            Loaded Command Group: ['gcloud', 'logging', 'metrics', 'update']
2022-11-15 19:56:08,091 DEBUG    root            Loaded Command Group: ['gcloud', 'logging', 'metrics', 'delete']
2022-11-15 19:56:08,092 DEBUG    root            Loaded Command Group: ['gcloud', 'logging', 'metrics', 'list']
2022-11-15 19:56:08,094 DEBUG    root            Loaded Command Group: ['gcloud', 'logging', 'sinks']
2022-11-15 19:56:08,097 DEBUG    root            Loaded Command Group: ['gcloud', 'logging', 'sinks', 'create']
2022-11-15 19:56:08,099 DEBUG    root            Loaded Command Group: ['gcloud', 'logging', 'sinks', 'describe']
2022-11-15 19:56:08,101 DEBUG    root            Loaded Command Group: ['gcloud', 'logging', 'sinks', 'update']
2022-11-15 19:56:08,104 DEBUG    root            Loaded Command Group: ['gcloud', 'logging', 'sinks', 'delete']
2022-11-15 19:56:08,105 DEBUG    root            Loaded Command Group: ['gcloud', 'logging', 'sinks', 'list']
2022-11-15 19:56:08,107 DEBUG    root            Loaded Command Group: ['gcloud', 'logging', 'cmek_settings']
2022-11-15 19:56:08,110 DEBUG    root            Loaded Command Group: ['gcloud', 'logging', 'cmek-settings', 'update']
2022-11-15 19:56:08,121 DEBUG    root            Loaded Command Group: ['gcloud', 'logging', 'cmek-settings', 'describe']
2022-11-15 19:56:08,124 DEBUG    root            No implementation for release track [GA] for element: [/Users/satyampatel/Library/Application Support/cloud-code/installer/google-cloud-sdk/lib/surface/logging/tail]
2022-11-15 19:56:08,125 DEBUG    root            Loaded Command Group: ['gcloud', 'logging', 'settings']
2022-11-15 19:56:08,128 DEBUG    root            Loaded Command Group: ['gcloud', 'logging', 'settings', 'update']
2022-11-15 19:56:08,139 DEBUG    root            Loaded Command Group: ['gcloud', 'logging', 'settings', 'describe']
2022-11-15 19:56:08,142 DEBUG    root            Loaded Command Group: ['gcloud', 'logging', 'copy']
2022-11-15 19:56:08,144 DEBUG    root            Loaded Command Group: ['gcloud', 'logging', 'views']
2022-11-15 19:56:08,146 DEBUG    root            Loaded Command Group: ['gcloud', 'logging', 'views', 'create']
2022-11-15 19:56:08,149 DEBUG    root            Loaded Command Group: ['gcloud', 'logging', 'views', 'describe']
2022-11-15 19:56:08,151 DEBUG    root            Loaded Command Group: ['gcloud', 'logging', 'views', 'update']
2022-11-15 19:56:08,154 DEBUG    root            Loaded Command Group: ['gcloud', 'logging', 'views', 'delete']
2022-11-15 19:56:08,157 DEBUG    root            Loaded Command Group: ['gcloud', 'logging', 'views', 'list']
2022-11-15 19:56:08,160 DEBUG    root            Loaded Command Group: ['gcloud', 'logging', 'read']
2022-11-15 19:56:08,163 DEBUG    root            Loaded Command Group: ['gcloud', 'logging', 'logs']
2022-11-15 19:56:08,165 DEBUG    root            Loaded Command Group: ['gcloud', 'logging', 'logs', 'delete']
2022-11-15 19:56:08,168 DEBUG    root            Loaded Command Group: ['gcloud', 'logging', 'logs', 'list']
2022-11-15 19:56:08,170 DEBUG    root            Loaded Command Group: ['gcloud', 'logging', 'operations']
2022-11-15 19:56:08,174 DEBUG    root            Loaded Command Group: ['gcloud', 'logging', 'operations', 'list']
2022-11-15 19:56:08,179 DEBUG    root            Loaded Command Group: ['gcloud', 'logging', 'operations', 'cancel']
2022-11-15 19:56:08,182 DEBUG    root            Loaded Command Group: ['gcloud', 'logging', 'operations', 'describe']
2022-11-15 19:56:08,183 DEBUG    root            Loaded Command Group: ['gcloud', 'logging', 'resource_descriptors']
2022-11-15 19:56:08,186 DEBUG    root            Loaded Command Group: ['gcloud', 'logging', 'resource-descriptors', 'list']
2022-11-15 19:56:08,188 DEBUG    root            Loaded Command Group: ['gcloud', 'logging', 'write']
2022-11-15 19:56:08,190 DEBUG    root            Loaded Command Group: ['gcloud', 'logging', 'locations']
2022-11-15 19:56:08,192 DEBUG    root            Loaded Command Group: ['gcloud', 'logging', 'locations', 'list']
2022-11-15 19:56:08,195 DEBUG    root            Loaded Command Group: ['gcloud', 'logging', 'locations', 'describe']
2022-11-15 19:56:08,197 DEBUG    root            Loaded Command Group: ['gcloud', 'logging', 'buckets']
2022-11-15 19:56:08,199 DEBUG    root            Loaded Command Group: ['gcloud', 'logging', 'buckets', 'move']
2022-11-15 19:56:08,200 DEBUG    root            Loaded Command Group: ['gcloud', 'logging', 'buckets', 'create']
2022-11-15 19:56:08,203 DEBUG    root            Loaded Command Group: ['gcloud', 'logging', 'buckets', 'describe']
2022-11-15 19:56:08,225 DEBUG    root            Loaded Command Group: ['gcloud', 'logging', 'buckets', 'update']
2022-11-15 19:56:08,228 DEBUG    root            Loaded Command Group: ['gcloud', 'logging', 'buckets', 'delete']
2022-11-15 19:56:08,231 DEBUG    root            Loaded Command Group: ['gcloud', 'logging', 'buckets', 'undelete']
2022-11-15 19:56:08,235 DEBUG    root            Loaded Command Group: ['gcloud', 'logging', 'buckets', 'list']
2022-11-15 19:56:08,237 DEBUG    root            Loaded Command Group: ['gcloud', 'bms']
2022-11-15 19:56:08,239 DEBUG    root            No implementation for release track [GA] for element: [/Users/satyampatel/Library/Application Support/cloud-code/installer/google-cloud-sdk/lib/surface/bms/serial_console_ssh_keys]
2022-11-15 19:56:08,240 DEBUG    root            Loaded Command Group: ['gcloud', 'bms', 'operations']
2022-11-15 19:56:08,289 DEBUG    root            Loaded Command Group: ['gcloud', 'bms', 'operations', 'wait']
2022-11-15 19:56:08,300 DEBUG    root            Loaded Command Group: ['gcloud', 'bms', 'operations', 'describe']
2022-11-15 19:56:08,304 DEBUG    root            Loaded Command Group: ['gcloud', 'bms', 'instances']
2022-11-15 19:56:08,312 DEBUG    root            Loaded Command Group: ['gcloud', 'bms', 'instances', 'describe']
2022-11-15 19:56:08,338 DEBUG    root            No implementation for release track [GA] for element: [/Users/satyampatel/Library/Application Support/cloud-code/installer/google-cloud-sdk/lib/surface/bms/instances/enable_serial_console.yaml]
2022-11-15 19:56:08,340 DEBUG    root            Loaded Command Group: ['gcloud', 'bms', 'instances', 'list']
2022-11-15 19:56:08,371 DEBUG    root            Loaded Command Group: ['gcloud', 'bms', 'instances', 'start']
2022-11-15 19:56:08,382 DEBUG    root            Loaded Command Group: ['gcloud', 'bms', 'instances', 'stop']
2022-11-15 19:56:08,390 DEBUG    root            No implementation for release track [GA] for element: [/Users/satyampatel/Library/Application Support/cloud-code/installer/google-cloud-sdk/lib/surface/bms/instances/disable_serial_console.yaml]
2022-11-15 19:56:08,392 DEBUG    root            Loaded Command Group: ['gcloud', 'bms', 'instances', 'update']
2022-11-15 19:56:08,420 DEBUG    root            Loaded Command Group: ['gcloud', 'bms', 'instances', 'reset']
2022-11-15 19:56:08,425 DEBUG    root            No implementation for release track [GA] for element: [/Users/satyampatel/Library/Application Support/cloud-code/installer/google-cloud-sdk/lib/surface/bms/snapshot_schedule_policies]
2022-11-15 19:56:08,426 DEBUG    root            Loaded Command Group: ['gcloud', 'bms', 'nfs_shares']
2022-11-15 19:56:08,429 DEBUG    root            Loaded Command Group: ['gcloud', 'bms', 'nfs-shares', 'create']
2022-11-15 19:56:08,453 DEBUG    root            Loaded Command Group: ['gcloud', 'bms', 'nfs-shares', 'describe']
2022-11-15 19:56:08,476 DEBUG    root            Loaded Command Group: ['gcloud', 'bms', 'nfs-shares', 'update']
2022-11-15 19:56:08,499 DEBUG    root            Loaded Command Group: ['gcloud', 'bms', 'nfs-shares', 'delete']
2022-11-15 19:56:08,522 DEBUG    root            Loaded Command Group: ['gcloud', 'bms', 'nfs-shares', 'list']
2022-11-15 19:56:08,546 DEBUG    root            Loaded Command Group: ['gcloud', 'bms', 'volumes']
2022-11-15 19:56:08,549 DEBUG    root            Loaded Command Group: ['gcloud', 'bms', 'volumes', 'snapshots']
2022-11-15 19:56:08,552 DEBUG    root            Loaded Command Group: ['gcloud', 'bms', 'volumes', 'snapshots', 'list']
2022-11-15 19:56:08,589 DEBUG    root            Loaded Command Group: ['gcloud', 'bms', 'volumes', 'snapshots', 'delete']
2022-11-15 19:56:08,624 DEBUG    root            Loaded Command Group: ['gcloud', 'bms', 'volumes', 'snapshots', 'describe']
2022-11-15 19:56:08,654 DEBUG    root            Loaded Command Group: ['gcloud', 'bms', 'volumes', 'snapshot']
2022-11-15 19:56:08,683 DEBUG    root            Loaded Command Group: ['gcloud', 'bms', 'volumes', 'restore']
2022-11-15 19:56:08,710 DEBUG    root            Loaded Command Group: ['gcloud', 'bms', 'volumes', 'luns']
2022-11-15 19:56:08,713 DEBUG    root            Loaded Command Group: ['gcloud', 'bms', 'volumes', 'luns', 'list']
2022-11-15 19:56:08,737 DEBUG    root            Loaded Command Group: ['gcloud', 'bms', 'volumes', 'luns', 'describe']
2022-11-15 19:56:08,760 DEBUG    root            Loaded Command Group: ['gcloud', 'bms', 'volumes', 'describe']
2022-11-15 19:56:08,784 DEBUG    root            Loaded Command Group: ['gcloud', 'bms', 'volumes', 'update']
2022-11-15 19:56:08,810 DEBUG    root            Loaded Command Group: ['gcloud', 'bms', 'volumes', 'list']
2022-11-15 19:56:08,837 DEBUG    root            Loaded Command Group: ['gcloud', 'bms', 'networks']
2022-11-15 19:56:08,845 DEBUG    root            Loaded Command Group: ['gcloud', 'bms', 'networks', 'update']
2022-11-15 19:56:08,874 DEBUG    root            Loaded Command Group: ['gcloud', 'bms', 'networks', 'list']
2022-11-15 19:56:08,903 DEBUG    root            Loaded Command Group: ['gcloud', 'bms', 'networks', 'list_ip_reservations']
2022-11-15 19:56:08,931 DEBUG    root            Loaded Command Group: ['gcloud', 'bms', 'networks', 'describe']
2022-11-15 19:56:08,956 DEBUG    root            Loaded Command Group: ['gcloud', 'monitoring']
2022-11-15 19:56:08,960 DEBUG    root            No implementation for release track [GA] for element: [/Users/satyampatel/Library/Application Support/cloud-code/installer/google-cloud-sdk/lib/surface/monitoring/channels]
2022-11-15 19:56:08,962 DEBUG    root            No implementation for release track [GA] for element: [/Users/satyampatel/Library/Application Support/cloud-code/installer/google-cloud-sdk/lib/surface/monitoring/metrics_scopes]
2022-11-15 19:56:08,963 DEBUG    root            Loaded Command Group: ['gcloud', 'monitoring', 'dashboards']
2022-11-15 19:56:08,998 DEBUG    root            Loaded Command Group: ['gcloud', 'monitoring', 'dashboards', 'create']
2022-11-15 19:56:09,006 DEBUG    root            Loaded Command Group: ['gcloud', 'monitoring', 'dashboards', 'describe']
2022-11-15 19:56:09,019 DEBUG    root            Loaded Command Group: ['gcloud', 'monitoring', 'dashboards', 'update']
2022-11-15 19:56:09,027 DEBUG    root            Loaded Command Group: ['gcloud', 'monitoring', 'dashboards', 'delete']
2022-11-15 19:56:09,087 DEBUG    root            Loaded Command Group: ['gcloud', 'monitoring', 'dashboards', 'list']
2022-11-15 19:56:09,089 DEBUG    root            No implementation for release track [GA] for element: [/Users/satyampatel/Library/Application Support/cloud-code/installer/google-cloud-sdk/lib/surface/monitoring/policies]
2022-11-15 19:56:09,090 DEBUG    root            No implementation for release track [GA] for element: [/Users/satyampatel/Library/Application Support/cloud-code/installer/google-cloud-sdk/lib/surface/monitoring/channel_descriptors]
2022-11-15 19:56:09,092 DEBUG    root            No implementation for release track [GA] for element: [/Users/satyampatel/Library/Application Support/cloud-code/installer/google-cloud-sdk/lib/surface/resource_config]
2022-11-15 19:56:09,097 DEBUG    root            Loaded Command Group: ['gcloud', 'docker']
2022-11-15 19:56:09,100 DEBUG    root            No implementation for release track [GA] for element: [/Users/satyampatel/Library/Application Support/cloud-code/installer/google-cloud-sdk/lib/surface/network_actions]
2022-11-15 19:56:09,102 DEBUG    root            Loaded Command Group: ['gcloud', 'ml']
2022-11-15 19:56:09,107 DEBUG    root            Loaded Command Group: ['gcloud', 'ml', 'video']
2022-11-15 19:56:09,134 DEBUG    root            No implementation for release track [GA] for element: [/Users/satyampatel/Library/Application Support/cloud-code/installer/google-cloud-sdk/lib/surface/ml/video/transcribe_speech.yaml]
2022-11-15 19:56:09,135 DEBUG    root            Loaded Command Group: ['gcloud', 'ml', 'video', 'operations']
2022-11-15 19:56:09,163 DEBUG    root            Loaded Command Group: ['gcloud', 'ml', 'video', 'operations', 'wait']
2022-11-15 19:56:09,173 DEBUG    root            Loaded Command Group: ['gcloud', 'ml', 'video', 'operations', 'describe']
2022-11-15 19:56:09,182 DEBUG    root            No implementation for release track [GA] for element: [/Users/satyampatel/Library/Application Support/cloud-code/installer/google-cloud-sdk/lib/surface/ml/video/detect_text.yaml]
2022-11-15 19:56:09,192 DEBUG    root            Loaded Command Group: ['gcloud', 'ml', 'video', 'detect_explicit_content']
2022-11-15 19:56:09,203 DEBUG    root            Loaded Command Group: ['gcloud', 'ml', 'video', 'detect_labels']
2022-11-15 19:56:09,210 DEBUG    root            Loaded Command Group: ['gcloud', 'ml', 'video', 'detect_shot_changes']
2022-11-15 19:56:09,215 DEBUG    root            No implementation for release track [GA] for element: [/Users/satyampatel/Library/Application Support/cloud-code/installer/google-cloud-sdk/lib/surface/ml/video/detect_object.yaml]
2022-11-15 19:56:09,216 DEBUG    root            Loaded Command Group: ['gcloud', 'ml', 'speech']
2022-11-15 19:56:09,220 DEBUG    root            Loaded Command Group: ['gcloud', 'ml', 'speech', 'recognize']
2022-11-15 19:56:09,227 DEBUG    root            No implementation for release track [GA] for element: [/Users/satyampatel/Library/Application Support/cloud-code/installer/google-cloud-sdk/lib/surface/ml/speech/recognizers]
2022-11-15 19:56:09,228 DEBUG    root            Loaded Command Group: ['gcloud', 'ml', 'speech', 'operations']
2022-11-15 19:56:09,245 DEBUG    root            Loaded Command Group: ['gcloud', 'ml', 'speech', 'operations', 'wait']
2022-11-15 19:56:09,255 DEBUG    root            Loaded Command Group: ['gcloud', 'ml', 'speech', 'operations', 'describe']
2022-11-15 19:56:09,259 DEBUG    root            Loaded Command Group: ['gcloud', 'ml', 'speech', 'recognize_long_running']
2022-11-15 19:56:09,261 DEBUG    root            No implementation for release track [GA] for element: [/Users/satyampatel/Library/Application Support/cloud-code/installer/google-cloud-sdk/lib/surface/ml/translate]
2022-11-15 19:56:09,262 DEBUG    root            Loaded Command Group: ['gcloud', 'ml', 'language']
2022-11-15 19:56:09,297 DEBUG    root            Loaded Command Group: ['gcloud', 'ml', 'language', 'analyze_sentiment']
2022-11-15 19:56:09,307 DEBUG    root            Loaded Command Group: ['gcloud', 'ml', 'language', 'classify_text']
2022-11-15 19:56:09,325 DEBUG    root            Loaded Command Group: ['gcloud', 'ml', 'language', 'analyze_entities']
2022-11-15 19:56:09,337 DEBUG    root            Loaded Command Group: ['gcloud', 'ml', 'language', 'analyze_entity_sentiment']
2022-11-15 19:56:09,347 DEBUG    root            Loaded Command Group: ['gcloud', 'ml', 'language', 'analyze_syntax']
2022-11-15 19:56:09,349 DEBUG    root            Loaded Command Group: ['gcloud', 'ml', 'vision']
2022-11-15 19:56:09,394 DEBUG    root            Loaded Command Group: ['gcloud', 'ml', 'vision', 'detect_web']
2022-11-15 19:56:09,408 DEBUG    root            Loaded Command Group: ['gcloud', 'ml', 'vision', 'detect_document']
2022-11-15 19:56:09,419 DEBUG    root            Loaded Command Group: ['gcloud', 'ml', 'vision', 'detect_faces']
2022-11-15 19:56:09,436 DEBUG    root            Loaded Command Group: ['gcloud', 'ml', 'vision', 'detect_labels']
2022-11-15 19:56:09,438 DEBUG    root            No implementation for release track [GA] for element: [/Users/satyampatel/Library/Application Support/cloud-code/installer/google-cloud-sdk/lib/surface/ml/vision/product_search]
2022-11-15 19:56:09,453 DEBUG    root            Loaded Command Group: ['gcloud', 'ml', 'vision', 'detect_image_properties']
2022-11-15 19:56:09,455 DEBUG    root            No implementation for release track [GA] for element: [/Users/satyampatel/Library/Application Support/cloud-code/installer/google-cloud-sdk/lib/surface/ml/vision/operations]
2022-11-15 19:56:09,467 DEBUG    root            No implementation for release track [GA] for element: [/Users/satyampatel/Library/Application Support/cloud-code/installer/google-cloud-sdk/lib/surface/ml/vision/detect_product.yaml]
2022-11-15 19:56:09,480 DEBUG    root            Loaded Command Group: ['gcloud', 'ml', 'vision', 'detect_text']
2022-11-15 19:56:09,491 DEBUG    root            Loaded Command Group: ['gcloud', 'ml', 'vision', 'detect_safe_search']
2022-11-15 19:56:09,503 DEBUG    root            Loaded Command Group: ['gcloud', 'ml', 'vision', 'detect_text_pdf']
2022-11-15 19:56:09,514 DEBUG    root            Loaded Command Group: ['gcloud', 'ml', 'vision', 'detect_text_tiff']
2022-11-15 19:56:09,526 DEBUG    root            Loaded Command Group: ['gcloud', 'ml', 'vision', 'detect_logos']
2022-11-15 19:56:09,543 DEBUG    root            Loaded Command Group: ['gcloud', 'ml', 'vision', 'suggest_crop']
2022-11-15 19:56:09,560 DEBUG    root            Loaded Command Group: ['gcloud', 'ml', 'vision', 'detect_landmarks']
2022-11-15 19:56:09,568 DEBUG    root            Loaded Command Group: ['gcloud', 'ml', 'vision', 'detect_objects']
2022-11-15 19:56:09,570 DEBUG    root            No implementation for release track [GA] for element: [/Users/satyampatel/Library/Application Support/cloud-code/installer/google-cloud-sdk/lib/surface/remote_build_execution]
2022-11-15 19:56:09,571 DEBUG    root            Loaded Command Group: ['gcloud', 'billing']
2022-11-15 19:56:09,575 DEBUG    root            No implementation for release track [GA] for element: [/Users/satyampatel/Library/Application Support/cloud-code/installer/google-cloud-sdk/lib/surface/billing/accounts]
2022-11-15 19:56:09,576 DEBUG    root            Loaded Command Group: ['gcloud', 'billing', 'budgets']
2022-11-15 19:56:09,671 DEBUG    root            Loaded Command Group: ['gcloud', 'billing', 'budgets', 'create']
2022-11-15 19:56:09,680 DEBUG    root            Loaded Command Group: ['gcloud', 'billing', 'budgets', 'describe']
2022-11-15 19:56:09,741 DEBUG    root            Loaded Command Group: ['gcloud', 'billing', 'budgets', 'update']
2022-11-15 19:56:09,749 DEBUG    root            Loaded Command Group: ['gcloud', 'billing', 'budgets', 'delete']
2022-11-15 19:56:09,756 DEBUG    root            Loaded Command Group: ['gcloud', 'billing', 'budgets', 'list']
2022-11-15 19:56:09,757 DEBUG    root            No implementation for release track [GA] for element: [/Users/satyampatel/Library/Application Support/cloud-code/installer/google-cloud-sdk/lib/surface/billing/projects]
2022-11-15 19:56:09,758 DEBUG    root            No implementation for release track [GA] for element: [/Users/satyampatel/Library/Application Support/cloud-code/installer/google-cloud-sdk/lib/surface/datapipelines]
2022-11-15 19:56:09,759 DEBUG    root            Loaded Command Group: ['gcloud', 'deployment_manager']
2022-11-15 19:56:09,762 DEBUG    root            No implementation for release track [GA] for element: [/Users/satyampatel/Library/Application Support/cloud-code/installer/google-cloud-sdk/lib/surface/deployment_manager/type_providers]
2022-11-15 19:56:09,762 DEBUG    root            Loaded Command Group: ['gcloud', 'deployment-manager', 'types']
2022-11-15 19:56:09,773 DEBUG    root            No implementation for release track [GA] for element: [/Users/satyampatel/Library/Application Support/cloud-code/installer/google-cloud-sdk/lib/surface/deployment_manager/types/create]
2022-11-15 19:56:09,774 DEBUG    root            No implementation for release track [GA] for element: [/Users/satyampatel/Library/Application Support/cloud-code/installer/google-cloud-sdk/lib/surface/deployment_manager/types/describe]
2022-11-15 19:56:09,776 DEBUG    root            No implementation for release track [GA] for element: [/Users/satyampatel/Library/Application Support/cloud-code/installer/google-cloud-sdk/lib/surface/deployment_manager/types/update]
2022-11-15 19:56:09,777 DEBUG    root            No implementation for release track [GA] for element: [/Users/satyampatel/Library/Application Support/cloud-code/installer/google-cloud-sdk/lib/surface/deployment_manager/types/delete]
2022-11-15 19:56:09,779 DEBUG    root            Loaded Command Group: ['gcloud', 'deployment-manager', 'types', 'list']
2022-11-15 19:56:09,782 DEBUG    root            Loaded Command Group: ['gcloud', 'deployment-manager', 'deployments']
2022-11-15 19:56:09,784 DEBUG    root            Loaded Command Group: ['gcloud', 'deployment-manager', 'deployments', 'stop']
2022-11-15 19:56:09,796 DEBUG    root            Loaded Command Group: ['gcloud', 'deployment-manager', 'deployments', 'create']
2022-11-15 19:56:09,800 DEBUG    root            Loaded Command Group: ['gcloud', 'deployment-manager', 'deployments', 'describe']
2022-11-15 19:56:09,807 DEBUG    root            Loaded Command Group: ['gcloud', 'deployment-manager', 'deployments', 'update']
2022-11-15 19:56:09,810 DEBUG    root            Loaded Command Group: ['gcloud', 'deployment-manager', 'deployments', 'delete']
2022-11-15 19:56:09,813 DEBUG    root            Loaded Command Group: ['gcloud', 'deployment-manager', 'deployments', 'cancel_preview']
2022-11-15 19:56:09,816 DEBUG    root            Loaded Command Group: ['gcloud', 'deployment-manager', 'deployments', 'list']
2022-11-15 19:56:09,818 DEBUG    root            Loaded Command Group: ['gcloud', 'deployment-manager', 'resources']
2022-11-15 19:56:09,821 DEBUG    root            Loaded Command Group: ['gcloud', 'deployment-manager', 'resources', 'list']
2022-11-15 19:56:09,823 DEBUG    root            Loaded Command Group: ['gcloud', 'deployment-manager', 'resources', 'describe']
2022-11-15 19:56:09,824 DEBUG    root            Loaded Command Group: ['gcloud', 'deployment-manager', 'operations']
2022-11-15 19:56:09,827 DEBUG    root            Loaded Command Group: ['gcloud', 'deployment-manager', 'operations', 'list']
2022-11-15 19:56:09,829 DEBUG    root            Loaded Command Group: ['gcloud', 'deployment-manager', 'operations', 'wait']
2022-11-15 19:56:09,832 DEBUG    root            Loaded Command Group: ['gcloud', 'deployment-manager', 'operations', 'describe']
2022-11-15 19:56:09,833 DEBUG    root            Loaded Command Group: ['gcloud', 'deployment-manager', 'manifests']
2022-11-15 19:56:09,835 DEBUG    root            Loaded Command Group: ['gcloud', 'deployment-manager', 'manifests', 'list']
2022-11-15 19:56:09,837 DEBUG    root            Loaded Command Group: ['gcloud', 'deployment-manager', 'manifests', 'describe']
2022-11-15 19:56:09,841 DEBUG    root            Loaded Command Group: ['gcloud', 'essential_contacts']
2022-11-15 19:56:09,849 DEBUG    root            Loaded Command Group: ['gcloud', 'essential-contacts', 'compute']
2022-11-15 19:56:09,858 DEBUG    root            Loaded Command Group: ['gcloud', 'essential-contacts', 'create']
2022-11-15 19:56:09,860 DEBUG    root            Loaded Command Group: ['gcloud', 'essential-contacts', 'describe']
2022-11-15 19:56:09,863 DEBUG    root            Loaded Command Group: ['gcloud', 'essential-contacts', 'update']
2022-11-15 19:56:09,866 DEBUG    root            Loaded Command Group: ['gcloud', 'essential-contacts', 'delete']
2022-11-15 19:56:09,868 DEBUG    root            Loaded Command Group: ['gcloud', 'essential-contacts', 'list']
2022-11-15 19:56:09,873 DEBUG    root            Loaded Command Group: ['gcloud', 'functions']
2022-11-15 19:56:09,957 DEBUG    root            Loaded Command Group: ['gcloud', 'functions', 'add_invoker_policy_binding']
2022-11-15 19:56:09,982 DEBUG    root            Loaded Command Group: ['gcloud', 'functions', 'remove_iam_policy_binding']
2022-11-15 19:56:09,990 DEBUG    root            Loaded Command Group: ['gcloud', 'functions', 'remove_invoker_policy_binding']
2022-11-15 19:56:10,002 DEBUG    root            Loaded Command Group: ['gcloud', 'functions', 'describe']
2022-11-15 19:56:10,007 DEBUG    root            Loaded Command Group: ['gcloud', 'functions', 'regions']
2022-11-15 19:56:10,014 DEBUG    root            Loaded Command Group: ['gcloud', 'functions', 'regions', 'list']
2022-11-15 19:56:10,019 DEBUG    root            Loaded Command Group: ['gcloud', 'functions', 'delete']
2022-11-15 19:56:10,027 DEBUG    root            Loaded Command Group: ['gcloud', 'functions', 'call']
2022-11-15 19:56:10,035 DEBUG    root            Loaded Command Group: ['gcloud', 'functions', 'get_iam_policy']
2022-11-15 19:56:10,049 DEBUG    root            Loaded Command Group: ['gcloud', 'functions', 'deploy']
2022-11-15 19:56:10,067 DEBUG    root            Loaded Command Group: ['gcloud', 'functions', 'set_iam_policy']
2022-11-15 19:56:10,073 DEBUG    root            Loaded Command Group: ['gcloud', 'functions', 'list']
2022-11-15 19:56:10,074 DEBUG    root            Loaded Command Group: ['gcloud', 'functions', 'event_types']
2022-11-15 19:56:10,081 DEBUG    root            Loaded Command Group: ['gcloud', 'functions', 'event-types', 'list']
2022-11-15 19:56:10,085 DEBUG    root            Loaded Command Group: ['gcloud', 'functions', 'add_iam_policy_binding']
2022-11-15 19:56:10,089 DEBUG    root            Loaded Command Group: ['gcloud', 'functions', 'logs']
2022-11-15 19:56:10,094 DEBUG    root            Loaded Command Group: ['gcloud', 'functions', 'logs', 'read']
2022-11-15 19:56:10,117 DEBUG    root            Loaded Command Group: ['gcloud', 'functions', 'runtimes']
2022-11-15 19:56:10,140 DEBUG    root            Loaded Command Group: ['gcloud', 'functions', 'runtimes', 'list']
2022-11-15 19:56:10,159 DEBUG    root            No implementation for release track [GA] for element: [/Users/satyampatel/Library/Application Support/cloud-code/installer/google-cloud-sdk/lib/surface/web_security_scanner]
2022-11-15 19:56:10,179 DEBUG    root            Loaded Command Group: ['gcloud', 'endpoints']
2022-11-15 19:56:10,183 DEBUG    root            Loaded Command Group: ['gcloud', 'endpoints', 'services']
2022-11-15 19:56:10,207 DEBUG    root            Loaded Command Group: ['gcloud', 'endpoints', 'services', 'remove_iam_policy_binding']
2022-11-15 19:56:10,216 DEBUG    root            Loaded Command Group: ['gcloud', 'endpoints', 'services', 'describe']
2022-11-15 19:56:10,218 DEBUG    root            Loaded Command Group: ['gcloud', 'endpoints', 'services', 'delete']
2022-11-15 19:56:10,225 DEBUG    root            Loaded Command Group: ['gcloud', 'endpoints', 'services', 'get_iam_policy']
2022-11-15 19:56:10,227 DEBUG    root            Loaded Command Group: ['gcloud', 'endpoints', 'services', 'deploy']
2022-11-15 19:56:10,230 DEBUG    root            Loaded Command Group: ['gcloud', 'endpoints', 'services', 'list']
2022-11-15 19:56:10,242 DEBUG    root            Loaded Command Group: ['gcloud', 'endpoints', 'services', 'add_iam_policy_binding']
2022-11-15 19:56:10,245 DEBUG    root            Loaded Command Group: ['gcloud', 'endpoints', 'services', 'check_iam_policy']
2022-11-15 19:56:10,247 DEBUG    root            Loaded Command Group: ['gcloud', 'endpoints', 'services', 'undelete']
2022-11-15 19:56:10,249 DEBUG    root            No implementation for release track [GA] for element: [/Users/satyampatel/Library/Application Support/cloud-code/installer/google-cloud-sdk/lib/surface/endpoints/quota]
2022-11-15 19:56:10,249 DEBUG    root            Loaded Command Group: ['gcloud', 'endpoints', 'configs']
2022-11-15 19:56:10,251 DEBUG    root            Loaded Command Group: ['gcloud', 'endpoints', 'configs', 'list']
2022-11-15 19:56:10,253 DEBUG    root            Loaded Command Group: ['gcloud', 'endpoints', 'configs', 'describe']
2022-11-15 19:56:10,254 DEBUG    root            Loaded Command Group: ['gcloud', 'endpoints', 'operations']
2022-11-15 19:56:10,257 DEBUG    root            Loaded Command Group: ['gcloud', 'endpoints', 'operations', 'list']
2022-11-15 19:56:10,258 DEBUG    root            Loaded Command Group: ['gcloud', 'endpoints', 'operations', 'wait']
2022-11-15 19:56:10,260 DEBUG    root            Loaded Command Group: ['gcloud', 'endpoints', 'operations', 'describe']
2022-11-15 19:56:10,261 DEBUG    root            Loaded Command Group: ['gcloud', 'ml_engine']
2022-11-15 19:56:10,262 DEBUG    root            Loaded Command Group: ['gcloud', 'ml-engine', 'local']
2022-11-15 19:56:10,263 DEBUG    root            Loaded Command Group: ['gcloud', 'ml-engine', 'local', 'predict']
2022-11-15 19:56:10,264 DEBUG    root            Loaded Command Group: ['gcloud', 'ml-engine', 'local', 'train']
2022-11-15 19:56:10,265 DEBUG    root            No implementation for release track [GA] for element: [/Users/satyampatel/Library/Application Support/cloud-code/installer/google-cloud-sdk/lib/surface/ai_platform/explain]
2022-11-15 19:56:10,265 DEBUG    root            Loaded Command Group: ['gcloud', 'ml-engine', 'jobs']
2022-11-15 19:56:10,267 DEBUG    root            Loaded Command Group: ['gcloud', 'ml-engine', 'jobs', 'update']
2022-11-15 19:56:10,268 DEBUG    root            Loaded Command Group: ['gcloud', 'ml-engine', 'jobs', 'describe']
2022-11-15 19:56:10,268 DEBUG    root            Loaded Command Group: ['gcloud', 'ml-engine', 'jobs', 'stream_logs']
2022-11-15 19:56:10,269 DEBUG    root            Loaded Command Group: ['gcloud', 'ml-engine', 'jobs', 'cancel']
2022-11-15 19:56:10,270 DEBUG    root            Loaded Command Group: ['gcloud', 'ml-engine', 'jobs', 'submit']
2022-11-15 19:56:10,272 DEBUG    root            Loaded Command Group: ['gcloud', 'ml-engine', 'jobs', 'submit', 'training']
2022-11-15 19:56:10,284 DEBUG    root            Loaded Command Group: ['gcloud', 'ml-engine', 'jobs', 'submit', 'prediction']
2022-11-15 19:56:10,286 DEBUG    root            Loaded Command Group: ['gcloud', 'ml-engine', 'jobs', 'list']
2022-11-15 19:56:10,286 DEBUG    root            Loaded Command Group: ['gcloud', 'ml-engine', 'models']
2022-11-15 19:56:10,288 DEBUG    root            Loaded Command Group: ['gcloud', 'ml-engine', 'models', 'remove_iam_policy_binding']
2022-11-15 19:56:10,290 DEBUG    root            Loaded Command Group: ['gcloud', 'ml-engine', 'models', 'describe']
2022-11-15 19:56:10,291 DEBUG    root            Loaded Command Group: ['gcloud', 'ml-engine', 'models', 'delete']
2022-11-15 19:56:10,292 DEBUG    root            Loaded Command Group: ['gcloud', 'ml-engine', 'models', 'get_iam_policy']
2022-11-15 19:56:10,294 DEBUG    root            Loaded Command Group: ['gcloud', 'ml-engine', 'models', 'set_iam_policy']
2022-11-15 19:56:10,297 DEBUG    root            Loaded Command Group: ['gcloud', 'ml-engine', 'models', 'list']
2022-11-15 19:56:10,299 DEBUG    root            Loaded Command Group: ['gcloud', 'ml-engine', 'models', 'add_iam_policy_binding']
2022-11-15 19:56:10,301 DEBUG    root            Loaded Command Group: ['gcloud', 'ml-engine', 'models', 'create']
2022-11-15 19:56:10,302 DEBUG    root            Loaded Command Group: ['gcloud', 'ml-engine', 'models', 'update']
2022-11-15 19:56:10,303 DEBUG    root            Loaded Command Group: ['gcloud', 'ml-engine', 'operations']
2022-11-15 19:56:10,304 DEBUG    root            Loaded Command Group: ['gcloud', 'ml-engine', 'operations', 'list']
2022-11-15 19:56:10,305 DEBUG    root            Loaded Command Group: ['gcloud', 'ml-engine', 'operations', 'wait']
2022-11-15 19:56:10,306 DEBUG    root            Loaded Command Group: ['gcloud', 'ml-engine', 'operations', 'cancel']
2022-11-15 19:56:10,307 DEBUG    root            Loaded Command Group: ['gcloud', 'ml-engine', 'operations', 'describe']
2022-11-15 19:56:10,308 DEBUG    root            Loaded Command Group: ['gcloud', 'ml-engine', 'predict']
2022-11-15 19:56:10,309 DEBUG    root            No implementation for release track [GA] for element: [/Users/satyampatel/Library/Application Support/cloud-code/installer/google-cloud-sdk/lib/surface/ai_platform/locations]
2022-11-15 19:56:10,309 DEBUG    root            Loaded Command Group: ['gcloud', 'ml-engine', 'versions']
2022-11-15 19:56:10,310 DEBUG    root            Loaded Command Group: ['gcloud', 'ml-engine', 'versions', 'set_default']
2022-11-15 19:56:10,312 DEBUG    root            Loaded Command Group: ['gcloud', 'ml-engine', 'versions', 'create']
2022-11-15 19:56:10,314 DEBUG    root            Loaded Command Group: ['gcloud', 'ml-engine', 'versions', 'describe']
2022-11-15 19:56:10,315 DEBUG    root            Loaded Command Group: ['gcloud', 'ml-engine', 'versions', 'update']
2022-11-15 19:56:10,318 DEBUG    root            Loaded Command Group: ['gcloud', 'ml-engine', 'versions', 'delete']
2022-11-15 19:56:10,319 DEBUG    root            Loaded Command Group: ['gcloud', 'ml-engine', 'versions', 'list']
2022-11-15 19:56:10,321 DEBUG    root            Loaded Command Group: ['gcloud', 'edge_cloud']
2022-11-15 19:56:10,322 DEBUG    root            Loaded Command Group: ['gcloud', 'edge-cloud', 'container']
2022-11-15 19:56:10,324 DEBUG    root            Loaded Command Group: ['gcloud', 'edge-cloud', 'container', 'operations']
2022-11-15 19:56:10,357 DEBUG    root            Loaded Command Group: ['gcloud', 'edge-cloud', 'container', 'operations', 'wait']
2022-11-15 19:56:10,368 DEBUG    root            Loaded Command Group: ['gcloud', 'edge-cloud', 'container', 'operations', 'describe']
2022-11-15 19:56:10,373 DEBUG    root            Loaded Command Group: ['gcloud', 'edge-cloud', 'container', 'clusters']
2022-11-15 19:56:10,381 DEBUG    root            Loaded Command Group: ['gcloud', 'edge-cloud', 'container', 'clusters', 'describe']
2022-11-15 19:56:10,393 DEBUG    root            Loaded Command Group: ['gcloud', 'edge-cloud', 'container', 'clusters', 'delete']
2022-11-15 19:56:10,405 DEBUG    root            Loaded Command Group: ['gcloud', 'edge-cloud', 'container', 'clusters', 'get_credentials']
2022-11-15 19:56:10,407 DEBUG    root            Loaded Command Group: ['gcloud', 'edge-cloud', 'container', 'clusters', 'node_pools']
2022-11-15 19:56:10,419 DEBUG    root            Loaded Command Group: ['gcloud', 'edge-cloud', 'container', 'clusters', 'node-pools', 'create']
2022-11-15 19:56:10,432 DEBUG    root            Loaded Command Group: ['gcloud', 'edge-cloud', 'container', 'clusters', 'node-pools', 'describe']
2022-11-15 19:56:10,448 DEBUG    root            Loaded Command Group: ['gcloud', 'edge-cloud', 'container', 'clusters', 'node-pools', 'update']
2022-11-15 19:56:10,462 DEBUG    root            Loaded Command Group: ['gcloud', 'edge-cloud', 'container', 'clusters', 'node-pools', 'delete']
2022-11-15 19:56:10,486 DEBUG    root            Loaded Command Group: ['gcloud', 'edge-cloud', 'container', 'clusters', 'node-pools', 'list']
2022-11-15 19:56:10,506 DEBUG    root            Loaded Command Group: ['gcloud', 'edge-cloud', 'container', 'clusters', 'list']
2022-11-15 19:56:10,519 DEBUG    root            Loaded Command Group: ['gcloud', 'edge-cloud', 'container', 'clusters', 'print_access_token']
2022-11-15 19:56:10,562 DEBUG    root            Loaded Command Group: ['gcloud', 'edge-cloud', 'container', 'clusters', 'create']
2022-11-15 19:56:10,586 DEBUG    root            Loaded Command Group: ['gcloud', 'edge-cloud', 'container', 'clusters', 'update']
2022-11-15 19:56:10,595 DEBUG    root            Loaded Command Group: ['gcloud', 'edge-cloud', 'container', 'regions']
2022-11-15 19:56:10,609 DEBUG    root            Loaded Command Group: ['gcloud', 'edge-cloud', 'container', 'regions', 'list']
2022-11-15 19:56:10,707 DEBUG    root            Loaded Command Group: ['gcloud', 'edge-cloud', 'container', 'regions', 'describe']
2022-11-15 19:56:10,711 DEBUG    root            Loaded Command Group: ['gcloud', 'edge-cloud', 'container', 'zones']
2022-11-15 19:56:10,722 DEBUG    root            Loaded Command Group: ['gcloud', 'edge-cloud', 'container', 'zones', 'list']
2022-11-15 19:56:10,731 DEBUG    root            Loaded Command Group: ['gcloud', 'edge-cloud', 'container', 'zones', 'describe']
2022-11-15 19:56:10,734 DEBUG    root            Loaded Command Group: ['gcloud', 'edge-cloud', 'container', 'machines']
2022-11-15 19:56:10,743 DEBUG    root            Loaded Command Group: ['gcloud', 'edge-cloud', 'container', 'machines', 'list']
2022-11-15 19:56:10,752 DEBUG    root            Loaded Command Group: ['gcloud', 'edge-cloud', 'container', 'machines', 'describe']
2022-11-15 19:56:10,757 DEBUG    root            Loaded Command Group: ['gcloud', 'edge-cloud', 'container', 'vpn_connections']
2022-11-15 19:56:10,765 DEBUG    root            Loaded Command Group: ['gcloud', 'edge-cloud', 'container', 'vpn-connections', 'list']
2022-11-15 19:56:10,774 DEBUG    root            Loaded Command Group: ['gcloud', 'edge-cloud', 'container', 'vpn-connections', 'delete']
2022-11-15 19:56:10,793 DEBUG    root            Loaded Command Group: ['gcloud', 'edge-cloud', 'container', 'vpn-connections', 'create']
2022-11-15 19:56:10,803 DEBUG    root            Loaded Command Group: ['gcloud', 'edge-cloud', 'container', 'vpn-connections', 'describe']
2022-11-15 19:56:10,808 DEBUG    root            No implementation for release track [GA] for element: [/Users/satyampatel/Library/Application Support/cloud-code/installer/google-cloud-sdk/lib/surface/edge_cloud/networking]
2022-11-15 19:56:10,809 DEBUG    root            Loaded Command Group: ['gcloud', 'eventarc']
2022-11-15 19:56:10,810 DEBUG    root            Loaded Command Group: ['gcloud', 'eventarc', 'gke_destinations']
2022-11-15 19:56:10,813 DEBUG    root            Loaded Command Group: ['gcloud', 'eventarc', 'gke-destinations', 'init']
2022-11-15 19:56:10,815 DEBUG    root            Loaded Command Group: ['gcloud', 'eventarc', 'audit_logs_provider']
2022-11-15 19:56:10,817 DEBUG    root            Loaded Command Group: ['gcloud', 'eventarc', 'audit-logs-provider', 'service_names']
2022-11-15 19:56:10,819 DEBUG    root            Loaded Command Group: ['gcloud', 'eventarc', 'audit-logs-provider', 'service-names', 'list']
2022-11-15 19:56:10,820 DEBUG    root            Loaded Command Group: ['gcloud', 'eventarc', 'audit-logs-provider', 'method_names']
2022-11-15 19:56:10,822 DEBUG    root            Loaded Command Group: ['gcloud', 'eventarc', 'audit-logs-provider', 'method-names', 'list']
2022-11-15 19:56:10,823 DEBUG    root            Loaded Command Group: ['gcloud', 'eventarc', 'triggers']
2022-11-15 19:56:10,826 DEBUG    root            Loaded Command Group: ['gcloud', 'eventarc', 'triggers', 'create']
2022-11-15 19:56:10,837 DEBUG    root            Loaded Command Group: ['gcloud', 'eventarc', 'triggers', 'describe']
2022-11-15 19:56:10,841 DEBUG    root            Loaded Command Group: ['gcloud', 'eventarc', 'triggers', 'update']
2022-11-15 19:56:10,845 DEBUG    root            Loaded Command Group: ['gcloud', 'eventarc', 'triggers', 'delete']
2022-11-15 19:56:10,849 DEBUG    root            Loaded Command Group: ['gcloud', 'eventarc', 'triggers', 'list']
2022-11-15 19:56:10,852 DEBUG    root            No implementation for release track [GA] for element: [/Users/satyampatel/Library/Application Support/cloud-code/installer/google-cloud-sdk/lib/surface/eventarc/attributes]
2022-11-15 19:56:10,853 DEBUG    root            Loaded Command Group: ['gcloud', 'eventarc', 'channels']
2022-11-15 19:56:10,856 DEBUG    root            Loaded Command Group: ['gcloud', 'eventarc', 'channels', 'update']
2022-11-15 19:56:10,859 DEBUG    root            Loaded Command Group: ['gcloud', 'eventarc', 'channels', 'create']
2022-11-15 19:56:10,865 DEBUG    root            Loaded Command Group: ['gcloud', 'eventarc', 'channels', 'describe']
2022-11-15 19:56:10,868 DEBUG    root            Loaded Command Group: ['gcloud', 'eventarc', 'channels', 'publish']
2022-11-15 19:56:10,871 DEBUG    root            Loaded Command Group: ['gcloud', 'eventarc', 'channels', 'delete']
2022-11-15 19:56:10,875 DEBUG    root            Loaded Command Group: ['gcloud', 'eventarc', 'channels', 'list']
2022-11-15 19:56:10,878 DEBUG    root            Loaded Command Group: ['gcloud', 'eventarc', 'google_channels']
2022-11-15 19:56:10,880 DEBUG    root            Loaded Command Group: ['gcloud', 'eventarc', 'google-channels', 'update']
2022-11-15 19:56:10,883 DEBUG    root            Loaded Command Group: ['gcloud', 'eventarc', 'google-channels', 'describe']
2022-11-15 19:56:10,885 DEBUG    root            Loaded Command Group: ['gcloud', 'eventarc', 'providers']
2022-11-15 19:56:10,887 DEBUG    root            Loaded Command Group: ['gcloud', 'eventarc', 'providers', 'list']
2022-11-15 19:56:10,891 DEBUG    root            Loaded Command Group: ['gcloud', 'eventarc', 'providers', 'describe']
2022-11-15 19:56:10,894 DEBUG    root            Loaded Command Group: ['gcloud', 'eventarc', 'locations']
2022-11-15 19:56:10,896 DEBUG    root            Loaded Command Group: ['gcloud', 'eventarc', 'locations', 'list']
2022-11-15 19:56:10,897 DEBUG    root            Loaded Command Group: ['gcloud', 'eventarc', 'channel_connections']
2022-11-15 19:56:10,899 DEBUG    root            Loaded Command Group: ['gcloud', 'eventarc', 'channel-connections', 'create']
2022-11-15 19:56:10,902 DEBUG    root            Loaded Command Group: ['gcloud', 'eventarc', 'channel-connections', 'describe']
2022-11-15 19:56:10,905 DEBUG    root            Loaded Command Group: ['gcloud', 'eventarc', 'channel-connections', 'publish']
2022-11-15 19:56:10,908 DEBUG    root            Loaded Command Group: ['gcloud', 'eventarc', 'channel-connections', 'delete']
2022-11-15 19:56:10,911 DEBUG    root            Loaded Command Group: ['gcloud', 'eventarc', 'channel-connections', 'list']
2022-11-15 19:56:10,915 DEBUG    root            Loaded Command Group: ['gcloud', 'artifacts']
2022-11-15 19:56:10,919 DEBUG    root            Loaded Command Group: ['gcloud', 'artifacts', 'go']
2022-11-15 19:56:10,923 DEBUG    root            Loaded Command Group: ['gcloud', 'artifacts', 'go', 'upload']
2022-11-15 19:56:10,932 DEBUG    root            Loaded Command Group: ['gcloud', 'artifacts', 'apt']
2022-11-15 19:56:10,934 DEBUG    root            Loaded Command Group: ['gcloud', 'artifacts', 'apt', 'import']
2022-11-15 19:56:10,939 DEBUG    root            Loaded Command Group: ['gcloud', 'artifacts', 'apt', 'upload']
2022-11-15 19:56:10,944 DEBUG    root            Loaded Command Group: ['gcloud', 'artifacts', 'packages']
2022-11-15 19:56:10,974 DEBUG    root            Loaded Command Group: ['gcloud', 'artifacts', 'packages', 'list']
2022-11-15 19:56:10,985 DEBUG    root            Loaded Command Group: ['gcloud', 'artifacts', 'packages', 'delete']
2022-11-15 19:56:10,995 DEBUG    root            Loaded Command Group: ['gcloud', 'artifacts', 'packages', 'describe']
2022-11-15 19:56:10,999 DEBUG    root            Loaded Command Group: ['gcloud', 'artifacts', 'repositories']
2022-11-15 19:56:11,009 DEBUG    root            Loaded Command Group: ['gcloud', 'artifacts', 'repositories', 'remove_iam_policy_binding']
2022-11-15 19:56:11,019 DEBUG    root            Loaded Command Group: ['gcloud', 'artifacts', 'repositories', 'delete_cleanup_policy']
2022-11-15 19:56:11,028 DEBUG    root            Loaded Command Group: ['gcloud', 'artifacts', 'repositories', 'describe']
2022-11-15 19:56:11,037 DEBUG    root            Loaded Command Group: ['gcloud', 'artifacts', 'repositories', 'delete']
2022-11-15 19:56:11,052 DEBUG    root            Loaded Command Group: ['gcloud', 'artifacts', 'repositories', 'list_cleanup_policy']
2022-11-15 19:56:11,068 DEBUG    root            Loaded Command Group: ['gcloud', 'artifacts', 'repositories', 'get_iam_policy']
2022-11-15 19:56:11,077 DEBUG    root            Loaded Command Group: ['gcloud', 'artifacts', 'repositories', 'set_iam_policy']
2022-11-15 19:56:11,081 DEBUG    root            Loaded Command Group: ['gcloud', 'artifacts', 'repositories', 'list']
2022-11-15 19:56:11,090 DEBUG    root            Loaded Command Group: ['gcloud', 'artifacts', 'repositories', 'add_iam_policy_binding']
2022-11-15 19:56:11,138 DEBUG    root            Loaded Command Group: ['gcloud', 'artifacts', 'repositories', 'create']
2022-11-15 19:56:11,154 DEBUG    root            No implementation for release track [GA] for element: [/Users/satyampatel/Library/Application Support/cloud-code/installer/google-cloud-sdk/lib/surface/artifacts/repositories/config]
2022-11-15 19:56:11,187 DEBUG    root            Loaded Command Group: ['gcloud', 'artifacts', 'repositories', 'update']
2022-11-15 19:56:11,206 DEBUG    root            Loaded Command Group: ['gcloud', 'artifacts', 'repositories', 'set_cleanup_policy']
2022-11-15 19:56:11,210 DEBUG    root            Loaded Command Group: ['gcloud', 'artifacts', 'tags']
2022-11-15 19:56:11,220 DEBUG    root            Loaded Command Group: ['gcloud', 'artifacts', 'tags', 'update']
2022-11-15 19:56:11,234 DEBUG    root            Loaded Command Group: ['gcloud', 'artifacts', 'tags', 'delete']
2022-11-15 19:56:11,250 DEBUG    root            Loaded Command Group: ['gcloud', 'artifacts', 'tags', 'create']
2022-11-15 19:56:11,266 DEBUG    root            Loaded Command Group: ['gcloud', 'artifacts', 'tags', 'list']
2022-11-15 19:56:11,271 DEBUG    root            Loaded Command Group: ['gcloud', 'artifacts', 'versions']
2022-11-15 19:56:11,281 DEBUG    root            Loaded Command Group: ['gcloud', 'artifacts', 'versions', 'list']
2022-11-15 19:56:11,296 DEBUG    root            Loaded Command Group: ['gcloud', 'artifacts', 'versions', 'delete']
2022-11-15 19:56:11,315 DEBUG    root            Loaded Command Group: ['gcloud', 'artifacts', 'versions', 'describe']
2022-11-15 19:56:11,323 DEBUG    root            No implementation for release track [GA] for element: [/Users/satyampatel/Library/Application Support/cloud-code/installer/google-cloud-sdk/lib/surface/artifacts/settings]
2022-11-15 19:56:11,324 DEBUG    root            Loaded Command Group: ['gcloud', 'artifacts', 'operations']
2022-11-15 19:56:11,331 DEBUG    root            Loaded Command Group: ['gcloud', 'artifacts', 'operations', 'describe']
2022-11-15 19:56:11,335 DEBUG    root            Loaded Command Group: ['gcloud', 'artifacts', 'docker']
2022-11-15 19:56:11,337 DEBUG    root            Loaded Command Group: ['gcloud', 'artifacts', 'docker', 'tags']
2022-11-15 19:56:11,340 DEBUG    root            Loaded Command Group: ['gcloud', 'artifacts', 'docker', 'tags', 'list']
2022-11-15 19:56:11,342 DEBUG    root            Loaded Command Group: ['gcloud', 'artifacts', 'docker', 'tags', 'delete']
2022-11-15 19:56:11,343 DEBUG    root            Loaded Command Group: ['gcloud', 'artifacts', 'docker', 'tags', 'add']
2022-11-15 19:56:11,345 DEBUG    root            Loaded Command Group: ['gcloud', 'artifacts', 'docker', 'images']
2022-11-15 19:56:11,371 DEBUG    root            Loaded Command Group: ['gcloud', 'artifacts', 'docker', 'images', 'list_vulnerabilities']
2022-11-15 19:56:11,378 DEBUG    root            Loaded Command Group: ['gcloud', 'artifacts', 'docker', 'images', 'scan']
2022-11-15 19:56:11,382 DEBUG    root            Loaded Command Group: ['gcloud', 'artifacts', 'docker', 'images', 'describe']
2022-11-15 19:56:11,390 DEBUG    root            Loaded Command Group: ['gcloud', 'artifacts', 'docker', 'images', 'get_operation']
2022-11-15 19:56:11,395 DEBUG    root            Loaded Command Group: ['gcloud', 'artifacts', 'docker', 'images', 'delete']
2022-11-15 19:56:11,398 DEBUG    root            Loaded Command Group: ['gcloud', 'artifacts', 'docker', 'images', 'list']
2022-11-15 19:56:11,399 DEBUG    root            Loaded Command Group: ['gcloud', 'artifacts', 'yum']
2022-11-15 19:56:11,401 DEBUG    root            Loaded Command Group: ['gcloud', 'artifacts', 'yum', 'import']
2022-11-15 19:56:11,407 DEBUG    root            Loaded Command Group: ['gcloud', 'artifacts', 'yum', 'upload']
2022-11-15 19:56:11,413 DEBUG    root            Loaded Command Group: ['gcloud', 'artifacts', 'print_settings']
2022-11-15 19:56:11,420 DEBUG    root            No implementation for release track [GA] for element: [/Users/satyampatel/Library/Application Support/cloud-code/installer/google-cloud-sdk/lib/surface/artifacts/print_settings/apt]
2022-11-15 19:56:11,421 DEBUG    root            Loaded Command Group: ['gcloud', 'artifacts', 'print-settings', 'npm']
2022-11-15 19:56:11,427 DEBUG    root            Loaded Command Group: ['gcloud', 'artifacts', 'print-settings', 'python']
2022-11-15 19:56:11,433 DEBUG    root            No implementation for release track [GA] for element: [/Users/satyampatel/Library/Application Support/cloud-code/installer/google-cloud-sdk/lib/surface/artifacts/print_settings/yum]
2022-11-15 19:56:11,435 DEBUG    root            Loaded Command Group: ['gcloud', 'artifacts', 'print-settings', 'mvn']
2022-11-15 19:56:11,441 DEBUG    root            Loaded Command Group: ['gcloud', 'artifacts', 'print-settings', 'gradle']
2022-11-15 19:56:11,446 DEBUG    root            Loaded Command Group: ['gcloud', 'artifacts', 'locations']
2022-11-15 19:56:11,448 DEBUG    root            Loaded Command Group: ['gcloud', 'artifacts', 'locations', 'list']
2022-11-15 19:56:11,449 DEBUG    root            Loaded Command Group: ['gcloud', 'artifacts', 'files']
2022-11-15 19:56:11,451 DEBUG    root            Loaded Command Group: ['gcloud', 'artifacts', 'files', 'download']
2022-11-15 19:56:11,456 DEBUG    root            Loaded Command Group: ['gcloud', 'artifacts', 'files', 'list']
2022-11-15 19:56:11,461 DEBUG    root            No implementation for release track [GA] for element: [/Users/satyampatel/Library/Application Support/cloud-code/installer/google-cloud-sdk/lib/surface/artifacts/googet]
2022-11-15 19:56:11,463 DEBUG    root            Loaded Command Group: ['gcloud', 'metastore']
2022-11-15 19:56:11,465 DEBUG    root            Loaded Command Group: ['gcloud', 'metastore', 'services']
2022-11-15 19:56:11,471 DEBUG    root            No implementation for release track [GA] for element: [/Users/satyampatel/Library/Application Support/cloud-code/installer/google-cloud-sdk/lib/surface/metastore/services/imports]
2022-11-15 19:56:11,510 DEBUG    root            Loaded Command Group: ['gcloud', 'metastore', 'services', 'remove_iam_policy_binding']
2022-11-15 19:56:11,513 DEBUG    root            No implementation for release track [GA] for element: [/Users/satyampatel/Library/Application Support/cloud-code/installer/google-cloud-sdk/lib/surface/metastore/services/databases]
2022-11-15 19:56:11,521 DEBUG    root            Loaded Command Group: ['gcloud', 'metastore', 'services', 'describe']
2022-11-15 19:56:11,524 DEBUG    root            Loaded Command Group: ['gcloud', 'metastore', 'services', 'import']
2022-11-15 19:56:11,546 DEBUG    root            Loaded Command Group: ['gcloud', 'metastore', 'services', 'import', 'gcs']
2022-11-15 19:56:11,550 DEBUG    root            Loaded Command Group: ['gcloud', 'metastore', 'services', 'export']
2022-11-15 19:56:11,577 DEBUG    root            Loaded Command Group: ['gcloud', 'metastore', 'services', 'export', 'gcs']
2022-11-15 19:56:11,587 DEBUG    root            Loaded Command Group: ['gcloud', 'metastore', 'services', 'delete']
2022-11-15 19:56:11,606 DEBUG    root            Loaded Command Group: ['gcloud', 'metastore', 'services', 'get_iam_policy']
2022-11-15 19:56:11,618 DEBUG    root            Loaded Command Group: ['gcloud', 'metastore', 'services', 'set_iam_policy']
2022-11-15 19:56:11,630 DEBUG    root            Loaded Command Group: ['gcloud', 'metastore', 'services', 'list']
2022-11-15 19:56:11,646 DEBUG    root            Loaded Command Group: ['gcloud', 'metastore', 'services', 'restore']
2022-11-15 19:56:11,649 DEBUG    root            Loaded Command Group: ['gcloud', 'metastore', 'services', 'backups']
2022-11-15 19:56:11,661 DEBUG    root            Loaded Command Group: ['gcloud', 'metastore', 'services', 'backups', 'remove_iam_policy_binding']
2022-11-15 19:56:11,670 DEBUG    root            Loaded Command Group: ['gcloud', 'metastore', 'services', 'backups', 'describe']
2022-11-15 19:56:11,680 DEBUG    root            Loaded Command Group: ['gcloud', 'metastore', 'services', 'backups', 'delete']
2022-11-15 19:56:11,691 DEBUG    root            Loaded Command Group: ['gcloud', 'metastore', 'services', 'backups', 'get_iam_policy']
2022-11-15 19:56:11,704 DEBUG    root            Loaded Command Group: ['gcloud', 'metastore', 'services', 'backups', 'set_iam_policy']
2022-11-15 19:56:11,715 DEBUG    root            Loaded Command Group: ['gcloud', 'metastore', 'services', 'backups', 'list']
2022-11-15 19:56:11,724 DEBUG    root            Loaded Command Group: ['gcloud', 'metastore', 'services', 'backups', 'add_iam_policy_binding']
2022-11-15 19:56:11,735 DEBUG    root            Loaded Command Group: ['gcloud', 'metastore', 'services', 'backups', 'create']
2022-11-15 19:56:11,745 DEBUG    root            Loaded Command Group: ['gcloud', 'metastore', 'services', 'add_iam_policy_binding']
2022-11-15 19:56:11,801 DEBUG    root            Loaded Command Group: ['gcloud', 'metastore', 'services', 'create']
2022-11-15 19:56:11,874 DEBUG    root            Loaded Command Group: ['gcloud', 'metastore', 'services', 'update']
2022-11-15 19:56:11,877 DEBUG    root            Loaded Command Group: ['gcloud', 'metastore', 'locations']
2022-11-15 19:56:11,886 DEBUG    root            Loaded Command Group: ['gcloud', 'metastore', 'locations', 'list']
2022-11-15 19:56:11,897 DEBUG    root            Loaded Command Group: ['gcloud', 'metastore', 'locations', 'describe']
2022-11-15 19:56:11,900 DEBUG    root            Loaded Command Group: ['gcloud', 'metastore', 'federations']
2022-11-15 19:56:11,910 DEBUG    root            Loaded Command Group: ['gcloud', 'metastore', 'federations', 'remove_iam_policy_binding']
2022-11-15 19:56:11,920 DEBUG    root            Loaded Command Group: ['gcloud', 'metastore', 'federations', 'describe']
2022-11-15 19:56:11,924 DEBUG    root            Loaded Command Group: ['gcloud', 'metastore', 'federations', 'delete']
2022-11-15 19:56:11,935 DEBUG    root            Loaded Command Group: ['gcloud', 'metastore', 'federations', 'get_iam_policy']
2022-11-15 19:56:11,972 DEBUG    root            Loaded Command Group: ['gcloud', 'metastore', 'federations', 'set_iam_policy']
2022-11-15 19:56:11,983 DEBUG    root            Loaded Command Group: ['gcloud', 'metastore', 'federations', 'list']
2022-11-15 19:56:11,992 DEBUG    root            Loaded Command Group: ['gcloud', 'metastore', 'federations', 'add_iam_policy_binding']
2022-11-15 19:56:12,008 DEBUG    root            Loaded Command Group: ['gcloud', 'metastore', 'federations', 'create']
2022-11-15 19:56:12,024 DEBUG    root            Loaded Command Group: ['gcloud', 'metastore', 'federations', 'update']
2022-11-15 19:56:12,026 DEBUG    root            Loaded Command Group: ['gcloud', 'metastore', 'operations']
2022-11-15 19:56:12,037 DEBUG    root            Loaded Command Group: ['gcloud', 'metastore', 'operations', 'list']
2022-11-15 19:56:12,041 DEBUG    root            Loaded Command Group: ['gcloud', 'metastore', 'operations', 'delete']
2022-11-15 19:56:12,053 DEBUG    root            Loaded Command Group: ['gcloud', 'metastore', 'operations', 'wait']
2022-11-15 19:56:12,183 DEBUG    root            Loaded Command Group: ['gcloud', 'metastore', 'operations', 'describe']
2022-11-15 19:56:12,189 DEBUG    root            No implementation for release track [GA] for element: [/Users/satyampatel/Library/Application Support/cloud-code/installer/google-cloud-sdk/lib/surface/bq]
2022-11-15 19:56:12,190 DEBUG    root            Loaded Command Group: ['gcloud', 'apigee']
2022-11-15 19:56:12,197 DEBUG    root            Loaded Command Group: ['gcloud', 'apigee', 'apis']
2022-11-15 19:56:12,213 DEBUG    root            Loaded Command Group: ['gcloud', 'apigee', 'apis', 'list']
2022-11-15 19:56:12,224 DEBUG    root            Loaded Command Group: ['gcloud', 'apigee', 'apis', 'undeploy']
2022-11-15 19:56:12,248 DEBUG    root            Loaded Command Group: ['gcloud', 'apigee', 'apis', 'deploy']
2022-11-15 19:56:12,271 DEBUG    root            Loaded Command Group: ['gcloud', 'apigee', 'apis', 'describe']
2022-11-15 19:56:12,276 DEBUG    root            Loaded Command Group: ['gcloud', 'apigee', 'environments']
2022-11-15 19:56:12,279 DEBUG    root            Loaded Command Group: ['gcloud', 'apigee', 'environments', 'list']
2022-11-15 19:56:12,284 DEBUG    root            No implementation for release track [GA] for element: [/Users/satyampatel/Library/Application Support/cloud-code/installer/google-cloud-sdk/lib/surface/apigee/environments/describe]
2022-11-15 19:56:12,286 DEBUG    root            Loaded Command Group: ['gcloud', 'apigee', 'products']
2022-11-15 19:56:12,292 DEBUG    root            Loaded Command Group: ['gcloud', 'apigee', 'products', 'create']
2022-11-15 19:56:12,298 DEBUG    root            Loaded Command Group: ['gcloud', 'apigee', 'products', 'describe']
2022-11-15 19:56:12,303 DEBUG    root            Loaded Command Group: ['gcloud', 'apigee', 'products', 'update']
2022-11-15 19:56:12,311 DEBUG    root            Loaded Command Group: ['gcloud', 'apigee', 'products', 'delete']
2022-11-15 19:56:12,318 DEBUG    root            Loaded Command Group: ['gcloud', 'apigee', 'products', 'list']
2022-11-15 19:56:12,321 DEBUG    root            Loaded Command Group: ['gcloud', 'apigee', 'applications']
2022-11-15 19:56:12,324 DEBUG    root            Loaded Command Group: ['gcloud', 'apigee', 'applications', 'list']
2022-11-15 19:56:12,332 DEBUG    root            Loaded Command Group: ['gcloud', 'apigee', 'applications', 'describe']
2022-11-15 19:56:12,336 DEBUG    root            No implementation for release track [GA] for element: [/Users/satyampatel/Library/Application Support/cloud-code/installer/google-cloud-sdk/lib/surface/apigee/archives]
2022-11-15 19:56:12,337 DEBUG    root            Loaded Command Group: ['gcloud', 'apigee', 'deployments']
2022-11-15 19:56:12,340 DEBUG    root            Loaded Command Group: ['gcloud', 'apigee', 'deployments', 'list']
2022-11-15 19:56:12,359 DEBUG    root            Loaded Command Group: ['gcloud', 'apigee', 'deployments', 'describe']
2022-11-15 19:56:12,378 DEBUG    root            No implementation for release track [GA] for element: [/Users/satyampatel/Library/Application Support/cloud-code/installer/google-cloud-sdk/lib/surface/apigee/operations]
2022-11-15 19:56:12,379 DEBUG    root            Loaded Command Group: ['gcloud', 'apigee', 'developers']
2022-11-15 19:56:12,382 DEBUG    root            Loaded Command Group: ['gcloud', 'apigee', 'developers', 'list']
2022-11-15 19:56:12,386 DEBUG    root            Loaded Command Group: ['gcloud', 'apigee', 'developers', 'describe']
2022-11-15 19:56:12,392 DEBUG    root            Loaded Command Group: ['gcloud', 'apigee', 'organizations']
2022-11-15 19:56:12,394 DEBUG    root            No implementation for release track [GA] for element: [/Users/satyampatel/Library/Application Support/cloud-code/installer/google-cloud-sdk/lib/surface/apigee/organizations/delete]
2022-11-15 19:56:12,396 DEBUG    root            No implementation for release track [GA] for element: [/Users/satyampatel/Library/Application Support/cloud-code/installer/google-cloud-sdk/lib/surface/apigee/organizations/provision]
2022-11-15 19:56:12,397 DEBUG    root            Loaded Command Group: ['gcloud', 'apigee', 'organizations', 'list']
2022-11-15 19:56:12,399 DEBUG    root            Loaded Command Group: ['gcloud', 'edge_cache']
2022-11-15 19:56:12,401 DEBUG    root            Loaded Command Group: ['gcloud', 'edge-cache', 'services']
2022-11-15 19:56:12,446 DEBUG    root            Loaded Command Group: ['gcloud', 'edge-cache', 'services', 'import']
2022-11-15 19:56:12,497 DEBUG    root            Loaded Command Group: ['gcloud', 'edge-cache', 'services', 'invalidate_cache']
2022-11-15 19:56:12,508 DEBUG    root            Loaded Command Group: ['gcloud', 'edge-cache', 'services', 'describe']
2022-11-15 19:56:12,522 DEBUG    root            Loaded Command Group: ['gcloud', 'edge-cache', 'services', 'update']
2022-11-15 19:56:12,533 DEBUG    root            Loaded Command Group: ['gcloud', 'edge-cache', 'services', 'delete']
2022-11-15 19:56:12,544 DEBUG    root            Loaded Command Group: ['gcloud', 'edge-cache', 'services', 'export']
2022-11-15 19:56:12,556 DEBUG    root            Loaded Command Group: ['gcloud', 'edge-cache', 'services', 'list']
2022-11-15 19:56:12,557 DEBUG    root            Loaded Command Group: ['gcloud', 'edge-cache', 'operations']
2022-11-15 19:56:12,567 DEBUG    root            Loaded Command Group: ['gcloud', 'edge-cache', 'operations', 'list']
2022-11-15 19:56:12,575 DEBUG    root            Loaded Command Group: ['gcloud', 'edge-cache', 'operations', 'describe']
2022-11-15 19:56:12,578 DEBUG    root            Loaded Command Group: ['gcloud', 'edge-cache', 'keysets']
2022-11-15 19:56:12,589 DEBUG    root            Loaded Command Group: ['gcloud', 'edge-cache', 'keysets', 'import']
2022-11-15 19:56:12,602 DEBUG    root            Loaded Command Group: ['gcloud', 'edge-cache', 'keysets', 'create']
2022-11-15 19:56:12,611 DEBUG    root            Loaded Command Group: ['gcloud', 'edge-cache', 'keysets', 'describe']
2022-11-15 19:56:12,629 DEBUG    root            Loaded Command Group: ['gcloud', 'edge-cache', 'keysets', 'update']
2022-11-15 19:56:12,640 DEBUG    root            Loaded Command Group: ['gcloud', 'edge-cache', 'keysets', 'delete']
2022-11-15 19:56:12,651 DEBUG    root            Loaded Command Group: ['gcloud', 'edge-cache', 'keysets', 'export']
2022-11-15 19:56:12,663 DEBUG    root            Loaded Command Group: ['gcloud', 'edge-cache', 'keysets', 'list']
2022-11-15 19:56:12,664 DEBUG    root            Loaded Command Group: ['gcloud', 'edge-cache', 'origins']
2022-11-15 19:56:12,675 DEBUG    root            Loaded Command Group: ['gcloud', 'edge-cache', 'origins', 'import']
2022-11-15 19:56:12,690 DEBUG    root            Loaded Command Group: ['gcloud', 'edge-cache', 'origins', 'create']
2022-11-15 19:56:12,700 DEBUG    root            Loaded Command Group: ['gcloud', 'edge-cache', 'origins', 'describe']
2022-11-15 19:56:12,714 DEBUG    root            Loaded Command Group: ['gcloud', 'edge-cache', 'origins', 'update']
2022-11-15 19:56:12,724 DEBUG    root            Loaded Command Group: ['gcloud', 'edge-cache', 'origins', 'delete']
2022-11-15 19:56:12,732 DEBUG    root            Loaded Command Group: ['gcloud', 'edge-cache', 'origins', 'export']
2022-11-15 19:56:12,744 DEBUG    root            Loaded Command Group: ['gcloud', 'edge-cache', 'origins', 'list']
2022-11-15 19:56:12,746 DEBUG    root            Loaded Command Group: ['gcloud', 'kms']
2022-11-15 19:56:12,758 DEBUG    root            Loaded Command Group: ['gcloud', 'kms', 'encrypt']
2022-11-15 19:56:12,760 DEBUG    root            Loaded Command Group: ['gcloud', 'kms', 'asymmetric_decrypt']
2022-11-15 19:56:12,763 DEBUG    root            Loaded Command Group: ['gcloud', 'kms', 'locations']
2022-11-15 19:56:12,766 DEBUG    root            Loaded Command Group: ['gcloud', 'kms', 'locations', 'list']
2022-11-15 19:56:12,769 DEBUG    root            Loaded Command Group: ['gcloud', 'kms', 'mac_sign']
2022-11-15 19:56:12,772 DEBUG    root            No implementation for release track [GA] for element: [/Users/satyampatel/Library/Application Support/cloud-code/installer/google-cloud-sdk/lib/surface/kms/inventory]
2022-11-15 19:56:12,774 DEBUG    root            Loaded Command Group: ['gcloud', 'kms', 'decrypt']
2022-11-15 19:56:12,777 DEBUG    root            Loaded Command Group: ['gcloud', 'kms', 'keys']
2022-11-15 19:56:12,783 DEBUG    root            Loaded Command Group: ['gcloud', 'kms', 'keys', 'set_primary_version']
2022-11-15 19:56:12,808 DEBUG    root            Loaded Command Group: ['gcloud', 'kms', 'keys', 'remove_iam_policy_binding']
2022-11-15 19:56:12,812 DEBUG    root            Loaded Command Group: ['gcloud', 'kms', 'keys', 'remove_rotation_schedule']
2022-11-15 19:56:12,815 DEBUG    root            Loaded Command Group: ['gcloud', 'kms', 'keys', 'describe']
2022-11-15 19:56:12,830 DEBUG    root            Loaded Command Group: ['gcloud', 'kms', 'keys', 'get_iam_policy']
2022-11-15 19:56:12,838 DEBUG    root            Loaded Command Group: ['gcloud', 'kms', 'keys', 'set_iam_policy']
2022-11-15 19:56:12,840 DEBUG    root            Loaded Command Group: ['gcloud', 'kms', 'keys', 'list']
2022-11-15 19:56:12,851 DEBUG    root            Loaded Command Group: ['gcloud', 'kms', 'keys', 'add_iam_policy_binding']
2022-11-15 19:56:12,856 DEBUG    root            Loaded Command Group: ['gcloud', 'kms', 'keys', 'set_rotation_schedule']
2022-11-15 19:56:12,858 DEBUG    root            Loaded Command Group: ['gcloud', 'kms', 'keys', 'create']
2022-11-15 19:56:12,867 DEBUG    root            No implementation for release track [GA] for element: [/Users/satyampatel/Library/Application Support/cloud-code/installer/google-cloud-sdk/lib/surface/kms/keys/config]
2022-11-15 19:56:12,869 DEBUG    root            Loaded Command Group: ['gcloud', 'kms', 'keys', 'update']
2022-11-15 19:56:12,876 DEBUG    root            Loaded Command Group: ['gcloud', 'kms', 'keys', 'versions']
2022-11-15 19:56:12,879 DEBUG    root            Loaded Command Group: ['gcloud', 'kms', 'keys', 'versions', 'get_certificate_chain']
2022-11-15 19:56:12,883 DEBUG    root            Loaded Command Group: ['gcloud', 'kms', 'keys', 'versions', 'disable']
2022-11-15 19:56:12,886 DEBUG    root            Loaded Command Group: ['gcloud', 'kms', 'keys', 'versions', 'describe']
2022-11-15 19:56:12,889 DEBUG    root            Loaded Command Group: ['gcloud', 'kms', 'keys', 'versions', 'get_public_key']
2022-11-15 19:56:12,891 DEBUG    root            Loaded Command Group: ['gcloud', 'kms', 'keys', 'versions', 'import']
2022-11-15 19:56:12,893 DEBUG    root            Loaded Command Group: ['gcloud', 'kms', 'keys', 'versions', 'list']
2022-11-15 19:56:12,895 DEBUG    root            Loaded Command Group: ['gcloud', 'kms', 'keys', 'versions', 'restore']
2022-11-15 19:56:12,897 DEBUG    root            Loaded Command Group: ['gcloud', 'kms', 'keys', 'versions', 'destroy']
2022-11-15 19:56:12,899 DEBUG    root            Loaded Command Group: ['gcloud', 'kms', 'keys', 'versions', 'create']
2022-11-15 19:56:12,901 DEBUG    root            Loaded Command Group: ['gcloud', 'kms', 'keys', 'versions', 'update']
2022-11-15 19:56:12,904 DEBUG    root            Loaded Command Group: ['gcloud', 'kms', 'keys', 'versions', 'enable']
2022-11-15 19:56:12,906 DEBUG    root            Loaded Command Group: ['gcloud', 'kms', 'import_jobs']
2022-11-15 19:56:12,916 DEBUG    root            Loaded Command Group: ['gcloud', 'kms', 'import-jobs', 'set_iam_policy']
2022-11-15 19:56:12,925 DEBUG    root            Loaded Command Group: ['gcloud', 'kms', 'import-jobs', 'add_iam_policy_binding']
2022-11-15 19:56:12,935 DEBUG    root            Loaded Command Group: ['gcloud', 'kms', 'import-jobs', 'remove_iam_policy_binding']
2022-11-15 19:56:12,939 DEBUG    root            Loaded Command Group: ['gcloud', 'kms', 'import-jobs', 'create']
2022-11-15 19:56:12,941 DEBUG    root            Loaded Command Group: ['gcloud', 'kms', 'import-jobs', 'describe']
2022-11-15 19:56:12,949 DEBUG    root            Loaded Command Group: ['gcloud', 'kms', 'import-jobs', 'get_iam_policy']
2022-11-15 19:56:12,954 DEBUG    root            Loaded Command Group: ['gcloud', 'kms', 'import-jobs', 'list']
2022-11-15 19:56:12,957 DEBUG    root            Loaded Command Group: ['gcloud', 'kms', 'asymmetric_sign']
2022-11-15 19:56:12,959 DEBUG    root            Loaded Command Group: ['gcloud', 'kms', 'keyrings']
2022-11-15 19:56:12,968 DEBUG    root            Loaded Command Group: ['gcloud', 'kms', 'keyrings', 'remove_iam_policy_binding']
2022-11-15 19:56:12,971 DEBUG    root            Loaded Command Group: ['gcloud', 'kms', 'keyrings', 'describe']
2022-11-15 19:56:12,978 DEBUG    root            Loaded Command Group: ['gcloud', 'kms', 'keyrings', 'get_iam_policy']
2022-11-15 19:56:12,981 DEBUG    root            Loaded Command Group: ['gcloud', 'kms', 'keyrings', 'set_iam_policy']
2022-11-15 19:56:12,983 DEBUG    root            Loaded Command Group: ['gcloud', 'kms', 'keyrings', 'list']
2022-11-15 19:56:12,998 DEBUG    root            Loaded Command Group: ['gcloud', 'kms', 'keyrings', 'add_iam_policy_binding']
2022-11-15 19:56:13,002 DEBUG    root            Loaded Command Group: ['gcloud', 'kms', 'keyrings', 'create']
2022-11-15 19:56:13,009 DEBUG    root            No implementation for release track [GA] for element: [/Users/satyampatel/Library/Application Support/cloud-code/installer/google-cloud-sdk/lib/surface/kms/keyrings/config]
2022-11-15 19:56:13,010 DEBUG    root            Loaded Command Group: ['gcloud', 'kms', 'mac_verify']
2022-11-15 19:56:13,012 DEBUG    root            Loaded Command Group: ['gcloud', 'kms', 'ekm_connections']
2022-11-15 19:56:13,024 DEBUG    root            Loaded Command Group: ['gcloud', 'kms', 'ekm-connections', 'remove_iam_policy_binding']
2022-11-15 19:56:13,029 DEBUG    root            Loaded Command Group: ['gcloud', 'kms', 'ekm-connections', 'describe']
2022-11-15 19:56:13,046 DEBUG    root            Loaded Command Group: ['gcloud', 'kms', 'ekm-connections', 'get_iam_policy']
2022-11-15 19:56:13,055 DEBUG    root            Loaded Command Group: ['gcloud', 'kms', 'ekm-connections', 'set_iam_policy']
2022-11-15 19:56:13,058 DEBUG    root            Loaded Command Group: ['gcloud', 'kms', 'ekm-connections', 'list']
2022-11-15 19:56:13,067 DEBUG    root            Loaded Command Group: ['gcloud', 'kms', 'ekm-connections', 'add_iam_policy_binding']
2022-11-15 19:56:13,071 DEBUG    root            Loaded Command Group: ['gcloud', 'kms', 'ekm-connections', 'create']
2022-11-15 19:56:13,077 DEBUG    root            Loaded Command Group: ['gcloud', 'kms', 'ekm-connections', 'update']
2022-11-15 19:56:13,083 DEBUG    root            No implementation for release track [GA] for element: [/Users/satyampatel/Library/Application Support/cloud-code/installer/google-cloud-sdk/lib/surface/workstations]
2022-11-15 19:56:13,084 DEBUG    root            Loaded Command Group: ['gcloud', 'spanner']
2022-11-15 19:56:13,087 DEBUG    root            Loaded Command Group: ['gcloud', 'spanner', 'backups']
2022-11-15 19:56:13,143 DEBUG    root            Loaded Command Group: ['gcloud', 'spanner', 'backups', 'remove_iam_policy_binding']
2022-11-15 19:56:13,158 DEBUG    root            Loaded Command Group: ['gcloud', 'spanner', 'backups', 'describe']
2022-11-15 19:56:13,174 DEBUG    root            Loaded Command Group: ['gcloud', 'spanner', 'backups', 'delete']
2022-11-15 19:56:13,190 DEBUG    root            Loaded Command Group: ['gcloud', 'spanner', 'backups', 'get_iam_policy']
2022-11-15 19:56:13,206 DEBUG    root            Loaded Command Group: ['gcloud', 'spanner', 'backups', 'set_iam_policy']
2022-11-15 19:56:13,219 DEBUG    root            Loaded Command Group: ['gcloud', 'spanner', 'backups', 'copy']
2022-11-15 19:56:13,236 DEBUG    root            Loaded Command Group: ['gcloud', 'spanner', 'backups', 'list']
2022-11-15 19:56:13,254 DEBUG    root            Loaded Command Group: ['gcloud', 'spanner', 'backups', 'update_metadata']
2022-11-15 19:56:13,271 DEBUG    root            Loaded Command Group: ['gcloud', 'spanner', 'backups', 'add_iam_policy_binding']
2022-11-15 19:56:13,279 DEBUG    root            Loaded Command Group: ['gcloud', 'spanner', 'backups', 'create']
2022-11-15 19:56:13,286 DEBUG    root            Loaded Command Group: ['gcloud', 'spanner', 'rows']
2022-11-15 19:56:13,317 DEBUG    root            Loaded Command Group: ['gcloud', 'spanner', 'rows', 'update']
2022-11-15 19:56:13,321 DEBUG    root            Loaded Command Group: ['gcloud', 'spanner', 'rows', 'delete']
2022-11-15 19:56:13,326 DEBUG    root            Loaded Command Group: ['gcloud', 'spanner', 'rows', 'insert']
2022-11-15 19:56:13,329 DEBUG    root            Loaded Command Group: ['gcloud', 'spanner', 'operations']
2022-11-15 19:56:13,453 DEBUG    root            Loaded Command Group: ['gcloud', 'spanner', 'operations', 'list']
2022-11-15 19:56:13,458 DEBUG    root            Loaded Command Group: ['gcloud', 'spanner', 'operations', 'cancel']
2022-11-15 19:56:13,461 DEBUG    root            Loaded Command Group: ['gcloud', 'spanner', 'operations', 'describe']
2022-11-15 19:56:13,463 DEBUG    root            Loaded Command Group: ['gcloud', 'spanner', 'instances']
2022-11-15 19:56:13,475 DEBUG    root            Loaded Command Group: ['gcloud', 'spanner', 'instances', 'remove_iam_policy_binding']
2022-11-15 19:56:13,484 DEBUG    root            Loaded Command Group: ['gcloud', 'spanner', 'instances', 'describe']
