2022-11-15 19:56:05,909 DEBUG    root            Loaded Command Group: ['gcloud', 'components']
2022-11-15 19:56:05,916 DEBUG    root            Loaded Command Group: ['gcloud', 'components', 'list']
2022-11-15 19:56:05,920 DEBUG    root            Running [gcloud.components.list] with arguments: [--format: "json", --quiet: "True", --verbosity: "warning"]
2022-11-15 19:56:05,949 DEBUG    urllib3.connectionpool Starting new HTTPS connection (1): dl.google.com:443
2022-11-15 19:56:06,087 DEBUG    urllib3.connectionpool https://dl.google.com:443 "GET /dl/cloudsdk/channels/rapid/components-2.json HTTP/1.1" 200 203447
2022-11-15 19:56:06,165 INFO     ___FILE_ONLY___ 
Your current Google Cloud CLI version is: 410.0.0

2022-11-15 19:56:06,165 INFO     ___FILE_ONLY___ The latest available version is: 410.0.0

2022-11-15 19:56:06,165 INFO     ___FILE_ONLY___ 

2022-11-15 19:56:06,167 INFO     root            Display format: "table[box,title="Components"](state.name:label=Status,name:label=Name,id:label=ID,size.size(zero="",min=1048576):label=Size:align=right) json"
2022-11-15 19:56:06,168 INFO     ___FILE_ONLY___ [
  {
2022-11-15 19:56:06,168 INFO     ___FILE_ONLY___ 
    "current_version_string": null,
2022-11-15 19:56:06,168 INFO     ___FILE_ONLY___ 
    "id": "app-engine-go",
2022-11-15 19:56:06,168 INFO     ___FILE_ONLY___ 
    "is_configuration": false,
2022-11-15 19:56:06,168 INFO     ___FILE_ONLY___ 
    "is_hidden": false,
2022-11-15 19:56:06,169 INFO     ___FILE_ONLY___ 
    "latest_version_string": "1.9.72",
2022-11-15 19:56:06,169 INFO     ___FILE_ONLY___ 
    "name": "App Engine Go Extensions",
2022-11-15 19:56:06,169 INFO     ___FILE_ONLY___ 
    "platform": {
2022-11-15 19:56:06,169 INFO     ___FILE_ONLY___ 
      "architecture": {
2022-11-15 19:56:06,169 INFO     ___FILE_ONLY___ 
        "file_name": "x86_64",
2022-11-15 19:56:06,169 INFO     ___FILE_ONLY___ 
        "id": "x86_64",
2022-11-15 19:56:06,170 INFO     ___FILE_ONLY___ 
        "name": "x86_64"
2022-11-15 19:56:06,170 INFO     ___FILE_ONLY___ 
      },
2022-11-15 19:56:06,170 INFO     ___FILE_ONLY___ 
      "operating_system": {
2022-11-15 19:56:06,170 INFO     ___FILE_ONLY___ 
        "file_name": "darwin",
2022-11-15 19:56:06,170 INFO     ___FILE_ONLY___ 
        "id": "MACOSX",
2022-11-15 19:56:06,170 INFO     ___FILE_ONLY___ 
        "name": "Mac OS X"
2022-11-15 19:56:06,170 INFO     ___FILE_ONLY___ 
      }
2022-11-15 19:56:06,171 INFO     ___FILE_ONLY___ 
    },
2022-11-15 19:56:06,171 INFO     ___FILE_ONLY___ 
    "platform_required": false,
2022-11-15 19:56:06,171 INFO     ___FILE_ONLY___ 
    "size": 4320254,
2022-11-15 19:56:06,171 INFO     ___FILE_ONLY___ 
    "state": {
2022-11-15 19:56:06,171 INFO     ___FILE_ONLY___ 
      "name": "Not Installed"
2022-11-15 19:56:06,171 INFO     ___FILE_ONLY___ 
    }
2022-11-15 19:56:06,171 INFO     ___FILE_ONLY___ 
  }
2022-11-15 19:56:06,172 INFO     ___FILE_ONLY___ ,
  {
2022-11-15 19:56:06,172 INFO     ___FILE_ONLY___ 
    "current_version_string": null,
2022-11-15 19:56:06,172 INFO     ___FILE_ONLY___ 
    "id": "appctl",
2022-11-15 19:56:06,172 INFO     ___FILE_ONLY___ 
    "is_configuration": false,
2022-11-15 19:56:06,172 INFO     ___FILE_ONLY___ 
    "is_hidden": false,
2022-11-15 19:56:06,172 INFO     ___FILE_ONLY___ 
    "latest_version_string": "0.1.12",
2022-11-15 19:56:06,173 INFO     ___FILE_ONLY___ 
    "name": "Appctl",
2022-11-15 19:56:06,173 INFO     ___FILE_ONLY___ 
    "platform": {
2022-11-15 19:56:06,173 INFO     ___FILE_ONLY___ 
      "architecture": {
2022-11-15 19:56:06,173 INFO     ___FILE_ONLY___ 
        "file_name": "x86_64",
2022-11-15 19:56:06,173 INFO     ___FILE_ONLY___ 
        "id": "x86_64",
2022-11-15 19:56:06,173 INFO     ___FILE_ONLY___ 
        "name": "x86_64"
2022-11-15 19:56:06,173 INFO     ___FILE_ONLY___ 
      },
2022-11-15 19:56:06,173 INFO     ___FILE_ONLY___ 
      "operating_system": {
2022-11-15 19:56:06,173 INFO     ___FILE_ONLY___ 
        "file_name": "darwin",
2022-11-15 19:56:06,173 INFO     ___FILE_ONLY___ 
        "id": "MACOSX",
2022-11-15 19:56:06,173 INFO     ___FILE_ONLY___ 
        "name": "Mac OS X"
2022-11-15 19:56:06,176 INFO     ___FILE_ONLY___ 
      }
2022-11-15 19:56:06,177 INFO     ___FILE_ONLY___ 
    },
2022-11-15 19:56:06,177 INFO     ___FILE_ONLY___ 
    "platform_required": false,
2022-11-15 19:56:06,177 INFO     ___FILE_ONLY___ 
    "size": 19381598,
2022-11-15 19:56:06,177 INFO     ___FILE_ONLY___ 
    "state": {
2022-11-15 19:56:06,177 INFO     ___FILE_ONLY___ 
      "name": "Not Installed"
2022-11-15 19:56:06,178 INFO     ___FILE_ONLY___ 
    }
2022-11-15 19:56:06,178 INFO     ___FILE_ONLY___ 
  }
2022-11-15 19:56:06,179 INFO     ___FILE_ONLY___ ,
  {
2022-11-15 19:56:06,179 INFO     ___FILE_ONLY___ 
    "current_version_string": null,
2022-11-15 19:56:06,179 INFO     ___FILE_ONLY___ 
    "id": "package-go-module",
2022-11-15 19:56:06,179 INFO     ___FILE_ONLY___ 
    "is_configuration": false,
2022-11-15 19:56:06,179 INFO     ___FILE_ONLY___ 
    "is_hidden": false,
2022-11-15 19:56:06,179 INFO     ___FILE_ONLY___ 
    "latest_version_string": "0.3.0",
2022-11-15 19:56:06,180 INFO     ___FILE_ONLY___ 
    "name": "Artifact Registry Go Module Package Helper",
2022-11-15 19:56:06,180 INFO     ___FILE_ONLY___ 
    "platform": {
2022-11-15 19:56:06,180 INFO     ___FILE_ONLY___ 
      "architecture": {
2022-11-15 19:56:06,180 INFO     ___FILE_ONLY___ 
        "file_name": "x86_64",
2022-11-15 19:56:06,180 INFO     ___FILE_ONLY___ 
        "id": "x86_64",
2022-11-15 19:56:06,180 INFO     ___FILE_ONLY___ 
        "name": "x86_64"
2022-11-15 19:56:06,180 INFO     ___FILE_ONLY___ 
      },
2022-11-15 19:56:06,180 INFO     ___FILE_ONLY___ 
      "operating_system": {
2022-11-15 19:56:06,180 INFO     ___FILE_ONLY___ 
        "file_name": "darwin",
2022-11-15 19:56:06,181 INFO     ___FILE_ONLY___ 
        "id": "MACOSX",
2022-11-15 19:56:06,181 INFO     ___FILE_ONLY___ 
        "name": "Mac OS X"
2022-11-15 19:56:06,181 INFO     ___FILE_ONLY___ 
      }
2022-11-15 19:56:06,181 INFO     ___FILE_ONLY___ 
    },
2022-11-15 19:56:06,181 INFO     ___FILE_ONLY___ 
    "platform_required": false,
2022-11-15 19:56:06,181 INFO     ___FILE_ONLY___ 
    "size": 840902,
2022-11-15 19:56:06,181 INFO     ___FILE_ONLY___ 
    "state": {
2022-11-15 19:56:06,181 INFO     ___FILE_ONLY___ 
      "name": "Not Installed"
2022-11-15 19:56:06,181 INFO     ___FILE_ONLY___ 
    }
2022-11-15 19:56:06,181 INFO     ___FILE_ONLY___ 
  }
2022-11-15 19:56:06,182 INFO     ___FILE_ONLY___ ,
  {
2022-11-15 19:56:06,182 INFO     ___FILE_ONLY___ 
    "current_version_string": null,
2022-11-15 19:56:06,182 INFO     ___FILE_ONLY___ 
    "id": "cbt",
2022-11-15 19:56:06,183 INFO     ___FILE_ONLY___ 
    "is_configuration": false,
2022-11-15 19:56:06,183 INFO     ___FILE_ONLY___ 
    "is_hidden": false,
2022-11-15 19:56:06,183 INFO     ___FILE_ONLY___ 
    "latest_version_string": "0.12.1",
2022-11-15 19:56:06,183 INFO     ___FILE_ONLY___ 
    "name": "Cloud Bigtable Command Line Tool",
2022-11-15 19:56:06,183 INFO     ___FILE_ONLY___ 
    "platform": {
2022-11-15 19:56:06,183 INFO     ___FILE_ONLY___ 
      "architecture": {
2022-11-15 19:56:06,183 INFO     ___FILE_ONLY___ 
        "file_name": "x86_64",
2022-11-15 19:56:06,183 INFO     ___FILE_ONLY___ 
        "id": "x86_64",
2022-11-15 19:56:06,183 INFO     ___FILE_ONLY___ 
        "name": "x86_64"
2022-11-15 19:56:06,183 INFO     ___FILE_ONLY___ 
      },
2022-11-15 19:56:06,184 INFO     ___FILE_ONLY___ 
      "operating_system": {
2022-11-15 19:56:06,184 INFO     ___FILE_ONLY___ 
        "file_name": "darwin",
2022-11-15 19:56:06,184 INFO     ___FILE_ONLY___ 
        "id": "MACOSX",
2022-11-15 19:56:06,184 INFO     ___FILE_ONLY___ 
        "name": "Mac OS X"
2022-11-15 19:56:06,184 INFO     ___FILE_ONLY___ 
      }
2022-11-15 19:56:06,184 INFO     ___FILE_ONLY___ 
    },
2022-11-15 19:56:06,184 INFO     ___FILE_ONLY___ 
    "platform_required": false,
2022-11-15 19:56:06,184 INFO     ___FILE_ONLY___ 
    "size": 10479929,
2022-11-15 19:56:06,184 INFO     ___FILE_ONLY___ 
    "state": {
2022-11-15 19:56:06,185 INFO     ___FILE_ONLY___ 
      "name": "Not Installed"
2022-11-15 19:56:06,185 INFO     ___FILE_ONLY___ 
    }
2022-11-15 19:56:06,185 INFO     ___FILE_ONLY___ 
  }
2022-11-15 19:56:06,185 INFO     ___FILE_ONLY___ ,
  {
2022-11-15 19:56:06,186 INFO     ___FILE_ONLY___ 
    "current_version_string": null,
2022-11-15 19:56:06,186 INFO     ___FILE_ONLY___ 
    "id": "bigtable",
2022-11-15 19:56:06,186 INFO     ___FILE_ONLY___ 
    "is_configuration": false,
2022-11-15 19:56:06,186 INFO     ___FILE_ONLY___ 
    "is_hidden": false,
2022-11-15 19:56:06,186 INFO     ___FILE_ONLY___ 
    "latest_version_string": "",
2022-11-15 19:56:06,186 INFO     ___FILE_ONLY___ 
    "name": "Cloud Bigtable Emulator",
2022-11-15 19:56:06,187 INFO     ___FILE_ONLY___ 
    "platform": {
2022-11-15 19:56:06,187 INFO     ___FILE_ONLY___ 
      "architecture": {
2022-11-15 19:56:06,187 INFO     ___FILE_ONLY___ 
        "file_name": "x86_64",
2022-11-15 19:56:06,187 INFO     ___FILE_ONLY___ 
        "id": "x86_64",
2022-11-15 19:56:06,187 INFO     ___FILE_ONLY___ 
        "name": "x86_64"
2022-11-15 19:56:06,187 INFO     ___FILE_ONLY___ 
      },
2022-11-15 19:56:06,187 INFO     ___FILE_ONLY___ 
      "operating_system": {
2022-11-15 19:56:06,187 INFO     ___FILE_ONLY___ 
        "file_name": "darwin",
2022-11-15 19:56:06,188 INFO     ___FILE_ONLY___ 
        "id": "MACOSX",
2022-11-15 19:56:06,188 INFO     ___FILE_ONLY___ 
        "name": "Mac OS X"
2022-11-15 19:56:06,188 INFO     ___FILE_ONLY___ 
      }
2022-11-15 19:56:06,188 INFO     ___FILE_ONLY___ 
    },
2022-11-15 19:56:06,188 INFO     ___FILE_ONLY___ 
    "platform_required": false,
2022-11-15 19:56:06,188 INFO     ___FILE_ONLY___ 
    "size": 6842480,
2022-11-15 19:56:06,188 INFO     ___FILE_ONLY___ 
    "state": {
2022-11-15 19:56:06,188 INFO     ___FILE_ONLY___ 
      "name": "Not Installed"
2022-11-15 19:56:06,188 INFO     ___FILE_ONLY___ 
    }
2022-11-15 19:56:06,188 INFO     ___FILE_ONLY___ 
  }
2022-11-15 19:56:06,189 INFO     ___FILE_ONLY___ ,
  {
2022-11-15 19:56:06,189 INFO     ___FILE_ONLY___ 
    "current_version_string": null,
2022-11-15 19:56:06,189 INFO     ___FILE_ONLY___ 
    "id": "datalab",
2022-11-15 19:56:06,189 INFO     ___FILE_ONLY___ 
    "is_configuration": false,
2022-11-15 19:56:06,189 INFO     ___FILE_ONLY___ 
    "is_hidden": false,
2022-11-15 19:56:06,189 INFO     ___FILE_ONLY___ 
    "latest_version_string": "20190610",
2022-11-15 19:56:06,189 INFO     ___FILE_ONLY___ 
    "name": "Cloud Datalab Command Line Tool",
2022-11-15 19:56:06,190 INFO     ___FILE_ONLY___ 
    "platform": {
2022-11-15 19:56:06,190 INFO     ___FILE_ONLY___ 
      "architecture": {
2022-11-15 19:56:06,190 INFO     ___FILE_ONLY___ 
        "file_name": "x86_64",
2022-11-15 19:56:06,190 INFO     ___FILE_ONLY___ 
        "id": "x86_64",
2022-11-15 19:56:06,190 INFO     ___FILE_ONLY___ 
        "name": "x86_64"
2022-11-15 19:56:06,190 INFO     ___FILE_ONLY___ 
      },
2022-11-15 19:56:06,190 INFO     ___FILE_ONLY___ 
      "operating_system": {
2022-11-15 19:56:06,190 INFO     ___FILE_ONLY___ 
        "file_name": "darwin",
2022-11-15 19:56:06,190 INFO     ___FILE_ONLY___ 
        "id": "MACOSX",
2022-11-15 19:56:06,191 INFO     ___FILE_ONLY___ 
        "name": "Mac OS X"
2022-11-15 19:56:06,191 INFO     ___FILE_ONLY___ 
      }
2022-11-15 19:56:06,191 INFO     ___FILE_ONLY___ 
    },
2022-11-15 19:56:06,191 INFO     ___FILE_ONLY___ 
    "platform_required": false,
2022-11-15 19:56:06,191 INFO     ___FILE_ONLY___ 
    "size": 74849,
2022-11-15 19:56:06,191 INFO     ___FILE_ONLY___ 
    "state": {
2022-11-15 19:56:06,191 INFO     ___FILE_ONLY___ 
      "name": "Not Installed"
2022-11-15 19:56:06,191 INFO     ___FILE_ONLY___ 
    }
2022-11-15 19:56:06,191 INFO     ___FILE_ONLY___ 
  }
2022-11-15 19:56:06,192 INFO     ___FILE_ONLY___ ,
  {
2022-11-15 19:56:06,192 INFO     ___FILE_ONLY___ 
    "current_version_string": null,
2022-11-15 19:56:06,192 INFO     ___FILE_ONLY___ 
    "id": "cloud-datastore-emulator",
2022-11-15 19:56:06,193 INFO     ___FILE_ONLY___ 
    "is_configuration": false,
2022-11-15 19:56:06,193 INFO     ___FILE_ONLY___ 
    "is_hidden": false,
2022-11-15 19:56:06,193 INFO     ___FILE_ONLY___ 
    "latest_version_string": "2.3.0",
2022-11-15 19:56:06,193 INFO     ___FILE_ONLY___ 
    "name": "Cloud Datastore Emulator",
2022-11-15 19:56:06,193 INFO     ___FILE_ONLY___ 
    "platform": {
2022-11-15 19:56:06,193 INFO     ___FILE_ONLY___ 
      "architecture": {
2022-11-15 19:56:06,194 INFO     ___FILE_ONLY___ 
        "file_name": "x86_64",
2022-11-15 19:56:06,194 INFO     ___FILE_ONLY___ 
        "id": "x86_64",
2022-11-15 19:56:06,194 INFO     ___FILE_ONLY___ 
        "name": "x86_64"
2022-11-15 19:56:06,194 INFO     ___FILE_ONLY___ 
      },
2022-11-15 19:56:06,194 INFO     ___FILE_ONLY___ 
      "operating_system": {
2022-11-15 19:56:06,194 INFO     ___FILE_ONLY___ 
        "file_name": "darwin",
2022-11-15 19:56:06,194 INFO     ___FILE_ONLY___ 
        "id": "MACOSX",
2022-11-15 19:56:06,195 INFO     ___FILE_ONLY___ 
        "name": "Mac OS X"
2022-11-15 19:56:06,195 INFO     ___FILE_ONLY___ 
      }
2022-11-15 19:56:06,195 INFO     ___FILE_ONLY___ 
    },
2022-11-15 19:56:06,195 INFO     ___FILE_ONLY___ 
    "platform_required": false,
2022-11-15 19:56:06,195 INFO     ___FILE_ONLY___ 
    "size": 36755687,
2022-11-15 19:56:06,195 INFO     ___FILE_ONLY___ 
    "state": {
2022-11-15 19:56:06,195 INFO     ___FILE_ONLY___ 
      "name": "Not Installed"
2022-11-15 19:56:06,195 INFO     ___FILE_ONLY___ 
    }
2022-11-15 19:56:06,195 INFO     ___FILE_ONLY___ 
  }
2022-11-15 19:56:06,196 INFO     ___FILE_ONLY___ ,
  {
2022-11-15 19:56:06,196 INFO     ___FILE_ONLY___ 
    "current_version_string": null,
2022-11-15 19:56:06,196 INFO     ___FILE_ONLY___ 
    "id": "cloud-firestore-emulator",
2022-11-15 19:56:06,196 INFO     ___FILE_ONLY___ 
    "is_configuration": false,
2022-11-15 19:56:06,196 INFO     ___FILE_ONLY___ 
    "is_hidden": false,
2022-11-15 19:56:06,196 INFO     ___FILE_ONLY___ 
    "latest_version_string": "1.15.1",
2022-11-15 19:56:06,196 INFO     ___FILE_ONLY___ 
    "name": "Cloud Firestore Emulator",
2022-11-15 19:56:06,196 INFO     ___FILE_ONLY___ 
    "platform": {
2022-11-15 19:56:06,196 INFO     ___FILE_ONLY___ 
      "architecture": {
2022-11-15 19:56:06,196 INFO     ___FILE_ONLY___ 
        "file_name": "x86_64",
2022-11-15 19:56:06,196 INFO     ___FILE_ONLY___ 
        "id": "x86_64",
2022-11-15 19:56:06,196 INFO     ___FILE_ONLY___ 
        "name": "x86_64"
2022-11-15 19:56:06,196 INFO     ___FILE_ONLY___ 
      },
2022-11-15 19:56:06,196 INFO     ___FILE_ONLY___ 
      "operating_system": {
2022-11-15 19:56:06,196 INFO     ___FILE_ONLY___ 
        "file_name": "darwin",
2022-11-15 19:56:06,197 INFO     ___FILE_ONLY___ 
        "id": "MACOSX",
2022-11-15 19:56:06,197 INFO     ___FILE_ONLY___ 
        "name": "Mac OS X"
2022-11-15 19:56:06,197 INFO     ___FILE_ONLY___ 
      }
2022-11-15 19:56:06,197 INFO     ___FILE_ONLY___ 
    },
2022-11-15 19:56:06,197 INFO     ___FILE_ONLY___ 
    "platform_required": false,
2022-11-15 19:56:06,197 INFO     ___FILE_ONLY___ 
    "size": 42101953,
2022-11-15 19:56:06,197 INFO     ___FILE_ONLY___ 
    "state": {
2022-11-15 19:56:06,197 INFO     ___FILE_ONLY___ 
      "name": "Not Installed"
2022-11-15 19:56:06,197 INFO     ___FILE_ONLY___ 
    }
2022-11-15 19:56:06,197 INFO     ___FILE_ONLY___ 
  }
2022-11-15 19:56:06,197 INFO     ___FILE_ONLY___ ,
  {
2022-11-15 19:56:06,198 INFO     ___FILE_ONLY___ 
    "current_version_string": null,
2022-11-15 19:56:06,198 INFO     ___FILE_ONLY___ 
    "id": "pubsub-emulator",
2022-11-15 19:56:06,198 INFO     ___FILE_ONLY___ 
    "is_configuration": false,
2022-11-15 19:56:06,198 INFO     ___FILE_ONLY___ 
    "is_hidden": false,
2022-11-15 19:56:06,198 INFO     ___FILE_ONLY___ 
    "latest_version_string": "0.7.1",
2022-11-15 19:56:06,198 INFO     ___FILE_ONLY___ 
    "name": "Cloud Pub/Sub Emulator",
2022-11-15 19:56:06,198 INFO     ___FILE_ONLY___ 
    "platform": {
2022-11-15 19:56:06,198 INFO     ___FILE_ONLY___ 
      "architecture": {
2022-11-15 19:56:06,198 INFO     ___FILE_ONLY___ 
        "file_name": "x86_64",
2022-11-15 19:56:06,198 INFO     ___FILE_ONLY___ 
        "id": "x86_64",
2022-11-15 19:56:06,198 INFO     ___FILE_ONLY___ 
        "name": "x86_64"
2022-11-15 19:56:06,198 INFO     ___FILE_ONLY___ 
      },
2022-11-15 19:56:06,198 INFO     ___FILE_ONLY___ 
      "operating_system": {
2022-11-15 19:56:06,198 INFO     ___FILE_ONLY___ 
        "file_name": "darwin",
2022-11-15 19:56:06,198 INFO     ___FILE_ONLY___ 
        "id": "MACOSX",
2022-11-15 19:56:06,199 INFO     ___FILE_ONLY___ 
        "name": "Mac OS X"
2022-11-15 19:56:06,199 INFO     ___FILE_ONLY___ 
      }
2022-11-15 19:56:06,199 INFO     ___FILE_ONLY___ 
    },
2022-11-15 19:56:06,199 INFO     ___FILE_ONLY___ 
    "platform_required": false,
2022-11-15 19:56:06,199 INFO     ___FILE_ONLY___ 
    "size": 65403474,
2022-11-15 19:56:06,199 INFO     ___FILE_ONLY___ 
    "state": {
2022-11-15 19:56:06,199 INFO     ___FILE_ONLY___ 
      "name": "Not Installed"
2022-11-15 19:56:06,199 INFO     ___FILE_ONLY___ 
    }
2022-11-15 19:56:06,199 INFO     ___FILE_ONLY___ 
  }
2022-11-15 19:56:06,200 INFO     ___FILE_ONLY___ ,
  {
2022-11-15 19:56:06,200 INFO     ___FILE_ONLY___ 
    "current_version_string": null,
2022-11-15 19:56:06,200 INFO     ___FILE_ONLY___ 
    "id": "cloud-run-proxy",
2022-11-15 19:56:06,200 INFO     ___FILE_ONLY___ 
    "is_configuration": false,
2022-11-15 19:56:06,200 INFO     ___FILE_ONLY___ 
    "is_hidden": false,
2022-11-15 19:56:06,200 INFO     ___FILE_ONLY___ 
    "latest_version_string": "0.3.0",
2022-11-15 19:56:06,200 INFO     ___FILE_ONLY___ 
    "name": "Cloud Run Proxy",
2022-11-15 19:56:06,201 INFO     ___FILE_ONLY___ 
    "platform": {
2022-11-15 19:56:06,201 INFO     ___FILE_ONLY___ 
      "architecture": {
2022-11-15 19:56:06,201 INFO     ___FILE_ONLY___ 
        "file_name": "x86_64",
2022-11-15 19:56:06,201 INFO     ___FILE_ONLY___ 
        "id": "x86_64",
2022-11-15 19:56:06,201 INFO     ___FILE_ONLY___ 
        "name": "x86_64"
2022-11-15 19:56:06,201 INFO     ___FILE_ONLY___ 
      },
2022-11-15 19:56:06,201 INFO     ___FILE_ONLY___ 
      "operating_system": {
2022-11-15 19:56:06,201 INFO     ___FILE_ONLY___ 
        "file_name": "darwin",
2022-11-15 19:56:06,202 INFO     ___FILE_ONLY___ 
        "id": "MACOSX",
2022-11-15 19:56:06,202 INFO     ___FILE_ONLY___ 
        "name": "Mac OS X"
2022-11-15 19:56:06,202 INFO     ___FILE_ONLY___ 
      }
2022-11-15 19:56:06,202 INFO     ___FILE_ONLY___ 
    },
2022-11-15 19:56:06,202 INFO     ___FILE_ONLY___ 
    "platform_required": false,
2022-11-15 19:56:06,202 INFO     ___FILE_ONLY___ 
    "size": 8024792,
2022-11-15 19:56:06,202 INFO     ___FILE_ONLY___ 
    "state": {
2022-11-15 19:56:06,202 INFO     ___FILE_ONLY___ 
      "name": "Not Installed"
2022-11-15 19:56:06,203 INFO     ___FILE_ONLY___ 
    }
2022-11-15 19:56:06,203 INFO     ___FILE_ONLY___ 
  }
2022-11-15 19:56:06,203 INFO     ___FILE_ONLY___ ,
  {
2022-11-15 19:56:06,203 INFO     ___FILE_ONLY___ 
    "current_version_string": null,
2022-11-15 19:56:06,204 INFO     ___FILE_ONLY___ 
    "id": "cloud_sql_proxy",
2022-11-15 19:56:06,204 INFO     ___FILE_ONLY___ 
    "is_configuration": false,
2022-11-15 19:56:06,204 INFO     ___FILE_ONLY___ 
    "is_hidden": false,
2022-11-15 19:56:06,204 INFO     ___FILE_ONLY___ 
    "latest_version_string": "1.27.0",
2022-11-15 19:56:06,204 INFO     ___FILE_ONLY___ 
    "name": "Cloud SQL Proxy",
2022-11-15 19:56:06,204 INFO     ___FILE_ONLY___ 
    "platform": {
2022-11-15 19:56:06,204 INFO     ___FILE_ONLY___ 
      "architecture": {
2022-11-15 19:56:06,204 INFO     ___FILE_ONLY___ 
        "file_name": "x86_64",
2022-11-15 19:56:06,205 INFO     ___FILE_ONLY___ 
        "id": "x86_64",
2022-11-15 19:56:06,205 INFO     ___FILE_ONLY___ 
        "name": "x86_64"
2022-11-15 19:56:06,205 INFO     ___FILE_ONLY___ 
      },
2022-11-15 19:56:06,205 INFO     ___FILE_ONLY___ 
      "operating_system": {
2022-11-15 19:56:06,205 INFO     ___FILE_ONLY___ 
        "file_name": "darwin",
2022-11-15 19:56:06,205 INFO     ___FILE_ONLY___ 
        "id": "MACOSX",
2022-11-15 19:56:06,205 INFO     ___FILE_ONLY___ 
        "name": "Mac OS X"
2022-11-15 19:56:06,207 INFO     ___FILE_ONLY___ 
      }
2022-11-15 19:56:06,207 INFO     ___FILE_ONLY___ 
    },
2022-11-15 19:56:06,208 INFO     ___FILE_ONLY___ 
    "platform_required": false,
2022-11-15 19:56:06,208 INFO     ___FILE_ONLY___ 
    "size": 7986647,
2022-11-15 19:56:06,208 INFO     ___FILE_ONLY___ 
    "state": {
2022-11-15 19:56:06,208 INFO     ___FILE_ONLY___ 
      "name": "Not Installed"
2022-11-15 19:56:06,208 INFO     ___FILE_ONLY___ 
    }
2022-11-15 19:56:06,208 INFO     ___FILE_ONLY___ 
  }
2022-11-15 19:56:06,209 INFO     ___FILE_ONLY___ ,
  {
2022-11-15 19:56:06,209 INFO     ___FILE_ONLY___ 
    "current_version_string": null,
2022-11-15 19:56:06,209 INFO     ___FILE_ONLY___ 
    "id": "docker-credential-gcr",
2022-11-15 19:56:06,209 INFO     ___FILE_ONLY___ 
    "is_configuration": false,
2022-11-15 19:56:06,209 INFO     ___FILE_ONLY___ 
    "is_hidden": false,
2022-11-15 19:56:06,209 INFO     ___FILE_ONLY___ 
    "latest_version_string": "1.5.0",
2022-11-15 19:56:06,209 INFO     ___FILE_ONLY___ 
    "name": "Google Container Registry's Docker credential helper",
2022-11-15 19:56:06,210 INFO     ___FILE_ONLY___ 
    "platform": {
2022-11-15 19:56:06,210 INFO     ___FILE_ONLY___ 
      "architecture": {
2022-11-15 19:56:06,210 INFO     ___FILE_ONLY___ 
        "file_name": "x86_64",
2022-11-15 19:56:06,210 INFO     ___FILE_ONLY___ 
        "id": "x86_64",
2022-11-15 19:56:06,210 INFO     ___FILE_ONLY___ 
        "name": "x86_64"
2022-11-15 19:56:06,210 INFO     ___FILE_ONLY___ 
      },
2022-11-15 19:56:06,210 INFO     ___FILE_ONLY___ 
      "operating_system": {
2022-11-15 19:56:06,210 INFO     ___FILE_ONLY___ 
        "file_name": "darwin",
2022-11-15 19:56:06,210 INFO     ___FILE_ONLY___ 
        "id": "MACOSX",
2022-11-15 19:56:06,211 INFO     ___FILE_ONLY___ 
        "name": "Mac OS X"
2022-11-15 19:56:06,211 INFO     ___FILE_ONLY___ 
      }
2022-11-15 19:56:06,211 INFO     ___FILE_ONLY___ 
    },
2022-11-15 19:56:06,211 INFO     ___FILE_ONLY___ 
    "platform_required": false,
2022-11-15 19:56:06,211 INFO     ___FILE_ONLY___ 
    "size": 2266831,
2022-11-15 19:56:06,211 INFO     ___FILE_ONLY___ 
    "state": {
2022-11-15 19:56:06,211 INFO     ___FILE_ONLY___ 
      "name": "Not Installed"
2022-11-15 19:56:06,211 INFO     ___FILE_ONLY___ 
    }
2022-11-15 19:56:06,211 INFO     ___FILE_ONLY___ 
  }
2022-11-15 19:56:06,212 INFO     ___FILE_ONLY___ ,
  {
2022-11-15 19:56:06,212 INFO     ___FILE_ONLY___ 
    "current_version_string": null,
2022-11-15 19:56:06,212 INFO     ___FILE_ONLY___ 
    "id": "kustomize",
2022-11-15 19:56:06,213 INFO     ___FILE_ONLY___ 
    "is_configuration": false,
2022-11-15 19:56:06,213 INFO     ___FILE_ONLY___ 
    "is_hidden": false,
2022-11-15 19:56:06,213 INFO     ___FILE_ONLY___ 
    "latest_version_string": "4.4.0",
2022-11-15 19:56:06,213 INFO     ___FILE_ONLY___ 
    "name": "Kustomize",
2022-11-15 19:56:06,213 INFO     ___FILE_ONLY___ 
    "platform": {
2022-11-15 19:56:06,213 INFO     ___FILE_ONLY___ 
      "architecture": {
2022-11-15 19:56:06,213 INFO     ___FILE_ONLY___ 
        "file_name": "x86_64",
2022-11-15 19:56:06,213 INFO     ___FILE_ONLY___ 
        "id": "x86_64",
2022-11-15 19:56:06,213 INFO     ___FILE_ONLY___ 
        "name": "x86_64"
2022-11-15 19:56:06,213 INFO     ___FILE_ONLY___ 
      },
2022-11-15 19:56:06,213 INFO     ___FILE_ONLY___ 
      "operating_system": {
2022-11-15 19:56:06,213 INFO     ___FILE_ONLY___ 
        "file_name": "darwin",
2022-11-15 19:56:06,213 INFO     ___FILE_ONLY___ 
        "id": "MACOSX",
2022-11-15 19:56:06,213 INFO     ___FILE_ONLY___ 
        "name": "Mac OS X"
2022-11-15 19:56:06,214 INFO     ___FILE_ONLY___ 
      }
2022-11-15 19:56:06,214 INFO     ___FILE_ONLY___ 
    },
2022-11-15 19:56:06,214 INFO     ___FILE_ONLY___ 
    "platform_required": false,
2022-11-15 19:56:06,214 INFO     ___FILE_ONLY___ 
    "size": 7961940,
2022-11-15 19:56:06,214 INFO     ___FILE_ONLY___ 
    "state": {
2022-11-15 19:56:06,214 INFO     ___FILE_ONLY___ 
      "name": "Not Installed"
2022-11-15 19:56:06,214 INFO     ___FILE_ONLY___ 
    }
2022-11-15 19:56:06,214 INFO     ___FILE_ONLY___ 
  }
2022-11-15 19:56:06,215 INFO     ___FILE_ONLY___ ,
  {
2022-11-15 19:56:06,215 INFO     ___FILE_ONLY___ 
    "current_version_string": null,
2022-11-15 19:56:06,215 INFO     ___FILE_ONLY___ 
    "id": "log-streaming",
2022-11-15 19:56:06,215 INFO     ___FILE_ONLY___ 
    "is_configuration": false,
2022-11-15 19:56:06,215 INFO     ___FILE_ONLY___ 
    "is_hidden": false,
2022-11-15 19:56:06,215 INFO     ___FILE_ONLY___ 
    "latest_version_string": "0.3.0",
2022-11-15 19:56:06,215 INFO     ___FILE_ONLY___ 
    "name": "Log Streaming",
2022-11-15 19:56:06,216 INFO     ___FILE_ONLY___ 
    "platform": {
2022-11-15 19:56:06,216 INFO     ___FILE_ONLY___ 
      "architecture": {
2022-11-15 19:56:06,216 INFO     ___FILE_ONLY___ 
        "file_name": "x86_64",
2022-11-15 19:56:06,216 INFO     ___FILE_ONLY___ 
        "id": "x86_64",
2022-11-15 19:56:06,216 INFO     ___FILE_ONLY___ 
        "name": "x86_64"
2022-11-15 19:56:06,216 INFO     ___FILE_ONLY___ 
      },
2022-11-15 19:56:06,216 INFO     ___FILE_ONLY___ 
      "operating_system": {
2022-11-15 19:56:06,216 INFO     ___FILE_ONLY___ 
        "file_name": "darwin",
2022-11-15 19:56:06,216 INFO     ___FILE_ONLY___ 
        "id": "MACOSX",
2022-11-15 19:56:06,216 INFO     ___FILE_ONLY___ 
        "name": "Mac OS X"
2022-11-15 19:56:06,216 INFO     ___FILE_ONLY___ 
      }
2022-11-15 19:56:06,217 INFO     ___FILE_ONLY___ 
    },
2022-11-15 19:56:06,217 INFO     ___FILE_ONLY___ 
    "platform_required": false,
2022-11-15 19:56:06,217 INFO     ___FILE_ONLY___ 
    "size": 12864820,
2022-11-15 19:56:06,217 INFO     ___FILE_ONLY___ 
    "state": {
2022-11-15 19:56:06,217 INFO     ___FILE_ONLY___ 
      "name": "Not Installed"
2022-11-15 19:56:06,217 INFO     ___FILE_ONLY___ 
    }
2022-11-15 19:56:06,217 INFO     ___FILE_ONLY___ 
  }
2022-11-15 19:56:06,218 INFO     ___FILE_ONLY___ ,
  {
2022-11-15 19:56:06,218 INFO     ___FILE_ONLY___ 
    "current_version_string": null,
2022-11-15 19:56:06,218 INFO     ___FILE_ONLY___ 
    "id": "nomos",
2022-11-15 19:56:06,218 INFO     ___FILE_ONLY___ 
    "is_configuration": false,
2022-11-15 19:56:06,218 INFO     ___FILE_ONLY___ 
    "is_hidden": false,
2022-11-15 19:56:06,219 INFO     ___FILE_ONLY___ 
    "latest_version_string": "1.13.1-rc.4",
2022-11-15 19:56:06,219 INFO     ___FILE_ONLY___ 
    "name": "Nomos CLI",
2022-11-15 19:56:06,219 INFO     ___FILE_ONLY___ 
    "platform": {
2022-11-15 19:56:06,219 INFO     ___FILE_ONLY___ 
      "architecture": {
2022-11-15 19:56:06,219 INFO     ___FILE_ONLY___ 
        "file_name": "x86_64",
2022-11-15 19:56:06,219 INFO     ___FILE_ONLY___ 
        "id": "x86_64",
2022-11-15 19:56:06,219 INFO     ___FILE_ONLY___ 
        "name": "x86_64"
2022-11-15 19:56:06,219 INFO     ___FILE_ONLY___ 
      },
2022-11-15 19:56:06,219 INFO     ___FILE_ONLY___ 
      "operating_system": {
2022-11-15 19:56:06,220 INFO     ___FILE_ONLY___ 
        "file_name": "darwin",
2022-11-15 19:56:06,220 INFO     ___FILE_ONLY___ 
        "id": "MACOSX",
2022-11-15 19:56:06,220 INFO     ___FILE_ONLY___ 
        "name": "Mac OS X"
2022-11-15 19:56:06,220 INFO     ___FILE_ONLY___ 
      }
2022-11-15 19:56:06,220 INFO     ___FILE_ONLY___ 
    },
2022-11-15 19:56:06,220 INFO     ___FILE_ONLY___ 
    "platform_required": false,
2022-11-15 19:56:06,220 INFO     ___FILE_ONLY___ 
    "size": 25597173,
2022-11-15 19:56:06,221 INFO     ___FILE_ONLY___ 
    "state": {
2022-11-15 19:56:06,221 INFO     ___FILE_ONLY___ 
      "name": "Not Installed"
2022-11-15 19:56:06,221 INFO     ___FILE_ONLY___ 
    }
2022-11-15 19:56:06,221 INFO     ___FILE_ONLY___ 
  }
2022-11-15 19:56:06,221 INFO     ___FILE_ONLY___ ,
  {
2022-11-15 19:56:06,221 INFO     ___FILE_ONLY___ 
    "current_version_string": null,
2022-11-15 19:56:06,222 INFO     ___FILE_ONLY___ 
    "id": "local-extract",
2022-11-15 19:56:06,222 INFO     ___FILE_ONLY___ 
    "is_configuration": false,
2022-11-15 19:56:06,222 INFO     ___FILE_ONLY___ 
    "is_hidden": false,
2022-11-15 19:56:06,222 INFO     ___FILE_ONLY___ 
    "latest_version_string": "1.5.5",
2022-11-15 19:56:06,222 INFO     ___FILE_ONLY___ 
    "name": "On-Demand Scanning API extraction helper",
2022-11-15 19:56:06,222 INFO     ___FILE_ONLY___ 
    "platform": {
2022-11-15 19:56:06,222 INFO     ___FILE_ONLY___ 
      "architecture": {
2022-11-15 19:56:06,222 INFO     ___FILE_ONLY___ 
        "file_name": "x86_64",
2022-11-15 19:56:06,223 INFO     ___FILE_ONLY___ 
        "id": "x86_64",
2022-11-15 19:56:06,223 INFO     ___FILE_ONLY___ 
        "name": "x86_64"
2022-11-15 19:56:06,223 INFO     ___FILE_ONLY___ 
      },
2022-11-15 19:56:06,223 INFO     ___FILE_ONLY___ 
      "operating_system": {
2022-11-15 19:56:06,223 INFO     ___FILE_ONLY___ 
        "file_name": "darwin",
2022-11-15 19:56:06,223 INFO     ___FILE_ONLY___ 
        "id": "MACOSX",
2022-11-15 19:56:06,223 INFO     ___FILE_ONLY___ 
        "name": "Mac OS X"
2022-11-15 19:56:06,223 INFO     ___FILE_ONLY___ 
      }
2022-11-15 19:56:06,224 INFO     ___FILE_ONLY___ 
    },
2022-11-15 19:56:06,224 INFO     ___FILE_ONLY___ 
    "platform_required": false,
2022-11-15 19:56:06,224 INFO     ___FILE_ONLY___ 
    "size": 12442952,
2022-11-15 19:56:06,224 INFO     ___FILE_ONLY___ 
    "state": {
2022-11-15 19:56:06,224 INFO     ___FILE_ONLY___ 
      "name": "Not Installed"
2022-11-15 19:56:06,224 INFO     ___FILE_ONLY___ 
    }
2022-11-15 19:56:06,224 INFO     ___FILE_ONLY___ 
  }
2022-11-15 19:56:06,225 INFO     ___FILE_ONLY___ ,
  {
2022-11-15 19:56:06,225 INFO     ___FILE_ONLY___ 
    "current_version_string": null,
2022-11-15 19:56:06,225 INFO     ___FILE_ONLY___ 
    "id": "terraform-tools",
2022-11-15 19:56:06,225 INFO     ___FILE_ONLY___ 
    "is_configuration": false,
2022-11-15 19:56:06,225 INFO     ___FILE_ONLY___ 
    "is_hidden": false,
2022-11-15 19:56:06,225 INFO     ___FILE_ONLY___ 
    "latest_version_string": "0.8.0",
2022-11-15 19:56:06,225 INFO     ___FILE_ONLY___ 
    "name": "Terraform Tools",
2022-11-15 19:56:06,225 INFO     ___FILE_ONLY___ 
    "platform": {
2022-11-15 19:56:06,225 INFO     ___FILE_ONLY___ 
      "architecture": {
2022-11-15 19:56:06,225 INFO     ___FILE_ONLY___ 
        "file_name": "x86_64",
2022-11-15 19:56:06,226 INFO     ___FILE_ONLY___ 
        "id": "x86_64",
2022-11-15 19:56:06,226 INFO     ___FILE_ONLY___ 
        "name": "x86_64"
2022-11-15 19:56:06,226 INFO     ___FILE_ONLY___ 
      },
2022-11-15 19:56:06,226 INFO     ___FILE_ONLY___ 
      "operating_system": {
2022-11-15 19:56:06,226 INFO     ___FILE_ONLY___ 
        "file_name": "darwin",
2022-11-15 19:56:06,226 INFO     ___FILE_ONLY___ 
        "id": "MACOSX",
2022-11-15 19:56:06,226 INFO     ___FILE_ONLY___ 
        "name": "Mac OS X"
2022-11-15 19:56:06,226 INFO     ___FILE_ONLY___ 
      }
2022-11-15 19:56:06,226 INFO     ___FILE_ONLY___ 
    },
2022-11-15 19:56:06,227 INFO     ___FILE_ONLY___ 
    "platform_required": false,
2022-11-15 19:56:06,227 INFO     ___FILE_ONLY___ 
    "size": 56276984,
2022-11-15 19:56:06,227 INFO     ___FILE_ONLY___ 
    "state": {
2022-11-15 19:56:06,227 INFO     ___FILE_ONLY___ 
      "name": "Not Installed"
2022-11-15 19:56:06,227 INFO     ___FILE_ONLY___ 
    }
2022-11-15 19:56:06,227 INFO     ___FILE_ONLY___ 
  }
2022-11-15 19:56:06,227 INFO     ___FILE_ONLY___ ,
  {
2022-11-15 19:56:06,227 INFO     ___FILE_ONLY___ 
    "current_version_string": null,
2022-11-15 19:56:06,228 INFO     ___FILE_ONLY___ 
    "id": "anthos-auth",
2022-11-15 19:56:06,228 INFO     ___FILE_ONLY___ 
    "is_configuration": false,
2022-11-15 19:56:06,228 INFO     ___FILE_ONLY___ 
    "is_hidden": false,
2022-11-15 19:56:06,228 INFO     ___FILE_ONLY___ 
    "latest_version_string": "1.4.4",
2022-11-15 19:56:06,228 INFO     ___FILE_ONLY___ 
    "name": "anthos-auth",
2022-11-15 19:56:06,228 INFO     ___FILE_ONLY___ 
    "platform": {
2022-11-15 19:56:06,228 INFO     ___FILE_ONLY___ 
      "architecture": {
2022-11-15 19:56:06,228 INFO     ___FILE_ONLY___ 
        "file_name": "x86_64",
2022-11-15 19:56:06,228 INFO     ___FILE_ONLY___ 
        "id": "x86_64",
2022-11-15 19:56:06,228 INFO     ___FILE_ONLY___ 
        "name": "x86_64"
2022-11-15 19:56:06,228 INFO     ___FILE_ONLY___ 
      },
2022-11-15 19:56:06,229 INFO     ___FILE_ONLY___ 
      "operating_system": {
2022-11-15 19:56:06,229 INFO     ___FILE_ONLY___ 
        "file_name": "darwin",
2022-11-15 19:56:06,229 INFO     ___FILE_ONLY___ 
        "id": "MACOSX",
2022-11-15 19:56:06,229 INFO     ___FILE_ONLY___ 
        "name": "Mac OS X"
2022-11-15 19:56:06,229 INFO     ___FILE_ONLY___ 
      }
2022-11-15 19:56:06,229 INFO     ___FILE_ONLY___ 
    },
2022-11-15 19:56:06,229 INFO     ___FILE_ONLY___ 
    "platform_required": false,
2022-11-15 19:56:06,229 INFO     ___FILE_ONLY___ 
    "size": 21183974,
2022-11-15 19:56:06,229 INFO     ___FILE_ONLY___ 
    "state": {
2022-11-15 19:56:06,230 INFO     ___FILE_ONLY___ 
      "name": "Not Installed"
2022-11-15 19:56:06,230 INFO     ___FILE_ONLY___ 
    }
2022-11-15 19:56:06,230 INFO     ___FILE_ONLY___ 
  }
2022-11-15 19:56:06,231 INFO     ___FILE_ONLY___ ,
  {
2022-11-15 19:56:06,231 INFO     ___FILE_ONLY___ 
    "current_version_string": null,
2022-11-15 19:56:06,231 INFO     ___FILE_ONLY___ 
    "id": "config-connector",
2022-11-15 19:56:06,231 INFO     ___FILE_ONLY___ 
    "is_configuration": false,
2022-11-15 19:56:06,231 INFO     ___FILE_ONLY___ 
    "is_hidden": false,
2022-11-15 19:56:06,231 INFO     ___FILE_ONLY___ 
    "latest_version_string": "1.93.0",
2022-11-15 19:56:06,231 INFO     ___FILE_ONLY___ 
    "name": "config-connector",
2022-11-15 19:56:06,231 INFO     ___FILE_ONLY___ 
    "platform": {
2022-11-15 19:56:06,231 INFO     ___FILE_ONLY___ 
      "architecture": {
2022-11-15 19:56:06,232 INFO     ___FILE_ONLY___ 
        "file_name": "x86_64",
2022-11-15 19:56:06,232 INFO     ___FILE_ONLY___ 
        "id": "x86_64",
2022-11-15 19:56:06,232 INFO     ___FILE_ONLY___ 
        "name": "x86_64"
2022-11-15 19:56:06,232 INFO     ___FILE_ONLY___ 
      },
2022-11-15 19:56:06,232 INFO     ___FILE_ONLY___ 
      "operating_system": {
2022-11-15 19:56:06,232 INFO     ___FILE_ONLY___ 
        "file_name": "darwin",
2022-11-15 19:56:06,232 INFO     ___FILE_ONLY___ 
        "id": "MACOSX",
2022-11-15 19:56:06,232 INFO     ___FILE_ONLY___ 
        "name": "Mac OS X"
2022-11-15 19:56:06,232 INFO     ___FILE_ONLY___ 
      }
2022-11-15 19:56:06,232 INFO     ___FILE_ONLY___ 
    },
2022-11-15 19:56:06,233 INFO     ___FILE_ONLY___ 
    "platform_required": false,
2022-11-15 19:56:06,233 INFO     ___FILE_ONLY___ 
    "size": 59915703,
2022-11-15 19:56:06,233 INFO     ___FILE_ONLY___ 
    "state": {
2022-11-15 19:56:06,233 INFO     ___FILE_ONLY___ 
      "name": "Not Installed"
2022-11-15 19:56:06,233 INFO     ___FILE_ONLY___ 
    }
2022-11-15 19:56:06,233 INFO     ___FILE_ONLY___ 
  }
2022-11-15 19:56:06,234 INFO     ___FILE_ONLY___ ,
  {
2022-11-15 19:56:06,234 INFO     ___FILE_ONLY___ 
    "current_version_string": null,
2022-11-15 19:56:06,234 INFO     ___FILE_ONLY___ 
    "id": "app-engine-java",
2022-11-15 19:56:06,234 INFO     ___FILE_ONLY___ 
    "is_configuration": false,
2022-11-15 19:56:06,234 INFO     ___FILE_ONLY___ 
    "is_hidden": false,
2022-11-15 19:56:06,234 INFO     ___FILE_ONLY___ 
    "latest_version_string": "2.0.10",
2022-11-15 19:56:06,234 INFO     ___FILE_ONLY___ 
    "name": "gcloud app Java Extensions",
2022-11-15 19:56:06,234 INFO     ___FILE_ONLY___ 
    "platform": {
2022-11-15 19:56:06,234 INFO     ___FILE_ONLY___ 
      "architecture": {
2022-11-15 19:56:06,235 INFO     ___FILE_ONLY___ 
        "file_name": "x86_64",
2022-11-15 19:56:06,235 INFO     ___FILE_ONLY___ 
        "id": "x86_64",
2022-11-15 19:56:06,235 INFO     ___FILE_ONLY___ 
        "name": "x86_64"
2022-11-15 19:56:06,235 INFO     ___FILE_ONLY___ 
      },
2022-11-15 19:56:06,235 INFO     ___FILE_ONLY___ 
      "operating_system": {
2022-11-15 19:56:06,235 INFO     ___FILE_ONLY___ 
        "file_name": "darwin",
2022-11-15 19:56:06,235 INFO     ___FILE_ONLY___ 
        "id": "MACOSX",
2022-11-15 19:56:06,235 INFO     ___FILE_ONLY___ 
        "name": "Mac OS X"
2022-11-15 19:56:06,235 INFO     ___FILE_ONLY___ 
      }
2022-11-15 19:56:06,235 INFO     ___FILE_ONLY___ 
    },
2022-11-15 19:56:06,235 INFO     ___FILE_ONLY___ 
    "platform_required": false,
2022-11-15 19:56:06,235 INFO     ___FILE_ONLY___ 
    "size": 67002407,
2022-11-15 19:56:06,235 INFO     ___FILE_ONLY___ 
    "state": {
2022-11-15 19:56:06,236 INFO     ___FILE_ONLY___ 
      "name": "Not Installed"
2022-11-15 19:56:06,236 INFO     ___FILE_ONLY___ 
    }
2022-11-15 19:56:06,236 INFO     ___FILE_ONLY___ 
  }
2022-11-15 19:56:06,236 INFO     ___FILE_ONLY___ ,
  {
2022-11-15 19:56:06,236 INFO     ___FILE_ONLY___ 
    "current_version_string": null,
2022-11-15 19:56:06,236 INFO     ___FILE_ONLY___ 
    "id": "app-engine-php",
2022-11-15 19:56:06,237 INFO     ___FILE_ONLY___ 
    "is_configuration": false,
2022-11-15 19:56:06,237 INFO     ___FILE_ONLY___ 
    "is_hidden": false,
2022-11-15 19:56:06,237 INFO     ___FILE_ONLY___ 
    "latest_version_string": "",
2022-11-15 19:56:06,237 INFO     ___FILE_ONLY___ 
    "name": "gcloud app PHP Extensions",
2022-11-15 19:56:06,237 INFO     ___FILE_ONLY___ 
    "platform": {
2022-11-15 19:56:06,237 INFO     ___FILE_ONLY___ 
      "architecture": {
2022-11-15 19:56:06,237 INFO     ___FILE_ONLY___ 
        "file_name": "x86_64",
2022-11-15 19:56:06,237 INFO     ___FILE_ONLY___ 
        "id": "x86_64",
2022-11-15 19:56:06,237 INFO     ___FILE_ONLY___ 
        "name": "x86_64"
2022-11-15 19:56:06,237 INFO     ___FILE_ONLY___ 
      },
2022-11-15 19:56:06,237 INFO     ___FILE_ONLY___ 
      "operating_system": {
2022-11-15 19:56:06,237 INFO     ___FILE_ONLY___ 
        "file_name": "darwin",
2022-11-15 19:56:06,238 INFO     ___FILE_ONLY___ 
        "id": "MACOSX",
2022-11-15 19:56:06,238 INFO     ___FILE_ONLY___ 
        "name": "Mac OS X"
2022-11-15 19:56:06,238 INFO     ___FILE_ONLY___ 
      }
2022-11-15 19:56:06,238 INFO     ___FILE_ONLY___ 
    },
2022-11-15 19:56:06,238 INFO     ___FILE_ONLY___ 
    "platform_required": false,
2022-11-15 19:56:06,238 INFO     ___FILE_ONLY___ 
    "size": 22985548,
2022-11-15 19:56:06,238 INFO     ___FILE_ONLY___ 
    "state": {
2022-11-15 19:56:06,238 INFO     ___FILE_ONLY___ 
      "name": "Not Installed"
2022-11-15 19:56:06,238 INFO     ___FILE_ONLY___ 
    }
2022-11-15 19:56:06,238 INFO     ___FILE_ONLY___ 
  }
2022-11-15 19:56:06,239 INFO     ___FILE_ONLY___ ,
  {
2022-11-15 19:56:06,239 INFO     ___FILE_ONLY___ 
    "current_version_string": null,
2022-11-15 19:56:06,239 INFO     ___FILE_ONLY___ 
    "id": "app-engine-python",
2022-11-15 19:56:06,239 INFO     ___FILE_ONLY___ 
    "is_configuration": false,
2022-11-15 19:56:06,239 INFO     ___FILE_ONLY___ 
    "is_hidden": false,
2022-11-15 19:56:06,239 INFO     ___FILE_ONLY___ 
    "latest_version_string": "1.9.101",
2022-11-15 19:56:06,239 INFO     ___FILE_ONLY___ 
    "name": "gcloud app Python Extensions",
2022-11-15 19:56:06,239 INFO     ___FILE_ONLY___ 
    "platform": {
2022-11-15 19:56:06,240 INFO     ___FILE_ONLY___ 
      "architecture": {
2022-11-15 19:56:06,240 INFO     ___FILE_ONLY___ 
        "file_name": "x86_64",
2022-11-15 19:56:06,240 INFO     ___FILE_ONLY___ 
        "id": "x86_64",
2022-11-15 19:56:06,240 INFO     ___FILE_ONLY___ 
        "name": "x86_64"
2022-11-15 19:56:06,240 INFO     ___FILE_ONLY___ 
      },
2022-11-15 19:56:06,240 INFO     ___FILE_ONLY___ 
      "operating_system": {
2022-11-15 19:56:06,240 INFO     ___FILE_ONLY___ 
        "file_name": "darwin",
2022-11-15 19:56:06,240 INFO     ___FILE_ONLY___ 
        "id": "MACOSX",
2022-11-15 19:56:06,240 INFO     ___FILE_ONLY___ 
        "name": "Mac OS X"
2022-11-15 19:56:06,240 INFO     ___FILE_ONLY___ 
      }
2022-11-15 19:56:06,240 INFO     ___FILE_ONLY___ 
    },
2022-11-15 19:56:06,241 INFO     ___FILE_ONLY___ 
    "platform_required": false,
2022-11-15 19:56:06,241 INFO     ___FILE_ONLY___ 
    "size": 9044876,
2022-11-15 19:56:06,241 INFO     ___FILE_ONLY___ 
    "state": {
2022-11-15 19:56:06,241 INFO     ___FILE_ONLY___ 
      "name": "Not Installed"
2022-11-15 19:56:06,241 INFO     ___FILE_ONLY___ 
    }
2022-11-15 19:56:06,241 INFO     ___FILE_ONLY___ 
  }
2022-11-15 19:56:06,242 INFO     ___FILE_ONLY___ ,
  {
2022-11-15 19:56:06,242 INFO     ___FILE_ONLY___ 
    "current_version_string": null,
2022-11-15 19:56:06,242 INFO     ___FILE_ONLY___ 
    "id": "app-engine-python-extras",
2022-11-15 19:56:06,242 INFO     ___FILE_ONLY___ 
    "is_configuration": false,
2022-11-15 19:56:06,242 INFO     ___FILE_ONLY___ 
    "is_hidden": false,
2022-11-15 19:56:06,242 INFO     ___FILE_ONLY___ 
    "latest_version_string": "1.9.96",
2022-11-15 19:56:06,243 INFO     ___FILE_ONLY___ 
    "name": "gcloud app Python Extensions (Extra Libraries)",
2022-11-15 19:56:06,243 INFO     ___FILE_ONLY___ 
    "platform": {
2022-11-15 19:56:06,243 INFO     ___FILE_ONLY___ 
      "architecture": {
2022-11-15 19:56:06,243 INFO     ___FILE_ONLY___ 
        "file_name": "x86_64",
2022-11-15 19:56:06,243 INFO     ___FILE_ONLY___ 
        "id": "x86_64",
2022-11-15 19:56:06,243 INFO     ___FILE_ONLY___ 
        "name": "x86_64"
2022-11-15 19:56:06,243 INFO     ___FILE_ONLY___ 
      },
2022-11-15 19:56:06,243 INFO     ___FILE_ONLY___ 
      "operating_system": {
2022-11-15 19:56:06,244 INFO     ___FILE_ONLY___ 
        "file_name": "darwin",
2022-11-15 19:56:06,244 INFO     ___FILE_ONLY___ 
        "id": "MACOSX",
2022-11-15 19:56:06,244 INFO     ___FILE_ONLY___ 
        "name": "Mac OS X"
2022-11-15 19:56:06,244 INFO     ___FILE_ONLY___ 
      }
2022-11-15 19:56:06,244 INFO     ___FILE_ONLY___ 
    },
2022-11-15 19:56:06,244 INFO     ___FILE_ONLY___ 
    "platform_required": false,
2022-11-15 19:56:06,244 INFO     ___FILE_ONLY___ 
    "size": 27709995,
2022-11-15 19:56:06,244 INFO     ___FILE_ONLY___ 
    "state": {
2022-11-15 19:56:06,244 INFO     ___FILE_ONLY___ 
      "name": "Not Installed"
2022-11-15 19:56:06,245 INFO     ___FILE_ONLY___ 
    }
2022-11-15 19:56:06,245 INFO     ___FILE_ONLY___ 
  }
2022-11-15 19:56:06,245 INFO     ___FILE_ONLY___ ,
  {
2022-11-15 19:56:06,245 INFO     ___FILE_ONLY___ 
    "current_version_string": null,
2022-11-15 19:56:06,246 INFO     ___FILE_ONLY___ 
    "id": "kpt",
2022-11-15 19:56:06,246 INFO     ___FILE_ONLY___ 
    "is_configuration": false,
2022-11-15 19:56:06,246 INFO     ___FILE_ONLY___ 
    "is_hidden": false,
2022-11-15 19:56:06,246 INFO     ___FILE_ONLY___ 
    "latest_version_string": "1.0.0-beta.19",
2022-11-15 19:56:06,246 INFO     ___FILE_ONLY___ 
    "name": "kpt",
2022-11-15 19:56:06,246 INFO     ___FILE_ONLY___ 
    "platform": {
2022-11-15 19:56:06,246 INFO     ___FILE_ONLY___ 
      "architecture": {
2022-11-15 19:56:06,246 INFO     ___FILE_ONLY___ 
        "file_name": "x86_64",
2022-11-15 19:56:06,246 INFO     ___FILE_ONLY___ 
        "id": "x86_64",
2022-11-15 19:56:06,246 INFO     ___FILE_ONLY___ 
        "name": "x86_64"
2022-11-15 19:56:06,247 INFO     ___FILE_ONLY___ 
      },
2022-11-15 19:56:06,247 INFO     ___FILE_ONLY___ 
      "operating_system": {
2022-11-15 19:56:06,247 INFO     ___FILE_ONLY___ 
        "file_name": "darwin",
2022-11-15 19:56:06,247 INFO     ___FILE_ONLY___ 
        "id": "MACOSX",
2022-11-15 19:56:06,247 INFO     ___FILE_ONLY___ 
        "name": "Mac OS X"
2022-11-15 19:56:06,248 INFO     ___FILE_ONLY___ 
      }
2022-11-15 19:56:06,248 INFO     ___FILE_ONLY___ 
    },
2022-11-15 19:56:06,248 INFO     ___FILE_ONLY___ 
    "platform_required": false,
2022-11-15 19:56:06,248 INFO     ___FILE_ONLY___ 
    "size": 13550512,
2022-11-15 19:56:06,248 INFO     ___FILE_ONLY___ 
    "state": {
2022-11-15 19:56:06,248 INFO     ___FILE_ONLY___ 
      "name": "Not Installed"
2022-11-15 19:56:06,248 INFO     ___FILE_ONLY___ 
    }
2022-11-15 19:56:06,248 INFO     ___FILE_ONLY___ 
  }
2022-11-15 19:56:06,249 INFO     ___FILE_ONLY___ ,
  {
2022-11-15 19:56:06,249 INFO     ___FILE_ONLY___ 
    "current_version_string": null,
2022-11-15 19:56:06,249 INFO     ___FILE_ONLY___ 
    "id": "kubectl-oidc",
2022-11-15 19:56:06,251 INFO     ___FILE_ONLY___ 
    "is_configuration": false,
2022-11-15 19:56:06,251 INFO     ___FILE_ONLY___ 
    "is_hidden": false,
2022-11-15 19:56:06,251 INFO     ___FILE_ONLY___ 
    "latest_version_string": "1.4.4",
2022-11-15 19:56:06,251 INFO     ___FILE_ONLY___ 
    "name": "kubectl-oidc",
2022-11-15 19:56:06,252 INFO     ___FILE_ONLY___ 
    "platform": {
2022-11-15 19:56:06,252 INFO     ___FILE_ONLY___ 
      "architecture": {
2022-11-15 19:56:06,252 INFO     ___FILE_ONLY___ 
        "file_name": "x86_64",
2022-11-15 19:56:06,252 INFO     ___FILE_ONLY___ 
        "id": "x86_64",
2022-11-15 19:56:06,252 INFO     ___FILE_ONLY___ 
        "name": "x86_64"
2022-11-15 19:56:06,252 INFO     ___FILE_ONLY___ 
      },
2022-11-15 19:56:06,252 INFO     ___FILE_ONLY___ 
      "operating_system": {
2022-11-15 19:56:06,252 INFO     ___FILE_ONLY___ 
        "file_name": "darwin",
2022-11-15 19:56:06,253 INFO     ___FILE_ONLY___ 
        "id": "MACOSX",
2022-11-15 19:56:06,253 INFO     ___FILE_ONLY___ 
        "name": "Mac OS X"
2022-11-15 19:56:06,253 INFO     ___FILE_ONLY___ 
      }
2022-11-15 19:56:06,253 INFO     ___FILE_ONLY___ 
    },
2022-11-15 19:56:06,253 INFO     ___FILE_ONLY___ 
    "platform_required": false,
2022-11-15 19:56:06,253 INFO     ___FILE_ONLY___ 
    "size": 21183987,
2022-11-15 19:56:06,253 INFO     ___FILE_ONLY___ 
    "state": {
2022-11-15 19:56:06,253 INFO     ___FILE_ONLY___ 
      "name": "Not Installed"
2022-11-15 19:56:06,253 INFO     ___FILE_ONLY___ 
    }
2022-11-15 19:56:06,253 INFO     ___FILE_ONLY___ 
  }
2022-11-15 19:56:06,254 INFO     ___FILE_ONLY___ ,
  {
2022-11-15 19:56:06,254 INFO     ___FILE_ONLY___ 
    "current_version_string": null,
2022-11-15 19:56:06,254 INFO     ___FILE_ONLY___ 
    "id": "pkg",
2022-11-15 19:56:06,254 INFO     ___FILE_ONLY___ 
    "is_configuration": false,
2022-11-15 19:56:06,255 INFO     ___FILE_ONLY___ 
    "is_hidden": false,
2022-11-15 19:56:06,255 INFO     ___FILE_ONLY___ 
    "latest_version_string": "",
2022-11-15 19:56:06,255 INFO     ___FILE_ONLY___ 
    "name": "pkg",
2022-11-15 19:56:06,255 INFO     ___FILE_ONLY___ 
    "platform": {
2022-11-15 19:56:06,255 INFO     ___FILE_ONLY___ 
      "architecture": {
2022-11-15 19:56:06,255 INFO     ___FILE_ONLY___ 
        "file_name": "x86_64",
2022-11-15 19:56:06,255 INFO     ___FILE_ONLY___ 
        "id": "x86_64",
2022-11-15 19:56:06,255 INFO     ___FILE_ONLY___ 
        "name": "x86_64"
2022-11-15 19:56:06,255 INFO     ___FILE_ONLY___ 
      },
2022-11-15 19:56:06,255 INFO     ___FILE_ONLY___ 
      "operating_system": {
2022-11-15 19:56:06,256 INFO     ___FILE_ONLY___ 
        "file_name": "darwin",
2022-11-15 19:56:06,256 INFO     ___FILE_ONLY___ 
        "id": "MACOSX",
2022-11-15 19:56:06,256 INFO     ___FILE_ONLY___ 
        "name": "Mac OS X"
2022-11-15 19:56:06,256 INFO     ___FILE_ONLY___ 
      }
2022-11-15 19:56:06,256 INFO     ___FILE_ONLY___ 
    },
2022-11-15 19:56:06,256 INFO     ___FILE_ONLY___ 
    "platform_required": false,
2022-11-15 19:56:06,256 INFO     ___FILE_ONLY___ 
    "size": 0,
2022-11-15 19:56:06,256 INFO     ___FILE_ONLY___ 
    "state": {
2022-11-15 19:56:06,256 INFO     ___FILE_ONLY___ 
      "name": "Not Installed"
2022-11-15 19:56:06,256 INFO     ___FILE_ONLY___ 
    }
2022-11-15 19:56:06,256 INFO     ___FILE_ONLY___ 
  }
2022-11-15 19:56:06,257 INFO     ___FILE_ONLY___ ,
  {
2022-11-15 19:56:06,257 INFO     ___FILE_ONLY___ 
    "current_version_string": "2.0.81",
2022-11-15 19:56:06,257 INFO     ___FILE_ONLY___ 
    "id": "bq",
2022-11-15 19:56:06,257 INFO     ___FILE_ONLY___ 
    "is_configuration": false,
2022-11-15 19:56:06,257 INFO     ___FILE_ONLY___ 
    "is_hidden": false,
2022-11-15 19:56:06,257 INFO     ___FILE_ONLY___ 
    "latest_version_string": "2.0.81",
2022-11-15 19:56:06,257 INFO     ___FILE_ONLY___ 
    "name": "BigQuery Command Line Tool",
2022-11-15 19:56:06,257 INFO     ___FILE_ONLY___ 
    "platform": {
2022-11-15 19:56:06,257 INFO     ___FILE_ONLY___ 
      "architecture": {
2022-11-15 19:56:06,257 INFO     ___FILE_ONLY___ 
        "file_name": "x86_64",
2022-11-15 19:56:06,258 INFO     ___FILE_ONLY___ 
        "id": "x86_64",
2022-11-15 19:56:06,258 INFO     ___FILE_ONLY___ 
        "name": "x86_64"
2022-11-15 19:56:06,258 INFO     ___FILE_ONLY___ 
      },
2022-11-15 19:56:06,258 INFO     ___FILE_ONLY___ 
      "operating_system": {
2022-11-15 19:56:06,258 INFO     ___FILE_ONLY___ 
        "file_name": "darwin",
2022-11-15 19:56:06,258 INFO     ___FILE_ONLY___ 
        "id": "MACOSX",
2022-11-15 19:56:06,258 INFO     ___FILE_ONLY___ 
        "name": "Mac OS X"
2022-11-15 19:56:06,258 INFO     ___FILE_ONLY___ 
      }
2022-11-15 19:56:06,258 INFO     ___FILE_ONLY___ 
    },
2022-11-15 19:56:06,258 INFO     ___FILE_ONLY___ 
    "platform_required": false,
2022-11-15 19:56:06,259 INFO     ___FILE_ONLY___ 
    "size": 1690563,
2022-11-15 19:56:06,259 INFO     ___FILE_ONLY___ 
    "state": {
2022-11-15 19:56:06,259 INFO     ___FILE_ONLY___ 
      "name": "Installed"
2022-11-15 19:56:06,259 INFO     ___FILE_ONLY___ 
    }
2022-11-15 19:56:06,259 INFO     ___FILE_ONLY___ 
  }
2022-11-15 19:56:06,260 INFO     ___FILE_ONLY___ ,
  {
2022-11-15 19:56:06,260 INFO     ___FILE_ONLY___ 
    "current_version_string": "5.16",
2022-11-15 19:56:06,260 INFO     ___FILE_ONLY___ 
    "id": "gsutil",
2022-11-15 19:56:06,260 INFO     ___FILE_ONLY___ 
    "is_configuration": false,
2022-11-15 19:56:06,261 INFO     ___FILE_ONLY___ 
    "is_hidden": false,
2022-11-15 19:56:06,261 INFO     ___FILE_ONLY___ 
    "latest_version_string": "5.16",
2022-11-15 19:56:06,261 INFO     ___FILE_ONLY___ 
    "name": "Cloud Storage Command Line Tool",
2022-11-15 19:56:06,261 INFO     ___FILE_ONLY___ 
    "platform": {
2022-11-15 19:56:06,261 INFO     ___FILE_ONLY___ 
      "architecture": {
2022-11-15 19:56:06,261 INFO     ___FILE_ONLY___ 
        "file_name": "x86_64",
2022-11-15 19:56:06,261 INFO     ___FILE_ONLY___ 
        "id": "x86_64",
2022-11-15 19:56:06,261 INFO     ___FILE_ONLY___ 
        "name": "x86_64"
2022-11-15 19:56:06,261 INFO     ___FILE_ONLY___ 
      },
2022-11-15 19:56:06,261 INFO     ___FILE_ONLY___ 
      "operating_system": {
2022-11-15 19:56:06,261 INFO     ___FILE_ONLY___ 
        "file_name": "darwin",
2022-11-15 19:56:06,262 INFO     ___FILE_ONLY___ 
        "id": "MACOSX",
2022-11-15 19:56:06,262 INFO     ___FILE_ONLY___ 
        "name": "Mac OS X"
2022-11-15 19:56:06,262 INFO     ___FILE_ONLY___ 
      }
2022-11-15 19:56:06,262 INFO     ___FILE_ONLY___ 
    },
2022-11-15 19:56:06,262 INFO     ___FILE_ONLY___ 
    "platform_required": false,
2022-11-15 19:56:06,262 INFO     ___FILE_ONLY___ 
    "size": 16295859,
2022-11-15 19:56:06,262 INFO     ___FILE_ONLY___ 
    "state": {
2022-11-15 19:56:06,262 INFO     ___FILE_ONLY___ 
      "name": "Installed"
2022-11-15 19:56:06,262 INFO     ___FILE_ONLY___ 
    }
2022-11-15 19:56:06,262 INFO     ___FILE_ONLY___ 
  }
2022-11-15 19:56:06,263 INFO     ___FILE_ONLY___ ,
  {
2022-11-15 19:56:06,263 INFO     ___FILE_ONLY___ 
    "current_version_string": "2022.11.11",
2022-11-15 19:56:06,263 INFO     ___FILE_ONLY___ 
    "id": "core",
2022-11-15 19:56:06,263 INFO     ___FILE_ONLY___ 
    "is_configuration": false,
2022-11-15 19:56:06,263 INFO     ___FILE_ONLY___ 
    "is_hidden": false,
2022-11-15 19:56:06,263 INFO     ___FILE_ONLY___ 
    "latest_version_string": "2022.11.11",
2022-11-15 19:56:06,263 INFO     ___FILE_ONLY___ 
    "name": "Google Cloud CLI Core Libraries",
2022-11-15 19:56:06,263 INFO     ___FILE_ONLY___ 
    "platform": {
2022-11-15 19:56:06,263 INFO     ___FILE_ONLY___ 
      "architecture": {
2022-11-15 19:56:06,263 INFO     ___FILE_ONLY___ 
        "file_name": "x86_64",
2022-11-15 19:56:06,263 INFO     ___FILE_ONLY___ 
        "id": "x86_64",
2022-11-15 19:56:06,264 INFO     ___FILE_ONLY___ 
        "name": "x86_64"
2022-11-15 19:56:06,264 INFO     ___FILE_ONLY___ 
      },
2022-11-15 19:56:06,264 INFO     ___FILE_ONLY___ 
      "operating_system": {
2022-11-15 19:56:06,264 INFO     ___FILE_ONLY___ 
        "file_name": "darwin",
2022-11-15 19:56:06,264 INFO     ___FILE_ONLY___ 
        "id": "MACOSX",
2022-11-15 19:56:06,264 INFO     ___FILE_ONLY___ 
        "name": "Mac OS X"
2022-11-15 19:56:06,264 INFO     ___FILE_ONLY___ 
      }
2022-11-15 19:56:06,265 INFO     ___FILE_ONLY___ 
    },
2022-11-15 19:56:06,265 INFO     ___FILE_ONLY___ 
    "platform_required": false,
2022-11-15 19:56:06,265 INFO     ___FILE_ONLY___ 
    "size": 26547696,
2022-11-15 19:56:06,265 INFO     ___FILE_ONLY___ 
    "state": {
2022-11-15 19:56:06,265 INFO     ___FILE_ONLY___ 
      "name": "Installed"
2022-11-15 19:56:06,265 INFO     ___FILE_ONLY___ 
    }
2022-11-15 19:56:06,265 INFO     ___FILE_ONLY___ 
  }
2022-11-15 19:56:06,266 INFO     ___FILE_ONLY___ ,
  {
2022-11-15 19:56:06,266 INFO     ___FILE_ONLY___ 
    "current_version_string": "1.0.0",
2022-11-15 19:56:06,266 INFO     ___FILE_ONLY___ 
    "id": "gcloud-crc32c",
2022-11-15 19:56:06,266 INFO     ___FILE_ONLY___ 
    "is_configuration": false,
2022-11-15 19:56:06,266 INFO     ___FILE_ONLY___ 
    "is_hidden": false,
2022-11-15 19:56:06,266 INFO     ___FILE_ONLY___ 
    "latest_version_string": "1.0.0",
2022-11-15 19:56:06,267 INFO     ___FILE_ONLY___ 
    "name": "Google Cloud CRC32C Hash Tool",
2022-11-15 19:56:06,267 INFO     ___FILE_ONLY___ 
    "platform": {
2022-11-15 19:56:06,267 INFO     ___FILE_ONLY___ 
      "architecture": {
2022-11-15 19:56:06,267 INFO     ___FILE_ONLY___ 
        "file_name": "x86_64",
2022-11-15 19:56:06,267 INFO     ___FILE_ONLY___ 
        "id": "x86_64",
2022-11-15 19:56:06,267 INFO     ___FILE_ONLY___ 
        "name": "x86_64"
2022-11-15 19:56:06,267 INFO     ___FILE_ONLY___ 
      },
2022-11-15 19:56:06,267 INFO     ___FILE_ONLY___ 
      "operating_system": {
2022-11-15 19:56:06,268 INFO     ___FILE_ONLY___ 
        "file_name": "darwin",
2022-11-15 19:56:06,268 INFO     ___FILE_ONLY___ 
        "id": "MACOSX",
2022-11-15 19:56:06,268 INFO     ___FILE_ONLY___ 
        "name": "Mac OS X"
2022-11-15 19:56:06,268 INFO     ___FILE_ONLY___ 
      }
2022-11-15 19:56:06,268 INFO     ___FILE_ONLY___ 
    },
2022-11-15 19:56:06,268 INFO     ___FILE_ONLY___ 
    "platform_required": false,
2022-11-15 19:56:06,268 INFO     ___FILE_ONLY___ 
    "size": 1250758,
2022-11-15 19:56:06,269 INFO     ___FILE_ONLY___ 
    "state": {
2022-11-15 19:56:06,269 INFO     ___FILE_ONLY___ 
      "name": "Installed"
2022-11-15 19:56:06,269 INFO     ___FILE_ONLY___ 
    }
2022-11-15 19:56:06,269 INFO     ___FILE_ONLY___ 
  }
2022-11-15 19:56:06,270 INFO     ___FILE_ONLY___ ,
  {
2022-11-15 19:56:06,270 INFO     ___FILE_ONLY___ 
    "current_version_string": "1.27.0",
2022-11-15 19:56:06,270 INFO     ___FILE_ONLY___ 
    "id": "minikube",
2022-11-15 19:56:06,270 INFO     ___FILE_ONLY___ 
    "is_configuration": false,
2022-11-15 19:56:06,270 INFO     ___FILE_ONLY___ 
    "is_hidden": false,
2022-11-15 19:56:06,270 INFO     ___FILE_ONLY___ 
    "latest_version_string": "1.28.0",
2022-11-15 19:56:06,271 INFO     ___FILE_ONLY___ 
    "name": "Minikube",
2022-11-15 19:56:06,271 INFO     ___FILE_ONLY___ 
    "platform": {
2022-11-15 19:56:06,271 INFO     ___FILE_ONLY___ 
      "architecture": {
2022-11-15 19:56:06,271 INFO     ___FILE_ONLY___ 
        "file_name": "x86_64",
2022-11-15 19:56:06,271 INFO     ___FILE_ONLY___ 
        "id": "x86_64",
2022-11-15 19:56:06,271 INFO     ___FILE_ONLY___ 
        "name": "x86_64"
2022-11-15 19:56:06,271 INFO     ___FILE_ONLY___ 
      },
2022-11-15 19:56:06,271 INFO     ___FILE_ONLY___ 
      "operating_system": {
2022-11-15 19:56:06,271 INFO     ___FILE_ONLY___ 
        "file_name": "darwin",
2022-11-15 19:56:06,271 INFO     ___FILE_ONLY___ 
        "id": "MACOSX",
2022-11-15 19:56:06,272 INFO     ___FILE_ONLY___ 
        "name": "Mac OS X"
2022-11-15 19:56:06,272 INFO     ___FILE_ONLY___ 
      }
2022-11-15 19:56:06,272 INFO     ___FILE_ONLY___ 
    },
2022-11-15 19:56:06,272 INFO     ___FILE_ONLY___ 
    "platform_required": false,
2022-11-15 19:56:06,272 INFO     ___FILE_ONLY___ 
    "size": 32458072,
2022-11-15 19:56:06,272 INFO     ___FILE_ONLY___ 
    "state": {
2022-11-15 19:56:06,272 INFO     ___FILE_ONLY___ 
      "name": "Installed"
2022-11-15 19:56:06,272 INFO     ___FILE_ONLY___ 
    }
2022-11-15 19:56:06,273 INFO     ___FILE_ONLY___ 
  }
2022-11-15 19:56:06,274 INFO     ___FILE_ONLY___ ,
  {
2022-11-15 19:56:06,274 INFO     ___FILE_ONLY___ 
    "current_version_string": "1.39.3",
2022-11-15 19:56:06,275 INFO     ___FILE_ONLY___ 
    "id": "skaffold",
2022-11-15 19:56:06,275 INFO     ___FILE_ONLY___ 
    "is_configuration": false,
2022-11-15 19:56:06,275 INFO     ___FILE_ONLY___ 
    "is_hidden": false,
2022-11-15 19:56:06,275 INFO     ___FILE_ONLY___ 
    "latest_version_string": "1.39.3",
2022-11-15 19:56:06,275 INFO     ___FILE_ONLY___ 
    "name": "Skaffold",
2022-11-15 19:56:06,275 INFO     ___FILE_ONLY___ 
    "platform": {
2022-11-15 19:56:06,276 INFO     ___FILE_ONLY___ 
      "architecture": {
2022-11-15 19:56:06,276 INFO     ___FILE_ONLY___ 
        "file_name": "x86_64",
2022-11-15 19:56:06,276 INFO     ___FILE_ONLY___ 
        "id": "x86_64",
2022-11-15 19:56:06,276 INFO     ___FILE_ONLY___ 
        "name": "x86_64"
2022-11-15 19:56:06,276 INFO     ___FILE_ONLY___ 
      },
2022-11-15 19:56:06,276 INFO     ___FILE_ONLY___ 
      "operating_system": {
2022-11-15 19:56:06,276 INFO     ___FILE_ONLY___ 
        "file_name": "darwin",
2022-11-15 19:56:06,277 INFO     ___FILE_ONLY___ 
        "id": "MACOSX",
2022-11-15 19:56:06,277 INFO     ___FILE_ONLY___ 
        "name": "Mac OS X"
2022-11-15 19:56:06,277 INFO     ___FILE_ONLY___ 
      }
2022-11-15 19:56:06,277 INFO     ___FILE_ONLY___ 
    },
2022-11-15 19:56:06,277 INFO     ___FILE_ONLY___ 
    "platform_required": false,
2022-11-15 19:56:06,277 INFO     ___FILE_ONLY___ 
    "size": 22301645,
2022-11-15 19:56:06,277 INFO     ___FILE_ONLY___ 
    "state": {
2022-11-15 19:56:06,277 INFO     ___FILE_ONLY___ 
      "name": "Installed"
2022-11-15 19:56:06,277 INFO     ___FILE_ONLY___ 
    }
2022-11-15 19:56:06,277 INFO     ___FILE_ONLY___ 
  }
2022-11-15 19:56:06,278 INFO     ___FILE_ONLY___ ,
  {
2022-11-15 19:56:06,278 INFO     ___FILE_ONLY___ 
    "current_version_string": "2022.11.11",
2022-11-15 19:56:06,278 INFO     ___FILE_ONLY___ 
    "id": "alpha",
2022-11-15 19:56:06,278 INFO     ___FILE_ONLY___ 
    "is_configuration": false,
2022-11-15 19:56:06,278 INFO     ___FILE_ONLY___ 
    "is_hidden": false,
2022-11-15 19:56:06,279 INFO     ___FILE_ONLY___ 
    "latest_version_string": "2022.11.11",
2022-11-15 19:56:06,279 INFO     ___FILE_ONLY___ 
    "name": "gcloud Alpha Commands",
2022-11-15 19:56:06,279 INFO     ___FILE_ONLY___ 
    "platform": {
2022-11-15 19:56:06,279 INFO     ___FILE_ONLY___ 
      "architecture": {
2022-11-15 19:56:06,279 INFO     ___FILE_ONLY___ 
        "file_name": "x86_64",
2022-11-15 19:56:06,279 INFO     ___FILE_ONLY___ 
        "id": "x86_64",
2022-11-15 19:56:06,279 INFO     ___FILE_ONLY___ 
        "name": "x86_64"
2022-11-15 19:56:06,280 INFO     ___FILE_ONLY___ 
      },
2022-11-15 19:56:06,280 INFO     ___FILE_ONLY___ 
      "operating_system": {
2022-11-15 19:56:06,280 INFO     ___FILE_ONLY___ 
        "file_name": "darwin",
2022-11-15 19:56:06,280 INFO     ___FILE_ONLY___ 
        "id": "MACOSX",
2022-11-15 19:56:06,280 INFO     ___FILE_ONLY___ 
        "name": "Mac OS X"
2022-11-15 19:56:06,280 INFO     ___FILE_ONLY___ 
      }
2022-11-15 19:56:06,280 INFO     ___FILE_ONLY___ 
    },
2022-11-15 19:56:06,280 INFO     ___FILE_ONLY___ 
    "platform_required": false,
2022-11-15 19:56:06,280 INFO     ___FILE_ONLY___ 
    "size": 800,
2022-11-15 19:56:06,280 INFO     ___FILE_ONLY___ 
    "state": {
2022-11-15 19:56:06,281 INFO     ___FILE_ONLY___ 
      "name": "Installed"
2022-11-15 19:56:06,281 INFO     ___FILE_ONLY___ 
    }
2022-11-15 19:56:06,281 INFO     ___FILE_ONLY___ 
  }
2022-11-15 19:56:06,281 INFO     ___FILE_ONLY___ ,
  {
2022-11-15 19:56:06,281 INFO     ___FILE_ONLY___ 
    "current_version_string": "2022.11.11",
2022-11-15 19:56:06,281 INFO     ___FILE_ONLY___ 
    "id": "beta",
2022-11-15 19:56:06,282 INFO     ___FILE_ONLY___ 
    "is_configuration": false,
2022-11-15 19:56:06,282 INFO     ___FILE_ONLY___ 
    "is_hidden": false,
2022-11-15 19:56:06,282 INFO     ___FILE_ONLY___ 
    "latest_version_string": "2022.11.11",
2022-11-15 19:56:06,282 INFO     ___FILE_ONLY___ 
    "name": "gcloud Beta Commands",
2022-11-15 19:56:06,282 INFO     ___FILE_ONLY___ 
    "platform": {
2022-11-15 19:56:06,282 INFO     ___FILE_ONLY___ 
      "architecture": {
2022-11-15 19:56:06,282 INFO     ___FILE_ONLY___ 
        "file_name": "x86_64",
2022-11-15 19:56:06,282 INFO     ___FILE_ONLY___ 
        "id": "x86_64",
2022-11-15 19:56:06,282 INFO     ___FILE_ONLY___ 
        "name": "x86_64"
2022-11-15 19:56:06,282 INFO     ___FILE_ONLY___ 
      },
2022-11-15 19:56:06,282 INFO     ___FILE_ONLY___ 
      "operating_system": {
2022-11-15 19:56:06,283 INFO     ___FILE_ONLY___ 
        "file_name": "darwin",
2022-11-15 19:56:06,283 INFO     ___FILE_ONLY___ 
        "id": "MACOSX",
2022-11-15 19:56:06,283 INFO     ___FILE_ONLY___ 
        "name": "Mac OS X"
2022-11-15 19:56:06,283 INFO     ___FILE_ONLY___ 
      }
2022-11-15 19:56:06,283 INFO     ___FILE_ONLY___ 
    },
2022-11-15 19:56:06,283 INFO     ___FILE_ONLY___ 
    "platform_required": false,
2022-11-15 19:56:06,283 INFO     ___FILE_ONLY___ 
    "size": 797,
2022-11-15 19:56:06,283 INFO     ___FILE_ONLY___ 
    "state": {
2022-11-15 19:56:06,283 INFO     ___FILE_ONLY___ 
      "name": "Installed"
2022-11-15 19:56:06,283 INFO     ___FILE_ONLY___ 
    }
2022-11-15 19:56:06,284 INFO     ___FILE_ONLY___ 
  }
2022-11-15 19:56:06,284 INFO     ___FILE_ONLY___ ,
  {
2022-11-15 19:56:06,285 INFO     ___FILE_ONLY___ 
    "current_version_string": "0.4.0",
2022-11-15 19:56:06,285 INFO     ___FILE_ONLY___ 
    "id": "gke-gcloud-auth-plugin",
2022-11-15 19:56:06,285 INFO     ___FILE_ONLY___ 
    "is_configuration": false,
2022-11-15 19:56:06,285 INFO     ___FILE_ONLY___ 
    "is_hidden": false,
2022-11-15 19:56:06,285 INFO     ___FILE_ONLY___ 
    "latest_version_string": "0.4.0",
2022-11-15 19:56:06,285 INFO     ___FILE_ONLY___ 
    "name": "gke-gcloud-auth-plugin",
2022-11-15 19:56:06,285 INFO     ___FILE_ONLY___ 
    "platform": {
2022-11-15 19:56:06,285 INFO     ___FILE_ONLY___ 
      "architecture": {
2022-11-15 19:56:06,285 INFO     ___FILE_ONLY___ 
        "file_name": "x86_64",
2022-11-15 19:56:06,285 INFO     ___FILE_ONLY___ 
        "id": "x86_64",
2022-11-15 19:56:06,285 INFO     ___FILE_ONLY___ 
        "name": "x86_64"
2022-11-15 19:56:06,285 INFO     ___FILE_ONLY___ 
      },
2022-11-15 19:56:06,285 INFO     ___FILE_ONLY___ 
      "operating_system": {
2022-11-15 19:56:06,285 INFO     ___FILE_ONLY___ 
        "file_name": "darwin",
2022-11-15 19:56:06,286 INFO     ___FILE_ONLY___ 
        "id": "MACOSX",
2022-11-15 19:56:06,286 INFO     ___FILE_ONLY___ 
        "name": "Mac OS X"
2022-11-15 19:56:06,286 INFO     ___FILE_ONLY___ 
      }
2022-11-15 19:56:06,286 INFO     ___FILE_ONLY___ 
    },
2022-11-15 19:56:06,286 INFO     ___FILE_ONLY___ 
    "platform_required": false,
2022-11-15 19:56:06,286 INFO     ___FILE_ONLY___ 
    "size": 7825303,
2022-11-15 19:56:06,286 INFO     ___FILE_ONLY___ 
    "state": {
2022-11-15 19:56:06,286 INFO     ___FILE_ONLY___ 
      "name": "Installed"
2022-11-15 19:56:06,286 INFO     ___FILE_ONLY___ 
    }
2022-11-15 19:56:06,286 INFO     ___FILE_ONLY___ 
  }
2022-11-15 19:56:06,287 INFO     ___FILE_ONLY___ ,
  {
2022-11-15 19:56:06,287 INFO     ___FILE_ONLY___ 
    "current_version_string": "1.22.14",
2022-11-15 19:56:06,287 INFO     ___FILE_ONLY___ 
    "id": "kubectl",
2022-11-15 19:56:06,287 INFO     ___FILE_ONLY___ 
    "is_configuration": false,
2022-11-15 19:56:06,287 INFO     ___FILE_ONLY___ 
    "is_hidden": false,
2022-11-15 19:56:06,287 INFO     ___FILE_ONLY___ 
    "latest_version_string": "1.22.14",
2022-11-15 19:56:06,287 INFO     ___FILE_ONLY___ 
    "name": "kubectl",
2022-11-15 19:56:06,288 INFO     ___FILE_ONLY___ 
    "platform": {
2022-11-15 19:56:06,288 INFO     ___FILE_ONLY___ 
      "architecture": {
2022-11-15 19:56:06,288 INFO     ___FILE_ONLY___ 
        "file_name": "x86_64",
2022-11-15 19:56:06,288 INFO     ___FILE_ONLY___ 
        "id": "x86_64",
2022-11-15 19:56:06,288 INFO     ___FILE_ONLY___ 
        "name": "x86_64"
2022-11-15 19:56:06,288 INFO     ___FILE_ONLY___ 
      },
2022-11-15 19:56:06,288 INFO     ___FILE_ONLY___ 
      "operating_system": {
2022-11-15 19:56:06,288 INFO     ___FILE_ONLY___ 
        "file_name": "darwin",
2022-11-15 19:56:06,288 INFO     ___FILE_ONLY___ 
        "id": "MACOSX",
2022-11-15 19:56:06,288 INFO     ___FILE_ONLY___ 
        "name": "Mac OS X"
2022-11-15 19:56:06,288 INFO     ___FILE_ONLY___ 
      }
2022-11-15 19:56:06,289 INFO     ___FILE_ONLY___ 
    },
2022-11-15 19:56:06,289 INFO     ___FILE_ONLY___ 
    "platform_required": true,
2022-11-15 19:56:06,289 INFO     ___FILE_ONLY___ 
    "size": 48204,
2022-11-15 19:56:06,289 INFO     ___FILE_ONLY___ 
    "state": {
2022-11-15 19:56:06,289 INFO     ___FILE_ONLY___ 
      "name": "Installed"
2022-11-15 19:56:06,289 INFO     ___FILE_ONLY___ 
    }
2022-11-15 19:56:06,289 INFO     ___FILE_ONLY___ 
  }
2022-11-15 19:56:06,289 INFO     ___FILE_ONLY___ 
]

