2022-11-15 20:08:54,713 DEBUG    root            Loaded Command Group: ['gcloud', 'components']
2022-11-15 20:08:54,717 DEBUG    root            Loaded Command Group: ['gcloud', 'components', 'install']
2022-11-15 20:08:54,719 DEBUG    root            Running [gcloud.components.install] with arguments: [--quiet: "True", COMPONENT-IDS:7: "['alpha', 'beta', 'gke-gcloud-auth-plugin', 'kubectl', 'skaffold', 'minikube', 'gsutil']"]
2022-11-15 20:08:54,741 DEBUG    urllib3.connectionpool Starting new HTTPS connection (1): dl.google.com:443
2022-11-15 20:08:54,830 DEBUG    urllib3.connectionpool https://dl.google.com:443 "GET /dl/cloudsdk/channels/rapid/components-v410.0.0.json HTTP/1.1" 200 203447
2022-11-15 20:08:54,907 INFO     ___FILE_ONLY___ 

2022-11-15 20:08:54,909 INFO     ___FILE_ONLY___ 
Your current Google Cloud CLI version is: 410.0.0

2022-11-15 20:08:54,909 INFO     ___FILE_ONLY___ Installing components from version: 410.0.0

2022-11-15 20:08:54,909 INFO     ___FILE_ONLY___ 

2022-11-15 20:08:54,915 INFO     ___FILE_ONLY___ ┌────────────────────────────────────────────────┐
2022-11-15 20:08:54,915 INFO     ___FILE_ONLY___ 

2022-11-15 20:08:54,915 INFO     ___FILE_ONLY___ │      These components will be installed.       │
2022-11-15 20:08:54,915 INFO     ___FILE_ONLY___ 

2022-11-15 20:08:54,915 INFO     ___FILE_ONLY___ ├────────────────────────┬────────────┬──────────┤
2022-11-15 20:08:54,915 INFO     ___FILE_ONLY___ 

2022-11-15 20:08:54,915 INFO     ___FILE_ONLY___ │          Name          │  Version   │   Size   │
2022-11-15 20:08:54,915 INFO     ___FILE_ONLY___ 

2022-11-15 20:08:54,916 INFO     ___FILE_ONLY___ ├────────────────────────┼────────────┼──────────┤
2022-11-15 20:08:54,916 INFO     ___FILE_ONLY___ 

2022-11-15 20:08:54,916 INFO     ___FILE_ONLY___ │ 
2022-11-15 20:08:54,916 INFO     ___FILE_ONLY___ Minikube              
2022-11-15 20:08:54,916 INFO     ___FILE_ONLY___  
2022-11-15 20:08:54,916 INFO     ___FILE_ONLY___ │ 
2022-11-15 20:08:54,916 INFO     ___FILE_ONLY___     1.28.0
2022-11-15 20:08:54,916 INFO     ___FILE_ONLY___  
2022-11-15 20:08:54,917 INFO     ___FILE_ONLY___ │ 
2022-11-15 20:08:54,917 INFO     ___FILE_ONLY___ 31.0 MiB
2022-11-15 20:08:54,917 INFO     ___FILE_ONLY___  
2022-11-15 20:08:54,918 INFO     ___FILE_ONLY___ │
2022-11-15 20:08:54,918 INFO     ___FILE_ONLY___ 

2022-11-15 20:08:54,918 INFO     ___FILE_ONLY___ │ 
2022-11-15 20:08:54,918 INFO     ___FILE_ONLY___ Skaffold              
2022-11-15 20:08:54,918 INFO     ___FILE_ONLY___  
2022-11-15 20:08:54,919 INFO     ___FILE_ONLY___ │ 
2022-11-15 20:08:54,919 INFO     ___FILE_ONLY___     1.39.3
2022-11-15 20:08:54,919 INFO     ___FILE_ONLY___  
2022-11-15 20:08:54,919 INFO     ___FILE_ONLY___ │ 
2022-11-15 20:08:54,919 INFO     ___FILE_ONLY___ 21.3 MiB
2022-11-15 20:08:54,919 INFO     ___FILE_ONLY___  
2022-11-15 20:08:54,919 INFO     ___FILE_ONLY___ │
2022-11-15 20:08:54,920 INFO     ___FILE_ONLY___ 

2022-11-15 20:08:54,920 INFO     ___FILE_ONLY___ │ 
2022-11-15 20:08:54,920 INFO     ___FILE_ONLY___ gcloud Alpha Commands 
2022-11-15 20:08:54,920 INFO     ___FILE_ONLY___  
2022-11-15 20:08:54,920 INFO     ___FILE_ONLY___ │ 
2022-11-15 20:08:54,920 INFO     ___FILE_ONLY___ 2022.11.11
2022-11-15 20:08:54,920 INFO     ___FILE_ONLY___  
2022-11-15 20:08:54,920 INFO     ___FILE_ONLY___ │ 
2022-11-15 20:08:54,921 INFO     ___FILE_ONLY___  < 1 MiB
2022-11-15 20:08:54,921 INFO     ___FILE_ONLY___  
2022-11-15 20:08:54,921 INFO     ___FILE_ONLY___ │
2022-11-15 20:08:54,921 INFO     ___FILE_ONLY___ 

2022-11-15 20:08:54,921 INFO     ___FILE_ONLY___ │ 
2022-11-15 20:08:54,921 INFO     ___FILE_ONLY___ gcloud Beta Commands  
2022-11-15 20:08:54,921 INFO     ___FILE_ONLY___  
2022-11-15 20:08:54,921 INFO     ___FILE_ONLY___ │ 
2022-11-15 20:08:54,922 INFO     ___FILE_ONLY___ 2022.11.11
2022-11-15 20:08:54,922 INFO     ___FILE_ONLY___  
2022-11-15 20:08:54,922 INFO     ___FILE_ONLY___ │ 
2022-11-15 20:08:54,922 INFO     ___FILE_ONLY___  < 1 MiB
2022-11-15 20:08:54,922 INFO     ___FILE_ONLY___  
2022-11-15 20:08:54,922 INFO     ___FILE_ONLY___ │
2022-11-15 20:08:54,922 INFO     ___FILE_ONLY___ 

2022-11-15 20:08:54,922 INFO     ___FILE_ONLY___ │ 
2022-11-15 20:08:54,922 INFO     ___FILE_ONLY___ gke-gcloud-auth-plugin
2022-11-15 20:08:54,922 INFO     ___FILE_ONLY___  
2022-11-15 20:08:54,923 INFO     ___FILE_ONLY___ │ 
2022-11-15 20:08:54,923 INFO     ___FILE_ONLY___      0.4.0
2022-11-15 20:08:54,923 INFO     ___FILE_ONLY___  
2022-11-15 20:08:54,923 INFO     ___FILE_ONLY___ │ 
2022-11-15 20:08:54,923 INFO     ___FILE_ONLY___  7.5 MiB
2022-11-15 20:08:54,923 INFO     ___FILE_ONLY___  
2022-11-15 20:08:54,923 INFO     ___FILE_ONLY___ │
2022-11-15 20:08:54,923 INFO     ___FILE_ONLY___ 

2022-11-15 20:08:54,923 INFO     ___FILE_ONLY___ │ 
2022-11-15 20:08:54,923 INFO     ___FILE_ONLY___ kubectl               
2022-11-15 20:08:54,924 INFO     ___FILE_ONLY___  
2022-11-15 20:08:54,924 INFO     ___FILE_ONLY___ │ 
2022-11-15 20:08:54,924 INFO     ___FILE_ONLY___    1.22.14
2022-11-15 20:08:54,924 INFO     ___FILE_ONLY___  
2022-11-15 20:08:54,924 INFO     ___FILE_ONLY___ │ 
2022-11-15 20:08:54,924 INFO     ___FILE_ONLY___  < 1 MiB
2022-11-15 20:08:54,924 INFO     ___FILE_ONLY___  
2022-11-15 20:08:54,924 INFO     ___FILE_ONLY___ │
2022-11-15 20:08:54,924 INFO     ___FILE_ONLY___ 

2022-11-15 20:08:54,924 INFO     ___FILE_ONLY___ │ 
2022-11-15 20:08:54,924 INFO     ___FILE_ONLY___ kubectl               
2022-11-15 20:08:54,924 INFO     ___FILE_ONLY___  
2022-11-15 20:08:54,924 INFO     ___FILE_ONLY___ │ 
2022-11-15 20:08:54,925 INFO     ___FILE_ONLY___    1.22.14
2022-11-15 20:08:54,925 INFO     ___FILE_ONLY___  
2022-11-15 20:08:54,925 INFO     ___FILE_ONLY___ │ 
2022-11-15 20:08:54,925 INFO     ___FILE_ONLY___ 93.1 MiB
2022-11-15 20:08:54,925 INFO     ___FILE_ONLY___  
2022-11-15 20:08:54,926 INFO     ___FILE_ONLY___ │
2022-11-15 20:08:54,926 INFO     ___FILE_ONLY___ 

2022-11-15 20:08:54,926 INFO     ___FILE_ONLY___ └────────────────────────┴────────────┴──────────┘
2022-11-15 20:08:54,926 INFO     ___FILE_ONLY___ 

2022-11-15 20:08:54,926 INFO     ___FILE_ONLY___ 

2022-11-15 20:08:54,930 DEBUG    urllib3.connectionpool Starting new HTTPS connection (1): dl.google.com:443
2022-11-15 20:08:55,013 DEBUG    urllib3.connectionpool https://dl.google.com:443 "GET /dl/cloudsdk/channels/rapid/RELEASE_NOTES HTTP/1.1" 200 900823
2022-11-15 20:08:55,125 INFO     ___FILE_ONLY___ For the latest full release notes, please visit:
  https://cloud.google.com/sdk/release_notes


2022-11-15 20:08:55,131 INFO     ___FILE_ONLY___ ╔════════════════════════════════════════════════════════════╗

2022-11-15 20:08:55,132 INFO     ___FILE_ONLY___ ╠═ Creating update staging area                             ═╣

2022-11-15 20:08:55,132 INFO     ___FILE_ONLY___ ╚
2022-11-15 20:08:55,133 INFO     ___FILE_ONLY___ ══════
2022-11-15 20:08:59,111 INFO     ___FILE_ONLY___ ══════
2022-11-15 20:08:59,111 INFO     ___FILE_ONLY___ ══════
2022-11-15 20:09:00,064 INFO     ___FILE_ONLY___ ═
2022-11-15 20:09:00,649 INFO     ___FILE_ONLY___ ═
2022-11-15 20:09:00,984 INFO     ___FILE_ONLY___ ═
2022-11-15 20:09:01,460 INFO     ___FILE_ONLY___ ═
2022-11-15 20:09:01,841 INFO     ___FILE_ONLY___ ═
2022-11-15 20:09:02,214 INFO     ___FILE_ONLY___ ═
2022-11-15 20:09:02,864 INFO     ___FILE_ONLY___ ═
2022-11-15 20:09:03,213 INFO     ___FILE_ONLY___ ═
2022-11-15 20:09:03,935 INFO     ___FILE_ONLY___ ═
2022-11-15 20:09:04,526 INFO     ___FILE_ONLY___ ═
2022-11-15 20:09:04,820 INFO     ___FILE_ONLY___ ═
2022-11-15 20:09:05,291 INFO     ___FILE_ONLY___ ═
2022-11-15 20:09:05,592 INFO     ___FILE_ONLY___ ═
2022-11-15 20:09:06,084 INFO     ___FILE_ONLY___ ═
2022-11-15 20:09:06,777 INFO     ___FILE_ONLY___ ═
2022-11-15 20:09:07,138 INFO     ___FILE_ONLY___ ═
2022-11-15 20:09:07,436 INFO     ___FILE_ONLY___ ═
2022-11-15 20:09:07,626 INFO     ___FILE_ONLY___ ═
2022-11-15 20:09:07,789 INFO     ___FILE_ONLY___ ═
2022-11-15 20:09:08,037 INFO     ___FILE_ONLY___ ═
2022-11-15 20:09:08,387 INFO     ___FILE_ONLY___ ═
2022-11-15 20:09:08,709 INFO     ___FILE_ONLY___ ═
2022-11-15 20:09:09,032 INFO     ___FILE_ONLY___ ═
2022-11-15 20:09:09,358 INFO     ___FILE_ONLY___ ═
2022-11-15 20:09:09,624 INFO     ___FILE_ONLY___ ═
2022-11-15 20:09:09,911 INFO     ___FILE_ONLY___ ═
2022-11-15 20:09:10,404 INFO     ___FILE_ONLY___ ═
2022-11-15 20:09:10,740 INFO     ___FILE_ONLY___ ═
2022-11-15 20:09:11,076 INFO     ___FILE_ONLY___ ═
2022-11-15 20:09:11,498 INFO     ___FILE_ONLY___ ═
2022-11-15 20:09:11,715 INFO     ___FILE_ONLY___ ═
2022-11-15 20:09:11,997 INFO     ___FILE_ONLY___ ═
2022-11-15 20:09:12,226 INFO     ___FILE_ONLY___ ═
2022-11-15 20:09:12,488 INFO     ___FILE_ONLY___ ═
2022-11-15 20:09:12,758 INFO     ___FILE_ONLY___ ═
2022-11-15 20:09:12,977 INFO     ___FILE_ONLY___ ═
2022-11-15 20:09:13,200 INFO     ___FILE_ONLY___ ═
2022-11-15 20:09:13,391 INFO     ___FILE_ONLY___ ═
2022-11-15 20:09:13,599 INFO     ___FILE_ONLY___ ═
2022-11-15 20:09:13,785 INFO     ___FILE_ONLY___ ═
2022-11-15 20:09:14,012 INFO     ___FILE_ONLY___ ═
2022-11-15 20:09:14,412 INFO     ___FILE_ONLY___ ═
2022-11-15 20:09:14,413 INFO     ___FILE_ONLY___ ╝

2022-11-15 20:09:20,604 INFO     ___FILE_ONLY___ ╔════════════════════════════════════════════════════════════╗

2022-11-15 20:09:20,606 INFO     ___FILE_ONLY___ ╠═ Installing: Minikube                                     ═╣

2022-11-15 20:09:20,606 INFO     ___FILE_ONLY___ ╚
2022-11-15 20:09:20,613 DEBUG    urllib3.connectionpool Starting new HTTPS connection (1): dl.google.com:443
2022-11-15 20:09:20,802 DEBUG    urllib3.connectionpool https://dl.google.com:443 "GET /dl/cloudsdk/channels/rapid/components/google-cloud-sdk-minikube-darwin-x86_64-20221104233933.tar.gz HTTP/1.1" 200 32458072
2022-11-15 20:09:22,150 INFO     ___FILE_ONLY___ ═
2022-11-15 20:09:22,152 INFO     ___FILE_ONLY___ ═
2022-11-15 20:09:22,154 INFO     ___FILE_ONLY___ ═
2022-11-15 20:09:22,157 INFO     ___FILE_ONLY___ ═
2022-11-15 20:09:22,159 INFO     ___FILE_ONLY___ ═
2022-11-15 20:09:22,161 INFO     ___FILE_ONLY___ ═
2022-11-15 20:09:22,164 INFO     ___FILE_ONLY___ ═
2022-11-15 20:09:22,169 INFO     ___FILE_ONLY___ ═
2022-11-15 20:09:22,170 INFO     ___FILE_ONLY___ ═
2022-11-15 20:09:22,171 INFO     ___FILE_ONLY___ ═
2022-11-15 20:09:22,172 INFO     ___FILE_ONLY___ ═
2022-11-15 20:09:22,174 INFO     ___FILE_ONLY___ ═
2022-11-15 20:09:22,176 INFO     ___FILE_ONLY___ ═
2022-11-15 20:09:22,177 INFO     ___FILE_ONLY___ ═
2022-11-15 20:09:22,178 INFO     ___FILE_ONLY___ ═
2022-11-15 20:09:22,209 INFO     ___FILE_ONLY___ ═
2022-11-15 20:09:22,234 INFO     ___FILE_ONLY___ ═
2022-11-15 20:09:22,278 INFO     ___FILE_ONLY___ ═
2022-11-15 20:09:22,280 INFO     ___FILE_ONLY___ ═
2022-11-15 20:09:22,281 INFO     ___FILE_ONLY___ ═
2022-11-15 20:09:22,283 INFO     ___FILE_ONLY___ ═
2022-11-15 20:09:22,284 INFO     ___FILE_ONLY___ ═
2022-11-15 20:09:22,286 INFO     ___FILE_ONLY___ ═
2022-11-15 20:09:22,289 INFO     ___FILE_ONLY___ ═
2022-11-15 20:09:22,291 INFO     ___FILE_ONLY___ ═
2022-11-15 20:09:22,292 INFO     ___FILE_ONLY___ ═
2022-11-15 20:09:22,293 INFO     ___FILE_ONLY___ ═
2022-11-15 20:09:22,295 INFO     ___FILE_ONLY___ ═
2022-11-15 20:09:22,297 INFO     ___FILE_ONLY___ ═
2022-11-15 20:09:22,299 INFO     ___FILE_ONLY___ ═
2022-11-15 20:09:23,102 INFO     ___FILE_ONLY___ ══════════════════════════════
2022-11-15 20:09:23,103 INFO     ___FILE_ONLY___ ╝

2022-11-15 20:09:23,123 INFO     ___FILE_ONLY___ ╔════════════════════════════════════════════════════════════╗

2022-11-15 20:09:23,124 INFO     ___FILE_ONLY___ ╠═ Installing: Minikube                                     ═╣

2022-11-15 20:09:23,124 INFO     ___FILE_ONLY___ ╚
2022-11-15 20:09:23,128 INFO     ___FILE_ONLY___ ════════════════════════════════════════════════════════════
2022-11-15 20:09:23,129 INFO     ___FILE_ONLY___ ╝

2022-11-15 20:09:23,134 INFO     ___FILE_ONLY___ ╔════════════════════════════════════════════════════════════╗

2022-11-15 20:09:23,135 INFO     ___FILE_ONLY___ ╠═ Installing: Skaffold                                     ═╣

2022-11-15 20:09:23,135 INFO     ___FILE_ONLY___ ╚
2022-11-15 20:09:23,140 INFO     ___FILE_ONLY___ ════════════════════════════════════════════════════════════
2022-11-15 20:09:23,140 INFO     ___FILE_ONLY___ ╝

2022-11-15 20:09:23,145 INFO     ___FILE_ONLY___ ╔════════════════════════════════════════════════════════════╗

2022-11-15 20:09:23,146 INFO     ___FILE_ONLY___ ╠═ Installing: Skaffold                                     ═╣

2022-11-15 20:09:23,146 INFO     ___FILE_ONLY___ ╚
2022-11-15 20:09:23,154 DEBUG    urllib3.connectionpool Starting new HTTPS connection (1): dl.google.com:443
2022-11-15 20:09:23,294 DEBUG    urllib3.connectionpool https://dl.google.com:443 "GET /dl/cloudsdk/channels/rapid/components/google-cloud-sdk-skaffold-darwin-x86_64-20221017194419.tar.gz HTTP/1.1" 200 22301645
2022-11-15 20:09:24,040 INFO     ___FILE_ONLY___ ═
2022-11-15 20:09:24,041 INFO     ___FILE_ONLY___ ═
2022-11-15 20:09:24,042 INFO     ___FILE_ONLY___ ═
2022-11-15 20:09:24,043 INFO     ___FILE_ONLY___ ═
2022-11-15 20:09:24,044 INFO     ___FILE_ONLY___ ═
2022-11-15 20:09:24,046 INFO     ___FILE_ONLY___ ═
2022-11-15 20:09:24,048 INFO     ___FILE_ONLY___ ═
2022-11-15 20:09:24,049 INFO     ___FILE_ONLY___ ═
2022-11-15 20:09:24,052 INFO     ___FILE_ONLY___ ═
2022-11-15 20:09:24,053 INFO     ___FILE_ONLY___ ═
2022-11-15 20:09:24,055 INFO     ___FILE_ONLY___ ═
2022-11-15 20:09:24,058 INFO     ___FILE_ONLY___ ═
2022-11-15 20:09:24,060 INFO     ___FILE_ONLY___ ═
2022-11-15 20:09:24,061 INFO     ___FILE_ONLY___ ═
2022-11-15 20:09:24,062 INFO     ___FILE_ONLY___ ═
2022-11-15 20:09:24,063 INFO     ___FILE_ONLY___ ═
2022-11-15 20:09:24,064 INFO     ___FILE_ONLY___ ═
2022-11-15 20:09:24,065 INFO     ___FILE_ONLY___ ═
2022-11-15 20:09:24,066 INFO     ___FILE_ONLY___ ═
2022-11-15 20:09:24,067 INFO     ___FILE_ONLY___ ═
2022-11-15 20:09:24,069 INFO     ___FILE_ONLY___ ═
2022-11-15 20:09:24,070 INFO     ___FILE_ONLY___ ═
2022-11-15 20:09:24,073 INFO     ___FILE_ONLY___ ═
2022-11-15 20:09:24,074 INFO     ___FILE_ONLY___ ═
2022-11-15 20:09:24,075 INFO     ___FILE_ONLY___ ═
2022-11-15 20:09:24,076 INFO     ___FILE_ONLY___ ═
2022-11-15 20:09:24,078 INFO     ___FILE_ONLY___ ═
2022-11-15 20:09:24,079 INFO     ___FILE_ONLY___ ═
2022-11-15 20:09:24,080 INFO     ___FILE_ONLY___ ═
2022-11-15 20:09:24,081 INFO     ___FILE_ONLY___ ═
2022-11-15 20:09:24,885 INFO     ___FILE_ONLY___ ══════════════════════════════
2022-11-15 20:09:24,885 INFO     ___FILE_ONLY___ ╝

2022-11-15 20:09:24,910 INFO     ___FILE_ONLY___ ╔════════════════════════════════════════════════════════════╗

2022-11-15 20:09:24,911 INFO     ___FILE_ONLY___ ╠═ Installing: gcloud Alpha Commands                        ═╣

2022-11-15 20:09:24,911 INFO     ___FILE_ONLY___ ╚
2022-11-15 20:09:24,919 DEBUG    urllib3.connectionpool Starting new HTTPS connection (1): dl.google.com:443
2022-11-15 20:09:25,004 DEBUG    urllib3.connectionpool https://dl.google.com:443 "GET /dl/cloudsdk/channels/rapid/components/google-cloud-sdk-alpha-20221111160842.tar.gz HTTP/1.1" 200 800
2022-11-15 20:09:25,005 INFO     ___FILE_ONLY___ ══════════════════════════════
2022-11-15 20:09:25,007 INFO     ___FILE_ONLY___ ══════════════════════════════
2022-11-15 20:09:25,007 INFO     ___FILE_ONLY___ ╝

2022-11-15 20:09:25,020 INFO     ___FILE_ONLY___ ╔════════════════════════════════════════════════════════════╗

2022-11-15 20:09:25,021 INFO     ___FILE_ONLY___ ╠═ Installing: gcloud Beta Commands                         ═╣

2022-11-15 20:09:25,021 INFO     ___FILE_ONLY___ ╚
2022-11-15 20:09:25,027 DEBUG    urllib3.connectionpool Starting new HTTPS connection (1): dl.google.com:443
2022-11-15 20:09:25,109 DEBUG    urllib3.connectionpool https://dl.google.com:443 "GET /dl/cloudsdk/channels/rapid/components/google-cloud-sdk-beta-20221111160842.tar.gz HTTP/1.1" 200 797
2022-11-15 20:09:25,111 INFO     ___FILE_ONLY___ ══════════════════════════════
2022-11-15 20:09:25,112 INFO     ___FILE_ONLY___ ══════════════════════════════
2022-11-15 20:09:25,112 INFO     ___FILE_ONLY___ ╝

2022-11-15 20:09:25,125 INFO     ___FILE_ONLY___ ╔════════════════════════════════════════════════════════════╗

2022-11-15 20:09:25,126 INFO     ___FILE_ONLY___ ╠═ Installing: gke-gcloud-auth-plugin                       ═╣

2022-11-15 20:09:25,126 INFO     ___FILE_ONLY___ ╚
2022-11-15 20:09:25,131 INFO     ___FILE_ONLY___ ════════════════════════════════════════════════════════════
2022-11-15 20:09:25,131 INFO     ___FILE_ONLY___ ╝

2022-11-15 20:09:25,136 INFO     ___FILE_ONLY___ ╔════════════════════════════════════════════════════════════╗

2022-11-15 20:09:25,137 INFO     ___FILE_ONLY___ ╠═ Installing: gke-gcloud-auth-plugin                       ═╣

2022-11-15 20:09:25,137 INFO     ___FILE_ONLY___ ╚
2022-11-15 20:09:25,143 DEBUG    urllib3.connectionpool Starting new HTTPS connection (1): dl.google.com:443
2022-11-15 20:09:25,247 DEBUG    urllib3.connectionpool https://dl.google.com:443 "GET /dl/cloudsdk/channels/rapid/components/google-cloud-sdk-gke-gcloud-auth-plugin-darwin-x86_64-20221014224505.tar.gz HTTP/1.1" 200 7825303
2022-11-15 20:09:25,526 INFO     ___FILE_ONLY___ ═
2022-11-15 20:09:25,526 INFO     ___FILE_ONLY___ ═
2022-11-15 20:09:25,527 INFO     ___FILE_ONLY___ ═
2022-11-15 20:09:25,527 INFO     ___FILE_ONLY___ ═
2022-11-15 20:09:25,528 INFO     ___FILE_ONLY___ ═
2022-11-15 20:09:25,528 INFO     ___FILE_ONLY___ ═
2022-11-15 20:09:25,529 INFO     ___FILE_ONLY___ ═
2022-11-15 20:09:25,529 INFO     ___FILE_ONLY___ ═
2022-11-15 20:09:25,529 INFO     ___FILE_ONLY___ ═
2022-11-15 20:09:25,530 INFO     ___FILE_ONLY___ ═
2022-11-15 20:09:25,530 INFO     ___FILE_ONLY___ ═
2022-11-15 20:09:25,530 INFO     ___FILE_ONLY___ ═
2022-11-15 20:09:25,531 INFO     ___FILE_ONLY___ ═
2022-11-15 20:09:25,531 INFO     ___FILE_ONLY___ ═
2022-11-15 20:09:25,532 INFO     ___FILE_ONLY___ ═
2022-11-15 20:09:25,532 INFO     ___FILE_ONLY___ ═
2022-11-15 20:09:25,532 INFO     ___FILE_ONLY___ ═
2022-11-15 20:09:25,533 INFO     ___FILE_ONLY___ ═
2022-11-15 20:09:25,533 INFO     ___FILE_ONLY___ ═
2022-11-15 20:09:25,533 INFO     ___FILE_ONLY___ ═
2022-11-15 20:09:25,534 INFO     ___FILE_ONLY___ ═
2022-11-15 20:09:25,534 INFO     ___FILE_ONLY___ ═
2022-11-15 20:09:25,534 INFO     ___FILE_ONLY___ ═
2022-11-15 20:09:25,535 INFO     ___FILE_ONLY___ ═
2022-11-15 20:09:25,535 INFO     ___FILE_ONLY___ ═
2022-11-15 20:09:25,535 INFO     ___FILE_ONLY___ ═
2022-11-15 20:09:25,536 INFO     ___FILE_ONLY___ ═
2022-11-15 20:09:25,536 INFO     ___FILE_ONLY___ ═
2022-11-15 20:09:25,537 INFO     ___FILE_ONLY___ ═
2022-11-15 20:09:25,537 INFO     ___FILE_ONLY___ ═
2022-11-15 20:09:25,716 INFO     ___FILE_ONLY___ ══════════════════════════════
2022-11-15 20:09:25,716 INFO     ___FILE_ONLY___ ╝

2022-11-15 20:09:25,727 INFO     ___FILE_ONLY___ ╔════════════════════════════════════════════════════════════╗

2022-11-15 20:09:25,729 INFO     ___FILE_ONLY___ ╠═ Installing: kubectl                                      ═╣

2022-11-15 20:09:25,729 INFO     ___FILE_ONLY___ ╚
2022-11-15 20:09:25,733 DEBUG    urllib3.connectionpool Starting new HTTPS connection (1): dl.google.com:443
2022-11-15 20:09:25,821 DEBUG    urllib3.connectionpool https://dl.google.com:443 "GET /dl/cloudsdk/channels/rapid/components/google-cloud-sdk-kubectl-20221017194419.tar.gz HTTP/1.1" 200 48204
2022-11-15 20:09:25,848 INFO     ___FILE_ONLY___ ══════════
2022-11-15 20:09:25,848 INFO     ___FILE_ONLY___ ══════════
2022-11-15 20:09:25,848 INFO     ___FILE_ONLY___ ══════════
2022-11-15 20:09:25,857 INFO     ___FILE_ONLY___ ══════════════════════════════
2022-11-15 20:09:25,857 INFO     ___FILE_ONLY___ ╝

2022-11-15 20:09:25,869 INFO     ___FILE_ONLY___ ╔════════════════════════════════════════════════════════════╗

2022-11-15 20:09:25,870 INFO     ___FILE_ONLY___ ╠═ Installing: kubectl                                      ═╣

2022-11-15 20:09:25,870 INFO     ___FILE_ONLY___ ╚
2022-11-15 20:09:25,874 DEBUG    urllib3.connectionpool Starting new HTTPS connection (1): dl.google.com:443
2022-11-15 20:09:26,046 DEBUG    urllib3.connectionpool https://dl.google.com:443 "GET /dl/cloudsdk/channels/rapid/components/google-cloud-sdk-kubectl-darwin-x86_64-20220923141408.tar.gz HTTP/1.1" 200 97570066
2022-11-15 20:09:28,468 INFO     ___FILE_ONLY___ ═
2022-11-15 20:09:28,473 INFO     ___FILE_ONLY___ ═
2022-11-15 20:09:28,479 INFO     ___FILE_ONLY___ ═
2022-11-15 20:09:28,483 INFO     ___FILE_ONLY___ ═
2022-11-15 20:09:28,487 INFO     ___FILE_ONLY___ ═
2022-11-15 20:09:28,493 INFO     ___FILE_ONLY___ ═
2022-11-15 20:09:28,499 INFO     ___FILE_ONLY___ ═
2022-11-15 20:09:28,507 INFO     ___FILE_ONLY___ ═
2022-11-15 20:09:28,512 INFO     ___FILE_ONLY___ ═
2022-11-15 20:09:28,516 INFO     ___FILE_ONLY___ ═
2022-11-15 20:09:28,522 INFO     ___FILE_ONLY___ ═
2022-11-15 20:09:28,526 INFO     ___FILE_ONLY___ ═
2022-11-15 20:09:28,531 INFO     ___FILE_ONLY___ ═
2022-11-15 20:09:28,535 INFO     ___FILE_ONLY___ ═
2022-11-15 20:09:28,539 INFO     ___FILE_ONLY___ ═
2022-11-15 20:09:28,546 INFO     ___FILE_ONLY___ ═
2022-11-15 20:09:28,552 INFO     ___FILE_ONLY___ ═
2022-11-15 20:09:28,559 INFO     ___FILE_ONLY___ ═
2022-11-15 20:09:28,566 INFO     ___FILE_ONLY___ ═
2022-11-15 20:09:28,571 INFO     ___FILE_ONLY___ ═
2022-11-15 20:09:28,587 INFO     ___FILE_ONLY___ ═
2022-11-15 20:09:28,591 INFO     ___FILE_ONLY___ ═
2022-11-15 20:09:28,598 INFO     ___FILE_ONLY___ ═
2022-11-15 20:09:28,605 INFO     ___FILE_ONLY___ ═
2022-11-15 20:09:28,612 INFO     ___FILE_ONLY___ ═
2022-11-15 20:09:28,620 INFO     ___FILE_ONLY___ ═
2022-11-15 20:09:28,625 INFO     ___FILE_ONLY___ ═
2022-11-15 20:09:28,631 INFO     ___FILE_ONLY___ ═
2022-11-15 20:09:28,638 INFO     ___FILE_ONLY___ ═
2022-11-15 20:09:28,644 INFO     ___FILE_ONLY___ ═
2022-11-15 20:09:30,429 INFO     ___FILE_ONLY___ ════
2022-11-15 20:09:30,708 INFO     ___FILE_ONLY___ ════
2022-11-15 20:09:31,018 INFO     ___FILE_ONLY___ ════
2022-11-15 20:09:31,447 INFO     ___FILE_ONLY___ ═════
2022-11-15 20:09:31,762 INFO     ___FILE_ONLY___ ════
2022-11-15 20:09:32,200 INFO     ___FILE_ONLY___ ════
2022-11-15 20:09:32,617 INFO     ___FILE_ONLY___ ═════
2022-11-15 20:09:32,617 INFO     ___FILE_ONLY___ ╝

2022-11-15 20:09:32,652 INFO     ___FILE_ONLY___ ╔════════════════════════════════════════════════════════════╗

2022-11-15 20:09:32,655 INFO     ___FILE_ONLY___ ╠═ Creating backup and activating new installation          ═╣

2022-11-15 20:09:32,655 INFO     ___FILE_ONLY___ ╚
2022-11-15 20:09:32,656 DEBUG    root            Attempting to move directory [/Users/satyampatel/Library/Application Support/cloud-code/installer/google-cloud-sdk] to [/Users/satyampatel/Library/Application Support/cloud-code/installer/google-cloud-sdk.staging/.install/.backup]
2022-11-15 20:09:32,657 INFO     ___FILE_ONLY___ ══════════════════════════════
2022-11-15 20:09:32,657 DEBUG    root            Attempting to move directory [/Users/satyampatel/Library/Application Support/cloud-code/installer/google-cloud-sdk.staging] to [/Users/satyampatel/Library/Application Support/cloud-code/installer/google-cloud-sdk]
2022-11-15 20:09:32,657 INFO     ___FILE_ONLY___ ══════════════════════════════
2022-11-15 20:09:32,657 INFO     ___FILE_ONLY___ ╝

2022-11-15 20:09:32,672 DEBUG    root            Updating notification cache...
2022-11-15 20:09:32,673 INFO     ___FILE_ONLY___ 

2022-11-15 20:09:32,679 INFO     ___FILE_ONLY___ Performing post processing steps...
2022-11-15 20:09:32,681 DEBUG    root            Executing command: ['/usr/local/bin/python3', '-S', '/Users/satyampatel/Library/Application Support/cloud-code/installer/google-cloud-sdk/lib/gcloud.py', 'components', 'post-process']
2022-11-15 20:10:05,722 DEBUG    ___FILE_ONLY___ 
2022-11-15 20:10:05,723 DEBUG    ___FILE_ONLY___ 
2022-11-15 20:10:05,916 INFO     ___FILE_ONLY___ 
Update done!


2022-11-15 20:10:05,925 WARNING  root              There are other instances of Google Cloud tools on your system PATH.
  Please remove the following to avoid confusion or accidental invocation:

  /Applications/Docker.app/Contents/Resources/bin/kubectl

  
2022-11-15 20:10:05,933 INFO     root            Display format: "none"
