2022-11-15 21:27:09,533 DEBUG    root            Loaded Command Group: ['gcloud', 'components']
2022-11-15 21:27:09,536 DEBUG    root            Loaded Command Group: ['gcloud', 'components', 'install']
2022-11-15 21:27:09,538 DEBUG    root            Running [gcloud.components.install] with arguments: [--quiet: "True", COMPONENT-IDS:7: "['alpha', 'beta', 'gke-gcloud-auth-plugin', 'kubectl', 'skaffold', 'minikube', 'gsutil']"]
2022-11-15 21:27:09,561 DEBUG    urllib3.connectionpool Starting new HTTPS connection (1): dl.google.com:443
2022-11-15 21:27:09,699 DEBUG    urllib3.connectionpool https://dl.google.com:443 "GET /dl/cloudsdk/channels/rapid/components-v410.0.0.json HTTP/1.1" 200 203447
2022-11-15 21:27:09,769 INFO     ___FILE_ONLY___ 

2022-11-15 21:27:09,770 INFO     ___FILE_ONLY___ 
Your current Google Cloud CLI version is: 410.0.0

2022-11-15 21:27:09,770 INFO     ___FILE_ONLY___ Installing components from version: 410.0.0

2022-11-15 21:27:09,770 INFO     ___FILE_ONLY___ 

2022-11-15 21:27:09,774 INFO     ___FILE_ONLY___ ┌────────────────────────────────────────────────┐
2022-11-15 21:27:09,774 INFO     ___FILE_ONLY___ 

2022-11-15 21:27:09,774 INFO     ___FILE_ONLY___ │      These components will be installed.       │
2022-11-15 21:27:09,774 INFO     ___FILE_ONLY___ 

2022-11-15 21:27:09,774 INFO     ___FILE_ONLY___ ├────────────────────────┬────────────┬──────────┤
2022-11-15 21:27:09,775 INFO     ___FILE_ONLY___ 

2022-11-15 21:27:09,775 INFO     ___FILE_ONLY___ │          Name          │  Version   │   Size   │
2022-11-15 21:27:09,775 INFO     ___FILE_ONLY___ 

2022-11-15 21:27:09,775 INFO     ___FILE_ONLY___ ├────────────────────────┼────────────┼──────────┤
2022-11-15 21:27:09,775 INFO     ___FILE_ONLY___ 

2022-11-15 21:27:09,775 INFO     ___FILE_ONLY___ │ 
2022-11-15 21:27:09,775 INFO     ___FILE_ONLY___ Minikube              
2022-11-15 21:27:09,775 INFO     ___FILE_ONLY___  
2022-11-15 21:27:09,775 INFO     ___FILE_ONLY___ │ 
2022-11-15 21:27:09,775 INFO     ___FILE_ONLY___     1.28.0
2022-11-15 21:27:09,775 INFO     ___FILE_ONLY___  
2022-11-15 21:27:09,775 INFO     ___FILE_ONLY___ │ 
2022-11-15 21:27:09,775 INFO     ___FILE_ONLY___ 31.0 MiB
2022-11-15 21:27:09,775 INFO     ___FILE_ONLY___  
2022-11-15 21:27:09,775 INFO     ___FILE_ONLY___ │
2022-11-15 21:27:09,776 INFO     ___FILE_ONLY___ 

2022-11-15 21:27:09,776 INFO     ___FILE_ONLY___ │ 
2022-11-15 21:27:09,776 INFO     ___FILE_ONLY___ Skaffold              
2022-11-15 21:27:09,776 INFO     ___FILE_ONLY___  
2022-11-15 21:27:09,776 INFO     ___FILE_ONLY___ │ 
2022-11-15 21:27:09,776 INFO     ___FILE_ONLY___     1.39.3
2022-11-15 21:27:09,776 INFO     ___FILE_ONLY___  
2022-11-15 21:27:09,776 INFO     ___FILE_ONLY___ │ 
2022-11-15 21:27:09,776 INFO     ___FILE_ONLY___ 21.3 MiB
2022-11-15 21:27:09,776 INFO     ___FILE_ONLY___  
2022-11-15 21:27:09,776 INFO     ___FILE_ONLY___ │
2022-11-15 21:27:09,776 INFO     ___FILE_ONLY___ 

2022-11-15 21:27:09,776 INFO     ___FILE_ONLY___ │ 
2022-11-15 21:27:09,776 INFO     ___FILE_ONLY___ gcloud Alpha Commands 
2022-11-15 21:27:09,776 INFO     ___FILE_ONLY___  
2022-11-15 21:27:09,777 INFO     ___FILE_ONLY___ │ 
2022-11-15 21:27:09,777 INFO     ___FILE_ONLY___ 2022.11.11
2022-11-15 21:27:09,777 INFO     ___FILE_ONLY___  
2022-11-15 21:27:09,777 INFO     ___FILE_ONLY___ │ 
2022-11-15 21:27:09,777 INFO     ___FILE_ONLY___  < 1 MiB
2022-11-15 21:27:09,777 INFO     ___FILE_ONLY___  
2022-11-15 21:27:09,777 INFO     ___FILE_ONLY___ │
2022-11-15 21:27:09,777 INFO     ___FILE_ONLY___ 

2022-11-15 21:27:09,777 INFO     ___FILE_ONLY___ │ 
2022-11-15 21:27:09,777 INFO     ___FILE_ONLY___ gcloud Beta Commands  
2022-11-15 21:27:09,777 INFO     ___FILE_ONLY___  
2022-11-15 21:27:09,777 INFO     ___FILE_ONLY___ │ 
2022-11-15 21:27:09,777 INFO     ___FILE_ONLY___ 2022.11.11
2022-11-15 21:27:09,777 INFO     ___FILE_ONLY___  
2022-11-15 21:27:09,777 INFO     ___FILE_ONLY___ │ 
2022-11-15 21:27:09,778 INFO     ___FILE_ONLY___  < 1 MiB
2022-11-15 21:27:09,778 INFO     ___FILE_ONLY___  
2022-11-15 21:27:09,778 INFO     ___FILE_ONLY___ │
2022-11-15 21:27:09,778 INFO     ___FILE_ONLY___ 

2022-11-15 21:27:09,778 INFO     ___FILE_ONLY___ │ 
2022-11-15 21:27:09,778 INFO     ___FILE_ONLY___ gke-gcloud-auth-plugin
2022-11-15 21:27:09,778 INFO     ___FILE_ONLY___  
2022-11-15 21:27:09,778 INFO     ___FILE_ONLY___ │ 
2022-11-15 21:27:09,778 INFO     ___FILE_ONLY___      0.4.0
2022-11-15 21:27:09,778 INFO     ___FILE_ONLY___  
2022-11-15 21:27:09,778 INFO     ___FILE_ONLY___ │ 
2022-11-15 21:27:09,778 INFO     ___FILE_ONLY___  7.5 MiB
2022-11-15 21:27:09,778 INFO     ___FILE_ONLY___  
2022-11-15 21:27:09,778 INFO     ___FILE_ONLY___ │
2022-11-15 21:27:09,778 INFO     ___FILE_ONLY___ 

2022-11-15 21:27:09,779 INFO     ___FILE_ONLY___ │ 
2022-11-15 21:27:09,779 INFO     ___FILE_ONLY___ kubectl               
2022-11-15 21:27:09,779 INFO     ___FILE_ONLY___  
2022-11-15 21:27:09,779 INFO     ___FILE_ONLY___ │ 
2022-11-15 21:27:09,779 INFO     ___FILE_ONLY___    1.22.14
2022-11-15 21:27:09,779 INFO     ___FILE_ONLY___  
2022-11-15 21:27:09,779 INFO     ___FILE_ONLY___ │ 
2022-11-15 21:27:09,779 INFO     ___FILE_ONLY___ 93.1 MiB
2022-11-15 21:27:09,779 INFO     ___FILE_ONLY___  
2022-11-15 21:27:09,779 INFO     ___FILE_ONLY___ │
2022-11-15 21:27:09,779 INFO     ___FILE_ONLY___ 

2022-11-15 21:27:09,780 INFO     ___FILE_ONLY___ │ 
2022-11-15 21:27:09,780 INFO     ___FILE_ONLY___ kubectl               
2022-11-15 21:27:09,780 INFO     ___FILE_ONLY___  
2022-11-15 21:27:09,780 INFO     ___FILE_ONLY___ │ 
2022-11-15 21:27:09,780 INFO     ___FILE_ONLY___    1.22.14
2022-11-15 21:27:09,780 INFO     ___FILE_ONLY___  
2022-11-15 21:27:09,780 INFO     ___FILE_ONLY___ │ 
2022-11-15 21:27:09,780 INFO     ___FILE_ONLY___  < 1 MiB
2022-11-15 21:27:09,780 INFO     ___FILE_ONLY___  
2022-11-15 21:27:09,780 INFO     ___FILE_ONLY___ │
2022-11-15 21:27:09,780 INFO     ___FILE_ONLY___ 

2022-11-15 21:27:09,780 INFO     ___FILE_ONLY___ └────────────────────────┴────────────┴──────────┘
2022-11-15 21:27:09,780 INFO     ___FILE_ONLY___ 

2022-11-15 21:27:09,780 INFO     ___FILE_ONLY___ 

2022-11-15 21:27:09,783 DEBUG    urllib3.connectionpool Starting new HTTPS connection (1): dl.google.com:443
2022-11-15 21:27:09,865 DEBUG    urllib3.connectionpool https://dl.google.com:443 "GET /dl/cloudsdk/channels/rapid/RELEASE_NOTES HTTP/1.1" 200 900823
2022-11-15 21:27:09,979 INFO     ___FILE_ONLY___ For the latest full release notes, please visit:
  https://cloud.google.com/sdk/release_notes


2022-11-15 21:27:09,985 INFO     ___FILE_ONLY___ ╔════════════════════════════════════════════════════════════╗

2022-11-15 21:27:09,986 INFO     ___FILE_ONLY___ ╠═ Creating update staging area                             ═╣

2022-11-15 21:27:09,986 INFO     ___FILE_ONLY___ ╚
2022-11-15 21:27:09,986 INFO     ___FILE_ONLY___ ══════
2022-11-15 21:27:13,454 INFO     ___FILE_ONLY___ ══════
2022-11-15 21:27:13,454 INFO     ___FILE_ONLY___ ══════
2022-11-15 21:27:14,374 INFO     ___FILE_ONLY___ ═
2022-11-15 21:27:14,925 INFO     ___FILE_ONLY___ ═
2022-11-15 21:27:15,429 INFO     ___FILE_ONLY___ ═
2022-11-15 21:27:16,069 INFO     ___FILE_ONLY___ ═
2022-11-15 21:27:16,501 INFO     ___FILE_ONLY___ ═
2022-11-15 21:27:16,838 INFO     ___FILE_ONLY___ ═
2022-11-15 21:27:17,317 INFO     ___FILE_ONLY___ ═
2022-11-15 21:27:17,674 INFO     ___FILE_ONLY___ ═
2022-11-15 21:27:18,152 INFO     ___FILE_ONLY___ ═
2022-11-15 21:27:18,786 INFO     ___FILE_ONLY___ ═
2022-11-15 21:27:18,997 INFO     ___FILE_ONLY___ ═
2022-11-15 21:27:19,662 INFO     ___FILE_ONLY___ ═
2022-11-15 21:27:19,942 INFO     ___FILE_ONLY___ ═
2022-11-15 21:27:20,238 INFO     ___FILE_ONLY___ ═
2022-11-15 21:27:20,716 INFO     ___FILE_ONLY___ ═
2022-11-15 21:27:20,925 INFO     ___FILE_ONLY___ ═
2022-11-15 21:27:21,154 INFO     ___FILE_ONLY___ ═
2022-11-15 21:27:21,346 INFO     ___FILE_ONLY___ ═
2022-11-15 21:27:21,547 INFO     ___FILE_ONLY___ ═
2022-11-15 21:27:21,700 INFO     ___FILE_ONLY___ ═
2022-11-15 21:27:21,904 INFO     ___FILE_ONLY___ ═
2022-11-15 21:27:22,198 INFO     ___FILE_ONLY___ ═
2022-11-15 21:27:22,570 INFO     ___FILE_ONLY___ ═
2022-11-15 21:27:22,826 INFO     ___FILE_ONLY___ ═
2022-11-15 21:27:23,191 INFO     ___FILE_ONLY___ ═
2022-11-15 21:27:23,442 INFO     ___FILE_ONLY___ ═
2022-11-15 21:27:23,741 INFO     ___FILE_ONLY___ ═
2022-11-15 21:27:24,228 INFO     ___FILE_ONLY___ ═
2022-11-15 21:27:24,621 INFO     ___FILE_ONLY___ ═
2022-11-15 21:27:24,871 INFO     ___FILE_ONLY___ ═
2022-11-15 21:27:25,077 INFO     ___FILE_ONLY___ ═
2022-11-15 21:27:25,338 INFO     ___FILE_ONLY___ ═
2022-11-15 21:27:25,560 INFO     ___FILE_ONLY___ ═
2022-11-15 21:27:25,777 INFO     ___FILE_ONLY___ ═
2022-11-15 21:27:26,020 INFO     ___FILE_ONLY___ ═
2022-11-15 21:27:26,412 INFO     ___FILE_ONLY___ ═
2022-11-15 21:27:26,687 INFO     ___FILE_ONLY___ ═
2022-11-15 21:27:27,105 INFO     ___FILE_ONLY___ ═
2022-11-15 21:27:27,516 INFO     ___FILE_ONLY___ ═
2022-11-15 21:27:27,783 INFO     ___FILE_ONLY___ ═
2022-11-15 21:27:28,004 INFO     ___FILE_ONLY___ ═
2022-11-15 21:27:28,254 INFO     ___FILE_ONLY___ ═
2022-11-15 21:27:28,255 INFO     ___FILE_ONLY___ ╝

2022-11-15 21:27:33,053 INFO     ___FILE_ONLY___ ╔════════════════════════════════════════════════════════════╗

2022-11-15 21:27:33,055 INFO     ___FILE_ONLY___ ╠═ Installing: Minikube                                     ═╣

2022-11-15 21:27:33,055 INFO     ___FILE_ONLY___ ╚
2022-11-15 21:27:33,065 DEBUG    urllib3.connectionpool Starting new HTTPS connection (1): dl.google.com:443
2022-11-15 21:27:33,181 DEBUG    urllib3.connectionpool https://dl.google.com:443 "GET /dl/cloudsdk/channels/rapid/components/google-cloud-sdk-minikube-darwin-x86_64-20221104233933.tar.gz HTTP/1.1" 200 32458072
2022-11-15 21:27:33,971 INFO     ___FILE_ONLY___ ═
2022-11-15 21:27:33,973 INFO     ___FILE_ONLY___ ═
2022-11-15 21:27:33,976 INFO     ___FILE_ONLY___ ═
2022-11-15 21:27:33,982 INFO     ___FILE_ONLY___ ═
2022-11-15 21:27:33,986 INFO     ___FILE_ONLY___ ═
2022-11-15 21:27:33,988 INFO     ___FILE_ONLY___ ═
2022-11-15 21:27:33,989 INFO     ___FILE_ONLY___ ═
2022-11-15 21:27:33,998 INFO     ___FILE_ONLY___ ═
2022-11-15 21:27:34,002 INFO     ___FILE_ONLY___ ═
2022-11-15 21:27:34,004 INFO     ___FILE_ONLY___ ═
2022-11-15 21:27:34,006 INFO     ___FILE_ONLY___ ═
2022-11-15 21:27:34,009 INFO     ___FILE_ONLY___ ═
2022-11-15 21:27:34,012 INFO     ___FILE_ONLY___ ═
2022-11-15 21:27:34,014 INFO     ___FILE_ONLY___ ═
2022-11-15 21:27:34,016 INFO     ___FILE_ONLY___ ═
2022-11-15 21:27:34,024 INFO     ___FILE_ONLY___ ═
2022-11-15 21:27:34,027 INFO     ___FILE_ONLY___ ═
2022-11-15 21:27:34,031 INFO     ___FILE_ONLY___ ═
2022-11-15 21:27:34,033 INFO     ___FILE_ONLY___ ═
2022-11-15 21:27:34,036 INFO     ___FILE_ONLY___ ═
2022-11-15 21:27:34,038 INFO     ___FILE_ONLY___ ═
2022-11-15 21:27:34,039 INFO     ___FILE_ONLY___ ═
2022-11-15 21:27:34,040 INFO     ___FILE_ONLY___ ═
2022-11-15 21:27:34,047 INFO     ___FILE_ONLY___ ═
2022-11-15 21:27:34,050 INFO     ___FILE_ONLY___ ═
2022-11-15 21:27:34,053 INFO     ___FILE_ONLY___ ═
2022-11-15 21:27:34,057 INFO     ___FILE_ONLY___ ═
2022-11-15 21:27:34,060 INFO     ___FILE_ONLY___ ═
2022-11-15 21:27:34,063 INFO     ___FILE_ONLY___ ═
2022-11-15 21:27:34,066 INFO     ___FILE_ONLY___ ═
2022-11-15 21:27:35,007 INFO     ___FILE_ONLY___ ══════════════════════════════
2022-11-15 21:27:35,008 INFO     ___FILE_ONLY___ ╝

2022-11-15 21:27:35,025 INFO     ___FILE_ONLY___ ╔════════════════════════════════════════════════════════════╗

2022-11-15 21:27:35,027 INFO     ___FILE_ONLY___ ╠═ Installing: Minikube                                     ═╣

2022-11-15 21:27:35,027 INFO     ___FILE_ONLY___ ╚
2022-11-15 21:27:35,032 INFO     ___FILE_ONLY___ ════════════════════════════════════════════════════════════
2022-11-15 21:27:35,032 INFO     ___FILE_ONLY___ ╝

2022-11-15 21:27:35,037 INFO     ___FILE_ONLY___ ╔════════════════════════════════════════════════════════════╗

2022-11-15 21:27:35,039 INFO     ___FILE_ONLY___ ╠═ Installing: Skaffold                                     ═╣

2022-11-15 21:27:35,039 INFO     ___FILE_ONLY___ ╚
2022-11-15 21:27:35,045 DEBUG    urllib3.connectionpool Starting new HTTPS connection (1): dl.google.com:443
2022-11-15 21:27:35,193 DEBUG    urllib3.connectionpool https://dl.google.com:443 "GET /dl/cloudsdk/channels/rapid/components/google-cloud-sdk-skaffold-darwin-x86_64-20221017194419.tar.gz HTTP/1.1" 200 22301645
2022-11-15 21:27:35,806 INFO     ___FILE_ONLY___ ═
2022-11-15 21:27:35,808 INFO     ___FILE_ONLY___ ═
2022-11-15 21:27:35,809 INFO     ___FILE_ONLY___ ═
2022-11-15 21:27:35,810 INFO     ___FILE_ONLY___ ═
2022-11-15 21:27:35,811 INFO     ___FILE_ONLY___ ═
2022-11-15 21:27:35,815 INFO     ___FILE_ONLY___ ═
2022-11-15 21:27:35,816 INFO     ___FILE_ONLY___ ═
2022-11-15 21:27:35,819 INFO     ___FILE_ONLY___ ═
2022-11-15 21:27:35,820 INFO     ___FILE_ONLY___ ═
2022-11-15 21:27:35,821 INFO     ___FILE_ONLY___ ═
2022-11-15 21:27:35,822 INFO     ___FILE_ONLY___ ═
2022-11-15 21:27:35,831 INFO     ___FILE_ONLY___ ═
2022-11-15 21:27:35,832 INFO     ___FILE_ONLY___ ═
2022-11-15 21:27:35,833 INFO     ___FILE_ONLY___ ═
2022-11-15 21:27:35,834 INFO     ___FILE_ONLY___ ═
2022-11-15 21:27:35,835 INFO     ___FILE_ONLY___ ═
2022-11-15 21:27:35,836 INFO     ___FILE_ONLY___ ═
2022-11-15 21:27:35,837 INFO     ___FILE_ONLY___ ═
2022-11-15 21:27:35,838 INFO     ___FILE_ONLY___ ═
2022-11-15 21:27:35,839 INFO     ___FILE_ONLY___ ═
2022-11-15 21:27:35,840 INFO     ___FILE_ONLY___ ═
2022-11-15 21:27:35,841 INFO     ___FILE_ONLY___ ═
2022-11-15 21:27:35,843 INFO     ___FILE_ONLY___ ═
2022-11-15 21:27:35,844 INFO     ___FILE_ONLY___ ═
2022-11-15 21:27:35,845 INFO     ___FILE_ONLY___ ═
2022-11-15 21:27:35,846 INFO     ___FILE_ONLY___ ═
2022-11-15 21:27:35,847 INFO     ___FILE_ONLY___ ═
2022-11-15 21:27:35,848 INFO     ___FILE_ONLY___ ═
2022-11-15 21:27:35,849 INFO     ___FILE_ONLY___ ═
2022-11-15 21:27:35,850 INFO     ___FILE_ONLY___ ═
2022-11-15 21:27:36,928 INFO     ___FILE_ONLY___ ══════════════════════════════
2022-11-15 21:27:36,928 INFO     ___FILE_ONLY___ ╝

2022-11-15 21:27:36,946 INFO     ___FILE_ONLY___ ╔════════════════════════════════════════════════════════════╗

2022-11-15 21:27:36,948 INFO     ___FILE_ONLY___ ╠═ Installing: Skaffold                                     ═╣

2022-11-15 21:27:36,948 INFO     ___FILE_ONLY___ ╚
2022-11-15 21:27:36,954 INFO     ___FILE_ONLY___ ════════════════════════════════════════════════════════════
2022-11-15 21:27:36,954 INFO     ___FILE_ONLY___ ╝

2022-11-15 21:27:36,960 INFO     ___FILE_ONLY___ ╔════════════════════════════════════════════════════════════╗

2022-11-15 21:27:36,961 INFO     ___FILE_ONLY___ ╠═ Installing: gcloud Alpha Commands                        ═╣

2022-11-15 21:27:36,962 INFO     ___FILE_ONLY___ ╚
2022-11-15 21:27:36,967 DEBUG    urllib3.connectionpool Starting new HTTPS connection (1): dl.google.com:443
2022-11-15 21:27:37,048 DEBUG    urllib3.connectionpool https://dl.google.com:443 "GET /dl/cloudsdk/channels/rapid/components/google-cloud-sdk-alpha-20221111160842.tar.gz HTTP/1.1" 200 800
2022-11-15 21:27:37,049 INFO     ___FILE_ONLY___ ══════════════════════════════
2022-11-15 21:27:37,051 INFO     ___FILE_ONLY___ ══════════════════════════════
2022-11-15 21:27:37,051 INFO     ___FILE_ONLY___ ╝

2022-11-15 21:27:37,061 INFO     ___FILE_ONLY___ ╔════════════════════════════════════════════════════════════╗

2022-11-15 21:27:37,062 INFO     ___FILE_ONLY___ ╠═ Installing: gcloud Beta Commands                         ═╣

2022-11-15 21:27:37,063 INFO     ___FILE_ONLY___ ╚
2022-11-15 21:27:37,068 DEBUG    urllib3.connectionpool Starting new HTTPS connection (1): dl.google.com:443
2022-11-15 21:27:37,150 DEBUG    urllib3.connectionpool https://dl.google.com:443 "GET /dl/cloudsdk/channels/rapid/components/google-cloud-sdk-beta-20221111160842.tar.gz HTTP/1.1" 200 797
2022-11-15 21:27:37,150 INFO     ___FILE_ONLY___ ══════════════════════════════
2022-11-15 21:27:37,152 INFO     ___FILE_ONLY___ ══════════════════════════════
2022-11-15 21:27:37,152 INFO     ___FILE_ONLY___ ╝

2022-11-15 21:27:37,166 INFO     ___FILE_ONLY___ ╔════════════════════════════════════════════════════════════╗

2022-11-15 21:27:37,168 INFO     ___FILE_ONLY___ ╠═ Installing: gke-gcloud-auth-plugin                       ═╣

2022-11-15 21:27:37,168 INFO     ___FILE_ONLY___ ╚
2022-11-15 21:27:37,174 DEBUG    urllib3.connectionpool Starting new HTTPS connection (1): dl.google.com:443
2022-11-15 21:27:37,261 DEBUG    urllib3.connectionpool https://dl.google.com:443 "GET /dl/cloudsdk/channels/rapid/components/google-cloud-sdk-gke-gcloud-auth-plugin-darwin-x86_64-20221014224505.tar.gz HTTP/1.1" 200 7825303
2022-11-15 21:27:37,508 INFO     ___FILE_ONLY___ ═
2022-11-15 21:27:37,508 INFO     ___FILE_ONLY___ ═
2022-11-15 21:27:37,509 INFO     ___FILE_ONLY___ ═
2022-11-15 21:27:37,509 INFO     ___FILE_ONLY___ ═
2022-11-15 21:27:37,509 INFO     ___FILE_ONLY___ ═
2022-11-15 21:27:37,510 INFO     ___FILE_ONLY___ ═
2022-11-15 21:27:37,511 INFO     ___FILE_ONLY___ ═
2022-11-15 21:27:37,511 INFO     ___FILE_ONLY___ ═
2022-11-15 21:27:37,511 INFO     ___FILE_ONLY___ ═
2022-11-15 21:27:37,512 INFO     ___FILE_ONLY___ ═
2022-11-15 21:27:37,512 INFO     ___FILE_ONLY___ ═
2022-11-15 21:27:37,513 INFO     ___FILE_ONLY___ ═
2022-11-15 21:27:37,513 INFO     ___FILE_ONLY___ ═
2022-11-15 21:27:37,514 INFO     ___FILE_ONLY___ ═
2022-11-15 21:27:37,514 INFO     ___FILE_ONLY___ ═
2022-11-15 21:27:37,515 INFO     ___FILE_ONLY___ ═
2022-11-15 21:27:37,515 INFO     ___FILE_ONLY___ ═
2022-11-15 21:27:37,516 INFO     ___FILE_ONLY___ ═
2022-11-15 21:27:37,516 INFO     ___FILE_ONLY___ ═
2022-11-15 21:27:37,517 INFO     ___FILE_ONLY___ ═
2022-11-15 21:27:37,517 INFO     ___FILE_ONLY___ ═
2022-11-15 21:27:37,517 INFO     ___FILE_ONLY___ ═
2022-11-15 21:27:37,518 INFO     ___FILE_ONLY___ ═
2022-11-15 21:27:37,520 INFO     ___FILE_ONLY___ ═
2022-11-15 21:27:37,520 INFO     ___FILE_ONLY___ ═
2022-11-15 21:27:37,521 INFO     ___FILE_ONLY___ ═
2022-11-15 21:27:37,526 INFO     ___FILE_ONLY___ ═
2022-11-15 21:27:37,527 INFO     ___FILE_ONLY___ ═
2022-11-15 21:27:37,527 INFO     ___FILE_ONLY___ ═
2022-11-15 21:27:37,528 INFO     ___FILE_ONLY___ ═
2022-11-15 21:27:37,799 INFO     ___FILE_ONLY___ ══════════════════════════════
2022-11-15 21:27:37,799 INFO     ___FILE_ONLY___ ╝

2022-11-15 21:27:37,814 INFO     ___FILE_ONLY___ ╔════════════════════════════════════════════════════════════╗

2022-11-15 21:27:37,817 INFO     ___FILE_ONLY___ ╠═ Installing: gke-gcloud-auth-plugin                       ═╣

2022-11-15 21:27:37,817 INFO     ___FILE_ONLY___ ╚
2022-11-15 21:27:37,822 INFO     ___FILE_ONLY___ ════════════════════════════════════════════════════════════
2022-11-15 21:27:37,822 INFO     ___FILE_ONLY___ ╝

2022-11-15 21:27:37,830 INFO     ___FILE_ONLY___ ╔════════════════════════════════════════════════════════════╗

2022-11-15 21:27:37,831 INFO     ___FILE_ONLY___ ╠═ Installing: kubectl                                      ═╣

2022-11-15 21:27:37,832 INFO     ___FILE_ONLY___ ╚
2022-11-15 21:27:37,838 DEBUG    urllib3.connectionpool Starting new HTTPS connection (1): dl.google.com:443
2022-11-15 21:27:37,945 DEBUG    urllib3.connectionpool https://dl.google.com:443 "GET /dl/cloudsdk/channels/rapid/components/google-cloud-sdk-kubectl-darwin-x86_64-20220923141408.tar.gz HTTP/1.1" 200 97570066
2022-11-15 21:27:39,959 INFO     ___FILE_ONLY___ ═
2022-11-15 21:27:39,963 INFO     ___FILE_ONLY___ ═
2022-11-15 21:27:39,969 INFO     ___FILE_ONLY___ ═
2022-11-15 21:27:39,972 INFO     ___FILE_ONLY___ ═
2022-11-15 21:27:39,976 INFO     ___FILE_ONLY___ ═
2022-11-15 21:27:39,988 INFO     ___FILE_ONLY___ ═
2022-11-15 21:27:39,993 INFO     ___FILE_ONLY___ ═
2022-11-15 21:27:39,998 INFO     ___FILE_ONLY___ ═
2022-11-15 21:27:40,002 INFO     ___FILE_ONLY___ ═
2022-11-15 21:27:40,006 INFO     ___FILE_ONLY___ ═
2022-11-15 21:27:40,011 INFO     ___FILE_ONLY___ ═
2022-11-15 21:27:40,015 INFO     ___FILE_ONLY___ ═
2022-11-15 21:27:40,027 INFO     ___FILE_ONLY___ ═
2022-11-15 21:27:40,031 INFO     ___FILE_ONLY___ ═
2022-11-15 21:27:40,036 INFO     ___FILE_ONLY___ ═
2022-11-15 21:27:40,047 INFO     ___FILE_ONLY___ ═
2022-11-15 21:27:40,052 INFO     ___FILE_ONLY___ ═
2022-11-15 21:27:40,056 INFO     ___FILE_ONLY___ ═
2022-11-15 21:27:40,074 INFO     ___FILE_ONLY___ ═
2022-11-15 21:27:40,079 INFO     ___FILE_ONLY___ ═
2022-11-15 21:27:40,103 INFO     ___FILE_ONLY___ ═
2022-11-15 21:27:40,109 INFO     ___FILE_ONLY___ ═
2022-11-15 21:27:40,113 INFO     ___FILE_ONLY___ ═
2022-11-15 21:27:40,134 INFO     ___FILE_ONLY___ ═
2022-11-15 21:27:40,139 INFO     ___FILE_ONLY___ ═
2022-11-15 21:27:40,158 INFO     ___FILE_ONLY___ ═
2022-11-15 21:27:40,165 INFO     ___FILE_ONLY___ ═
2022-11-15 21:27:40,170 INFO     ___FILE_ONLY___ ═
2022-11-15 21:27:40,187 INFO     ___FILE_ONLY___ ═
2022-11-15 21:27:40,192 INFO     ___FILE_ONLY___ ═
2022-11-15 21:27:41,922 INFO     ___FILE_ONLY___ ════
2022-11-15 21:27:42,255 INFO     ___FILE_ONLY___ ════
2022-11-15 21:27:42,661 INFO     ___FILE_ONLY___ ════
2022-11-15 21:27:43,100 INFO     ___FILE_ONLY___ ═════
2022-11-15 21:27:43,458 INFO     ___FILE_ONLY___ ════
2022-11-15 21:27:43,813 INFO     ___FILE_ONLY___ ════
2022-11-15 21:27:44,256 INFO     ___FILE_ONLY___ ═════
2022-11-15 21:27:44,256 INFO     ___FILE_ONLY___ ╝

2022-11-15 21:27:44,287 INFO     ___FILE_ONLY___ ╔════════════════════════════════════════════════════════════╗

2022-11-15 21:27:44,288 INFO     ___FILE_ONLY___ ╠═ Installing: kubectl                                      ═╣

2022-11-15 21:27:44,289 INFO     ___FILE_ONLY___ ╚
2022-11-15 21:27:44,293 DEBUG    urllib3.connectionpool Starting new HTTPS connection (1): dl.google.com:443
2022-11-15 21:27:44,371 DEBUG    urllib3.connectionpool https://dl.google.com:443 "GET /dl/cloudsdk/channels/rapid/components/google-cloud-sdk-kubectl-20221017194419.tar.gz HTTP/1.1" 200 48204
2022-11-15 21:27:44,396 INFO     ___FILE_ONLY___ ══════════
2022-11-15 21:27:44,396 INFO     ___FILE_ONLY___ ══════════
2022-11-15 21:27:44,397 INFO     ___FILE_ONLY___ ══════════
2022-11-15 21:27:44,404 INFO     ___FILE_ONLY___ ══════════════════════════════
2022-11-15 21:27:44,404 INFO     ___FILE_ONLY___ ╝

2022-11-15 21:27:44,417 INFO     ___FILE_ONLY___ ╔════════════════════════════════════════════════════════════╗

2022-11-15 21:27:44,418 INFO     ___FILE_ONLY___ ╠═ Creating backup and activating new installation          ═╣

2022-11-15 21:27:44,418 INFO     ___FILE_ONLY___ ╚
2022-11-15 21:27:44,419 DEBUG    root            Attempting to move directory [/Users/satyampatel/Library/Application Support/cloud-code/installer/google-cloud-sdk] to [/Users/satyampatel/Library/Application Support/cloud-code/installer/google-cloud-sdk.staging/.install/.backup]
2022-11-15 21:27:44,419 INFO     ___FILE_ONLY___ ══════════════════════════════
2022-11-15 21:27:44,419 DEBUG    root            Attempting to move directory [/Users/satyampatel/Library/Application Support/cloud-code/installer/google-cloud-sdk.staging] to [/Users/satyampatel/Library/Application Support/cloud-code/installer/google-cloud-sdk]
2022-11-15 21:27:44,419 INFO     ___FILE_ONLY___ ══════════════════════════════
2022-11-15 21:27:44,420 INFO     ___FILE_ONLY___ ╝

2022-11-15 21:27:44,438 DEBUG    root            Updating notification cache...
2022-11-15 21:27:44,439 INFO     ___FILE_ONLY___ 

2022-11-15 21:27:44,446 INFO     ___FILE_ONLY___ Performing post processing steps...
2022-11-15 21:27:44,448 DEBUG    root            Executing command: ['/usr/local/bin/python3', '-S', '/Users/satyampatel/Library/Application Support/cloud-code/installer/google-cloud-sdk/lib/gcloud.py', 'components', 'post-process']
2022-11-15 21:28:13,628 DEBUG    ___FILE_ONLY___ 
2022-11-15 21:28:13,630 DEBUG    ___FILE_ONLY___ 
2022-11-15 21:28:13,635 INFO     ___FILE_ONLY___ 
Update done!


2022-11-15 21:28:13,645 WARNING  root              There are other instances of Google Cloud tools on your system PATH.
  Please remove the following to avoid confusion or accidental invocation:

  /Applications/Docker.app/Contents/Resources/bin/kubectl

  
2022-11-15 21:28:13,660 INFO     root            Display format: "none"
