2022-11-13 03:37:44,544 DEBUG    root            Loaded Command Group: ['gcloud', 'components']
2022-11-13 03:37:44,563 DEBUG    root            Loaded Command Group: ['gcloud', 'components', 'list']
2022-11-13 03:37:44,567 DEBUG    root            Running [gcloud.components.list] with arguments: [--format: "json", --quiet: "True", --verbosity: "warning"]
2022-11-13 03:37:44,740 DEBUG    urllib3.connectionpool Starting new HTTPS connection (1): dl.google.com:443
2022-11-13 03:37:44,844 DEBUG    urllib3.connectionpool https://dl.google.com:443 "GET /dl/cloudsdk/channels/rapid/components-2.json HTTP/1.1" 200 203446
2022-11-13 03:37:44,949 INFO     ___FILE_ONLY___ 
Your current Google Cloud CLI version is: 409.0.0

2022-11-13 03:37:44,949 INFO     ___FILE_ONLY___ The latest available version is: 409.0.0

2022-11-13 03:37:44,950 INFO     ___FILE_ONLY___ 

2022-11-13 03:37:44,952 INFO     root            Display format: "table[box,title="Components"](state.name:label=Status,name:label=Name,id:label=ID,size.size(zero="",min=1048576):label=Size:align=right) json"
2022-11-13 03:37:44,954 INFO     ___FILE_ONLY___ [
  {
2022-11-13 03:37:44,954 INFO     ___FILE_ONLY___ 
    "current_version_string": null,
2022-11-13 03:37:44,955 INFO     ___FILE_ONLY___ 
    "id": "app-engine-go",
2022-11-13 03:37:44,955 INFO     ___FILE_ONLY___ 
    "is_configuration": false,
2022-11-13 03:37:44,955 INFO     ___FILE_ONLY___ 
    "is_hidden": false,
2022-11-13 03:37:44,955 INFO     ___FILE_ONLY___ 
    "latest_version_string": "1.9.72",
2022-11-13 03:37:44,955 INFO     ___FILE_ONLY___ 
    "name": "App Engine Go Extensions",
2022-11-13 03:37:44,955 INFO     ___FILE_ONLY___ 
    "platform": {
2022-11-13 03:37:44,955 INFO     ___FILE_ONLY___ 
      "architecture": {
2022-11-13 03:37:44,956 INFO     ___FILE_ONLY___ 
        "file_name": "x86_64",
2022-11-13 03:37:44,956 INFO     ___FILE_ONLY___ 
        "id": "x86_64",
2022-11-13 03:37:44,956 INFO     ___FILE_ONLY___ 
        "name": "x86_64"
2022-11-13 03:37:44,956 INFO     ___FILE_ONLY___ 
      },
2022-11-13 03:37:44,956 INFO     ___FILE_ONLY___ 
      "operating_system": {
2022-11-13 03:37:44,956 INFO     ___FILE_ONLY___ 
        "file_name": "darwin",
2022-11-13 03:37:44,956 INFO     ___FILE_ONLY___ 
        "id": "MACOSX",
2022-11-13 03:37:44,956 INFO     ___FILE_ONLY___ 
        "name": "Mac OS X"
2022-11-13 03:37:44,956 INFO     ___FILE_ONLY___ 
      }
2022-11-13 03:37:44,957 INFO     ___FILE_ONLY___ 
    },
2022-11-13 03:37:44,957 INFO     ___FILE_ONLY___ 
    "platform_required": false,
2022-11-13 03:37:44,957 INFO     ___FILE_ONLY___ 
    "size": 4320254,
2022-11-13 03:37:44,957 INFO     ___FILE_ONLY___ 
    "state": {
2022-11-13 03:37:44,957 INFO     ___FILE_ONLY___ 
      "name": "Not Installed"
2022-11-13 03:37:44,957 INFO     ___FILE_ONLY___ 
    }
2022-11-13 03:37:44,957 INFO     ___FILE_ONLY___ 
  }
2022-11-13 03:37:44,958 INFO     ___FILE_ONLY___ ,
  {
2022-11-13 03:37:44,958 INFO     ___FILE_ONLY___ 
    "current_version_string": null,
2022-11-13 03:37:44,958 INFO     ___FILE_ONLY___ 
    "id": "appctl",
2022-11-13 03:37:44,958 INFO     ___FILE_ONLY___ 
    "is_configuration": false,
2022-11-13 03:37:44,959 INFO     ___FILE_ONLY___ 
    "is_hidden": false,
2022-11-13 03:37:44,959 INFO     ___FILE_ONLY___ 
    "latest_version_string": "0.1.12",
2022-11-13 03:37:44,960 INFO     ___FILE_ONLY___ 
    "name": "Appctl",
2022-11-13 03:37:44,960 INFO     ___FILE_ONLY___ 
    "platform": {
2022-11-13 03:37:44,960 INFO     ___FILE_ONLY___ 
      "architecture": {
2022-11-13 03:37:44,961 INFO     ___FILE_ONLY___ 
        "file_name": "x86_64",
2022-11-13 03:37:44,961 INFO     ___FILE_ONLY___ 
        "id": "x86_64",
2022-11-13 03:37:44,961 INFO     ___FILE_ONLY___ 
        "name": "x86_64"
2022-11-13 03:37:44,961 INFO     ___FILE_ONLY___ 
      },
2022-11-13 03:37:44,962 INFO     ___FILE_ONLY___ 
      "operating_system": {
2022-11-13 03:37:44,962 INFO     ___FILE_ONLY___ 
        "file_name": "darwin",
2022-11-13 03:37:44,962 INFO     ___FILE_ONLY___ 
        "id": "MACOSX",
2022-11-13 03:37:44,962 INFO     ___FILE_ONLY___ 
        "name": "Mac OS X"
2022-11-13 03:37:44,963 INFO     ___FILE_ONLY___ 
      }
2022-11-13 03:37:44,963 INFO     ___FILE_ONLY___ 
    },
2022-11-13 03:37:44,963 INFO     ___FILE_ONLY___ 
    "platform_required": false,
2022-11-13 03:37:44,963 INFO     ___FILE_ONLY___ 
    "size": 19381598,
2022-11-13 03:37:44,963 INFO     ___FILE_ONLY___ 
    "state": {
2022-11-13 03:37:44,963 INFO     ___FILE_ONLY___ 
      "name": "Not Installed"
2022-11-13 03:37:44,973 INFO     ___FILE_ONLY___ 
    }
2022-11-13 03:37:44,973 INFO     ___FILE_ONLY___ 
  }
2022-11-13 03:37:44,976 INFO     ___FILE_ONLY___ ,
  {
2022-11-13 03:37:44,976 INFO     ___FILE_ONLY___ 
    "current_version_string": null,
2022-11-13 03:37:44,976 INFO     ___FILE_ONLY___ 
    "id": "package-go-module",
2022-11-13 03:37:44,976 INFO     ___FILE_ONLY___ 
    "is_configuration": false,
2022-11-13 03:37:44,976 INFO     ___FILE_ONLY___ 
    "is_hidden": false,
2022-11-13 03:37:44,976 INFO     ___FILE_ONLY___ 
    "latest_version_string": "0.3.0",
2022-11-13 03:37:44,976 INFO     ___FILE_ONLY___ 
    "name": "Artifact Registry Go Module Package Helper",
2022-11-13 03:37:44,976 INFO     ___FILE_ONLY___ 
    "platform": {
2022-11-13 03:37:44,976 INFO     ___FILE_ONLY___ 
      "architecture": {
2022-11-13 03:37:44,977 INFO     ___FILE_ONLY___ 
        "file_name": "x86_64",
2022-11-13 03:37:44,977 INFO     ___FILE_ONLY___ 
        "id": "x86_64",
2022-11-13 03:37:44,977 INFO     ___FILE_ONLY___ 
        "name": "x86_64"
2022-11-13 03:37:44,977 INFO     ___FILE_ONLY___ 
      },
2022-11-13 03:37:44,978 INFO     ___FILE_ONLY___ 
      "operating_system": {
2022-11-13 03:37:44,978 INFO     ___FILE_ONLY___ 
        "file_name": "darwin",
2022-11-13 03:37:44,978 INFO     ___FILE_ONLY___ 
        "id": "MACOSX",
2022-11-13 03:37:44,978 INFO     ___FILE_ONLY___ 
        "name": "Mac OS X"
2022-11-13 03:37:44,978 INFO     ___FILE_ONLY___ 
      }
2022-11-13 03:37:44,978 INFO     ___FILE_ONLY___ 
    },
2022-11-13 03:37:44,978 INFO     ___FILE_ONLY___ 
    "platform_required": false,
2022-11-13 03:37:44,978 INFO     ___FILE_ONLY___ 
    "size": 840902,
2022-11-13 03:37:44,978 INFO     ___FILE_ONLY___ 
    "state": {
2022-11-13 03:37:44,979 INFO     ___FILE_ONLY___ 
      "name": "Not Installed"
2022-11-13 03:37:44,979 INFO     ___FILE_ONLY___ 
    }
2022-11-13 03:37:44,979 INFO     ___FILE_ONLY___ 
  }
2022-11-13 03:37:44,979 INFO     ___FILE_ONLY___ ,
  {
2022-11-13 03:37:44,980 INFO     ___FILE_ONLY___ 
    "current_version_string": null,
2022-11-13 03:37:44,980 INFO     ___FILE_ONLY___ 
    "id": "cbt",
2022-11-13 03:37:44,980 INFO     ___FILE_ONLY___ 
    "is_configuration": false,
2022-11-13 03:37:44,980 INFO     ___FILE_ONLY___ 
    "is_hidden": false,
2022-11-13 03:37:44,980 INFO     ___FILE_ONLY___ 
    "latest_version_string": "0.12.1",
2022-11-13 03:37:44,980 INFO     ___FILE_ONLY___ 
    "name": "Cloud Bigtable Command Line Tool",
2022-11-13 03:37:44,980 INFO     ___FILE_ONLY___ 
    "platform": {
2022-11-13 03:37:44,980 INFO     ___FILE_ONLY___ 
      "architecture": {
2022-11-13 03:37:44,981 INFO     ___FILE_ONLY___ 
        "file_name": "x86_64",
2022-11-13 03:37:44,981 INFO     ___FILE_ONLY___ 
        "id": "x86_64",
2022-11-13 03:37:44,981 INFO     ___FILE_ONLY___ 
        "name": "x86_64"
2022-11-13 03:37:44,981 INFO     ___FILE_ONLY___ 
      },
2022-11-13 03:37:44,981 INFO     ___FILE_ONLY___ 
      "operating_system": {
2022-11-13 03:37:44,981 INFO     ___FILE_ONLY___ 
        "file_name": "darwin",
2022-11-13 03:37:44,981 INFO     ___FILE_ONLY___ 
        "id": "MACOSX",
2022-11-13 03:37:44,981 INFO     ___FILE_ONLY___ 
        "name": "Mac OS X"
2022-11-13 03:37:44,981 INFO     ___FILE_ONLY___ 
      }
2022-11-13 03:37:44,982 INFO     ___FILE_ONLY___ 
    },
2022-11-13 03:37:44,983 INFO     ___FILE_ONLY___ 
    "platform_required": false,
2022-11-13 03:37:44,983 INFO     ___FILE_ONLY___ 
    "size": 10479929,
2022-11-13 03:37:44,983 INFO     ___FILE_ONLY___ 
    "state": {
2022-11-13 03:37:44,983 INFO     ___FILE_ONLY___ 
      "name": "Not Installed"
2022-11-13 03:37:44,983 INFO     ___FILE_ONLY___ 
    }
2022-11-13 03:37:44,983 INFO     ___FILE_ONLY___ 
  }
2022-11-13 03:37:44,984 INFO     ___FILE_ONLY___ ,
  {
2022-11-13 03:37:44,984 INFO     ___FILE_ONLY___ 
    "current_version_string": null,
2022-11-13 03:37:44,984 INFO     ___FILE_ONLY___ 
    "id": "bigtable",
2022-11-13 03:37:44,984 INFO     ___FILE_ONLY___ 
    "is_configuration": false,
2022-11-13 03:37:44,985 INFO     ___FILE_ONLY___ 
    "is_hidden": false,
2022-11-13 03:37:44,985 INFO     ___FILE_ONLY___ 
    "latest_version_string": "",
2022-11-13 03:37:44,985 INFO     ___FILE_ONLY___ 
    "name": "Cloud Bigtable Emulator",
2022-11-13 03:37:44,985 INFO     ___FILE_ONLY___ 
    "platform": {
2022-11-13 03:37:44,985 INFO     ___FILE_ONLY___ 
      "architecture": {
2022-11-13 03:37:44,985 INFO     ___FILE_ONLY___ 
        "file_name": "x86_64",
2022-11-13 03:37:44,985 INFO     ___FILE_ONLY___ 
        "id": "x86_64",
2022-11-13 03:37:44,985 INFO     ___FILE_ONLY___ 
        "name": "x86_64"
2022-11-13 03:37:44,985 INFO     ___FILE_ONLY___ 
      },
2022-11-13 03:37:44,985 INFO     ___FILE_ONLY___ 
      "operating_system": {
2022-11-13 03:37:44,986 INFO     ___FILE_ONLY___ 
        "file_name": "darwin",
2022-11-13 03:37:44,986 INFO     ___FILE_ONLY___ 
        "id": "MACOSX",
2022-11-13 03:37:45,033 INFO     ___FILE_ONLY___ 
        "name": "Mac OS X"
2022-11-13 03:37:45,033 INFO     ___FILE_ONLY___ 
      }
2022-11-13 03:37:45,034 INFO     ___FILE_ONLY___ 
    },
2022-11-13 03:37:45,034 INFO     ___FILE_ONLY___ 
    "platform_required": false,
2022-11-13 03:37:45,034 INFO     ___FILE_ONLY___ 
    "size": 6842480,
2022-11-13 03:37:45,034 INFO     ___FILE_ONLY___ 
    "state": {
2022-11-13 03:37:45,034 INFO     ___FILE_ONLY___ 
      "name": "Not Installed"
2022-11-13 03:37:45,034 INFO     ___FILE_ONLY___ 
    }
2022-11-13 03:37:45,034 INFO     ___FILE_ONLY___ 
  }
2022-11-13 03:37:45,035 INFO     ___FILE_ONLY___ ,
  {
2022-11-13 03:37:45,037 INFO     ___FILE_ONLY___ 
    "current_version_string": null,
2022-11-13 03:37:45,038 INFO     ___FILE_ONLY___ 
    "id": "datalab",
2022-11-13 03:37:45,038 INFO     ___FILE_ONLY___ 
    "is_configuration": false,
2022-11-13 03:37:45,038 INFO     ___FILE_ONLY___ 
    "is_hidden": false,
2022-11-13 03:37:45,038 INFO     ___FILE_ONLY___ 
    "latest_version_string": "20190610",
2022-11-13 03:37:45,038 INFO     ___FILE_ONLY___ 
    "name": "Cloud Datalab Command Line Tool",
2022-11-13 03:37:45,038 INFO     ___FILE_ONLY___ 
    "platform": {
2022-11-13 03:37:45,039 INFO     ___FILE_ONLY___ 
      "architecture": {
2022-11-13 03:37:45,039 INFO     ___FILE_ONLY___ 
        "file_name": "x86_64",
2022-11-13 03:37:45,039 INFO     ___FILE_ONLY___ 
        "id": "x86_64",
2022-11-13 03:37:45,039 INFO     ___FILE_ONLY___ 
        "name": "x86_64"
2022-11-13 03:37:45,039 INFO     ___FILE_ONLY___ 
      },
2022-11-13 03:37:45,039 INFO     ___FILE_ONLY___ 
      "operating_system": {
2022-11-13 03:37:45,039 INFO     ___FILE_ONLY___ 
        "file_name": "darwin",
2022-11-13 03:37:45,039 INFO     ___FILE_ONLY___ 
        "id": "MACOSX",
2022-11-13 03:37:45,039 INFO     ___FILE_ONLY___ 
        "name": "Mac OS X"
2022-11-13 03:37:45,039 INFO     ___FILE_ONLY___ 
      }
2022-11-13 03:37:45,040 INFO     ___FILE_ONLY___ 
    },
2022-11-13 03:37:45,040 INFO     ___FILE_ONLY___ 
    "platform_required": false,
2022-11-13 03:37:45,040 INFO     ___FILE_ONLY___ 
    "size": 74849,
2022-11-13 03:37:45,040 INFO     ___FILE_ONLY___ 
    "state": {
2022-11-13 03:37:45,040 INFO     ___FILE_ONLY___ 
      "name": "Not Installed"
2022-11-13 03:37:45,040 INFO     ___FILE_ONLY___ 
    }
2022-11-13 03:37:45,040 INFO     ___FILE_ONLY___ 
  }
2022-11-13 03:37:45,041 INFO     ___FILE_ONLY___ ,
  {
2022-11-13 03:37:45,041 INFO     ___FILE_ONLY___ 
    "current_version_string": null,
2022-11-13 03:37:45,041 INFO     ___FILE_ONLY___ 
    "id": "cloud-datastore-emulator",
2022-11-13 03:37:45,041 INFO     ___FILE_ONLY___ 
    "is_configuration": false,
2022-11-13 03:37:45,041 INFO     ___FILE_ONLY___ 
    "is_hidden": false,
2022-11-13 03:37:45,041 INFO     ___FILE_ONLY___ 
    "latest_version_string": "2.3.0",
2022-11-13 03:37:45,041 INFO     ___FILE_ONLY___ 
    "name": "Cloud Datastore Emulator",
2022-11-13 03:37:45,042 INFO     ___FILE_ONLY___ 
    "platform": {
2022-11-13 03:37:45,042 INFO     ___FILE_ONLY___ 
      "architecture": {
2022-11-13 03:37:45,042 INFO     ___FILE_ONLY___ 
        "file_name": "x86_64",
2022-11-13 03:37:45,042 INFO     ___FILE_ONLY___ 
        "id": "x86_64",
2022-11-13 03:37:45,042 INFO     ___FILE_ONLY___ 
        "name": "x86_64"
2022-11-13 03:37:45,042 INFO     ___FILE_ONLY___ 
      },
2022-11-13 03:37:45,042 INFO     ___FILE_ONLY___ 
      "operating_system": {
2022-11-13 03:37:45,042 INFO     ___FILE_ONLY___ 
        "file_name": "darwin",
2022-11-13 03:37:45,042 INFO     ___FILE_ONLY___ 
        "id": "MACOSX",
2022-11-13 03:37:45,042 INFO     ___FILE_ONLY___ 
        "name": "Mac OS X"
2022-11-13 03:37:45,042 INFO     ___FILE_ONLY___ 
      }
2022-11-13 03:37:45,043 INFO     ___FILE_ONLY___ 
    },
2022-11-13 03:37:45,043 INFO     ___FILE_ONLY___ 
    "platform_required": false,
2022-11-13 03:37:45,043 INFO     ___FILE_ONLY___ 
    "size": 36755687,
2022-11-13 03:37:45,043 INFO     ___FILE_ONLY___ 
    "state": {
2022-11-13 03:37:45,043 INFO     ___FILE_ONLY___ 
      "name": "Not Installed"
2022-11-13 03:37:45,043 INFO     ___FILE_ONLY___ 
    }
2022-11-13 03:37:45,043 INFO     ___FILE_ONLY___ 
  }
2022-11-13 03:37:45,044 INFO     ___FILE_ONLY___ ,
  {
2022-11-13 03:37:45,044 INFO     ___FILE_ONLY___ 
    "current_version_string": null,
2022-11-13 03:37:45,044 INFO     ___FILE_ONLY___ 
    "id": "cloud-firestore-emulator",
2022-11-13 03:37:45,044 INFO     ___FILE_ONLY___ 
    "is_configuration": false,
2022-11-13 03:37:45,044 INFO     ___FILE_ONLY___ 
    "is_hidden": false,
2022-11-13 03:37:45,045 INFO     ___FILE_ONLY___ 
    "latest_version_string": "1.15.1",
2022-11-13 03:37:45,045 INFO     ___FILE_ONLY___ 
    "name": "Cloud Firestore Emulator",
2022-11-13 03:37:45,045 INFO     ___FILE_ONLY___ 
    "platform": {
2022-11-13 03:37:45,045 INFO     ___FILE_ONLY___ 
      "architecture": {
2022-11-13 03:37:45,045 INFO     ___FILE_ONLY___ 
        "file_name": "x86_64",
2022-11-13 03:37:45,045 INFO     ___FILE_ONLY___ 
        "id": "x86_64",
2022-11-13 03:37:45,045 INFO     ___FILE_ONLY___ 
        "name": "x86_64"
2022-11-13 03:37:45,045 INFO     ___FILE_ONLY___ 
      },
2022-11-13 03:37:45,045 INFO     ___FILE_ONLY___ 
      "operating_system": {
2022-11-13 03:37:45,045 INFO     ___FILE_ONLY___ 
        "file_name": "darwin",
2022-11-13 03:37:45,045 INFO     ___FILE_ONLY___ 
        "id": "MACOSX",
2022-11-13 03:37:45,046 INFO     ___FILE_ONLY___ 
        "name": "Mac OS X"
2022-11-13 03:37:45,046 INFO     ___FILE_ONLY___ 
      }
2022-11-13 03:37:45,046 INFO     ___FILE_ONLY___ 
    },
2022-11-13 03:37:45,046 INFO     ___FILE_ONLY___ 
    "platform_required": false,
2022-11-13 03:37:45,046 INFO     ___FILE_ONLY___ 
    "size": 42101953,
2022-11-13 03:37:45,046 INFO     ___FILE_ONLY___ 
    "state": {
2022-11-13 03:37:45,047 INFO     ___FILE_ONLY___ 
      "name": "Not Installed"
2022-11-13 03:37:45,047 INFO     ___FILE_ONLY___ 
    }
2022-11-13 03:37:45,047 INFO     ___FILE_ONLY___ 
  }
2022-11-13 03:37:45,048 INFO     ___FILE_ONLY___ ,
  {
2022-11-13 03:37:45,048 INFO     ___FILE_ONLY___ 
    "current_version_string": null,
2022-11-13 03:37:45,048 INFO     ___FILE_ONLY___ 
    "id": "pubsub-emulator",
2022-11-13 03:37:45,048 INFO     ___FILE_ONLY___ 
    "is_configuration": false,
2022-11-13 03:37:45,048 INFO     ___FILE_ONLY___ 
    "is_hidden": false,
2022-11-13 03:37:45,049 INFO     ___FILE_ONLY___ 
    "latest_version_string": "0.7.1",
2022-11-13 03:37:45,049 INFO     ___FILE_ONLY___ 
    "name": "Cloud Pub/Sub Emulator",
2022-11-13 03:37:45,049 INFO     ___FILE_ONLY___ 
    "platform": {
2022-11-13 03:37:45,049 INFO     ___FILE_ONLY___ 
      "architecture": {
2022-11-13 03:37:45,049 INFO     ___FILE_ONLY___ 
        "file_name": "x86_64",
2022-11-13 03:37:45,049 INFO     ___FILE_ONLY___ 
        "id": "x86_64",
2022-11-13 03:37:45,049 INFO     ___FILE_ONLY___ 
        "name": "x86_64"
2022-11-13 03:37:45,049 INFO     ___FILE_ONLY___ 
      },
2022-11-13 03:37:45,050 INFO     ___FILE_ONLY___ 
      "operating_system": {
2022-11-13 03:37:45,050 INFO     ___FILE_ONLY___ 
        "file_name": "darwin",
2022-11-13 03:37:45,050 INFO     ___FILE_ONLY___ 
        "id": "MACOSX",
2022-11-13 03:37:45,050 INFO     ___FILE_ONLY___ 
        "name": "Mac OS X"
2022-11-13 03:37:45,050 INFO     ___FILE_ONLY___ 
      }
2022-11-13 03:37:45,050 INFO     ___FILE_ONLY___ 
    },
2022-11-13 03:37:45,050 INFO     ___FILE_ONLY___ 
    "platform_required": false,
2022-11-13 03:37:45,050 INFO     ___FILE_ONLY___ 
    "size": 65403474,
2022-11-13 03:37:45,050 INFO     ___FILE_ONLY___ 
    "state": {
2022-11-13 03:37:45,051 INFO     ___FILE_ONLY___ 
      "name": "Not Installed"
2022-11-13 03:37:45,051 INFO     ___FILE_ONLY___ 
    }
2022-11-13 03:37:45,051 INFO     ___FILE_ONLY___ 
  }
2022-11-13 03:37:45,052 INFO     ___FILE_ONLY___ ,
  {
2022-11-13 03:37:45,053 INFO     ___FILE_ONLY___ 
    "current_version_string": null,
2022-11-13 03:37:45,053 INFO     ___FILE_ONLY___ 
    "id": "cloud-run-proxy",
2022-11-13 03:37:45,053 INFO     ___FILE_ONLY___ 
    "is_configuration": false,
2022-11-13 03:37:45,053 INFO     ___FILE_ONLY___ 
    "is_hidden": false,
2022-11-13 03:37:45,053 INFO     ___FILE_ONLY___ 
    "latest_version_string": "0.3.0",
2022-11-13 03:37:45,053 INFO     ___FILE_ONLY___ 
    "name": "Cloud Run Proxy",
2022-11-13 03:37:45,054 INFO     ___FILE_ONLY___ 
    "platform": {
2022-11-13 03:37:45,054 INFO     ___FILE_ONLY___ 
      "architecture": {
2022-11-13 03:37:45,054 INFO     ___FILE_ONLY___ 
        "file_name": "x86_64",
2022-11-13 03:37:45,054 INFO     ___FILE_ONLY___ 
        "id": "x86_64",
2022-11-13 03:37:45,055 INFO     ___FILE_ONLY___ 
        "name": "x86_64"
2022-11-13 03:37:45,055 INFO     ___FILE_ONLY___ 
      },
2022-11-13 03:37:45,055 INFO     ___FILE_ONLY___ 
      "operating_system": {
2022-11-13 03:37:45,055 INFO     ___FILE_ONLY___ 
        "file_name": "darwin",
2022-11-13 03:37:45,055 INFO     ___FILE_ONLY___ 
        "id": "MACOSX",
2022-11-13 03:37:45,055 INFO     ___FILE_ONLY___ 
        "name": "Mac OS X"
2022-11-13 03:37:45,056 INFO     ___FILE_ONLY___ 
      }
2022-11-13 03:37:45,056 INFO     ___FILE_ONLY___ 
    },
2022-11-13 03:37:45,056 INFO     ___FILE_ONLY___ 
    "platform_required": false,
2022-11-13 03:37:45,056 INFO     ___FILE_ONLY___ 
    "size": 8024792,
2022-11-13 03:37:45,056 INFO     ___FILE_ONLY___ 
    "state": {
2022-11-13 03:37:45,056 INFO     ___FILE_ONLY___ 
      "name": "Not Installed"
2022-11-13 03:37:45,056 INFO     ___FILE_ONLY___ 
    }
2022-11-13 03:37:45,056 INFO     ___FILE_ONLY___ 
  }
2022-11-13 03:37:45,057 INFO     ___FILE_ONLY___ ,
  {
2022-11-13 03:37:45,057 INFO     ___FILE_ONLY___ 
    "current_version_string": null,
2022-11-13 03:37:45,057 INFO     ___FILE_ONLY___ 
    "id": "cloud_sql_proxy",
2022-11-13 03:37:45,057 INFO     ___FILE_ONLY___ 
    "is_configuration": false,
2022-11-13 03:37:45,057 INFO     ___FILE_ONLY___ 
    "is_hidden": false,
2022-11-13 03:37:45,057 INFO     ___FILE_ONLY___ 
    "latest_version_string": "1.27.0",
2022-11-13 03:37:45,058 INFO     ___FILE_ONLY___ 
    "name": "Cloud SQL Proxy",
2022-11-13 03:37:45,058 INFO     ___FILE_ONLY___ 
    "platform": {
2022-11-13 03:37:45,058 INFO     ___FILE_ONLY___ 
      "architecture": {
2022-11-13 03:37:45,058 INFO     ___FILE_ONLY___ 
        "file_name": "x86_64",
2022-11-13 03:37:45,058 INFO     ___FILE_ONLY___ 
        "id": "x86_64",
2022-11-13 03:37:45,058 INFO     ___FILE_ONLY___ 
        "name": "x86_64"
2022-11-13 03:37:45,058 INFO     ___FILE_ONLY___ 
      },
2022-11-13 03:37:45,058 INFO     ___FILE_ONLY___ 
      "operating_system": {
2022-11-13 03:37:45,058 INFO     ___FILE_ONLY___ 
        "file_name": "darwin",
2022-11-13 03:37:45,058 INFO     ___FILE_ONLY___ 
        "id": "MACOSX",
2022-11-13 03:37:45,059 INFO     ___FILE_ONLY___ 
        "name": "Mac OS X"
2022-11-13 03:37:45,059 INFO     ___FILE_ONLY___ 
      }
2022-11-13 03:37:45,059 INFO     ___FILE_ONLY___ 
    },
2022-11-13 03:37:45,059 INFO     ___FILE_ONLY___ 
    "platform_required": false,
2022-11-13 03:37:45,059 INFO     ___FILE_ONLY___ 
    "size": 7986647,
2022-11-13 03:37:45,059 INFO     ___FILE_ONLY___ 
    "state": {
2022-11-13 03:37:45,059 INFO     ___FILE_ONLY___ 
      "name": "Not Installed"
2022-11-13 03:37:45,059 INFO     ___FILE_ONLY___ 
    }
2022-11-13 03:37:45,059 INFO     ___FILE_ONLY___ 
  }
2022-11-13 03:37:45,060 INFO     ___FILE_ONLY___ ,
  {
2022-11-13 03:37:45,060 INFO     ___FILE_ONLY___ 
    "current_version_string": null,
2022-11-13 03:37:45,060 INFO     ___FILE_ONLY___ 
    "id": "docker-credential-gcr",
2022-11-13 03:37:45,060 INFO     ___FILE_ONLY___ 
    "is_configuration": false,
2022-11-13 03:37:45,061 INFO     ___FILE_ONLY___ 
    "is_hidden": false,
2022-11-13 03:37:45,061 INFO     ___FILE_ONLY___ 
    "latest_version_string": "1.5.0",
2022-11-13 03:37:45,061 INFO     ___FILE_ONLY___ 
    "name": "Google Container Registry's Docker credential helper",
2022-11-13 03:37:45,061 INFO     ___FILE_ONLY___ 
    "platform": {
2022-11-13 03:37:45,061 INFO     ___FILE_ONLY___ 
      "architecture": {
2022-11-13 03:37:45,061 INFO     ___FILE_ONLY___ 
        "file_name": "x86_64",
2022-11-13 03:37:45,061 INFO     ___FILE_ONLY___ 
        "id": "x86_64",
2022-11-13 03:37:45,061 INFO     ___FILE_ONLY___ 
        "name": "x86_64"
2022-11-13 03:37:45,061 INFO     ___FILE_ONLY___ 
      },
2022-11-13 03:37:45,062 INFO     ___FILE_ONLY___ 
      "operating_system": {
2022-11-13 03:37:45,062 INFO     ___FILE_ONLY___ 
        "file_name": "darwin",
2022-11-13 03:37:45,062 INFO     ___FILE_ONLY___ 
        "id": "MACOSX",
2022-11-13 03:37:45,062 INFO     ___FILE_ONLY___ 
        "name": "Mac OS X"
2022-11-13 03:37:45,062 INFO     ___FILE_ONLY___ 
      }
2022-11-13 03:37:45,062 INFO     ___FILE_ONLY___ 
    },
2022-11-13 03:37:45,062 INFO     ___FILE_ONLY___ 
    "platform_required": false,
2022-11-13 03:37:45,062 INFO     ___FILE_ONLY___ 
    "size": 2266831,
2022-11-13 03:37:45,062 INFO     ___FILE_ONLY___ 
    "state": {
2022-11-13 03:37:45,062 INFO     ___FILE_ONLY___ 
      "name": "Not Installed"
2022-11-13 03:37:45,063 INFO     ___FILE_ONLY___ 
    }
2022-11-13 03:37:45,063 INFO     ___FILE_ONLY___ 
  }
2022-11-13 03:37:45,064 INFO     ___FILE_ONLY___ ,
  {
2022-11-13 03:37:45,064 INFO     ___FILE_ONLY___ 
    "current_version_string": null,
2022-11-13 03:37:45,064 INFO     ___FILE_ONLY___ 
    "id": "kustomize",
2022-11-13 03:37:45,064 INFO     ___FILE_ONLY___ 
    "is_configuration": false,
2022-11-13 03:37:45,064 INFO     ___FILE_ONLY___ 
    "is_hidden": false,
2022-11-13 03:37:45,064 INFO     ___FILE_ONLY___ 
    "latest_version_string": "4.4.0",
2022-11-13 03:37:45,064 INFO     ___FILE_ONLY___ 
    "name": "Kustomize",
2022-11-13 03:37:45,064 INFO     ___FILE_ONLY___ 
    "platform": {
2022-11-13 03:37:45,064 INFO     ___FILE_ONLY___ 
      "architecture": {
2022-11-13 03:37:45,065 INFO     ___FILE_ONLY___ 
        "file_name": "x86_64",
2022-11-13 03:37:45,065 INFO     ___FILE_ONLY___ 
        "id": "x86_64",
2022-11-13 03:37:45,065 INFO     ___FILE_ONLY___ 
        "name": "x86_64"
2022-11-13 03:37:45,065 INFO     ___FILE_ONLY___ 
      },
2022-11-13 03:37:45,065 INFO     ___FILE_ONLY___ 
      "operating_system": {
2022-11-13 03:37:45,065 INFO     ___FILE_ONLY___ 
        "file_name": "darwin",
2022-11-13 03:37:45,066 INFO     ___FILE_ONLY___ 
        "id": "MACOSX",
2022-11-13 03:37:45,066 INFO     ___FILE_ONLY___ 
        "name": "Mac OS X"
2022-11-13 03:37:45,066 INFO     ___FILE_ONLY___ 
      }
2022-11-13 03:37:45,066 INFO     ___FILE_ONLY___ 
    },
2022-11-13 03:37:45,066 INFO     ___FILE_ONLY___ 
    "platform_required": false,
2022-11-13 03:37:45,066 INFO     ___FILE_ONLY___ 
    "size": 7961940,
2022-11-13 03:37:45,066 INFO     ___FILE_ONLY___ 
    "state": {
2022-11-13 03:37:45,066 INFO     ___FILE_ONLY___ 
      "name": "Not Installed"
2022-11-13 03:37:45,067 INFO     ___FILE_ONLY___ 
    }
2022-11-13 03:37:45,067 INFO     ___FILE_ONLY___ 
  }
2022-11-13 03:37:45,067 INFO     ___FILE_ONLY___ ,
  {
2022-11-13 03:37:45,068 INFO     ___FILE_ONLY___ 
    "current_version_string": null,
2022-11-13 03:37:45,068 INFO     ___FILE_ONLY___ 
    "id": "log-streaming",
2022-11-13 03:37:45,070 INFO     ___FILE_ONLY___ 
    "is_configuration": false,
2022-11-13 03:37:45,070 INFO     ___FILE_ONLY___ 
    "is_hidden": false,
2022-11-13 03:37:45,070 INFO     ___FILE_ONLY___ 
    "latest_version_string": "0.3.0",
2022-11-13 03:37:45,070 INFO     ___FILE_ONLY___ 
    "name": "Log Streaming",
2022-11-13 03:37:45,070 INFO     ___FILE_ONLY___ 
    "platform": {
2022-11-13 03:37:45,070 INFO     ___FILE_ONLY___ 
      "architecture": {
2022-11-13 03:37:45,071 INFO     ___FILE_ONLY___ 
        "file_name": "x86_64",
2022-11-13 03:37:45,071 INFO     ___FILE_ONLY___ 
        "id": "x86_64",
2022-11-13 03:37:45,071 INFO     ___FILE_ONLY___ 
        "name": "x86_64"
2022-11-13 03:37:45,071 INFO     ___FILE_ONLY___ 
      },
2022-11-13 03:37:45,071 INFO     ___FILE_ONLY___ 
      "operating_system": {
2022-11-13 03:37:45,072 INFO     ___FILE_ONLY___ 
        "file_name": "darwin",
2022-11-13 03:37:45,072 INFO     ___FILE_ONLY___ 
        "id": "MACOSX",
2022-11-13 03:37:45,072 INFO     ___FILE_ONLY___ 
        "name": "Mac OS X"
2022-11-13 03:37:45,072 INFO     ___FILE_ONLY___ 
      }
2022-11-13 03:37:45,072 INFO     ___FILE_ONLY___ 
    },
2022-11-13 03:37:45,072 INFO     ___FILE_ONLY___ 
    "platform_required": false,
2022-11-13 03:37:45,072 INFO     ___FILE_ONLY___ 
    "size": 12864820,
2022-11-13 03:37:45,072 INFO     ___FILE_ONLY___ 
    "state": {
2022-11-13 03:37:45,072 INFO     ___FILE_ONLY___ 
      "name": "Not Installed"
2022-11-13 03:37:45,072 INFO     ___FILE_ONLY___ 
    }
2022-11-13 03:37:45,073 INFO     ___FILE_ONLY___ 
  }
2022-11-13 03:37:45,073 INFO     ___FILE_ONLY___ ,
  {
2022-11-13 03:37:45,073 INFO     ___FILE_ONLY___ 
    "current_version_string": null,
2022-11-13 03:37:45,074 INFO     ___FILE_ONLY___ 
    "id": "nomos",
2022-11-13 03:37:45,074 INFO     ___FILE_ONLY___ 
    "is_configuration": false,
2022-11-13 03:37:45,074 INFO     ___FILE_ONLY___ 
    "is_hidden": false,
2022-11-13 03:37:45,074 INFO     ___FILE_ONLY___ 
    "latest_version_string": "1.13.1-rc.4",
2022-11-13 03:37:45,074 INFO     ___FILE_ONLY___ 
    "name": "Nomos CLI",
2022-11-13 03:37:45,074 INFO     ___FILE_ONLY___ 
    "platform": {
2022-11-13 03:37:45,074 INFO     ___FILE_ONLY___ 
      "architecture": {
2022-11-13 03:37:45,074 INFO     ___FILE_ONLY___ 
        "file_name": "x86_64",
2022-11-13 03:37:45,074 INFO     ___FILE_ONLY___ 
        "id": "x86_64",
2022-11-13 03:37:45,075 INFO     ___FILE_ONLY___ 
        "name": "x86_64"
2022-11-13 03:37:45,075 INFO     ___FILE_ONLY___ 
      },
2022-11-13 03:37:45,075 INFO     ___FILE_ONLY___ 
      "operating_system": {
2022-11-13 03:37:45,075 INFO     ___FILE_ONLY___ 
        "file_name": "darwin",
2022-11-13 03:37:45,075 INFO     ___FILE_ONLY___ 
        "id": "MACOSX",
2022-11-13 03:37:45,075 INFO     ___FILE_ONLY___ 
        "name": "Mac OS X"
2022-11-13 03:37:45,075 INFO     ___FILE_ONLY___ 
      }
2022-11-13 03:37:45,075 INFO     ___FILE_ONLY___ 
    },
2022-11-13 03:37:45,075 INFO     ___FILE_ONLY___ 
    "platform_required": false,
2022-11-13 03:37:45,076 INFO     ___FILE_ONLY___ 
    "size": 25597173,
2022-11-13 03:37:45,076 INFO     ___FILE_ONLY___ 
    "state": {
2022-11-13 03:37:45,076 INFO     ___FILE_ONLY___ 
      "name": "Not Installed"
2022-11-13 03:37:45,076 INFO     ___FILE_ONLY___ 
    }
2022-11-13 03:37:45,076 INFO     ___FILE_ONLY___ 
  }
2022-11-13 03:37:45,077 INFO     ___FILE_ONLY___ ,
  {
2022-11-13 03:37:45,077 INFO     ___FILE_ONLY___ 
    "current_version_string": null,
2022-11-13 03:37:45,077 INFO     ___FILE_ONLY___ 
    "id": "local-extract",
2022-11-13 03:37:45,077 INFO     ___FILE_ONLY___ 
    "is_configuration": false,
2022-11-13 03:37:45,077 INFO     ___FILE_ONLY___ 
    "is_hidden": false,
2022-11-13 03:37:45,077 INFO     ___FILE_ONLY___ 
    "latest_version_string": "1.5.5",
2022-11-13 03:37:45,077 INFO     ___FILE_ONLY___ 
    "name": "On-Demand Scanning API extraction helper",
2022-11-13 03:37:45,077 INFO     ___FILE_ONLY___ 
    "platform": {
2022-11-13 03:37:45,078 INFO     ___FILE_ONLY___ 
      "architecture": {
2022-11-13 03:37:45,078 INFO     ___FILE_ONLY___ 
        "file_name": "x86_64",
2022-11-13 03:37:45,078 INFO     ___FILE_ONLY___ 
        "id": "x86_64",
2022-11-13 03:37:45,078 INFO     ___FILE_ONLY___ 
        "name": "x86_64"
2022-11-13 03:37:45,078 INFO     ___FILE_ONLY___ 
      },
2022-11-13 03:37:45,078 INFO     ___FILE_ONLY___ 
      "operating_system": {
2022-11-13 03:37:45,078 INFO     ___FILE_ONLY___ 
        "file_name": "darwin",
2022-11-13 03:37:45,078 INFO     ___FILE_ONLY___ 
        "id": "MACOSX",
2022-11-13 03:37:45,079 INFO     ___FILE_ONLY___ 
        "name": "Mac OS X"
2022-11-13 03:37:45,079 INFO     ___FILE_ONLY___ 
      }
2022-11-13 03:37:45,079 INFO     ___FILE_ONLY___ 
    },
2022-11-13 03:37:45,079 INFO     ___FILE_ONLY___ 
    "platform_required": false,
2022-11-13 03:37:45,079 INFO     ___FILE_ONLY___ 
    "size": 12442952,
2022-11-13 03:37:45,079 INFO     ___FILE_ONLY___ 
    "state": {
2022-11-13 03:37:45,079 INFO     ___FILE_ONLY___ 
      "name": "Not Installed"
2022-11-13 03:37:45,079 INFO     ___FILE_ONLY___ 
    }
2022-11-13 03:37:45,080 INFO     ___FILE_ONLY___ 
  }
2022-11-13 03:37:45,080 INFO     ___FILE_ONLY___ ,
  {
2022-11-13 03:37:45,081 INFO     ___FILE_ONLY___ 
    "current_version_string": null,
2022-11-13 03:37:45,081 INFO     ___FILE_ONLY___ 
    "id": "terraform-tools",
2022-11-13 03:37:45,081 INFO     ___FILE_ONLY___ 
    "is_configuration": false,
2022-11-13 03:37:45,081 INFO     ___FILE_ONLY___ 
    "is_hidden": false,
2022-11-13 03:37:45,081 INFO     ___FILE_ONLY___ 
    "latest_version_string": "0.8.0",
2022-11-13 03:37:45,081 INFO     ___FILE_ONLY___ 
    "name": "Terraform Tools",
2022-11-13 03:37:45,081 INFO     ___FILE_ONLY___ 
    "platform": {
2022-11-13 03:37:45,081 INFO     ___FILE_ONLY___ 
      "architecture": {
2022-11-13 03:37:45,082 INFO     ___FILE_ONLY___ 
        "file_name": "x86_64",
2022-11-13 03:37:45,082 INFO     ___FILE_ONLY___ 
        "id": "x86_64",
2022-11-13 03:37:45,082 INFO     ___FILE_ONLY___ 
        "name": "x86_64"
2022-11-13 03:37:45,082 INFO     ___FILE_ONLY___ 
      },
2022-11-13 03:37:45,082 INFO     ___FILE_ONLY___ 
      "operating_system": {
2022-11-13 03:37:45,082 INFO     ___FILE_ONLY___ 
        "file_name": "darwin",
2022-11-13 03:37:45,083 INFO     ___FILE_ONLY___ 
        "id": "MACOSX",
2022-11-13 03:37:45,083 INFO     ___FILE_ONLY___ 
        "name": "Mac OS X"
2022-11-13 03:37:45,083 INFO     ___FILE_ONLY___ 
      }
2022-11-13 03:37:45,083 INFO     ___FILE_ONLY___ 
    },
2022-11-13 03:37:45,083 INFO     ___FILE_ONLY___ 
    "platform_required": false,
2022-11-13 03:37:45,083 INFO     ___FILE_ONLY___ 
    "size": 56276984,
2022-11-13 03:37:45,083 INFO     ___FILE_ONLY___ 
    "state": {
2022-11-13 03:37:45,083 INFO     ___FILE_ONLY___ 
      "name": "Not Installed"
2022-11-13 03:37:45,084 INFO     ___FILE_ONLY___ 
    }
2022-11-13 03:37:45,084 INFO     ___FILE_ONLY___ 
  }
2022-11-13 03:37:45,084 INFO     ___FILE_ONLY___ ,
  {
2022-11-13 03:37:45,084 INFO     ___FILE_ONLY___ 
    "current_version_string": null,
2022-11-13 03:37:45,084 INFO     ___FILE_ONLY___ 
    "id": "anthos-auth",
2022-11-13 03:37:45,085 INFO     ___FILE_ONLY___ 
    "is_configuration": false,
2022-11-13 03:37:45,085 INFO     ___FILE_ONLY___ 
    "is_hidden": false,
2022-11-13 03:37:45,085 INFO     ___FILE_ONLY___ 
    "latest_version_string": "1.4.4",
2022-11-13 03:37:45,085 INFO     ___FILE_ONLY___ 
    "name": "anthos-auth",
2022-11-13 03:37:45,085 INFO     ___FILE_ONLY___ 
    "platform": {
2022-11-13 03:37:45,085 INFO     ___FILE_ONLY___ 
      "architecture": {
2022-11-13 03:37:45,085 INFO     ___FILE_ONLY___ 
        "file_name": "x86_64",
2022-11-13 03:37:45,085 INFO     ___FILE_ONLY___ 
        "id": "x86_64",
2022-11-13 03:37:45,086 INFO     ___FILE_ONLY___ 
        "name": "x86_64"
2022-11-13 03:37:45,086 INFO     ___FILE_ONLY___ 
      },
2022-11-13 03:37:45,086 INFO     ___FILE_ONLY___ 
      "operating_system": {
2022-11-13 03:37:45,086 INFO     ___FILE_ONLY___ 
        "file_name": "darwin",
2022-11-13 03:37:45,086 INFO     ___FILE_ONLY___ 
        "id": "MACOSX",
2022-11-13 03:37:45,086 INFO     ___FILE_ONLY___ 
        "name": "Mac OS X"
2022-11-13 03:37:45,086 INFO     ___FILE_ONLY___ 
      }
2022-11-13 03:37:45,087 INFO     ___FILE_ONLY___ 
    },
2022-11-13 03:37:45,087 INFO     ___FILE_ONLY___ 
    "platform_required": false,
2022-11-13 03:37:45,087 INFO     ___FILE_ONLY___ 
    "size": 21183974,
2022-11-13 03:37:45,087 INFO     ___FILE_ONLY___ 
    "state": {
2022-11-13 03:37:45,087 INFO     ___FILE_ONLY___ 
      "name": "Not Installed"
2022-11-13 03:37:45,087 INFO     ___FILE_ONLY___ 
    }
2022-11-13 03:37:45,087 INFO     ___FILE_ONLY___ 
  }
2022-11-13 03:37:45,088 INFO     ___FILE_ONLY___ ,
  {
2022-11-13 03:37:45,088 INFO     ___FILE_ONLY___ 
    "current_version_string": null,
2022-11-13 03:37:45,088 INFO     ___FILE_ONLY___ 
    "id": "config-connector",
2022-11-13 03:37:45,088 INFO     ___FILE_ONLY___ 
    "is_configuration": false,
2022-11-13 03:37:45,088 INFO     ___FILE_ONLY___ 
    "is_hidden": false,
2022-11-13 03:37:45,088 INFO     ___FILE_ONLY___ 
    "latest_version_string": "1.93.0",
2022-11-13 03:37:45,089 INFO     ___FILE_ONLY___ 
    "name": "config-connector",
2022-11-13 03:37:45,089 INFO     ___FILE_ONLY___ 
    "platform": {
2022-11-13 03:37:45,089 INFO     ___FILE_ONLY___ 
      "architecture": {
2022-11-13 03:37:45,089 INFO     ___FILE_ONLY___ 
        "file_name": "x86_64",
2022-11-13 03:37:45,089 INFO     ___FILE_ONLY___ 
        "id": "x86_64",
2022-11-13 03:37:45,089 INFO     ___FILE_ONLY___ 
        "name": "x86_64"
2022-11-13 03:37:45,089 INFO     ___FILE_ONLY___ 
      },
2022-11-13 03:37:45,089 INFO     ___FILE_ONLY___ 
      "operating_system": {
2022-11-13 03:37:45,089 INFO     ___FILE_ONLY___ 
        "file_name": "darwin",
2022-11-13 03:37:45,090 INFO     ___FILE_ONLY___ 
        "id": "MACOSX",
2022-11-13 03:37:45,090 INFO     ___FILE_ONLY___ 
        "name": "Mac OS X"
2022-11-13 03:37:45,090 INFO     ___FILE_ONLY___ 
      }
2022-11-13 03:37:45,090 INFO     ___FILE_ONLY___ 
    },
2022-11-13 03:37:45,090 INFO     ___FILE_ONLY___ 
    "platform_required": false,
2022-11-13 03:37:45,090 INFO     ___FILE_ONLY___ 
    "size": 59915703,
2022-11-13 03:37:45,090 INFO     ___FILE_ONLY___ 
    "state": {
2022-11-13 03:37:45,090 INFO     ___FILE_ONLY___ 
      "name": "Not Installed"
2022-11-13 03:37:45,091 INFO     ___FILE_ONLY___ 
    }
2022-11-13 03:37:45,091 INFO     ___FILE_ONLY___ 
  }
2022-11-13 03:37:45,092 INFO     ___FILE_ONLY___ ,
  {
2022-11-13 03:37:45,092 INFO     ___FILE_ONLY___ 
    "current_version_string": null,
2022-11-13 03:37:45,092 INFO     ___FILE_ONLY___ 
    "id": "app-engine-java",
2022-11-13 03:37:45,092 INFO     ___FILE_ONLY___ 
    "is_configuration": false,
2022-11-13 03:37:45,092 INFO     ___FILE_ONLY___ 
    "is_hidden": false,
2022-11-13 03:37:45,092 INFO     ___FILE_ONLY___ 
    "latest_version_string": "2.0.9",
2022-11-13 03:37:45,092 INFO     ___FILE_ONLY___ 
    "name": "gcloud app Java Extensions",
2022-11-13 03:37:45,093 INFO     ___FILE_ONLY___ 
    "platform": {
2022-11-13 03:37:45,093 INFO     ___FILE_ONLY___ 
      "architecture": {
2022-11-13 03:37:45,093 INFO     ___FILE_ONLY___ 
        "file_name": "x86_64",
2022-11-13 03:37:45,093 INFO     ___FILE_ONLY___ 
        "id": "x86_64",
2022-11-13 03:37:45,093 INFO     ___FILE_ONLY___ 
        "name": "x86_64"
2022-11-13 03:37:45,093 INFO     ___FILE_ONLY___ 
      },
2022-11-13 03:37:45,093 INFO     ___FILE_ONLY___ 
      "operating_system": {
2022-11-13 03:37:45,093 INFO     ___FILE_ONLY___ 
        "file_name": "darwin",
2022-11-13 03:37:45,093 INFO     ___FILE_ONLY___ 
        "id": "MACOSX",
2022-11-13 03:37:45,094 INFO     ___FILE_ONLY___ 
        "name": "Mac OS X"
2022-11-13 03:37:45,094 INFO     ___FILE_ONLY___ 
      }
2022-11-13 03:37:45,094 INFO     ___FILE_ONLY___ 
    },
2022-11-13 03:37:45,094 INFO     ___FILE_ONLY___ 
    "platform_required": false,
2022-11-13 03:37:45,094 INFO     ___FILE_ONLY___ 
    "size": 67584086,
2022-11-13 03:37:45,094 INFO     ___FILE_ONLY___ 
    "state": {
2022-11-13 03:37:45,094 INFO     ___FILE_ONLY___ 
      "name": "Not Installed"
2022-11-13 03:37:45,094 INFO     ___FILE_ONLY___ 
    }
2022-11-13 03:37:45,094 INFO     ___FILE_ONLY___ 
  }
2022-11-13 03:37:45,095 INFO     ___FILE_ONLY___ ,
  {
2022-11-13 03:37:45,096 INFO     ___FILE_ONLY___ 
    "current_version_string": null,
2022-11-13 03:37:45,097 INFO     ___FILE_ONLY___ 
    "id": "app-engine-php",
2022-11-13 03:37:45,097 INFO     ___FILE_ONLY___ 
    "is_configuration": false,
2022-11-13 03:37:45,098 INFO     ___FILE_ONLY___ 
    "is_hidden": false,
2022-11-13 03:37:45,098 INFO     ___FILE_ONLY___ 
    "latest_version_string": "",
2022-11-13 03:37:45,162 INFO     ___FILE_ONLY___ 
    "name": "gcloud app PHP Extensions",
2022-11-13 03:37:45,182 INFO     ___FILE_ONLY___ 
    "platform": {
2022-11-13 03:37:45,182 INFO     ___FILE_ONLY___ 
      "architecture": {
2022-11-13 03:37:45,182 INFO     ___FILE_ONLY___ 
        "file_name": "x86_64",
2022-11-13 03:37:45,182 INFO     ___FILE_ONLY___ 
        "id": "x86_64",
2022-11-13 03:37:45,182 INFO     ___FILE_ONLY___ 
        "name": "x86_64"
2022-11-13 03:37:45,182 INFO     ___FILE_ONLY___ 
      },
2022-11-13 03:37:45,182 INFO     ___FILE_ONLY___ 
      "operating_system": {
2022-11-13 03:37:45,182 INFO     ___FILE_ONLY___ 
        "file_name": "darwin",
2022-11-13 03:37:45,218 INFO     ___FILE_ONLY___ 
        "id": "MACOSX",
2022-11-13 03:37:45,219 INFO     ___FILE_ONLY___ 
        "name": "Mac OS X"
2022-11-13 03:37:45,219 INFO     ___FILE_ONLY___ 
      }
2022-11-13 03:37:45,221 INFO     ___FILE_ONLY___ 
    },
2022-11-13 03:37:45,221 INFO     ___FILE_ONLY___ 
    "platform_required": false,
2022-11-13 03:37:45,222 INFO     ___FILE_ONLY___ 
    "size": 22985548,
2022-11-13 03:37:45,222 INFO     ___FILE_ONLY___ 
    "state": {
2022-11-13 03:37:45,222 INFO     ___FILE_ONLY___ 
      "name": "Not Installed"
2022-11-13 03:37:45,222 INFO     ___FILE_ONLY___ 
    }
2022-11-13 03:37:45,222 INFO     ___FILE_ONLY___ 
  }
2022-11-13 03:37:45,223 INFO     ___FILE_ONLY___ ,
  {
2022-11-13 03:37:45,223 INFO     ___FILE_ONLY___ 
    "current_version_string": null,
2022-11-13 03:37:45,223 INFO     ___FILE_ONLY___ 
    "id": "app-engine-python",
2022-11-13 03:37:45,223 INFO     ___FILE_ONLY___ 
    "is_configuration": false,
2022-11-13 03:37:45,223 INFO     ___FILE_ONLY___ 
    "is_hidden": false,
2022-11-13 03:37:45,224 INFO     ___FILE_ONLY___ 
    "latest_version_string": "1.9.101",
2022-11-13 03:37:45,224 INFO     ___FILE_ONLY___ 
    "name": "gcloud app Python Extensions",
2022-11-13 03:37:45,224 INFO     ___FILE_ONLY___ 
    "platform": {
2022-11-13 03:37:45,224 INFO     ___FILE_ONLY___ 
      "architecture": {
2022-11-13 03:37:45,225 INFO     ___FILE_ONLY___ 
        "file_name": "x86_64",
2022-11-13 03:37:45,225 INFO     ___FILE_ONLY___ 
        "id": "x86_64",
2022-11-13 03:37:45,225 INFO     ___FILE_ONLY___ 
        "name": "x86_64"
2022-11-13 03:37:45,226 INFO     ___FILE_ONLY___ 
      },
2022-11-13 03:37:45,226 INFO     ___FILE_ONLY___ 
      "operating_system": {
2022-11-13 03:37:45,226 INFO     ___FILE_ONLY___ 
        "file_name": "darwin",
2022-11-13 03:37:45,226 INFO     ___FILE_ONLY___ 
        "id": "MACOSX",
2022-11-13 03:37:45,227 INFO     ___FILE_ONLY___ 
        "name": "Mac OS X"
2022-11-13 03:37:45,227 INFO     ___FILE_ONLY___ 
      }
2022-11-13 03:37:45,227 INFO     ___FILE_ONLY___ 
    },
2022-11-13 03:37:45,227 INFO     ___FILE_ONLY___ 
    "platform_required": false,
2022-11-13 03:37:45,227 INFO     ___FILE_ONLY___ 
    "size": 9044876,
2022-11-13 03:37:45,227 INFO     ___FILE_ONLY___ 
    "state": {
2022-11-13 03:37:45,227 INFO     ___FILE_ONLY___ 
      "name": "Not Installed"
2022-11-13 03:37:45,228 INFO     ___FILE_ONLY___ 
    }
2022-11-13 03:37:45,228 INFO     ___FILE_ONLY___ 
  }
2022-11-13 03:37:45,229 INFO     ___FILE_ONLY___ ,
  {
2022-11-13 03:37:45,229 INFO     ___FILE_ONLY___ 
    "current_version_string": null,
2022-11-13 03:37:45,229 INFO     ___FILE_ONLY___ 
    "id": "app-engine-python-extras",
2022-11-13 03:37:45,229 INFO     ___FILE_ONLY___ 
    "is_configuration": false,
2022-11-13 03:37:45,230 INFO     ___FILE_ONLY___ 
    "is_hidden": false,
2022-11-13 03:37:45,230 INFO     ___FILE_ONLY___ 
    "latest_version_string": "1.9.96",
2022-11-13 03:37:45,230 INFO     ___FILE_ONLY___ 
    "name": "gcloud app Python Extensions (Extra Libraries)",
2022-11-13 03:37:45,230 INFO     ___FILE_ONLY___ 
    "platform": {
2022-11-13 03:37:45,230 INFO     ___FILE_ONLY___ 
      "architecture": {
2022-11-13 03:37:45,230 INFO     ___FILE_ONLY___ 
        "file_name": "x86_64",
2022-11-13 03:37:45,232 INFO     ___FILE_ONLY___ 
        "id": "x86_64",
2022-11-13 03:37:45,232 INFO     ___FILE_ONLY___ 
        "name": "x86_64"
2022-11-13 03:37:45,233 INFO     ___FILE_ONLY___ 
      },
2022-11-13 03:37:45,233 INFO     ___FILE_ONLY___ 
      "operating_system": {
2022-11-13 03:37:45,233 INFO     ___FILE_ONLY___ 
        "file_name": "darwin",
2022-11-13 03:37:45,233 INFO     ___FILE_ONLY___ 
        "id": "MACOSX",
2022-11-13 03:37:45,233 INFO     ___FILE_ONLY___ 
        "name": "Mac OS X"
2022-11-13 03:37:45,233 INFO     ___FILE_ONLY___ 
      }
2022-11-13 03:37:45,233 INFO     ___FILE_ONLY___ 
    },
2022-11-13 03:37:45,234 INFO     ___FILE_ONLY___ 
    "platform_required": false,
2022-11-13 03:37:45,234 INFO     ___FILE_ONLY___ 
    "size": 27709995,
2022-11-13 03:37:45,234 INFO     ___FILE_ONLY___ 
    "state": {
2022-11-13 03:37:45,234 INFO     ___FILE_ONLY___ 
      "name": "Not Installed"
2022-11-13 03:37:45,234 INFO     ___FILE_ONLY___ 
    }
2022-11-13 03:37:45,234 INFO     ___FILE_ONLY___ 
  }
2022-11-13 03:37:45,235 INFO     ___FILE_ONLY___ ,
  {
2022-11-13 03:37:45,235 INFO     ___FILE_ONLY___ 
    "current_version_string": null,
2022-11-13 03:37:45,235 INFO     ___FILE_ONLY___ 
    "id": "kpt",
2022-11-13 03:37:45,235 INFO     ___FILE_ONLY___ 
    "is_configuration": false,
2022-11-13 03:37:45,236 INFO     ___FILE_ONLY___ 
    "is_hidden": false,
2022-11-13 03:37:45,236 INFO     ___FILE_ONLY___ 
    "latest_version_string": "1.0.0-beta.19",
2022-11-13 03:37:45,236 INFO     ___FILE_ONLY___ 
    "name": "kpt",
2022-11-13 03:37:45,236 INFO     ___FILE_ONLY___ 
    "platform": {
2022-11-13 03:37:45,236 INFO     ___FILE_ONLY___ 
      "architecture": {
2022-11-13 03:37:45,237 INFO     ___FILE_ONLY___ 
        "file_name": "x86_64",
2022-11-13 03:37:45,237 INFO     ___FILE_ONLY___ 
        "id": "x86_64",
2022-11-13 03:37:45,237 INFO     ___FILE_ONLY___ 
        "name": "x86_64"
2022-11-13 03:37:45,237 INFO     ___FILE_ONLY___ 
      },
2022-11-13 03:37:45,238 INFO     ___FILE_ONLY___ 
      "operating_system": {
2022-11-13 03:37:45,238 INFO     ___FILE_ONLY___ 
        "file_name": "darwin",
2022-11-13 03:37:45,239 INFO     ___FILE_ONLY___ 
        "id": "MACOSX",
2022-11-13 03:37:45,239 INFO     ___FILE_ONLY___ 
        "name": "Mac OS X"
2022-11-13 03:37:45,239 INFO     ___FILE_ONLY___ 
      }
2022-11-13 03:37:45,239 INFO     ___FILE_ONLY___ 
    },
2022-11-13 03:37:45,239 INFO     ___FILE_ONLY___ 
    "platform_required": false,
2022-11-13 03:37:45,239 INFO     ___FILE_ONLY___ 
    "size": 13550512,
2022-11-13 03:37:45,240 INFO     ___FILE_ONLY___ 
    "state": {
2022-11-13 03:37:45,240 INFO     ___FILE_ONLY___ 
      "name": "Not Installed"
2022-11-13 03:37:45,240 INFO     ___FILE_ONLY___ 
    }
2022-11-13 03:37:45,240 INFO     ___FILE_ONLY___ 
  }
2022-11-13 03:37:45,241 INFO     ___FILE_ONLY___ ,
  {
2022-11-13 03:37:45,241 INFO     ___FILE_ONLY___ 
    "current_version_string": null,
2022-11-13 03:37:45,241 INFO     ___FILE_ONLY___ 
    "id": "kubectl-oidc",
2022-11-13 03:37:45,241 INFO     ___FILE_ONLY___ 
    "is_configuration": false,
2022-11-13 03:37:45,241 INFO     ___FILE_ONLY___ 
    "is_hidden": false,
2022-11-13 03:37:45,241 INFO     ___FILE_ONLY___ 
    "latest_version_string": "1.4.4",
2022-11-13 03:37:45,242 INFO     ___FILE_ONLY___ 
    "name": "kubectl-oidc",
2022-11-13 03:37:45,242 INFO     ___FILE_ONLY___ 
    "platform": {
2022-11-13 03:37:45,242 INFO     ___FILE_ONLY___ 
      "architecture": {
2022-11-13 03:37:45,242 INFO     ___FILE_ONLY___ 
        "file_name": "x86_64",
2022-11-13 03:37:45,242 INFO     ___FILE_ONLY___ 
        "id": "x86_64",
2022-11-13 03:37:45,242 INFO     ___FILE_ONLY___ 
        "name": "x86_64"
2022-11-13 03:37:45,242 INFO     ___FILE_ONLY___ 
      },
2022-11-13 03:37:45,243 INFO     ___FILE_ONLY___ 
      "operating_system": {
2022-11-13 03:37:45,243 INFO     ___FILE_ONLY___ 
        "file_name": "darwin",
2022-11-13 03:37:45,243 INFO     ___FILE_ONLY___ 
        "id": "MACOSX",
2022-11-13 03:37:45,243 INFO     ___FILE_ONLY___ 
        "name": "Mac OS X"
2022-11-13 03:37:45,243 INFO     ___FILE_ONLY___ 
      }
2022-11-13 03:37:45,243 INFO     ___FILE_ONLY___ 
    },
2022-11-13 03:37:45,243 INFO     ___FILE_ONLY___ 
    "platform_required": false,
2022-11-13 03:37:45,243 INFO     ___FILE_ONLY___ 
    "size": 21183987,
2022-11-13 03:37:45,243 INFO     ___FILE_ONLY___ 
    "state": {
2022-11-13 03:37:45,244 INFO     ___FILE_ONLY___ 
      "name": "Not Installed"
2022-11-13 03:37:45,244 INFO     ___FILE_ONLY___ 
    }
2022-11-13 03:37:45,244 INFO     ___FILE_ONLY___ 
  }
2022-11-13 03:37:45,245 INFO     ___FILE_ONLY___ ,
  {
2022-11-13 03:37:45,245 INFO     ___FILE_ONLY___ 
    "current_version_string": null,
2022-11-13 03:37:45,245 INFO     ___FILE_ONLY___ 
    "id": "pkg",
2022-11-13 03:37:45,245 INFO     ___FILE_ONLY___ 
    "is_configuration": false,
2022-11-13 03:37:45,245 INFO     ___FILE_ONLY___ 
    "is_hidden": false,
2022-11-13 03:37:45,245 INFO     ___FILE_ONLY___ 
    "latest_version_string": "",
2022-11-13 03:37:45,245 INFO     ___FILE_ONLY___ 
    "name": "pkg",
2022-11-13 03:37:45,245 INFO     ___FILE_ONLY___ 
    "platform": {
2022-11-13 03:37:45,246 INFO     ___FILE_ONLY___ 
      "architecture": {
2022-11-13 03:37:45,246 INFO     ___FILE_ONLY___ 
        "file_name": "x86_64",
2022-11-13 03:37:45,246 INFO     ___FILE_ONLY___ 
        "id": "x86_64",
2022-11-13 03:37:45,246 INFO     ___FILE_ONLY___ 
        "name": "x86_64"
2022-11-13 03:37:45,246 INFO     ___FILE_ONLY___ 
      },
2022-11-13 03:37:45,246 INFO     ___FILE_ONLY___ 
      "operating_system": {
2022-11-13 03:37:45,246 INFO     ___FILE_ONLY___ 
        "file_name": "darwin",
2022-11-13 03:37:45,246 INFO     ___FILE_ONLY___ 
        "id": "MACOSX",
2022-11-13 03:37:45,246 INFO     ___FILE_ONLY___ 
        "name": "Mac OS X"
2022-11-13 03:37:45,246 INFO     ___FILE_ONLY___ 
      }
2022-11-13 03:37:45,247 INFO     ___FILE_ONLY___ 
    },
2022-11-13 03:37:45,247 INFO     ___FILE_ONLY___ 
    "platform_required": false,
2022-11-13 03:37:45,247 INFO     ___FILE_ONLY___ 
    "size": 0,
2022-11-13 03:37:45,247 INFO     ___FILE_ONLY___ 
    "state": {
2022-11-13 03:37:45,247 INFO     ___FILE_ONLY___ 
      "name": "Not Installed"
2022-11-13 03:37:45,247 INFO     ___FILE_ONLY___ 
    }
2022-11-13 03:37:45,247 INFO     ___FILE_ONLY___ 
  }
2022-11-13 03:37:45,248 INFO     ___FILE_ONLY___ ,
  {
2022-11-13 03:37:45,248 INFO     ___FILE_ONLY___ 
    "current_version_string": "2.0.81",
2022-11-13 03:37:45,248 INFO     ___FILE_ONLY___ 
    "id": "bq",
2022-11-13 03:37:45,248 INFO     ___FILE_ONLY___ 
    "is_configuration": false,
2022-11-13 03:37:45,248 INFO     ___FILE_ONLY___ 
    "is_hidden": false,
2022-11-13 03:37:45,248 INFO     ___FILE_ONLY___ 
    "latest_version_string": "2.0.81",
2022-11-13 03:37:45,249 INFO     ___FILE_ONLY___ 
    "name": "BigQuery Command Line Tool",
2022-11-13 03:37:45,249 INFO     ___FILE_ONLY___ 
    "platform": {
2022-11-13 03:37:45,249 INFO     ___FILE_ONLY___ 
      "architecture": {
2022-11-13 03:37:45,249 INFO     ___FILE_ONLY___ 
        "file_name": "x86_64",
2022-11-13 03:37:45,249 INFO     ___FILE_ONLY___ 
        "id": "x86_64",
2022-11-13 03:37:45,249 INFO     ___FILE_ONLY___ 
        "name": "x86_64"
2022-11-13 03:37:45,249 INFO     ___FILE_ONLY___ 
      },
2022-11-13 03:37:45,249 INFO     ___FILE_ONLY___ 
      "operating_system": {
2022-11-13 03:37:45,249 INFO     ___FILE_ONLY___ 
        "file_name": "darwin",
2022-11-13 03:37:45,250 INFO     ___FILE_ONLY___ 
        "id": "MACOSX",
2022-11-13 03:37:45,250 INFO     ___FILE_ONLY___ 
        "name": "Mac OS X"
2022-11-13 03:37:45,250 INFO     ___FILE_ONLY___ 
      }
2022-11-13 03:37:45,250 INFO     ___FILE_ONLY___ 
    },
2022-11-13 03:37:45,250 INFO     ___FILE_ONLY___ 
    "platform_required": false,
2022-11-13 03:37:45,250 INFO     ___FILE_ONLY___ 
    "size": 1690545,
2022-11-13 03:37:45,250 INFO     ___FILE_ONLY___ 
    "state": {
2022-11-13 03:37:45,250 INFO     ___FILE_ONLY___ 
      "name": "Installed"
2022-11-13 03:37:45,251 INFO     ___FILE_ONLY___ 
    }
2022-11-13 03:37:45,251 INFO     ___FILE_ONLY___ 
  }
2022-11-13 03:37:45,252 INFO     ___FILE_ONLY___ ,
  {
2022-11-13 03:37:45,252 INFO     ___FILE_ONLY___ 
    "current_version_string": "5.16",
2022-11-13 03:37:45,252 INFO     ___FILE_ONLY___ 
    "id": "gsutil",
2022-11-13 03:37:45,252 INFO     ___FILE_ONLY___ 
    "is_configuration": false,
2022-11-13 03:37:45,252 INFO     ___FILE_ONLY___ 
    "is_hidden": false,
2022-11-13 03:37:45,252 INFO     ___FILE_ONLY___ 
    "latest_version_string": "5.16",
2022-11-13 03:37:45,253 INFO     ___FILE_ONLY___ 
    "name": "Cloud Storage Command Line Tool",
2022-11-13 03:37:45,253 INFO     ___FILE_ONLY___ 
    "platform": {
2022-11-13 03:37:45,253 INFO     ___FILE_ONLY___ 
      "architecture": {
2022-11-13 03:37:45,253 INFO     ___FILE_ONLY___ 
        "file_name": "x86_64",
2022-11-13 03:37:45,253 INFO     ___FILE_ONLY___ 
        "id": "x86_64",
2022-11-13 03:37:45,253 INFO     ___FILE_ONLY___ 
        "name": "x86_64"
2022-11-13 03:37:45,253 INFO     ___FILE_ONLY___ 
      },
2022-11-13 03:37:45,254 INFO     ___FILE_ONLY___ 
      "operating_system": {
2022-11-13 03:37:45,254 INFO     ___FILE_ONLY___ 
        "file_name": "darwin",
2022-11-13 03:37:45,254 INFO     ___FILE_ONLY___ 
        "id": "MACOSX",
2022-11-13 03:37:45,254 INFO     ___FILE_ONLY___ 
        "name": "Mac OS X"
2022-11-13 03:37:45,254 INFO     ___FILE_ONLY___ 
      }
2022-11-13 03:37:45,254 INFO     ___FILE_ONLY___ 
    },
2022-11-13 03:37:45,254 INFO     ___FILE_ONLY___ 
    "platform_required": false,
2022-11-13 03:37:45,254 INFO     ___FILE_ONLY___ 
    "size": 16295859,
2022-11-13 03:37:45,254 INFO     ___FILE_ONLY___ 
    "state": {
2022-11-13 03:37:45,254 INFO     ___FILE_ONLY___ 
      "name": "Installed"
2022-11-13 03:37:45,255 INFO     ___FILE_ONLY___ 
    }
2022-11-13 03:37:45,255 INFO     ___FILE_ONLY___ 
  }
2022-11-13 03:37:45,255 INFO     ___FILE_ONLY___ ,
  {
2022-11-13 03:37:45,256 INFO     ___FILE_ONLY___ 
    "current_version_string": "2022.11.04",
2022-11-13 03:37:45,256 INFO     ___FILE_ONLY___ 
    "id": "core",
2022-11-13 03:37:45,256 INFO     ___FILE_ONLY___ 
    "is_configuration": false,
2022-11-13 03:37:45,256 INFO     ___FILE_ONLY___ 
    "is_hidden": false,
2022-11-13 03:37:45,256 INFO     ___FILE_ONLY___ 
    "latest_version_string": "2022.11.04",
2022-11-13 03:37:45,256 INFO     ___FILE_ONLY___ 
    "name": "Google Cloud CLI Core Libraries",
2022-11-13 03:37:45,256 INFO     ___FILE_ONLY___ 
    "platform": {
2022-11-13 03:37:45,256 INFO     ___FILE_ONLY___ 
      "architecture": {
2022-11-13 03:37:45,257 INFO     ___FILE_ONLY___ 
        "file_name": "x86_64",
2022-11-13 03:37:45,257 INFO     ___FILE_ONLY___ 
        "id": "x86_64",
2022-11-13 03:37:45,257 INFO     ___FILE_ONLY___ 
        "name": "x86_64"
2022-11-13 03:37:45,257 INFO     ___FILE_ONLY___ 
      },
2022-11-13 03:37:45,257 INFO     ___FILE_ONLY___ 
      "operating_system": {
2022-11-13 03:37:45,257 INFO     ___FILE_ONLY___ 
        "file_name": "darwin",
2022-11-13 03:37:45,257 INFO     ___FILE_ONLY___ 
        "id": "MACOSX",
2022-11-13 03:37:45,258 INFO     ___FILE_ONLY___ 
        "name": "Mac OS X"
2022-11-13 03:37:45,258 INFO     ___FILE_ONLY___ 
      }
2022-11-13 03:37:45,258 INFO     ___FILE_ONLY___ 
    },
2022-11-13 03:37:45,258 INFO     ___FILE_ONLY___ 
    "platform_required": false,
2022-11-13 03:37:45,258 INFO     ___FILE_ONLY___ 
    "size": 26426705,
2022-11-13 03:37:45,258 INFO     ___FILE_ONLY___ 
    "state": {
2022-11-13 03:37:45,259 INFO     ___FILE_ONLY___ 
      "name": "Installed"
2022-11-13 03:37:45,259 INFO     ___FILE_ONLY___ 
    }
2022-11-13 03:37:45,259 INFO     ___FILE_ONLY___ 
  }
2022-11-13 03:37:45,260 INFO     ___FILE_ONLY___ ,
  {
2022-11-13 03:37:45,261 INFO     ___FILE_ONLY___ 
    "current_version_string": "1.0.0",
2022-11-13 03:37:45,261 INFO     ___FILE_ONLY___ 
    "id": "gcloud-crc32c",
2022-11-13 03:37:45,261 INFO     ___FILE_ONLY___ 
    "is_configuration": false,
2022-11-13 03:37:45,261 INFO     ___FILE_ONLY___ 
    "is_hidden": false,
2022-11-13 03:37:45,262 INFO     ___FILE_ONLY___ 
    "latest_version_string": "1.0.0",
2022-11-13 03:37:45,262 INFO     ___FILE_ONLY___ 
    "name": "Google Cloud CRC32C Hash Tool",
2022-11-13 03:37:45,262 INFO     ___FILE_ONLY___ 
    "platform": {
2022-11-13 03:37:45,262 INFO     ___FILE_ONLY___ 
      "architecture": {
2022-11-13 03:37:45,262 INFO     ___FILE_ONLY___ 
        "file_name": "x86_64",
2022-11-13 03:37:45,263 INFO     ___FILE_ONLY___ 
        "id": "x86_64",
2022-11-13 03:37:45,263 INFO     ___FILE_ONLY___ 
        "name": "x86_64"
2022-11-13 03:37:45,263 INFO     ___FILE_ONLY___ 
      },
2022-11-13 03:37:45,263 INFO     ___FILE_ONLY___ 
      "operating_system": {
2022-11-13 03:37:45,263 INFO     ___FILE_ONLY___ 
        "file_name": "darwin",
2022-11-13 03:37:45,263 INFO     ___FILE_ONLY___ 
        "id": "MACOSX",
2022-11-13 03:37:45,266 INFO     ___FILE_ONLY___ 
        "name": "Mac OS X"
2022-11-13 03:37:45,267 INFO     ___FILE_ONLY___ 
      }
2022-11-13 03:37:45,267 INFO     ___FILE_ONLY___ 
    },
2022-11-13 03:37:45,267 INFO     ___FILE_ONLY___ 
    "platform_required": false,
2022-11-13 03:37:45,267 INFO     ___FILE_ONLY___ 
    "size": 1250758,
2022-11-13 03:37:45,267 INFO     ___FILE_ONLY___ 
    "state": {
2022-11-13 03:37:45,271 INFO     ___FILE_ONLY___ 
      "name": "Installed"
2022-11-13 03:37:45,271 INFO     ___FILE_ONLY___ 
    }
2022-11-13 03:37:45,271 INFO     ___FILE_ONLY___ 
  }
2022-11-13 03:37:45,272 INFO     ___FILE_ONLY___ ,
  {
2022-11-13 03:37:45,272 INFO     ___FILE_ONLY___ 
    "current_version_string": "1.27.0",
2022-11-13 03:37:45,272 INFO     ___FILE_ONLY___ 
    "id": "minikube",
2022-11-13 03:37:45,272 INFO     ___FILE_ONLY___ 
    "is_configuration": false,
2022-11-13 03:37:45,276 INFO     ___FILE_ONLY___ 
    "is_hidden": false,
2022-11-13 03:37:45,278 INFO     ___FILE_ONLY___ 
    "latest_version_string": "1.28.0",
2022-11-13 03:37:45,278 INFO     ___FILE_ONLY___ 
    "name": "Minikube",
2022-11-13 03:37:45,279 INFO     ___FILE_ONLY___ 
    "platform": {
2022-11-13 03:37:45,279 INFO     ___FILE_ONLY___ 
      "architecture": {
2022-11-13 03:37:45,280 INFO     ___FILE_ONLY___ 
        "file_name": "x86_64",
2022-11-13 03:37:45,305 INFO     ___FILE_ONLY___ 
        "id": "x86_64",
2022-11-13 03:37:45,308 INFO     ___FILE_ONLY___ 
        "name": "x86_64"
2022-11-13 03:37:45,309 INFO     ___FILE_ONLY___ 
      },
2022-11-13 03:37:45,309 INFO     ___FILE_ONLY___ 
      "operating_system": {
2022-11-13 03:37:45,309 INFO     ___FILE_ONLY___ 
        "file_name": "darwin",
2022-11-13 03:37:45,309 INFO     ___FILE_ONLY___ 
        "id": "MACOSX",
2022-11-13 03:37:45,309 INFO     ___FILE_ONLY___ 
        "name": "Mac OS X"
2022-11-13 03:37:45,310 INFO     ___FILE_ONLY___ 
      }
2022-11-13 03:37:45,310 INFO     ___FILE_ONLY___ 
    },
2022-11-13 03:37:45,310 INFO     ___FILE_ONLY___ 
    "platform_required": false,
2022-11-13 03:37:45,310 INFO     ___FILE_ONLY___ 
    "size": 32458072,
2022-11-13 03:37:45,311 INFO     ___FILE_ONLY___ 
    "state": {
2022-11-13 03:37:45,312 INFO     ___FILE_ONLY___ 
      "name": "Installed"
2022-11-13 03:37:45,312 INFO     ___FILE_ONLY___ 
    }
2022-11-13 03:37:45,313 INFO     ___FILE_ONLY___ 
  }
2022-11-13 03:37:45,318 INFO     ___FILE_ONLY___ ,
  {
2022-11-13 03:37:45,318 INFO     ___FILE_ONLY___ 
    "current_version_string": "1.39.3",
2022-11-13 03:37:45,318 INFO     ___FILE_ONLY___ 
    "id": "skaffold",
2022-11-13 03:37:45,318 INFO     ___FILE_ONLY___ 
    "is_configuration": false,
2022-11-13 03:37:45,318 INFO     ___FILE_ONLY___ 
    "is_hidden": false,
2022-11-13 03:37:45,319 INFO     ___FILE_ONLY___ 
    "latest_version_string": "1.39.3",
2022-11-13 03:37:45,319 INFO     ___FILE_ONLY___ 
    "name": "Skaffold",
2022-11-13 03:37:45,319 INFO     ___FILE_ONLY___ 
    "platform": {
2022-11-13 03:37:45,319 INFO     ___FILE_ONLY___ 
      "architecture": {
2022-11-13 03:37:45,319 INFO     ___FILE_ONLY___ 
        "file_name": "x86_64",
2022-11-13 03:37:45,319 INFO     ___FILE_ONLY___ 
        "id": "x86_64",
2022-11-13 03:37:45,319 INFO     ___FILE_ONLY___ 
        "name": "x86_64"
2022-11-13 03:37:45,319 INFO     ___FILE_ONLY___ 
      },
2022-11-13 03:37:45,319 INFO     ___FILE_ONLY___ 
      "operating_system": {
2022-11-13 03:37:45,320 INFO     ___FILE_ONLY___ 
        "file_name": "darwin",
2022-11-13 03:37:45,320 INFO     ___FILE_ONLY___ 
        "id": "MACOSX",
2022-11-13 03:37:45,320 INFO     ___FILE_ONLY___ 
        "name": "Mac OS X"
2022-11-13 03:37:45,320 INFO     ___FILE_ONLY___ 
      }
2022-11-13 03:37:45,320 INFO     ___FILE_ONLY___ 
    },
2022-11-13 03:37:45,323 INFO     ___FILE_ONLY___ 
    "platform_required": false,
2022-11-13 03:37:45,323 INFO     ___FILE_ONLY___ 
    "size": 22301645,
2022-11-13 03:37:45,324 INFO     ___FILE_ONLY___ 
    "state": {
2022-11-13 03:37:45,324 INFO     ___FILE_ONLY___ 
      "name": "Installed"
2022-11-13 03:37:45,324 INFO     ___FILE_ONLY___ 
    }
2022-11-13 03:37:45,324 INFO     ___FILE_ONLY___ 
  }
2022-11-13 03:37:45,325 INFO     ___FILE_ONLY___ ,
  {
2022-11-13 03:37:45,326 INFO     ___FILE_ONLY___ 
    "current_version_string": "2022.11.04",
2022-11-13 03:37:45,326 INFO     ___FILE_ONLY___ 
    "id": "alpha",
2022-11-13 03:37:45,326 INFO     ___FILE_ONLY___ 
    "is_configuration": false,
2022-11-13 03:37:45,326 INFO     ___FILE_ONLY___ 
    "is_hidden": false,
2022-11-13 03:37:45,326 INFO     ___FILE_ONLY___ 
    "latest_version_string": "2022.11.04",
2022-11-13 03:37:45,326 INFO     ___FILE_ONLY___ 
    "name": "gcloud Alpha Commands",
2022-11-13 03:37:45,327 INFO     ___FILE_ONLY___ 
    "platform": {
2022-11-13 03:37:45,327 INFO     ___FILE_ONLY___ 
      "architecture": {
2022-11-13 03:37:45,327 INFO     ___FILE_ONLY___ 
        "file_name": "x86_64",
2022-11-13 03:37:45,327 INFO     ___FILE_ONLY___ 
        "id": "x86_64",
2022-11-13 03:37:45,327 INFO     ___FILE_ONLY___ 
        "name": "x86_64"
2022-11-13 03:37:45,327 INFO     ___FILE_ONLY___ 
      },
2022-11-13 03:37:45,327 INFO     ___FILE_ONLY___ 
      "operating_system": {
2022-11-13 03:37:45,328 INFO     ___FILE_ONLY___ 
        "file_name": "darwin",
2022-11-13 03:37:45,328 INFO     ___FILE_ONLY___ 
        "id": "MACOSX",
2022-11-13 03:37:45,329 INFO     ___FILE_ONLY___ 
        "name": "Mac OS X"
2022-11-13 03:37:45,329 INFO     ___FILE_ONLY___ 
      }
2022-11-13 03:37:45,335 INFO     ___FILE_ONLY___ 
    },
2022-11-13 03:37:45,335 INFO     ___FILE_ONLY___ 
    "platform_required": false,
2022-11-13 03:37:45,336 INFO     ___FILE_ONLY___ 
    "size": 800,
2022-11-13 03:37:45,336 INFO     ___FILE_ONLY___ 
    "state": {
2022-11-13 03:37:45,336 INFO     ___FILE_ONLY___ 
      "name": "Installed"
2022-11-13 03:37:45,336 INFO     ___FILE_ONLY___ 
    }
2022-11-13 03:37:45,336 INFO     ___FILE_ONLY___ 
  }
2022-11-13 03:37:45,338 INFO     ___FILE_ONLY___ ,
  {
2022-11-13 03:37:45,338 INFO     ___FILE_ONLY___ 
    "current_version_string": "2022.11.04",
2022-11-13 03:37:45,339 INFO     ___FILE_ONLY___ 
    "id": "beta",
2022-11-13 03:37:45,339 INFO     ___FILE_ONLY___ 
    "is_configuration": false,
2022-11-13 03:37:45,341 INFO     ___FILE_ONLY___ 
    "is_hidden": false,
2022-11-13 03:37:45,341 INFO     ___FILE_ONLY___ 
    "latest_version_string": "2022.11.04",
2022-11-13 03:37:45,341 INFO     ___FILE_ONLY___ 
    "name": "gcloud Beta Commands",
2022-11-13 03:37:45,341 INFO     ___FILE_ONLY___ 
    "platform": {
2022-11-13 03:37:45,341 INFO     ___FILE_ONLY___ 
      "architecture": {
2022-11-13 03:37:45,341 INFO     ___FILE_ONLY___ 
        "file_name": "x86_64",
2022-11-13 03:37:45,341 INFO     ___FILE_ONLY___ 
        "id": "x86_64",
2022-11-13 03:37:45,341 INFO     ___FILE_ONLY___ 
        "name": "x86_64"
2022-11-13 03:37:45,342 INFO     ___FILE_ONLY___ 
      },
2022-11-13 03:37:45,342 INFO     ___FILE_ONLY___ 
      "operating_system": {
2022-11-13 03:37:45,342 INFO     ___FILE_ONLY___ 
        "file_name": "darwin",
2022-11-13 03:37:45,342 INFO     ___FILE_ONLY___ 
        "id": "MACOSX",
2022-11-13 03:37:45,342 INFO     ___FILE_ONLY___ 
        "name": "Mac OS X"
2022-11-13 03:37:45,342 INFO     ___FILE_ONLY___ 
      }
2022-11-13 03:37:45,342 INFO     ___FILE_ONLY___ 
    },
2022-11-13 03:37:45,342 INFO     ___FILE_ONLY___ 
    "platform_required": false,
2022-11-13 03:37:45,342 INFO     ___FILE_ONLY___ 
    "size": 797,
2022-11-13 03:37:45,343 INFO     ___FILE_ONLY___ 
    "state": {
2022-11-13 03:37:45,343 INFO     ___FILE_ONLY___ 
      "name": "Installed"
2022-11-13 03:37:45,343 INFO     ___FILE_ONLY___ 
    }
2022-11-13 03:37:45,343 INFO     ___FILE_ONLY___ 
  }
2022-11-13 03:37:45,344 INFO     ___FILE_ONLY___ ,
  {
2022-11-13 03:37:45,344 INFO     ___FILE_ONLY___ 
    "current_version_string": "0.4.0",
2022-11-13 03:37:45,344 INFO     ___FILE_ONLY___ 
    "id": "gke-gcloud-auth-plugin",
2022-11-13 03:37:45,344 INFO     ___FILE_ONLY___ 
    "is_configuration": false,
2022-11-13 03:37:45,345 INFO     ___FILE_ONLY___ 
    "is_hidden": false,
2022-11-13 03:37:45,345 INFO     ___FILE_ONLY___ 
    "latest_version_string": "0.4.0",
2022-11-13 03:37:45,345 INFO     ___FILE_ONLY___ 
    "name": "gke-gcloud-auth-plugin",
2022-11-13 03:37:45,345 INFO     ___FILE_ONLY___ 
    "platform": {
2022-11-13 03:37:45,345 INFO     ___FILE_ONLY___ 
      "architecture": {
2022-11-13 03:37:45,345 INFO     ___FILE_ONLY___ 
        "file_name": "x86_64",
2022-11-13 03:37:45,345 INFO     ___FILE_ONLY___ 
        "id": "x86_64",
2022-11-13 03:37:45,346 INFO     ___FILE_ONLY___ 
        "name": "x86_64"
2022-11-13 03:37:45,346 INFO     ___FILE_ONLY___ 
      },
2022-11-13 03:37:45,346 INFO     ___FILE_ONLY___ 
      "operating_system": {
2022-11-13 03:37:45,346 INFO     ___FILE_ONLY___ 
        "file_name": "darwin",
2022-11-13 03:37:45,346 INFO     ___FILE_ONLY___ 
        "id": "MACOSX",
2022-11-13 03:37:45,346 INFO     ___FILE_ONLY___ 
        "name": "Mac OS X"
2022-11-13 03:37:45,346 INFO     ___FILE_ONLY___ 
      }
2022-11-13 03:37:45,346 INFO     ___FILE_ONLY___ 
    },
2022-11-13 03:37:45,346 INFO     ___FILE_ONLY___ 
    "platform_required": false,
2022-11-13 03:37:45,346 INFO     ___FILE_ONLY___ 
    "size": 7825303,
2022-11-13 03:37:45,347 INFO     ___FILE_ONLY___ 
    "state": {
2022-11-13 03:37:45,347 INFO     ___FILE_ONLY___ 
      "name": "Installed"
2022-11-13 03:37:45,347 INFO     ___FILE_ONLY___ 
    }
2022-11-13 03:37:45,347 INFO     ___FILE_ONLY___ 
  }
2022-11-13 03:37:45,348 INFO     ___FILE_ONLY___ ,
  {
2022-11-13 03:37:45,349 INFO     ___FILE_ONLY___ 
    "current_version_string": "1.22.14",
2022-11-13 03:37:45,349 INFO     ___FILE_ONLY___ 
    "id": "kubectl",
2022-11-13 03:37:45,349 INFO     ___FILE_ONLY___ 
    "is_configuration": false,
2022-11-13 03:37:45,349 INFO     ___FILE_ONLY___ 
    "is_hidden": false,
2022-11-13 03:37:45,351 INFO     ___FILE_ONLY___ 
    "latest_version_string": "1.22.14",
2022-11-13 03:37:45,352 INFO     ___FILE_ONLY___ 
    "name": "kubectl",
2022-11-13 03:37:45,352 INFO     ___FILE_ONLY___ 
    "platform": {
2022-11-13 03:37:45,352 INFO     ___FILE_ONLY___ 
      "architecture": {
2022-11-13 03:37:45,352 INFO     ___FILE_ONLY___ 
        "file_name": "x86_64",
2022-11-13 03:37:45,352 INFO     ___FILE_ONLY___ 
        "id": "x86_64",
2022-11-13 03:37:45,352 INFO     ___FILE_ONLY___ 
        "name": "x86_64"
2022-11-13 03:37:45,352 INFO     ___FILE_ONLY___ 
      },
2022-11-13 03:37:45,352 INFO     ___FILE_ONLY___ 
      "operating_system": {
2022-11-13 03:37:45,353 INFO     ___FILE_ONLY___ 
        "file_name": "darwin",
2022-11-13 03:37:45,353 INFO     ___FILE_ONLY___ 
        "id": "MACOSX",
2022-11-13 03:37:45,353 INFO     ___FILE_ONLY___ 
        "name": "Mac OS X"
2022-11-13 03:37:45,353 INFO     ___FILE_ONLY___ 
      }
2022-11-13 03:37:45,353 INFO     ___FILE_ONLY___ 
    },
2022-11-13 03:37:45,353 INFO     ___FILE_ONLY___ 
    "platform_required": true,
2022-11-13 03:37:45,353 INFO     ___FILE_ONLY___ 
    "size": 48204,
2022-11-13 03:37:45,353 INFO     ___FILE_ONLY___ 
    "state": {
2022-11-13 03:37:45,354 INFO     ___FILE_ONLY___ 
      "name": "Installed"
2022-11-13 03:37:45,354 INFO     ___FILE_ONLY___ 
    }
2022-11-13 03:37:45,354 INFO     ___FILE_ONLY___ 
  }
2022-11-13 03:37:45,354 INFO     ___FILE_ONLY___ 
]

