2022-11-13 23:32:12,917 DEBUG    root            Loaded Command Group: ['gcloud', 'components']
2022-11-13 23:32:12,924 DEBUG    root            Loaded Command Group: ['gcloud', 'components', 'list']
2022-11-13 23:32:12,930 DEBUG    root            Running [gcloud.components.list] with arguments: [--format: "json", --quiet: "True", --verbosity: "warning"]
2022-11-13 23:32:12,967 DEBUG    urllib3.connectionpool Starting new HTTPS connection (1): dl.google.com:443
2022-11-13 23:32:13,081 DEBUG    urllib3.connectionpool https://dl.google.com:443 "GET /dl/cloudsdk/channels/rapid/components-2.json HTTP/1.1" 200 203446
2022-11-13 23:32:13,311 INFO     ___FILE_ONLY___ 
Your current Google Cloud CLI version is: 409.0.0

2022-11-13 23:32:13,312 INFO     ___FILE_ONLY___ The latest available version is: 409.0.0

2022-11-13 23:32:13,312 INFO     ___FILE_ONLY___ 

2022-11-13 23:32:13,314 INFO     root            Display format: "table[box,title="Components"](state.name:label=Status,name:label=Name,id:label=ID,size.size(zero="",min=1048576):label=Size:align=right) json"
2022-11-13 23:32:13,315 INFO     ___FILE_ONLY___ [
  {
2022-11-13 23:32:13,315 INFO     ___FILE_ONLY___ 
    "current_version_string": null,
2022-11-13 23:32:13,316 INFO     ___FILE_ONLY___ 
    "id": "app-engine-go",
2022-11-13 23:32:13,316 INFO     ___FILE_ONLY___ 
    "is_configuration": false,
2022-11-13 23:32:13,316 INFO     ___FILE_ONLY___ 
    "is_hidden": false,
2022-11-13 23:32:13,316 INFO     ___FILE_ONLY___ 
    "latest_version_string": "1.9.72",
2022-11-13 23:32:13,316 INFO     ___FILE_ONLY___ 
    "name": "App Engine Go Extensions",
2022-11-13 23:32:13,316 INFO     ___FILE_ONLY___ 
    "platform": {
2022-11-13 23:32:13,316 INFO     ___FILE_ONLY___ 
      "architecture": {
2022-11-13 23:32:13,316 INFO     ___FILE_ONLY___ 
        "file_name": "x86_64",
2022-11-13 23:32:13,316 INFO     ___FILE_ONLY___ 
        "id": "x86_64",
2022-11-13 23:32:13,316 INFO     ___FILE_ONLY___ 
        "name": "x86_64"
2022-11-13 23:32:13,317 INFO     ___FILE_ONLY___ 
      },
2022-11-13 23:32:13,317 INFO     ___FILE_ONLY___ 
      "operating_system": {
2022-11-13 23:32:13,317 INFO     ___FILE_ONLY___ 
        "file_name": "darwin",
2022-11-13 23:32:13,317 INFO     ___FILE_ONLY___ 
        "id": "MACOSX",
2022-11-13 23:32:13,318 INFO     ___FILE_ONLY___ 
        "name": "Mac OS X"
2022-11-13 23:32:13,318 INFO     ___FILE_ONLY___ 
      }
2022-11-13 23:32:13,318 INFO     ___FILE_ONLY___ 
    },
2022-11-13 23:32:13,318 INFO     ___FILE_ONLY___ 
    "platform_required": false,
2022-11-13 23:32:13,318 INFO     ___FILE_ONLY___ 
    "size": 4320254,
2022-11-13 23:32:13,318 INFO     ___FILE_ONLY___ 
    "state": {
2022-11-13 23:32:13,318 INFO     ___FILE_ONLY___ 
      "name": "Not Installed"
2022-11-13 23:32:13,318 INFO     ___FILE_ONLY___ 
    }
2022-11-13 23:32:13,319 INFO     ___FILE_ONLY___ 
  }
2022-11-13 23:32:13,319 INFO     ___FILE_ONLY___ ,
  {
2022-11-13 23:32:13,319 INFO     ___FILE_ONLY___ 
    "current_version_string": null,
2022-11-13 23:32:13,320 INFO     ___FILE_ONLY___ 
    "id": "appctl",
2022-11-13 23:32:13,320 INFO     ___FILE_ONLY___ 
    "is_configuration": false,
2022-11-13 23:32:13,320 INFO     ___FILE_ONLY___ 
    "is_hidden": false,
2022-11-13 23:32:13,320 INFO     ___FILE_ONLY___ 
    "latest_version_string": "0.1.12",
2022-11-13 23:32:13,320 INFO     ___FILE_ONLY___ 
    "name": "Appctl",
2022-11-13 23:32:13,320 INFO     ___FILE_ONLY___ 
    "platform": {
2022-11-13 23:32:13,320 INFO     ___FILE_ONLY___ 
      "architecture": {
2022-11-13 23:32:13,320 INFO     ___FILE_ONLY___ 
        "file_name": "x86_64",
2022-11-13 23:32:13,320 INFO     ___FILE_ONLY___ 
        "id": "x86_64",
2022-11-13 23:32:13,321 INFO     ___FILE_ONLY___ 
        "name": "x86_64"
2022-11-13 23:32:13,321 INFO     ___FILE_ONLY___ 
      },
2022-11-13 23:32:13,321 INFO     ___FILE_ONLY___ 
      "operating_system": {
2022-11-13 23:32:13,321 INFO     ___FILE_ONLY___ 
        "file_name": "darwin",
2022-11-13 23:32:13,321 INFO     ___FILE_ONLY___ 
        "id": "MACOSX",
2022-11-13 23:32:13,321 INFO     ___FILE_ONLY___ 
        "name": "Mac OS X"
2022-11-13 23:32:13,321 INFO     ___FILE_ONLY___ 
      }
2022-11-13 23:32:13,321 INFO     ___FILE_ONLY___ 
    },
2022-11-13 23:32:13,322 INFO     ___FILE_ONLY___ 
    "platform_required": false,
2022-11-13 23:32:13,322 INFO     ___FILE_ONLY___ 
    "size": 19381598,
2022-11-13 23:32:13,322 INFO     ___FILE_ONLY___ 
    "state": {
2022-11-13 23:32:13,322 INFO     ___FILE_ONLY___ 
      "name": "Not Installed"
2022-11-13 23:32:13,322 INFO     ___FILE_ONLY___ 
    }
2022-11-13 23:32:13,322 INFO     ___FILE_ONLY___ 
  }
2022-11-13 23:32:13,323 INFO     ___FILE_ONLY___ ,
  {
2022-11-13 23:32:13,323 INFO     ___FILE_ONLY___ 
    "current_version_string": null,
2022-11-13 23:32:13,323 INFO     ___FILE_ONLY___ 
    "id": "package-go-module",
2022-11-13 23:32:13,323 INFO     ___FILE_ONLY___ 
    "is_configuration": false,
2022-11-13 23:32:13,324 INFO     ___FILE_ONLY___ 
    "is_hidden": false,
2022-11-13 23:32:13,324 INFO     ___FILE_ONLY___ 
    "latest_version_string": "0.3.0",
2022-11-13 23:32:13,324 INFO     ___FILE_ONLY___ 
    "name": "Artifact Registry Go Module Package Helper",
2022-11-13 23:32:13,325 INFO     ___FILE_ONLY___ 
    "platform": {
2022-11-13 23:32:13,326 INFO     ___FILE_ONLY___ 
      "architecture": {
2022-11-13 23:32:13,326 INFO     ___FILE_ONLY___ 
        "file_name": "x86_64",
2022-11-13 23:32:13,327 INFO     ___FILE_ONLY___ 
        "id": "x86_64",
2022-11-13 23:32:13,327 INFO     ___FILE_ONLY___ 
        "name": "x86_64"
2022-11-13 23:32:13,327 INFO     ___FILE_ONLY___ 
      },
2022-11-13 23:32:13,327 INFO     ___FILE_ONLY___ 
      "operating_system": {
2022-11-13 23:32:13,327 INFO     ___FILE_ONLY___ 
        "file_name": "darwin",
2022-11-13 23:32:13,327 INFO     ___FILE_ONLY___ 
        "id": "MACOSX",
2022-11-13 23:32:13,327 INFO     ___FILE_ONLY___ 
        "name": "Mac OS X"
2022-11-13 23:32:13,327 INFO     ___FILE_ONLY___ 
      }
2022-11-13 23:32:13,327 INFO     ___FILE_ONLY___ 
    },
2022-11-13 23:32:13,327 INFO     ___FILE_ONLY___ 
    "platform_required": false,
2022-11-13 23:32:13,328 INFO     ___FILE_ONLY___ 
    "size": 840902,
2022-11-13 23:32:13,328 INFO     ___FILE_ONLY___ 
    "state": {
2022-11-13 23:32:13,328 INFO     ___FILE_ONLY___ 
      "name": "Not Installed"
2022-11-13 23:32:13,328 INFO     ___FILE_ONLY___ 
    }
2022-11-13 23:32:13,328 INFO     ___FILE_ONLY___ 
  }
2022-11-13 23:32:13,329 INFO     ___FILE_ONLY___ ,
  {
2022-11-13 23:32:13,329 INFO     ___FILE_ONLY___ 
    "current_version_string": null,
2022-11-13 23:32:13,329 INFO     ___FILE_ONLY___ 
    "id": "cbt",
2022-11-13 23:32:13,329 INFO     ___FILE_ONLY___ 
    "is_configuration": false,
2022-11-13 23:32:13,329 INFO     ___FILE_ONLY___ 
    "is_hidden": false,
2022-11-13 23:32:13,329 INFO     ___FILE_ONLY___ 
    "latest_version_string": "0.12.1",
2022-11-13 23:32:13,329 INFO     ___FILE_ONLY___ 
    "name": "Cloud Bigtable Command Line Tool",
2022-11-13 23:32:13,329 INFO     ___FILE_ONLY___ 
    "platform": {
2022-11-13 23:32:13,330 INFO     ___FILE_ONLY___ 
      "architecture": {
2022-11-13 23:32:13,330 INFO     ___FILE_ONLY___ 
        "file_name": "x86_64",
2022-11-13 23:32:13,330 INFO     ___FILE_ONLY___ 
        "id": "x86_64",
2022-11-13 23:32:13,330 INFO     ___FILE_ONLY___ 
        "name": "x86_64"
2022-11-13 23:32:13,330 INFO     ___FILE_ONLY___ 
      },
2022-11-13 23:32:13,330 INFO     ___FILE_ONLY___ 
      "operating_system": {
2022-11-13 23:32:13,330 INFO     ___FILE_ONLY___ 
        "file_name": "darwin",
2022-11-13 23:32:13,330 INFO     ___FILE_ONLY___ 
        "id": "MACOSX",
2022-11-13 23:32:13,330 INFO     ___FILE_ONLY___ 
        "name": "Mac OS X"
2022-11-13 23:32:13,330 INFO     ___FILE_ONLY___ 
      }
2022-11-13 23:32:13,330 INFO     ___FILE_ONLY___ 
    },
2022-11-13 23:32:13,331 INFO     ___FILE_ONLY___ 
    "platform_required": false,
2022-11-13 23:32:13,331 INFO     ___FILE_ONLY___ 
    "size": 10479929,
2022-11-13 23:32:13,331 INFO     ___FILE_ONLY___ 
    "state": {
2022-11-13 23:32:13,331 INFO     ___FILE_ONLY___ 
      "name": "Not Installed"
2022-11-13 23:32:13,331 INFO     ___FILE_ONLY___ 
    }
2022-11-13 23:32:13,331 INFO     ___FILE_ONLY___ 
  }
2022-11-13 23:32:13,332 INFO     ___FILE_ONLY___ ,
  {
2022-11-13 23:32:13,332 INFO     ___FILE_ONLY___ 
    "current_version_string": null,
2022-11-13 23:32:13,332 INFO     ___FILE_ONLY___ 
    "id": "bigtable",
2022-11-13 23:32:13,332 INFO     ___FILE_ONLY___ 
    "is_configuration": false,
2022-11-13 23:32:13,332 INFO     ___FILE_ONLY___ 
    "is_hidden": false,
2022-11-13 23:32:13,332 INFO     ___FILE_ONLY___ 
    "latest_version_string": "",
2022-11-13 23:32:13,332 INFO     ___FILE_ONLY___ 
    "name": "Cloud Bigtable Emulator",
2022-11-13 23:32:13,333 INFO     ___FILE_ONLY___ 
    "platform": {
2022-11-13 23:32:13,333 INFO     ___FILE_ONLY___ 
      "architecture": {
2022-11-13 23:32:13,333 INFO     ___FILE_ONLY___ 
        "file_name": "x86_64",
2022-11-13 23:32:13,333 INFO     ___FILE_ONLY___ 
        "id": "x86_64",
2022-11-13 23:32:13,333 INFO     ___FILE_ONLY___ 
        "name": "x86_64"
2022-11-13 23:32:13,333 INFO     ___FILE_ONLY___ 
      },
2022-11-13 23:32:13,333 INFO     ___FILE_ONLY___ 
      "operating_system": {
2022-11-13 23:32:13,334 INFO     ___FILE_ONLY___ 
        "file_name": "darwin",
2022-11-13 23:32:13,334 INFO     ___FILE_ONLY___ 
        "id": "MACOSX",
2022-11-13 23:32:13,334 INFO     ___FILE_ONLY___ 
        "name": "Mac OS X"
2022-11-13 23:32:13,334 INFO     ___FILE_ONLY___ 
      }
2022-11-13 23:32:13,335 INFO     ___FILE_ONLY___ 
    },
2022-11-13 23:32:13,335 INFO     ___FILE_ONLY___ 
    "platform_required": false,
2022-11-13 23:32:13,335 INFO     ___FILE_ONLY___ 
    "size": 6842480,
2022-11-13 23:32:13,335 INFO     ___FILE_ONLY___ 
    "state": {
2022-11-13 23:32:13,335 INFO     ___FILE_ONLY___ 
      "name": "Not Installed"
2022-11-13 23:32:13,335 INFO     ___FILE_ONLY___ 
    }
2022-11-13 23:32:13,335 INFO     ___FILE_ONLY___ 
  }
2022-11-13 23:32:13,336 INFO     ___FILE_ONLY___ ,
  {
2022-11-13 23:32:13,337 INFO     ___FILE_ONLY___ 
    "current_version_string": null,
2022-11-13 23:32:13,337 INFO     ___FILE_ONLY___ 
    "id": "datalab",
2022-11-13 23:32:13,337 INFO     ___FILE_ONLY___ 
    "is_configuration": false,
2022-11-13 23:32:13,337 INFO     ___FILE_ONLY___ 
    "is_hidden": false,
2022-11-13 23:32:13,337 INFO     ___FILE_ONLY___ 
    "latest_version_string": "20190610",
2022-11-13 23:32:13,337 INFO     ___FILE_ONLY___ 
    "name": "Cloud Datalab Command Line Tool",
2022-11-13 23:32:13,338 INFO     ___FILE_ONLY___ 
    "platform": {
2022-11-13 23:32:13,338 INFO     ___FILE_ONLY___ 
      "architecture": {
2022-11-13 23:32:13,338 INFO     ___FILE_ONLY___ 
        "file_name": "x86_64",
2022-11-13 23:32:13,338 INFO     ___FILE_ONLY___ 
        "id": "x86_64",
2022-11-13 23:32:13,338 INFO     ___FILE_ONLY___ 
        "name": "x86_64"
2022-11-13 23:32:13,338 INFO     ___FILE_ONLY___ 
      },
2022-11-13 23:32:13,338 INFO     ___FILE_ONLY___ 
      "operating_system": {
2022-11-13 23:32:13,339 INFO     ___FILE_ONLY___ 
        "file_name": "darwin",
2022-11-13 23:32:13,339 INFO     ___FILE_ONLY___ 
        "id": "MACOSX",
2022-11-13 23:32:13,339 INFO     ___FILE_ONLY___ 
        "name": "Mac OS X"
2022-11-13 23:32:13,339 INFO     ___FILE_ONLY___ 
      }
2022-11-13 23:32:13,339 INFO     ___FILE_ONLY___ 
    },
2022-11-13 23:32:13,339 INFO     ___FILE_ONLY___ 
    "platform_required": false,
2022-11-13 23:32:13,339 INFO     ___FILE_ONLY___ 
    "size": 74849,
2022-11-13 23:32:13,339 INFO     ___FILE_ONLY___ 
    "state": {
2022-11-13 23:32:13,339 INFO     ___FILE_ONLY___ 
      "name": "Not Installed"
2022-11-13 23:32:13,339 INFO     ___FILE_ONLY___ 
    }
2022-11-13 23:32:13,340 INFO     ___FILE_ONLY___ 
  }
2022-11-13 23:32:13,340 INFO     ___FILE_ONLY___ ,
  {
2022-11-13 23:32:13,341 INFO     ___FILE_ONLY___ 
    "current_version_string": null,
2022-11-13 23:32:13,342 INFO     ___FILE_ONLY___ 
    "id": "cloud-datastore-emulator",
2022-11-13 23:32:13,342 INFO     ___FILE_ONLY___ 
    "is_configuration": false,
2022-11-13 23:32:13,342 INFO     ___FILE_ONLY___ 
    "is_hidden": false,
2022-11-13 23:32:13,342 INFO     ___FILE_ONLY___ 
    "latest_version_string": "2.3.0",
2022-11-13 23:32:13,343 INFO     ___FILE_ONLY___ 
    "name": "Cloud Datastore Emulator",
2022-11-13 23:32:13,343 INFO     ___FILE_ONLY___ 
    "platform": {
2022-11-13 23:32:13,343 INFO     ___FILE_ONLY___ 
      "architecture": {
2022-11-13 23:32:13,343 INFO     ___FILE_ONLY___ 
        "file_name": "x86_64",
2022-11-13 23:32:13,343 INFO     ___FILE_ONLY___ 
        "id": "x86_64",
2022-11-13 23:32:13,343 INFO     ___FILE_ONLY___ 
        "name": "x86_64"
2022-11-13 23:32:13,343 INFO     ___FILE_ONLY___ 
      },
2022-11-13 23:32:13,343 INFO     ___FILE_ONLY___ 
      "operating_system": {
2022-11-13 23:32:13,344 INFO     ___FILE_ONLY___ 
        "file_name": "darwin",
2022-11-13 23:32:13,344 INFO     ___FILE_ONLY___ 
        "id": "MACOSX",
2022-11-13 23:32:13,344 INFO     ___FILE_ONLY___ 
        "name": "Mac OS X"
2022-11-13 23:32:13,344 INFO     ___FILE_ONLY___ 
      }
2022-11-13 23:32:13,344 INFO     ___FILE_ONLY___ 
    },
2022-11-13 23:32:13,344 INFO     ___FILE_ONLY___ 
    "platform_required": false,
2022-11-13 23:32:13,345 INFO     ___FILE_ONLY___ 
    "size": 36755687,
2022-11-13 23:32:13,345 INFO     ___FILE_ONLY___ 
    "state": {
2022-11-13 23:32:13,345 INFO     ___FILE_ONLY___ 
      "name": "Not Installed"
2022-11-13 23:32:13,345 INFO     ___FILE_ONLY___ 
    }
2022-11-13 23:32:13,345 INFO     ___FILE_ONLY___ 
  }
2022-11-13 23:32:13,346 INFO     ___FILE_ONLY___ ,
  {
2022-11-13 23:32:13,346 INFO     ___FILE_ONLY___ 
    "current_version_string": null,
2022-11-13 23:32:13,346 INFO     ___FILE_ONLY___ 
    "id": "cloud-firestore-emulator",
2022-11-13 23:32:13,346 INFO     ___FILE_ONLY___ 
    "is_configuration": false,
2022-11-13 23:32:13,346 INFO     ___FILE_ONLY___ 
    "is_hidden": false,
2022-11-13 23:32:13,347 INFO     ___FILE_ONLY___ 
    "latest_version_string": "1.15.1",
2022-11-13 23:32:13,347 INFO     ___FILE_ONLY___ 
    "name": "Cloud Firestore Emulator",
2022-11-13 23:32:13,347 INFO     ___FILE_ONLY___ 
    "platform": {
2022-11-13 23:32:13,347 INFO     ___FILE_ONLY___ 
      "architecture": {
2022-11-13 23:32:13,347 INFO     ___FILE_ONLY___ 
        "file_name": "x86_64",
2022-11-13 23:32:13,347 INFO     ___FILE_ONLY___ 
        "id": "x86_64",
2022-11-13 23:32:13,347 INFO     ___FILE_ONLY___ 
        "name": "x86_64"
2022-11-13 23:32:13,347 INFO     ___FILE_ONLY___ 
      },
2022-11-13 23:32:13,347 INFO     ___FILE_ONLY___ 
      "operating_system": {
2022-11-13 23:32:13,347 INFO     ___FILE_ONLY___ 
        "file_name": "darwin",
2022-11-13 23:32:13,348 INFO     ___FILE_ONLY___ 
        "id": "MACOSX",
2022-11-13 23:32:13,348 INFO     ___FILE_ONLY___ 
        "name": "Mac OS X"
2022-11-13 23:32:13,348 INFO     ___FILE_ONLY___ 
      }
2022-11-13 23:32:13,348 INFO     ___FILE_ONLY___ 
    },
2022-11-13 23:32:13,348 INFO     ___FILE_ONLY___ 
    "platform_required": false,
2022-11-13 23:32:13,348 INFO     ___FILE_ONLY___ 
    "size": 42101953,
2022-11-13 23:32:13,348 INFO     ___FILE_ONLY___ 
    "state": {
2022-11-13 23:32:13,349 INFO     ___FILE_ONLY___ 
      "name": "Not Installed"
2022-11-13 23:32:13,349 INFO     ___FILE_ONLY___ 
    }
2022-11-13 23:32:13,349 INFO     ___FILE_ONLY___ 
  }
2022-11-13 23:32:13,350 INFO     ___FILE_ONLY___ ,
  {
2022-11-13 23:32:13,350 INFO     ___FILE_ONLY___ 
    "current_version_string": null,
2022-11-13 23:32:13,350 INFO     ___FILE_ONLY___ 
    "id": "pubsub-emulator",
2022-11-13 23:32:13,350 INFO     ___FILE_ONLY___ 
    "is_configuration": false,
2022-11-13 23:32:13,350 INFO     ___FILE_ONLY___ 
    "is_hidden": false,
2022-11-13 23:32:13,351 INFO     ___FILE_ONLY___ 
    "latest_version_string": "0.7.1",
2022-11-13 23:32:13,351 INFO     ___FILE_ONLY___ 
    "name": "Cloud Pub/Sub Emulator",
2022-11-13 23:32:13,351 INFO     ___FILE_ONLY___ 
    "platform": {
2022-11-13 23:32:13,351 INFO     ___FILE_ONLY___ 
      "architecture": {
2022-11-13 23:32:13,351 INFO     ___FILE_ONLY___ 
        "file_name": "x86_64",
2022-11-13 23:32:13,351 INFO     ___FILE_ONLY___ 
        "id": "x86_64",
2022-11-13 23:32:13,351 INFO     ___FILE_ONLY___ 
        "name": "x86_64"
2022-11-13 23:32:13,351 INFO     ___FILE_ONLY___ 
      },
2022-11-13 23:32:13,351 INFO     ___FILE_ONLY___ 
      "operating_system": {
2022-11-13 23:32:13,352 INFO     ___FILE_ONLY___ 
        "file_name": "darwin",
2022-11-13 23:32:13,352 INFO     ___FILE_ONLY___ 
        "id": "MACOSX",
2022-11-13 23:32:13,352 INFO     ___FILE_ONLY___ 
        "name": "Mac OS X"
2022-11-13 23:32:13,352 INFO     ___FILE_ONLY___ 
      }
2022-11-13 23:32:13,352 INFO     ___FILE_ONLY___ 
    },
2022-11-13 23:32:13,352 INFO     ___FILE_ONLY___ 
    "platform_required": false,
2022-11-13 23:32:13,352 INFO     ___FILE_ONLY___ 
    "size": 65403474,
2022-11-13 23:32:13,352 INFO     ___FILE_ONLY___ 
    "state": {
2022-11-13 23:32:13,352 INFO     ___FILE_ONLY___ 
      "name": "Not Installed"
2022-11-13 23:32:13,352 INFO     ___FILE_ONLY___ 
    }
2022-11-13 23:32:13,353 INFO     ___FILE_ONLY___ 
  }
2022-11-13 23:32:13,353 INFO     ___FILE_ONLY___ ,
  {
2022-11-13 23:32:13,353 INFO     ___FILE_ONLY___ 
    "current_version_string": null,
2022-11-13 23:32:13,354 INFO     ___FILE_ONLY___ 
    "id": "cloud-run-proxy",
2022-11-13 23:32:13,354 INFO     ___FILE_ONLY___ 
    "is_configuration": false,
2022-11-13 23:32:13,354 INFO     ___FILE_ONLY___ 
    "is_hidden": false,
2022-11-13 23:32:13,354 INFO     ___FILE_ONLY___ 
    "latest_version_string": "0.3.0",
2022-11-13 23:32:13,354 INFO     ___FILE_ONLY___ 
    "name": "Cloud Run Proxy",
2022-11-13 23:32:13,354 INFO     ___FILE_ONLY___ 
    "platform": {
2022-11-13 23:32:13,354 INFO     ___FILE_ONLY___ 
      "architecture": {
2022-11-13 23:32:13,354 INFO     ___FILE_ONLY___ 
        "file_name": "x86_64",
2022-11-13 23:32:13,354 INFO     ___FILE_ONLY___ 
        "id": "x86_64",
2022-11-13 23:32:13,354 INFO     ___FILE_ONLY___ 
        "name": "x86_64"
2022-11-13 23:32:13,355 INFO     ___FILE_ONLY___ 
      },
2022-11-13 23:32:13,355 INFO     ___FILE_ONLY___ 
      "operating_system": {
2022-11-13 23:32:13,355 INFO     ___FILE_ONLY___ 
        "file_name": "darwin",
2022-11-13 23:32:13,355 INFO     ___FILE_ONLY___ 
        "id": "MACOSX",
2022-11-13 23:32:13,355 INFO     ___FILE_ONLY___ 
        "name": "Mac OS X"
2022-11-13 23:32:13,355 INFO     ___FILE_ONLY___ 
      }
2022-11-13 23:32:13,355 INFO     ___FILE_ONLY___ 
    },
2022-11-13 23:32:13,355 INFO     ___FILE_ONLY___ 
    "platform_required": false,
2022-11-13 23:32:13,355 INFO     ___FILE_ONLY___ 
    "size": 8024792,
2022-11-13 23:32:13,356 INFO     ___FILE_ONLY___ 
    "state": {
2022-11-13 23:32:13,356 INFO     ___FILE_ONLY___ 
      "name": "Not Installed"
2022-11-13 23:32:13,356 INFO     ___FILE_ONLY___ 
    }
2022-11-13 23:32:13,356 INFO     ___FILE_ONLY___ 
  }
2022-11-13 23:32:13,357 INFO     ___FILE_ONLY___ ,
  {
2022-11-13 23:32:13,357 INFO     ___FILE_ONLY___ 
    "current_version_string": null,
2022-11-13 23:32:13,357 INFO     ___FILE_ONLY___ 
    "id": "cloud_sql_proxy",
2022-11-13 23:32:13,357 INFO     ___FILE_ONLY___ 
    "is_configuration": false,
2022-11-13 23:32:13,357 INFO     ___FILE_ONLY___ 
    "is_hidden": false,
2022-11-13 23:32:13,357 INFO     ___FILE_ONLY___ 
    "latest_version_string": "1.27.0",
2022-11-13 23:32:13,357 INFO     ___FILE_ONLY___ 
    "name": "Cloud SQL Proxy",
2022-11-13 23:32:13,357 INFO     ___FILE_ONLY___ 
    "platform": {
2022-11-13 23:32:13,357 INFO     ___FILE_ONLY___ 
      "architecture": {
2022-11-13 23:32:13,358 INFO     ___FILE_ONLY___ 
        "file_name": "x86_64",
2022-11-13 23:32:13,358 INFO     ___FILE_ONLY___ 
        "id": "x86_64",
2022-11-13 23:32:13,358 INFO     ___FILE_ONLY___ 
        "name": "x86_64"
2022-11-13 23:32:13,358 INFO     ___FILE_ONLY___ 
      },
2022-11-13 23:32:13,358 INFO     ___FILE_ONLY___ 
      "operating_system": {
2022-11-13 23:32:13,358 INFO     ___FILE_ONLY___ 
        "file_name": "darwin",
2022-11-13 23:32:13,358 INFO     ___FILE_ONLY___ 
        "id": "MACOSX",
2022-11-13 23:32:13,358 INFO     ___FILE_ONLY___ 
        "name": "Mac OS X"
2022-11-13 23:32:13,358 INFO     ___FILE_ONLY___ 
      }
2022-11-13 23:32:13,359 INFO     ___FILE_ONLY___ 
    },
2022-11-13 23:32:13,359 INFO     ___FILE_ONLY___ 
    "platform_required": false,
2022-11-13 23:32:13,359 INFO     ___FILE_ONLY___ 
    "size": 7986647,
2022-11-13 23:32:13,359 INFO     ___FILE_ONLY___ 
    "state": {
2022-11-13 23:32:13,359 INFO     ___FILE_ONLY___ 
      "name": "Not Installed"
2022-11-13 23:32:13,359 INFO     ___FILE_ONLY___ 
    }
2022-11-13 23:32:13,359 INFO     ___FILE_ONLY___ 
  }
2022-11-13 23:32:13,360 INFO     ___FILE_ONLY___ ,
  {
2022-11-13 23:32:13,360 INFO     ___FILE_ONLY___ 
    "current_version_string": null,
2022-11-13 23:32:13,360 INFO     ___FILE_ONLY___ 
    "id": "docker-credential-gcr",
2022-11-13 23:32:13,361 INFO     ___FILE_ONLY___ 
    "is_configuration": false,
2022-11-13 23:32:13,361 INFO     ___FILE_ONLY___ 
    "is_hidden": false,
2022-11-13 23:32:13,361 INFO     ___FILE_ONLY___ 
    "latest_version_string": "1.5.0",
2022-11-13 23:32:13,361 INFO     ___FILE_ONLY___ 
    "name": "Google Container Registry's Docker credential helper",
2022-11-13 23:32:13,361 INFO     ___FILE_ONLY___ 
    "platform": {
2022-11-13 23:32:13,361 INFO     ___FILE_ONLY___ 
      "architecture": {
2022-11-13 23:32:13,361 INFO     ___FILE_ONLY___ 
        "file_name": "x86_64",
2022-11-13 23:32:13,361 INFO     ___FILE_ONLY___ 
        "id": "x86_64",
2022-11-13 23:32:13,361 INFO     ___FILE_ONLY___ 
        "name": "x86_64"
2022-11-13 23:32:13,362 INFO     ___FILE_ONLY___ 
      },
2022-11-13 23:32:13,362 INFO     ___FILE_ONLY___ 
      "operating_system": {
2022-11-13 23:32:13,362 INFO     ___FILE_ONLY___ 
        "file_name": "darwin",
2022-11-13 23:32:13,362 INFO     ___FILE_ONLY___ 
        "id": "MACOSX",
2022-11-13 23:32:13,362 INFO     ___FILE_ONLY___ 
        "name": "Mac OS X"
2022-11-13 23:32:13,362 INFO     ___FILE_ONLY___ 
      }
2022-11-13 23:32:13,362 INFO     ___FILE_ONLY___ 
    },
2022-11-13 23:32:13,362 INFO     ___FILE_ONLY___ 
    "platform_required": false,
2022-11-13 23:32:13,362 INFO     ___FILE_ONLY___ 
    "size": 2266831,
2022-11-13 23:32:13,363 INFO     ___FILE_ONLY___ 
    "state": {
2022-11-13 23:32:13,363 INFO     ___FILE_ONLY___ 
      "name": "Not Installed"
2022-11-13 23:32:13,363 INFO     ___FILE_ONLY___ 
    }
2022-11-13 23:32:13,363 INFO     ___FILE_ONLY___ 
  }
2022-11-13 23:32:13,364 INFO     ___FILE_ONLY___ ,
  {
2022-11-13 23:32:13,364 INFO     ___FILE_ONLY___ 
    "current_version_string": null,
2022-11-13 23:32:13,364 INFO     ___FILE_ONLY___ 
    "id": "kustomize",
2022-11-13 23:32:13,364 INFO     ___FILE_ONLY___ 
    "is_configuration": false,
2022-11-13 23:32:13,364 INFO     ___FILE_ONLY___ 
    "is_hidden": false,
2022-11-13 23:32:13,364 INFO     ___FILE_ONLY___ 
    "latest_version_string": "4.4.0",
2022-11-13 23:32:13,364 INFO     ___FILE_ONLY___ 
    "name": "Kustomize",
2022-11-13 23:32:13,365 INFO     ___FILE_ONLY___ 
    "platform": {
2022-11-13 23:32:13,365 INFO     ___FILE_ONLY___ 
      "architecture": {
2022-11-13 23:32:13,365 INFO     ___FILE_ONLY___ 
        "file_name": "x86_64",
2022-11-13 23:32:13,365 INFO     ___FILE_ONLY___ 
        "id": "x86_64",
2022-11-13 23:32:13,365 INFO     ___FILE_ONLY___ 
        "name": "x86_64"
2022-11-13 23:32:13,365 INFO     ___FILE_ONLY___ 
      },
2022-11-13 23:32:13,365 INFO     ___FILE_ONLY___ 
      "operating_system": {
2022-11-13 23:32:13,366 INFO     ___FILE_ONLY___ 
        "file_name": "darwin",
2022-11-13 23:32:13,366 INFO     ___FILE_ONLY___ 
        "id": "MACOSX",
2022-11-13 23:32:13,366 INFO     ___FILE_ONLY___ 
        "name": "Mac OS X"
2022-11-13 23:32:13,366 INFO     ___FILE_ONLY___ 
      }
2022-11-13 23:32:13,366 INFO     ___FILE_ONLY___ 
    },
2022-11-13 23:32:13,366 INFO     ___FILE_ONLY___ 
    "platform_required": false,
2022-11-13 23:32:13,366 INFO     ___FILE_ONLY___ 
    "size": 7961940,
2022-11-13 23:32:13,366 INFO     ___FILE_ONLY___ 
    "state": {
2022-11-13 23:32:13,367 INFO     ___FILE_ONLY___ 
      "name": "Not Installed"
2022-11-13 23:32:13,367 INFO     ___FILE_ONLY___ 
    }
2022-11-13 23:32:13,367 INFO     ___FILE_ONLY___ 
  }
2022-11-13 23:32:13,369 INFO     ___FILE_ONLY___ ,
  {
2022-11-13 23:32:13,369 INFO     ___FILE_ONLY___ 
    "current_version_string": null,
2022-11-13 23:32:13,369 INFO     ___FILE_ONLY___ 
    "id": "log-streaming",
2022-11-13 23:32:13,369 INFO     ___FILE_ONLY___ 
    "is_configuration": false,
2022-11-13 23:32:13,369 INFO     ___FILE_ONLY___ 
    "is_hidden": false,
2022-11-13 23:32:13,369 INFO     ___FILE_ONLY___ 
    "latest_version_string": "0.3.0",
2022-11-13 23:32:13,370 INFO     ___FILE_ONLY___ 
    "name": "Log Streaming",
2022-11-13 23:32:13,370 INFO     ___FILE_ONLY___ 
    "platform": {
2022-11-13 23:32:13,370 INFO     ___FILE_ONLY___ 
      "architecture": {
2022-11-13 23:32:13,370 INFO     ___FILE_ONLY___ 
        "file_name": "x86_64",
2022-11-13 23:32:13,370 INFO     ___FILE_ONLY___ 
        "id": "x86_64",
2022-11-13 23:32:13,370 INFO     ___FILE_ONLY___ 
        "name": "x86_64"
2022-11-13 23:32:13,370 INFO     ___FILE_ONLY___ 
      },
2022-11-13 23:32:13,370 INFO     ___FILE_ONLY___ 
      "operating_system": {
2022-11-13 23:32:13,370 INFO     ___FILE_ONLY___ 
        "file_name": "darwin",
2022-11-13 23:32:13,371 INFO     ___FILE_ONLY___ 
        "id": "MACOSX",
2022-11-13 23:32:13,371 INFO     ___FILE_ONLY___ 
        "name": "Mac OS X"
2022-11-13 23:32:13,371 INFO     ___FILE_ONLY___ 
      }
2022-11-13 23:32:13,371 INFO     ___FILE_ONLY___ 
    },
2022-11-13 23:32:13,371 INFO     ___FILE_ONLY___ 
    "platform_required": false,
2022-11-13 23:32:13,371 INFO     ___FILE_ONLY___ 
    "size": 12864820,
2022-11-13 23:32:13,371 INFO     ___FILE_ONLY___ 
    "state": {
2022-11-13 23:32:13,371 INFO     ___FILE_ONLY___ 
      "name": "Not Installed"
2022-11-13 23:32:13,372 INFO     ___FILE_ONLY___ 
    }
2022-11-13 23:32:13,372 INFO     ___FILE_ONLY___ 
  }
2022-11-13 23:32:13,372 INFO     ___FILE_ONLY___ ,
  {
2022-11-13 23:32:13,373 INFO     ___FILE_ONLY___ 
    "current_version_string": null,
2022-11-13 23:32:13,373 INFO     ___FILE_ONLY___ 
    "id": "nomos",
2022-11-13 23:32:13,373 INFO     ___FILE_ONLY___ 
    "is_configuration": false,
2022-11-13 23:32:13,374 INFO     ___FILE_ONLY___ 
    "is_hidden": false,
2022-11-13 23:32:13,374 INFO     ___FILE_ONLY___ 
    "latest_version_string": "1.13.1-rc.4",
2022-11-13 23:32:13,374 INFO     ___FILE_ONLY___ 
    "name": "Nomos CLI",
2022-11-13 23:32:13,374 INFO     ___FILE_ONLY___ 
    "platform": {
2022-11-13 23:32:13,374 INFO     ___FILE_ONLY___ 
      "architecture": {
2022-11-13 23:32:13,374 INFO     ___FILE_ONLY___ 
        "file_name": "x86_64",
2022-11-13 23:32:13,374 INFO     ___FILE_ONLY___ 
        "id": "x86_64",
2022-11-13 23:32:13,374 INFO     ___FILE_ONLY___ 
        "name": "x86_64"
2022-11-13 23:32:13,374 INFO     ___FILE_ONLY___ 
      },
2022-11-13 23:32:13,374 INFO     ___FILE_ONLY___ 
      "operating_system": {
2022-11-13 23:32:13,374 INFO     ___FILE_ONLY___ 
        "file_name": "darwin",
2022-11-13 23:32:13,374 INFO     ___FILE_ONLY___ 
        "id": "MACOSX",
2022-11-13 23:32:13,374 INFO     ___FILE_ONLY___ 
        "name": "Mac OS X"
2022-11-13 23:32:13,375 INFO     ___FILE_ONLY___ 
      }
2022-11-13 23:32:13,375 INFO     ___FILE_ONLY___ 
    },
2022-11-13 23:32:13,375 INFO     ___FILE_ONLY___ 
    "platform_required": false,
2022-11-13 23:32:13,375 INFO     ___FILE_ONLY___ 
    "size": 25597173,
2022-11-13 23:32:13,376 INFO     ___FILE_ONLY___ 
    "state": {
2022-11-13 23:32:13,376 INFO     ___FILE_ONLY___ 
      "name": "Not Installed"
2022-11-13 23:32:13,376 INFO     ___FILE_ONLY___ 
    }
2022-11-13 23:32:13,376 INFO     ___FILE_ONLY___ 
  }
2022-11-13 23:32:13,377 INFO     ___FILE_ONLY___ ,
  {
2022-11-13 23:32:13,377 INFO     ___FILE_ONLY___ 
    "current_version_string": null,
2022-11-13 23:32:13,377 INFO     ___FILE_ONLY___ 
    "id": "local-extract",
2022-11-13 23:32:13,377 INFO     ___FILE_ONLY___ 
    "is_configuration": false,
2022-11-13 23:32:13,377 INFO     ___FILE_ONLY___ 
    "is_hidden": false,
2022-11-13 23:32:13,378 INFO     ___FILE_ONLY___ 
    "latest_version_string": "1.5.5",
2022-11-13 23:32:13,378 INFO     ___FILE_ONLY___ 
    "name": "On-Demand Scanning API extraction helper",
2022-11-13 23:32:13,378 INFO     ___FILE_ONLY___ 
    "platform": {
2022-11-13 23:32:13,378 INFO     ___FILE_ONLY___ 
      "architecture": {
2022-11-13 23:32:13,378 INFO     ___FILE_ONLY___ 
        "file_name": "x86_64",
2022-11-13 23:32:13,378 INFO     ___FILE_ONLY___ 
        "id": "x86_64",
2022-11-13 23:32:13,378 INFO     ___FILE_ONLY___ 
        "name": "x86_64"
2022-11-13 23:32:13,378 INFO     ___FILE_ONLY___ 
      },
2022-11-13 23:32:13,379 INFO     ___FILE_ONLY___ 
      "operating_system": {
2022-11-13 23:32:13,379 INFO     ___FILE_ONLY___ 
        "file_name": "darwin",
2022-11-13 23:32:13,379 INFO     ___FILE_ONLY___ 
        "id": "MACOSX",
2022-11-13 23:32:13,379 INFO     ___FILE_ONLY___ 
        "name": "Mac OS X"
2022-11-13 23:32:13,379 INFO     ___FILE_ONLY___ 
      }
2022-11-13 23:32:13,379 INFO     ___FILE_ONLY___ 
    },
2022-11-13 23:32:13,379 INFO     ___FILE_ONLY___ 
    "platform_required": false,
2022-11-13 23:32:13,379 INFO     ___FILE_ONLY___ 
    "size": 12442952,
2022-11-13 23:32:13,379 INFO     ___FILE_ONLY___ 
    "state": {
2022-11-13 23:32:13,380 INFO     ___FILE_ONLY___ 
      "name": "Not Installed"
2022-11-13 23:32:13,380 INFO     ___FILE_ONLY___ 
    }
2022-11-13 23:32:13,380 INFO     ___FILE_ONLY___ 
  }
2022-11-13 23:32:13,395 INFO     ___FILE_ONLY___ ,
  {
2022-11-13 23:32:13,395 INFO     ___FILE_ONLY___ 
    "current_version_string": null,
2022-11-13 23:32:13,395 INFO     ___FILE_ONLY___ 
    "id": "terraform-tools",
2022-11-13 23:32:13,396 INFO     ___FILE_ONLY___ 
    "is_configuration": false,
2022-11-13 23:32:13,396 INFO     ___FILE_ONLY___ 
    "is_hidden": false,
2022-11-13 23:32:13,396 INFO     ___FILE_ONLY___ 
    "latest_version_string": "0.8.0",
2022-11-13 23:32:13,396 INFO     ___FILE_ONLY___ 
    "name": "Terraform Tools",
2022-11-13 23:32:13,396 INFO     ___FILE_ONLY___ 
    "platform": {
2022-11-13 23:32:13,396 INFO     ___FILE_ONLY___ 
      "architecture": {
2022-11-13 23:32:13,396 INFO     ___FILE_ONLY___ 
        "file_name": "x86_64",
2022-11-13 23:32:13,397 INFO     ___FILE_ONLY___ 
        "id": "x86_64",
2022-11-13 23:32:13,397 INFO     ___FILE_ONLY___ 
        "name": "x86_64"
2022-11-13 23:32:13,397 INFO     ___FILE_ONLY___ 
      },
2022-11-13 23:32:13,397 INFO     ___FILE_ONLY___ 
      "operating_system": {
2022-11-13 23:32:13,397 INFO     ___FILE_ONLY___ 
        "file_name": "darwin",
2022-11-13 23:32:13,397 INFO     ___FILE_ONLY___ 
        "id": "MACOSX",
2022-11-13 23:32:13,397 INFO     ___FILE_ONLY___ 
        "name": "Mac OS X"
2022-11-13 23:32:13,397 INFO     ___FILE_ONLY___ 
      }
2022-11-13 23:32:13,397 INFO     ___FILE_ONLY___ 
    },
2022-11-13 23:32:13,398 INFO     ___FILE_ONLY___ 
    "platform_required": false,
2022-11-13 23:32:13,398 INFO     ___FILE_ONLY___ 
    "size": 56276984,
2022-11-13 23:32:13,398 INFO     ___FILE_ONLY___ 
    "state": {
2022-11-13 23:32:13,398 INFO     ___FILE_ONLY___ 
      "name": "Not Installed"
2022-11-13 23:32:13,398 INFO     ___FILE_ONLY___ 
    }
2022-11-13 23:32:13,398 INFO     ___FILE_ONLY___ 
  }
2022-11-13 23:32:13,399 INFO     ___FILE_ONLY___ ,
  {
2022-11-13 23:32:13,399 INFO     ___FILE_ONLY___ 
    "current_version_string": null,
2022-11-13 23:32:13,400 INFO     ___FILE_ONLY___ 
    "id": "anthos-auth",
2022-11-13 23:32:13,400 INFO     ___FILE_ONLY___ 
    "is_configuration": false,
2022-11-13 23:32:13,400 INFO     ___FILE_ONLY___ 
    "is_hidden": false,
2022-11-13 23:32:13,400 INFO     ___FILE_ONLY___ 
    "latest_version_string": "1.4.4",
2022-11-13 23:32:13,400 INFO     ___FILE_ONLY___ 
    "name": "anthos-auth",
2022-11-13 23:32:13,400 INFO     ___FILE_ONLY___ 
    "platform": {
2022-11-13 23:32:13,400 INFO     ___FILE_ONLY___ 
      "architecture": {
2022-11-13 23:32:13,403 INFO     ___FILE_ONLY___ 
        "file_name": "x86_64",
2022-11-13 23:32:13,404 INFO     ___FILE_ONLY___ 
        "id": "x86_64",
2022-11-13 23:32:13,404 INFO     ___FILE_ONLY___ 
        "name": "x86_64"
2022-11-13 23:32:13,404 INFO     ___FILE_ONLY___ 
      },
2022-11-13 23:32:13,404 INFO     ___FILE_ONLY___ 
      "operating_system": {
2022-11-13 23:32:13,404 INFO     ___FILE_ONLY___ 
        "file_name": "darwin",
2022-11-13 23:32:13,404 INFO     ___FILE_ONLY___ 
        "id": "MACOSX",
2022-11-13 23:32:13,404 INFO     ___FILE_ONLY___ 
        "name": "Mac OS X"
2022-11-13 23:32:13,404 INFO     ___FILE_ONLY___ 
      }
2022-11-13 23:32:13,405 INFO     ___FILE_ONLY___ 
    },
2022-11-13 23:32:13,405 INFO     ___FILE_ONLY___ 
    "platform_required": false,
2022-11-13 23:32:13,405 INFO     ___FILE_ONLY___ 
    "size": 21183974,
2022-11-13 23:32:13,405 INFO     ___FILE_ONLY___ 
    "state": {
2022-11-13 23:32:13,405 INFO     ___FILE_ONLY___ 
      "name": "Not Installed"
2022-11-13 23:32:13,405 INFO     ___FILE_ONLY___ 
    }
2022-11-13 23:32:13,405 INFO     ___FILE_ONLY___ 
  }
2022-11-13 23:32:13,406 INFO     ___FILE_ONLY___ ,
  {
2022-11-13 23:32:13,406 INFO     ___FILE_ONLY___ 
    "current_version_string": null,
2022-11-13 23:32:13,406 INFO     ___FILE_ONLY___ 
    "id": "config-connector",
2022-11-13 23:32:13,407 INFO     ___FILE_ONLY___ 
    "is_configuration": false,
2022-11-13 23:32:13,407 INFO     ___FILE_ONLY___ 
    "is_hidden": false,
2022-11-13 23:32:13,407 INFO     ___FILE_ONLY___ 
    "latest_version_string": "1.93.0",
2022-11-13 23:32:13,407 INFO     ___FILE_ONLY___ 
    "name": "config-connector",
2022-11-13 23:32:13,407 INFO     ___FILE_ONLY___ 
    "platform": {
2022-11-13 23:32:13,407 INFO     ___FILE_ONLY___ 
      "architecture": {
2022-11-13 23:32:13,407 INFO     ___FILE_ONLY___ 
        "file_name": "x86_64",
2022-11-13 23:32:13,407 INFO     ___FILE_ONLY___ 
        "id": "x86_64",
2022-11-13 23:32:13,407 INFO     ___FILE_ONLY___ 
        "name": "x86_64"
2022-11-13 23:32:13,408 INFO     ___FILE_ONLY___ 
      },
2022-11-13 23:32:13,408 INFO     ___FILE_ONLY___ 
      "operating_system": {
2022-11-13 23:32:13,408 INFO     ___FILE_ONLY___ 
        "file_name": "darwin",
2022-11-13 23:32:13,408 INFO     ___FILE_ONLY___ 
        "id": "MACOSX",
2022-11-13 23:32:13,408 INFO     ___FILE_ONLY___ 
        "name": "Mac OS X"
2022-11-13 23:32:13,408 INFO     ___FILE_ONLY___ 
      }
2022-11-13 23:32:13,408 INFO     ___FILE_ONLY___ 
    },
2022-11-13 23:32:13,408 INFO     ___FILE_ONLY___ 
    "platform_required": false,
2022-11-13 23:32:13,409 INFO     ___FILE_ONLY___ 
    "size": 59915703,
2022-11-13 23:32:13,410 INFO     ___FILE_ONLY___ 
    "state": {
2022-11-13 23:32:13,412 INFO     ___FILE_ONLY___ 
      "name": "Not Installed"
2022-11-13 23:32:13,412 INFO     ___FILE_ONLY___ 
    }
2022-11-13 23:32:13,412 INFO     ___FILE_ONLY___ 
  }
2022-11-13 23:32:13,413 INFO     ___FILE_ONLY___ ,
  {
2022-11-13 23:32:13,413 INFO     ___FILE_ONLY___ 
    "current_version_string": null,
2022-11-13 23:32:13,413 INFO     ___FILE_ONLY___ 
    "id": "app-engine-java",
2022-11-13 23:32:13,413 INFO     ___FILE_ONLY___ 
    "is_configuration": false,
2022-11-13 23:32:13,413 INFO     ___FILE_ONLY___ 
    "is_hidden": false,
2022-11-13 23:32:13,413 INFO     ___FILE_ONLY___ 
    "latest_version_string": "2.0.9",
2022-11-13 23:32:13,413 INFO     ___FILE_ONLY___ 
    "name": "gcloud app Java Extensions",
2022-11-13 23:32:13,414 INFO     ___FILE_ONLY___ 
    "platform": {
2022-11-13 23:32:13,414 INFO     ___FILE_ONLY___ 
      "architecture": {
2022-11-13 23:32:13,414 INFO     ___FILE_ONLY___ 
        "file_name": "x86_64",
2022-11-13 23:32:13,414 INFO     ___FILE_ONLY___ 
        "id": "x86_64",
2022-11-13 23:32:13,414 INFO     ___FILE_ONLY___ 
        "name": "x86_64"
2022-11-13 23:32:13,414 INFO     ___FILE_ONLY___ 
      },
2022-11-13 23:32:13,414 INFO     ___FILE_ONLY___ 
      "operating_system": {
2022-11-13 23:32:13,414 INFO     ___FILE_ONLY___ 
        "file_name": "darwin",
2022-11-13 23:32:13,414 INFO     ___FILE_ONLY___ 
        "id": "MACOSX",
2022-11-13 23:32:13,415 INFO     ___FILE_ONLY___ 
        "name": "Mac OS X"
2022-11-13 23:32:13,415 INFO     ___FILE_ONLY___ 
      }
2022-11-13 23:32:13,416 INFO     ___FILE_ONLY___ 
    },
2022-11-13 23:32:13,417 INFO     ___FILE_ONLY___ 
    "platform_required": false,
2022-11-13 23:32:13,417 INFO     ___FILE_ONLY___ 
    "size": 67584086,
2022-11-13 23:32:13,417 INFO     ___FILE_ONLY___ 
    "state": {
2022-11-13 23:32:13,417 INFO     ___FILE_ONLY___ 
      "name": "Not Installed"
2022-11-13 23:32:13,417 INFO     ___FILE_ONLY___ 
    }
2022-11-13 23:32:13,418 INFO     ___FILE_ONLY___ 
  }
2022-11-13 23:32:13,418 INFO     ___FILE_ONLY___ ,
  {
2022-11-13 23:32:13,418 INFO     ___FILE_ONLY___ 
    "current_version_string": null,
2022-11-13 23:32:13,418 INFO     ___FILE_ONLY___ 
    "id": "app-engine-php",
2022-11-13 23:32:13,419 INFO     ___FILE_ONLY___ 
    "is_configuration": false,
2022-11-13 23:32:13,419 INFO     ___FILE_ONLY___ 
    "is_hidden": false,
2022-11-13 23:32:13,419 INFO     ___FILE_ONLY___ 
    "latest_version_string": "",
2022-11-13 23:32:13,419 INFO     ___FILE_ONLY___ 
    "name": "gcloud app PHP Extensions",
2022-11-13 23:32:13,419 INFO     ___FILE_ONLY___ 
    "platform": {
2022-11-13 23:32:13,419 INFO     ___FILE_ONLY___ 
      "architecture": {
2022-11-13 23:32:13,420 INFO     ___FILE_ONLY___ 
        "file_name": "x86_64",
2022-11-13 23:32:13,420 INFO     ___FILE_ONLY___ 
        "id": "x86_64",
2022-11-13 23:32:13,421 INFO     ___FILE_ONLY___ 
        "name": "x86_64"
2022-11-13 23:32:13,421 INFO     ___FILE_ONLY___ 
      },
2022-11-13 23:32:13,421 INFO     ___FILE_ONLY___ 
      "operating_system": {
2022-11-13 23:32:13,421 INFO     ___FILE_ONLY___ 
        "file_name": "darwin",
2022-11-13 23:32:13,421 INFO     ___FILE_ONLY___ 
        "id": "MACOSX",
2022-11-13 23:32:13,421 INFO     ___FILE_ONLY___ 
        "name": "Mac OS X"
2022-11-13 23:32:13,421 INFO     ___FILE_ONLY___ 
      }
2022-11-13 23:32:13,421 INFO     ___FILE_ONLY___ 
    },
2022-11-13 23:32:13,422 INFO     ___FILE_ONLY___ 
    "platform_required": false,
2022-11-13 23:32:13,423 INFO     ___FILE_ONLY___ 
    "size": 22985548,
2022-11-13 23:32:13,423 INFO     ___FILE_ONLY___ 
    "state": {
2022-11-13 23:32:13,423 INFO     ___FILE_ONLY___ 
      "name": "Not Installed"
2022-11-13 23:32:13,423 INFO     ___FILE_ONLY___ 
    }
2022-11-13 23:32:13,423 INFO     ___FILE_ONLY___ 
  }
2022-11-13 23:32:13,425 INFO     ___FILE_ONLY___ ,
  {
2022-11-13 23:32:13,425 INFO     ___FILE_ONLY___ 
    "current_version_string": null,
2022-11-13 23:32:13,425 INFO     ___FILE_ONLY___ 
    "id": "app-engine-python",
2022-11-13 23:32:13,426 INFO     ___FILE_ONLY___ 
    "is_configuration": false,
2022-11-13 23:32:13,426 INFO     ___FILE_ONLY___ 
    "is_hidden": false,
2022-11-13 23:32:13,426 INFO     ___FILE_ONLY___ 
    "latest_version_string": "1.9.101",
2022-11-13 23:32:13,426 INFO     ___FILE_ONLY___ 
    "name": "gcloud app Python Extensions",
2022-11-13 23:32:13,426 INFO     ___FILE_ONLY___ 
    "platform": {
2022-11-13 23:32:13,426 INFO     ___FILE_ONLY___ 
      "architecture": {
2022-11-13 23:32:13,426 INFO     ___FILE_ONLY___ 
        "file_name": "x86_64",
2022-11-13 23:32:13,426 INFO     ___FILE_ONLY___ 
        "id": "x86_64",
2022-11-13 23:32:13,427 INFO     ___FILE_ONLY___ 
        "name": "x86_64"
2022-11-13 23:32:13,427 INFO     ___FILE_ONLY___ 
      },
2022-11-13 23:32:13,427 INFO     ___FILE_ONLY___ 
      "operating_system": {
2022-11-13 23:32:13,427 INFO     ___FILE_ONLY___ 
        "file_name": "darwin",
2022-11-13 23:32:13,427 INFO     ___FILE_ONLY___ 
        "id": "MACOSX",
2022-11-13 23:32:13,427 INFO     ___FILE_ONLY___ 
        "name": "Mac OS X"
2022-11-13 23:32:13,428 INFO     ___FILE_ONLY___ 
      }
2022-11-13 23:32:13,428 INFO     ___FILE_ONLY___ 
    },
2022-11-13 23:32:13,428 INFO     ___FILE_ONLY___ 
    "platform_required": false,
2022-11-13 23:32:13,428 INFO     ___FILE_ONLY___ 
    "size": 9044876,
2022-11-13 23:32:13,428 INFO     ___FILE_ONLY___ 
    "state": {
2022-11-13 23:32:13,428 INFO     ___FILE_ONLY___ 
      "name": "Not Installed"
2022-11-13 23:32:13,428 INFO     ___FILE_ONLY___ 
    }
2022-11-13 23:32:13,428 INFO     ___FILE_ONLY___ 
  }
2022-11-13 23:32:13,429 INFO     ___FILE_ONLY___ ,
  {
2022-11-13 23:32:13,429 INFO     ___FILE_ONLY___ 
    "current_version_string": null,
2022-11-13 23:32:13,429 INFO     ___FILE_ONLY___ 
    "id": "app-engine-python-extras",
2022-11-13 23:32:13,429 INFO     ___FILE_ONLY___ 
    "is_configuration": false,
2022-11-13 23:32:13,429 INFO     ___FILE_ONLY___ 
    "is_hidden": false,
2022-11-13 23:32:13,430 INFO     ___FILE_ONLY___ 
    "latest_version_string": "1.9.96",
2022-11-13 23:32:13,430 INFO     ___FILE_ONLY___ 
    "name": "gcloud app Python Extensions (Extra Libraries)",
2022-11-13 23:32:13,430 INFO     ___FILE_ONLY___ 
    "platform": {
2022-11-13 23:32:13,430 INFO     ___FILE_ONLY___ 
      "architecture": {
2022-11-13 23:32:13,430 INFO     ___FILE_ONLY___ 
        "file_name": "x86_64",
2022-11-13 23:32:13,430 INFO     ___FILE_ONLY___ 
        "id": "x86_64",
2022-11-13 23:32:13,430 INFO     ___FILE_ONLY___ 
        "name": "x86_64"
2022-11-13 23:32:13,430 INFO     ___FILE_ONLY___ 
      },
2022-11-13 23:32:13,430 INFO     ___FILE_ONLY___ 
      "operating_system": {
2022-11-13 23:32:13,431 INFO     ___FILE_ONLY___ 
        "file_name": "darwin",
2022-11-13 23:32:13,431 INFO     ___FILE_ONLY___ 
        "id": "MACOSX",
2022-11-13 23:32:13,431 INFO     ___FILE_ONLY___ 
        "name": "Mac OS X"
2022-11-13 23:32:13,431 INFO     ___FILE_ONLY___ 
      }
2022-11-13 23:32:13,431 INFO     ___FILE_ONLY___ 
    },
2022-11-13 23:32:13,431 INFO     ___FILE_ONLY___ 
    "platform_required": false,
2022-11-13 23:32:13,431 INFO     ___FILE_ONLY___ 
    "size": 27709995,
2022-11-13 23:32:13,431 INFO     ___FILE_ONLY___ 
    "state": {
2022-11-13 23:32:13,432 INFO     ___FILE_ONLY___ 
      "name": "Not Installed"
2022-11-13 23:32:13,432 INFO     ___FILE_ONLY___ 
    }
2022-11-13 23:32:13,432 INFO     ___FILE_ONLY___ 
  }
2022-11-13 23:32:13,435 INFO     ___FILE_ONLY___ ,
  {
2022-11-13 23:32:13,436 INFO     ___FILE_ONLY___ 
    "current_version_string": null,
2022-11-13 23:32:13,436 INFO     ___FILE_ONLY___ 
    "id": "kpt",
2022-11-13 23:32:13,436 INFO     ___FILE_ONLY___ 
    "is_configuration": false,
2022-11-13 23:32:13,436 INFO     ___FILE_ONLY___ 
    "is_hidden": false,
2022-11-13 23:32:13,437 INFO     ___FILE_ONLY___ 
    "latest_version_string": "1.0.0-beta.19",
2022-11-13 23:32:13,438 INFO     ___FILE_ONLY___ 
    "name": "kpt",
2022-11-13 23:32:13,438 INFO     ___FILE_ONLY___ 
    "platform": {
2022-11-13 23:32:13,438 INFO     ___FILE_ONLY___ 
      "architecture": {
2022-11-13 23:32:13,438 INFO     ___FILE_ONLY___ 
        "file_name": "x86_64",
2022-11-13 23:32:13,438 INFO     ___FILE_ONLY___ 
        "id": "x86_64",
2022-11-13 23:32:13,438 INFO     ___FILE_ONLY___ 
        "name": "x86_64"
2022-11-13 23:32:13,438 INFO     ___FILE_ONLY___ 
      },
2022-11-13 23:32:13,438 INFO     ___FILE_ONLY___ 
      "operating_system": {
2022-11-13 23:32:13,438 INFO     ___FILE_ONLY___ 
        "file_name": "darwin",
2022-11-13 23:32:13,438 INFO     ___FILE_ONLY___ 
        "id": "MACOSX",
2022-11-13 23:32:13,439 INFO     ___FILE_ONLY___ 
        "name": "Mac OS X"
2022-11-13 23:32:13,439 INFO     ___FILE_ONLY___ 
      }
2022-11-13 23:32:13,439 INFO     ___FILE_ONLY___ 
    },
2022-11-13 23:32:13,439 INFO     ___FILE_ONLY___ 
    "platform_required": false,
2022-11-13 23:32:13,439 INFO     ___FILE_ONLY___ 
    "size": 13550512,
2022-11-13 23:32:13,439 INFO     ___FILE_ONLY___ 
    "state": {
2022-11-13 23:32:13,439 INFO     ___FILE_ONLY___ 
      "name": "Not Installed"
2022-11-13 23:32:13,439 INFO     ___FILE_ONLY___ 
    }
2022-11-13 23:32:13,439 INFO     ___FILE_ONLY___ 
  }
2022-11-13 23:32:13,440 INFO     ___FILE_ONLY___ ,
  {
2022-11-13 23:32:13,440 INFO     ___FILE_ONLY___ 
    "current_version_string": null,
2022-11-13 23:32:13,440 INFO     ___FILE_ONLY___ 
    "id": "kubectl-oidc",
2022-11-13 23:32:13,440 INFO     ___FILE_ONLY___ 
    "is_configuration": false,
2022-11-13 23:32:13,440 INFO     ___FILE_ONLY___ 
    "is_hidden": false,
2022-11-13 23:32:13,440 INFO     ___FILE_ONLY___ 
    "latest_version_string": "1.4.4",
2022-11-13 23:32:13,441 INFO     ___FILE_ONLY___ 
    "name": "kubectl-oidc",
2022-11-13 23:32:13,441 INFO     ___FILE_ONLY___ 
    "platform": {
2022-11-13 23:32:13,441 INFO     ___FILE_ONLY___ 
      "architecture": {
2022-11-13 23:32:13,441 INFO     ___FILE_ONLY___ 
        "file_name": "x86_64",
2022-11-13 23:32:13,447 INFO     ___FILE_ONLY___ 
        "id": "x86_64",
2022-11-13 23:32:13,447 INFO     ___FILE_ONLY___ 
        "name": "x86_64"
2022-11-13 23:32:13,447 INFO     ___FILE_ONLY___ 
      },
2022-11-13 23:32:13,447 INFO     ___FILE_ONLY___ 
      "operating_system": {
2022-11-13 23:32:13,448 INFO     ___FILE_ONLY___ 
        "file_name": "darwin",
2022-11-13 23:32:13,450 INFO     ___FILE_ONLY___ 
        "id": "MACOSX",
2022-11-13 23:32:13,454 INFO     ___FILE_ONLY___ 
        "name": "Mac OS X"
2022-11-13 23:32:13,454 INFO     ___FILE_ONLY___ 
      }
2022-11-13 23:32:13,454 INFO     ___FILE_ONLY___ 
    },
2022-11-13 23:32:13,454 INFO     ___FILE_ONLY___ 
    "platform_required": false,
2022-11-13 23:32:13,454 INFO     ___FILE_ONLY___ 
    "size": 21183987,
2022-11-13 23:32:13,454 INFO     ___FILE_ONLY___ 
    "state": {
2022-11-13 23:32:13,454 INFO     ___FILE_ONLY___ 
      "name": "Not Installed"
2022-11-13 23:32:13,454 INFO     ___FILE_ONLY___ 
    }
2022-11-13 23:32:13,455 INFO     ___FILE_ONLY___ 
  }
2022-11-13 23:32:13,455 INFO     ___FILE_ONLY___ ,
  {
2022-11-13 23:32:13,455 INFO     ___FILE_ONLY___ 
    "current_version_string": null,
2022-11-13 23:32:13,470 INFO     ___FILE_ONLY___ 
    "id": "pkg",
2022-11-13 23:32:13,471 INFO     ___FILE_ONLY___ 
    "is_configuration": false,
2022-11-13 23:32:13,471 INFO     ___FILE_ONLY___ 
    "is_hidden": false,
2022-11-13 23:32:13,471 INFO     ___FILE_ONLY___ 
    "latest_version_string": "",
2022-11-13 23:32:13,471 INFO     ___FILE_ONLY___ 
    "name": "pkg",
2022-11-13 23:32:13,471 INFO     ___FILE_ONLY___ 
    "platform": {
2022-11-13 23:32:13,471 INFO     ___FILE_ONLY___ 
      "architecture": {
2022-11-13 23:32:13,471 INFO     ___FILE_ONLY___ 
        "file_name": "x86_64",
2022-11-13 23:32:13,471 INFO     ___FILE_ONLY___ 
        "id": "x86_64",
2022-11-13 23:32:13,471 INFO     ___FILE_ONLY___ 
        "name": "x86_64"
2022-11-13 23:32:13,471 INFO     ___FILE_ONLY___ 
      },
2022-11-13 23:32:13,472 INFO     ___FILE_ONLY___ 
      "operating_system": {
2022-11-13 23:32:13,472 INFO     ___FILE_ONLY___ 
        "file_name": "darwin",
2022-11-13 23:32:13,472 INFO     ___FILE_ONLY___ 
        "id": "MACOSX",
2022-11-13 23:32:13,472 INFO     ___FILE_ONLY___ 
        "name": "Mac OS X"
2022-11-13 23:32:13,472 INFO     ___FILE_ONLY___ 
      }
2022-11-13 23:32:13,472 INFO     ___FILE_ONLY___ 
    },
2022-11-13 23:32:13,472 INFO     ___FILE_ONLY___ 
    "platform_required": false,
2022-11-13 23:32:13,472 INFO     ___FILE_ONLY___ 
    "size": 0,
2022-11-13 23:32:13,472 INFO     ___FILE_ONLY___ 
    "state": {
2022-11-13 23:32:13,472 INFO     ___FILE_ONLY___ 
      "name": "Not Installed"
2022-11-13 23:32:13,472 INFO     ___FILE_ONLY___ 
    }
2022-11-13 23:32:13,472 INFO     ___FILE_ONLY___ 
  }
2022-11-13 23:32:13,473 INFO     ___FILE_ONLY___ ,
  {
2022-11-13 23:32:13,473 INFO     ___FILE_ONLY___ 
    "current_version_string": "2.0.81",
2022-11-13 23:32:13,473 INFO     ___FILE_ONLY___ 
    "id": "bq",
2022-11-13 23:32:13,473 INFO     ___FILE_ONLY___ 
    "is_configuration": false,
2022-11-13 23:32:13,474 INFO     ___FILE_ONLY___ 
    "is_hidden": false,
2022-11-13 23:32:13,474 INFO     ___FILE_ONLY___ 
    "latest_version_string": "2.0.81",
2022-11-13 23:32:13,474 INFO     ___FILE_ONLY___ 
    "name": "BigQuery Command Line Tool",
2022-11-13 23:32:13,474 INFO     ___FILE_ONLY___ 
    "platform": {
2022-11-13 23:32:13,474 INFO     ___FILE_ONLY___ 
      "architecture": {
2022-11-13 23:32:13,474 INFO     ___FILE_ONLY___ 
        "file_name": "x86_64",
2022-11-13 23:32:13,474 INFO     ___FILE_ONLY___ 
        "id": "x86_64",
2022-11-13 23:32:13,474 INFO     ___FILE_ONLY___ 
        "name": "x86_64"
2022-11-13 23:32:13,474 INFO     ___FILE_ONLY___ 
      },
2022-11-13 23:32:13,474 INFO     ___FILE_ONLY___ 
      "operating_system": {
2022-11-13 23:32:13,474 INFO     ___FILE_ONLY___ 
        "file_name": "darwin",
2022-11-13 23:32:13,474 INFO     ___FILE_ONLY___ 
        "id": "MACOSX",
2022-11-13 23:32:13,475 INFO     ___FILE_ONLY___ 
        "name": "Mac OS X"
2022-11-13 23:32:13,475 INFO     ___FILE_ONLY___ 
      }
2022-11-13 23:32:13,475 INFO     ___FILE_ONLY___ 
    },
2022-11-13 23:32:13,475 INFO     ___FILE_ONLY___ 
    "platform_required": false,
2022-11-13 23:32:13,475 INFO     ___FILE_ONLY___ 
    "size": 1690545,
2022-11-13 23:32:13,475 INFO     ___FILE_ONLY___ 
    "state": {
2022-11-13 23:32:13,475 INFO     ___FILE_ONLY___ 
      "name": "Installed"
2022-11-13 23:32:13,475 INFO     ___FILE_ONLY___ 
    }
2022-11-13 23:32:13,475 INFO     ___FILE_ONLY___ 
  }
2022-11-13 23:32:13,476 INFO     ___FILE_ONLY___ ,
  {
2022-11-13 23:32:13,476 INFO     ___FILE_ONLY___ 
    "current_version_string": "5.16",
2022-11-13 23:32:13,477 INFO     ___FILE_ONLY___ 
    "id": "gsutil",
2022-11-13 23:32:13,477 INFO     ___FILE_ONLY___ 
    "is_configuration": false,
2022-11-13 23:32:13,477 INFO     ___FILE_ONLY___ 
    "is_hidden": false,
2022-11-13 23:32:13,477 INFO     ___FILE_ONLY___ 
    "latest_version_string": "5.16",
2022-11-13 23:32:13,477 INFO     ___FILE_ONLY___ 
    "name": "Cloud Storage Command Line Tool",
2022-11-13 23:32:13,477 INFO     ___FILE_ONLY___ 
    "platform": {
2022-11-13 23:32:13,477 INFO     ___FILE_ONLY___ 
      "architecture": {
2022-11-13 23:32:13,477 INFO     ___FILE_ONLY___ 
        "file_name": "x86_64",
2022-11-13 23:32:13,477 INFO     ___FILE_ONLY___ 
        "id": "x86_64",
2022-11-13 23:32:13,477 INFO     ___FILE_ONLY___ 
        "name": "x86_64"
2022-11-13 23:32:13,478 INFO     ___FILE_ONLY___ 
      },
2022-11-13 23:32:13,478 INFO     ___FILE_ONLY___ 
      "operating_system": {
2022-11-13 23:32:13,478 INFO     ___FILE_ONLY___ 
        "file_name": "darwin",
2022-11-13 23:32:13,478 INFO     ___FILE_ONLY___ 
        "id": "MACOSX",
2022-11-13 23:32:13,478 INFO     ___FILE_ONLY___ 
        "name": "Mac OS X"
2022-11-13 23:32:13,478 INFO     ___FILE_ONLY___ 
      }
2022-11-13 23:32:13,478 INFO     ___FILE_ONLY___ 
    },
2022-11-13 23:32:13,478 INFO     ___FILE_ONLY___ 
    "platform_required": false,
2022-11-13 23:32:13,478 INFO     ___FILE_ONLY___ 
    "size": 16295859,
2022-11-13 23:32:13,479 INFO     ___FILE_ONLY___ 
    "state": {
2022-11-13 23:32:13,479 INFO     ___FILE_ONLY___ 
      "name": "Installed"
2022-11-13 23:32:13,479 INFO     ___FILE_ONLY___ 
    }
2022-11-13 23:32:13,479 INFO     ___FILE_ONLY___ 
  }
2022-11-13 23:32:13,480 INFO     ___FILE_ONLY___ ,
  {
2022-11-13 23:32:13,480 INFO     ___FILE_ONLY___ 
    "current_version_string": "2022.11.04",
2022-11-13 23:32:13,481 INFO     ___FILE_ONLY___ 
    "id": "core",
2022-11-13 23:32:13,481 INFO     ___FILE_ONLY___ 
    "is_configuration": false,
2022-11-13 23:32:13,481 INFO     ___FILE_ONLY___ 
    "is_hidden": false,
2022-11-13 23:32:13,481 INFO     ___FILE_ONLY___ 
    "latest_version_string": "2022.11.04",
2022-11-13 23:32:13,481 INFO     ___FILE_ONLY___ 
    "name": "Google Cloud CLI Core Libraries",
2022-11-13 23:32:13,482 INFO     ___FILE_ONLY___ 
    "platform": {
2022-11-13 23:32:13,482 INFO     ___FILE_ONLY___ 
      "architecture": {
2022-11-13 23:32:13,482 INFO     ___FILE_ONLY___ 
        "file_name": "x86_64",
2022-11-13 23:32:13,482 INFO     ___FILE_ONLY___ 
        "id": "x86_64",
2022-11-13 23:32:13,482 INFO     ___FILE_ONLY___ 
        "name": "x86_64"
2022-11-13 23:32:13,482 INFO     ___FILE_ONLY___ 
      },
2022-11-13 23:32:13,483 INFO     ___FILE_ONLY___ 
      "operating_system": {
2022-11-13 23:32:13,483 INFO     ___FILE_ONLY___ 
        "file_name": "darwin",
2022-11-13 23:32:13,483 INFO     ___FILE_ONLY___ 
        "id": "MACOSX",
2022-11-13 23:32:13,483 INFO     ___FILE_ONLY___ 
        "name": "Mac OS X"
2022-11-13 23:32:13,483 INFO     ___FILE_ONLY___ 
      }
2022-11-13 23:32:13,483 INFO     ___FILE_ONLY___ 
    },
2022-11-13 23:32:13,483 INFO     ___FILE_ONLY___ 
    "platform_required": false,
2022-11-13 23:32:13,483 INFO     ___FILE_ONLY___ 
    "size": 26426705,
2022-11-13 23:32:13,483 INFO     ___FILE_ONLY___ 
    "state": {
2022-11-13 23:32:13,484 INFO     ___FILE_ONLY___ 
      "name": "Installed"
2022-11-13 23:32:13,484 INFO     ___FILE_ONLY___ 
    }
2022-11-13 23:32:13,484 INFO     ___FILE_ONLY___ 
  }
2022-11-13 23:32:13,484 INFO     ___FILE_ONLY___ ,
  {
2022-11-13 23:32:13,485 INFO     ___FILE_ONLY___ 
    "current_version_string": "1.0.0",
2022-11-13 23:32:13,485 INFO     ___FILE_ONLY___ 
    "id": "gcloud-crc32c",
2022-11-13 23:32:13,485 INFO     ___FILE_ONLY___ 
    "is_configuration": false,
2022-11-13 23:32:13,485 INFO     ___FILE_ONLY___ 
    "is_hidden": false,
2022-11-13 23:32:13,485 INFO     ___FILE_ONLY___ 
    "latest_version_string": "1.0.0",
2022-11-13 23:32:13,485 INFO     ___FILE_ONLY___ 
    "name": "Google Cloud CRC32C Hash Tool",
2022-11-13 23:32:13,485 INFO     ___FILE_ONLY___ 
    "platform": {
2022-11-13 23:32:13,485 INFO     ___FILE_ONLY___ 
      "architecture": {
2022-11-13 23:32:13,485 INFO     ___FILE_ONLY___ 
        "file_name": "x86_64",
2022-11-13 23:32:13,486 INFO     ___FILE_ONLY___ 
        "id": "x86_64",
2022-11-13 23:32:13,486 INFO     ___FILE_ONLY___ 
        "name": "x86_64"
2022-11-13 23:32:13,486 INFO     ___FILE_ONLY___ 
      },
2022-11-13 23:32:13,486 INFO     ___FILE_ONLY___ 
      "operating_system": {
2022-11-13 23:32:13,486 INFO     ___FILE_ONLY___ 
        "file_name": "darwin",
2022-11-13 23:32:13,486 INFO     ___FILE_ONLY___ 
        "id": "MACOSX",
2022-11-13 23:32:13,486 INFO     ___FILE_ONLY___ 
        "name": "Mac OS X"
2022-11-13 23:32:13,486 INFO     ___FILE_ONLY___ 
      }
2022-11-13 23:32:13,486 INFO     ___FILE_ONLY___ 
    },
2022-11-13 23:32:13,487 INFO     ___FILE_ONLY___ 
    "platform_required": false,
2022-11-13 23:32:13,487 INFO     ___FILE_ONLY___ 
    "size": 1250758,
2022-11-13 23:32:13,487 INFO     ___FILE_ONLY___ 
    "state": {
2022-11-13 23:32:13,487 INFO     ___FILE_ONLY___ 
      "name": "Installed"
2022-11-13 23:32:13,487 INFO     ___FILE_ONLY___ 
    }
2022-11-13 23:32:13,487 INFO     ___FILE_ONLY___ 
  }
2022-11-13 23:32:13,488 INFO     ___FILE_ONLY___ ,
  {
2022-11-13 23:32:13,488 INFO     ___FILE_ONLY___ 
    "current_version_string": "1.27.0",
2022-11-13 23:32:13,488 INFO     ___FILE_ONLY___ 
    "id": "minikube",
2022-11-13 23:32:13,488 INFO     ___FILE_ONLY___ 
    "is_configuration": false,
2022-11-13 23:32:13,488 INFO     ___FILE_ONLY___ 
    "is_hidden": false,
2022-11-13 23:32:13,488 INFO     ___FILE_ONLY___ 
    "latest_version_string": "1.28.0",
2022-11-13 23:32:13,488 INFO     ___FILE_ONLY___ 
    "name": "Minikube",
2022-11-13 23:32:13,488 INFO     ___FILE_ONLY___ 
    "platform": {
2022-11-13 23:32:13,489 INFO     ___FILE_ONLY___ 
      "architecture": {
2022-11-13 23:32:13,489 INFO     ___FILE_ONLY___ 
        "file_name": "x86_64",
2022-11-13 23:32:13,489 INFO     ___FILE_ONLY___ 
        "id": "x86_64",
2022-11-13 23:32:13,489 INFO     ___FILE_ONLY___ 
        "name": "x86_64"
2022-11-13 23:32:13,489 INFO     ___FILE_ONLY___ 
      },
2022-11-13 23:32:13,489 INFO     ___FILE_ONLY___ 
      "operating_system": {
2022-11-13 23:32:13,489 INFO     ___FILE_ONLY___ 
        "file_name": "darwin",
2022-11-13 23:32:13,489 INFO     ___FILE_ONLY___ 
        "id": "MACOSX",
2022-11-13 23:32:13,489 INFO     ___FILE_ONLY___ 
        "name": "Mac OS X"
2022-11-13 23:32:13,489 INFO     ___FILE_ONLY___ 
      }
2022-11-13 23:32:13,489 INFO     ___FILE_ONLY___ 
    },
2022-11-13 23:32:13,490 INFO     ___FILE_ONLY___ 
    "platform_required": false,
2022-11-13 23:32:13,490 INFO     ___FILE_ONLY___ 
    "size": 32458072,
2022-11-13 23:32:13,490 INFO     ___FILE_ONLY___ 
    "state": {
2022-11-13 23:32:13,490 INFO     ___FILE_ONLY___ 
      "name": "Installed"
2022-11-13 23:32:13,490 INFO     ___FILE_ONLY___ 
    }
2022-11-13 23:32:13,490 INFO     ___FILE_ONLY___ 
  }
2022-11-13 23:32:13,491 INFO     ___FILE_ONLY___ ,
  {
2022-11-13 23:32:13,491 INFO     ___FILE_ONLY___ 
    "current_version_string": "1.39.3",
2022-11-13 23:32:13,491 INFO     ___FILE_ONLY___ 
    "id": "skaffold",
2022-11-13 23:32:13,491 INFO     ___FILE_ONLY___ 
    "is_configuration": false,
2022-11-13 23:32:13,491 INFO     ___FILE_ONLY___ 
    "is_hidden": false,
2022-11-13 23:32:13,491 INFO     ___FILE_ONLY___ 
    "latest_version_string": "1.39.3",
2022-11-13 23:32:13,491 INFO     ___FILE_ONLY___ 
    "name": "Skaffold",
2022-11-13 23:32:13,491 INFO     ___FILE_ONLY___ 
    "platform": {
2022-11-13 23:32:13,491 INFO     ___FILE_ONLY___ 
      "architecture": {
2022-11-13 23:32:13,491 INFO     ___FILE_ONLY___ 
        "file_name": "x86_64",
2022-11-13 23:32:13,492 INFO     ___FILE_ONLY___ 
        "id": "x86_64",
2022-11-13 23:32:13,492 INFO     ___FILE_ONLY___ 
        "name": "x86_64"
2022-11-13 23:32:13,492 INFO     ___FILE_ONLY___ 
      },
2022-11-13 23:32:13,499 INFO     ___FILE_ONLY___ 
      "operating_system": {
2022-11-13 23:32:13,500 INFO     ___FILE_ONLY___ 
        "file_name": "darwin",
2022-11-13 23:32:13,500 INFO     ___FILE_ONLY___ 
        "id": "MACOSX",
2022-11-13 23:32:13,500 INFO     ___FILE_ONLY___ 
        "name": "Mac OS X"
2022-11-13 23:32:13,500 INFO     ___FILE_ONLY___ 
      }
2022-11-13 23:32:13,500 INFO     ___FILE_ONLY___ 
    },
2022-11-13 23:32:13,500 INFO     ___FILE_ONLY___ 
    "platform_required": false,
2022-11-13 23:32:13,500 INFO     ___FILE_ONLY___ 
    "size": 22301645,
2022-11-13 23:32:13,500 INFO     ___FILE_ONLY___ 
    "state": {
2022-11-13 23:32:13,500 INFO     ___FILE_ONLY___ 
      "name": "Installed"
2022-11-13 23:32:13,501 INFO     ___FILE_ONLY___ 
    }
2022-11-13 23:32:13,501 INFO     ___FILE_ONLY___ 
  }
2022-11-13 23:32:13,502 INFO     ___FILE_ONLY___ ,
  {
2022-11-13 23:32:13,502 INFO     ___FILE_ONLY___ 
    "current_version_string": "2022.11.04",
2022-11-13 23:32:13,502 INFO     ___FILE_ONLY___ 
    "id": "alpha",
2022-11-13 23:32:13,502 INFO     ___FILE_ONLY___ 
    "is_configuration": false,
2022-11-13 23:32:13,502 INFO     ___FILE_ONLY___ 
    "is_hidden": false,
2022-11-13 23:32:13,503 INFO     ___FILE_ONLY___ 
    "latest_version_string": "2022.11.04",
2022-11-13 23:32:13,503 INFO     ___FILE_ONLY___ 
    "name": "gcloud Alpha Commands",
2022-11-13 23:32:13,503 INFO     ___FILE_ONLY___ 
    "platform": {
2022-11-13 23:32:13,503 INFO     ___FILE_ONLY___ 
      "architecture": {
2022-11-13 23:32:13,503 INFO     ___FILE_ONLY___ 
        "file_name": "x86_64",
2022-11-13 23:32:13,503 INFO     ___FILE_ONLY___ 
        "id": "x86_64",
2022-11-13 23:32:13,503 INFO     ___FILE_ONLY___ 
        "name": "x86_64"
2022-11-13 23:32:13,503 INFO     ___FILE_ONLY___ 
      },
2022-11-13 23:32:13,503 INFO     ___FILE_ONLY___ 
      "operating_system": {
2022-11-13 23:32:13,503 INFO     ___FILE_ONLY___ 
        "file_name": "darwin",
2022-11-13 23:32:13,503 INFO     ___FILE_ONLY___ 
        "id": "MACOSX",
2022-11-13 23:32:13,503 INFO     ___FILE_ONLY___ 
        "name": "Mac OS X"
2022-11-13 23:32:13,504 INFO     ___FILE_ONLY___ 
      }
2022-11-13 23:32:13,504 INFO     ___FILE_ONLY___ 
    },
2022-11-13 23:32:13,504 INFO     ___FILE_ONLY___ 
    "platform_required": false,
2022-11-13 23:32:13,504 INFO     ___FILE_ONLY___ 
    "size": 800,
2022-11-13 23:32:13,504 INFO     ___FILE_ONLY___ 
    "state": {
2022-11-13 23:32:13,504 INFO     ___FILE_ONLY___ 
      "name": "Installed"
2022-11-13 23:32:13,504 INFO     ___FILE_ONLY___ 
    }
2022-11-13 23:32:13,504 INFO     ___FILE_ONLY___ 
  }
2022-11-13 23:32:13,505 INFO     ___FILE_ONLY___ ,
  {
2022-11-13 23:32:13,505 INFO     ___FILE_ONLY___ 
    "current_version_string": "2022.11.04",
2022-11-13 23:32:13,505 INFO     ___FILE_ONLY___ 
    "id": "beta",
2022-11-13 23:32:13,505 INFO     ___FILE_ONLY___ 
    "is_configuration": false,
2022-11-13 23:32:13,505 INFO     ___FILE_ONLY___ 
    "is_hidden": false,
2022-11-13 23:32:13,505 INFO     ___FILE_ONLY___ 
    "latest_version_string": "2022.11.04",
2022-11-13 23:32:13,505 INFO     ___FILE_ONLY___ 
    "name": "gcloud Beta Commands",
2022-11-13 23:32:13,505 INFO     ___FILE_ONLY___ 
    "platform": {
2022-11-13 23:32:13,506 INFO     ___FILE_ONLY___ 
      "architecture": {
2022-11-13 23:32:13,506 INFO     ___FILE_ONLY___ 
        "file_name": "x86_64",
2022-11-13 23:32:13,506 INFO     ___FILE_ONLY___ 
        "id": "x86_64",
2022-11-13 23:32:13,506 INFO     ___FILE_ONLY___ 
        "name": "x86_64"
2022-11-13 23:32:13,506 INFO     ___FILE_ONLY___ 
      },
2022-11-13 23:32:13,506 INFO     ___FILE_ONLY___ 
      "operating_system": {
2022-11-13 23:32:13,506 INFO     ___FILE_ONLY___ 
        "file_name": "darwin",
2022-11-13 23:32:13,506 INFO     ___FILE_ONLY___ 
        "id": "MACOSX",
2022-11-13 23:32:13,506 INFO     ___FILE_ONLY___ 
        "name": "Mac OS X"
2022-11-13 23:32:13,506 INFO     ___FILE_ONLY___ 
      }
2022-11-13 23:32:13,506 INFO     ___FILE_ONLY___ 
    },
2022-11-13 23:32:13,507 INFO     ___FILE_ONLY___ 
    "platform_required": false,
2022-11-13 23:32:13,507 INFO     ___FILE_ONLY___ 
    "size": 797,
2022-11-13 23:32:13,507 INFO     ___FILE_ONLY___ 
    "state": {
2022-11-13 23:32:13,507 INFO     ___FILE_ONLY___ 
      "name": "Installed"
2022-11-13 23:32:13,507 INFO     ___FILE_ONLY___ 
    }
2022-11-13 23:32:13,507 INFO     ___FILE_ONLY___ 
  }
2022-11-13 23:32:13,510 INFO     ___FILE_ONLY___ ,
  {
2022-11-13 23:32:13,510 INFO     ___FILE_ONLY___ 
    "current_version_string": "0.4.0",
2022-11-13 23:32:13,510 INFO     ___FILE_ONLY___ 
    "id": "gke-gcloud-auth-plugin",
2022-11-13 23:32:13,510 INFO     ___FILE_ONLY___ 
    "is_configuration": false,
2022-11-13 23:32:13,510 INFO     ___FILE_ONLY___ 
    "is_hidden": false,
2022-11-13 23:32:13,510 INFO     ___FILE_ONLY___ 
    "latest_version_string": "0.4.0",
2022-11-13 23:32:13,510 INFO     ___FILE_ONLY___ 
    "name": "gke-gcloud-auth-plugin",
2022-11-13 23:32:13,511 INFO     ___FILE_ONLY___ 
    "platform": {
2022-11-13 23:32:13,511 INFO     ___FILE_ONLY___ 
      "architecture": {
2022-11-13 23:32:13,511 INFO     ___FILE_ONLY___ 
        "file_name": "x86_64",
2022-11-13 23:32:13,511 INFO     ___FILE_ONLY___ 
        "id": "x86_64",
2022-11-13 23:32:13,511 INFO     ___FILE_ONLY___ 
        "name": "x86_64"
2022-11-13 23:32:13,511 INFO     ___FILE_ONLY___ 
      },
2022-11-13 23:32:13,511 INFO     ___FILE_ONLY___ 
      "operating_system": {
2022-11-13 23:32:13,511 INFO     ___FILE_ONLY___ 
        "file_name": "darwin",
2022-11-13 23:32:13,511 INFO     ___FILE_ONLY___ 
        "id": "MACOSX",
2022-11-13 23:32:13,511 INFO     ___FILE_ONLY___ 
        "name": "Mac OS X"
2022-11-13 23:32:13,511 INFO     ___FILE_ONLY___ 
      }
2022-11-13 23:32:13,512 INFO     ___FILE_ONLY___ 
    },
2022-11-13 23:32:13,512 INFO     ___FILE_ONLY___ 
    "platform_required": false,
2022-11-13 23:32:13,518 INFO     ___FILE_ONLY___ 
    "size": 7825303,
2022-11-13 23:32:13,518 INFO     ___FILE_ONLY___ 
    "state": {
2022-11-13 23:32:13,518 INFO     ___FILE_ONLY___ 
      "name": "Installed"
2022-11-13 23:32:13,518 INFO     ___FILE_ONLY___ 
    }
2022-11-13 23:32:13,518 INFO     ___FILE_ONLY___ 
  }
2022-11-13 23:32:13,519 INFO     ___FILE_ONLY___ ,
  {
2022-11-13 23:32:13,519 INFO     ___FILE_ONLY___ 
    "current_version_string": "1.22.14",
2022-11-13 23:32:13,519 INFO     ___FILE_ONLY___ 
    "id": "kubectl",
2022-11-13 23:32:13,519 INFO     ___FILE_ONLY___ 
    "is_configuration": false,
2022-11-13 23:32:13,520 INFO     ___FILE_ONLY___ 
    "is_hidden": false,
2022-11-13 23:32:13,520 INFO     ___FILE_ONLY___ 
    "latest_version_string": "1.22.14",
2022-11-13 23:32:13,520 INFO     ___FILE_ONLY___ 
    "name": "kubectl",
2022-11-13 23:32:13,520 INFO     ___FILE_ONLY___ 
    "platform": {
2022-11-13 23:32:13,520 INFO     ___FILE_ONLY___ 
      "architecture": {
2022-11-13 23:32:13,520 INFO     ___FILE_ONLY___ 
        "file_name": "x86_64",
2022-11-13 23:32:13,520 INFO     ___FILE_ONLY___ 
        "id": "x86_64",
2022-11-13 23:32:13,521 INFO     ___FILE_ONLY___ 
        "name": "x86_64"
2022-11-13 23:32:13,521 INFO     ___FILE_ONLY___ 
      },
2022-11-13 23:32:13,521 INFO     ___FILE_ONLY___ 
      "operating_system": {
2022-11-13 23:32:13,521 INFO     ___FILE_ONLY___ 
        "file_name": "darwin",
2022-11-13 23:32:13,521 INFO     ___FILE_ONLY___ 
        "id": "MACOSX",
2022-11-13 23:32:13,521 INFO     ___FILE_ONLY___ 
        "name": "Mac OS X"
2022-11-13 23:32:13,521 INFO     ___FILE_ONLY___ 
      }
2022-11-13 23:32:13,522 INFO     ___FILE_ONLY___ 
    },
2022-11-13 23:32:13,522 INFO     ___FILE_ONLY___ 
    "platform_required": true,
2022-11-13 23:32:13,522 INFO     ___FILE_ONLY___ 
    "size": 48204,
2022-11-13 23:32:13,522 INFO     ___FILE_ONLY___ 
    "state": {
2022-11-13 23:32:13,522 INFO     ___FILE_ONLY___ 
      "name": "Installed"
2022-11-13 23:32:13,522 INFO     ___FILE_ONLY___ 
    }
2022-11-13 23:32:13,522 INFO     ___FILE_ONLY___ 
  }
2022-11-13 23:32:13,523 INFO     ___FILE_ONLY___ 
]

