2022-11-08 11:28:46,851 DEBUG    root            Loaded Command Group: ['gcloud', 'components']
2022-11-08 11:28:46,857 DEBUG    root            Loaded Command Group: ['gcloud', 'components', 'list']
2022-11-08 11:28:46,861 DEBUG    root            Running [gcloud.components.list] with arguments: [--format: "json", --quiet: "True", --verbosity: "warning"]
2022-11-08 11:28:46,901 DEBUG    urllib3.connectionpool Starting new HTTPS connection (1): dl.google.com:443
2022-11-08 11:28:47,006 DEBUG    urllib3.connectionpool https://dl.google.com:443 "GET /dl/cloudsdk/channels/rapid/components-2.json HTTP/1.1" 200 203446
2022-11-08 11:28:47,102 INFO     ___FILE_ONLY___ 
Your current Google Cloud CLI version is: 408.0.1

2022-11-08 11:28:47,102 INFO     ___FILE_ONLY___ The latest available version is: 408.0.1

2022-11-08 11:28:47,102 INFO     ___FILE_ONLY___ 

2022-11-08 11:28:47,104 INFO     root            Display format: "table[box,title="Components"](state.name:label=Status,name:label=Name,id:label=ID,size.size(zero="",min=1048576):label=Size:align=right) json"
2022-11-08 11:28:47,108 INFO     ___FILE_ONLY___ [
  {
2022-11-08 11:28:47,108 INFO     ___FILE_ONLY___ 
    "current_version_string": null,
2022-11-08 11:28:47,108 INFO     ___FILE_ONLY___ 
    "id": "app-engine-go",
2022-11-08 11:28:47,108 INFO     ___FILE_ONLY___ 
    "is_configuration": false,
2022-11-08 11:28:47,109 INFO     ___FILE_ONLY___ 
    "is_hidden": false,
2022-11-08 11:28:47,109 INFO     ___FILE_ONLY___ 
    "latest_version_string": "1.9.72",
2022-11-08 11:28:47,109 INFO     ___FILE_ONLY___ 
    "name": "App Engine Go Extensions",
2022-11-08 11:28:47,109 INFO     ___FILE_ONLY___ 
    "platform": {
2022-11-08 11:28:47,109 INFO     ___FILE_ONLY___ 
      "architecture": {
2022-11-08 11:28:47,109 INFO     ___FILE_ONLY___ 
        "file_name": "x86_64",
2022-11-08 11:28:47,110 INFO     ___FILE_ONLY___ 
        "id": "x86_64",
2022-11-08 11:28:47,110 INFO     ___FILE_ONLY___ 
        "name": "x86_64"
2022-11-08 11:28:47,110 INFO     ___FILE_ONLY___ 
      },
2022-11-08 11:28:47,110 INFO     ___FILE_ONLY___ 
      "operating_system": {
2022-11-08 11:28:47,110 INFO     ___FILE_ONLY___ 
        "file_name": "darwin",
2022-11-08 11:28:47,110 INFO     ___FILE_ONLY___ 
        "id": "MACOSX",
2022-11-08 11:28:47,110 INFO     ___FILE_ONLY___ 
        "name": "Mac OS X"
2022-11-08 11:28:47,110 INFO     ___FILE_ONLY___ 
      }
2022-11-08 11:28:47,110 INFO     ___FILE_ONLY___ 
    },
2022-11-08 11:28:47,111 INFO     ___FILE_ONLY___ 
    "platform_required": false,
2022-11-08 11:28:47,111 INFO     ___FILE_ONLY___ 
    "size": 4320254,
2022-11-08 11:28:47,111 INFO     ___FILE_ONLY___ 
    "state": {
2022-11-08 11:28:47,111 INFO     ___FILE_ONLY___ 
      "name": "Not Installed"
2022-11-08 11:28:47,111 INFO     ___FILE_ONLY___ 
    }
2022-11-08 11:28:47,112 INFO     ___FILE_ONLY___ 
  }
2022-11-08 11:28:47,112 INFO     ___FILE_ONLY___ ,
  {
2022-11-08 11:28:47,113 INFO     ___FILE_ONLY___ 
    "current_version_string": null,
2022-11-08 11:28:47,113 INFO     ___FILE_ONLY___ 
    "id": "appctl",
2022-11-08 11:28:47,113 INFO     ___FILE_ONLY___ 
    "is_configuration": false,
2022-11-08 11:28:47,113 INFO     ___FILE_ONLY___ 
    "is_hidden": false,
2022-11-08 11:28:47,113 INFO     ___FILE_ONLY___ 
    "latest_version_string": "0.1.12",
2022-11-08 11:28:47,113 INFO     ___FILE_ONLY___ 
    "name": "Appctl",
2022-11-08 11:28:47,113 INFO     ___FILE_ONLY___ 
    "platform": {
2022-11-08 11:28:47,113 INFO     ___FILE_ONLY___ 
      "architecture": {
2022-11-08 11:28:47,113 INFO     ___FILE_ONLY___ 
        "file_name": "x86_64",
2022-11-08 11:28:47,114 INFO     ___FILE_ONLY___ 
        "id": "x86_64",
2022-11-08 11:28:47,114 INFO     ___FILE_ONLY___ 
        "name": "x86_64"
2022-11-08 11:28:47,114 INFO     ___FILE_ONLY___ 
      },
2022-11-08 11:28:47,114 INFO     ___FILE_ONLY___ 
      "operating_system": {
2022-11-08 11:28:47,114 INFO     ___FILE_ONLY___ 
        "file_name": "darwin",
2022-11-08 11:28:47,114 INFO     ___FILE_ONLY___ 
        "id": "MACOSX",
2022-11-08 11:28:47,114 INFO     ___FILE_ONLY___ 
        "name": "Mac OS X"
2022-11-08 11:28:47,114 INFO     ___FILE_ONLY___ 
      }
2022-11-08 11:28:47,114 INFO     ___FILE_ONLY___ 
    },
2022-11-08 11:28:47,115 INFO     ___FILE_ONLY___ 
    "platform_required": false,
2022-11-08 11:28:47,115 INFO     ___FILE_ONLY___ 
    "size": 19381598,
2022-11-08 11:28:47,115 INFO     ___FILE_ONLY___ 
    "state": {
2022-11-08 11:28:47,115 INFO     ___FILE_ONLY___ 
      "name": "Not Installed"
2022-11-08 11:28:47,115 INFO     ___FILE_ONLY___ 
    }
2022-11-08 11:28:47,115 INFO     ___FILE_ONLY___ 
  }
2022-11-08 11:28:47,116 INFO     ___FILE_ONLY___ ,
  {
2022-11-08 11:28:47,116 INFO     ___FILE_ONLY___ 
    "current_version_string": null,
2022-11-08 11:28:47,116 INFO     ___FILE_ONLY___ 
    "id": "package-go-module",
2022-11-08 11:28:47,116 INFO     ___FILE_ONLY___ 
    "is_configuration": false,
2022-11-08 11:28:47,116 INFO     ___FILE_ONLY___ 
    "is_hidden": false,
2022-11-08 11:28:47,116 INFO     ___FILE_ONLY___ 
    "latest_version_string": "0.3.0",
2022-11-08 11:28:47,116 INFO     ___FILE_ONLY___ 
    "name": "Artifact Registry Go Module Package Helper",
2022-11-08 11:28:47,117 INFO     ___FILE_ONLY___ 
    "platform": {
2022-11-08 11:28:47,117 INFO     ___FILE_ONLY___ 
      "architecture": {
2022-11-08 11:28:47,117 INFO     ___FILE_ONLY___ 
        "file_name": "x86_64",
2022-11-08 11:28:47,117 INFO     ___FILE_ONLY___ 
        "id": "x86_64",
2022-11-08 11:28:47,117 INFO     ___FILE_ONLY___ 
        "name": "x86_64"
2022-11-08 11:28:47,117 INFO     ___FILE_ONLY___ 
      },
2022-11-08 11:28:47,117 INFO     ___FILE_ONLY___ 
      "operating_system": {
2022-11-08 11:28:47,117 INFO     ___FILE_ONLY___ 
        "file_name": "darwin",
2022-11-08 11:28:47,117 INFO     ___FILE_ONLY___ 
        "id": "MACOSX",
2022-11-08 11:28:47,117 INFO     ___FILE_ONLY___ 
        "name": "Mac OS X"
2022-11-08 11:28:47,118 INFO     ___FILE_ONLY___ 
      }
2022-11-08 11:28:47,118 INFO     ___FILE_ONLY___ 
    },
2022-11-08 11:28:47,118 INFO     ___FILE_ONLY___ 
    "platform_required": false,
2022-11-08 11:28:47,118 INFO     ___FILE_ONLY___ 
    "size": 840902,
2022-11-08 11:28:47,118 INFO     ___FILE_ONLY___ 
    "state": {
2022-11-08 11:28:47,118 INFO     ___FILE_ONLY___ 
      "name": "Not Installed"
2022-11-08 11:28:47,118 INFO     ___FILE_ONLY___ 
    }
2022-11-08 11:28:47,123 INFO     ___FILE_ONLY___ 
  }
2022-11-08 11:28:47,124 INFO     ___FILE_ONLY___ ,
  {
2022-11-08 11:28:47,124 INFO     ___FILE_ONLY___ 
    "current_version_string": null,
2022-11-08 11:28:47,124 INFO     ___FILE_ONLY___ 
    "id": "cbt",
2022-11-08 11:28:47,124 INFO     ___FILE_ONLY___ 
    "is_configuration": false,
2022-11-08 11:28:47,125 INFO     ___FILE_ONLY___ 
    "is_hidden": false,
2022-11-08 11:28:47,125 INFO     ___FILE_ONLY___ 
    "latest_version_string": "0.12.1",
2022-11-08 11:28:47,125 INFO     ___FILE_ONLY___ 
    "name": "Cloud Bigtable Command Line Tool",
2022-11-08 11:28:47,125 INFO     ___FILE_ONLY___ 
    "platform": {
2022-11-08 11:28:47,125 INFO     ___FILE_ONLY___ 
      "architecture": {
2022-11-08 11:28:47,125 INFO     ___FILE_ONLY___ 
        "file_name": "x86_64",
2022-11-08 11:28:47,125 INFO     ___FILE_ONLY___ 
        "id": "x86_64",
2022-11-08 11:28:47,125 INFO     ___FILE_ONLY___ 
        "name": "x86_64"
2022-11-08 11:28:47,125 INFO     ___FILE_ONLY___ 
      },
2022-11-08 11:28:47,126 INFO     ___FILE_ONLY___ 
      "operating_system": {
2022-11-08 11:28:47,126 INFO     ___FILE_ONLY___ 
        "file_name": "darwin",
2022-11-08 11:28:47,126 INFO     ___FILE_ONLY___ 
        "id": "MACOSX",
2022-11-08 11:28:47,126 INFO     ___FILE_ONLY___ 
        "name": "Mac OS X"
2022-11-08 11:28:47,126 INFO     ___FILE_ONLY___ 
      }
2022-11-08 11:28:47,126 INFO     ___FILE_ONLY___ 
    },
2022-11-08 11:28:47,126 INFO     ___FILE_ONLY___ 
    "platform_required": false,
2022-11-08 11:28:47,126 INFO     ___FILE_ONLY___ 
    "size": 10479929,
2022-11-08 11:28:47,127 INFO     ___FILE_ONLY___ 
    "state": {
2022-11-08 11:28:47,127 INFO     ___FILE_ONLY___ 
      "name": "Not Installed"
2022-11-08 11:28:47,127 INFO     ___FILE_ONLY___ 
    }
2022-11-08 11:28:47,127 INFO     ___FILE_ONLY___ 
  }
2022-11-08 11:28:47,128 INFO     ___FILE_ONLY___ ,
  {
2022-11-08 11:28:47,128 INFO     ___FILE_ONLY___ 
    "current_version_string": null,
2022-11-08 11:28:47,128 INFO     ___FILE_ONLY___ 
    "id": "bigtable",
2022-11-08 11:28:47,128 INFO     ___FILE_ONLY___ 
    "is_configuration": false,
2022-11-08 11:28:47,128 INFO     ___FILE_ONLY___ 
    "is_hidden": false,
2022-11-08 11:28:47,128 INFO     ___FILE_ONLY___ 
    "latest_version_string": "",
2022-11-08 11:28:47,128 INFO     ___FILE_ONLY___ 
    "name": "Cloud Bigtable Emulator",
2022-11-08 11:28:47,128 INFO     ___FILE_ONLY___ 
    "platform": {
2022-11-08 11:28:47,129 INFO     ___FILE_ONLY___ 
      "architecture": {
2022-11-08 11:28:47,129 INFO     ___FILE_ONLY___ 
        "file_name": "x86_64",
2022-11-08 11:28:47,129 INFO     ___FILE_ONLY___ 
        "id": "x86_64",
2022-11-08 11:28:47,129 INFO     ___FILE_ONLY___ 
        "name": "x86_64"
2022-11-08 11:28:47,129 INFO     ___FILE_ONLY___ 
      },
2022-11-08 11:28:47,129 INFO     ___FILE_ONLY___ 
      "operating_system": {
2022-11-08 11:28:47,129 INFO     ___FILE_ONLY___ 
        "file_name": "darwin",
2022-11-08 11:28:47,129 INFO     ___FILE_ONLY___ 
        "id": "MACOSX",
2022-11-08 11:28:47,130 INFO     ___FILE_ONLY___ 
        "name": "Mac OS X"
2022-11-08 11:28:47,130 INFO     ___FILE_ONLY___ 
      }
2022-11-08 11:28:47,130 INFO     ___FILE_ONLY___ 
    },
2022-11-08 11:28:47,130 INFO     ___FILE_ONLY___ 
    "platform_required": false,
2022-11-08 11:28:47,130 INFO     ___FILE_ONLY___ 
    "size": 6842480,
2022-11-08 11:28:47,130 INFO     ___FILE_ONLY___ 
    "state": {
2022-11-08 11:28:47,130 INFO     ___FILE_ONLY___ 
      "name": "Not Installed"
2022-11-08 11:28:47,130 INFO     ___FILE_ONLY___ 
    }
2022-11-08 11:28:47,130 INFO     ___FILE_ONLY___ 
  }
2022-11-08 11:28:47,131 INFO     ___FILE_ONLY___ ,
  {
2022-11-08 11:28:47,131 INFO     ___FILE_ONLY___ 
    "current_version_string": null,
2022-11-08 11:28:47,131 INFO     ___FILE_ONLY___ 
    "id": "datalab",
2022-11-08 11:28:47,131 INFO     ___FILE_ONLY___ 
    "is_configuration": false,
2022-11-08 11:28:47,131 INFO     ___FILE_ONLY___ 
    "is_hidden": false,
2022-11-08 11:28:47,131 INFO     ___FILE_ONLY___ 
    "latest_version_string": "20190610",
2022-11-08 11:28:47,131 INFO     ___FILE_ONLY___ 
    "name": "Cloud Datalab Command Line Tool",
2022-11-08 11:28:47,131 INFO     ___FILE_ONLY___ 
    "platform": {
2022-11-08 11:28:47,131 INFO     ___FILE_ONLY___ 
      "architecture": {
2022-11-08 11:28:47,131 INFO     ___FILE_ONLY___ 
        "file_name": "x86_64",
2022-11-08 11:28:47,131 INFO     ___FILE_ONLY___ 
        "id": "x86_64",
2022-11-08 11:28:47,131 INFO     ___FILE_ONLY___ 
        "name": "x86_64"
2022-11-08 11:28:47,131 INFO     ___FILE_ONLY___ 
      },
2022-11-08 11:28:47,131 INFO     ___FILE_ONLY___ 
      "operating_system": {
2022-11-08 11:28:47,132 INFO     ___FILE_ONLY___ 
        "file_name": "darwin",
2022-11-08 11:28:47,132 INFO     ___FILE_ONLY___ 
        "id": "MACOSX",
2022-11-08 11:28:47,132 INFO     ___FILE_ONLY___ 
        "name": "Mac OS X"
2022-11-08 11:28:47,132 INFO     ___FILE_ONLY___ 
      }
2022-11-08 11:28:47,132 INFO     ___FILE_ONLY___ 
    },
2022-11-08 11:28:47,132 INFO     ___FILE_ONLY___ 
    "platform_required": false,
2022-11-08 11:28:47,132 INFO     ___FILE_ONLY___ 
    "size": 74849,
2022-11-08 11:28:47,132 INFO     ___FILE_ONLY___ 
    "state": {
2022-11-08 11:28:47,132 INFO     ___FILE_ONLY___ 
      "name": "Not Installed"
2022-11-08 11:28:47,132 INFO     ___FILE_ONLY___ 
    }
2022-11-08 11:28:47,132 INFO     ___FILE_ONLY___ 
  }
2022-11-08 11:28:47,135 INFO     ___FILE_ONLY___ ,
  {
2022-11-08 11:28:47,135 INFO     ___FILE_ONLY___ 
    "current_version_string": null,
2022-11-08 11:28:47,135 INFO     ___FILE_ONLY___ 
    "id": "cloud-datastore-emulator",
2022-11-08 11:28:47,135 INFO     ___FILE_ONLY___ 
    "is_configuration": false,
2022-11-08 11:28:47,136 INFO     ___FILE_ONLY___ 
    "is_hidden": false,
2022-11-08 11:28:47,136 INFO     ___FILE_ONLY___ 
    "latest_version_string": "2.3.0",
2022-11-08 11:28:47,136 INFO     ___FILE_ONLY___ 
    "name": "Cloud Datastore Emulator",
2022-11-08 11:28:47,136 INFO     ___FILE_ONLY___ 
    "platform": {
2022-11-08 11:28:47,136 INFO     ___FILE_ONLY___ 
      "architecture": {
2022-11-08 11:28:47,136 INFO     ___FILE_ONLY___ 
        "file_name": "x86_64",
2022-11-08 11:28:47,136 INFO     ___FILE_ONLY___ 
        "id": "x86_64",
2022-11-08 11:28:47,136 INFO     ___FILE_ONLY___ 
        "name": "x86_64"
2022-11-08 11:28:47,137 INFO     ___FILE_ONLY___ 
      },
2022-11-08 11:28:47,137 INFO     ___FILE_ONLY___ 
      "operating_system": {
2022-11-08 11:28:47,137 INFO     ___FILE_ONLY___ 
        "file_name": "darwin",
2022-11-08 11:28:47,137 INFO     ___FILE_ONLY___ 
        "id": "MACOSX",
2022-11-08 11:28:47,137 INFO     ___FILE_ONLY___ 
        "name": "Mac OS X"
2022-11-08 11:28:47,137 INFO     ___FILE_ONLY___ 
      }
2022-11-08 11:28:47,137 INFO     ___FILE_ONLY___ 
    },
2022-11-08 11:28:47,137 INFO     ___FILE_ONLY___ 
    "platform_required": false,
2022-11-08 11:28:47,137 INFO     ___FILE_ONLY___ 
    "size": 36755687,
2022-11-08 11:28:47,138 INFO     ___FILE_ONLY___ 
    "state": {
2022-11-08 11:28:47,138 INFO     ___FILE_ONLY___ 
      "name": "Not Installed"
2022-11-08 11:28:47,138 INFO     ___FILE_ONLY___ 
    }
2022-11-08 11:28:47,138 INFO     ___FILE_ONLY___ 
  }
2022-11-08 11:28:47,145 INFO     ___FILE_ONLY___ ,
  {
2022-11-08 11:28:47,146 INFO     ___FILE_ONLY___ 
    "current_version_string": null,
2022-11-08 11:28:47,146 INFO     ___FILE_ONLY___ 
    "id": "cloud-firestore-emulator",
2022-11-08 11:28:47,146 INFO     ___FILE_ONLY___ 
    "is_configuration": false,
2022-11-08 11:28:47,146 INFO     ___FILE_ONLY___ 
    "is_hidden": false,
2022-11-08 11:28:47,146 INFO     ___FILE_ONLY___ 
    "latest_version_string": "1.14.4",
2022-11-08 11:28:47,146 INFO     ___FILE_ONLY___ 
    "name": "Cloud Firestore Emulator",
2022-11-08 11:28:47,146 INFO     ___FILE_ONLY___ 
    "platform": {
2022-11-08 11:28:47,146 INFO     ___FILE_ONLY___ 
      "architecture": {
2022-11-08 11:28:47,147 INFO     ___FILE_ONLY___ 
        "file_name": "x86_64",
2022-11-08 11:28:47,147 INFO     ___FILE_ONLY___ 
        "id": "x86_64",
2022-11-08 11:28:47,147 INFO     ___FILE_ONLY___ 
        "name": "x86_64"
2022-11-08 11:28:47,147 INFO     ___FILE_ONLY___ 
      },
2022-11-08 11:28:47,147 INFO     ___FILE_ONLY___ 
      "operating_system": {
2022-11-08 11:28:47,147 INFO     ___FILE_ONLY___ 
        "file_name": "darwin",
2022-11-08 11:28:47,147 INFO     ___FILE_ONLY___ 
        "id": "MACOSX",
2022-11-08 11:28:47,147 INFO     ___FILE_ONLY___ 
        "name": "Mac OS X"
2022-11-08 11:28:47,148 INFO     ___FILE_ONLY___ 
      }
2022-11-08 11:28:47,148 INFO     ___FILE_ONLY___ 
    },
2022-11-08 11:28:47,148 INFO     ___FILE_ONLY___ 
    "platform_required": false,
2022-11-08 11:28:47,148 INFO     ___FILE_ONLY___ 
    "size": 42140696,
2022-11-08 11:28:47,148 INFO     ___FILE_ONLY___ 
    "state": {
2022-11-08 11:28:47,148 INFO     ___FILE_ONLY___ 
      "name": "Not Installed"
2022-11-08 11:28:47,148 INFO     ___FILE_ONLY___ 
    }
2022-11-08 11:28:47,148 INFO     ___FILE_ONLY___ 
  }
2022-11-08 11:28:47,149 INFO     ___FILE_ONLY___ ,
  {
2022-11-08 11:28:47,149 INFO     ___FILE_ONLY___ 
    "current_version_string": null,
2022-11-08 11:28:47,149 INFO     ___FILE_ONLY___ 
    "id": "pubsub-emulator",
2022-11-08 11:28:47,150 INFO     ___FILE_ONLY___ 
    "is_configuration": false,
2022-11-08 11:28:47,150 INFO     ___FILE_ONLY___ 
    "is_hidden": false,
2022-11-08 11:28:47,150 INFO     ___FILE_ONLY___ 
    "latest_version_string": "0.7.1",
2022-11-08 11:28:47,150 INFO     ___FILE_ONLY___ 
    "name": "Cloud Pub/Sub Emulator",
2022-11-08 11:28:47,150 INFO     ___FILE_ONLY___ 
    "platform": {
2022-11-08 11:28:47,150 INFO     ___FILE_ONLY___ 
      "architecture": {
2022-11-08 11:28:47,150 INFO     ___FILE_ONLY___ 
        "file_name": "x86_64",
2022-11-08 11:28:47,151 INFO     ___FILE_ONLY___ 
        "id": "x86_64",
2022-11-08 11:28:47,151 INFO     ___FILE_ONLY___ 
        "name": "x86_64"
2022-11-08 11:28:47,151 INFO     ___FILE_ONLY___ 
      },
2022-11-08 11:28:47,151 INFO     ___FILE_ONLY___ 
      "operating_system": {
2022-11-08 11:28:47,151 INFO     ___FILE_ONLY___ 
        "file_name": "darwin",
2022-11-08 11:28:47,151 INFO     ___FILE_ONLY___ 
        "id": "MACOSX",
2022-11-08 11:28:47,151 INFO     ___FILE_ONLY___ 
        "name": "Mac OS X"
2022-11-08 11:28:47,153 INFO     ___FILE_ONLY___ 
      }
2022-11-08 11:28:47,153 INFO     ___FILE_ONLY___ 
    },
2022-11-08 11:28:47,154 INFO     ___FILE_ONLY___ 
    "platform_required": false,
2022-11-08 11:28:47,154 INFO     ___FILE_ONLY___ 
    "size": 65403474,
2022-11-08 11:28:47,154 INFO     ___FILE_ONLY___ 
    "state": {
2022-11-08 11:28:47,154 INFO     ___FILE_ONLY___ 
      "name": "Not Installed"
2022-11-08 11:28:47,154 INFO     ___FILE_ONLY___ 
    }
2022-11-08 11:28:47,154 INFO     ___FILE_ONLY___ 
  }
2022-11-08 11:28:47,156 INFO     ___FILE_ONLY___ ,
  {
2022-11-08 11:28:47,156 INFO     ___FILE_ONLY___ 
    "current_version_string": null,
2022-11-08 11:28:47,156 INFO     ___FILE_ONLY___ 
    "id": "cloud-run-proxy",
2022-11-08 11:28:47,156 INFO     ___FILE_ONLY___ 
    "is_configuration": false,
2022-11-08 11:28:47,156 INFO     ___FILE_ONLY___ 
    "is_hidden": false,
2022-11-08 11:28:47,156 INFO     ___FILE_ONLY___ 
    "latest_version_string": "0.3.0",
2022-11-08 11:28:47,157 INFO     ___FILE_ONLY___ 
    "name": "Cloud Run Proxy",
2022-11-08 11:28:47,157 INFO     ___FILE_ONLY___ 
    "platform": {
2022-11-08 11:28:47,157 INFO     ___FILE_ONLY___ 
      "architecture": {
2022-11-08 11:28:47,157 INFO     ___FILE_ONLY___ 
        "file_name": "x86_64",
2022-11-08 11:28:47,157 INFO     ___FILE_ONLY___ 
        "id": "x86_64",
2022-11-08 11:28:47,157 INFO     ___FILE_ONLY___ 
        "name": "x86_64"
2022-11-08 11:28:47,157 INFO     ___FILE_ONLY___ 
      },
2022-11-08 11:28:47,157 INFO     ___FILE_ONLY___ 
      "operating_system": {
2022-11-08 11:28:47,157 INFO     ___FILE_ONLY___ 
        "file_name": "darwin",
2022-11-08 11:28:47,158 INFO     ___FILE_ONLY___ 
        "id": "MACOSX",
2022-11-08 11:28:47,158 INFO     ___FILE_ONLY___ 
        "name": "Mac OS X"
2022-11-08 11:28:47,158 INFO     ___FILE_ONLY___ 
      }
2022-11-08 11:28:47,158 INFO     ___FILE_ONLY___ 
    },
2022-11-08 11:28:47,158 INFO     ___FILE_ONLY___ 
    "platform_required": false,
2022-11-08 11:28:47,158 INFO     ___FILE_ONLY___ 
    "size": 8024792,
2022-11-08 11:28:47,158 INFO     ___FILE_ONLY___ 
    "state": {
2022-11-08 11:28:47,158 INFO     ___FILE_ONLY___ 
      "name": "Not Installed"
2022-11-08 11:28:47,158 INFO     ___FILE_ONLY___ 
    }
2022-11-08 11:28:47,158 INFO     ___FILE_ONLY___ 
  }
2022-11-08 11:28:47,159 INFO     ___FILE_ONLY___ ,
  {
2022-11-08 11:28:47,159 INFO     ___FILE_ONLY___ 
    "current_version_string": null,
2022-11-08 11:28:47,160 INFO     ___FILE_ONLY___ 
    "id": "cloud_sql_proxy",
2022-11-08 11:28:47,160 INFO     ___FILE_ONLY___ 
    "is_configuration": false,
2022-11-08 11:28:47,160 INFO     ___FILE_ONLY___ 
    "is_hidden": false,
2022-11-08 11:28:47,160 INFO     ___FILE_ONLY___ 
    "latest_version_string": "1.27.0",
2022-11-08 11:28:47,160 INFO     ___FILE_ONLY___ 
    "name": "Cloud SQL Proxy",
2022-11-08 11:28:47,160 INFO     ___FILE_ONLY___ 
    "platform": {
2022-11-08 11:28:47,160 INFO     ___FILE_ONLY___ 
      "architecture": {
2022-11-08 11:28:47,161 INFO     ___FILE_ONLY___ 
        "file_name": "x86_64",
2022-11-08 11:28:47,161 INFO     ___FILE_ONLY___ 
        "id": "x86_64",
2022-11-08 11:28:47,161 INFO     ___FILE_ONLY___ 
        "name": "x86_64"
2022-11-08 11:28:47,161 INFO     ___FILE_ONLY___ 
      },
2022-11-08 11:28:47,161 INFO     ___FILE_ONLY___ 
      "operating_system": {
2022-11-08 11:28:47,161 INFO     ___FILE_ONLY___ 
        "file_name": "darwin",
2022-11-08 11:28:47,161 INFO     ___FILE_ONLY___ 
        "id": "MACOSX",
2022-11-08 11:28:47,162 INFO     ___FILE_ONLY___ 
        "name": "Mac OS X"
2022-11-08 11:28:47,162 INFO     ___FILE_ONLY___ 
      }
2022-11-08 11:28:47,162 INFO     ___FILE_ONLY___ 
    },
2022-11-08 11:28:47,162 INFO     ___FILE_ONLY___ 
    "platform_required": false,
2022-11-08 11:28:47,162 INFO     ___FILE_ONLY___ 
    "size": 7986647,
2022-11-08 11:28:47,162 INFO     ___FILE_ONLY___ 
    "state": {
2022-11-08 11:28:47,162 INFO     ___FILE_ONLY___ 
      "name": "Not Installed"
2022-11-08 11:28:47,162 INFO     ___FILE_ONLY___ 
    }
2022-11-08 11:28:47,162 INFO     ___FILE_ONLY___ 
  }
2022-11-08 11:28:47,163 INFO     ___FILE_ONLY___ ,
  {
2022-11-08 11:28:47,163 INFO     ___FILE_ONLY___ 
    "current_version_string": null,
2022-11-08 11:28:47,163 INFO     ___FILE_ONLY___ 
    "id": "docker-credential-gcr",
2022-11-08 11:28:47,164 INFO     ___FILE_ONLY___ 
    "is_configuration": false,
2022-11-08 11:28:47,164 INFO     ___FILE_ONLY___ 
    "is_hidden": false,
2022-11-08 11:28:47,164 INFO     ___FILE_ONLY___ 
    "latest_version_string": "1.5.0",
2022-11-08 11:28:47,165 INFO     ___FILE_ONLY___ 
    "name": "Google Container Registry's Docker credential helper",
2022-11-08 11:28:47,165 INFO     ___FILE_ONLY___ 
    "platform": {
2022-11-08 11:28:47,165 INFO     ___FILE_ONLY___ 
      "architecture": {
2022-11-08 11:28:47,165 INFO     ___FILE_ONLY___ 
        "file_name": "x86_64",
2022-11-08 11:28:47,165 INFO     ___FILE_ONLY___ 
        "id": "x86_64",
2022-11-08 11:28:47,165 INFO     ___FILE_ONLY___ 
        "name": "x86_64"
2022-11-08 11:28:47,166 INFO     ___FILE_ONLY___ 
      },
2022-11-08 11:28:47,166 INFO     ___FILE_ONLY___ 
      "operating_system": {
2022-11-08 11:28:47,166 INFO     ___FILE_ONLY___ 
        "file_name": "darwin",
2022-11-08 11:28:47,166 INFO     ___FILE_ONLY___ 
        "id": "MACOSX",
2022-11-08 11:28:47,166 INFO     ___FILE_ONLY___ 
        "name": "Mac OS X"
2022-11-08 11:28:47,166 INFO     ___FILE_ONLY___ 
      }
2022-11-08 11:28:47,166 INFO     ___FILE_ONLY___ 
    },
2022-11-08 11:28:47,166 INFO     ___FILE_ONLY___ 
    "platform_required": false,
2022-11-08 11:28:47,167 INFO     ___FILE_ONLY___ 
    "size": 2266831,
2022-11-08 11:28:47,167 INFO     ___FILE_ONLY___ 
    "state": {
2022-11-08 11:28:47,167 INFO     ___FILE_ONLY___ 
      "name": "Not Installed"
2022-11-08 11:28:47,167 INFO     ___FILE_ONLY___ 
    }
2022-11-08 11:28:47,167 INFO     ___FILE_ONLY___ 
  }
2022-11-08 11:28:47,168 INFO     ___FILE_ONLY___ ,
  {
2022-11-08 11:28:47,168 INFO     ___FILE_ONLY___ 
    "current_version_string": null,
2022-11-08 11:28:47,168 INFO     ___FILE_ONLY___ 
    "id": "kustomize",
2022-11-08 11:28:47,168 INFO     ___FILE_ONLY___ 
    "is_configuration": false,
2022-11-08 11:28:47,169 INFO     ___FILE_ONLY___ 
    "is_hidden": false,
2022-11-08 11:28:47,169 INFO     ___FILE_ONLY___ 
    "latest_version_string": "4.4.0",
2022-11-08 11:28:47,169 INFO     ___FILE_ONLY___ 
    "name": "Kustomize",
2022-11-08 11:28:47,169 INFO     ___FILE_ONLY___ 
    "platform": {
2022-11-08 11:28:47,169 INFO     ___FILE_ONLY___ 
      "architecture": {
2022-11-08 11:28:47,169 INFO     ___FILE_ONLY___ 
        "file_name": "x86_64",
2022-11-08 11:28:47,169 INFO     ___FILE_ONLY___ 
        "id": "x86_64",
2022-11-08 11:28:47,169 INFO     ___FILE_ONLY___ 
        "name": "x86_64"
2022-11-08 11:28:47,169 INFO     ___FILE_ONLY___ 
      },
2022-11-08 11:28:47,170 INFO     ___FILE_ONLY___ 
      "operating_system": {
2022-11-08 11:28:47,170 INFO     ___FILE_ONLY___ 
        "file_name": "darwin",
2022-11-08 11:28:47,170 INFO     ___FILE_ONLY___ 
        "id": "MACOSX",
2022-11-08 11:28:47,170 INFO     ___FILE_ONLY___ 
        "name": "Mac OS X"
2022-11-08 11:28:47,170 INFO     ___FILE_ONLY___ 
      }
2022-11-08 11:28:47,170 INFO     ___FILE_ONLY___ 
    },
2022-11-08 11:28:47,170 INFO     ___FILE_ONLY___ 
    "platform_required": false,
2022-11-08 11:28:47,170 INFO     ___FILE_ONLY___ 
    "size": 7961940,
2022-11-08 11:28:47,170 INFO     ___FILE_ONLY___ 
    "state": {
2022-11-08 11:28:47,171 INFO     ___FILE_ONLY___ 
      "name": "Not Installed"
2022-11-08 11:28:47,171 INFO     ___FILE_ONLY___ 
    }
2022-11-08 11:28:47,171 INFO     ___FILE_ONLY___ 
  }
2022-11-08 11:28:47,171 INFO     ___FILE_ONLY___ ,
  {
2022-11-08 11:28:47,172 INFO     ___FILE_ONLY___ 
    "current_version_string": null,
2022-11-08 11:28:47,172 INFO     ___FILE_ONLY___ 
    "id": "log-streaming",
2022-11-08 11:28:47,172 INFO     ___FILE_ONLY___ 
    "is_configuration": false,
2022-11-08 11:28:47,172 INFO     ___FILE_ONLY___ 
    "is_hidden": false,
2022-11-08 11:28:47,172 INFO     ___FILE_ONLY___ 
    "latest_version_string": "0.3.0",
2022-11-08 11:28:47,172 INFO     ___FILE_ONLY___ 
    "name": "Log Streaming",
2022-11-08 11:28:47,172 INFO     ___FILE_ONLY___ 
    "platform": {
2022-11-08 11:28:47,172 INFO     ___FILE_ONLY___ 
      "architecture": {
2022-11-08 11:28:47,172 INFO     ___FILE_ONLY___ 
        "file_name": "x86_64",
2022-11-08 11:28:47,172 INFO     ___FILE_ONLY___ 
        "id": "x86_64",
2022-11-08 11:28:47,172 INFO     ___FILE_ONLY___ 
        "name": "x86_64"
2022-11-08 11:28:47,172 INFO     ___FILE_ONLY___ 
      },
2022-11-08 11:28:47,177 INFO     ___FILE_ONLY___ 
      "operating_system": {
2022-11-08 11:28:47,177 INFO     ___FILE_ONLY___ 
        "file_name": "darwin",
2022-11-08 11:28:47,177 INFO     ___FILE_ONLY___ 
        "id": "MACOSX",
2022-11-08 11:28:47,177 INFO     ___FILE_ONLY___ 
        "name": "Mac OS X"
2022-11-08 11:28:47,178 INFO     ___FILE_ONLY___ 
      }
2022-11-08 11:28:47,178 INFO     ___FILE_ONLY___ 
    },
2022-11-08 11:28:47,179 INFO     ___FILE_ONLY___ 
    "platform_required": false,
2022-11-08 11:28:47,179 INFO     ___FILE_ONLY___ 
    "size": 12864820,
2022-11-08 11:28:47,179 INFO     ___FILE_ONLY___ 
    "state": {
2022-11-08 11:28:47,179 INFO     ___FILE_ONLY___ 
      "name": "Not Installed"
2022-11-08 11:28:47,180 INFO     ___FILE_ONLY___ 
    }
2022-11-08 11:28:47,180 INFO     ___FILE_ONLY___ 
  }
2022-11-08 11:28:47,182 INFO     ___FILE_ONLY___ ,
  {
2022-11-08 11:28:47,182 INFO     ___FILE_ONLY___ 
    "current_version_string": null,
2022-11-08 11:28:47,182 INFO     ___FILE_ONLY___ 
    "id": "nomos",
2022-11-08 11:28:47,183 INFO     ___FILE_ONLY___ 
    "is_configuration": false,
2022-11-08 11:28:47,183 INFO     ___FILE_ONLY___ 
    "is_hidden": false,
2022-11-08 11:28:47,183 INFO     ___FILE_ONLY___ 
    "latest_version_string": "1.13.1-rc.4",
2022-11-08 11:28:47,183 INFO     ___FILE_ONLY___ 
    "name": "Nomos CLI",
2022-11-08 11:28:47,183 INFO     ___FILE_ONLY___ 
    "platform": {
2022-11-08 11:28:47,183 INFO     ___FILE_ONLY___ 
      "architecture": {
2022-11-08 11:28:47,183 INFO     ___FILE_ONLY___ 
        "file_name": "x86_64",
2022-11-08 11:28:47,183 INFO     ___FILE_ONLY___ 
        "id": "x86_64",
2022-11-08 11:28:47,183 INFO     ___FILE_ONLY___ 
        "name": "x86_64"
2022-11-08 11:28:47,183 INFO     ___FILE_ONLY___ 
      },
2022-11-08 11:28:47,183 INFO     ___FILE_ONLY___ 
      "operating_system": {
2022-11-08 11:28:47,183 INFO     ___FILE_ONLY___ 
        "file_name": "darwin",
2022-11-08 11:28:47,184 INFO     ___FILE_ONLY___ 
        "id": "MACOSX",
2022-11-08 11:28:47,184 INFO     ___FILE_ONLY___ 
        "name": "Mac OS X"
2022-11-08 11:28:47,184 INFO     ___FILE_ONLY___ 
      }
2022-11-08 11:28:47,184 INFO     ___FILE_ONLY___ 
    },
2022-11-08 11:28:47,184 INFO     ___FILE_ONLY___ 
    "platform_required": false,
2022-11-08 11:28:47,184 INFO     ___FILE_ONLY___ 
    "size": 25597173,
2022-11-08 11:28:47,184 INFO     ___FILE_ONLY___ 
    "state": {
2022-11-08 11:28:47,184 INFO     ___FILE_ONLY___ 
      "name": "Not Installed"
2022-11-08 11:28:47,184 INFO     ___FILE_ONLY___ 
    }
2022-11-08 11:28:47,184 INFO     ___FILE_ONLY___ 
  }
2022-11-08 11:28:47,185 INFO     ___FILE_ONLY___ ,
  {
2022-11-08 11:28:47,185 INFO     ___FILE_ONLY___ 
    "current_version_string": null,
2022-11-08 11:28:47,185 INFO     ___FILE_ONLY___ 
    "id": "local-extract",
2022-11-08 11:28:47,185 INFO     ___FILE_ONLY___ 
    "is_configuration": false,
2022-11-08 11:28:47,185 INFO     ___FILE_ONLY___ 
    "is_hidden": false,
2022-11-08 11:28:47,186 INFO     ___FILE_ONLY___ 
    "latest_version_string": "1.5.5",
2022-11-08 11:28:47,186 INFO     ___FILE_ONLY___ 
    "name": "On-Demand Scanning API extraction helper",
2022-11-08 11:28:47,186 INFO     ___FILE_ONLY___ 
    "platform": {
2022-11-08 11:28:47,186 INFO     ___FILE_ONLY___ 
      "architecture": {
2022-11-08 11:28:47,186 INFO     ___FILE_ONLY___ 
        "file_name": "x86_64",
2022-11-08 11:28:47,186 INFO     ___FILE_ONLY___ 
        "id": "x86_64",
2022-11-08 11:28:47,186 INFO     ___FILE_ONLY___ 
        "name": "x86_64"
2022-11-08 11:28:47,186 INFO     ___FILE_ONLY___ 
      },
2022-11-08 11:28:47,186 INFO     ___FILE_ONLY___ 
      "operating_system": {
2022-11-08 11:28:47,187 INFO     ___FILE_ONLY___ 
        "file_name": "darwin",
2022-11-08 11:28:47,187 INFO     ___FILE_ONLY___ 
        "id": "MACOSX",
2022-11-08 11:28:47,187 INFO     ___FILE_ONLY___ 
        "name": "Mac OS X"
2022-11-08 11:28:47,187 INFO     ___FILE_ONLY___ 
      }
2022-11-08 11:28:47,187 INFO     ___FILE_ONLY___ 
    },
2022-11-08 11:28:47,187 INFO     ___FILE_ONLY___ 
    "platform_required": false,
2022-11-08 11:28:47,187 INFO     ___FILE_ONLY___ 
    "size": 12442952,
2022-11-08 11:28:47,187 INFO     ___FILE_ONLY___ 
    "state": {
2022-11-08 11:28:47,187 INFO     ___FILE_ONLY___ 
      "name": "Not Installed"
2022-11-08 11:28:47,187 INFO     ___FILE_ONLY___ 
    }
2022-11-08 11:28:47,188 INFO     ___FILE_ONLY___ 
  }
2022-11-08 11:28:47,188 INFO     ___FILE_ONLY___ ,
  {
2022-11-08 11:28:47,189 INFO     ___FILE_ONLY___ 
    "current_version_string": null,
2022-11-08 11:28:47,189 INFO     ___FILE_ONLY___ 
    "id": "terraform-tools",
2022-11-08 11:28:47,189 INFO     ___FILE_ONLY___ 
    "is_configuration": false,
2022-11-08 11:28:47,189 INFO     ___FILE_ONLY___ 
    "is_hidden": false,
2022-11-08 11:28:47,189 INFO     ___FILE_ONLY___ 
    "latest_version_string": "0.8.0",
2022-11-08 11:28:47,189 INFO     ___FILE_ONLY___ 
    "name": "Terraform Tools",
2022-11-08 11:28:47,189 INFO     ___FILE_ONLY___ 
    "platform": {
2022-11-08 11:28:47,189 INFO     ___FILE_ONLY___ 
      "architecture": {
2022-11-08 11:28:47,190 INFO     ___FILE_ONLY___ 
        "file_name": "x86_64",
2022-11-08 11:28:47,190 INFO     ___FILE_ONLY___ 
        "id": "x86_64",
2022-11-08 11:28:47,190 INFO     ___FILE_ONLY___ 
        "name": "x86_64"
2022-11-08 11:28:47,190 INFO     ___FILE_ONLY___ 
      },
2022-11-08 11:28:47,190 INFO     ___FILE_ONLY___ 
      "operating_system": {
2022-11-08 11:28:47,190 INFO     ___FILE_ONLY___ 
        "file_name": "darwin",
2022-11-08 11:28:47,190 INFO     ___FILE_ONLY___ 
        "id": "MACOSX",
2022-11-08 11:28:47,191 INFO     ___FILE_ONLY___ 
        "name": "Mac OS X"
2022-11-08 11:28:47,191 INFO     ___FILE_ONLY___ 
      }
2022-11-08 11:28:47,191 INFO     ___FILE_ONLY___ 
    },
2022-11-08 11:28:47,191 INFO     ___FILE_ONLY___ 
    "platform_required": false,
2022-11-08 11:28:47,191 INFO     ___FILE_ONLY___ 
    "size": 56276984,
2022-11-08 11:28:47,191 INFO     ___FILE_ONLY___ 
    "state": {
2022-11-08 11:28:47,191 INFO     ___FILE_ONLY___ 
      "name": "Not Installed"
2022-11-08 11:28:47,191 INFO     ___FILE_ONLY___ 
    }
2022-11-08 11:28:47,191 INFO     ___FILE_ONLY___ 
  }
2022-11-08 11:28:47,193 INFO     ___FILE_ONLY___ ,
  {
2022-11-08 11:28:47,194 INFO     ___FILE_ONLY___ 
    "current_version_string": null,
2022-11-08 11:28:47,194 INFO     ___FILE_ONLY___ 
    "id": "anthos-auth",
2022-11-08 11:28:47,194 INFO     ___FILE_ONLY___ 
    "is_configuration": false,
2022-11-08 11:28:47,194 INFO     ___FILE_ONLY___ 
    "is_hidden": false,
2022-11-08 11:28:47,194 INFO     ___FILE_ONLY___ 
    "latest_version_string": "1.4.4",
2022-11-08 11:28:47,194 INFO     ___FILE_ONLY___ 
    "name": "anthos-auth",
2022-11-08 11:28:47,195 INFO     ___FILE_ONLY___ 
    "platform": {
2022-11-08 11:28:47,195 INFO     ___FILE_ONLY___ 
      "architecture": {
2022-11-08 11:28:47,195 INFO     ___FILE_ONLY___ 
        "file_name": "x86_64",
2022-11-08 11:28:47,195 INFO     ___FILE_ONLY___ 
        "id": "x86_64",
2022-11-08 11:28:47,195 INFO     ___FILE_ONLY___ 
        "name": "x86_64"
2022-11-08 11:28:47,195 INFO     ___FILE_ONLY___ 
      },
2022-11-08 11:28:47,196 INFO     ___FILE_ONLY___ 
      "operating_system": {
2022-11-08 11:28:47,196 INFO     ___FILE_ONLY___ 
        "file_name": "darwin",
2022-11-08 11:28:47,196 INFO     ___FILE_ONLY___ 
        "id": "MACOSX",
2022-11-08 11:28:47,196 INFO     ___FILE_ONLY___ 
        "name": "Mac OS X"
2022-11-08 11:28:47,196 INFO     ___FILE_ONLY___ 
      }
2022-11-08 11:28:47,197 INFO     ___FILE_ONLY___ 
    },
2022-11-08 11:28:47,197 INFO     ___FILE_ONLY___ 
    "platform_required": false,
2022-11-08 11:28:47,197 INFO     ___FILE_ONLY___ 
    "size": 21183974,
2022-11-08 11:28:47,197 INFO     ___FILE_ONLY___ 
    "state": {
2022-11-08 11:28:47,197 INFO     ___FILE_ONLY___ 
      "name": "Not Installed"
2022-11-08 11:28:47,197 INFO     ___FILE_ONLY___ 
    }
2022-11-08 11:28:47,197 INFO     ___FILE_ONLY___ 
  }
2022-11-08 11:28:47,198 INFO     ___FILE_ONLY___ ,
  {
2022-11-08 11:28:47,198 INFO     ___FILE_ONLY___ 
    "current_version_string": null,
2022-11-08 11:28:47,198 INFO     ___FILE_ONLY___ 
    "id": "config-connector",
2022-11-08 11:28:47,198 INFO     ___FILE_ONLY___ 
    "is_configuration": false,
2022-11-08 11:28:47,198 INFO     ___FILE_ONLY___ 
    "is_hidden": false,
2022-11-08 11:28:47,199 INFO     ___FILE_ONLY___ 
    "latest_version_string": "1.93.0",
2022-11-08 11:28:47,199 INFO     ___FILE_ONLY___ 
    "name": "config-connector",
2022-11-08 11:28:47,199 INFO     ___FILE_ONLY___ 
    "platform": {
2022-11-08 11:28:47,199 INFO     ___FILE_ONLY___ 
      "architecture": {
2022-11-08 11:28:47,199 INFO     ___FILE_ONLY___ 
        "file_name": "x86_64",
2022-11-08 11:28:47,199 INFO     ___FILE_ONLY___ 
        "id": "x86_64",
2022-11-08 11:28:47,199 INFO     ___FILE_ONLY___ 
        "name": "x86_64"
2022-11-08 11:28:47,199 INFO     ___FILE_ONLY___ 
      },
2022-11-08 11:28:47,199 INFO     ___FILE_ONLY___ 
      "operating_system": {
2022-11-08 11:28:47,199 INFO     ___FILE_ONLY___ 
        "file_name": "darwin",
2022-11-08 11:28:47,199 INFO     ___FILE_ONLY___ 
        "id": "MACOSX",
2022-11-08 11:28:47,199 INFO     ___FILE_ONLY___ 
        "name": "Mac OS X"
2022-11-08 11:28:47,200 INFO     ___FILE_ONLY___ 
      }
2022-11-08 11:28:47,200 INFO     ___FILE_ONLY___ 
    },
2022-11-08 11:28:47,200 INFO     ___FILE_ONLY___ 
    "platform_required": false,
2022-11-08 11:28:47,200 INFO     ___FILE_ONLY___ 
    "size": 59915703,
2022-11-08 11:28:47,200 INFO     ___FILE_ONLY___ 
    "state": {
2022-11-08 11:28:47,200 INFO     ___FILE_ONLY___ 
      "name": "Not Installed"
2022-11-08 11:28:47,200 INFO     ___FILE_ONLY___ 
    }
2022-11-08 11:28:47,200 INFO     ___FILE_ONLY___ 
  }
2022-11-08 11:28:47,201 INFO     ___FILE_ONLY___ ,
  {
2022-11-08 11:28:47,201 INFO     ___FILE_ONLY___ 
    "current_version_string": null,
2022-11-08 11:28:47,201 INFO     ___FILE_ONLY___ 
    "id": "app-engine-java",
2022-11-08 11:28:47,201 INFO     ___FILE_ONLY___ 
    "is_configuration": false,
2022-11-08 11:28:47,201 INFO     ___FILE_ONLY___ 
    "is_hidden": false,
2022-11-08 11:28:47,201 INFO     ___FILE_ONLY___ 
    "latest_version_string": "2.0.9",
2022-11-08 11:28:47,201 INFO     ___FILE_ONLY___ 
    "name": "gcloud app Java Extensions",
2022-11-08 11:28:47,201 INFO     ___FILE_ONLY___ 
    "platform": {
2022-11-08 11:28:47,201 INFO     ___FILE_ONLY___ 
      "architecture": {
2022-11-08 11:28:47,201 INFO     ___FILE_ONLY___ 
        "file_name": "x86_64",
2022-11-08 11:28:47,202 INFO     ___FILE_ONLY___ 
        "id": "x86_64",
2022-11-08 11:28:47,202 INFO     ___FILE_ONLY___ 
        "name": "x86_64"
2022-11-08 11:28:47,202 INFO     ___FILE_ONLY___ 
      },
2022-11-08 11:28:47,202 INFO     ___FILE_ONLY___ 
      "operating_system": {
2022-11-08 11:28:47,202 INFO     ___FILE_ONLY___ 
        "file_name": "darwin",
2022-11-08 11:28:47,202 INFO     ___FILE_ONLY___ 
        "id": "MACOSX",
2022-11-08 11:28:47,202 INFO     ___FILE_ONLY___ 
        "name": "Mac OS X"
2022-11-08 11:28:47,202 INFO     ___FILE_ONLY___ 
      }
2022-11-08 11:28:47,202 INFO     ___FILE_ONLY___ 
    },
2022-11-08 11:28:47,202 INFO     ___FILE_ONLY___ 
    "platform_required": false,
2022-11-08 11:28:47,202 INFO     ___FILE_ONLY___ 
    "size": 67584086,
2022-11-08 11:28:47,202 INFO     ___FILE_ONLY___ 
    "state": {
2022-11-08 11:28:47,202 INFO     ___FILE_ONLY___ 
      "name": "Not Installed"
2022-11-08 11:28:47,202 INFO     ___FILE_ONLY___ 
    }
2022-11-08 11:28:47,202 INFO     ___FILE_ONLY___ 
  }
2022-11-08 11:28:47,203 INFO     ___FILE_ONLY___ ,
  {
2022-11-08 11:28:47,203 INFO     ___FILE_ONLY___ 
    "current_version_string": null,
2022-11-08 11:28:47,203 INFO     ___FILE_ONLY___ 
    "id": "app-engine-php",
2022-11-08 11:28:47,203 INFO     ___FILE_ONLY___ 
    "is_configuration": false,
2022-11-08 11:28:47,207 INFO     ___FILE_ONLY___ 
    "is_hidden": false,
2022-11-08 11:28:47,207 INFO     ___FILE_ONLY___ 
    "latest_version_string": "",
2022-11-08 11:28:47,208 INFO     ___FILE_ONLY___ 
    "name": "gcloud app PHP Extensions",
2022-11-08 11:28:47,208 INFO     ___FILE_ONLY___ 
    "platform": {
2022-11-08 11:28:47,208 INFO     ___FILE_ONLY___ 
      "architecture": {
2022-11-08 11:28:47,208 INFO     ___FILE_ONLY___ 
        "file_name": "x86_64",
2022-11-08 11:28:47,208 INFO     ___FILE_ONLY___ 
        "id": "x86_64",
2022-11-08 11:28:47,208 INFO     ___FILE_ONLY___ 
        "name": "x86_64"
2022-11-08 11:28:47,276 INFO     ___FILE_ONLY___ 
      },
2022-11-08 11:28:47,277 INFO     ___FILE_ONLY___ 
      "operating_system": {
2022-11-08 11:28:47,277 INFO     ___FILE_ONLY___ 
        "file_name": "darwin",
2022-11-08 11:28:47,277 INFO     ___FILE_ONLY___ 
        "id": "MACOSX",
2022-11-08 11:28:47,277 INFO     ___FILE_ONLY___ 
        "name": "Mac OS X"
2022-11-08 11:28:47,277 INFO     ___FILE_ONLY___ 
      }
2022-11-08 11:28:47,278 INFO     ___FILE_ONLY___ 
    },
2022-11-08 11:28:47,278 INFO     ___FILE_ONLY___ 
    "platform_required": false,
2022-11-08 11:28:47,278 INFO     ___FILE_ONLY___ 
    "size": 22985548,
2022-11-08 11:28:47,278 INFO     ___FILE_ONLY___ 
    "state": {
2022-11-08 11:28:47,278 INFO     ___FILE_ONLY___ 
      "name": "Not Installed"
2022-11-08 11:28:47,278 INFO     ___FILE_ONLY___ 
    }
2022-11-08 11:28:47,278 INFO     ___FILE_ONLY___ 
  }
2022-11-08 11:28:47,279 INFO     ___FILE_ONLY___ ,
  {
2022-11-08 11:28:47,279 INFO     ___FILE_ONLY___ 
    "current_version_string": null,
2022-11-08 11:28:47,279 INFO     ___FILE_ONLY___ 
    "id": "app-engine-python",
2022-11-08 11:28:47,279 INFO     ___FILE_ONLY___ 
    "is_configuration": false,
2022-11-08 11:28:47,280 INFO     ___FILE_ONLY___ 
    "is_hidden": false,
2022-11-08 11:28:47,280 INFO     ___FILE_ONLY___ 
    "latest_version_string": "1.9.101",
2022-11-08 11:28:47,280 INFO     ___FILE_ONLY___ 
    "name": "gcloud app Python Extensions",
2022-11-08 11:28:47,280 INFO     ___FILE_ONLY___ 
    "platform": {
2022-11-08 11:28:47,280 INFO     ___FILE_ONLY___ 
      "architecture": {
2022-11-08 11:28:47,280 INFO     ___FILE_ONLY___ 
        "file_name": "x86_64",
2022-11-08 11:28:47,280 INFO     ___FILE_ONLY___ 
        "id": "x86_64",
2022-11-08 11:28:47,280 INFO     ___FILE_ONLY___ 
        "name": "x86_64"
2022-11-08 11:28:47,281 INFO     ___FILE_ONLY___ 
      },
2022-11-08 11:28:47,281 INFO     ___FILE_ONLY___ 
      "operating_system": {
2022-11-08 11:28:47,281 INFO     ___FILE_ONLY___ 
        "file_name": "darwin",
2022-11-08 11:28:47,281 INFO     ___FILE_ONLY___ 
        "id": "MACOSX",
2022-11-08 11:28:47,281 INFO     ___FILE_ONLY___ 
        "name": "Mac OS X"
2022-11-08 11:28:47,281 INFO     ___FILE_ONLY___ 
      }
2022-11-08 11:28:47,281 INFO     ___FILE_ONLY___ 
    },
2022-11-08 11:28:47,281 INFO     ___FILE_ONLY___ 
    "platform_required": false,
2022-11-08 11:28:47,281 INFO     ___FILE_ONLY___ 
    "size": 9044876,
2022-11-08 11:28:47,282 INFO     ___FILE_ONLY___ 
    "state": {
2022-11-08 11:28:47,282 INFO     ___FILE_ONLY___ 
      "name": "Not Installed"
2022-11-08 11:28:47,282 INFO     ___FILE_ONLY___ 
    }
2022-11-08 11:28:47,282 INFO     ___FILE_ONLY___ 
  }
2022-11-08 11:28:47,283 INFO     ___FILE_ONLY___ ,
  {
2022-11-08 11:28:47,283 INFO     ___FILE_ONLY___ 
    "current_version_string": null,
2022-11-08 11:28:47,283 INFO     ___FILE_ONLY___ 
    "id": "app-engine-python-extras",
2022-11-08 11:28:47,283 INFO     ___FILE_ONLY___ 
    "is_configuration": false,
2022-11-08 11:28:47,283 INFO     ___FILE_ONLY___ 
    "is_hidden": false,
2022-11-08 11:28:47,283 INFO     ___FILE_ONLY___ 
    "latest_version_string": "1.9.96",
2022-11-08 11:28:47,283 INFO     ___FILE_ONLY___ 
    "name": "gcloud app Python Extensions (Extra Libraries)",
2022-11-08 11:28:47,284 INFO     ___FILE_ONLY___ 
    "platform": {
2022-11-08 11:28:47,284 INFO     ___FILE_ONLY___ 
      "architecture": {
2022-11-08 11:28:47,284 INFO     ___FILE_ONLY___ 
        "file_name": "x86_64",
2022-11-08 11:28:47,284 INFO     ___FILE_ONLY___ 
        "id": "x86_64",
2022-11-08 11:28:47,284 INFO     ___FILE_ONLY___ 
        "name": "x86_64"
2022-11-08 11:28:47,284 INFO     ___FILE_ONLY___ 
      },
2022-11-08 11:28:47,284 INFO     ___FILE_ONLY___ 
      "operating_system": {
2022-11-08 11:28:47,284 INFO     ___FILE_ONLY___ 
        "file_name": "darwin",
2022-11-08 11:28:47,284 INFO     ___FILE_ONLY___ 
        "id": "MACOSX",
2022-11-08 11:28:47,285 INFO     ___FILE_ONLY___ 
        "name": "Mac OS X"
2022-11-08 11:28:47,285 INFO     ___FILE_ONLY___ 
      }
2022-11-08 11:28:47,285 INFO     ___FILE_ONLY___ 
    },
2022-11-08 11:28:47,285 INFO     ___FILE_ONLY___ 
    "platform_required": false,
2022-11-08 11:28:47,285 INFO     ___FILE_ONLY___ 
    "size": 27709995,
2022-11-08 11:28:47,285 INFO     ___FILE_ONLY___ 
    "state": {
2022-11-08 11:28:47,285 INFO     ___FILE_ONLY___ 
      "name": "Not Installed"
2022-11-08 11:28:47,285 INFO     ___FILE_ONLY___ 
    }
2022-11-08 11:28:47,285 INFO     ___FILE_ONLY___ 
  }
2022-11-08 11:28:47,286 INFO     ___FILE_ONLY___ ,
  {
2022-11-08 11:28:47,286 INFO     ___FILE_ONLY___ 
    "current_version_string": null,
2022-11-08 11:28:47,287 INFO     ___FILE_ONLY___ 
    "id": "kpt",
2022-11-08 11:28:47,287 INFO     ___FILE_ONLY___ 
    "is_configuration": false,
2022-11-08 11:28:47,287 INFO     ___FILE_ONLY___ 
    "is_hidden": false,
2022-11-08 11:28:47,287 INFO     ___FILE_ONLY___ 
    "latest_version_string": "1.0.0-beta.19",
2022-11-08 11:28:47,287 INFO     ___FILE_ONLY___ 
    "name": "kpt",
2022-11-08 11:28:47,288 INFO     ___FILE_ONLY___ 
    "platform": {
2022-11-08 11:28:47,288 INFO     ___FILE_ONLY___ 
      "architecture": {
2022-11-08 11:28:47,288 INFO     ___FILE_ONLY___ 
        "file_name": "x86_64",
2022-11-08 11:28:47,288 INFO     ___FILE_ONLY___ 
        "id": "x86_64",
2022-11-08 11:28:47,288 INFO     ___FILE_ONLY___ 
        "name": "x86_64"
2022-11-08 11:28:47,288 INFO     ___FILE_ONLY___ 
      },
2022-11-08 11:28:47,288 INFO     ___FILE_ONLY___ 
      "operating_system": {
2022-11-08 11:28:47,288 INFO     ___FILE_ONLY___ 
        "file_name": "darwin",
2022-11-08 11:28:47,288 INFO     ___FILE_ONLY___ 
        "id": "MACOSX",
2022-11-08 11:28:47,289 INFO     ___FILE_ONLY___ 
        "name": "Mac OS X"
2022-11-08 11:28:47,289 INFO     ___FILE_ONLY___ 
      }
2022-11-08 11:28:47,289 INFO     ___FILE_ONLY___ 
    },
2022-11-08 11:28:47,289 INFO     ___FILE_ONLY___ 
    "platform_required": false,
2022-11-08 11:28:47,289 INFO     ___FILE_ONLY___ 
    "size": 13550512,
2022-11-08 11:28:47,289 INFO     ___FILE_ONLY___ 
    "state": {
2022-11-08 11:28:47,290 INFO     ___FILE_ONLY___ 
      "name": "Not Installed"
2022-11-08 11:28:47,290 INFO     ___FILE_ONLY___ 
    }
2022-11-08 11:28:47,290 INFO     ___FILE_ONLY___ 
  }
2022-11-08 11:28:47,291 INFO     ___FILE_ONLY___ ,
  {
2022-11-08 11:28:47,291 INFO     ___FILE_ONLY___ 
    "current_version_string": null,
2022-11-08 11:28:47,291 INFO     ___FILE_ONLY___ 
    "id": "kubectl-oidc",
2022-11-08 11:28:47,291 INFO     ___FILE_ONLY___ 
    "is_configuration": false,
2022-11-08 11:28:47,291 INFO     ___FILE_ONLY___ 
    "is_hidden": false,
2022-11-08 11:28:47,291 INFO     ___FILE_ONLY___ 
    "latest_version_string": "1.4.4",
2022-11-08 11:28:47,291 INFO     ___FILE_ONLY___ 
    "name": "kubectl-oidc",
2022-11-08 11:28:47,291 INFO     ___FILE_ONLY___ 
    "platform": {
2022-11-08 11:28:47,295 INFO     ___FILE_ONLY___ 
      "architecture": {
2022-11-08 11:28:47,295 INFO     ___FILE_ONLY___ 
        "file_name": "x86_64",
2022-11-08 11:28:47,295 INFO     ___FILE_ONLY___ 
        "id": "x86_64",
2022-11-08 11:28:47,296 INFO     ___FILE_ONLY___ 
        "name": "x86_64"
2022-11-08 11:28:47,297 INFO     ___FILE_ONLY___ 
      },
2022-11-08 11:28:47,297 INFO     ___FILE_ONLY___ 
      "operating_system": {
2022-11-08 11:28:47,297 INFO     ___FILE_ONLY___ 
        "file_name": "darwin",
2022-11-08 11:28:47,297 INFO     ___FILE_ONLY___ 
        "id": "MACOSX",
2022-11-08 11:28:47,297 INFO     ___FILE_ONLY___ 
        "name": "Mac OS X"
2022-11-08 11:28:47,297 INFO     ___FILE_ONLY___ 
      }
2022-11-08 11:28:47,297 INFO     ___FILE_ONLY___ 
    },
2022-11-08 11:28:47,298 INFO     ___FILE_ONLY___ 
    "platform_required": false,
2022-11-08 11:28:47,298 INFO     ___FILE_ONLY___ 
    "size": 21183987,
2022-11-08 11:28:47,298 INFO     ___FILE_ONLY___ 
    "state": {
2022-11-08 11:28:47,298 INFO     ___FILE_ONLY___ 
      "name": "Not Installed"
2022-11-08 11:28:47,298 INFO     ___FILE_ONLY___ 
    }
2022-11-08 11:28:47,298 INFO     ___FILE_ONLY___ 
  }
2022-11-08 11:28:47,299 INFO     ___FILE_ONLY___ ,
  {
2022-11-08 11:28:47,299 INFO     ___FILE_ONLY___ 
    "current_version_string": null,
2022-11-08 11:28:47,299 INFO     ___FILE_ONLY___ 
    "id": "pkg",
2022-11-08 11:28:47,299 INFO     ___FILE_ONLY___ 
    "is_configuration": false,
2022-11-08 11:28:47,300 INFO     ___FILE_ONLY___ 
    "is_hidden": false,
2022-11-08 11:28:47,300 INFO     ___FILE_ONLY___ 
    "latest_version_string": "",
2022-11-08 11:28:47,300 INFO     ___FILE_ONLY___ 
    "name": "pkg",
2022-11-08 11:28:47,300 INFO     ___FILE_ONLY___ 
    "platform": {
2022-11-08 11:28:47,300 INFO     ___FILE_ONLY___ 
      "architecture": {
2022-11-08 11:28:47,300 INFO     ___FILE_ONLY___ 
        "file_name": "x86_64",
2022-11-08 11:28:47,301 INFO     ___FILE_ONLY___ 
        "id": "x86_64",
2022-11-08 11:28:47,301 INFO     ___FILE_ONLY___ 
        "name": "x86_64"
2022-11-08 11:28:47,301 INFO     ___FILE_ONLY___ 
      },
2022-11-08 11:28:47,301 INFO     ___FILE_ONLY___ 
      "operating_system": {
2022-11-08 11:28:47,301 INFO     ___FILE_ONLY___ 
        "file_name": "darwin",
2022-11-08 11:28:47,301 INFO     ___FILE_ONLY___ 
        "id": "MACOSX",
2022-11-08 11:28:47,301 INFO     ___FILE_ONLY___ 
        "name": "Mac OS X"
2022-11-08 11:28:47,302 INFO     ___FILE_ONLY___ 
      }
2022-11-08 11:28:47,302 INFO     ___FILE_ONLY___ 
    },
2022-11-08 11:28:47,302 INFO     ___FILE_ONLY___ 
    "platform_required": false,
2022-11-08 11:28:47,302 INFO     ___FILE_ONLY___ 
    "size": 0,
2022-11-08 11:28:47,302 INFO     ___FILE_ONLY___ 
    "state": {
2022-11-08 11:28:47,302 INFO     ___FILE_ONLY___ 
      "name": "Not Installed"
2022-11-08 11:28:47,302 INFO     ___FILE_ONLY___ 
    }
2022-11-08 11:28:47,302 INFO     ___FILE_ONLY___ 
  }
2022-11-08 11:28:47,303 INFO     ___FILE_ONLY___ ,
  {
2022-11-08 11:28:47,303 INFO     ___FILE_ONLY___ 
    "current_version_string": "2.0.81",
2022-11-08 11:28:47,303 INFO     ___FILE_ONLY___ 
    "id": "bq",
2022-11-08 11:28:47,303 INFO     ___FILE_ONLY___ 
    "is_configuration": false,
2022-11-08 11:28:47,304 INFO     ___FILE_ONLY___ 
    "is_hidden": false,
2022-11-08 11:28:47,304 INFO     ___FILE_ONLY___ 
    "latest_version_string": "2.0.81",
2022-11-08 11:28:47,304 INFO     ___FILE_ONLY___ 
    "name": "BigQuery Command Line Tool",
2022-11-08 11:28:47,304 INFO     ___FILE_ONLY___ 
    "platform": {
2022-11-08 11:28:47,304 INFO     ___FILE_ONLY___ 
      "architecture": {
2022-11-08 11:28:47,304 INFO     ___FILE_ONLY___ 
        "file_name": "x86_64",
2022-11-08 11:28:47,305 INFO     ___FILE_ONLY___ 
        "id": "x86_64",
2022-11-08 11:28:47,305 INFO     ___FILE_ONLY___ 
        "name": "x86_64"
2022-11-08 11:28:47,305 INFO     ___FILE_ONLY___ 
      },
2022-11-08 11:28:47,305 INFO     ___FILE_ONLY___ 
      "operating_system": {
2022-11-08 11:28:47,306 INFO     ___FILE_ONLY___ 
        "file_name": "darwin",
2022-11-08 11:28:47,306 INFO     ___FILE_ONLY___ 
        "id": "MACOSX",
2022-11-08 11:28:47,306 INFO     ___FILE_ONLY___ 
        "name": "Mac OS X"
2022-11-08 11:28:47,306 INFO     ___FILE_ONLY___ 
      }
2022-11-08 11:28:47,306 INFO     ___FILE_ONLY___ 
    },
2022-11-08 11:28:47,306 INFO     ___FILE_ONLY___ 
    "platform_required": false,
2022-11-08 11:28:47,306 INFO     ___FILE_ONLY___ 
    "size": 1690545,
2022-11-08 11:28:47,306 INFO     ___FILE_ONLY___ 
    "state": {
2022-11-08 11:28:47,307 INFO     ___FILE_ONLY___ 
      "name": "Installed"
2022-11-08 11:28:47,307 INFO     ___FILE_ONLY___ 
    }
2022-11-08 11:28:47,307 INFO     ___FILE_ONLY___ 
  }
2022-11-08 11:28:47,308 INFO     ___FILE_ONLY___ ,
  {
2022-11-08 11:28:47,308 INFO     ___FILE_ONLY___ 
    "current_version_string": "5.16",
2022-11-08 11:28:47,308 INFO     ___FILE_ONLY___ 
    "id": "gsutil",
2022-11-08 11:28:47,308 INFO     ___FILE_ONLY___ 
    "is_configuration": false,
2022-11-08 11:28:47,308 INFO     ___FILE_ONLY___ 
    "is_hidden": false,
2022-11-08 11:28:47,308 INFO     ___FILE_ONLY___ 
    "latest_version_string": "5.16",
2022-11-08 11:28:47,308 INFO     ___FILE_ONLY___ 
    "name": "Cloud Storage Command Line Tool",
2022-11-08 11:28:47,308 INFO     ___FILE_ONLY___ 
    "platform": {
2022-11-08 11:28:47,308 INFO     ___FILE_ONLY___ 
      "architecture": {
2022-11-08 11:28:47,308 INFO     ___FILE_ONLY___ 
        "file_name": "x86_64",
2022-11-08 11:28:47,309 INFO     ___FILE_ONLY___ 
        "id": "x86_64",
2022-11-08 11:28:47,309 INFO     ___FILE_ONLY___ 
        "name": "x86_64"
2022-11-08 11:28:47,309 INFO     ___FILE_ONLY___ 
      },
2022-11-08 11:28:47,309 INFO     ___FILE_ONLY___ 
      "operating_system": {
2022-11-08 11:28:47,309 INFO     ___FILE_ONLY___ 
        "file_name": "darwin",
2022-11-08 11:28:47,309 INFO     ___FILE_ONLY___ 
        "id": "MACOSX",
2022-11-08 11:28:47,309 INFO     ___FILE_ONLY___ 
        "name": "Mac OS X"
2022-11-08 11:28:47,309 INFO     ___FILE_ONLY___ 
      }
2022-11-08 11:28:47,309 INFO     ___FILE_ONLY___ 
    },
2022-11-08 11:28:47,309 INFO     ___FILE_ONLY___ 
    "platform_required": false,
2022-11-08 11:28:47,309 INFO     ___FILE_ONLY___ 
    "size": 16295859,
2022-11-08 11:28:47,310 INFO     ___FILE_ONLY___ 
    "state": {
2022-11-08 11:28:47,310 INFO     ___FILE_ONLY___ 
      "name": "Installed"
2022-11-08 11:28:47,310 INFO     ___FILE_ONLY___ 
    }
2022-11-08 11:28:47,310 INFO     ___FILE_ONLY___ 
  }
2022-11-08 11:28:47,311 INFO     ___FILE_ONLY___ ,
  {
2022-11-08 11:28:47,311 INFO     ___FILE_ONLY___ 
    "current_version_string": "2022.11.01",
2022-11-08 11:28:47,311 INFO     ___FILE_ONLY___ 
    "id": "core",
2022-11-08 11:28:47,311 INFO     ___FILE_ONLY___ 
    "is_configuration": false,
2022-11-08 11:28:47,311 INFO     ___FILE_ONLY___ 
    "is_hidden": false,
2022-11-08 11:28:47,311 INFO     ___FILE_ONLY___ 
    "latest_version_string": "2022.11.01",
2022-11-08 11:28:47,311 INFO     ___FILE_ONLY___ 
    "name": "Google Cloud CLI Core Libraries",
2022-11-08 11:28:47,311 INFO     ___FILE_ONLY___ 
    "platform": {
2022-11-08 11:28:47,311 INFO     ___FILE_ONLY___ 
      "architecture": {
2022-11-08 11:28:47,311 INFO     ___FILE_ONLY___ 
        "file_name": "x86_64",
2022-11-08 11:28:47,312 INFO     ___FILE_ONLY___ 
        "id": "x86_64",
2022-11-08 11:28:47,312 INFO     ___FILE_ONLY___ 
        "name": "x86_64"
2022-11-08 11:28:47,312 INFO     ___FILE_ONLY___ 
      },
2022-11-08 11:28:47,312 INFO     ___FILE_ONLY___ 
      "operating_system": {
2022-11-08 11:28:47,312 INFO     ___FILE_ONLY___ 
        "file_name": "darwin",
2022-11-08 11:28:47,312 INFO     ___FILE_ONLY___ 
        "id": "MACOSX",
2022-11-08 11:28:47,312 INFO     ___FILE_ONLY___ 
        "name": "Mac OS X"
2022-11-08 11:28:47,312 INFO     ___FILE_ONLY___ 
      }
2022-11-08 11:28:47,313 INFO     ___FILE_ONLY___ 
    },
2022-11-08 11:28:47,313 INFO     ___FILE_ONLY___ 
    "platform_required": false,
2022-11-08 11:28:47,313 INFO     ___FILE_ONLY___ 
    "size": 26335483,
2022-11-08 11:28:47,313 INFO     ___FILE_ONLY___ 
    "state": {
2022-11-08 11:28:47,313 INFO     ___FILE_ONLY___ 
      "name": "Installed"
2022-11-08 11:28:47,313 INFO     ___FILE_ONLY___ 
    }
2022-11-08 11:28:47,313 INFO     ___FILE_ONLY___ 
  }
2022-11-08 11:28:47,314 INFO     ___FILE_ONLY___ ,
  {
2022-11-08 11:28:47,314 INFO     ___FILE_ONLY___ 
    "current_version_string": "1.0.0",
2022-11-08 11:28:47,314 INFO     ___FILE_ONLY___ 
    "id": "gcloud-crc32c",
2022-11-08 11:28:47,315 INFO     ___FILE_ONLY___ 
    "is_configuration": false,
2022-11-08 11:28:47,315 INFO     ___FILE_ONLY___ 
    "is_hidden": false,
2022-11-08 11:28:47,315 INFO     ___FILE_ONLY___ 
    "latest_version_string": "1.0.0",
2022-11-08 11:28:47,315 INFO     ___FILE_ONLY___ 
    "name": "Google Cloud CRC32C Hash Tool",
2022-11-08 11:28:47,315 INFO     ___FILE_ONLY___ 
    "platform": {
2022-11-08 11:28:47,315 INFO     ___FILE_ONLY___ 
      "architecture": {
2022-11-08 11:28:47,315 INFO     ___FILE_ONLY___ 
        "file_name": "x86_64",
2022-11-08 11:28:47,315 INFO     ___FILE_ONLY___ 
        "id": "x86_64",
2022-11-08 11:28:47,316 INFO     ___FILE_ONLY___ 
        "name": "x86_64"
2022-11-08 11:28:47,316 INFO     ___FILE_ONLY___ 
      },
2022-11-08 11:28:47,316 INFO     ___FILE_ONLY___ 
      "operating_system": {
2022-11-08 11:28:47,316 INFO     ___FILE_ONLY___ 
        "file_name": "darwin",
2022-11-08 11:28:47,316 INFO     ___FILE_ONLY___ 
        "id": "MACOSX",
2022-11-08 11:28:47,316 INFO     ___FILE_ONLY___ 
        "name": "Mac OS X"
2022-11-08 11:28:47,316 INFO     ___FILE_ONLY___ 
      }
2022-11-08 11:28:47,316 INFO     ___FILE_ONLY___ 
    },
2022-11-08 11:28:47,316 INFO     ___FILE_ONLY___ 
    "platform_required": false,
2022-11-08 11:28:47,317 INFO     ___FILE_ONLY___ 
    "size": 1250758,
2022-11-08 11:28:47,317 INFO     ___FILE_ONLY___ 
    "state": {
2022-11-08 11:28:47,317 INFO     ___FILE_ONLY___ 
      "name": "Installed"
2022-11-08 11:28:47,317 INFO     ___FILE_ONLY___ 
    }
2022-11-08 11:28:47,317 INFO     ___FILE_ONLY___ 
  }
2022-11-08 11:28:47,318 INFO     ___FILE_ONLY___ ,
  {
2022-11-08 11:28:47,318 INFO     ___FILE_ONLY___ 
    "current_version_string": "1.27.0",
2022-11-08 11:28:47,318 INFO     ___FILE_ONLY___ 
    "id": "minikube",
2022-11-08 11:28:47,319 INFO     ___FILE_ONLY___ 
    "is_configuration": false,
2022-11-08 11:28:47,319 INFO     ___FILE_ONLY___ 
    "is_hidden": false,
2022-11-08 11:28:47,319 INFO     ___FILE_ONLY___ 
    "latest_version_string": "1.27.0",
2022-11-08 11:28:47,319 INFO     ___FILE_ONLY___ 
    "name": "Minikube",
2022-11-08 11:28:47,319 INFO     ___FILE_ONLY___ 
    "platform": {
2022-11-08 11:28:47,319 INFO     ___FILE_ONLY___ 
      "architecture": {
2022-11-08 11:28:47,319 INFO     ___FILE_ONLY___ 
        "file_name": "x86_64",
2022-11-08 11:28:47,319 INFO     ___FILE_ONLY___ 
        "id": "x86_64",
2022-11-08 11:28:47,320 INFO     ___FILE_ONLY___ 
        "name": "x86_64"
2022-11-08 11:28:47,320 INFO     ___FILE_ONLY___ 
      },
2022-11-08 11:28:47,320 INFO     ___FILE_ONLY___ 
      "operating_system": {
2022-11-08 11:28:47,320 INFO     ___FILE_ONLY___ 
        "file_name": "darwin",
2022-11-08 11:28:47,320 INFO     ___FILE_ONLY___ 
        "id": "MACOSX",
2022-11-08 11:28:47,320 INFO     ___FILE_ONLY___ 
        "name": "Mac OS X"
2022-11-08 11:28:47,320 INFO     ___FILE_ONLY___ 
      }
2022-11-08 11:28:47,320 INFO     ___FILE_ONLY___ 
    },
2022-11-08 11:28:47,320 INFO     ___FILE_ONLY___ 
    "platform_required": false,
2022-11-08 11:28:47,320 INFO     ___FILE_ONLY___ 
    "size": 32365761,
2022-11-08 11:28:47,321 INFO     ___FILE_ONLY___ 
    "state": {
2022-11-08 11:28:47,321 INFO     ___FILE_ONLY___ 
      "name": "Installed"
2022-11-08 11:28:47,321 INFO     ___FILE_ONLY___ 
    }
2022-11-08 11:28:47,321 INFO     ___FILE_ONLY___ 
  }
2022-11-08 11:28:47,322 INFO     ___FILE_ONLY___ ,
  {
2022-11-08 11:28:47,322 INFO     ___FILE_ONLY___ 
    "current_version_string": "1.39.3",
2022-11-08 11:28:47,322 INFO     ___FILE_ONLY___ 
    "id": "skaffold",
2022-11-08 11:28:47,322 INFO     ___FILE_ONLY___ 
    "is_configuration": false,
2022-11-08 11:28:47,322 INFO     ___FILE_ONLY___ 
    "is_hidden": false,
2022-11-08 11:28:47,322 INFO     ___FILE_ONLY___ 
    "latest_version_string": "1.39.3",
2022-11-08 11:28:47,322 INFO     ___FILE_ONLY___ 
    "name": "Skaffold",
2022-11-08 11:28:47,322 INFO     ___FILE_ONLY___ 
    "platform": {
2022-11-08 11:28:47,323 INFO     ___FILE_ONLY___ 
      "architecture": {
2022-11-08 11:28:47,323 INFO     ___FILE_ONLY___ 
        "file_name": "x86_64",
2022-11-08 11:28:47,323 INFO     ___FILE_ONLY___ 
        "id": "x86_64",
2022-11-08 11:28:47,323 INFO     ___FILE_ONLY___ 
        "name": "x86_64"
2022-11-08 11:28:47,323 INFO     ___FILE_ONLY___ 
      },
2022-11-08 11:28:47,323 INFO     ___FILE_ONLY___ 
      "operating_system": {
2022-11-08 11:28:47,323 INFO     ___FILE_ONLY___ 
        "file_name": "darwin",
2022-11-08 11:28:47,323 INFO     ___FILE_ONLY___ 
        "id": "MACOSX",
2022-11-08 11:28:47,324 INFO     ___FILE_ONLY___ 
        "name": "Mac OS X"
2022-11-08 11:28:47,324 INFO     ___FILE_ONLY___ 
      }
2022-11-08 11:28:47,324 INFO     ___FILE_ONLY___ 
    },
2022-11-08 11:28:47,324 INFO     ___FILE_ONLY___ 
    "platform_required": false,
2022-11-08 11:28:47,324 INFO     ___FILE_ONLY___ 
    "size": 22301645,
2022-11-08 11:28:47,324 INFO     ___FILE_ONLY___ 
    "state": {
2022-11-08 11:28:47,324 INFO     ___FILE_ONLY___ 
      "name": "Installed"
2022-11-08 11:28:47,324 INFO     ___FILE_ONLY___ 
    }
2022-11-08 11:28:47,325 INFO     ___FILE_ONLY___ 
  }
2022-11-08 11:28:47,325 INFO     ___FILE_ONLY___ ,
  {
2022-11-08 11:28:47,326 INFO     ___FILE_ONLY___ 
    "current_version_string": "2022.11.01",
2022-11-08 11:28:47,326 INFO     ___FILE_ONLY___ 
    "id": "alpha",
2022-11-08 11:28:47,326 INFO     ___FILE_ONLY___ 
    "is_configuration": false,
2022-11-08 11:28:47,326 INFO     ___FILE_ONLY___ 
    "is_hidden": false,
2022-11-08 11:28:47,326 INFO     ___FILE_ONLY___ 
    "latest_version_string": "2022.11.01",
2022-11-08 11:28:47,326 INFO     ___FILE_ONLY___ 
    "name": "gcloud Alpha Commands",
2022-11-08 11:28:47,326 INFO     ___FILE_ONLY___ 
    "platform": {
2022-11-08 11:28:47,326 INFO     ___FILE_ONLY___ 
      "architecture": {
2022-11-08 11:28:47,327 INFO     ___FILE_ONLY___ 
        "file_name": "x86_64",
2022-11-08 11:28:47,327 INFO     ___FILE_ONLY___ 
        "id": "x86_64",
2022-11-08 11:28:47,327 INFO     ___FILE_ONLY___ 
        "name": "x86_64"
2022-11-08 11:28:47,327 INFO     ___FILE_ONLY___ 
      },
2022-11-08 11:28:47,327 INFO     ___FILE_ONLY___ 
      "operating_system": {
2022-11-08 11:28:47,327 INFO     ___FILE_ONLY___ 
        "file_name": "darwin",
2022-11-08 11:28:47,327 INFO     ___FILE_ONLY___ 
        "id": "MACOSX",
2022-11-08 11:28:47,327 INFO     ___FILE_ONLY___ 
        "name": "Mac OS X"
2022-11-08 11:28:47,327 INFO     ___FILE_ONLY___ 
      }
2022-11-08 11:28:47,328 INFO     ___FILE_ONLY___ 
    },
2022-11-08 11:28:47,328 INFO     ___FILE_ONLY___ 
    "platform_required": false,
2022-11-08 11:28:47,328 INFO     ___FILE_ONLY___ 
    "size": 800,
2022-11-08 11:28:47,328 INFO     ___FILE_ONLY___ 
    "state": {
2022-11-08 11:28:47,328 INFO     ___FILE_ONLY___ 
      "name": "Installed"
2022-11-08 11:28:47,328 INFO     ___FILE_ONLY___ 
    }
2022-11-08 11:28:47,328 INFO     ___FILE_ONLY___ 
  }
2022-11-08 11:28:47,329 INFO     ___FILE_ONLY___ ,
  {
2022-11-08 11:28:47,329 INFO     ___FILE_ONLY___ 
    "current_version_string": "2022.11.01",
2022-11-08 11:28:47,330 INFO     ___FILE_ONLY___ 
    "id": "beta",
2022-11-08 11:28:47,330 INFO     ___FILE_ONLY___ 
    "is_configuration": false,
2022-11-08 11:28:47,330 INFO     ___FILE_ONLY___ 
    "is_hidden": false,
2022-11-08 11:28:47,330 INFO     ___FILE_ONLY___ 
    "latest_version_string": "2022.11.01",
2022-11-08 11:28:47,330 INFO     ___FILE_ONLY___ 
    "name": "gcloud Beta Commands",
2022-11-08 11:28:47,330 INFO     ___FILE_ONLY___ 
    "platform": {
2022-11-08 11:28:47,330 INFO     ___FILE_ONLY___ 
      "architecture": {
2022-11-08 11:28:47,330 INFO     ___FILE_ONLY___ 
        "file_name": "x86_64",
2022-11-08 11:28:47,330 INFO     ___FILE_ONLY___ 
        "id": "x86_64",
2022-11-08 11:28:47,331 INFO     ___FILE_ONLY___ 
        "name": "x86_64"
2022-11-08 11:28:47,331 INFO     ___FILE_ONLY___ 
      },
2022-11-08 11:28:47,331 INFO     ___FILE_ONLY___ 
      "operating_system": {
2022-11-08 11:28:47,331 INFO     ___FILE_ONLY___ 
        "file_name": "darwin",
2022-11-08 11:28:47,331 INFO     ___FILE_ONLY___ 
        "id": "MACOSX",
2022-11-08 11:28:47,331 INFO     ___FILE_ONLY___ 
        "name": "Mac OS X"
2022-11-08 11:28:47,331 INFO     ___FILE_ONLY___ 
      }
2022-11-08 11:28:47,331 INFO     ___FILE_ONLY___ 
    },
2022-11-08 11:28:47,331 INFO     ___FILE_ONLY___ 
    "platform_required": false,
2022-11-08 11:28:47,332 INFO     ___FILE_ONLY___ 
    "size": 797,
2022-11-08 11:28:47,332 INFO     ___FILE_ONLY___ 
    "state": {
2022-11-08 11:28:47,332 INFO     ___FILE_ONLY___ 
      "name": "Installed"
2022-11-08 11:28:47,332 INFO     ___FILE_ONLY___ 
    }
2022-11-08 11:28:47,332 INFO     ___FILE_ONLY___ 
  }
2022-11-08 11:28:47,333 INFO     ___FILE_ONLY___ ,
  {
2022-11-08 11:28:47,333 INFO     ___FILE_ONLY___ 
    "current_version_string": "0.4.0",
2022-11-08 11:28:47,333 INFO     ___FILE_ONLY___ 
    "id": "gke-gcloud-auth-plugin",
2022-11-08 11:28:47,333 INFO     ___FILE_ONLY___ 
    "is_configuration": false,
2022-11-08 11:28:47,334 INFO     ___FILE_ONLY___ 
    "is_hidden": false,
2022-11-08 11:28:47,334 INFO     ___FILE_ONLY___ 
    "latest_version_string": "0.4.0",
2022-11-08 11:28:47,334 INFO     ___FILE_ONLY___ 
    "name": "gke-gcloud-auth-plugin",
2022-11-08 11:28:47,334 INFO     ___FILE_ONLY___ 
    "platform": {
2022-11-08 11:28:47,334 INFO     ___FILE_ONLY___ 
      "architecture": {
2022-11-08 11:28:47,334 INFO     ___FILE_ONLY___ 
        "file_name": "x86_64",
2022-11-08 11:28:47,334 INFO     ___FILE_ONLY___ 
        "id": "x86_64",
2022-11-08 11:28:47,334 INFO     ___FILE_ONLY___ 
        "name": "x86_64"
2022-11-08 11:28:47,334 INFO     ___FILE_ONLY___ 
      },
2022-11-08 11:28:47,334 INFO     ___FILE_ONLY___ 
      "operating_system": {
2022-11-08 11:28:47,335 INFO     ___FILE_ONLY___ 
        "file_name": "darwin",
2022-11-08 11:28:47,335 INFO     ___FILE_ONLY___ 
        "id": "MACOSX",
2022-11-08 11:28:47,335 INFO     ___FILE_ONLY___ 
        "name": "Mac OS X"
2022-11-08 11:28:47,335 INFO     ___FILE_ONLY___ 
      }
2022-11-08 11:28:47,335 INFO     ___FILE_ONLY___ 
    },
2022-11-08 11:28:47,335 INFO     ___FILE_ONLY___ 
    "platform_required": false,
2022-11-08 11:28:47,335 INFO     ___FILE_ONLY___ 
    "size": 7825303,
2022-11-08 11:28:47,336 INFO     ___FILE_ONLY___ 
    "state": {
2022-11-08 11:28:47,336 INFO     ___FILE_ONLY___ 
      "name": "Installed"
2022-11-08 11:28:47,336 INFO     ___FILE_ONLY___ 
    }
2022-11-08 11:28:47,336 INFO     ___FILE_ONLY___ 
  }
2022-11-08 11:28:47,336 INFO     ___FILE_ONLY___ ,
  {
2022-11-08 11:28:47,337 INFO     ___FILE_ONLY___ 
    "current_version_string": "1.22.14",
2022-11-08 11:28:47,337 INFO     ___FILE_ONLY___ 
    "id": "kubectl",
2022-11-08 11:28:47,337 INFO     ___FILE_ONLY___ 
    "is_configuration": false,
2022-11-08 11:28:47,337 INFO     ___FILE_ONLY___ 
    "is_hidden": false,
2022-11-08 11:28:47,337 INFO     ___FILE_ONLY___ 
    "latest_version_string": "1.22.14",
2022-11-08 11:28:47,337 INFO     ___FILE_ONLY___ 
    "name": "kubectl",
2022-11-08 11:28:47,338 INFO     ___FILE_ONLY___ 
    "platform": {
2022-11-08 11:28:47,338 INFO     ___FILE_ONLY___ 
      "architecture": {
2022-11-08 11:28:47,338 INFO     ___FILE_ONLY___ 
        "file_name": "x86_64",
2022-11-08 11:28:47,338 INFO     ___FILE_ONLY___ 
        "id": "x86_64",
2022-11-08 11:28:47,338 INFO     ___FILE_ONLY___ 
        "name": "x86_64"
2022-11-08 11:28:47,338 INFO     ___FILE_ONLY___ 
      },
2022-11-08 11:28:47,338 INFO     ___FILE_ONLY___ 
      "operating_system": {
2022-11-08 11:28:47,339 INFO     ___FILE_ONLY___ 
        "file_name": "darwin",
2022-11-08 11:28:47,339 INFO     ___FILE_ONLY___ 
        "id": "MACOSX",
2022-11-08 11:28:47,339 INFO     ___FILE_ONLY___ 
        "name": "Mac OS X"
2022-11-08 11:28:47,339 INFO     ___FILE_ONLY___ 
      }
2022-11-08 11:28:47,339 INFO     ___FILE_ONLY___ 
    },
2022-11-08 11:28:47,339 INFO     ___FILE_ONLY___ 
    "platform_required": true,
2022-11-08 11:28:47,339 INFO     ___FILE_ONLY___ 
    "size": 48204,
2022-11-08 11:28:47,339 INFO     ___FILE_ONLY___ 
    "state": {
2022-11-08 11:28:47,340 INFO     ___FILE_ONLY___ 
      "name": "Installed"
2022-11-08 11:28:47,340 INFO     ___FILE_ONLY___ 
    }
2022-11-08 11:28:47,340 INFO     ___FILE_ONLY___ 
  }
2022-11-08 11:28:47,340 INFO     ___FILE_ONLY___ 
]

