2022-11-08 11:29:35,569 DEBUG    root            Loaded Command Group: ['gcloud', 'components']
2022-11-08 11:29:35,581 DEBUG    root            Loaded Command Group: ['gcloud', 'components', 'list']
2022-11-08 11:29:35,586 DEBUG    root            Running [gcloud.components.list] with arguments: [--format: "json", --quiet: "True", --verbosity: "warning"]
2022-11-08 11:29:35,623 DEBUG    urllib3.connectionpool Starting new HTTPS connection (1): dl.google.com:443
2022-11-08 11:29:35,827 DEBUG    urllib3.connectionpool https://dl.google.com:443 "GET /dl/cloudsdk/channels/rapid/components-2.json HTTP/1.1" 200 203446
2022-11-08 11:29:35,997 INFO     ___FILE_ONLY___ 
Your current Google Cloud CLI version is: 408.0.1

2022-11-08 11:29:35,997 INFO     ___FILE_ONLY___ The latest available version is: 408.0.1

2022-11-08 11:29:35,997 INFO     ___FILE_ONLY___ 

2022-11-08 11:29:35,999 INFO     root            Display format: "table[box,title="Components"](state.name:label=Status,name:label=Name,id:label=ID,size.size(zero="",min=1048576):label=Size:align=right) json"
2022-11-08 11:29:36,000 INFO     ___FILE_ONLY___ [
  {
2022-11-08 11:29:36,000 INFO     ___FILE_ONLY___ 
    "current_version_string": null,
2022-11-08 11:29:36,000 INFO     ___FILE_ONLY___ 
    "id": "app-engine-go",
2022-11-08 11:29:36,000 INFO     ___FILE_ONLY___ 
    "is_configuration": false,
2022-11-08 11:29:36,000 INFO     ___FILE_ONLY___ 
    "is_hidden": false,
2022-11-08 11:29:36,001 INFO     ___FILE_ONLY___ 
    "latest_version_string": "1.9.72",
2022-11-08 11:29:36,001 INFO     ___FILE_ONLY___ 
    "name": "App Engine Go Extensions",
2022-11-08 11:29:36,001 INFO     ___FILE_ONLY___ 
    "platform": {
2022-11-08 11:29:36,001 INFO     ___FILE_ONLY___ 
      "architecture": {
2022-11-08 11:29:36,001 INFO     ___FILE_ONLY___ 
        "file_name": "x86_64",
2022-11-08 11:29:36,001 INFO     ___FILE_ONLY___ 
        "id": "x86_64",
2022-11-08 11:29:36,001 INFO     ___FILE_ONLY___ 
        "name": "x86_64"
2022-11-08 11:29:36,001 INFO     ___FILE_ONLY___ 
      },
2022-11-08 11:29:36,001 INFO     ___FILE_ONLY___ 
      "operating_system": {
2022-11-08 11:29:36,002 INFO     ___FILE_ONLY___ 
        "file_name": "darwin",
2022-11-08 11:29:36,002 INFO     ___FILE_ONLY___ 
        "id": "MACOSX",
2022-11-08 11:29:36,002 INFO     ___FILE_ONLY___ 
        "name": "Mac OS X"
2022-11-08 11:29:36,002 INFO     ___FILE_ONLY___ 
      }
2022-11-08 11:29:36,002 INFO     ___FILE_ONLY___ 
    },
2022-11-08 11:29:36,002 INFO     ___FILE_ONLY___ 
    "platform_required": false,
2022-11-08 11:29:36,002 INFO     ___FILE_ONLY___ 
    "size": 4320254,
2022-11-08 11:29:36,003 INFO     ___FILE_ONLY___ 
    "state": {
2022-11-08 11:29:36,003 INFO     ___FILE_ONLY___ 
      "name": "Not Installed"
2022-11-08 11:29:36,003 INFO     ___FILE_ONLY___ 
    }
2022-11-08 11:29:36,003 INFO     ___FILE_ONLY___ 
  }
2022-11-08 11:29:36,004 INFO     ___FILE_ONLY___ ,
  {
2022-11-08 11:29:36,004 INFO     ___FILE_ONLY___ 
    "current_version_string": null,
2022-11-08 11:29:36,004 INFO     ___FILE_ONLY___ 
    "id": "appctl",
2022-11-08 11:29:36,004 INFO     ___FILE_ONLY___ 
    "is_configuration": false,
2022-11-08 11:29:36,004 INFO     ___FILE_ONLY___ 
    "is_hidden": false,
2022-11-08 11:29:36,004 INFO     ___FILE_ONLY___ 
    "latest_version_string": "0.1.12",
2022-11-08 11:29:36,004 INFO     ___FILE_ONLY___ 
    "name": "Appctl",
2022-11-08 11:29:36,004 INFO     ___FILE_ONLY___ 
    "platform": {
2022-11-08 11:29:36,005 INFO     ___FILE_ONLY___ 
      "architecture": {
2022-11-08 11:29:36,005 INFO     ___FILE_ONLY___ 
        "file_name": "x86_64",
2022-11-08 11:29:36,005 INFO     ___FILE_ONLY___ 
        "id": "x86_64",
2022-11-08 11:29:36,005 INFO     ___FILE_ONLY___ 
        "name": "x86_64"
2022-11-08 11:29:36,005 INFO     ___FILE_ONLY___ 
      },
2022-11-08 11:29:36,005 INFO     ___FILE_ONLY___ 
      "operating_system": {
2022-11-08 11:29:36,005 INFO     ___FILE_ONLY___ 
        "file_name": "darwin",
2022-11-08 11:29:36,005 INFO     ___FILE_ONLY___ 
        "id": "MACOSX",
2022-11-08 11:29:36,005 INFO     ___FILE_ONLY___ 
        "name": "Mac OS X"
2022-11-08 11:29:36,006 INFO     ___FILE_ONLY___ 
      }
2022-11-08 11:29:36,006 INFO     ___FILE_ONLY___ 
    },
2022-11-08 11:29:36,006 INFO     ___FILE_ONLY___ 
    "platform_required": false,
2022-11-08 11:29:36,006 INFO     ___FILE_ONLY___ 
    "size": 19381598,
2022-11-08 11:29:36,006 INFO     ___FILE_ONLY___ 
    "state": {
2022-11-08 11:29:36,006 INFO     ___FILE_ONLY___ 
      "name": "Not Installed"
2022-11-08 11:29:36,006 INFO     ___FILE_ONLY___ 
    }
2022-11-08 11:29:36,006 INFO     ___FILE_ONLY___ 
  }
2022-11-08 11:29:36,007 INFO     ___FILE_ONLY___ ,
  {
2022-11-08 11:29:36,007 INFO     ___FILE_ONLY___ 
    "current_version_string": null,
2022-11-08 11:29:36,007 INFO     ___FILE_ONLY___ 
    "id": "package-go-module",
2022-11-08 11:29:36,007 INFO     ___FILE_ONLY___ 
    "is_configuration": false,
2022-11-08 11:29:36,008 INFO     ___FILE_ONLY___ 
    "is_hidden": false,
2022-11-08 11:29:36,008 INFO     ___FILE_ONLY___ 
    "latest_version_string": "0.3.0",
2022-11-08 11:29:36,008 INFO     ___FILE_ONLY___ 
    "name": "Artifact Registry Go Module Package Helper",
2022-11-08 11:29:36,008 INFO     ___FILE_ONLY___ 
    "platform": {
2022-11-08 11:29:36,008 INFO     ___FILE_ONLY___ 
      "architecture": {
2022-11-08 11:29:36,008 INFO     ___FILE_ONLY___ 
        "file_name": "x86_64",
2022-11-08 11:29:36,008 INFO     ___FILE_ONLY___ 
        "id": "x86_64",
2022-11-08 11:29:36,008 INFO     ___FILE_ONLY___ 
        "name": "x86_64"
2022-11-08 11:29:36,008 INFO     ___FILE_ONLY___ 
      },
2022-11-08 11:29:36,009 INFO     ___FILE_ONLY___ 
      "operating_system": {
2022-11-08 11:29:36,009 INFO     ___FILE_ONLY___ 
        "file_name": "darwin",
2022-11-08 11:29:36,009 INFO     ___FILE_ONLY___ 
        "id": "MACOSX",
2022-11-08 11:29:36,009 INFO     ___FILE_ONLY___ 
        "name": "Mac OS X"
2022-11-08 11:29:36,009 INFO     ___FILE_ONLY___ 
      }
2022-11-08 11:29:36,009 INFO     ___FILE_ONLY___ 
    },
2022-11-08 11:29:36,009 INFO     ___FILE_ONLY___ 
    "platform_required": false,
2022-11-08 11:29:36,009 INFO     ___FILE_ONLY___ 
    "size": 840902,
2022-11-08 11:29:36,009 INFO     ___FILE_ONLY___ 
    "state": {
2022-11-08 11:29:36,009 INFO     ___FILE_ONLY___ 
      "name": "Not Installed"
2022-11-08 11:29:36,010 INFO     ___FILE_ONLY___ 
    }
2022-11-08 11:29:36,010 INFO     ___FILE_ONLY___ 
  }
2022-11-08 11:29:36,010 INFO     ___FILE_ONLY___ ,
  {
2022-11-08 11:29:36,011 INFO     ___FILE_ONLY___ 
    "current_version_string": null,
2022-11-08 11:29:36,011 INFO     ___FILE_ONLY___ 
    "id": "cbt",
2022-11-08 11:29:36,011 INFO     ___FILE_ONLY___ 
    "is_configuration": false,
2022-11-08 11:29:36,011 INFO     ___FILE_ONLY___ 
    "is_hidden": false,
2022-11-08 11:29:36,011 INFO     ___FILE_ONLY___ 
    "latest_version_string": "0.12.1",
2022-11-08 11:29:36,011 INFO     ___FILE_ONLY___ 
    "name": "Cloud Bigtable Command Line Tool",
2022-11-08 11:29:36,011 INFO     ___FILE_ONLY___ 
    "platform": {
2022-11-08 11:29:36,011 INFO     ___FILE_ONLY___ 
      "architecture": {
2022-11-08 11:29:36,011 INFO     ___FILE_ONLY___ 
        "file_name": "x86_64",
2022-11-08 11:29:36,012 INFO     ___FILE_ONLY___ 
        "id": "x86_64",
2022-11-08 11:29:36,012 INFO     ___FILE_ONLY___ 
        "name": "x86_64"
2022-11-08 11:29:36,012 INFO     ___FILE_ONLY___ 
      },
2022-11-08 11:29:36,012 INFO     ___FILE_ONLY___ 
      "operating_system": {
2022-11-08 11:29:36,014 INFO     ___FILE_ONLY___ 
        "file_name": "darwin",
2022-11-08 11:29:36,014 INFO     ___FILE_ONLY___ 
        "id": "MACOSX",
2022-11-08 11:29:36,014 INFO     ___FILE_ONLY___ 
        "name": "Mac OS X"
2022-11-08 11:29:36,014 INFO     ___FILE_ONLY___ 
      }
2022-11-08 11:29:36,014 INFO     ___FILE_ONLY___ 
    },
2022-11-08 11:29:36,014 INFO     ___FILE_ONLY___ 
    "platform_required": false,
2022-11-08 11:29:36,014 INFO     ___FILE_ONLY___ 
    "size": 10479929,
2022-11-08 11:29:36,014 INFO     ___FILE_ONLY___ 
    "state": {
2022-11-08 11:29:36,015 INFO     ___FILE_ONLY___ 
      "name": "Not Installed"
2022-11-08 11:29:36,015 INFO     ___FILE_ONLY___ 
    }
2022-11-08 11:29:36,015 INFO     ___FILE_ONLY___ 
  }
2022-11-08 11:29:36,016 INFO     ___FILE_ONLY___ ,
  {
2022-11-08 11:29:36,016 INFO     ___FILE_ONLY___ 
    "current_version_string": null,
2022-11-08 11:29:36,016 INFO     ___FILE_ONLY___ 
    "id": "bigtable",
2022-11-08 11:29:36,016 INFO     ___FILE_ONLY___ 
    "is_configuration": false,
2022-11-08 11:29:36,016 INFO     ___FILE_ONLY___ 
    "is_hidden": false,
2022-11-08 11:29:36,016 INFO     ___FILE_ONLY___ 
    "latest_version_string": "",
2022-11-08 11:29:36,017 INFO     ___FILE_ONLY___ 
    "name": "Cloud Bigtable Emulator",
2022-11-08 11:29:36,017 INFO     ___FILE_ONLY___ 
    "platform": {
2022-11-08 11:29:36,017 INFO     ___FILE_ONLY___ 
      "architecture": {
2022-11-08 11:29:36,017 INFO     ___FILE_ONLY___ 
        "file_name": "x86_64",
2022-11-08 11:29:36,017 INFO     ___FILE_ONLY___ 
        "id": "x86_64",
2022-11-08 11:29:36,017 INFO     ___FILE_ONLY___ 
        "name": "x86_64"
2022-11-08 11:29:36,017 INFO     ___FILE_ONLY___ 
      },
2022-11-08 11:29:36,018 INFO     ___FILE_ONLY___ 
      "operating_system": {
2022-11-08 11:29:36,018 INFO     ___FILE_ONLY___ 
        "file_name": "darwin",
2022-11-08 11:29:36,018 INFO     ___FILE_ONLY___ 
        "id": "MACOSX",
2022-11-08 11:29:36,018 INFO     ___FILE_ONLY___ 
        "name": "Mac OS X"
2022-11-08 11:29:36,019 INFO     ___FILE_ONLY___ 
      }
2022-11-08 11:29:36,019 INFO     ___FILE_ONLY___ 
    },
2022-11-08 11:29:36,019 INFO     ___FILE_ONLY___ 
    "platform_required": false,
2022-11-08 11:29:36,020 INFO     ___FILE_ONLY___ 
    "size": 6842480,
2022-11-08 11:29:36,020 INFO     ___FILE_ONLY___ 
    "state": {
2022-11-08 11:29:36,020 INFO     ___FILE_ONLY___ 
      "name": "Not Installed"
2022-11-08 11:29:36,020 INFO     ___FILE_ONLY___ 
    }
2022-11-08 11:29:36,021 INFO     ___FILE_ONLY___ 
  }
2022-11-08 11:29:36,022 INFO     ___FILE_ONLY___ ,
  {
2022-11-08 11:29:36,022 INFO     ___FILE_ONLY___ 
    "current_version_string": null,
2022-11-08 11:29:36,022 INFO     ___FILE_ONLY___ 
    "id": "datalab",
2022-11-08 11:29:36,023 INFO     ___FILE_ONLY___ 
    "is_configuration": false,
2022-11-08 11:29:36,023 INFO     ___FILE_ONLY___ 
    "is_hidden": false,
2022-11-08 11:29:36,023 INFO     ___FILE_ONLY___ 
    "latest_version_string": "20190610",
2022-11-08 11:29:36,023 INFO     ___FILE_ONLY___ 
    "name": "Cloud Datalab Command Line Tool",
2022-11-08 11:29:36,023 INFO     ___FILE_ONLY___ 
    "platform": {
2022-11-08 11:29:36,023 INFO     ___FILE_ONLY___ 
      "architecture": {
2022-11-08 11:29:36,023 INFO     ___FILE_ONLY___ 
        "file_name": "x86_64",
2022-11-08 11:29:36,023 INFO     ___FILE_ONLY___ 
        "id": "x86_64",
2022-11-08 11:29:36,023 INFO     ___FILE_ONLY___ 
        "name": "x86_64"
2022-11-08 11:29:36,024 INFO     ___FILE_ONLY___ 
      },
2022-11-08 11:29:36,024 INFO     ___FILE_ONLY___ 
      "operating_system": {
2022-11-08 11:29:36,024 INFO     ___FILE_ONLY___ 
        "file_name": "darwin",
2022-11-08 11:29:36,024 INFO     ___FILE_ONLY___ 
        "id": "MACOSX",
2022-11-08 11:29:36,024 INFO     ___FILE_ONLY___ 
        "name": "Mac OS X"
2022-11-08 11:29:36,024 INFO     ___FILE_ONLY___ 
      }
2022-11-08 11:29:36,024 INFO     ___FILE_ONLY___ 
    },
2022-11-08 11:29:36,024 INFO     ___FILE_ONLY___ 
    "platform_required": false,
2022-11-08 11:29:36,025 INFO     ___FILE_ONLY___ 
    "size": 74849,
2022-11-08 11:29:36,025 INFO     ___FILE_ONLY___ 
    "state": {
2022-11-08 11:29:36,025 INFO     ___FILE_ONLY___ 
      "name": "Not Installed"
2022-11-08 11:29:36,025 INFO     ___FILE_ONLY___ 
    }
2022-11-08 11:29:36,025 INFO     ___FILE_ONLY___ 
  }
2022-11-08 11:29:36,026 INFO     ___FILE_ONLY___ ,
  {
2022-11-08 11:29:36,026 INFO     ___FILE_ONLY___ 
    "current_version_string": null,
2022-11-08 11:29:36,026 INFO     ___FILE_ONLY___ 
    "id": "cloud-datastore-emulator",
2022-11-08 11:29:36,026 INFO     ___FILE_ONLY___ 
    "is_configuration": false,
2022-11-08 11:29:36,026 INFO     ___FILE_ONLY___ 
    "is_hidden": false,
2022-11-08 11:29:36,026 INFO     ___FILE_ONLY___ 
    "latest_version_string": "2.3.0",
2022-11-08 11:29:36,027 INFO     ___FILE_ONLY___ 
    "name": "Cloud Datastore Emulator",
2022-11-08 11:29:36,027 INFO     ___FILE_ONLY___ 
    "platform": {
2022-11-08 11:29:36,027 INFO     ___FILE_ONLY___ 
      "architecture": {
2022-11-08 11:29:36,027 INFO     ___FILE_ONLY___ 
        "file_name": "x86_64",
2022-11-08 11:29:36,027 INFO     ___FILE_ONLY___ 
        "id": "x86_64",
2022-11-08 11:29:36,027 INFO     ___FILE_ONLY___ 
        "name": "x86_64"
2022-11-08 11:29:36,027 INFO     ___FILE_ONLY___ 
      },
2022-11-08 11:29:36,027 INFO     ___FILE_ONLY___ 
      "operating_system": {
2022-11-08 11:29:36,027 INFO     ___FILE_ONLY___ 
        "file_name": "darwin",
2022-11-08 11:29:36,028 INFO     ___FILE_ONLY___ 
        "id": "MACOSX",
2022-11-08 11:29:36,028 INFO     ___FILE_ONLY___ 
        "name": "Mac OS X"
2022-11-08 11:29:36,028 INFO     ___FILE_ONLY___ 
      }
2022-11-08 11:29:36,028 INFO     ___FILE_ONLY___ 
    },
2022-11-08 11:29:36,028 INFO     ___FILE_ONLY___ 
    "platform_required": false,
2022-11-08 11:29:36,028 INFO     ___FILE_ONLY___ 
    "size": 36755687,
2022-11-08 11:29:36,028 INFO     ___FILE_ONLY___ 
    "state": {
2022-11-08 11:29:36,028 INFO     ___FILE_ONLY___ 
      "name": "Not Installed"
2022-11-08 11:29:36,028 INFO     ___FILE_ONLY___ 
    }
2022-11-08 11:29:36,029 INFO     ___FILE_ONLY___ 
  }
2022-11-08 11:29:36,029 INFO     ___FILE_ONLY___ ,
  {
2022-11-08 11:29:36,029 INFO     ___FILE_ONLY___ 
    "current_version_string": null,
2022-11-08 11:29:36,030 INFO     ___FILE_ONLY___ 
    "id": "cloud-firestore-emulator",
2022-11-08 11:29:36,030 INFO     ___FILE_ONLY___ 
    "is_configuration": false,
2022-11-08 11:29:36,030 INFO     ___FILE_ONLY___ 
    "is_hidden": false,
2022-11-08 11:29:36,030 INFO     ___FILE_ONLY___ 
    "latest_version_string": "1.14.4",
2022-11-08 11:29:36,030 INFO     ___FILE_ONLY___ 
    "name": "Cloud Firestore Emulator",
2022-11-08 11:29:36,030 INFO     ___FILE_ONLY___ 
    "platform": {
2022-11-08 11:29:36,030 INFO     ___FILE_ONLY___ 
      "architecture": {
2022-11-08 11:29:36,030 INFO     ___FILE_ONLY___ 
        "file_name": "x86_64",
2022-11-08 11:29:36,031 INFO     ___FILE_ONLY___ 
        "id": "x86_64",
2022-11-08 11:29:36,031 INFO     ___FILE_ONLY___ 
        "name": "x86_64"
2022-11-08 11:29:36,031 INFO     ___FILE_ONLY___ 
      },
2022-11-08 11:29:36,031 INFO     ___FILE_ONLY___ 
      "operating_system": {
2022-11-08 11:29:36,031 INFO     ___FILE_ONLY___ 
        "file_name": "darwin",
2022-11-08 11:29:36,032 INFO     ___FILE_ONLY___ 
        "id": "MACOSX",
2022-11-08 11:29:36,032 INFO     ___FILE_ONLY___ 
        "name": "Mac OS X"
2022-11-08 11:29:36,032 INFO     ___FILE_ONLY___ 
      }
2022-11-08 11:29:36,033 INFO     ___FILE_ONLY___ 
    },
2022-11-08 11:29:36,033 INFO     ___FILE_ONLY___ 
    "platform_required": false,
2022-11-08 11:29:36,033 INFO     ___FILE_ONLY___ 
    "size": 42140696,
2022-11-08 11:29:36,033 INFO     ___FILE_ONLY___ 
    "state": {
2022-11-08 11:29:36,033 INFO     ___FILE_ONLY___ 
      "name": "Not Installed"
2022-11-08 11:29:36,033 INFO     ___FILE_ONLY___ 
    }
2022-11-08 11:29:36,034 INFO     ___FILE_ONLY___ 
  }
2022-11-08 11:29:36,034 INFO     ___FILE_ONLY___ ,
  {
2022-11-08 11:29:36,034 INFO     ___FILE_ONLY___ 
    "current_version_string": null,
2022-11-08 11:29:36,035 INFO     ___FILE_ONLY___ 
    "id": "pubsub-emulator",
2022-11-08 11:29:36,035 INFO     ___FILE_ONLY___ 
    "is_configuration": false,
2022-11-08 11:29:36,035 INFO     ___FILE_ONLY___ 
    "is_hidden": false,
2022-11-08 11:29:36,035 INFO     ___FILE_ONLY___ 
    "latest_version_string": "0.7.1",
2022-11-08 11:29:36,035 INFO     ___FILE_ONLY___ 
    "name": "Cloud Pub/Sub Emulator",
2022-11-08 11:29:36,035 INFO     ___FILE_ONLY___ 
    "platform": {
2022-11-08 11:29:36,036 INFO     ___FILE_ONLY___ 
      "architecture": {
2022-11-08 11:29:36,036 INFO     ___FILE_ONLY___ 
        "file_name": "x86_64",
2022-11-08 11:29:36,036 INFO     ___FILE_ONLY___ 
        "id": "x86_64",
2022-11-08 11:29:36,036 INFO     ___FILE_ONLY___ 
        "name": "x86_64"
2022-11-08 11:29:36,036 INFO     ___FILE_ONLY___ 
      },
2022-11-08 11:29:36,036 INFO     ___FILE_ONLY___ 
      "operating_system": {
2022-11-08 11:29:36,036 INFO     ___FILE_ONLY___ 
        "file_name": "darwin",
2022-11-08 11:29:36,036 INFO     ___FILE_ONLY___ 
        "id": "MACOSX",
2022-11-08 11:29:36,037 INFO     ___FILE_ONLY___ 
        "name": "Mac OS X"
2022-11-08 11:29:36,037 INFO     ___FILE_ONLY___ 
      }
2022-11-08 11:29:36,037 INFO     ___FILE_ONLY___ 
    },
2022-11-08 11:29:36,037 INFO     ___FILE_ONLY___ 
    "platform_required": false,
2022-11-08 11:29:36,037 INFO     ___FILE_ONLY___ 
    "size": 65403474,
2022-11-08 11:29:36,037 INFO     ___FILE_ONLY___ 
    "state": {
2022-11-08 11:29:36,037 INFO     ___FILE_ONLY___ 
      "name": "Not Installed"
2022-11-08 11:29:36,037 INFO     ___FILE_ONLY___ 
    }
2022-11-08 11:29:36,037 INFO     ___FILE_ONLY___ 
  }
2022-11-08 11:29:36,038 INFO     ___FILE_ONLY___ ,
  {
2022-11-08 11:29:36,038 INFO     ___FILE_ONLY___ 
    "current_version_string": null,
2022-11-08 11:29:36,038 INFO     ___FILE_ONLY___ 
    "id": "cloud-run-proxy",
2022-11-08 11:29:36,038 INFO     ___FILE_ONLY___ 
    "is_configuration": false,
2022-11-08 11:29:36,039 INFO     ___FILE_ONLY___ 
    "is_hidden": false,
2022-11-08 11:29:36,039 INFO     ___FILE_ONLY___ 
    "latest_version_string": "0.3.0",
2022-11-08 11:29:36,039 INFO     ___FILE_ONLY___ 
    "name": "Cloud Run Proxy",
2022-11-08 11:29:36,039 INFO     ___FILE_ONLY___ 
    "platform": {
2022-11-08 11:29:36,039 INFO     ___FILE_ONLY___ 
      "architecture": {
2022-11-08 11:29:36,039 INFO     ___FILE_ONLY___ 
        "file_name": "x86_64",
2022-11-08 11:29:36,039 INFO     ___FILE_ONLY___ 
        "id": "x86_64",
2022-11-08 11:29:36,039 INFO     ___FILE_ONLY___ 
        "name": "x86_64"
2022-11-08 11:29:36,039 INFO     ___FILE_ONLY___ 
      },
2022-11-08 11:29:36,040 INFO     ___FILE_ONLY___ 
      "operating_system": {
2022-11-08 11:29:36,040 INFO     ___FILE_ONLY___ 
        "file_name": "darwin",
2022-11-08 11:29:36,040 INFO     ___FILE_ONLY___ 
        "id": "MACOSX",
2022-11-08 11:29:36,040 INFO     ___FILE_ONLY___ 
        "name": "Mac OS X"
2022-11-08 11:29:36,040 INFO     ___FILE_ONLY___ 
      }
2022-11-08 11:29:36,040 INFO     ___FILE_ONLY___ 
    },
2022-11-08 11:29:36,040 INFO     ___FILE_ONLY___ 
    "platform_required": false,
2022-11-08 11:29:36,041 INFO     ___FILE_ONLY___ 
    "size": 8024792,
2022-11-08 11:29:36,041 INFO     ___FILE_ONLY___ 
    "state": {
2022-11-08 11:29:36,041 INFO     ___FILE_ONLY___ 
      "name": "Not Installed"
2022-11-08 11:29:36,041 INFO     ___FILE_ONLY___ 
    }
2022-11-08 11:29:36,041 INFO     ___FILE_ONLY___ 
  }
2022-11-08 11:29:36,042 INFO     ___FILE_ONLY___ ,
  {
2022-11-08 11:29:36,043 INFO     ___FILE_ONLY___ 
    "current_version_string": null,
2022-11-08 11:29:36,043 INFO     ___FILE_ONLY___ 
    "id": "cloud_sql_proxy",
2022-11-08 11:29:36,043 INFO     ___FILE_ONLY___ 
    "is_configuration": false,
2022-11-08 11:29:36,043 INFO     ___FILE_ONLY___ 
    "is_hidden": false,
2022-11-08 11:29:36,043 INFO     ___FILE_ONLY___ 
    "latest_version_string": "1.27.0",
2022-11-08 11:29:36,043 INFO     ___FILE_ONLY___ 
    "name": "Cloud SQL Proxy",
2022-11-08 11:29:36,043 INFO     ___FILE_ONLY___ 
    "platform": {
2022-11-08 11:29:36,044 INFO     ___FILE_ONLY___ 
      "architecture": {
2022-11-08 11:29:36,044 INFO     ___FILE_ONLY___ 
        "file_name": "x86_64",
2022-11-08 11:29:36,044 INFO     ___FILE_ONLY___ 
        "id": "x86_64",
2022-11-08 11:29:36,044 INFO     ___FILE_ONLY___ 
        "name": "x86_64"
2022-11-08 11:29:36,044 INFO     ___FILE_ONLY___ 
      },
2022-11-08 11:29:36,044 INFO     ___FILE_ONLY___ 
      "operating_system": {
2022-11-08 11:29:36,044 INFO     ___FILE_ONLY___ 
        "file_name": "darwin",
2022-11-08 11:29:36,044 INFO     ___FILE_ONLY___ 
        "id": "MACOSX",
2022-11-08 11:29:36,044 INFO     ___FILE_ONLY___ 
        "name": "Mac OS X"
2022-11-08 11:29:36,045 INFO     ___FILE_ONLY___ 
      }
2022-11-08 11:29:36,045 INFO     ___FILE_ONLY___ 
    },
2022-11-08 11:29:36,045 INFO     ___FILE_ONLY___ 
    "platform_required": false,
2022-11-08 11:29:36,045 INFO     ___FILE_ONLY___ 
    "size": 7986647,
2022-11-08 11:29:36,045 INFO     ___FILE_ONLY___ 
    "state": {
2022-11-08 11:29:36,045 INFO     ___FILE_ONLY___ 
      "name": "Not Installed"
2022-11-08 11:29:36,045 INFO     ___FILE_ONLY___ 
    }
2022-11-08 11:29:36,045 INFO     ___FILE_ONLY___ 
  }
2022-11-08 11:29:36,046 INFO     ___FILE_ONLY___ ,
  {
2022-11-08 11:29:36,046 INFO     ___FILE_ONLY___ 
    "current_version_string": null,
2022-11-08 11:29:36,047 INFO     ___FILE_ONLY___ 
    "id": "docker-credential-gcr",
2022-11-08 11:29:36,047 INFO     ___FILE_ONLY___ 
    "is_configuration": false,
2022-11-08 11:29:36,047 INFO     ___FILE_ONLY___ 
    "is_hidden": false,
2022-11-08 11:29:36,047 INFO     ___FILE_ONLY___ 
    "latest_version_string": "1.5.0",
2022-11-08 11:29:36,047 INFO     ___FILE_ONLY___ 
    "name": "Google Container Registry's Docker credential helper",
2022-11-08 11:29:36,047 INFO     ___FILE_ONLY___ 
    "platform": {
2022-11-08 11:29:36,047 INFO     ___FILE_ONLY___ 
      "architecture": {
2022-11-08 11:29:36,048 INFO     ___FILE_ONLY___ 
        "file_name": "x86_64",
2022-11-08 11:29:36,048 INFO     ___FILE_ONLY___ 
        "id": "x86_64",
2022-11-08 11:29:36,048 INFO     ___FILE_ONLY___ 
        "name": "x86_64"
2022-11-08 11:29:36,048 INFO     ___FILE_ONLY___ 
      },
2022-11-08 11:29:36,048 INFO     ___FILE_ONLY___ 
      "operating_system": {
2022-11-08 11:29:36,048 INFO     ___FILE_ONLY___ 
        "file_name": "darwin",
2022-11-08 11:29:36,048 INFO     ___FILE_ONLY___ 
        "id": "MACOSX",
2022-11-08 11:29:36,049 INFO     ___FILE_ONLY___ 
        "name": "Mac OS X"
2022-11-08 11:29:36,049 INFO     ___FILE_ONLY___ 
      }
2022-11-08 11:29:36,049 INFO     ___FILE_ONLY___ 
    },
2022-11-08 11:29:36,049 INFO     ___FILE_ONLY___ 
    "platform_required": false,
2022-11-08 11:29:36,049 INFO     ___FILE_ONLY___ 
    "size": 2266831,
2022-11-08 11:29:36,049 INFO     ___FILE_ONLY___ 
    "state": {
2022-11-08 11:29:36,050 INFO     ___FILE_ONLY___ 
      "name": "Not Installed"
2022-11-08 11:29:36,050 INFO     ___FILE_ONLY___ 
    }
2022-11-08 11:29:36,050 INFO     ___FILE_ONLY___ 
  }
2022-11-08 11:29:36,051 INFO     ___FILE_ONLY___ ,
  {
2022-11-08 11:29:36,051 INFO     ___FILE_ONLY___ 
    "current_version_string": null,
2022-11-08 11:29:36,051 INFO     ___FILE_ONLY___ 
    "id": "kustomize",
2022-11-08 11:29:36,051 INFO     ___FILE_ONLY___ 
    "is_configuration": false,
2022-11-08 11:29:36,052 INFO     ___FILE_ONLY___ 
    "is_hidden": false,
2022-11-08 11:29:36,052 INFO     ___FILE_ONLY___ 
    "latest_version_string": "4.4.0",
2022-11-08 11:29:36,052 INFO     ___FILE_ONLY___ 
    "name": "Kustomize",
2022-11-08 11:29:36,052 INFO     ___FILE_ONLY___ 
    "platform": {
2022-11-08 11:29:36,052 INFO     ___FILE_ONLY___ 
      "architecture": {
2022-11-08 11:29:36,052 INFO     ___FILE_ONLY___ 
        "file_name": "x86_64",
2022-11-08 11:29:36,052 INFO     ___FILE_ONLY___ 
        "id": "x86_64",
2022-11-08 11:29:36,052 INFO     ___FILE_ONLY___ 
        "name": "x86_64"
2022-11-08 11:29:36,052 INFO     ___FILE_ONLY___ 
      },
2022-11-08 11:29:36,053 INFO     ___FILE_ONLY___ 
      "operating_system": {
2022-11-08 11:29:36,053 INFO     ___FILE_ONLY___ 
        "file_name": "darwin",
2022-11-08 11:29:36,053 INFO     ___FILE_ONLY___ 
        "id": "MACOSX",
2022-11-08 11:29:36,053 INFO     ___FILE_ONLY___ 
        "name": "Mac OS X"
2022-11-08 11:29:36,053 INFO     ___FILE_ONLY___ 
      }
2022-11-08 11:29:36,053 INFO     ___FILE_ONLY___ 
    },
2022-11-08 11:29:36,053 INFO     ___FILE_ONLY___ 
    "platform_required": false,
2022-11-08 11:29:36,053 INFO     ___FILE_ONLY___ 
    "size": 7961940,
2022-11-08 11:29:36,053 INFO     ___FILE_ONLY___ 
    "state": {
2022-11-08 11:29:36,054 INFO     ___FILE_ONLY___ 
      "name": "Not Installed"
2022-11-08 11:29:36,054 INFO     ___FILE_ONLY___ 
    }
2022-11-08 11:29:36,054 INFO     ___FILE_ONLY___ 
  }
2022-11-08 11:29:36,055 INFO     ___FILE_ONLY___ ,
  {
2022-11-08 11:29:36,055 INFO     ___FILE_ONLY___ 
    "current_version_string": null,
2022-11-08 11:29:36,055 INFO     ___FILE_ONLY___ 
    "id": "log-streaming",
2022-11-08 11:29:36,055 INFO     ___FILE_ONLY___ 
    "is_configuration": false,
2022-11-08 11:29:36,055 INFO     ___FILE_ONLY___ 
    "is_hidden": false,
2022-11-08 11:29:36,055 INFO     ___FILE_ONLY___ 
    "latest_version_string": "0.3.0",
2022-11-08 11:29:36,056 INFO     ___FILE_ONLY___ 
    "name": "Log Streaming",
2022-11-08 11:29:36,056 INFO     ___FILE_ONLY___ 
    "platform": {
2022-11-08 11:29:36,056 INFO     ___FILE_ONLY___ 
      "architecture": {
2022-11-08 11:29:36,056 INFO     ___FILE_ONLY___ 
        "file_name": "x86_64",
2022-11-08 11:29:36,056 INFO     ___FILE_ONLY___ 
        "id": "x86_64",
2022-11-08 11:29:36,057 INFO     ___FILE_ONLY___ 
        "name": "x86_64"
2022-11-08 11:29:36,057 INFO     ___FILE_ONLY___ 
      },
2022-11-08 11:29:36,057 INFO     ___FILE_ONLY___ 
      "operating_system": {
2022-11-08 11:29:36,057 INFO     ___FILE_ONLY___ 
        "file_name": "darwin",
2022-11-08 11:29:36,057 INFO     ___FILE_ONLY___ 
        "id": "MACOSX",
2022-11-08 11:29:36,057 INFO     ___FILE_ONLY___ 
        "name": "Mac OS X"
2022-11-08 11:29:36,057 INFO     ___FILE_ONLY___ 
      }
2022-11-08 11:29:36,058 INFO     ___FILE_ONLY___ 
    },
2022-11-08 11:29:36,058 INFO     ___FILE_ONLY___ 
    "platform_required": false,
2022-11-08 11:29:36,058 INFO     ___FILE_ONLY___ 
    "size": 12864820,
2022-11-08 11:29:36,058 INFO     ___FILE_ONLY___ 
    "state": {
2022-11-08 11:29:36,058 INFO     ___FILE_ONLY___ 
      "name": "Not Installed"
2022-11-08 11:29:36,058 INFO     ___FILE_ONLY___ 
    }
2022-11-08 11:29:36,058 INFO     ___FILE_ONLY___ 
  }
2022-11-08 11:29:36,059 INFO     ___FILE_ONLY___ ,
  {
2022-11-08 11:29:36,059 INFO     ___FILE_ONLY___ 
    "current_version_string": null,
2022-11-08 11:29:36,059 INFO     ___FILE_ONLY___ 
    "id": "nomos",
2022-11-08 11:29:36,059 INFO     ___FILE_ONLY___ 
    "is_configuration": false,
2022-11-08 11:29:36,059 INFO     ___FILE_ONLY___ 
    "is_hidden": false,
2022-11-08 11:29:36,059 INFO     ___FILE_ONLY___ 
    "latest_version_string": "1.13.1-rc.4",
2022-11-08 11:29:36,060 INFO     ___FILE_ONLY___ 
    "name": "Nomos CLI",
2022-11-08 11:29:36,060 INFO     ___FILE_ONLY___ 
    "platform": {
2022-11-08 11:29:36,060 INFO     ___FILE_ONLY___ 
      "architecture": {
2022-11-08 11:29:36,060 INFO     ___FILE_ONLY___ 
        "file_name": "x86_64",
2022-11-08 11:29:36,060 INFO     ___FILE_ONLY___ 
        "id": "x86_64",
2022-11-08 11:29:36,060 INFO     ___FILE_ONLY___ 
        "name": "x86_64"
2022-11-08 11:29:36,060 INFO     ___FILE_ONLY___ 
      },
2022-11-08 11:29:36,060 INFO     ___FILE_ONLY___ 
      "operating_system": {
2022-11-08 11:29:36,060 INFO     ___FILE_ONLY___ 
        "file_name": "darwin",
2022-11-08 11:29:36,061 INFO     ___FILE_ONLY___ 
        "id": "MACOSX",
2022-11-08 11:29:36,061 INFO     ___FILE_ONLY___ 
        "name": "Mac OS X"
2022-11-08 11:29:36,061 INFO     ___FILE_ONLY___ 
      }
2022-11-08 11:29:36,061 INFO     ___FILE_ONLY___ 
    },
2022-11-08 11:29:36,061 INFO     ___FILE_ONLY___ 
    "platform_required": false,
2022-11-08 11:29:36,061 INFO     ___FILE_ONLY___ 
    "size": 25597173,
2022-11-08 11:29:36,062 INFO     ___FILE_ONLY___ 
    "state": {
2022-11-08 11:29:36,062 INFO     ___FILE_ONLY___ 
      "name": "Not Installed"
2022-11-08 11:29:36,062 INFO     ___FILE_ONLY___ 
    }
2022-11-08 11:29:36,062 INFO     ___FILE_ONLY___ 
  }
2022-11-08 11:29:36,063 INFO     ___FILE_ONLY___ ,
  {
2022-11-08 11:29:36,063 INFO     ___FILE_ONLY___ 
    "current_version_string": null,
2022-11-08 11:29:36,063 INFO     ___FILE_ONLY___ 
    "id": "local-extract",
2022-11-08 11:29:36,063 INFO     ___FILE_ONLY___ 
    "is_configuration": false,
2022-11-08 11:29:36,063 INFO     ___FILE_ONLY___ 
    "is_hidden": false,
2022-11-08 11:29:36,063 INFO     ___FILE_ONLY___ 
    "latest_version_string": "1.5.5",
2022-11-08 11:29:36,063 INFO     ___FILE_ONLY___ 
    "name": "On-Demand Scanning API extraction helper",
2022-11-08 11:29:36,063 INFO     ___FILE_ONLY___ 
    "platform": {
2022-11-08 11:29:36,064 INFO     ___FILE_ONLY___ 
      "architecture": {
2022-11-08 11:29:36,064 INFO     ___FILE_ONLY___ 
        "file_name": "x86_64",
2022-11-08 11:29:36,064 INFO     ___FILE_ONLY___ 
        "id": "x86_64",
2022-11-08 11:29:36,064 INFO     ___FILE_ONLY___ 
        "name": "x86_64"
2022-11-08 11:29:36,064 INFO     ___FILE_ONLY___ 
      },
2022-11-08 11:29:36,064 INFO     ___FILE_ONLY___ 
      "operating_system": {
2022-11-08 11:29:36,064 INFO     ___FILE_ONLY___ 
        "file_name": "darwin",
2022-11-08 11:29:36,065 INFO     ___FILE_ONLY___ 
        "id": "MACOSX",
2022-11-08 11:29:36,065 INFO     ___FILE_ONLY___ 
        "name": "Mac OS X"
2022-11-08 11:29:36,066 INFO     ___FILE_ONLY___ 
      }
2022-11-08 11:29:36,066 INFO     ___FILE_ONLY___ 
    },
2022-11-08 11:29:36,066 INFO     ___FILE_ONLY___ 
    "platform_required": false,
2022-11-08 11:29:36,067 INFO     ___FILE_ONLY___ 
    "size": 12442952,
2022-11-08 11:29:36,067 INFO     ___FILE_ONLY___ 
    "state": {
2022-11-08 11:29:36,067 INFO     ___FILE_ONLY___ 
      "name": "Not Installed"
2022-11-08 11:29:36,067 INFO     ___FILE_ONLY___ 
    }
2022-11-08 11:29:36,068 INFO     ___FILE_ONLY___ 
  }
2022-11-08 11:29:36,070 INFO     ___FILE_ONLY___ ,
  {
2022-11-08 11:29:36,070 INFO     ___FILE_ONLY___ 
    "current_version_string": null,
2022-11-08 11:29:36,071 INFO     ___FILE_ONLY___ 
    "id": "terraform-tools",
2022-11-08 11:29:36,077 INFO     ___FILE_ONLY___ 
    "is_configuration": false,
2022-11-08 11:29:36,077 INFO     ___FILE_ONLY___ 
    "is_hidden": false,
2022-11-08 11:29:36,077 INFO     ___FILE_ONLY___ 
    "latest_version_string": "0.8.0",
2022-11-08 11:29:36,078 INFO     ___FILE_ONLY___ 
    "name": "Terraform Tools",
2022-11-08 11:29:36,078 INFO     ___FILE_ONLY___ 
    "platform": {
2022-11-08 11:29:36,078 INFO     ___FILE_ONLY___ 
      "architecture": {
2022-11-08 11:29:36,078 INFO     ___FILE_ONLY___ 
        "file_name": "x86_64",
2022-11-08 11:29:36,078 INFO     ___FILE_ONLY___ 
        "id": "x86_64",
2022-11-08 11:29:36,078 INFO     ___FILE_ONLY___ 
        "name": "x86_64"
2022-11-08 11:29:36,078 INFO     ___FILE_ONLY___ 
      },
2022-11-08 11:29:36,078 INFO     ___FILE_ONLY___ 
      "operating_system": {
2022-11-08 11:29:36,078 INFO     ___FILE_ONLY___ 
        "file_name": "darwin",
2022-11-08 11:29:36,078 INFO     ___FILE_ONLY___ 
        "id": "MACOSX",
2022-11-08 11:29:36,079 INFO     ___FILE_ONLY___ 
        "name": "Mac OS X"
2022-11-08 11:29:36,079 INFO     ___FILE_ONLY___ 
      }
2022-11-08 11:29:36,079 INFO     ___FILE_ONLY___ 
    },
2022-11-08 11:29:36,079 INFO     ___FILE_ONLY___ 
    "platform_required": false,
2022-11-08 11:29:36,079 INFO     ___FILE_ONLY___ 
    "size": 56276984,
2022-11-08 11:29:36,079 INFO     ___FILE_ONLY___ 
    "state": {
2022-11-08 11:29:36,079 INFO     ___FILE_ONLY___ 
      "name": "Not Installed"
2022-11-08 11:29:36,079 INFO     ___FILE_ONLY___ 
    }
2022-11-08 11:29:36,079 INFO     ___FILE_ONLY___ 
  }
2022-11-08 11:29:36,080 INFO     ___FILE_ONLY___ ,
  {
2022-11-08 11:29:36,081 INFO     ___FILE_ONLY___ 
    "current_version_string": null,
2022-11-08 11:29:36,081 INFO     ___FILE_ONLY___ 
    "id": "anthos-auth",
2022-11-08 11:29:36,081 INFO     ___FILE_ONLY___ 
    "is_configuration": false,
2022-11-08 11:29:36,082 INFO     ___FILE_ONLY___ 
    "is_hidden": false,
2022-11-08 11:29:36,082 INFO     ___FILE_ONLY___ 
    "latest_version_string": "1.4.4",
2022-11-08 11:29:36,082 INFO     ___FILE_ONLY___ 
    "name": "anthos-auth",
2022-11-08 11:29:36,082 INFO     ___FILE_ONLY___ 
    "platform": {
2022-11-08 11:29:36,082 INFO     ___FILE_ONLY___ 
      "architecture": {
2022-11-08 11:29:36,082 INFO     ___FILE_ONLY___ 
        "file_name": "x86_64",
2022-11-08 11:29:36,082 INFO     ___FILE_ONLY___ 
        "id": "x86_64",
2022-11-08 11:29:36,083 INFO     ___FILE_ONLY___ 
        "name": "x86_64"
2022-11-08 11:29:36,083 INFO     ___FILE_ONLY___ 
      },
2022-11-08 11:29:36,083 INFO     ___FILE_ONLY___ 
      "operating_system": {
2022-11-08 11:29:36,083 INFO     ___FILE_ONLY___ 
        "file_name": "darwin",
2022-11-08 11:29:36,083 INFO     ___FILE_ONLY___ 
        "id": "MACOSX",
2022-11-08 11:29:36,083 INFO     ___FILE_ONLY___ 
        "name": "Mac OS X"
2022-11-08 11:29:36,083 INFO     ___FILE_ONLY___ 
      }
2022-11-08 11:29:36,083 INFO     ___FILE_ONLY___ 
    },
2022-11-08 11:29:36,083 INFO     ___FILE_ONLY___ 
    "platform_required": false,
2022-11-08 11:29:36,083 INFO     ___FILE_ONLY___ 
    "size": 21183974,
2022-11-08 11:29:36,084 INFO     ___FILE_ONLY___ 
    "state": {
2022-11-08 11:29:36,084 INFO     ___FILE_ONLY___ 
      "name": "Not Installed"
2022-11-08 11:29:36,084 INFO     ___FILE_ONLY___ 
    }
2022-11-08 11:29:36,084 INFO     ___FILE_ONLY___ 
  }
2022-11-08 11:29:36,084 INFO     ___FILE_ONLY___ ,
  {
2022-11-08 11:29:36,084 INFO     ___FILE_ONLY___ 
    "current_version_string": null,
2022-11-08 11:29:36,085 INFO     ___FILE_ONLY___ 
    "id": "config-connector",
2022-11-08 11:29:36,085 INFO     ___FILE_ONLY___ 
    "is_configuration": false,
2022-11-08 11:29:36,085 INFO     ___FILE_ONLY___ 
    "is_hidden": false,
2022-11-08 11:29:36,085 INFO     ___FILE_ONLY___ 
    "latest_version_string": "1.93.0",
2022-11-08 11:29:36,085 INFO     ___FILE_ONLY___ 
    "name": "config-connector",
2022-11-08 11:29:36,085 INFO     ___FILE_ONLY___ 
    "platform": {
2022-11-08 11:29:36,085 INFO     ___FILE_ONLY___ 
      "architecture": {
2022-11-08 11:29:36,085 INFO     ___FILE_ONLY___ 
        "file_name": "x86_64",
2022-11-08 11:29:36,086 INFO     ___FILE_ONLY___ 
        "id": "x86_64",
2022-11-08 11:29:36,086 INFO     ___FILE_ONLY___ 
        "name": "x86_64"
2022-11-08 11:29:36,086 INFO     ___FILE_ONLY___ 
      },
2022-11-08 11:29:36,086 INFO     ___FILE_ONLY___ 
      "operating_system": {
2022-11-08 11:29:36,086 INFO     ___FILE_ONLY___ 
        "file_name": "darwin",
2022-11-08 11:29:36,086 INFO     ___FILE_ONLY___ 
        "id": "MACOSX",
2022-11-08 11:29:36,086 INFO     ___FILE_ONLY___ 
        "name": "Mac OS X"
2022-11-08 11:29:36,086 INFO     ___FILE_ONLY___ 
      }
2022-11-08 11:29:36,086 INFO     ___FILE_ONLY___ 
    },
2022-11-08 11:29:36,086 INFO     ___FILE_ONLY___ 
    "platform_required": false,
2022-11-08 11:29:36,087 INFO     ___FILE_ONLY___ 
    "size": 59915703,
2022-11-08 11:29:36,087 INFO     ___FILE_ONLY___ 
    "state": {
2022-11-08 11:29:36,087 INFO     ___FILE_ONLY___ 
      "name": "Not Installed"
2022-11-08 11:29:36,089 INFO     ___FILE_ONLY___ 
    }
2022-11-08 11:29:36,089 INFO     ___FILE_ONLY___ 
  }
2022-11-08 11:29:36,090 INFO     ___FILE_ONLY___ ,
  {
2022-11-08 11:29:36,091 INFO     ___FILE_ONLY___ 
    "current_version_string": null,
2022-11-08 11:29:36,091 INFO     ___FILE_ONLY___ 
    "id": "app-engine-java",
2022-11-08 11:29:36,091 INFO     ___FILE_ONLY___ 
    "is_configuration": false,
2022-11-08 11:29:36,091 INFO     ___FILE_ONLY___ 
    "is_hidden": false,
2022-11-08 11:29:36,091 INFO     ___FILE_ONLY___ 
    "latest_version_string": "2.0.9",
2022-11-08 11:29:36,092 INFO     ___FILE_ONLY___ 
    "name": "gcloud app Java Extensions",
2022-11-08 11:29:36,092 INFO     ___FILE_ONLY___ 
    "platform": {
2022-11-08 11:29:36,092 INFO     ___FILE_ONLY___ 
      "architecture": {
2022-11-08 11:29:36,092 INFO     ___FILE_ONLY___ 
        "file_name": "x86_64",
2022-11-08 11:29:36,092 INFO     ___FILE_ONLY___ 
        "id": "x86_64",
2022-11-08 11:29:36,092 INFO     ___FILE_ONLY___ 
        "name": "x86_64"
2022-11-08 11:29:36,092 INFO     ___FILE_ONLY___ 
      },
2022-11-08 11:29:36,092 INFO     ___FILE_ONLY___ 
      "operating_system": {
2022-11-08 11:29:36,093 INFO     ___FILE_ONLY___ 
        "file_name": "darwin",
2022-11-08 11:29:36,093 INFO     ___FILE_ONLY___ 
        "id": "MACOSX",
2022-11-08 11:29:36,093 INFO     ___FILE_ONLY___ 
        "name": "Mac OS X"
2022-11-08 11:29:36,093 INFO     ___FILE_ONLY___ 
      }
2022-11-08 11:29:36,093 INFO     ___FILE_ONLY___ 
    },
2022-11-08 11:29:36,093 INFO     ___FILE_ONLY___ 
    "platform_required": false,
2022-11-08 11:29:36,093 INFO     ___FILE_ONLY___ 
    "size": 67584086,
2022-11-08 11:29:36,093 INFO     ___FILE_ONLY___ 
    "state": {
2022-11-08 11:29:36,094 INFO     ___FILE_ONLY___ 
      "name": "Not Installed"
2022-11-08 11:29:36,094 INFO     ___FILE_ONLY___ 
    }
2022-11-08 11:29:36,094 INFO     ___FILE_ONLY___ 
  }
2022-11-08 11:29:36,095 INFO     ___FILE_ONLY___ ,
  {
2022-11-08 11:29:36,095 INFO     ___FILE_ONLY___ 
    "current_version_string": null,
2022-11-08 11:29:36,095 INFO     ___FILE_ONLY___ 
    "id": "app-engine-php",
2022-11-08 11:29:36,095 INFO     ___FILE_ONLY___ 
    "is_configuration": false,
2022-11-08 11:29:36,095 INFO     ___FILE_ONLY___ 
    "is_hidden": false,
2022-11-08 11:29:36,095 INFO     ___FILE_ONLY___ 
    "latest_version_string": "",
2022-11-08 11:29:36,096 INFO     ___FILE_ONLY___ 
    "name": "gcloud app PHP Extensions",
2022-11-08 11:29:36,096 INFO     ___FILE_ONLY___ 
    "platform": {
2022-11-08 11:29:36,096 INFO     ___FILE_ONLY___ 
      "architecture": {
2022-11-08 11:29:36,096 INFO     ___FILE_ONLY___ 
        "file_name": "x86_64",
2022-11-08 11:29:36,096 INFO     ___FILE_ONLY___ 
        "id": "x86_64",
2022-11-08 11:29:36,096 INFO     ___FILE_ONLY___ 
        "name": "x86_64"
2022-11-08 11:29:36,096 INFO     ___FILE_ONLY___ 
      },
2022-11-08 11:29:36,096 INFO     ___FILE_ONLY___ 
      "operating_system": {
2022-11-08 11:29:36,096 INFO     ___FILE_ONLY___ 
        "file_name": "darwin",
2022-11-08 11:29:36,097 INFO     ___FILE_ONLY___ 
        "id": "MACOSX",
2022-11-08 11:29:36,097 INFO     ___FILE_ONLY___ 
        "name": "Mac OS X"
2022-11-08 11:29:36,097 INFO     ___FILE_ONLY___ 
      }
2022-11-08 11:29:36,097 INFO     ___FILE_ONLY___ 
    },
2022-11-08 11:29:36,097 INFO     ___FILE_ONLY___ 
    "platform_required": false,
2022-11-08 11:29:36,097 INFO     ___FILE_ONLY___ 
    "size": 22985548,
2022-11-08 11:29:36,097 INFO     ___FILE_ONLY___ 
    "state": {
2022-11-08 11:29:36,098 INFO     ___FILE_ONLY___ 
      "name": "Not Installed"
2022-11-08 11:29:36,098 INFO     ___FILE_ONLY___ 
    }
2022-11-08 11:29:36,098 INFO     ___FILE_ONLY___ 
  }
2022-11-08 11:29:36,099 INFO     ___FILE_ONLY___ ,
  {
2022-11-08 11:29:36,099 INFO     ___FILE_ONLY___ 
    "current_version_string": null,
2022-11-08 11:29:36,099 INFO     ___FILE_ONLY___ 
    "id": "app-engine-python",
2022-11-08 11:29:36,099 INFO     ___FILE_ONLY___ 
    "is_configuration": false,
2022-11-08 11:29:36,099 INFO     ___FILE_ONLY___ 
    "is_hidden": false,
2022-11-08 11:29:36,099 INFO     ___FILE_ONLY___ 
    "latest_version_string": "1.9.101",
2022-11-08 11:29:36,100 INFO     ___FILE_ONLY___ 
    "name": "gcloud app Python Extensions",
2022-11-08 11:29:36,100 INFO     ___FILE_ONLY___ 
    "platform": {
2022-11-08 11:29:36,100 INFO     ___FILE_ONLY___ 
      "architecture": {
2022-11-08 11:29:36,100 INFO     ___FILE_ONLY___ 
        "file_name": "x86_64",
2022-11-08 11:29:36,100 INFO     ___FILE_ONLY___ 
        "id": "x86_64",
2022-11-08 11:29:36,100 INFO     ___FILE_ONLY___ 
        "name": "x86_64"
2022-11-08 11:29:36,100 INFO     ___FILE_ONLY___ 
      },
2022-11-08 11:29:36,100 INFO     ___FILE_ONLY___ 
      "operating_system": {
2022-11-08 11:29:36,101 INFO     ___FILE_ONLY___ 
        "file_name": "darwin",
2022-11-08 11:29:36,101 INFO     ___FILE_ONLY___ 
        "id": "MACOSX",
2022-11-08 11:29:36,101 INFO     ___FILE_ONLY___ 
        "name": "Mac OS X"
2022-11-08 11:29:36,101 INFO     ___FILE_ONLY___ 
      }
2022-11-08 11:29:36,101 INFO     ___FILE_ONLY___ 
    },
2022-11-08 11:29:36,101 INFO     ___FILE_ONLY___ 
    "platform_required": false,
2022-11-08 11:29:36,102 INFO     ___FILE_ONLY___ 
    "size": 9044876,
2022-11-08 11:29:36,102 INFO     ___FILE_ONLY___ 
    "state": {
2022-11-08 11:29:36,103 INFO     ___FILE_ONLY___ 
      "name": "Not Installed"
2022-11-08 11:29:36,105 INFO     ___FILE_ONLY___ 
    }
2022-11-08 11:29:36,107 INFO     ___FILE_ONLY___ 
  }
2022-11-08 11:29:36,110 INFO     ___FILE_ONLY___ ,
  {
2022-11-08 11:29:36,110 INFO     ___FILE_ONLY___ 
    "current_version_string": null,
2022-11-08 11:29:36,110 INFO     ___FILE_ONLY___ 
    "id": "app-engine-python-extras",
2022-11-08 11:29:36,110 INFO     ___FILE_ONLY___ 
    "is_configuration": false,
2022-11-08 11:29:36,110 INFO     ___FILE_ONLY___ 
    "is_hidden": false,
2022-11-08 11:29:36,110 INFO     ___FILE_ONLY___ 
    "latest_version_string": "1.9.96",
2022-11-08 11:29:36,111 INFO     ___FILE_ONLY___ 
    "name": "gcloud app Python Extensions (Extra Libraries)",
2022-11-08 11:29:36,111 INFO     ___FILE_ONLY___ 
    "platform": {
2022-11-08 11:29:36,111 INFO     ___FILE_ONLY___ 
      "architecture": {
2022-11-08 11:29:36,112 INFO     ___FILE_ONLY___ 
        "file_name": "x86_64",
2022-11-08 11:29:36,112 INFO     ___FILE_ONLY___ 
        "id": "x86_64",
2022-11-08 11:29:36,115 INFO     ___FILE_ONLY___ 
        "name": "x86_64"
2022-11-08 11:29:36,116 INFO     ___FILE_ONLY___ 
      },
2022-11-08 11:29:36,116 INFO     ___FILE_ONLY___ 
      "operating_system": {
2022-11-08 11:29:36,116 INFO     ___FILE_ONLY___ 
        "file_name": "darwin",
2022-11-08 11:29:36,118 INFO     ___FILE_ONLY___ 
        "id": "MACOSX",
2022-11-08 11:29:36,118 INFO     ___FILE_ONLY___ 
        "name": "Mac OS X"
2022-11-08 11:29:36,119 INFO     ___FILE_ONLY___ 
      }
2022-11-08 11:29:36,121 INFO     ___FILE_ONLY___ 
    },
2022-11-08 11:29:36,121 INFO     ___FILE_ONLY___ 
    "platform_required": false,
2022-11-08 11:29:36,122 INFO     ___FILE_ONLY___ 
    "size": 27709995,
2022-11-08 11:29:36,122 INFO     ___FILE_ONLY___ 
    "state": {
2022-11-08 11:29:36,122 INFO     ___FILE_ONLY___ 
      "name": "Not Installed"
2022-11-08 11:29:36,122 INFO     ___FILE_ONLY___ 
    }
2022-11-08 11:29:36,122 INFO     ___FILE_ONLY___ 
  }
2022-11-08 11:29:36,123 INFO     ___FILE_ONLY___ ,
  {
2022-11-08 11:29:36,123 INFO     ___FILE_ONLY___ 
    "current_version_string": null,
2022-11-08 11:29:36,123 INFO     ___FILE_ONLY___ 
    "id": "kpt",
2022-11-08 11:29:36,124 INFO     ___FILE_ONLY___ 
    "is_configuration": false,
2022-11-08 11:29:36,124 INFO     ___FILE_ONLY___ 
    "is_hidden": false,
2022-11-08 11:29:36,124 INFO     ___FILE_ONLY___ 
    "latest_version_string": "1.0.0-beta.19",
2022-11-08 11:29:36,124 INFO     ___FILE_ONLY___ 
    "name": "kpt",
2022-11-08 11:29:36,124 INFO     ___FILE_ONLY___ 
    "platform": {
2022-11-08 11:29:36,124 INFO     ___FILE_ONLY___ 
      "architecture": {
2022-11-08 11:29:36,124 INFO     ___FILE_ONLY___ 
        "file_name": "x86_64",
2022-11-08 11:29:36,124 INFO     ___FILE_ONLY___ 
        "id": "x86_64",
2022-11-08 11:29:36,124 INFO     ___FILE_ONLY___ 
        "name": "x86_64"
2022-11-08 11:29:36,124 INFO     ___FILE_ONLY___ 
      },
2022-11-08 11:29:36,125 INFO     ___FILE_ONLY___ 
      "operating_system": {
2022-11-08 11:29:36,125 INFO     ___FILE_ONLY___ 
        "file_name": "darwin",
2022-11-08 11:29:36,125 INFO     ___FILE_ONLY___ 
        "id": "MACOSX",
2022-11-08 11:29:36,125 INFO     ___FILE_ONLY___ 
        "name": "Mac OS X"
2022-11-08 11:29:36,125 INFO     ___FILE_ONLY___ 
      }
2022-11-08 11:29:36,125 INFO     ___FILE_ONLY___ 
    },
2022-11-08 11:29:36,125 INFO     ___FILE_ONLY___ 
    "platform_required": false,
2022-11-08 11:29:36,125 INFO     ___FILE_ONLY___ 
    "size": 13550512,
2022-11-08 11:29:36,125 INFO     ___FILE_ONLY___ 
    "state": {
2022-11-08 11:29:36,126 INFO     ___FILE_ONLY___ 
      "name": "Not Installed"
2022-11-08 11:29:36,126 INFO     ___FILE_ONLY___ 
    }
2022-11-08 11:29:36,126 INFO     ___FILE_ONLY___ 
  }
2022-11-08 11:29:36,126 INFO     ___FILE_ONLY___ ,
  {
2022-11-08 11:29:36,127 INFO     ___FILE_ONLY___ 
    "current_version_string": null,
2022-11-08 11:29:36,127 INFO     ___FILE_ONLY___ 
    "id": "kubectl-oidc",
2022-11-08 11:29:36,127 INFO     ___FILE_ONLY___ 
    "is_configuration": false,
2022-11-08 11:29:36,127 INFO     ___FILE_ONLY___ 
    "is_hidden": false,
2022-11-08 11:29:36,127 INFO     ___FILE_ONLY___ 
    "latest_version_string": "1.4.4",
2022-11-08 11:29:36,127 INFO     ___FILE_ONLY___ 
    "name": "kubectl-oidc",
2022-11-08 11:29:36,127 INFO     ___FILE_ONLY___ 
    "platform": {
2022-11-08 11:29:36,128 INFO     ___FILE_ONLY___ 
      "architecture": {
2022-11-08 11:29:36,128 INFO     ___FILE_ONLY___ 
        "file_name": "x86_64",
2022-11-08 11:29:36,128 INFO     ___FILE_ONLY___ 
        "id": "x86_64",
2022-11-08 11:29:36,128 INFO     ___FILE_ONLY___ 
        "name": "x86_64"
2022-11-08 11:29:36,128 INFO     ___FILE_ONLY___ 
      },
2022-11-08 11:29:36,128 INFO     ___FILE_ONLY___ 
      "operating_system": {
2022-11-08 11:29:36,128 INFO     ___FILE_ONLY___ 
        "file_name": "darwin",
2022-11-08 11:29:36,128 INFO     ___FILE_ONLY___ 
        "id": "MACOSX",
2022-11-08 11:29:36,128 INFO     ___FILE_ONLY___ 
        "name": "Mac OS X"
2022-11-08 11:29:36,129 INFO     ___FILE_ONLY___ 
      }
2022-11-08 11:29:36,129 INFO     ___FILE_ONLY___ 
    },
2022-11-08 11:29:36,129 INFO     ___FILE_ONLY___ 
    "platform_required": false,
2022-11-08 11:29:36,129 INFO     ___FILE_ONLY___ 
    "size": 21183987,
2022-11-08 11:29:36,129 INFO     ___FILE_ONLY___ 
    "state": {
2022-11-08 11:29:36,129 INFO     ___FILE_ONLY___ 
      "name": "Not Installed"
2022-11-08 11:29:36,129 INFO     ___FILE_ONLY___ 
    }
2022-11-08 11:29:36,129 INFO     ___FILE_ONLY___ 
  }
2022-11-08 11:29:36,130 INFO     ___FILE_ONLY___ ,
  {
2022-11-08 11:29:36,131 INFO     ___FILE_ONLY___ 
    "current_version_string": null,
2022-11-08 11:29:36,131 INFO     ___FILE_ONLY___ 
    "id": "pkg",
2022-11-08 11:29:36,131 INFO     ___FILE_ONLY___ 
    "is_configuration": false,
2022-11-08 11:29:36,131 INFO     ___FILE_ONLY___ 
    "is_hidden": false,
2022-11-08 11:29:36,131 INFO     ___FILE_ONLY___ 
    "latest_version_string": "",
2022-11-08 11:29:36,132 INFO     ___FILE_ONLY___ 
    "name": "pkg",
2022-11-08 11:29:36,132 INFO     ___FILE_ONLY___ 
    "platform": {
2022-11-08 11:29:36,132 INFO     ___FILE_ONLY___ 
      "architecture": {
2022-11-08 11:29:36,132 INFO     ___FILE_ONLY___ 
        "file_name": "x86_64",
2022-11-08 11:29:36,132 INFO     ___FILE_ONLY___ 
        "id": "x86_64",
2022-11-08 11:29:36,132 INFO     ___FILE_ONLY___ 
        "name": "x86_64"
2022-11-08 11:29:36,132 INFO     ___FILE_ONLY___ 
      },
2022-11-08 11:29:36,132 INFO     ___FILE_ONLY___ 
      "operating_system": {
2022-11-08 11:29:36,132 INFO     ___FILE_ONLY___ 
        "file_name": "darwin",
2022-11-08 11:29:36,133 INFO     ___FILE_ONLY___ 
        "id": "MACOSX",
2022-11-08 11:29:36,133 INFO     ___FILE_ONLY___ 
        "name": "Mac OS X"
2022-11-08 11:29:36,134 INFO     ___FILE_ONLY___ 
      }
2022-11-08 11:29:36,134 INFO     ___FILE_ONLY___ 
    },
2022-11-08 11:29:36,134 INFO     ___FILE_ONLY___ 
    "platform_required": false,
2022-11-08 11:29:36,134 INFO     ___FILE_ONLY___ 
    "size": 0,
2022-11-08 11:29:36,134 INFO     ___FILE_ONLY___ 
    "state": {
2022-11-08 11:29:36,135 INFO     ___FILE_ONLY___ 
      "name": "Not Installed"
2022-11-08 11:29:36,135 INFO     ___FILE_ONLY___ 
    }
2022-11-08 11:29:36,136 INFO     ___FILE_ONLY___ 
  }
2022-11-08 11:29:36,137 INFO     ___FILE_ONLY___ ,
  {
2022-11-08 11:29:36,137 INFO     ___FILE_ONLY___ 
    "current_version_string": "2.0.81",
2022-11-08 11:29:36,137 INFO     ___FILE_ONLY___ 
    "id": "bq",
2022-11-08 11:29:36,137 INFO     ___FILE_ONLY___ 
    "is_configuration": false,
2022-11-08 11:29:36,137 INFO     ___FILE_ONLY___ 
    "is_hidden": false,
2022-11-08 11:29:36,137 INFO     ___FILE_ONLY___ 
    "latest_version_string": "2.0.81",
2022-11-08 11:29:36,137 INFO     ___FILE_ONLY___ 
    "name": "BigQuery Command Line Tool",
2022-11-08 11:29:36,137 INFO     ___FILE_ONLY___ 
    "platform": {
2022-11-08 11:29:36,138 INFO     ___FILE_ONLY___ 
      "architecture": {
2022-11-08 11:29:36,138 INFO     ___FILE_ONLY___ 
        "file_name": "x86_64",
2022-11-08 11:29:36,138 INFO     ___FILE_ONLY___ 
        "id": "x86_64",
2022-11-08 11:29:36,138 INFO     ___FILE_ONLY___ 
        "name": "x86_64"
2022-11-08 11:29:36,138 INFO     ___FILE_ONLY___ 
      },
2022-11-08 11:29:36,138 INFO     ___FILE_ONLY___ 
      "operating_system": {
2022-11-08 11:29:36,138 INFO     ___FILE_ONLY___ 
        "file_name": "darwin",
2022-11-08 11:29:36,138 INFO     ___FILE_ONLY___ 
        "id": "MACOSX",
2022-11-08 11:29:36,138 INFO     ___FILE_ONLY___ 
        "name": "Mac OS X"
2022-11-08 11:29:36,138 INFO     ___FILE_ONLY___ 
      }
2022-11-08 11:29:36,139 INFO     ___FILE_ONLY___ 
    },
2022-11-08 11:29:36,139 INFO     ___FILE_ONLY___ 
    "platform_required": false,
2022-11-08 11:29:36,139 INFO     ___FILE_ONLY___ 
    "size": 1690545,
2022-11-08 11:29:36,139 INFO     ___FILE_ONLY___ 
    "state": {
2022-11-08 11:29:36,139 INFO     ___FILE_ONLY___ 
      "name": "Installed"
2022-11-08 11:29:36,139 INFO     ___FILE_ONLY___ 
    }
2022-11-08 11:29:36,139 INFO     ___FILE_ONLY___ 
  }
2022-11-08 11:29:36,140 INFO     ___FILE_ONLY___ ,
  {
2022-11-08 11:29:36,140 INFO     ___FILE_ONLY___ 
    "current_version_string": "5.16",
2022-11-08 11:29:36,140 INFO     ___FILE_ONLY___ 
    "id": "gsutil",
2022-11-08 11:29:36,140 INFO     ___FILE_ONLY___ 
    "is_configuration": false,
2022-11-08 11:29:36,141 INFO     ___FILE_ONLY___ 
    "is_hidden": false,
2022-11-08 11:29:36,141 INFO     ___FILE_ONLY___ 
    "latest_version_string": "5.16",
2022-11-08 11:29:36,141 INFO     ___FILE_ONLY___ 
    "name": "Cloud Storage Command Line Tool",
2022-11-08 11:29:36,141 INFO     ___FILE_ONLY___ 
    "platform": {
2022-11-08 11:29:36,141 INFO     ___FILE_ONLY___ 
      "architecture": {
2022-11-08 11:29:36,141 INFO     ___FILE_ONLY___ 
        "file_name": "x86_64",
2022-11-08 11:29:36,141 INFO     ___FILE_ONLY___ 
        "id": "x86_64",
2022-11-08 11:29:36,141 INFO     ___FILE_ONLY___ 
        "name": "x86_64"
2022-11-08 11:29:36,141 INFO     ___FILE_ONLY___ 
      },
2022-11-08 11:29:36,142 INFO     ___FILE_ONLY___ 
      "operating_system": {
2022-11-08 11:29:36,142 INFO     ___FILE_ONLY___ 
        "file_name": "darwin",
2022-11-08 11:29:36,142 INFO     ___FILE_ONLY___ 
        "id": "MACOSX",
2022-11-08 11:29:36,142 INFO     ___FILE_ONLY___ 
        "name": "Mac OS X"
2022-11-08 11:29:36,142 INFO     ___FILE_ONLY___ 
      }
2022-11-08 11:29:36,142 INFO     ___FILE_ONLY___ 
    },
2022-11-08 11:29:36,142 INFO     ___FILE_ONLY___ 
    "platform_required": false,
2022-11-08 11:29:36,142 INFO     ___FILE_ONLY___ 
    "size": 16295859,
2022-11-08 11:29:36,142 INFO     ___FILE_ONLY___ 
    "state": {
2022-11-08 11:29:36,143 INFO     ___FILE_ONLY___ 
      "name": "Installed"
2022-11-08 11:29:36,143 INFO     ___FILE_ONLY___ 
    }
2022-11-08 11:29:36,143 INFO     ___FILE_ONLY___ 
  }
2022-11-08 11:29:36,143 INFO     ___FILE_ONLY___ ,
  {
2022-11-08 11:29:36,144 INFO     ___FILE_ONLY___ 
    "current_version_string": "2022.11.01",
2022-11-08 11:29:36,144 INFO     ___FILE_ONLY___ 
    "id": "core",
2022-11-08 11:29:36,144 INFO     ___FILE_ONLY___ 
    "is_configuration": false,
2022-11-08 11:29:36,144 INFO     ___FILE_ONLY___ 
    "is_hidden": false,
2022-11-08 11:29:36,144 INFO     ___FILE_ONLY___ 
    "latest_version_string": "2022.11.01",
2022-11-08 11:29:36,144 INFO     ___FILE_ONLY___ 
    "name": "Google Cloud CLI Core Libraries",
2022-11-08 11:29:36,144 INFO     ___FILE_ONLY___ 
    "platform": {
2022-11-08 11:29:36,144 INFO     ___FILE_ONLY___ 
      "architecture": {
2022-11-08 11:29:36,145 INFO     ___FILE_ONLY___ 
        "file_name": "x86_64",
2022-11-08 11:29:36,145 INFO     ___FILE_ONLY___ 
        "id": "x86_64",
2022-11-08 11:29:36,145 INFO     ___FILE_ONLY___ 
        "name": "x86_64"
2022-11-08 11:29:36,145 INFO     ___FILE_ONLY___ 
      },
2022-11-08 11:29:36,165 INFO     ___FILE_ONLY___ 
      "operating_system": {
2022-11-08 11:29:36,165 INFO     ___FILE_ONLY___ 
        "file_name": "darwin",
2022-11-08 11:29:36,165 INFO     ___FILE_ONLY___ 
        "id": "MACOSX",
2022-11-08 11:29:36,166 INFO     ___FILE_ONLY___ 
        "name": "Mac OS X"
2022-11-08 11:29:36,166 INFO     ___FILE_ONLY___ 
      }
2022-11-08 11:29:36,166 INFO     ___FILE_ONLY___ 
    },
2022-11-08 11:29:36,166 INFO     ___FILE_ONLY___ 
    "platform_required": false,
2022-11-08 11:29:36,166 INFO     ___FILE_ONLY___ 
    "size": 26335483,
2022-11-08 11:29:36,166 INFO     ___FILE_ONLY___ 
    "state": {
2022-11-08 11:29:36,166 INFO     ___FILE_ONLY___ 
      "name": "Installed"
2022-11-08 11:29:36,166 INFO     ___FILE_ONLY___ 
    }
2022-11-08 11:29:36,166 INFO     ___FILE_ONLY___ 
  }
2022-11-08 11:29:36,170 INFO     ___FILE_ONLY___ ,
  {
2022-11-08 11:29:36,170 INFO     ___FILE_ONLY___ 
    "current_version_string": "1.0.0",
2022-11-08 11:29:36,170 INFO     ___FILE_ONLY___ 
    "id": "gcloud-crc32c",
2022-11-08 11:29:36,170 INFO     ___FILE_ONLY___ 
    "is_configuration": false,
2022-11-08 11:29:36,170 INFO     ___FILE_ONLY___ 
    "is_hidden": false,
2022-11-08 11:29:36,170 INFO     ___FILE_ONLY___ 
    "latest_version_string": "1.0.0",
2022-11-08 11:29:36,170 INFO     ___FILE_ONLY___ 
    "name": "Google Cloud CRC32C Hash Tool",
2022-11-08 11:29:36,171 INFO     ___FILE_ONLY___ 
    "platform": {
2022-11-08 11:29:36,171 INFO     ___FILE_ONLY___ 
      "architecture": {
2022-11-08 11:29:36,185 INFO     ___FILE_ONLY___ 
        "file_name": "x86_64",
2022-11-08 11:29:36,185 INFO     ___FILE_ONLY___ 
        "id": "x86_64",
2022-11-08 11:29:36,185 INFO     ___FILE_ONLY___ 
        "name": "x86_64"
2022-11-08 11:29:36,185 INFO     ___FILE_ONLY___ 
      },
2022-11-08 11:29:36,185 INFO     ___FILE_ONLY___ 
      "operating_system": {
2022-11-08 11:29:36,185 INFO     ___FILE_ONLY___ 
        "file_name": "darwin",
2022-11-08 11:29:36,185 INFO     ___FILE_ONLY___ 
        "id": "MACOSX",
2022-11-08 11:29:36,186 INFO     ___FILE_ONLY___ 
        "name": "Mac OS X"
2022-11-08 11:29:36,186 INFO     ___FILE_ONLY___ 
      }
2022-11-08 11:29:36,186 INFO     ___FILE_ONLY___ 
    },
2022-11-08 11:29:36,186 INFO     ___FILE_ONLY___ 
    "platform_required": false,
2022-11-08 11:29:36,186 INFO     ___FILE_ONLY___ 
    "size": 1250758,
2022-11-08 11:29:36,186 INFO     ___FILE_ONLY___ 
    "state": {
2022-11-08 11:29:36,186 INFO     ___FILE_ONLY___ 
      "name": "Installed"
2022-11-08 11:29:36,186 INFO     ___FILE_ONLY___ 
    }
2022-11-08 11:29:36,192 INFO     ___FILE_ONLY___ 
  }
2022-11-08 11:29:36,192 INFO     ___FILE_ONLY___ ,
  {
2022-11-08 11:29:36,193 INFO     ___FILE_ONLY___ 
    "current_version_string": "1.27.0",
2022-11-08 11:29:36,193 INFO     ___FILE_ONLY___ 
    "id": "minikube",
2022-11-08 11:29:36,193 INFO     ___FILE_ONLY___ 
    "is_configuration": false,
2022-11-08 11:29:36,193 INFO     ___FILE_ONLY___ 
    "is_hidden": false,
2022-11-08 11:29:36,193 INFO     ___FILE_ONLY___ 
    "latest_version_string": "1.27.0",
2022-11-08 11:29:36,193 INFO     ___FILE_ONLY___ 
    "name": "Minikube",
2022-11-08 11:29:36,193 INFO     ___FILE_ONLY___ 
    "platform": {
2022-11-08 11:29:36,193 INFO     ___FILE_ONLY___ 
      "architecture": {
2022-11-08 11:29:36,193 INFO     ___FILE_ONLY___ 
        "file_name": "x86_64",
2022-11-08 11:29:36,194 INFO     ___FILE_ONLY___ 
        "id": "x86_64",
2022-11-08 11:29:36,194 INFO     ___FILE_ONLY___ 
        "name": "x86_64"
2022-11-08 11:29:36,194 INFO     ___FILE_ONLY___ 
      },
2022-11-08 11:29:36,194 INFO     ___FILE_ONLY___ 
      "operating_system": {
2022-11-08 11:29:36,194 INFO     ___FILE_ONLY___ 
        "file_name": "darwin",
2022-11-08 11:29:36,194 INFO     ___FILE_ONLY___ 
        "id": "MACOSX",
2022-11-08 11:29:36,194 INFO     ___FILE_ONLY___ 
        "name": "Mac OS X"
2022-11-08 11:29:36,194 INFO     ___FILE_ONLY___ 
      }
2022-11-08 11:29:36,194 INFO     ___FILE_ONLY___ 
    },
2022-11-08 11:29:36,195 INFO     ___FILE_ONLY___ 
    "platform_required": false,
2022-11-08 11:29:36,195 INFO     ___FILE_ONLY___ 
    "size": 32365761,
2022-11-08 11:29:36,195 INFO     ___FILE_ONLY___ 
    "state": {
2022-11-08 11:29:36,195 INFO     ___FILE_ONLY___ 
      "name": "Installed"
2022-11-08 11:29:36,195 INFO     ___FILE_ONLY___ 
    }
2022-11-08 11:29:36,195 INFO     ___FILE_ONLY___ 
  }
2022-11-08 11:29:36,206 INFO     ___FILE_ONLY___ ,
  {
2022-11-08 11:29:36,206 INFO     ___FILE_ONLY___ 
    "current_version_string": "1.39.3",
2022-11-08 11:29:36,206 INFO     ___FILE_ONLY___ 
    "id": "skaffold",
2022-11-08 11:29:36,206 INFO     ___FILE_ONLY___ 
    "is_configuration": false,
2022-11-08 11:29:36,233 INFO     ___FILE_ONLY___ 
    "is_hidden": false,
2022-11-08 11:29:36,233 INFO     ___FILE_ONLY___ 
    "latest_version_string": "1.39.3",
2022-11-08 11:29:36,234 INFO     ___FILE_ONLY___ 
    "name": "Skaffold",
2022-11-08 11:29:36,234 INFO     ___FILE_ONLY___ 
    "platform": {
2022-11-08 11:29:36,234 INFO     ___FILE_ONLY___ 
      "architecture": {
2022-11-08 11:29:36,234 INFO     ___FILE_ONLY___ 
        "file_name": "x86_64",
2022-11-08 11:29:36,234 INFO     ___FILE_ONLY___ 
        "id": "x86_64",
2022-11-08 11:29:36,234 INFO     ___FILE_ONLY___ 
        "name": "x86_64"
2022-11-08 11:29:36,235 INFO     ___FILE_ONLY___ 
      },
2022-11-08 11:29:36,235 INFO     ___FILE_ONLY___ 
      "operating_system": {
2022-11-08 11:29:36,235 INFO     ___FILE_ONLY___ 
        "file_name": "darwin",
2022-11-08 11:29:36,235 INFO     ___FILE_ONLY___ 
        "id": "MACOSX",
2022-11-08 11:29:36,235 INFO     ___FILE_ONLY___ 
        "name": "Mac OS X"
2022-11-08 11:29:36,235 INFO     ___FILE_ONLY___ 
      }
2022-11-08 11:29:36,236 INFO     ___FILE_ONLY___ 
    },
2022-11-08 11:29:36,236 INFO     ___FILE_ONLY___ 
    "platform_required": false,
2022-11-08 11:29:36,236 INFO     ___FILE_ONLY___ 
    "size": 22301645,
2022-11-08 11:29:36,236 INFO     ___FILE_ONLY___ 
    "state": {
2022-11-08 11:29:36,236 INFO     ___FILE_ONLY___ 
      "name": "Installed"
2022-11-08 11:29:36,236 INFO     ___FILE_ONLY___ 
    }
2022-11-08 11:29:36,236 INFO     ___FILE_ONLY___ 
  }
2022-11-08 11:29:36,237 INFO     ___FILE_ONLY___ ,
  {
2022-11-08 11:29:36,237 INFO     ___FILE_ONLY___ 
    "current_version_string": "2022.11.01",
2022-11-08 11:29:36,237 INFO     ___FILE_ONLY___ 
    "id": "alpha",
2022-11-08 11:29:36,238 INFO     ___FILE_ONLY___ 
    "is_configuration": false,
2022-11-08 11:29:36,238 INFO     ___FILE_ONLY___ 
    "is_hidden": false,
2022-11-08 11:29:36,238 INFO     ___FILE_ONLY___ 
    "latest_version_string": "2022.11.01",
2022-11-08 11:29:36,238 INFO     ___FILE_ONLY___ 
    "name": "gcloud Alpha Commands",
2022-11-08 11:29:36,239 INFO     ___FILE_ONLY___ 
    "platform": {
2022-11-08 11:29:36,239 INFO     ___FILE_ONLY___ 
      "architecture": {
2022-11-08 11:29:36,240 INFO     ___FILE_ONLY___ 
        "file_name": "x86_64",
2022-11-08 11:29:36,240 INFO     ___FILE_ONLY___ 
        "id": "x86_64",
2022-11-08 11:29:36,240 INFO     ___FILE_ONLY___ 
        "name": "x86_64"
2022-11-08 11:29:36,240 INFO     ___FILE_ONLY___ 
      },
2022-11-08 11:29:36,240 INFO     ___FILE_ONLY___ 
      "operating_system": {
2022-11-08 11:29:36,240 INFO     ___FILE_ONLY___ 
        "file_name": "darwin",
2022-11-08 11:29:36,240 INFO     ___FILE_ONLY___ 
        "id": "MACOSX",
2022-11-08 11:29:36,241 INFO     ___FILE_ONLY___ 
        "name": "Mac OS X"
2022-11-08 11:29:36,241 INFO     ___FILE_ONLY___ 
      }
2022-11-08 11:29:36,241 INFO     ___FILE_ONLY___ 
    },
2022-11-08 11:29:36,241 INFO     ___FILE_ONLY___ 
    "platform_required": false,
2022-11-08 11:29:36,241 INFO     ___FILE_ONLY___ 
    "size": 800,
2022-11-08 11:29:36,241 INFO     ___FILE_ONLY___ 
    "state": {
2022-11-08 11:29:36,241 INFO     ___FILE_ONLY___ 
      "name": "Installed"
2022-11-08 11:29:36,241 INFO     ___FILE_ONLY___ 
    }
2022-11-08 11:29:36,242 INFO     ___FILE_ONLY___ 
  }
2022-11-08 11:29:36,242 INFO     ___FILE_ONLY___ ,
  {
2022-11-08 11:29:36,243 INFO     ___FILE_ONLY___ 
    "current_version_string": "2022.11.01",
2022-11-08 11:29:36,243 INFO     ___FILE_ONLY___ 
    "id": "beta",
2022-11-08 11:29:36,243 INFO     ___FILE_ONLY___ 
    "is_configuration": false,
2022-11-08 11:29:36,243 INFO     ___FILE_ONLY___ 
    "is_hidden": false,
2022-11-08 11:29:36,243 INFO     ___FILE_ONLY___ 
    "latest_version_string": "2022.11.01",
2022-11-08 11:29:36,243 INFO     ___FILE_ONLY___ 
    "name": "gcloud Beta Commands",
2022-11-08 11:29:36,243 INFO     ___FILE_ONLY___ 
    "platform": {
2022-11-08 11:29:36,243 INFO     ___FILE_ONLY___ 
      "architecture": {
2022-11-08 11:29:36,244 INFO     ___FILE_ONLY___ 
        "file_name": "x86_64",
2022-11-08 11:29:36,244 INFO     ___FILE_ONLY___ 
        "id": "x86_64",
2022-11-08 11:29:36,244 INFO     ___FILE_ONLY___ 
        "name": "x86_64"
2022-11-08 11:29:36,244 INFO     ___FILE_ONLY___ 
      },
2022-11-08 11:29:36,244 INFO     ___FILE_ONLY___ 
      "operating_system": {
2022-11-08 11:29:36,244 INFO     ___FILE_ONLY___ 
        "file_name": "darwin",
2022-11-08 11:29:36,245 INFO     ___FILE_ONLY___ 
        "id": "MACOSX",
2022-11-08 11:29:36,245 INFO     ___FILE_ONLY___ 
        "name": "Mac OS X"
2022-11-08 11:29:36,245 INFO     ___FILE_ONLY___ 
      }
2022-11-08 11:29:36,245 INFO     ___FILE_ONLY___ 
    },
2022-11-08 11:29:36,245 INFO     ___FILE_ONLY___ 
    "platform_required": false,
2022-11-08 11:29:36,245 INFO     ___FILE_ONLY___ 
    "size": 797,
2022-11-08 11:29:36,246 INFO     ___FILE_ONLY___ 
    "state": {
2022-11-08 11:29:36,246 INFO     ___FILE_ONLY___ 
      "name": "Installed"
2022-11-08 11:29:36,246 INFO     ___FILE_ONLY___ 
    }
2022-11-08 11:29:36,246 INFO     ___FILE_ONLY___ 
  }
2022-11-08 11:29:36,247 INFO     ___FILE_ONLY___ ,
  {
2022-11-08 11:29:36,247 INFO     ___FILE_ONLY___ 
    "current_version_string": "0.4.0",
2022-11-08 11:29:36,247 INFO     ___FILE_ONLY___ 
    "id": "gke-gcloud-auth-plugin",
2022-11-08 11:29:36,247 INFO     ___FILE_ONLY___ 
    "is_configuration": false,
2022-11-08 11:29:36,247 INFO     ___FILE_ONLY___ 
    "is_hidden": false,
2022-11-08 11:29:36,248 INFO     ___FILE_ONLY___ 
    "latest_version_string": "0.4.0",
2022-11-08 11:29:36,248 INFO     ___FILE_ONLY___ 
    "name": "gke-gcloud-auth-plugin",
2022-11-08 11:29:36,248 INFO     ___FILE_ONLY___ 
    "platform": {
2022-11-08 11:29:36,248 INFO     ___FILE_ONLY___ 
      "architecture": {
2022-11-08 11:29:36,248 INFO     ___FILE_ONLY___ 
        "file_name": "x86_64",
2022-11-08 11:29:36,248 INFO     ___FILE_ONLY___ 
        "id": "x86_64",
2022-11-08 11:29:36,248 INFO     ___FILE_ONLY___ 
        "name": "x86_64"
2022-11-08 11:29:36,248 INFO     ___FILE_ONLY___ 
      },
2022-11-08 11:29:36,248 INFO     ___FILE_ONLY___ 
      "operating_system": {
2022-11-08 11:29:36,249 INFO     ___FILE_ONLY___ 
        "file_name": "darwin",
2022-11-08 11:29:36,249 INFO     ___FILE_ONLY___ 
        "id": "MACOSX",
2022-11-08 11:29:36,249 INFO     ___FILE_ONLY___ 
        "name": "Mac OS X"
2022-11-08 11:29:36,249 INFO     ___FILE_ONLY___ 
      }
2022-11-08 11:29:36,249 INFO     ___FILE_ONLY___ 
    },
2022-11-08 11:29:36,249 INFO     ___FILE_ONLY___ 
    "platform_required": false,
2022-11-08 11:29:36,249 INFO     ___FILE_ONLY___ 
    "size": 7825303,
2022-11-08 11:29:36,249 INFO     ___FILE_ONLY___ 
    "state": {
2022-11-08 11:29:36,249 INFO     ___FILE_ONLY___ 
      "name": "Installed"
2022-11-08 11:29:36,249 INFO     ___FILE_ONLY___ 
    }
2022-11-08 11:29:36,249 INFO     ___FILE_ONLY___ 
  }
2022-11-08 11:29:36,250 INFO     ___FILE_ONLY___ ,
  {
2022-11-08 11:29:36,250 INFO     ___FILE_ONLY___ 
    "current_version_string": "1.22.14",
2022-11-08 11:29:36,250 INFO     ___FILE_ONLY___ 
    "id": "kubectl",
2022-11-08 11:29:36,250 INFO     ___FILE_ONLY___ 
    "is_configuration": false,
2022-11-08 11:29:36,250 INFO     ___FILE_ONLY___ 
    "is_hidden": false,
2022-11-08 11:29:36,250 INFO     ___FILE_ONLY___ 
    "latest_version_string": "1.22.14",
2022-11-08 11:29:36,251 INFO     ___FILE_ONLY___ 
    "name": "kubectl",
2022-11-08 11:29:36,251 INFO     ___FILE_ONLY___ 
    "platform": {
2022-11-08 11:29:36,251 INFO     ___FILE_ONLY___ 
      "architecture": {
2022-11-08 11:29:36,251 INFO     ___FILE_ONLY___ 
        "file_name": "x86_64",
2022-11-08 11:29:36,251 INFO     ___FILE_ONLY___ 
        "id": "x86_64",
2022-11-08 11:29:36,251 INFO     ___FILE_ONLY___ 
        "name": "x86_64"
2022-11-08 11:29:36,251 INFO     ___FILE_ONLY___ 
      },
2022-11-08 11:29:36,251 INFO     ___FILE_ONLY___ 
      "operating_system": {
2022-11-08 11:29:36,251 INFO     ___FILE_ONLY___ 
        "file_name": "darwin",
2022-11-08 11:29:36,252 INFO     ___FILE_ONLY___ 
        "id": "MACOSX",
2022-11-08 11:29:36,252 INFO     ___FILE_ONLY___ 
        "name": "Mac OS X"
2022-11-08 11:29:36,252 INFO     ___FILE_ONLY___ 
      }
2022-11-08 11:29:36,252 INFO     ___FILE_ONLY___ 
    },
2022-11-08 11:29:36,252 INFO     ___FILE_ONLY___ 
    "platform_required": true,
2022-11-08 11:29:36,252 INFO     ___FILE_ONLY___ 
    "size": 48204,
2022-11-08 11:29:36,252 INFO     ___FILE_ONLY___ 
    "state": {
2022-11-08 11:29:36,252 INFO     ___FILE_ONLY___ 
      "name": "Installed"
2022-11-08 11:29:36,253 INFO     ___FILE_ONLY___ 
    }
2022-11-08 11:29:36,253 INFO     ___FILE_ONLY___ 
  }
2022-11-08 11:29:36,253 INFO     ___FILE_ONLY___ 
]

