2022-11-10 12:14:12,373 DEBUG    root            Loaded Command Group: ['gcloud', 'components']
2022-11-10 12:14:12,391 DEBUG    root            Loaded Command Group: ['gcloud', 'components', 'update']
2022-11-10 12:14:12,394 DEBUG    root            Running [gcloud.components.update] with arguments: [--quiet: "True"]
2022-11-10 12:14:12,406 INFO     ___FILE_ONLY___ Beginning update. This process may take several minutes.

2022-11-10 12:14:12,459 DEBUG    urllib3.connectionpool Starting new HTTPS connection (1): dl.google.com:443
2022-11-10 12:14:12,552 DEBUG    urllib3.connectionpool https://dl.google.com:443 "GET /dl/cloudsdk/channels/rapid/components-2.json HTTP/1.1" 200 203446
2022-11-10 12:14:12,643 INFO     ___FILE_ONLY___ 

2022-11-10 12:14:12,644 INFO     ___FILE_ONLY___ 
Your current Google Cloud CLI version is: 408.0.1

2022-11-10 12:14:12,644 INFO     ___FILE_ONLY___ You will be upgraded to version: 409.0.0

2022-11-10 12:14:12,644 INFO     ___FILE_ONLY___ 

2022-11-10 12:14:12,655 INFO     ___FILE_ONLY___ ┌─────────────────────────────────────────────────────────┐
2022-11-10 12:14:12,655 INFO     ___FILE_ONLY___ 

2022-11-10 12:14:12,666 INFO     ___FILE_ONLY___ │            These components will be updated.            │
2022-11-10 12:14:12,728 INFO     ___FILE_ONLY___ 

2022-11-10 12:14:12,728 INFO     ___FILE_ONLY___ ├─────────────────────────────────┬────────────┬──────────┤
2022-11-10 12:14:12,728 INFO     ___FILE_ONLY___ 

2022-11-10 12:14:12,728 INFO     ___FILE_ONLY___ │               Name              │  Version   │   Size   │
2022-11-10 12:14:12,729 INFO     ___FILE_ONLY___ 

2022-11-10 12:14:12,729 INFO     ___FILE_ONLY___ ├─────────────────────────────────┼────────────┼──────────┤
2022-11-10 12:14:12,729 INFO     ___FILE_ONLY___ 

2022-11-10 12:14:12,730 INFO     ___FILE_ONLY___ │ 
2022-11-10 12:14:12,730 INFO     ___FILE_ONLY___ Google Cloud CLI Core Libraries
2022-11-10 12:14:12,730 INFO     ___FILE_ONLY___  
2022-11-10 12:14:12,730 INFO     ___FILE_ONLY___ │ 
2022-11-10 12:14:12,730 INFO     ___FILE_ONLY___ 2022.11.04
2022-11-10 12:14:12,731 INFO     ___FILE_ONLY___  
2022-11-10 12:14:12,731 INFO     ___FILE_ONLY___ │ 
2022-11-10 12:14:12,731 INFO     ___FILE_ONLY___ 25.2 MiB
2022-11-10 12:14:12,731 INFO     ___FILE_ONLY___  
2022-11-10 12:14:12,731 INFO     ___FILE_ONLY___ │
2022-11-10 12:14:12,731 INFO     ___FILE_ONLY___ 

2022-11-10 12:14:12,731 INFO     ___FILE_ONLY___ │ 
2022-11-10 12:14:12,731 INFO     ___FILE_ONLY___ Minikube                       
2022-11-10 12:14:12,732 INFO     ___FILE_ONLY___  
2022-11-10 12:14:12,732 INFO     ___FILE_ONLY___ │ 
2022-11-10 12:14:12,732 INFO     ___FILE_ONLY___     1.28.0
2022-11-10 12:14:12,732 INFO     ___FILE_ONLY___  
2022-11-10 12:14:12,732 INFO     ___FILE_ONLY___ │ 
2022-11-10 12:14:12,733 INFO     ___FILE_ONLY___ 31.0 MiB
2022-11-10 12:14:12,733 INFO     ___FILE_ONLY___  
2022-11-10 12:14:12,733 INFO     ___FILE_ONLY___ │
2022-11-10 12:14:12,733 INFO     ___FILE_ONLY___ 

2022-11-10 12:14:12,733 INFO     ___FILE_ONLY___ │ 
2022-11-10 12:14:12,733 INFO     ___FILE_ONLY___ gcloud Alpha Commands          
2022-11-10 12:14:12,734 INFO     ___FILE_ONLY___  
2022-11-10 12:14:12,734 INFO     ___FILE_ONLY___ │ 
2022-11-10 12:14:12,734 INFO     ___FILE_ONLY___ 2022.11.04
2022-11-10 12:14:12,734 INFO     ___FILE_ONLY___  
2022-11-10 12:14:12,734 INFO     ___FILE_ONLY___ │ 
2022-11-10 12:14:12,735 INFO     ___FILE_ONLY___  < 1 MiB
2022-11-10 12:14:12,735 INFO     ___FILE_ONLY___  
2022-11-10 12:14:12,735 INFO     ___FILE_ONLY___ │
2022-11-10 12:14:12,736 INFO     ___FILE_ONLY___ 

2022-11-10 12:14:12,736 INFO     ___FILE_ONLY___ │ 
2022-11-10 12:14:12,736 INFO     ___FILE_ONLY___ gcloud Beta Commands           
2022-11-10 12:14:12,736 INFO     ___FILE_ONLY___  
2022-11-10 12:14:12,736 INFO     ___FILE_ONLY___ │ 
2022-11-10 12:14:12,736 INFO     ___FILE_ONLY___ 2022.11.04
2022-11-10 12:14:12,737 INFO     ___FILE_ONLY___  
2022-11-10 12:14:12,737 INFO     ___FILE_ONLY___ │ 
2022-11-10 12:14:12,737 INFO     ___FILE_ONLY___  < 1 MiB
2022-11-10 12:14:12,737 INFO     ___FILE_ONLY___  
2022-11-10 12:14:12,737 INFO     ___FILE_ONLY___ │
2022-11-10 12:14:12,738 INFO     ___FILE_ONLY___ 

2022-11-10 12:14:12,738 INFO     ___FILE_ONLY___ │ 
2022-11-10 12:14:12,738 INFO     ___FILE_ONLY___ gcloud cli dependencies        
2022-11-10 12:14:12,738 INFO     ___FILE_ONLY___  
2022-11-10 12:14:12,739 INFO     ___FILE_ONLY___ │ 
2022-11-10 12:14:12,739 INFO     ___FILE_ONLY___ 2022.11.04
2022-11-10 12:14:12,739 INFO     ___FILE_ONLY___  
2022-11-10 12:14:12,739 INFO     ___FILE_ONLY___ │ 
2022-11-10 12:14:12,739 INFO     ___FILE_ONLY___ 11.2 MiB
2022-11-10 12:14:12,740 INFO     ___FILE_ONLY___  
2022-11-10 12:14:12,741 INFO     ___FILE_ONLY___ │
2022-11-10 12:14:12,741 INFO     ___FILE_ONLY___ 

2022-11-10 12:14:12,741 INFO     ___FILE_ONLY___ └─────────────────────────────────┴────────────┴──────────┘
2022-11-10 12:14:12,741 INFO     ___FILE_ONLY___ 

2022-11-10 12:14:12,742 INFO     ___FILE_ONLY___ 

2022-11-10 12:14:12,747 DEBUG    urllib3.connectionpool Starting new HTTPS connection (1): dl.google.com:443
2022-11-10 12:14:12,872 DEBUG    urllib3.connectionpool https://dl.google.com:443 "GET /dl/cloudsdk/channels/rapid/RELEASE_NOTES HTTP/1.1" 200 896526
2022-11-10 12:14:13,165 INFO     ___FILE_ONLY___ The following release notes are new in this upgrade.
Please read carefully for information about new features, breaking changes,
and bugs fixed.  The latest full release notes can be viewed at:
  https://cloud.google.com/sdk/release_notes


2022-11-10 12:14:13,166 INFO     ___FILE_ONLY___ 
2022-11-10 12:14:13,166 INFO     ___FILE_ONLY___ 409.0.0 (2022-11-08)

2022-11-10 12:14:13,166 INFO     ___FILE_ONLY___ 
2022-11-10 12:14:13,166 INFO     ___FILE_ONLY___   
2022-11-10 12:14:13,166 INFO     ___FILE_ONLY___ Breaking Changes

2022-11-10 12:14:13,167 INFO     ___FILE_ONLY___       ▪
2022-11-10 12:14:13,167 INFO     ___FILE_ONLY___  
2022-11-10 12:14:13,167 INFO     ___FILE_ONLY___ **(Compute
2022-11-10 12:14:13,167 INFO     ___FILE_ONLY___  
2022-11-10 12:14:13,167 INFO     ___FILE_ONLY___ Engine)**
2022-11-10 12:14:13,168 INFO     ___FILE_ONLY___  
2022-11-10 12:14:13,168 INFO     ___FILE_ONLY___ Modified
2022-11-10 12:14:13,168 INFO     ___FILE_ONLY___  
2022-11-10 12:14:13,168 INFO     ___FILE_ONLY___ stockout
2022-11-10 12:14:13,168 INFO     ___FILE_ONLY___  
2022-11-10 12:14:13,168 INFO     ___FILE_ONLY___ errors
2022-11-10 12:14:13,168 INFO     ___FILE_ONLY___  
2022-11-10 12:14:13,169 INFO     ___FILE_ONLY___ to
2022-11-10 12:14:13,169 INFO     ___FILE_ONLY___  
2022-11-10 12:14:13,169 INFO     ___FILE_ONLY___ show
2022-11-10 12:14:13,169 INFO     ___FILE_ONLY___  
2022-11-10 12:14:13,169 INFO     ___FILE_ONLY___ entire
2022-11-10 12:14:13,169 INFO     ___FILE_ONLY___  
2022-11-10 12:14:13,169 INFO     ___FILE_ONLY___ error
2022-11-10 12:14:13,169 INFO     ___FILE_ONLY___ 

2022-11-10 12:14:13,170 INFO     ___FILE_ONLY___         
2022-11-10 12:14:13,170 INFO     ___FILE_ONLY___ object
2022-11-10 12:14:13,170 INFO     ___FILE_ONLY___  
2022-11-10 12:14:13,170 INFO     ___FILE_ONLY___ to
2022-11-10 12:14:13,170 INFO     ___FILE_ONLY___  
2022-11-10 12:14:13,170 INFO     ___FILE_ONLY___ user
2022-11-10 12:14:13,170 INFO     ___FILE_ONLY___  
2022-11-10 12:14:13,170 INFO     ___FILE_ONLY___ in
2022-11-10 12:14:13,171 INFO     ___FILE_ONLY___  
2022-11-10 12:14:13,171 INFO     ___FILE_ONLY___ yaml
2022-11-10 12:14:13,171 INFO     ___FILE_ONLY___  
2022-11-10 12:14:13,171 INFO     ___FILE_ONLY___ format
2022-11-10 12:14:13,171 INFO     ___FILE_ONLY___  
2022-11-10 12:14:13,171 INFO     ___FILE_ONLY___ instead
2022-11-10 12:14:13,172 INFO     ___FILE_ONLY___  
2022-11-10 12:14:13,172 INFO     ___FILE_ONLY___ of
2022-11-10 12:14:13,172 INFO     ___FILE_ONLY___  
2022-11-10 12:14:13,172 INFO     ___FILE_ONLY___ just
2022-11-10 12:14:13,172 INFO     ___FILE_ONLY___  
2022-11-10 12:14:13,172 INFO     ___FILE_ONLY___ error
2022-11-10 12:14:13,173 INFO     ___FILE_ONLY___  
2022-11-10 12:14:13,173 INFO     ___FILE_ONLY___ message.
2022-11-10 12:14:13,173 INFO     ___FILE_ONLY___ 

2022-11-10 12:14:13,173 INFO     ___FILE_ONLY___       ▪
2022-11-10 12:14:13,174 INFO     ___FILE_ONLY___  
2022-11-10 12:14:13,174 INFO     ___FILE_ONLY___ **(Compute
2022-11-10 12:14:13,174 INFO     ___FILE_ONLY___  
2022-11-10 12:14:13,174 INFO     ___FILE_ONLY___ Engine)**
2022-11-10 12:14:13,174 INFO     ___FILE_ONLY___ 

2022-11-10 12:14:13,174 INFO     ___FILE_ONLY___       ▪
2022-11-10 12:14:13,175 INFO     ___FILE_ONLY___  
2022-11-10 12:14:13,175 INFO     ___FILE_ONLY___ **(Compute
2022-11-10 12:14:13,175 INFO     ___FILE_ONLY___  
2022-11-10 12:14:13,175 INFO     ___FILE_ONLY___ Engine)**
2022-11-10 12:14:13,175 INFO     ___FILE_ONLY___  
2022-11-10 12:14:13,175 INFO     ___FILE_ONLY___ Modified
2022-11-10 12:14:13,176 INFO     ___FILE_ONLY___  
2022-11-10 12:14:13,176 INFO     ___FILE_ONLY___ quota
2022-11-10 12:14:13,176 INFO     ___FILE_ONLY___  
2022-11-10 12:14:13,177 INFO     ___FILE_ONLY___ exceeded
2022-11-10 12:14:13,177 INFO     ___FILE_ONLY___  
2022-11-10 12:14:13,177 INFO     ___FILE_ONLY___ errors
2022-11-10 12:14:13,177 INFO     ___FILE_ONLY___  
2022-11-10 12:14:13,177 INFO     ___FILE_ONLY___ to
2022-11-10 12:14:13,177 INFO     ___FILE_ONLY___  
2022-11-10 12:14:13,178 INFO     ___FILE_ONLY___ show
2022-11-10 12:14:13,178 INFO     ___FILE_ONLY___ 

2022-11-10 12:14:13,178 INFO     ___FILE_ONLY___         
2022-11-10 12:14:13,178 INFO     ___FILE_ONLY___ additional
2022-11-10 12:14:13,178 INFO     ___FILE_ONLY___  
2022-11-10 12:14:13,178 INFO     ___FILE_ONLY___ information
2022-11-10 12:14:13,179 INFO     ___FILE_ONLY___  
2022-11-10 12:14:13,179 INFO     ___FILE_ONLY___ to
2022-11-10 12:14:13,179 INFO     ___FILE_ONLY___  
2022-11-10 12:14:13,179 INFO     ___FILE_ONLY___ user
2022-11-10 12:14:13,179 INFO     ___FILE_ONLY___  
2022-11-10 12:14:13,180 INFO     ___FILE_ONLY___ instead
2022-11-10 12:14:13,180 INFO     ___FILE_ONLY___  
2022-11-10 12:14:13,180 INFO     ___FILE_ONLY___ of
2022-11-10 12:14:13,180 INFO     ___FILE_ONLY___  
2022-11-10 12:14:13,180 INFO     ___FILE_ONLY___ just
2022-11-10 12:14:13,180 INFO     ___FILE_ONLY___  
2022-11-10 12:14:13,181 INFO     ___FILE_ONLY___ error
2022-11-10 12:14:13,181 INFO     ___FILE_ONLY___  
2022-11-10 12:14:13,181 INFO     ___FILE_ONLY___ message.
2022-11-10 12:14:13,181 INFO     ___FILE_ONLY___ 

2022-11-10 12:14:13,181 INFO     ___FILE_ONLY___ 

2022-11-10 12:14:13,181 INFO     ___FILE_ONLY___ 
2022-11-10 12:14:13,181 INFO     ___FILE_ONLY___   
2022-11-10 12:14:13,182 INFO     ___FILE_ONLY___ Google Cloud CLI

2022-11-10 12:14:13,182 INFO     ___FILE_ONLY___       ▪
2022-11-10 12:14:13,182 INFO     ___FILE_ONLY___  
2022-11-10 12:14:13,182 INFO     ___FILE_ONLY___ Modified
2022-11-10 12:14:13,183 INFO     ___FILE_ONLY___  
2022-11-10 12:14:13,183 INFO     ___FILE_ONLY___ gcloud
2022-11-10 12:14:13,183 INFO     ___FILE_ONLY___  
2022-11-10 12:14:13,184 INFO     ___FILE_ONLY___ config
2022-11-10 12:14:13,184 INFO     ___FILE_ONLY___  
2022-11-10 12:14:13,184 INFO     ___FILE_ONLY___ list
2022-11-10 12:14:13,184 INFO     ___FILE_ONLY___  
2022-11-10 12:14:13,184 INFO     ___FILE_ONLY___ to
2022-11-10 12:14:13,184 INFO     ___FILE_ONLY___  
2022-11-10 12:14:13,184 INFO     ___FILE_ONLY___ accept
2022-11-10 12:14:13,185 INFO     ___FILE_ONLY___  
2022-11-10 12:14:13,185 INFO     ___FILE_ONLY___ both
2022-11-10 12:14:13,185 INFO     ___FILE_ONLY___  
2022-11-10 12:14:13,185 INFO     ___FILE_ONLY___ a
2022-11-10 12:14:13,185 INFO     ___FILE_ONLY___  
2022-11-10 12:14:13,185 INFO     ___FILE_ONLY___ section
2022-11-10 12:14:13,185 INFO     ___FILE_ONLY___  
2022-11-10 12:14:13,186 INFO     ___FILE_ONLY___ name
2022-11-10 12:14:13,186 INFO     ___FILE_ONLY___  
2022-11-10 12:14:13,186 INFO     ___FILE_ONLY___ and
2022-11-10 12:14:13,186 INFO     ___FILE_ONLY___  
2022-11-10 12:14:13,186 INFO     ___FILE_ONLY___ --all
2022-11-10 12:14:13,186 INFO     ___FILE_ONLY___ 

2022-11-10 12:14:13,187 INFO     ___FILE_ONLY___         
2022-11-10 12:14:13,187 INFO     ___FILE_ONLY___ flag.
2022-11-10 12:14:13,187 INFO     ___FILE_ONLY___  
2022-11-10 12:14:13,187 INFO     ___FILE_ONLY___ The
2022-11-10 12:14:13,187 INFO     ___FILE_ONLY___  
2022-11-10 12:14:13,187 INFO     ___FILE_ONLY___ command
2022-11-10 12:14:13,187 INFO     ___FILE_ONLY___  
2022-11-10 12:14:13,187 INFO     ___FILE_ONLY___ will
2022-11-10 12:14:13,187 INFO     ___FILE_ONLY___  
2022-11-10 12:14:13,187 INFO     ___FILE_ONLY___ display
2022-11-10 12:14:13,187 INFO     ___FILE_ONLY___  
2022-11-10 12:14:13,188 INFO     ___FILE_ONLY___ all
2022-11-10 12:14:13,188 INFO     ___FILE_ONLY___  
2022-11-10 12:14:13,188 INFO     ___FILE_ONLY___ the
2022-11-10 12:14:13,188 INFO     ___FILE_ONLY___  
2022-11-10 12:14:13,188 INFO     ___FILE_ONLY___ set
2022-11-10 12:14:13,188 INFO     ___FILE_ONLY___  
2022-11-10 12:14:13,188 INFO     ___FILE_ONLY___ and
2022-11-10 12:14:13,188 INFO     ___FILE_ONLY___  
2022-11-10 12:14:13,188 INFO     ___FILE_ONLY___ unset
2022-11-10 12:14:13,189 INFO     ___FILE_ONLY___  
2022-11-10 12:14:13,189 INFO     ___FILE_ONLY___ properties
2022-11-10 12:14:13,189 INFO     ___FILE_ONLY___  
2022-11-10 12:14:13,189 INFO     ___FILE_ONLY___ when
2022-11-10 12:14:13,189 INFO     ___FILE_ONLY___ 

2022-11-10 12:14:13,189 INFO     ___FILE_ONLY___         
2022-11-10 12:14:13,189 INFO     ___FILE_ONLY___ specifying
2022-11-10 12:14:13,190 INFO     ___FILE_ONLY___  
2022-11-10 12:14:13,190 INFO     ___FILE_ONLY___ both.
2022-11-10 12:14:13,190 INFO     ___FILE_ONLY___ 

2022-11-10 12:14:13,190 INFO     ___FILE_ONLY___ 

2022-11-10 12:14:13,190 INFO     ___FILE_ONLY___ 
2022-11-10 12:14:13,190 INFO     ___FILE_ONLY___   
2022-11-10 12:14:13,190 INFO     ___FILE_ONLY___ Anthos Multi-Cloud

2022-11-10 12:14:13,190 INFO     ___FILE_ONLY___       ▪
2022-11-10 12:14:13,206 INFO     ___FILE_ONLY___  
2022-11-10 12:14:13,206 INFO     ___FILE_ONLY___ Added
2022-11-10 12:14:13,206 INFO     ___FILE_ONLY___  
2022-11-10 12:14:13,206 INFO     ___FILE_ONLY___ --allow-missing
2022-11-10 12:14:13,206 INFO     ___FILE_ONLY___  
2022-11-10 12:14:13,206 INFO     ___FILE_ONLY___ flag
2022-11-10 12:14:13,207 INFO     ___FILE_ONLY___  
2022-11-10 12:14:13,207 INFO     ___FILE_ONLY___ to
2022-11-10 12:14:13,208 INFO     ___FILE_ONLY___  
2022-11-10 12:14:13,208 INFO     ___FILE_ONLY___ the
2022-11-10 12:14:13,208 INFO     ___FILE_ONLY___  
2022-11-10 12:14:13,208 INFO     ___FILE_ONLY___ following
2022-11-10 12:14:13,209 INFO     ___FILE_ONLY___  
2022-11-10 12:14:13,210 INFO     ___FILE_ONLY___ command
2022-11-10 12:14:13,210 INFO     ___FILE_ONLY___  
2022-11-10 12:14:13,211 INFO     ___FILE_ONLY___ groups:
2022-11-10 12:14:13,211 INFO     ___FILE_ONLY___  
2022-11-10 12:14:13,211 INFO     ___FILE_ONLY___ gcloud
2022-11-10 12:14:13,211 INFO     ___FILE_ONLY___ 

2022-11-10 12:14:13,211 INFO     ___FILE_ONLY___         
2022-11-10 12:14:13,211 INFO     ___FILE_ONLY___ container
2022-11-10 12:14:13,212 INFO     ___FILE_ONLY___  
2022-11-10 12:14:13,212 INFO     ___FILE_ONLY___ aws
2022-11-10 12:14:13,212 INFO     ___FILE_ONLY___  
2022-11-10 12:14:13,212 INFO     ___FILE_ONLY___ clusters
2022-11-10 12:14:13,213 INFO     ___FILE_ONLY___  
2022-11-10 12:14:13,213 INFO     ___FILE_ONLY___ delete,
2022-11-10 12:14:13,213 INFO     ___FILE_ONLY___  
2022-11-10 12:14:13,213 INFO     ___FILE_ONLY___ gcloud
2022-11-10 12:14:13,213 INFO     ___FILE_ONLY___  
2022-11-10 12:14:13,214 INFO     ___FILE_ONLY___ container
2022-11-10 12:14:13,214 INFO     ___FILE_ONLY___  
2022-11-10 12:14:13,215 INFO     ___FILE_ONLY___ aws
2022-11-10 12:14:13,215 INFO     ___FILE_ONLY___  
2022-11-10 12:14:13,215 INFO     ___FILE_ONLY___ node-pools
2022-11-10 12:14:13,215 INFO     ___FILE_ONLY___  
2022-11-10 12:14:13,216 INFO     ___FILE_ONLY___ delete,
2022-11-10 12:14:13,216 INFO     ___FILE_ONLY___ 

2022-11-10 12:14:13,216 INFO     ___FILE_ONLY___         
2022-11-10 12:14:13,217 INFO     ___FILE_ONLY___ gcloud
2022-11-10 12:14:13,217 INFO     ___FILE_ONLY___  
2022-11-10 12:14:13,217 INFO     ___FILE_ONLY___ container
2022-11-10 12:14:13,218 INFO     ___FILE_ONLY___  
2022-11-10 12:14:13,218 INFO     ___FILE_ONLY___ azure
2022-11-10 12:14:13,218 INFO     ___FILE_ONLY___  
2022-11-10 12:14:13,218 INFO     ___FILE_ONLY___ clients
2022-11-10 12:14:13,218 INFO     ___FILE_ONLY___  
2022-11-10 12:14:13,218 INFO     ___FILE_ONLY___ delete,
2022-11-10 12:14:13,218 INFO     ___FILE_ONLY___  
2022-11-10 12:14:13,219 INFO     ___FILE_ONLY___ gcloud
2022-11-10 12:14:13,219 INFO     ___FILE_ONLY___  
2022-11-10 12:14:13,219 INFO     ___FILE_ONLY___ container
2022-11-10 12:14:13,219 INFO     ___FILE_ONLY___  
2022-11-10 12:14:13,219 INFO     ___FILE_ONLY___ azure
2022-11-10 12:14:13,219 INFO     ___FILE_ONLY___  
2022-11-10 12:14:13,219 INFO     ___FILE_ONLY___ clusters
2022-11-10 12:14:13,220 INFO     ___FILE_ONLY___ 

2022-11-10 12:14:13,220 INFO     ___FILE_ONLY___         
2022-11-10 12:14:13,220 INFO     ___FILE_ONLY___ delete,
2022-11-10 12:14:13,220 INFO     ___FILE_ONLY___  
2022-11-10 12:14:13,220 INFO     ___FILE_ONLY___ gcloud
2022-11-10 12:14:13,220 INFO     ___FILE_ONLY___  
2022-11-10 12:14:13,221 INFO     ___FILE_ONLY___ container
2022-11-10 12:14:13,221 INFO     ___FILE_ONLY___  
2022-11-10 12:14:13,221 INFO     ___FILE_ONLY___ azure
2022-11-10 12:14:13,221 INFO     ___FILE_ONLY___  
2022-11-10 12:14:13,221 INFO     ___FILE_ONLY___ node-pools
2022-11-10 12:14:13,221 INFO     ___FILE_ONLY___  
2022-11-10 12:14:13,221 INFO     ___FILE_ONLY___ delete,
2022-11-10 12:14:13,222 INFO     ___FILE_ONLY___  
2022-11-10 12:14:13,222 INFO     ___FILE_ONLY___ to
2022-11-10 12:14:13,222 INFO     ___FILE_ONLY___  
2022-11-10 12:14:13,222 INFO     ___FILE_ONLY___ allow
2022-11-10 12:14:13,222 INFO     ___FILE_ONLY___  
2022-11-10 12:14:13,222 INFO     ___FILE_ONLY___ the
2022-11-10 12:14:13,223 INFO     ___FILE_ONLY___  
2022-11-10 12:14:13,223 INFO     ___FILE_ONLY___ delete
2022-11-10 12:14:13,223 INFO     ___FILE_ONLY___ 

2022-11-10 12:14:13,223 INFO     ___FILE_ONLY___         
2022-11-10 12:14:13,224 INFO     ___FILE_ONLY___ request
2022-11-10 12:14:13,224 INFO     ___FILE_ONLY___  
2022-11-10 12:14:13,224 INFO     ___FILE_ONLY___ to
2022-11-10 12:14:13,224 INFO     ___FILE_ONLY___  
2022-11-10 12:14:13,224 INFO     ___FILE_ONLY___ succeed,
2022-11-10 12:14:13,225 INFO     ___FILE_ONLY___  
2022-11-10 12:14:13,225 INFO     ___FILE_ONLY___ even
2022-11-10 12:14:13,225 INFO     ___FILE_ONLY___  
2022-11-10 12:14:13,225 INFO     ___FILE_ONLY___ if
2022-11-10 12:14:13,225 INFO     ___FILE_ONLY___  
2022-11-10 12:14:13,225 INFO     ___FILE_ONLY___ the
2022-11-10 12:14:13,226 INFO     ___FILE_ONLY___  
2022-11-10 12:14:13,226 INFO     ___FILE_ONLY___ cluster,
2022-11-10 12:14:13,226 INFO     ___FILE_ONLY___  
2022-11-10 12:14:13,226 INFO     ___FILE_ONLY___ node-pool
2022-11-10 12:14:13,226 INFO     ___FILE_ONLY___  
2022-11-10 12:14:13,226 INFO     ___FILE_ONLY___ or
2022-11-10 12:14:13,226 INFO     ___FILE_ONLY___  
2022-11-10 12:14:13,226 INFO     ___FILE_ONLY___ client
2022-11-10 12:14:13,226 INFO     ___FILE_ONLY___  
2022-11-10 12:14:13,227 INFO     ___FILE_ONLY___ resource
2022-11-10 12:14:13,227 INFO     ___FILE_ONLY___ 

2022-11-10 12:14:13,227 INFO     ___FILE_ONLY___         
2022-11-10 12:14:13,227 INFO     ___FILE_ONLY___ does
2022-11-10 12:14:13,227 INFO     ___FILE_ONLY___  
2022-11-10 12:14:13,228 INFO     ___FILE_ONLY___ not
2022-11-10 12:14:13,228 INFO     ___FILE_ONLY___  
2022-11-10 12:14:13,228 INFO     ___FILE_ONLY___ exist.
2022-11-10 12:14:13,229 INFO     ___FILE_ONLY___ 

2022-11-10 12:14:13,230 INFO     ___FILE_ONLY___ 

2022-11-10 12:14:13,231 INFO     ___FILE_ONLY___ 
2022-11-10 12:14:13,231 INFO     ___FILE_ONLY___   
2022-11-10 12:14:13,231 INFO     ___FILE_ONLY___ Cloud Composer

2022-11-10 12:14:13,231 INFO     ___FILE_ONLY___       ▪
2022-11-10 12:14:13,231 INFO     ___FILE_ONLY___  
2022-11-10 12:14:13,232 INFO     ___FILE_ONLY___ Added
2022-11-10 12:14:13,232 INFO     ___FILE_ONLY___  
2022-11-10 12:14:13,232 INFO     ___FILE_ONLY___ --skip-airflow-overrides-setting
2022-11-10 12:14:13,232 INFO     ___FILE_ONLY___  
2022-11-10 12:14:13,232 INFO     ___FILE_ONLY___ to
2022-11-10 12:14:13,232 INFO     ___FILE_ONLY___  
2022-11-10 12:14:13,232 INFO     ___FILE_ONLY___ gcloud
2022-11-10 12:14:13,233 INFO     ___FILE_ONLY___  
2022-11-10 12:14:13,233 INFO     ___FILE_ONLY___ beta
2022-11-10 12:14:13,234 INFO     ___FILE_ONLY___  
2022-11-10 12:14:13,234 INFO     ___FILE_ONLY___ composer
2022-11-10 12:14:13,234 INFO     ___FILE_ONLY___ 

2022-11-10 12:14:13,234 INFO     ___FILE_ONLY___         
2022-11-10 12:14:13,234 INFO     ___FILE_ONLY___ snapshots
2022-11-10 12:14:13,234 INFO     ___FILE_ONLY___  
2022-11-10 12:14:13,235 INFO     ___FILE_ONLY___ load
2022-11-10 12:14:13,235 INFO     ___FILE_ONLY___  
2022-11-10 12:14:13,235 INFO     ___FILE_ONLY___ to
2022-11-10 12:14:13,236 INFO     ___FILE_ONLY___  
2022-11-10 12:14:13,236 INFO     ___FILE_ONLY___ allow
2022-11-10 12:14:13,236 INFO     ___FILE_ONLY___  
2022-11-10 12:14:13,236 INFO     ___FILE_ONLY___ skipping
2022-11-10 12:14:13,236 INFO     ___FILE_ONLY___  
2022-11-10 12:14:13,237 INFO     ___FILE_ONLY___ setting
2022-11-10 12:14:13,238 INFO     ___FILE_ONLY___  
2022-11-10 12:14:13,238 INFO     ___FILE_ONLY___ Airflow
2022-11-10 12:14:13,240 INFO     ___FILE_ONLY___  
2022-11-10 12:14:13,241 INFO     ___FILE_ONLY___ overrides
2022-11-10 12:14:13,273 INFO     ___FILE_ONLY___  
2022-11-10 12:14:13,276 INFO     ___FILE_ONLY___ from
2022-11-10 12:14:13,276 INFO     ___FILE_ONLY___  
2022-11-10 12:14:13,277 INFO     ___FILE_ONLY___ the
2022-11-10 12:14:13,279 INFO     ___FILE_ONLY___ 

2022-11-10 12:14:13,280 INFO     ___FILE_ONLY___         
2022-11-10 12:14:13,280 INFO     ___FILE_ONLY___ snapshot.
2022-11-10 12:14:13,282 INFO     ___FILE_ONLY___ 

2022-11-10 12:14:13,285 INFO     ___FILE_ONLY___       ▪
2022-11-10 12:14:13,286 INFO     ___FILE_ONLY___  
2022-11-10 12:14:13,286 INFO     ___FILE_ONLY___ Added
2022-11-10 12:14:13,286 INFO     ___FILE_ONLY___  
2022-11-10 12:14:13,286 INFO     ___FILE_ONLY___ --skip-environment-variables-setting
2022-11-10 12:14:13,286 INFO     ___FILE_ONLY___  
2022-11-10 12:14:13,286 INFO     ___FILE_ONLY___ to
2022-11-10 12:14:13,286 INFO     ___FILE_ONLY___  
2022-11-10 12:14:13,287 INFO     ___FILE_ONLY___ gcloud
2022-11-10 12:14:13,287 INFO     ___FILE_ONLY___  
2022-11-10 12:14:13,287 INFO     ___FILE_ONLY___ beta
2022-11-10 12:14:13,287 INFO     ___FILE_ONLY___  
2022-11-10 12:14:13,287 INFO     ___FILE_ONLY___ composer
2022-11-10 12:14:13,287 INFO     ___FILE_ONLY___ 

2022-11-10 12:14:13,287 INFO     ___FILE_ONLY___         
2022-11-10 12:14:13,288 INFO     ___FILE_ONLY___ snapshots
2022-11-10 12:14:13,288 INFO     ___FILE_ONLY___  
2022-11-10 12:14:13,288 INFO     ___FILE_ONLY___ load
2022-11-10 12:14:13,288 INFO     ___FILE_ONLY___  
2022-11-10 12:14:13,288 INFO     ___FILE_ONLY___ to
2022-11-10 12:14:13,288 INFO     ___FILE_ONLY___  
2022-11-10 12:14:13,289 INFO     ___FILE_ONLY___ allow
2022-11-10 12:14:13,289 INFO     ___FILE_ONLY___  
2022-11-10 12:14:13,289 INFO     ___FILE_ONLY___ skipping
2022-11-10 12:14:13,289 INFO     ___FILE_ONLY___  
2022-11-10 12:14:13,289 INFO     ___FILE_ONLY___ setting
2022-11-10 12:14:13,289 INFO     ___FILE_ONLY___  
2022-11-10 12:14:13,289 INFO     ___FILE_ONLY___ environment
2022-11-10 12:14:13,290 INFO     ___FILE_ONLY___  
2022-11-10 12:14:13,290 INFO     ___FILE_ONLY___ variables
2022-11-10 12:14:13,290 INFO     ___FILE_ONLY___  
2022-11-10 12:14:13,290 INFO     ___FILE_ONLY___ from
2022-11-10 12:14:13,290 INFO     ___FILE_ONLY___  
2022-11-10 12:14:13,291 INFO     ___FILE_ONLY___ the
2022-11-10 12:14:13,291 INFO     ___FILE_ONLY___ 

2022-11-10 12:14:13,291 INFO     ___FILE_ONLY___         
2022-11-10 12:14:13,291 INFO     ___FILE_ONLY___ snapshot.
2022-11-10 12:14:13,291 INFO     ___FILE_ONLY___ 

2022-11-10 12:14:13,291 INFO     ___FILE_ONLY___       ▪
2022-11-10 12:14:13,292 INFO     ___FILE_ONLY___  
2022-11-10 12:14:13,292 INFO     ___FILE_ONLY___ Added
2022-11-10 12:14:13,292 INFO     ___FILE_ONLY___  
2022-11-10 12:14:13,292 INFO     ___FILE_ONLY___ --skip-gcs-data-copying
2022-11-10 12:14:13,293 INFO     ___FILE_ONLY___  
2022-11-10 12:14:13,293 INFO     ___FILE_ONLY___ to
2022-11-10 12:14:13,293 INFO     ___FILE_ONLY___  
2022-11-10 12:14:13,293 INFO     ___FILE_ONLY___ gcloud
2022-11-10 12:14:13,293 INFO     ___FILE_ONLY___  
2022-11-10 12:14:13,293 INFO     ___FILE_ONLY___ beta
2022-11-10 12:14:13,293 INFO     ___FILE_ONLY___  
2022-11-10 12:14:13,294 INFO     ___FILE_ONLY___ composer
2022-11-10 12:14:13,294 INFO     ___FILE_ONLY___  
2022-11-10 12:14:13,294 INFO     ___FILE_ONLY___ snapshots
2022-11-10 12:14:13,294 INFO     ___FILE_ONLY___  
2022-11-10 12:14:13,295 INFO     ___FILE_ONLY___ load
2022-11-10 12:14:13,295 INFO     ___FILE_ONLY___ 

2022-11-10 12:14:13,295 INFO     ___FILE_ONLY___         
2022-11-10 12:14:13,295 INFO     ___FILE_ONLY___ to
2022-11-10 12:14:13,295 INFO     ___FILE_ONLY___  
2022-11-10 12:14:13,296 INFO     ___FILE_ONLY___ allow
2022-11-10 12:14:13,296 INFO     ___FILE_ONLY___  
2022-11-10 12:14:13,296 INFO     ___FILE_ONLY___ skipping
2022-11-10 12:14:13,296 INFO     ___FILE_ONLY___  
2022-11-10 12:14:13,296 INFO     ___FILE_ONLY___ copying
2022-11-10 12:14:13,297 INFO     ___FILE_ONLY___  
2022-11-10 12:14:13,297 INFO     ___FILE_ONLY___ dags,
2022-11-10 12:14:13,297 INFO     ___FILE_ONLY___  
2022-11-10 12:14:13,297 INFO     ___FILE_ONLY___ plugins
2022-11-10 12:14:13,297 INFO     ___FILE_ONLY___  
2022-11-10 12:14:13,297 INFO     ___FILE_ONLY___ and
2022-11-10 12:14:13,298 INFO     ___FILE_ONLY___  
2022-11-10 12:14:13,298 INFO     ___FILE_ONLY___ data
2022-11-10 12:14:13,298 INFO     ___FILE_ONLY___  
2022-11-10 12:14:13,298 INFO     ___FILE_ONLY___ folders
2022-11-10 12:14:13,298 INFO     ___FILE_ONLY___  
2022-11-10 12:14:13,298 INFO     ___FILE_ONLY___ from
2022-11-10 12:14:13,298 INFO     ___FILE_ONLY___  
2022-11-10 12:14:13,299 INFO     ___FILE_ONLY___ the
2022-11-10 12:14:13,299 INFO     ___FILE_ONLY___ 

2022-11-10 12:14:13,299 INFO     ___FILE_ONLY___         
2022-11-10 12:14:13,299 INFO     ___FILE_ONLY___ snapshot.
2022-11-10 12:14:13,299 INFO     ___FILE_ONLY___ 

2022-11-10 12:14:13,299 INFO     ___FILE_ONLY___ 

2022-11-10 12:14:13,299 INFO     ___FILE_ONLY___ 
2022-11-10 12:14:13,299 INFO     ___FILE_ONLY___   
2022-11-10 12:14:13,299 INFO     ___FILE_ONLY___ Cloud Datastream

2022-11-10 12:14:13,300 INFO     ___FILE_ONLY___       ▪
2022-11-10 12:14:13,300 INFO     ___FILE_ONLY___  
2022-11-10 12:14:13,300 INFO     ___FILE_ONLY___ Added
2022-11-10 12:14:13,300 INFO     ___FILE_ONLY___  
2022-11-10 12:14:13,300 INFO     ___FILE_ONLY___ the
2022-11-10 12:14:13,301 INFO     ___FILE_ONLY___  
2022-11-10 12:14:13,301 INFO     ___FILE_ONLY___ max_concurrent_cdc_tasks
2022-11-10 12:14:13,301 INFO     ___FILE_ONLY___  
2022-11-10 12:14:13,301 INFO     ___FILE_ONLY___ support
2022-11-10 12:14:13,301 INFO     ___FILE_ONLY___  
2022-11-10 12:14:13,301 INFO     ___FILE_ONLY___ to
2022-11-10 12:14:13,302 INFO     ___FILE_ONLY___  
2022-11-10 12:14:13,302 INFO     ___FILE_ONLY___ --mysql-source-config
2022-11-10 12:14:13,302 INFO     ___FILE_ONLY___ 

2022-11-10 12:14:13,302 INFO     ___FILE_ONLY___         
2022-11-10 12:14:13,302 INFO     ___FILE_ONLY___ and
2022-11-10 12:14:13,303 INFO     ___FILE_ONLY___  
2022-11-10 12:14:13,303 INFO     ___FILE_ONLY___ --oracle-source-config
2022-11-10 12:14:13,303 INFO     ___FILE_ONLY___  
2022-11-10 12:14:13,303 INFO     ___FILE_ONLY___ flags
2022-11-10 12:14:13,303 INFO     ___FILE_ONLY___  
2022-11-10 12:14:13,303 INFO     ___FILE_ONLY___ in
2022-11-10 12:14:13,303 INFO     ___FILE_ONLY___  
2022-11-10 12:14:13,304 INFO     ___FILE_ONLY___ gcloud
2022-11-10 12:14:13,304 INFO     ___FILE_ONLY___  
2022-11-10 12:14:13,304 INFO     ___FILE_ONLY___ datastream
2022-11-10 12:14:13,304 INFO     ___FILE_ONLY___  
2022-11-10 12:14:13,304 INFO     ___FILE_ONLY___ streams.
2022-11-10 12:14:13,305 INFO     ___FILE_ONLY___ 

2022-11-10 12:14:13,305 INFO     ___FILE_ONLY___ 

2022-11-10 12:14:13,305 INFO     ___FILE_ONLY___ 
2022-11-10 12:14:13,305 INFO     ___FILE_ONLY___   
2022-11-10 12:14:13,305 INFO     ___FILE_ONLY___ Cloud Filestore

2022-11-10 12:14:13,305 INFO     ___FILE_ONLY___       ▪
2022-11-10 12:14:13,306 INFO     ___FILE_ONLY___  
2022-11-10 12:14:13,306 INFO     ___FILE_ONLY___ Fixed
2022-11-10 12:14:13,306 INFO     ___FILE_ONLY___  
2022-11-10 12:14:13,306 INFO     ___FILE_ONLY___ issue
2022-11-10 12:14:13,306 INFO     ___FILE_ONLY___  
2022-11-10 12:14:13,306 INFO     ___FILE_ONLY___ where
2022-11-10 12:14:13,307 INFO     ___FILE_ONLY___  
2022-11-10 12:14:13,307 INFO     ___FILE_ONLY___ --kms-key
2022-11-10 12:14:13,308 INFO     ___FILE_ONLY___  
2022-11-10 12:14:13,308 INFO     ___FILE_ONLY___ was
2022-11-10 12:14:13,308 INFO     ___FILE_ONLY___  
2022-11-10 12:14:13,308 INFO     ___FILE_ONLY___ being
2022-11-10 12:14:13,309 INFO     ___FILE_ONLY___  
2022-11-10 12:14:13,309 INFO     ___FILE_ONLY___ ignored
2022-11-10 12:14:13,309 INFO     ___FILE_ONLY___  
2022-11-10 12:14:13,309 INFO     ___FILE_ONLY___ in
2022-11-10 12:14:13,309 INFO     ___FILE_ONLY___  
2022-11-10 12:14:13,309 INFO     ___FILE_ONLY___ gcloud
2022-11-10 12:14:13,309 INFO     ___FILE_ONLY___  
2022-11-10 12:14:13,309 INFO     ___FILE_ONLY___ filestore
2022-11-10 12:14:13,310 INFO     ___FILE_ONLY___ 

2022-11-10 12:14:13,310 INFO     ___FILE_ONLY___         
2022-11-10 12:14:13,310 INFO     ___FILE_ONLY___ backups
2022-11-10 12:14:13,310 INFO     ___FILE_ONLY___  
2022-11-10 12:14:13,310 INFO     ___FILE_ONLY___ create
2022-11-10 12:14:13,310 INFO     ___FILE_ONLY___  
2022-11-10 12:14:13,310 INFO     ___FILE_ONLY___ command.
2022-11-10 12:14:13,311 INFO     ___FILE_ONLY___ 

2022-11-10 12:14:13,311 INFO     ___FILE_ONLY___ 

2022-11-10 12:14:13,311 INFO     ___FILE_ONLY___ 
2022-11-10 12:14:13,311 INFO     ___FILE_ONLY___   
2022-11-10 12:14:13,311 INFO     ___FILE_ONLY___ Cloud Firestore Emulator

2022-11-10 12:14:13,312 INFO     ___FILE_ONLY___       ▪
2022-11-10 12:14:13,312 INFO     ___FILE_ONLY___  
2022-11-10 12:14:13,312 INFO     ___FILE_ONLY___ Promoted
2022-11-10 12:14:13,312 INFO     ___FILE_ONLY___  
2022-11-10 12:14:13,313 INFO     ___FILE_ONLY___ gcloud
2022-11-10 12:14:13,313 INFO     ___FILE_ONLY___  
2022-11-10 12:14:13,313 INFO     ___FILE_ONLY___ emulators
2022-11-10 12:14:13,314 INFO     ___FILE_ONLY___  
2022-11-10 12:14:13,314 INFO     ___FILE_ONLY___ firestore
2022-11-10 12:14:13,314 INFO     ___FILE_ONLY___  
2022-11-10 12:14:13,314 INFO     ___FILE_ONLY___ to
2022-11-10 12:14:13,314 INFO     ___FILE_ONLY___  
2022-11-10 12:14:13,314 INFO     ___FILE_ONLY___ GA.
2022-11-10 12:14:13,315 INFO     ___FILE_ONLY___ 

2022-11-10 12:14:13,315 INFO     ___FILE_ONLY___       ▪
2022-11-10 12:14:13,315 INFO     ___FILE_ONLY___  
2022-11-10 12:14:13,315 INFO     ___FILE_ONLY___ Release
2022-11-10 12:14:13,316 INFO     ___FILE_ONLY___  
2022-11-10 12:14:13,316 INFO     ___FILE_ONLY___ Cloud
2022-11-10 12:14:13,316 INFO     ___FILE_ONLY___  
2022-11-10 12:14:13,316 INFO     ___FILE_ONLY___ Firestore
2022-11-10 12:14:13,316 INFO     ___FILE_ONLY___  
2022-11-10 12:14:13,316 INFO     ___FILE_ONLY___ emulator
2022-11-10 12:14:13,317 INFO     ___FILE_ONLY___  
2022-11-10 12:14:13,317 INFO     ___FILE_ONLY___ v1.15.1
2022-11-10 12:14:13,317 INFO     ___FILE_ONLY___ 

2022-11-10 12:14:13,317 INFO     ___FILE_ONLY___         ◆
2022-11-10 12:14:13,317 INFO     ___FILE_ONLY___  
2022-11-10 12:14:13,318 INFO     ___FILE_ONLY___ feat:
2022-11-10 12:14:13,318 INFO     ___FILE_ONLY___  
2022-11-10 12:14:13,318 INFO     ___FILE_ONLY___ allow
2022-11-10 12:14:13,318 INFO     ___FILE_ONLY___  
2022-11-10 12:14:13,318 INFO     ___FILE_ONLY___ users
2022-11-10 12:14:13,318 INFO     ___FILE_ONLY___  
2022-11-10 12:14:13,318 INFO     ___FILE_ONLY___ to
2022-11-10 12:14:13,319 INFO     ___FILE_ONLY___  
2022-11-10 12:14:13,319 INFO     ___FILE_ONLY___ configure
2022-11-10 12:14:13,319 INFO     ___FILE_ONLY___  
2022-11-10 12:14:13,319 INFO     ___FILE_ONLY___ websocket
2022-11-10 12:14:13,319 INFO     ___FILE_ONLY___  
2022-11-10 12:14:13,319 INFO     ___FILE_ONLY___ port
2022-11-10 12:14:13,319 INFO     ___FILE_ONLY___ 

2022-11-10 12:14:13,319 INFO     ___FILE_ONLY___ 

2022-11-10 12:14:13,320 INFO     ___FILE_ONLY___ 
2022-11-10 12:14:13,320 INFO     ___FILE_ONLY___   
2022-11-10 12:14:13,320 INFO     ___FILE_ONLY___ Cloud Functions

2022-11-10 12:14:13,320 INFO     ___FILE_ONLY___       ▪
2022-11-10 12:14:13,321 INFO     ___FILE_ONLY___  
2022-11-10 12:14:13,321 INFO     ___FILE_ONLY___ Fixed
2022-11-10 12:14:13,321 INFO     ___FILE_ONLY___  
2022-11-10 12:14:13,321 INFO     ___FILE_ONLY___ issue
2022-11-10 12:14:13,321 INFO     ___FILE_ONLY___  
2022-11-10 12:14:13,321 INFO     ___FILE_ONLY___ where
2022-11-10 12:14:13,321 INFO     ___FILE_ONLY___  
2022-11-10 12:14:13,331 INFO     ___FILE_ONLY___ gcloud
2022-11-10 12:14:13,332 INFO     ___FILE_ONLY___  
2022-11-10 12:14:13,332 INFO     ___FILE_ONLY___ functions
2022-11-10 12:14:13,333 INFO     ___FILE_ONLY___  
2022-11-10 12:14:13,333 INFO     ___FILE_ONLY___ list
2022-11-10 12:14:13,333 INFO     ___FILE_ONLY___  
2022-11-10 12:14:13,334 INFO     ___FILE_ONLY___ would
2022-11-10 12:14:13,334 INFO     ___FILE_ONLY___  
2022-11-10 12:14:13,334 INFO     ___FILE_ONLY___ crash
2022-11-10 12:14:13,334 INFO     ___FILE_ONLY___  
2022-11-10 12:14:13,334 INFO     ___FILE_ONLY___ when
2022-11-10 12:14:13,340 INFO     ___FILE_ONLY___  
2022-11-10 12:14:13,340 INFO     ___FILE_ONLY___ a
2022-11-10 12:14:13,340 INFO     ___FILE_ONLY___  
2022-11-10 12:14:13,341 INFO     ___FILE_ONLY___ 2nd
2022-11-10 12:14:13,341 INFO     ___FILE_ONLY___ 

2022-11-10 12:14:13,341 INFO     ___FILE_ONLY___         
2022-11-10 12:14:13,341 INFO     ___FILE_ONLY___ Gen-only
2022-11-10 12:14:13,341 INFO     ___FILE_ONLY___  
2022-11-10 12:14:13,342 INFO     ___FILE_ONLY___ region
2022-11-10 12:14:13,342 INFO     ___FILE_ONLY___  
2022-11-10 12:14:13,342 INFO     ___FILE_ONLY___ was
2022-11-10 12:14:13,342 INFO     ___FILE_ONLY___  
2022-11-10 12:14:13,342 INFO     ___FILE_ONLY___ specified
2022-11-10 12:14:13,342 INFO     ___FILE_ONLY___  
2022-11-10 12:14:13,343 INFO     ___FILE_ONLY___ using
2022-11-10 12:14:13,343 INFO     ___FILE_ONLY___  
2022-11-10 12:14:13,343 INFO     ___FILE_ONLY___ --regions.
2022-11-10 12:14:13,343 INFO     ___FILE_ONLY___ 

2022-11-10 12:14:13,343 INFO     ___FILE_ONLY___ 

2022-11-10 12:14:13,343 INFO     ___FILE_ONLY___ 
2022-11-10 12:14:13,343 INFO     ___FILE_ONLY___   
2022-11-10 12:14:13,344 INFO     ___FILE_ONLY___ Cloud Logging

2022-11-10 12:14:13,344 INFO     ___FILE_ONLY___       ▪
2022-11-10 12:14:13,348 INFO     ___FILE_ONLY___  
2022-11-10 12:14:13,348 INFO     ___FILE_ONLY___ Updated
2022-11-10 12:14:13,350 INFO     ___FILE_ONLY___  
2022-11-10 12:14:13,350 INFO     ___FILE_ONLY___ gcloud
2022-11-10 12:14:13,351 INFO     ___FILE_ONLY___  
2022-11-10 12:14:13,357 INFO     ___FILE_ONLY___ logging
2022-11-10 12:14:13,357 INFO     ___FILE_ONLY___  
2022-11-10 12:14:13,357 INFO     ___FILE_ONLY___ read
2022-11-10 12:14:13,358 INFO     ___FILE_ONLY___  
2022-11-10 12:14:13,359 INFO     ___FILE_ONLY___ to
2022-11-10 12:14:13,359 INFO     ___FILE_ONLY___  
2022-11-10 12:14:13,360 INFO     ___FILE_ONLY___ accept
2022-11-10 12:14:13,362 INFO     ___FILE_ONLY___  
2022-11-10 12:14:13,362 INFO     ___FILE_ONLY___ multiple
2022-11-10 12:14:13,362 INFO     ___FILE_ONLY___  
2022-11-10 12:14:13,362 INFO     ___FILE_ONLY___ resources
2022-11-10 12:14:13,362 INFO     ___FILE_ONLY___  
2022-11-10 12:14:13,362 INFO     ___FILE_ONLY___ to
2022-11-10 12:14:13,363 INFO     ___FILE_ONLY___  
2022-11-10 12:14:13,363 INFO     ___FILE_ONLY___ query
2022-11-10 12:14:13,363 INFO     ___FILE_ONLY___ 

2022-11-10 12:14:13,363 INFO     ___FILE_ONLY___         
2022-11-10 12:14:13,363 INFO     ___FILE_ONLY___ using
2022-11-10 12:14:13,364 INFO     ___FILE_ONLY___  
2022-11-10 12:14:13,364 INFO     ___FILE_ONLY___ a
2022-11-10 12:14:13,364 INFO     ___FILE_ONLY___  
2022-11-10 12:14:13,364 INFO     ___FILE_ONLY___ new
2022-11-10 12:14:13,364 INFO     ___FILE_ONLY___  
2022-11-10 12:14:13,365 INFO     ___FILE_ONLY___ --resource-names
2022-11-10 12:14:13,365 INFO     ___FILE_ONLY___  
2022-11-10 12:14:13,365 INFO     ___FILE_ONLY___ flag.
2022-11-10 12:14:13,365 INFO     ___FILE_ONLY___ 

2022-11-10 12:14:13,366 INFO     ___FILE_ONLY___ 

2022-11-10 12:14:13,367 INFO     ___FILE_ONLY___ 
2022-11-10 12:14:13,367 INFO     ___FILE_ONLY___   
2022-11-10 12:14:13,367 INFO     ___FILE_ONLY___ Cloud SQL

2022-11-10 12:14:13,367 INFO     ___FILE_ONLY___       ▪
2022-11-10 12:14:13,368 INFO     ___FILE_ONLY___  
2022-11-10 12:14:13,368 INFO     ___FILE_ONLY___ Added
2022-11-10 12:14:13,368 INFO     ___FILE_ONLY___  
2022-11-10 12:14:13,368 INFO     ___FILE_ONLY___ the
2022-11-10 12:14:13,369 INFO     ___FILE_ONLY___  
2022-11-10 12:14:13,369 INFO     ___FILE_ONLY___ following
2022-11-10 12:14:13,369 INFO     ___FILE_ONLY___  
2022-11-10 12:14:13,369 INFO     ___FILE_ONLY___ flags
2022-11-10 12:14:13,369 INFO     ___FILE_ONLY___  
2022-11-10 12:14:13,369 INFO     ___FILE_ONLY___ to
2022-11-10 12:14:13,369 INFO     ___FILE_ONLY___  
2022-11-10 12:14:13,369 INFO     ___FILE_ONLY___ gcloud
2022-11-10 12:14:13,370 INFO     ___FILE_ONLY___  
2022-11-10 12:14:13,370 INFO     ___FILE_ONLY___ sql
2022-11-10 12:14:13,370 INFO     ___FILE_ONLY___  
2022-11-10 12:14:13,371 INFO     ___FILE_ONLY___ instances
2022-11-10 12:14:13,371 INFO     ___FILE_ONLY___  
2022-11-10 12:14:13,371 INFO     ___FILE_ONLY___ create
2022-11-10 12:14:13,371 INFO     ___FILE_ONLY___  
2022-11-10 12:14:13,372 INFO     ___FILE_ONLY___ in
2022-11-10 12:14:13,372 INFO     ___FILE_ONLY___  
2022-11-10 12:14:13,372 INFO     ___FILE_ONLY___ BETA:
2022-11-10 12:14:13,372 INFO     ___FILE_ONLY___ 

2022-11-10 12:14:13,372 INFO     ___FILE_ONLY___         ◆
2022-11-10 12:14:13,372 INFO     ___FILE_ONLY___  
2022-11-10 12:14:13,373 INFO     ___FILE_ONLY___ --timeout
2022-11-10 12:14:13,373 INFO     ___FILE_ONLY___ 

2022-11-10 12:14:13,373 INFO     ___FILE_ONLY___ 

2022-11-10 12:14:13,373 INFO     ___FILE_ONLY___ 
2022-11-10 12:14:13,373 INFO     ___FILE_ONLY___   
2022-11-10 12:14:13,373 INFO     ___FILE_ONLY___ Compute Engine

2022-11-10 12:14:13,373 INFO     ___FILE_ONLY___       ▪
2022-11-10 12:14:13,374 INFO     ___FILE_ONLY___  
2022-11-10 12:14:13,374 INFO     ___FILE_ONLY___ Added
2022-11-10 12:14:13,374 INFO     ___FILE_ONLY___  
2022-11-10 12:14:13,374 INFO     ___FILE_ONLY___ --split-source-commitment
2022-11-10 12:14:13,374 INFO     ___FILE_ONLY___  
2022-11-10 12:14:13,374 INFO     ___FILE_ONLY___ to
2022-11-10 12:14:13,387 INFO     ___FILE_ONLY___  
2022-11-10 12:14:13,388 INFO     ___FILE_ONLY___ gcloud
2022-11-10 12:14:13,388 INFO     ___FILE_ONLY___  
2022-11-10 12:14:13,388 INFO     ___FILE_ONLY___ compute
2022-11-10 12:14:13,388 INFO     ___FILE_ONLY___  
2022-11-10 12:14:13,388 INFO     ___FILE_ONLY___ commitments
2022-11-10 12:14:13,389 INFO     ___FILE_ONLY___  
2022-11-10 12:14:13,389 INFO     ___FILE_ONLY___ create
2022-11-10 12:14:13,389 INFO     ___FILE_ONLY___ 

2022-11-10 12:14:13,390 INFO     ___FILE_ONLY___         
2022-11-10 12:14:13,390 INFO     ___FILE_ONLY___ for
2022-11-10 12:14:13,390 INFO     ___FILE_ONLY___  
2022-11-10 12:14:13,390 INFO     ___FILE_ONLY___ beta
2022-11-10 12:14:13,391 INFO     ___FILE_ONLY___  
2022-11-10 12:14:13,391 INFO     ___FILE_ONLY___ and
2022-11-10 12:14:13,391 INFO     ___FILE_ONLY___  
2022-11-10 12:14:13,391 INFO     ___FILE_ONLY___ GA.
2022-11-10 12:14:13,391 INFO     ___FILE_ONLY___ 

2022-11-10 12:14:13,391 INFO     ___FILE_ONLY___       ▪
2022-11-10 12:14:13,392 INFO     ___FILE_ONLY___  
2022-11-10 12:14:13,392 INFO     ___FILE_ONLY___ Promoted
2022-11-10 12:14:13,392 INFO     ___FILE_ONLY___  
2022-11-10 12:14:13,392 INFO     ___FILE_ONLY___ any-single-zone
2022-11-10 12:14:13,417 INFO     ___FILE_ONLY___  
2022-11-10 12:14:13,447 INFO     ___FILE_ONLY___ value
2022-11-10 12:14:13,447 INFO     ___FILE_ONLY___  
2022-11-10 12:14:13,447 INFO     ___FILE_ONLY___ support
2022-11-10 12:14:13,447 INFO     ___FILE_ONLY___  
2022-11-10 12:14:13,448 INFO     ___FILE_ONLY___ for
2022-11-10 12:14:13,448 INFO     ___FILE_ONLY___  
2022-11-10 12:14:13,448 INFO     ___FILE_ONLY___ the
2022-11-10 12:14:13,448 INFO     ___FILE_ONLY___  
2022-11-10 12:14:13,448 INFO     ___FILE_ONLY___ flag
2022-11-10 12:14:13,449 INFO     ___FILE_ONLY___ 

2022-11-10 12:14:13,449 INFO     ___FILE_ONLY___         
2022-11-10 12:14:13,449 INFO     ___FILE_ONLY___ --target-distribution-shape
2022-11-10 12:14:13,450 INFO     ___FILE_ONLY___  
2022-11-10 12:14:13,450 INFO     ___FILE_ONLY___ of
2022-11-10 12:14:13,450 INFO     ___FILE_ONLY___  
2022-11-10 12:14:13,450 INFO     ___FILE_ONLY___ gcloud
2022-11-10 12:14:13,451 INFO     ___FILE_ONLY___  
2022-11-10 12:14:13,451 INFO     ___FILE_ONLY___ compute
2022-11-10 12:14:13,451 INFO     ___FILE_ONLY___  
2022-11-10 12:14:13,451 INFO     ___FILE_ONLY___ instance-groups
2022-11-10 12:14:13,452 INFO     ___FILE_ONLY___  
2022-11-10 12:14:13,452 INFO     ___FILE_ONLY___ managed
2022-11-10 12:14:13,452 INFO     ___FILE_ONLY___ 

2022-11-10 12:14:13,452 INFO     ___FILE_ONLY___         
2022-11-10 12:14:13,453 INFO     ___FILE_ONLY___ create
2022-11-10 12:14:13,453 INFO     ___FILE_ONLY___  
2022-11-10 12:14:13,453 INFO     ___FILE_ONLY___ /
2022-11-10 12:14:13,453 INFO     ___FILE_ONLY___  
2022-11-10 12:14:13,453 INFO     ___FILE_ONLY___ update
2022-11-10 12:14:13,454 INFO     ___FILE_ONLY___  
2022-11-10 12:14:13,454 INFO     ___FILE_ONLY___ to
2022-11-10 12:14:13,454 INFO     ___FILE_ONLY___  
2022-11-10 12:14:13,454 INFO     ___FILE_ONLY___ beta.
2022-11-10 12:14:13,455 INFO     ___FILE_ONLY___ 

2022-11-10 12:14:13,455 INFO     ___FILE_ONLY___       ▪
2022-11-10 12:14:13,455 INFO     ___FILE_ONLY___  
2022-11-10 12:14:13,457 INFO     ___FILE_ONLY___ Added
2022-11-10 12:14:13,458 INFO     ___FILE_ONLY___  
2022-11-10 12:14:13,458 INFO     ___FILE_ONLY___ keyword
2022-11-10 12:14:13,458 INFO     ___FILE_ONLY___  
2022-11-10 12:14:13,459 INFO     ___FILE_ONLY___ network-attachment
2022-11-10 12:14:13,459 INFO     ___FILE_ONLY___  
2022-11-10 12:14:13,459 INFO     ___FILE_ONLY___ for
2022-11-10 12:14:13,459 INFO     ___FILE_ONLY___  
2022-11-10 12:14:13,459 INFO     ___FILE_ONLY___ --network-interface
2022-11-10 12:14:13,460 INFO     ___FILE_ONLY___  
2022-11-10 12:14:13,460 INFO     ___FILE_ONLY___ in
2022-11-10 12:14:13,460 INFO     ___FILE_ONLY___  
2022-11-10 12:14:13,461 INFO     ___FILE_ONLY___ gcloud
2022-11-10 12:14:13,461 INFO     ___FILE_ONLY___ 

2022-11-10 12:14:13,461 INFO     ___FILE_ONLY___         
2022-11-10 12:14:13,462 INFO     ___FILE_ONLY___ compute
2022-11-10 12:14:13,462 INFO     ___FILE_ONLY___  
2022-11-10 12:14:13,462 INFO     ___FILE_ONLY___ instances
2022-11-10 12:14:13,463 INFO     ___FILE_ONLY___  
2022-11-10 12:14:13,463 INFO     ___FILE_ONLY___ create.
2022-11-10 12:14:13,463 INFO     ___FILE_ONLY___ 

2022-11-10 12:14:13,463 INFO     ___FILE_ONLY___       ▪
2022-11-10 12:14:13,463 INFO     ___FILE_ONLY___  
2022-11-10 12:14:13,463 INFO     ___FILE_ONLY___ Promoted
2022-11-10 12:14:13,464 INFO     ___FILE_ONLY___  
2022-11-10 12:14:13,464 INFO     ___FILE_ONLY___ --max-run-duration
2022-11-10 12:14:13,464 INFO     ___FILE_ONLY___  
2022-11-10 12:14:13,465 INFO     ___FILE_ONLY___ flag
2022-11-10 12:14:13,465 INFO     ___FILE_ONLY___  
2022-11-10 12:14:13,465 INFO     ___FILE_ONLY___ of
2022-11-10 12:14:13,466 INFO     ___FILE_ONLY___  
2022-11-10 12:14:13,466 INFO     ___FILE_ONLY___ gcloud
2022-11-10 12:14:13,466 INFO     ___FILE_ONLY___  
2022-11-10 12:14:13,466 INFO     ___FILE_ONLY___ compute
2022-11-10 12:14:13,466 INFO     ___FILE_ONLY___  
2022-11-10 12:14:13,466 INFO     ___FILE_ONLY___ instances
2022-11-10 12:14:13,467 INFO     ___FILE_ONLY___  
2022-11-10 12:14:13,467 INFO     ___FILE_ONLY___ create
2022-11-10 12:14:13,467 INFO     ___FILE_ONLY___ 

2022-11-10 12:14:13,467 INFO     ___FILE_ONLY___         
2022-11-10 12:14:13,467 INFO     ___FILE_ONLY___ to
2022-11-10 12:14:13,468 INFO     ___FILE_ONLY___  
2022-11-10 12:14:13,468 INFO     ___FILE_ONLY___ beta.
2022-11-10 12:14:13,468 INFO     ___FILE_ONLY___ 

2022-11-10 12:14:13,468 INFO     ___FILE_ONLY___         ◆
2022-11-10 12:14:13,469 INFO     ___FILE_ONLY___  
2022-11-10 12:14:13,469 INFO     ___FILE_ONLY___ Allows
2022-11-10 12:14:13,469 INFO     ___FILE_ONLY___  
2022-11-10 12:14:13,469 INFO     ___FILE_ONLY___ specifying
2022-11-10 12:14:13,470 INFO     ___FILE_ONLY___  
2022-11-10 12:14:13,470 INFO     ___FILE_ONLY___ the
2022-11-10 12:14:13,470 INFO     ___FILE_ONLY___  
2022-11-10 12:14:13,470 INFO     ___FILE_ONLY___ duration
2022-11-10 12:14:13,470 INFO     ___FILE_ONLY___  
2022-11-10 12:14:13,471 INFO     ___FILE_ONLY___ of
2022-11-10 12:14:13,471 INFO     ___FILE_ONLY___  
2022-11-10 12:14:13,471 INFO     ___FILE_ONLY___ time
2022-11-10 12:14:13,471 INFO     ___FILE_ONLY___  
2022-11-10 12:14:13,471 INFO     ___FILE_ONLY___ after
2022-11-10 12:14:13,472 INFO     ___FILE_ONLY___  
2022-11-10 12:14:13,472 INFO     ___FILE_ONLY___ which
2022-11-10 12:14:13,472 INFO     ___FILE_ONLY___  
2022-11-10 12:14:13,472 INFO     ___FILE_ONLY___ the
2022-11-10 12:14:13,472 INFO     ___FILE_ONLY___  
2022-11-10 12:14:13,472 INFO     ___FILE_ONLY___ instance
2022-11-10 12:14:13,473 INFO     ___FILE_ONLY___ 

2022-11-10 12:14:13,473 INFO     ___FILE_ONLY___           
2022-11-10 12:14:13,473 INFO     ___FILE_ONLY___ will
2022-11-10 12:14:13,473 INFO     ___FILE_ONLY___  
2022-11-10 12:14:13,473 INFO     ___FILE_ONLY___ terminate.
2022-11-10 12:14:13,473 INFO     ___FILE_ONLY___ 

2022-11-10 12:14:13,473 INFO     ___FILE_ONLY___       ▪
2022-11-10 12:14:13,474 INFO     ___FILE_ONLY___  
2022-11-10 12:14:13,474 INFO     ___FILE_ONLY___ Promoted
2022-11-10 12:14:13,474 INFO     ___FILE_ONLY___  
2022-11-10 12:14:13,474 INFO     ___FILE_ONLY___ --termination-time
2022-11-10 12:14:13,474 INFO     ___FILE_ONLY___  
2022-11-10 12:14:13,475 INFO     ___FILE_ONLY___ flag
2022-11-10 12:14:13,475 INFO     ___FILE_ONLY___  
2022-11-10 12:14:13,476 INFO     ___FILE_ONLY___ of
2022-11-10 12:14:13,476 INFO     ___FILE_ONLY___  
2022-11-10 12:14:13,476 INFO     ___FILE_ONLY___ gcloud
2022-11-10 12:14:13,477 INFO     ___FILE_ONLY___  
2022-11-10 12:14:13,477 INFO     ___FILE_ONLY___ compute
2022-11-10 12:14:13,477 INFO     ___FILE_ONLY___  
2022-11-10 12:14:13,478 INFO     ___FILE_ONLY___ instances
2022-11-10 12:14:13,478 INFO     ___FILE_ONLY___  
2022-11-10 12:14:13,479 INFO     ___FILE_ONLY___ create
2022-11-10 12:14:13,479 INFO     ___FILE_ONLY___ 

2022-11-10 12:14:13,479 INFO     ___FILE_ONLY___         
2022-11-10 12:14:13,480 INFO     ___FILE_ONLY___ to
2022-11-10 12:14:13,480 INFO     ___FILE_ONLY___  
2022-11-10 12:14:13,480 INFO     ___FILE_ONLY___ beta.
2022-11-10 12:14:13,480 INFO     ___FILE_ONLY___ 

2022-11-10 12:14:13,480 INFO     ___FILE_ONLY___         ◆
2022-11-10 12:14:13,481 INFO     ___FILE_ONLY___  
2022-11-10 12:14:13,481 INFO     ___FILE_ONLY___ Allows
2022-11-10 12:14:13,481 INFO     ___FILE_ONLY___  
2022-11-10 12:14:13,482 INFO     ___FILE_ONLY___ specifying
2022-11-10 12:14:13,482 INFO     ___FILE_ONLY___  
2022-11-10 12:14:13,482 INFO     ___FILE_ONLY___ the
2022-11-10 12:14:13,482 INFO     ___FILE_ONLY___  
2022-11-10 12:14:13,483 INFO     ___FILE_ONLY___ timestamp
2022-11-10 12:14:13,483 INFO     ___FILE_ONLY___  
2022-11-10 12:14:13,483 INFO     ___FILE_ONLY___ that
2022-11-10 12:14:13,483 INFO     ___FILE_ONLY___  
2022-11-10 12:14:13,483 INFO     ___FILE_ONLY___ the
2022-11-10 12:14:13,541 INFO     ___FILE_ONLY___  
2022-11-10 12:14:13,542 INFO     ___FILE_ONLY___ instance
2022-11-10 12:14:13,542 INFO     ___FILE_ONLY___  
2022-11-10 12:14:13,542 INFO     ___FILE_ONLY___ will
2022-11-10 12:14:13,547 INFO     ___FILE_ONLY___  
2022-11-10 12:14:13,548 INFO     ___FILE_ONLY___ terminate.
2022-11-10 12:14:13,548 INFO     ___FILE_ONLY___ 

2022-11-10 12:14:13,548 INFO     ___FILE_ONLY___       ▪
2022-11-10 12:14:13,548 INFO     ___FILE_ONLY___  
2022-11-10 12:14:13,553 INFO     ___FILE_ONLY___ Added
2022-11-10 12:14:13,554 INFO     ___FILE_ONLY___  
2022-11-10 12:14:13,554 INFO     ___FILE_ONLY___ 3
2022-11-10 12:14:13,554 INFO     ___FILE_ONLY___  
2022-11-10 12:14:13,555 INFO     ___FILE_ONLY___ additional
2022-11-10 12:14:13,555 INFO     ___FILE_ONLY___  
2022-11-10 12:14:13,557 INFO     ___FILE_ONLY___ accepted
2022-11-10 12:14:13,557 INFO     ___FILE_ONLY___  
2022-11-10 12:14:13,558 INFO     ___FILE_ONLY___ values
2022-11-10 12:14:13,560 INFO     ___FILE_ONLY___  
2022-11-10 12:14:13,561 INFO     ___FILE_ONLY___ to
2022-11-10 12:14:13,564 INFO     ___FILE_ONLY___  
2022-11-10 12:14:13,564 INFO     ___FILE_ONLY___ --enforce-on-key
2022-11-10 12:14:13,565 INFO     ___FILE_ONLY___  
2022-11-10 12:14:13,566 INFO     ___FILE_ONLY___ for
2022-11-10 12:14:13,566 INFO     ___FILE_ONLY___  
2022-11-10 12:14:13,572 INFO     ___FILE_ONLY___ gcloud
2022-11-10 12:14:13,572 INFO     ___FILE_ONLY___ 

2022-11-10 12:14:13,572 INFO     ___FILE_ONLY___         
2022-11-10 12:14:13,572 INFO     ___FILE_ONLY___ compute
2022-11-10 12:14:13,573 INFO     ___FILE_ONLY___  
2022-11-10 12:14:13,573 INFO     ___FILE_ONLY___ security-policies
2022-11-10 12:14:13,573 INFO     ___FILE_ONLY___  
2022-11-10 12:14:13,574 INFO     ___FILE_ONLY___ rules
2022-11-10 12:14:13,574 INFO     ___FILE_ONLY___  
2022-11-10 12:14:13,574 INFO     ___FILE_ONLY___ create|update
2022-11-10 12:14:13,574 INFO     ___FILE_ONLY___  
2022-11-10 12:14:13,575 INFO     ___FILE_ONLY___ and
2022-11-10 12:14:13,575 INFO     ___FILE_ONLY___  
2022-11-10 12:14:13,575 INFO     ___FILE_ONLY___ promoted
2022-11-10 12:14:13,575 INFO     ___FILE_ONLY___  
2022-11-10 12:14:13,576 INFO     ___FILE_ONLY___ it
2022-11-10 12:14:13,576 INFO     ___FILE_ONLY___  
2022-11-10 12:14:13,576 INFO     ___FILE_ONLY___ to
2022-11-10 12:14:13,577 INFO     ___FILE_ONLY___  
2022-11-10 12:14:13,577 INFO     ___FILE_ONLY___ GA.
2022-11-10 12:14:13,577 INFO     ___FILE_ONLY___ 

2022-11-10 12:14:13,577 INFO     ___FILE_ONLY___       ▪
2022-11-10 12:14:13,577 INFO     ___FILE_ONLY___  
2022-11-10 12:14:13,578 INFO     ___FILE_ONLY___ Promoted
2022-11-10 12:14:13,579 INFO     ___FILE_ONLY___  
2022-11-10 12:14:13,580 INFO     ___FILE_ONLY___ gcloud
2022-11-10 12:14:13,580 INFO     ___FILE_ONLY___  
2022-11-10 12:14:13,580 INFO     ___FILE_ONLY___ compute
2022-11-10 12:14:13,580 INFO     ___FILE_ONLY___  
2022-11-10 12:14:13,581 INFO     ___FILE_ONLY___ network-edge-security-services
2022-11-10 12:14:13,582 INFO     ___FILE_ONLY___  
2022-11-10 12:14:13,582 INFO     ___FILE_ONLY___ command
2022-11-10 12:14:13,582 INFO     ___FILE_ONLY___  
2022-11-10 12:14:13,582 INFO     ___FILE_ONLY___ group
2022-11-10 12:14:13,582 INFO     ___FILE_ONLY___ 

2022-11-10 12:14:13,585 INFO     ___FILE_ONLY___         
2022-11-10 12:14:13,585 INFO     ___FILE_ONLY___ to
2022-11-10 12:14:13,588 INFO     ___FILE_ONLY___  
2022-11-10 12:14:13,589 INFO     ___FILE_ONLY___ GA.
2022-11-10 12:14:13,589 INFO     ___FILE_ONLY___ 

2022-11-10 12:14:13,589 INFO     ___FILE_ONLY___       ▪
2022-11-10 12:14:13,590 INFO     ___FILE_ONLY___  
2022-11-10 12:14:13,590 INFO     ___FILE_ONLY___ Promoted
2022-11-10 12:14:13,590 INFO     ___FILE_ONLY___  
2022-11-10 12:14:13,590 INFO     ___FILE_ONLY___ --region
2022-11-10 12:14:13,590 INFO     ___FILE_ONLY___  
2022-11-10 12:14:13,591 INFO     ___FILE_ONLY___ and
2022-11-10 12:14:13,591 INFO     ___FILE_ONLY___  
2022-11-10 12:14:13,591 INFO     ___FILE_ONLY___ '--global'
2022-11-10 12:14:13,591 INFO     ___FILE_ONLY___  
2022-11-10 12:14:13,591 INFO     ___FILE_ONLY___ flags
2022-11-10 12:14:13,591 INFO     ___FILE_ONLY___  
2022-11-10 12:14:13,592 INFO     ___FILE_ONLY___ of
2022-11-10 12:14:13,592 INFO     ___FILE_ONLY___  
2022-11-10 12:14:13,593 INFO     ___FILE_ONLY___ gcloud
2022-11-10 12:14:13,593 INFO     ___FILE_ONLY___  
2022-11-10 12:14:13,593 INFO     ___FILE_ONLY___ compute
2022-11-10 12:14:13,593 INFO     ___FILE_ONLY___ 

2022-11-10 12:14:13,593 INFO     ___FILE_ONLY___         
2022-11-10 12:14:13,594 INFO     ___FILE_ONLY___ security-policies
2022-11-10 12:14:13,594 INFO     ___FILE_ONLY___  
2022-11-10 12:14:13,594 INFO     ___FILE_ONLY___ to
2022-11-10 12:14:13,594 INFO     ___FILE_ONLY___  
2022-11-10 12:14:13,594 INFO     ___FILE_ONLY___ GA.
2022-11-10 12:14:13,594 INFO     ___FILE_ONLY___ 

2022-11-10 12:14:13,594 INFO     ___FILE_ONLY___       ▪
2022-11-10 12:14:13,595 INFO     ___FILE_ONLY___  
2022-11-10 12:14:13,595 INFO     ___FILE_ONLY___ Promoted
2022-11-10 12:14:13,595 INFO     ___FILE_ONLY___  
2022-11-10 12:14:13,595 INFO     ___FILE_ONLY___ --network-ddos-protection
2022-11-10 12:14:13,596 INFO     ___FILE_ONLY___  
2022-11-10 12:14:13,596 INFO     ___FILE_ONLY___ flag
2022-11-10 12:14:13,596 INFO     ___FILE_ONLY___  
2022-11-10 12:14:13,596 INFO     ___FILE_ONLY___ of
2022-11-10 12:14:13,597 INFO     ___FILE_ONLY___  
2022-11-10 12:14:13,597 INFO     ___FILE_ONLY___ gcloud
2022-11-10 12:14:13,597 INFO     ___FILE_ONLY___  
2022-11-10 12:14:13,597 INFO     ___FILE_ONLY___ compute
2022-11-10 12:14:13,598 INFO     ___FILE_ONLY___ 

2022-11-10 12:14:13,598 INFO     ___FILE_ONLY___         
2022-11-10 12:14:13,598 INFO     ___FILE_ONLY___ security-policies
2022-11-10 12:14:13,599 INFO     ___FILE_ONLY___  
2022-11-10 12:14:13,599 INFO     ___FILE_ONLY___ update
2022-11-10 12:14:13,599 INFO     ___FILE_ONLY___  
2022-11-10 12:14:13,600 INFO     ___FILE_ONLY___ to
2022-11-10 12:14:13,600 INFO     ___FILE_ONLY___  
2022-11-10 12:14:13,600 INFO     ___FILE_ONLY___ GA.
2022-11-10 12:14:13,600 INFO     ___FILE_ONLY___ 

2022-11-10 12:14:13,600 INFO     ___FILE_ONLY___ 

2022-11-10 12:14:13,601 INFO     ___FILE_ONLY___ 
2022-11-10 12:14:13,601 INFO     ___FILE_ONLY___   
2022-11-10 12:14:13,601 INFO     ___FILE_ONLY___ Distributed Cloud Edge

2022-11-10 12:14:13,601 INFO     ___FILE_ONLY___       ▪
2022-11-10 12:14:13,601 INFO     ___FILE_ONLY___  
2022-11-10 12:14:13,602 INFO     ___FILE_ONLY___ Removed
2022-11-10 12:14:13,602 INFO     ___FILE_ONLY___  
2022-11-10 12:14:13,602 INFO     ___FILE_ONLY___ unsupported
2022-11-10 12:14:13,603 INFO     ___FILE_ONLY___  
2022-11-10 12:14:13,603 INFO     ___FILE_ONLY___ GPU_TYPE
2022-11-10 12:14:13,603 INFO     ___FILE_ONLY___  
2022-11-10 12:14:13,604 INFO     ___FILE_ONLY___ field
2022-11-10 12:14:13,604 INFO     ___FILE_ONLY___  
2022-11-10 12:14:13,604 INFO     ___FILE_ONLY___ from
2022-11-10 12:14:13,604 INFO     ___FILE_ONLY___  
2022-11-10 12:14:13,604 INFO     ___FILE_ONLY___ gcloud
2022-11-10 12:14:13,604 INFO     ___FILE_ONLY___  
2022-11-10 12:14:13,605 INFO     ___FILE_ONLY___ edge-cloud
2022-11-10 12:14:13,605 INFO     ___FILE_ONLY___  
2022-11-10 12:14:13,605 INFO     ___FILE_ONLY___ container
2022-11-10 12:14:13,606 INFO     ___FILE_ONLY___ 

2022-11-10 12:14:13,606 INFO     ___FILE_ONLY___         
2022-11-10 12:14:13,606 INFO     ___FILE_ONLY___ machines
2022-11-10 12:14:13,606 INFO     ___FILE_ONLY___  
2022-11-10 12:14:13,607 INFO     ___FILE_ONLY___ list.
2022-11-10 12:14:13,607 INFO     ___FILE_ONLY___  
2022-11-10 12:14:13,607 INFO     ___FILE_ONLY___ This
2022-11-10 12:14:13,607 INFO     ___FILE_ONLY___  
2022-11-10 12:14:13,607 INFO     ___FILE_ONLY___ field
2022-11-10 12:14:13,608 INFO     ___FILE_ONLY___  
2022-11-10 12:14:13,608 INFO     ___FILE_ONLY___ will
2022-11-10 12:14:13,608 INFO     ___FILE_ONLY___  
2022-11-10 12:14:13,609 INFO     ___FILE_ONLY___ be
2022-11-10 12:14:13,609 INFO     ___FILE_ONLY___  
2022-11-10 12:14:13,609 INFO     ___FILE_ONLY___ restored
2022-11-10 12:14:13,609 INFO     ___FILE_ONLY___  
2022-11-10 12:14:13,609 INFO     ___FILE_ONLY___ once
2022-11-10 12:14:13,610 INFO     ___FILE_ONLY___  
2022-11-10 12:14:13,610 INFO     ___FILE_ONLY___ the
2022-11-10 12:14:13,610 INFO     ___FILE_ONLY___  
2022-11-10 12:14:13,610 INFO     ___FILE_ONLY___ API
2022-11-10 12:14:13,611 INFO     ___FILE_ONLY___  
2022-11-10 12:14:13,611 INFO     ___FILE_ONLY___ provides
2022-11-10 12:14:13,611 INFO     ___FILE_ONLY___ 

2022-11-10 12:14:13,611 INFO     ___FILE_ONLY___         
2022-11-10 12:14:13,611 INFO     ___FILE_ONLY___ accurate
2022-11-10 12:14:13,611 INFO     ___FILE_ONLY___  
2022-11-10 12:14:13,611 INFO     ___FILE_ONLY___ GPU
2022-11-10 12:14:13,611 INFO     ___FILE_ONLY___  
2022-11-10 12:14:13,612 INFO     ___FILE_ONLY___ information.
2022-11-10 12:14:13,612 INFO     ___FILE_ONLY___ 

2022-11-10 12:14:13,612 INFO     ___FILE_ONLY___ 

2022-11-10 12:14:13,612 INFO     ___FILE_ONLY___ 
2022-11-10 12:14:13,613 INFO     ___FILE_ONLY___   
2022-11-10 12:14:13,613 INFO     ___FILE_ONLY___ GKE Hub

2022-11-10 12:14:13,613 INFO     ___FILE_ONLY___       ▪
2022-11-10 12:14:13,614 INFO     ___FILE_ONLY___  
2022-11-10 12:14:13,614 INFO     ___FILE_ONLY___ Fixed
2022-11-10 12:14:13,614 INFO     ___FILE_ONLY___  
2022-11-10 12:14:13,614 INFO     ___FILE_ONLY___ a
2022-11-10 12:14:13,615 INFO     ___FILE_ONLY___  
2022-11-10 12:14:13,615 INFO     ___FILE_ONLY___ bug
2022-11-10 12:14:13,615 INFO     ___FILE_ONLY___  
2022-11-10 12:14:13,615 INFO     ___FILE_ONLY___ where
2022-11-10 12:14:13,615 INFO     ___FILE_ONLY___  
2022-11-10 12:14:13,615 INFO     ___FILE_ONLY___ gcloud
2022-11-10 12:14:13,616 INFO     ___FILE_ONLY___  
2022-11-10 12:14:13,616 INFO     ___FILE_ONLY___ container
2022-11-10 12:14:13,618 INFO     ___FILE_ONLY___  
2022-11-10 12:14:13,618 INFO     ___FILE_ONLY___ fleet
2022-11-10 12:14:13,618 INFO     ___FILE_ONLY___  
2022-11-10 12:14:13,619 INFO     ___FILE_ONLY___ memberships
2022-11-10 12:14:13,619 INFO     ___FILE_ONLY___  
2022-11-10 12:14:13,619 INFO     ___FILE_ONLY___ get-credentials
2022-11-10 12:14:13,619 INFO     ___FILE_ONLY___ 

2022-11-10 12:14:13,620 INFO     ___FILE_ONLY___         
2022-11-10 12:14:13,620 INFO     ___FILE_ONLY___ and
2022-11-10 12:14:13,620 INFO     ___FILE_ONLY___  
2022-11-10 12:14:13,621 INFO     ___FILE_ONLY___ gcloud
2022-11-10 12:14:13,621 INFO     ___FILE_ONLY___  
2022-11-10 12:14:13,622 INFO     ___FILE_ONLY___ container
2022-11-10 12:14:13,622 INFO     ___FILE_ONLY___  
2022-11-10 12:14:13,622 INFO     ___FILE_ONLY___ hub
2022-11-10 12:14:13,622 INFO     ___FILE_ONLY___  
2022-11-10 12:14:13,623 INFO     ___FILE_ONLY___ memberships
2022-11-10 12:14:13,625 INFO     ___FILE_ONLY___  
2022-11-10 12:14:13,625 INFO     ___FILE_ONLY___ get-credentials
2022-11-10 12:14:13,626 INFO     ___FILE_ONLY___  
2022-11-10 12:14:13,626 INFO     ___FILE_ONLY___ would
2022-11-10 12:14:13,626 INFO     ___FILE_ONLY___  
2022-11-10 12:14:13,626 INFO     ___FILE_ONLY___ not
2022-11-10 12:14:13,626 INFO     ___FILE_ONLY___  
2022-11-10 12:14:13,627 INFO     ___FILE_ONLY___ return
2022-11-10 12:14:13,636 INFO     ___FILE_ONLY___ 

2022-11-10 12:14:13,636 INFO     ___FILE_ONLY___         
2022-11-10 12:14:13,636 INFO     ___FILE_ONLY___ an
2022-11-10 12:14:13,637 INFO     ___FILE_ONLY___  
2022-11-10 12:14:13,637 INFO     ___FILE_ONLY___ error
2022-11-10 12:14:13,637 INFO     ___FILE_ONLY___  
2022-11-10 12:14:13,637 INFO     ___FILE_ONLY___ when
2022-11-10 12:14:13,637 INFO     ___FILE_ONLY___  
2022-11-10 12:14:13,638 INFO     ___FILE_ONLY___ the
2022-11-10 12:14:13,638 INFO     ___FILE_ONLY___  
2022-11-10 12:14:13,638 INFO     ___FILE_ONLY___ membership
2022-11-10 12:14:13,639 INFO     ___FILE_ONLY___  
2022-11-10 12:14:13,639 INFO     ___FILE_ONLY___ argument
2022-11-10 12:14:13,640 INFO     ___FILE_ONLY___  
2022-11-10 12:14:13,640 INFO     ___FILE_ONLY___ was
2022-11-10 12:14:13,640 INFO     ___FILE_ONLY___  
2022-11-10 12:14:13,640 INFO     ___FILE_ONLY___ left
2022-11-10 12:14:13,640 INFO     ___FILE_ONLY___  
2022-11-10 12:14:13,640 INFO     ___FILE_ONLY___ empty.
2022-11-10 12:14:13,641 INFO     ___FILE_ONLY___ 

2022-11-10 12:14:13,641 INFO     ___FILE_ONLY___ 

2022-11-10 12:14:13,641 INFO     ___FILE_ONLY___ 
2022-11-10 12:14:13,641 INFO     ___FILE_ONLY___   
2022-11-10 12:14:13,641 INFO     ___FILE_ONLY___ Kubernetes Engine

2022-11-10 12:14:13,641 INFO     ___FILE_ONLY___       ▪
2022-11-10 12:14:13,642 INFO     ___FILE_ONLY___  
2022-11-10 12:14:13,642 INFO     ___FILE_ONLY___ Corrected
2022-11-10 12:14:13,642 INFO     ___FILE_ONLY___  
2022-11-10 12:14:13,642 INFO     ___FILE_ONLY___ outdated
2022-11-10 12:14:13,643 INFO     ___FILE_ONLY___  
2022-11-10 12:14:13,643 INFO     ___FILE_ONLY___ description
2022-11-10 12:14:13,643 INFO     ___FILE_ONLY___  
2022-11-10 12:14:13,643 INFO     ___FILE_ONLY___ help
2022-11-10 12:14:13,643 INFO     ___FILE_ONLY___  
2022-11-10 12:14:13,644 INFO     ___FILE_ONLY___ text
2022-11-10 12:14:13,644 INFO     ___FILE_ONLY___  
2022-11-10 12:14:13,644 INFO     ___FILE_ONLY___ of
2022-11-10 12:14:13,644 INFO     ___FILE_ONLY___  
2022-11-10 12:14:13,644 INFO     ___FILE_ONLY___ gcloud
2022-11-10 12:14:13,644 INFO     ___FILE_ONLY___  
2022-11-10 12:14:13,644 INFO     ___FILE_ONLY___ container
2022-11-10 12:14:13,645 INFO     ___FILE_ONLY___ 

2022-11-10 12:14:13,645 INFO     ___FILE_ONLY___         
2022-11-10 12:14:13,645 INFO     ___FILE_ONLY___ node-pools
2022-11-10 12:14:13,645 INFO     ___FILE_ONLY___  
2022-11-10 12:14:13,645 INFO     ___FILE_ONLY___ delete.
2022-11-10 12:14:13,645 INFO     ___FILE_ONLY___ 

2022-11-10 12:14:13,645 INFO     ___FILE_ONLY___       ▪
2022-11-10 12:14:13,646 INFO     ___FILE_ONLY___  
2022-11-10 12:14:13,646 INFO     ___FILE_ONLY___ Added
2022-11-10 12:14:13,646 INFO     ___FILE_ONLY___  
2022-11-10 12:14:13,646 INFO     ___FILE_ONLY___ --private-endpoint-subnetwork
2022-11-10 12:14:13,646 INFO     ___FILE_ONLY___  
2022-11-10 12:14:13,646 INFO     ___FILE_ONLY___ and
2022-11-10 12:14:13,646 INFO     ___FILE_ONLY___  
2022-11-10 12:14:13,646 INFO     ___FILE_ONLY___ --enable-google-cloud-access
2022-11-10 12:14:13,646 INFO     ___FILE_ONLY___ 

2022-11-10 12:14:13,647 INFO     ___FILE_ONLY___         
2022-11-10 12:14:13,647 INFO     ___FILE_ONLY___ flags
2022-11-10 12:14:13,647 INFO     ___FILE_ONLY___  
2022-11-10 12:14:13,647 INFO     ___FILE_ONLY___ to
2022-11-10 12:14:13,647 INFO     ___FILE_ONLY___  
2022-11-10 12:14:13,647 INFO     ___FILE_ONLY___ gcloud
2022-11-10 12:14:13,647 INFO     ___FILE_ONLY___  
2022-11-10 12:14:13,647 INFO     ___FILE_ONLY___ container
2022-11-10 12:14:13,647 INFO     ___FILE_ONLY___  
2022-11-10 12:14:13,647 INFO     ___FILE_ONLY___ clusters
2022-11-10 12:14:13,648 INFO     ___FILE_ONLY___  
2022-11-10 12:14:13,648 INFO     ___FILE_ONLY___ create
2022-11-10 12:14:13,648 INFO     ___FILE_ONLY___  
2022-11-10 12:14:13,648 INFO     ___FILE_ONLY___ and
2022-11-10 12:14:13,648 INFO     ___FILE_ONLY___  
2022-11-10 12:14:13,650 INFO     ___FILE_ONLY___ gcloud
2022-11-10 12:14:13,651 INFO     ___FILE_ONLY___  
2022-11-10 12:14:13,651 INFO     ___FILE_ONLY___ container
2022-11-10 12:14:13,651 INFO     ___FILE_ONLY___  
2022-11-10 12:14:13,651 INFO     ___FILE_ONLY___ clusters
2022-11-10 12:14:13,653 INFO     ___FILE_ONLY___ 

2022-11-10 12:14:13,653 INFO     ___FILE_ONLY___         
2022-11-10 12:14:13,654 INFO     ___FILE_ONLY___ create-auto.
2022-11-10 12:14:13,655 INFO     ___FILE_ONLY___ 

2022-11-10 12:14:13,655 INFO     ___FILE_ONLY___       ▪
2022-11-10 12:14:13,656 INFO     ___FILE_ONLY___  
2022-11-10 12:14:13,656 INFO     ___FILE_ONLY___ Added
2022-11-10 12:14:13,658 INFO     ___FILE_ONLY___  
2022-11-10 12:14:13,658 INFO     ___FILE_ONLY___ --enable-google-cloud-access
2022-11-10 12:14:13,659 INFO     ___FILE_ONLY___  
2022-11-10 12:14:13,659 INFO     ___FILE_ONLY___ and
2022-11-10 12:14:13,659 INFO     ___FILE_ONLY___  
2022-11-10 12:14:13,659 INFO     ___FILE_ONLY___ --enable-private-endpoint
2022-11-10 12:14:13,659 INFO     ___FILE_ONLY___ 

2022-11-10 12:14:13,660 INFO     ___FILE_ONLY___         
2022-11-10 12:14:13,660 INFO     ___FILE_ONLY___ flags
2022-11-10 12:14:13,661 INFO     ___FILE_ONLY___  
2022-11-10 12:14:13,661 INFO     ___FILE_ONLY___ to
2022-11-10 12:14:13,661 INFO     ___FILE_ONLY___  
2022-11-10 12:14:13,661 INFO     ___FILE_ONLY___ gcloud
2022-11-10 12:14:13,662 INFO     ___FILE_ONLY___  
2022-11-10 12:14:13,662 INFO     ___FILE_ONLY___ container
2022-11-10 12:14:13,662 INFO     ___FILE_ONLY___  
2022-11-10 12:14:13,663 INFO     ___FILE_ONLY___ clusters
2022-11-10 12:14:13,663 INFO     ___FILE_ONLY___  
2022-11-10 12:14:13,663 INFO     ___FILE_ONLY___ update.
2022-11-10 12:14:13,664 INFO     ___FILE_ONLY___ 

2022-11-10 12:14:13,665 INFO     ___FILE_ONLY___       ▪
2022-11-10 12:14:13,665 INFO     ___FILE_ONLY___  
2022-11-10 12:14:13,665 INFO     ___FILE_ONLY___ Added
2022-11-10 12:14:13,666 INFO     ___FILE_ONLY___  
2022-11-10 12:14:13,666 INFO     ___FILE_ONLY___ --enable-private-nodes
2022-11-10 12:14:13,666 INFO     ___FILE_ONLY___  
2022-11-10 12:14:13,666 INFO     ___FILE_ONLY___ flag
2022-11-10 12:14:13,667 INFO     ___FILE_ONLY___  
2022-11-10 12:14:13,667 INFO     ___FILE_ONLY___ to
2022-11-10 12:14:13,667 INFO     ___FILE_ONLY___  
2022-11-10 12:14:13,667 INFO     ___FILE_ONLY___ gcloud
2022-11-10 12:14:13,668 INFO     ___FILE_ONLY___  
2022-11-10 12:14:13,668 INFO     ___FILE_ONLY___ container
2022-11-10 12:14:13,668 INFO     ___FILE_ONLY___  
2022-11-10 12:14:13,668 INFO     ___FILE_ONLY___ node-pools
2022-11-10 12:14:13,669 INFO     ___FILE_ONLY___ 

2022-11-10 12:14:13,669 INFO     ___FILE_ONLY___         
2022-11-10 12:14:13,669 INFO     ___FILE_ONLY___ create
2022-11-10 12:14:13,669 INFO     ___FILE_ONLY___  
2022-11-10 12:14:13,669 INFO     ___FILE_ONLY___ and
2022-11-10 12:14:13,669 INFO     ___FILE_ONLY___  
2022-11-10 12:14:13,669 INFO     ___FILE_ONLY___ gcloud
2022-11-10 12:14:13,669 INFO     ___FILE_ONLY___  
2022-11-10 12:14:13,670 INFO     ___FILE_ONLY___ container
2022-11-10 12:14:13,670 INFO     ___FILE_ONLY___  
2022-11-10 12:14:13,670 INFO     ___FILE_ONLY___ node-pools
2022-11-10 12:14:13,670 INFO     ___FILE_ONLY___  
2022-11-10 12:14:13,670 INFO     ___FILE_ONLY___ update.
2022-11-10 12:14:13,670 INFO     ___FILE_ONLY___ 

2022-11-10 12:14:13,670 INFO     ___FILE_ONLY___ 

2022-11-10 12:14:13,670 INFO     ___FILE_ONLY___ 
2022-11-10 12:14:13,671 INFO     ___FILE_ONLY___   
2022-11-10 12:14:13,671 INFO     ___FILE_ONLY___ Notebooks

2022-11-10 12:14:13,672 INFO     ___FILE_ONLY___       ▪
2022-11-10 12:14:13,672 INFO     ___FILE_ONLY___  
2022-11-10 12:14:13,672 INFO     ___FILE_ONLY___ Added
2022-11-10 12:14:13,672 INFO     ___FILE_ONLY___  
2022-11-10 12:14:13,672 INFO     ___FILE_ONLY___ gcloud
2022-11-10 12:14:13,672 INFO     ___FILE_ONLY___  
2022-11-10 12:14:13,672 INFO     ___FILE_ONLY___ notebooks
2022-11-10 12:14:13,673 INFO     ___FILE_ONLY___  
2022-11-10 12:14:13,673 INFO     ___FILE_ONLY___ instances
2022-11-10 12:14:13,673 INFO     ___FILE_ONLY___  
2022-11-10 12:14:13,673 INFO     ___FILE_ONLY___ diagnose
2022-11-10 12:14:13,673 INFO     ___FILE_ONLY___  
2022-11-10 12:14:13,673 INFO     ___FILE_ONLY___ and
2022-11-10 12:14:13,673 INFO     ___FILE_ONLY___  
2022-11-10 12:14:13,673 INFO     ___FILE_ONLY___ gcloud
2022-11-10 12:14:13,673 INFO     ___FILE_ONLY___  
2022-11-10 12:14:13,675 INFO     ___FILE_ONLY___ notebooks
2022-11-10 12:14:13,676 INFO     ___FILE_ONLY___ 

2022-11-10 12:14:13,676 INFO     ___FILE_ONLY___         
2022-11-10 12:14:13,676 INFO     ___FILE_ONLY___ runtimes
2022-11-10 12:14:13,676 INFO     ___FILE_ONLY___  
2022-11-10 12:14:13,676 INFO     ___FILE_ONLY___ diagnose
2022-11-10 12:14:13,676 INFO     ___FILE_ONLY___  
2022-11-10 12:14:13,676 INFO     ___FILE_ONLY___ commands
2022-11-10 12:14:13,676 INFO     ___FILE_ONLY___  
2022-11-10 12:14:13,676 INFO     ___FILE_ONLY___ to
2022-11-10 12:14:13,677 INFO     ___FILE_ONLY___  
2022-11-10 12:14:13,677 INFO     ___FILE_ONLY___ GA.
2022-11-10 12:14:13,677 INFO     ___FILE_ONLY___  
2022-11-10 12:14:13,677 INFO     ___FILE_ONLY___ These
2022-11-10 12:14:13,677 INFO     ___FILE_ONLY___  
2022-11-10 12:14:13,677 INFO     ___FILE_ONLY___ commands
2022-11-10 12:14:13,677 INFO     ___FILE_ONLY___  
2022-11-10 12:14:13,677 INFO     ___FILE_ONLY___ provide
2022-11-10 12:14:13,677 INFO     ___FILE_ONLY___  
2022-11-10 12:14:13,678 INFO     ___FILE_ONLY___ access
2022-11-10 12:14:13,678 INFO     ___FILE_ONLY___  
2022-11-10 12:14:13,678 INFO     ___FILE_ONLY___ to
2022-11-10 12:14:13,678 INFO     ___FILE_ONLY___  
2022-11-10 12:14:13,678 INFO     ___FILE_ONLY___ the
2022-11-10 12:14:13,678 INFO     ___FILE_ONLY___ 

2022-11-10 12:14:13,678 INFO     ___FILE_ONLY___         
2022-11-10 12:14:13,678 INFO     ___FILE_ONLY___ AI
2022-11-10 12:14:13,698 INFO     ___FILE_ONLY___  
2022-11-10 12:14:13,699 INFO     ___FILE_ONLY___ Platform
2022-11-10 12:14:13,699 INFO     ___FILE_ONLY___  
2022-11-10 12:14:13,700 INFO     ___FILE_ONLY___ Notebooks
2022-11-10 12:14:13,700 INFO     ___FILE_ONLY___  
2022-11-10 12:14:13,700 INFO     ___FILE_ONLY___ new
2022-11-10 12:14:13,700 INFO     ___FILE_ONLY___  
2022-11-10 12:14:13,700 INFO     ___FILE_ONLY___ Diagnose
2022-11-10 12:14:13,701 INFO     ___FILE_ONLY___  
2022-11-10 12:14:13,701 INFO     ___FILE_ONLY___ API.
2022-11-10 12:14:13,701 INFO     ___FILE_ONLY___ 

2022-11-10 12:14:13,701 INFO     ___FILE_ONLY___ 

2022-11-10 12:14:13,702 INFO     ___FILE_ONLY___    
2022-11-10 12:14:13,702 INFO     ___FILE_ONLY___  
2022-11-10 12:14:13,702 INFO     ___FILE_ONLY___ Subscribe
2022-11-10 12:14:13,702 INFO     ___FILE_ONLY___  
2022-11-10 12:14:13,702 INFO     ___FILE_ONLY___ to
2022-11-10 12:14:13,702 INFO     ___FILE_ONLY___  
2022-11-10 12:14:13,702 INFO     ___FILE_ONLY___ these
2022-11-10 12:14:13,702 INFO     ___FILE_ONLY___  
2022-11-10 12:14:13,703 INFO     ___FILE_ONLY___ release
2022-11-10 12:14:13,703 INFO     ___FILE_ONLY___  
2022-11-10 12:14:13,704 INFO     ___FILE_ONLY___ notes
2022-11-10 12:14:13,704 INFO     ___FILE_ONLY___  
2022-11-10 12:14:13,705 INFO     ___FILE_ONLY___ at
2022-11-10 12:14:13,706 INFO     ___FILE_ONLY___ 

2022-11-10 12:14:13,707 INFO     ___FILE_ONLY___     
2022-11-10 12:14:13,707 INFO     ___FILE_ONLY___ https://groups.google.com/forum/#!forum/google-cloud-sdk-announce
2022-11-10 12:14:13,708 INFO     ___FILE_ONLY___ 

2022-11-10 12:14:13,708 INFO     ___FILE_ONLY___     
2022-11-10 12:14:13,709 INFO     ___FILE_ONLY___ (https://groups.google.com/forum/#!forum/google-cloud-sdk-announce).
2022-11-10 12:14:13,709 INFO     ___FILE_ONLY___ 

2022-11-10 12:14:13,709 INFO     ___FILE_ONLY___ 
2022-11-10 12:14:13,709 INFO     ___FILE_ONLY___ 

2022-11-10 12:14:13,736 INFO     ___FILE_ONLY___ ╔════════════════════════════════════════════════════════════╗

2022-11-10 12:14:13,738 INFO     ___FILE_ONLY___ ╠═ Creating update staging area                             ═╣

2022-11-10 12:14:13,738 INFO     ___FILE_ONLY___ ╚
2022-11-10 12:14:13,750 INFO     ___FILE_ONLY___ ══════
2022-11-10 12:14:29,471 INFO     ___FILE_ONLY___ ══════
2022-11-10 12:14:29,472 INFO     ___FILE_ONLY___ ══════
2022-11-10 12:14:32,772 INFO     ___FILE_ONLY___ ═
2022-11-10 12:14:33,349 INFO     ___FILE_ONLY___ ═
2022-11-10 12:14:33,886 INFO     ___FILE_ONLY___ ═
2022-11-10 12:14:34,637 INFO     ___FILE_ONLY___ ═
2022-11-10 12:14:35,291 INFO     ___FILE_ONLY___ ═
2022-11-10 12:14:35,736 INFO     ___FILE_ONLY___ ═
2022-11-10 12:14:36,421 INFO     ___FILE_ONLY___ ═
2022-11-10 12:14:37,177 INFO     ___FILE_ONLY___ ═
2022-11-10 12:14:38,043 INFO     ___FILE_ONLY___ ═
2022-11-10 12:14:39,061 INFO     ___FILE_ONLY___ ═
2022-11-10 12:14:39,619 INFO     ___FILE_ONLY___ ═
2022-11-10 12:14:40,035 INFO     ___FILE_ONLY___ ═
2022-11-10 12:14:40,667 INFO     ___FILE_ONLY___ ═
2022-11-10 12:14:41,220 INFO     ___FILE_ONLY___ ═
2022-11-10 12:14:41,691 INFO     ___FILE_ONLY___ ═
2022-11-10 12:14:42,542 INFO     ___FILE_ONLY___ ═
2022-11-10 12:14:43,331 INFO     ___FILE_ONLY___ ═
2022-11-10 12:14:43,838 INFO     ___FILE_ONLY___ ═
2022-11-10 12:14:44,450 INFO     ___FILE_ONLY___ ═
2022-11-10 12:14:44,998 INFO     ___FILE_ONLY___ ═
2022-11-10 12:14:45,366 INFO     ___FILE_ONLY___ ═
2022-11-10 12:14:45,779 INFO     ___FILE_ONLY___ ═
2022-11-10 12:14:46,090 INFO     ___FILE_ONLY___ ═
2022-11-10 12:14:46,605 INFO     ___FILE_ONLY___ ═
2022-11-10 12:14:47,119 INFO     ___FILE_ONLY___ ═
2022-11-10 12:14:47,542 INFO     ___FILE_ONLY___ ═
2022-11-10 12:14:48,073 INFO     ___FILE_ONLY___ ═
2022-11-10 12:14:48,557 INFO     ___FILE_ONLY___ ═
2022-11-10 12:14:49,154 INFO     ___FILE_ONLY___ ═
2022-11-10 12:14:49,564 INFO     ___FILE_ONLY___ ═
2022-11-10 12:14:49,988 INFO     ___FILE_ONLY___ ═
2022-11-10 12:14:50,488 INFO     ___FILE_ONLY___ ═
2022-11-10 12:14:51,071 INFO     ___FILE_ONLY___ ═
2022-11-10 12:14:51,521 INFO     ___FILE_ONLY___ ═
2022-11-10 12:14:51,995 INFO     ___FILE_ONLY___ ═
2022-11-10 12:14:52,493 INFO     ___FILE_ONLY___ ═
2022-11-10 12:14:53,095 INFO     ___FILE_ONLY___ ═
2022-11-10 12:14:53,498 INFO     ___FILE_ONLY___ ═
2022-11-10 12:14:54,179 INFO     ___FILE_ONLY___ ═
2022-11-10 12:14:54,636 INFO     ___FILE_ONLY___ ═
2022-11-10 12:14:55,081 INFO     ___FILE_ONLY___ ═
2022-11-10 12:14:55,459 INFO     ___FILE_ONLY___ ═
2022-11-10 12:14:55,459 INFO     ___FILE_ONLY___ ╝

2022-11-10 12:15:13,736 INFO     ___FILE_ONLY___ ╔════════════════════════════════════════════════════════════╗

2022-11-10 12:15:13,737 INFO     ___FILE_ONLY___ ╠═ Uninstalling: Google Cloud CLI Core Libraries            ═╣

2022-11-10 12:15:13,738 INFO     ___FILE_ONLY___ ╚
2022-11-10 12:15:13,782 INFO     ___FILE_ONLY___ ═
2022-11-10 12:15:13,813 INFO     ___FILE_ONLY___ ═
2022-11-10 12:15:13,837 INFO     ___FILE_ONLY___ ═
2022-11-10 12:15:13,857 INFO     ___FILE_ONLY___ ═
2022-11-10 12:15:13,883 INFO     ___FILE_ONLY___ ═
2022-11-10 12:15:13,907 INFO     ___FILE_ONLY___ ═
2022-11-10 12:15:13,929 INFO     ___FILE_ONLY___ ═
2022-11-10 12:15:13,952 INFO     ___FILE_ONLY___ ═
2022-11-10 12:15:13,978 INFO     ___FILE_ONLY___ ═
2022-11-10 12:15:14,004 INFO     ___FILE_ONLY___ ═
2022-11-10 12:15:14,038 INFO     ___FILE_ONLY___ ═
2022-11-10 12:15:14,068 INFO     ___FILE_ONLY___ ═
2022-11-10 12:15:14,099 INFO     ___FILE_ONLY___ ═
2022-11-10 12:15:14,124 INFO     ___FILE_ONLY___ ═
2022-11-10 12:15:14,151 INFO     ___FILE_ONLY___ ═
2022-11-10 12:15:14,209 INFO     ___FILE_ONLY___ ═
2022-11-10 12:15:14,248 INFO     ___FILE_ONLY___ ═
2022-11-10 12:15:14,279 INFO     ___FILE_ONLY___ ═
2022-11-10 12:15:14,311 INFO     ___FILE_ONLY___ ═
2022-11-10 12:15:14,340 INFO     ___FILE_ONLY___ ═
2022-11-10 12:15:14,368 INFO     ___FILE_ONLY___ ═
2022-11-10 12:15:14,394 INFO     ___FILE_ONLY___ ═
2022-11-10 12:15:14,420 INFO     ___FILE_ONLY___ ═
2022-11-10 12:15:14,450 INFO     ___FILE_ONLY___ ═
2022-11-10 12:15:14,474 INFO     ___FILE_ONLY___ ═
2022-11-10 12:15:14,498 INFO     ___FILE_ONLY___ ═
2022-11-10 12:15:14,606 INFO     ___FILE_ONLY___ ═
2022-11-10 12:15:14,642 INFO     ___FILE_ONLY___ ═
2022-11-10 12:15:14,676 INFO     ___FILE_ONLY___ ═
2022-11-10 12:15:14,716 INFO     ___FILE_ONLY___ ═
2022-11-10 12:15:14,752 INFO     ___FILE_ONLY___ ═
2022-11-10 12:15:14,786 INFO     ___FILE_ONLY___ ═
2022-11-10 12:15:14,819 INFO     ___FILE_ONLY___ ═
2022-11-10 12:15:14,848 INFO     ___FILE_ONLY___ ═
2022-11-10 12:15:14,879 INFO     ___FILE_ONLY___ ═
2022-11-10 12:15:14,905 INFO     ___FILE_ONLY___ ═
2022-11-10 12:15:14,947 INFO     ___FILE_ONLY___ ═
2022-11-10 12:15:14,971 INFO     ___FILE_ONLY___ ═
2022-11-10 12:15:14,999 INFO     ___FILE_ONLY___ ═
2022-11-10 12:15:15,026 INFO     ___FILE_ONLY___ ═
2022-11-10 12:15:15,052 INFO     ___FILE_ONLY___ ═
2022-11-10 12:15:15,081 INFO     ___FILE_ONLY___ ═
2022-11-10 12:15:15,103 INFO     ___FILE_ONLY___ ═
2022-11-10 12:15:15,131 INFO     ___FILE_ONLY___ ═
2022-11-10 12:15:15,156 INFO     ___FILE_ONLY___ ═
2022-11-10 12:15:15,180 INFO     ___FILE_ONLY___ ═
2022-11-10 12:15:15,200 INFO     ___FILE_ONLY___ ═
2022-11-10 12:15:15,259 INFO     ___FILE_ONLY___ ═
2022-11-10 12:15:15,279 INFO     ___FILE_ONLY___ ═
2022-11-10 12:15:15,300 INFO     ___FILE_ONLY___ ═
2022-11-10 12:15:15,324 INFO     ___FILE_ONLY___ ═
2022-11-10 12:15:15,350 INFO     ___FILE_ONLY___ ═
2022-11-10 12:15:15,370 INFO     ___FILE_ONLY___ ═
2022-11-10 12:15:15,389 INFO     ___FILE_ONLY___ ═
2022-11-10 12:15:15,408 INFO     ___FILE_ONLY___ ═
2022-11-10 12:15:15,433 INFO     ___FILE_ONLY___ ═
2022-11-10 12:15:15,453 INFO     ___FILE_ONLY___ ═
2022-11-10 12:15:15,826 INFO     ___FILE_ONLY___ ═
2022-11-10 12:15:15,852 INFO     ___FILE_ONLY___ ═
2022-11-10 12:15:15,878 INFO     ___FILE_ONLY___ ═
2022-11-10 12:15:15,878 INFO     ___FILE_ONLY___ ╝

2022-11-10 12:15:19,410 INFO     ___FILE_ONLY___ ╔════════════════════════════════════════════════════════════╗

2022-11-10 12:15:19,410 INFO     ___FILE_ONLY___ ╠═ Uninstalling: Minikube                                   ═╣

2022-11-10 12:15:19,410 INFO     ___FILE_ONLY___ ╚
2022-11-10 12:15:19,419 INFO     ___FILE_ONLY___ ════════════════════════════════════════════════════════════
2022-11-10 12:15:19,420 INFO     ___FILE_ONLY___ ╝

2022-11-10 12:15:19,427 INFO     ___FILE_ONLY___ ╔════════════════════════════════════════════════════════════╗

2022-11-10 12:15:19,428 INFO     ___FILE_ONLY___ ╠═ Uninstalling: gcloud Alpha Commands                      ═╣

2022-11-10 12:15:19,428 INFO     ___FILE_ONLY___ ╚
2022-11-10 12:15:19,429 INFO     ___FILE_ONLY___ ════════════════════════════════════════════════════════════
2022-11-10 12:15:19,429 INFO     ___FILE_ONLY___ ╝

2022-11-10 12:15:19,436 INFO     ___FILE_ONLY___ ╔════════════════════════════════════════════════════════════╗

2022-11-10 12:15:19,436 INFO     ___FILE_ONLY___ ╠═ Uninstalling: gcloud Beta Commands                       ═╣

2022-11-10 12:15:19,437 INFO     ___FILE_ONLY___ ╚
2022-11-10 12:15:19,437 INFO     ___FILE_ONLY___ ════════════════════════════════════════════════════════════
2022-11-10 12:15:19,438 INFO     ___FILE_ONLY___ ╝

2022-11-10 12:15:19,444 INFO     ___FILE_ONLY___ ╔════════════════════════════════════════════════════════════╗

2022-11-10 12:15:19,444 INFO     ___FILE_ONLY___ ╠═ Uninstalling: gcloud cli dependencies                    ═╣

2022-11-10 12:15:19,444 INFO     ___FILE_ONLY___ ╚
2022-11-10 12:15:19,459 INFO     ___FILE_ONLY___ ═
2022-11-10 12:15:19,471 INFO     ___FILE_ONLY___ ═
2022-11-10 12:15:19,485 INFO     ___FILE_ONLY___ ═
2022-11-10 12:15:19,495 INFO     ___FILE_ONLY___ ═
2022-11-10 12:15:19,502 INFO     ___FILE_ONLY___ ═
2022-11-10 12:15:19,511 INFO     ___FILE_ONLY___ ═
2022-11-10 12:15:19,522 INFO     ___FILE_ONLY___ ═
2022-11-10 12:15:19,535 INFO     ___FILE_ONLY___ ═
2022-11-10 12:15:19,544 INFO     ___FILE_ONLY___ ═
2022-11-10 12:15:19,553 INFO     ___FILE_ONLY___ ═
2022-11-10 12:15:19,563 INFO     ___FILE_ONLY___ ═
2022-11-10 12:15:19,577 INFO     ___FILE_ONLY___ ═
2022-11-10 12:15:19,591 INFO     ___FILE_ONLY___ ═
2022-11-10 12:15:19,598 INFO     ___FILE_ONLY___ ═
2022-11-10 12:15:19,609 INFO     ___FILE_ONLY___ ═
2022-11-10 12:15:19,621 INFO     ___FILE_ONLY___ ═
2022-11-10 12:15:19,637 INFO     ___FILE_ONLY___ ═
2022-11-10 12:15:19,649 INFO     ___FILE_ONLY___ ═
2022-11-10 12:15:19,660 INFO     ___FILE_ONLY___ ═
2022-11-10 12:15:19,676 INFO     ___FILE_ONLY___ ═
2022-11-10 12:15:19,689 INFO     ___FILE_ONLY___ ═
2022-11-10 12:15:19,698 INFO     ___FILE_ONLY___ ═
2022-11-10 12:15:19,709 INFO     ___FILE_ONLY___ ═
2022-11-10 12:15:19,723 INFO     ___FILE_ONLY___ ═
2022-11-10 12:15:19,739 INFO     ___FILE_ONLY___ ═
2022-11-10 12:15:19,748 INFO     ___FILE_ONLY___ ═
2022-11-10 12:15:19,758 INFO     ___FILE_ONLY___ ═
2022-11-10 12:15:19,768 INFO     ___FILE_ONLY___ ═
2022-11-10 12:15:19,785 INFO     ___FILE_ONLY___ ═
2022-11-10 12:15:19,805 INFO     ___FILE_ONLY___ ═
2022-11-10 12:15:19,816 INFO     ___FILE_ONLY___ ═
2022-11-10 12:15:19,834 INFO     ___FILE_ONLY___ ═
2022-11-10 12:15:19,844 INFO     ___FILE_ONLY___ ═
2022-11-10 12:15:19,855 INFO     ___FILE_ONLY___ ═
2022-11-10 12:15:19,866 INFO     ___FILE_ONLY___ ═
2022-11-10 12:15:19,879 INFO     ___FILE_ONLY___ ═
2022-11-10 12:15:19,892 INFO     ___FILE_ONLY___ ═
2022-11-10 12:15:19,901 INFO     ___FILE_ONLY___ ═
2022-11-10 12:15:19,910 INFO     ___FILE_ONLY___ ═
2022-11-10 12:15:19,923 INFO     ___FILE_ONLY___ ═
2022-11-10 12:15:19,935 INFO     ___FILE_ONLY___ ═
2022-11-10 12:15:19,945 INFO     ___FILE_ONLY___ ═
2022-11-10 12:15:19,953 INFO     ___FILE_ONLY___ ═
2022-11-10 12:15:19,962 INFO     ___FILE_ONLY___ ═
2022-11-10 12:15:19,972 INFO     ___FILE_ONLY___ ═
2022-11-10 12:15:19,985 INFO     ___FILE_ONLY___ ═
2022-11-10 12:15:19,995 INFO     ___FILE_ONLY___ ═
2022-11-10 12:15:20,003 INFO     ___FILE_ONLY___ ═
2022-11-10 12:15:20,010 INFO     ___FILE_ONLY___ ═
2022-11-10 12:15:20,022 INFO     ___FILE_ONLY___ ═
2022-11-10 12:15:20,031 INFO     ___FILE_ONLY___ ═
2022-11-10 12:15:20,040 INFO     ___FILE_ONLY___ ═
2022-11-10 12:15:20,049 INFO     ___FILE_ONLY___ ═
2022-11-10 12:15:20,084 INFO     ___FILE_ONLY___ ═
2022-11-10 12:15:20,097 INFO     ___FILE_ONLY___ ═
2022-11-10 12:15:20,104 INFO     ___FILE_ONLY___ ═
2022-11-10 12:15:20,114 INFO     ___FILE_ONLY___ ═
2022-11-10 12:15:20,126 INFO     ___FILE_ONLY___ ═
2022-11-10 12:15:20,137 INFO     ___FILE_ONLY___ ═
2022-11-10 12:15:20,146 INFO     ___FILE_ONLY___ ═
2022-11-10 12:15:20,146 INFO     ___FILE_ONLY___ ╝

2022-11-10 12:15:20,960 INFO     ___FILE_ONLY___ ╔════════════════════════════════════════════════════════════╗

2022-11-10 12:15:20,961 INFO     ___FILE_ONLY___ ╠═ Installing: Google Cloud CLI Core Libraries              ═╣

2022-11-10 12:15:20,961 INFO     ___FILE_ONLY___ ╚
2022-11-10 12:15:21,059 DEBUG    urllib3.connectionpool Starting new HTTPS connection (1): dl.google.com:443
2022-11-10 12:15:21,175 DEBUG    urllib3.connectionpool https://dl.google.com:443 "GET /dl/cloudsdk/channels/rapid/components/google-cloud-sdk-core-20221104233933.tar.gz HTTP/1.1" 200 26426705
2022-11-10 12:15:21,890 INFO     ___FILE_ONLY___ ═
2022-11-10 12:15:21,892 INFO     ___FILE_ONLY___ ═
2022-11-10 12:15:21,893 INFO     ___FILE_ONLY___ ═
2022-11-10 12:15:21,894 INFO     ___FILE_ONLY___ ═
2022-11-10 12:15:21,895 INFO     ___FILE_ONLY___ ═
2022-11-10 12:15:21,896 INFO     ___FILE_ONLY___ ═
2022-11-10 12:15:21,897 INFO     ___FILE_ONLY___ ═
2022-11-10 12:15:21,898 INFO     ___FILE_ONLY___ ═
2022-11-10 12:15:21,898 INFO     ___FILE_ONLY___ ═
2022-11-10 12:15:21,901 INFO     ___FILE_ONLY___ ═
2022-11-10 12:15:21,903 INFO     ___FILE_ONLY___ ═
2022-11-10 12:15:21,904 INFO     ___FILE_ONLY___ ═
2022-11-10 12:15:21,905 INFO     ___FILE_ONLY___ ═
2022-11-10 12:15:21,906 INFO     ___FILE_ONLY___ ═
2022-11-10 12:15:21,907 INFO     ___FILE_ONLY___ ═
2022-11-10 12:15:21,908 INFO     ___FILE_ONLY___ ═
2022-11-10 12:15:21,909 INFO     ___FILE_ONLY___ ═
2022-11-10 12:15:21,910 INFO     ___FILE_ONLY___ ═
2022-11-10 12:15:21,911 INFO     ___FILE_ONLY___ ═
2022-11-10 12:15:21,920 INFO     ___FILE_ONLY___ ═
2022-11-10 12:15:21,921 INFO     ___FILE_ONLY___ ═
2022-11-10 12:15:21,923 INFO     ___FILE_ONLY___ ═
2022-11-10 12:15:21,925 INFO     ___FILE_ONLY___ ═
2022-11-10 12:15:21,926 INFO     ___FILE_ONLY___ ═
2022-11-10 12:15:21,928 INFO     ___FILE_ONLY___ ═
2022-11-10 12:15:21,930 INFO     ___FILE_ONLY___ ═
2022-11-10 12:15:21,932 INFO     ___FILE_ONLY___ ═
2022-11-10 12:15:21,934 INFO     ___FILE_ONLY___ ═
2022-11-10 12:15:21,937 INFO     ___FILE_ONLY___ ═
2022-11-10 12:15:21,938 INFO     ___FILE_ONLY___ ═
2022-11-10 12:15:23,897 INFO     ___FILE_ONLY___ ═
2022-11-10 12:15:23,998 INFO     ___FILE_ONLY___ ═
2022-11-10 12:15:24,106 INFO     ___FILE_ONLY___ ═
2022-11-10 12:15:24,237 INFO     ___FILE_ONLY___ ═
2022-11-10 12:15:24,343 INFO     ___FILE_ONLY___ ═
2022-11-10 12:15:24,434 INFO     ___FILE_ONLY___ ═
2022-11-10 12:15:24,528 INFO     ___FILE_ONLY___ ═
2022-11-10 12:15:24,645 INFO     ___FILE_ONLY___ ═
2022-11-10 12:15:24,930 INFO     ___FILE_ONLY___ ═
2022-11-10 12:15:25,204 INFO     ___FILE_ONLY___ ═
2022-11-10 12:15:25,426 INFO     ___FILE_ONLY___ ═
2022-11-10 12:15:25,609 INFO     ___FILE_ONLY___ ═
2022-11-10 12:15:25,777 INFO     ___FILE_ONLY___ ═
2022-11-10 12:15:25,862 INFO     ___FILE_ONLY___ ═
2022-11-10 12:15:25,957 INFO     ___FILE_ONLY___ ═
2022-11-10 12:15:26,048 INFO     ___FILE_ONLY___ ═
2022-11-10 12:15:26,145 INFO     ___FILE_ONLY___ ═
2022-11-10 12:15:26,248 INFO     ___FILE_ONLY___ ═
2022-11-10 12:15:26,347 INFO     ___FILE_ONLY___ ═
2022-11-10 12:15:26,449 INFO     ___FILE_ONLY___ ═
2022-11-10 12:15:26,544 INFO     ___FILE_ONLY___ ═
2022-11-10 12:15:26,640 INFO     ___FILE_ONLY___ ═
2022-11-10 12:15:26,799 INFO     ___FILE_ONLY___ ═
2022-11-10 12:15:26,888 INFO     ___FILE_ONLY___ ═
2022-11-10 12:15:26,974 INFO     ___FILE_ONLY___ ═
2022-11-10 12:15:27,080 INFO     ___FILE_ONLY___ ═
2022-11-10 12:15:27,167 INFO     ___FILE_ONLY___ ═
2022-11-10 12:15:27,298 INFO     ___FILE_ONLY___ ═
2022-11-10 12:15:27,393 INFO     ___FILE_ONLY___ ═
2022-11-10 12:15:27,507 INFO     ___FILE_ONLY___ ═
2022-11-10 12:15:27,507 INFO     ___FILE_ONLY___ ╝

2022-11-10 12:15:27,646 INFO     ___FILE_ONLY___ ╔════════════════════════════════════════════════════════════╗

2022-11-10 12:15:27,647 INFO     ___FILE_ONLY___ ╠═ Installing: Minikube                                     ═╣

2022-11-10 12:15:27,647 INFO     ___FILE_ONLY___ ╚
2022-11-10 12:15:27,651 DEBUG    urllib3.connectionpool Starting new HTTPS connection (1): dl.google.com:443
2022-11-10 12:15:27,788 DEBUG    urllib3.connectionpool https://dl.google.com:443 "GET /dl/cloudsdk/channels/rapid/components/google-cloud-sdk-minikube-darwin-x86_64-20221104233933.tar.gz HTTP/1.1" 200 32458072
2022-11-10 12:15:28,711 INFO     ___FILE_ONLY___ ═
2022-11-10 12:15:28,714 INFO     ___FILE_ONLY___ ═
2022-11-10 12:15:28,716 INFO     ___FILE_ONLY___ ═
2022-11-10 12:15:28,719 INFO     ___FILE_ONLY___ ═
2022-11-10 12:15:28,721 INFO     ___FILE_ONLY___ ═
2022-11-10 12:15:28,723 INFO     ___FILE_ONLY___ ═
2022-11-10 12:15:28,725 INFO     ___FILE_ONLY___ ═
2022-11-10 12:15:28,729 INFO     ___FILE_ONLY___ ═
2022-11-10 12:15:28,732 INFO     ___FILE_ONLY___ ═
2022-11-10 12:15:28,733 INFO     ___FILE_ONLY___ ═
2022-11-10 12:15:28,734 INFO     ___FILE_ONLY___ ═
2022-11-10 12:15:28,736 INFO     ___FILE_ONLY___ ═
2022-11-10 12:15:28,737 INFO     ___FILE_ONLY___ ═
2022-11-10 12:15:28,738 INFO     ___FILE_ONLY___ ═
2022-11-10 12:15:28,740 INFO     ___FILE_ONLY___ ═
2022-11-10 12:15:28,743 INFO     ___FILE_ONLY___ ═
2022-11-10 12:15:28,744 INFO     ___FILE_ONLY___ ═
2022-11-10 12:15:28,745 INFO     ___FILE_ONLY___ ═
2022-11-10 12:15:28,747 INFO     ___FILE_ONLY___ ═
2022-11-10 12:15:28,748 INFO     ___FILE_ONLY___ ═
2022-11-10 12:15:28,749 INFO     ___FILE_ONLY___ ═
2022-11-10 12:15:28,751 INFO     ___FILE_ONLY___ ═
2022-11-10 12:15:28,752 INFO     ___FILE_ONLY___ ═
2022-11-10 12:15:28,755 INFO     ___FILE_ONLY___ ═
2022-11-10 12:15:28,757 INFO     ___FILE_ONLY___ ═
2022-11-10 12:15:28,758 INFO     ___FILE_ONLY___ ═
2022-11-10 12:15:28,759 INFO     ___FILE_ONLY___ ═
2022-11-10 12:15:28,761 INFO     ___FILE_ONLY___ ═
2022-11-10 12:15:28,762 INFO     ___FILE_ONLY___ ═
2022-11-10 12:15:28,763 INFO     ___FILE_ONLY___ ═
2022-11-10 12:15:29,666 INFO     ___FILE_ONLY___ ══════════════════════════════
2022-11-10 12:15:29,666 INFO     ___FILE_ONLY___ ╝

2022-11-10 12:15:29,690 INFO     ___FILE_ONLY___ ╔════════════════════════════════════════════════════════════╗

2022-11-10 12:15:29,691 INFO     ___FILE_ONLY___ ╠═ Installing: gcloud Alpha Commands                        ═╣

2022-11-10 12:15:29,691 INFO     ___FILE_ONLY___ ╚
2022-11-10 12:15:29,697 DEBUG    urllib3.connectionpool Starting new HTTPS connection (1): dl.google.com:443
2022-11-10 12:15:29,794 DEBUG    urllib3.connectionpool https://dl.google.com:443 "GET /dl/cloudsdk/channels/rapid/components/google-cloud-sdk-alpha-20221104233933.tar.gz HTTP/1.1" 200 800
2022-11-10 12:15:29,796 INFO     ___FILE_ONLY___ ══════════════════════════════
2022-11-10 12:15:29,798 INFO     ___FILE_ONLY___ ══════════════════════════════
2022-11-10 12:15:29,798 INFO     ___FILE_ONLY___ ╝

2022-11-10 12:15:29,810 INFO     ___FILE_ONLY___ ╔════════════════════════════════════════════════════════════╗

2022-11-10 12:15:29,811 INFO     ___FILE_ONLY___ ╠═ Installing: gcloud Beta Commands                         ═╣

2022-11-10 12:15:29,811 INFO     ___FILE_ONLY___ ╚
2022-11-10 12:15:29,816 DEBUG    urllib3.connectionpool Starting new HTTPS connection (1): dl.google.com:443
2022-11-10 12:15:29,896 DEBUG    urllib3.connectionpool https://dl.google.com:443 "GET /dl/cloudsdk/channels/rapid/components/google-cloud-sdk-beta-20221104233933.tar.gz HTTP/1.1" 200 797
2022-11-10 12:15:29,898 INFO     ___FILE_ONLY___ ══════════════════════════════
2022-11-10 12:15:29,901 INFO     ___FILE_ONLY___ ══════════════════════════════
2022-11-10 12:15:29,901 INFO     ___FILE_ONLY___ ╝

2022-11-10 12:15:29,913 INFO     ___FILE_ONLY___ ╔════════════════════════════════════════════════════════════╗

2022-11-10 12:15:29,914 INFO     ___FILE_ONLY___ ╠═ Installing: gcloud cli dependencies                      ═╣

2022-11-10 12:15:29,914 INFO     ___FILE_ONLY___ ╚
2022-11-10 12:15:29,920 DEBUG    urllib3.connectionpool Starting new HTTPS connection (1): dl.google.com:443
2022-11-10 12:15:29,999 DEBUG    urllib3.connectionpool https://dl.google.com:443 "GET /dl/cloudsdk/channels/rapid/components/google-cloud-sdk-gcloud-deps-20221104233933.tar.gz HTTP/1.1" 200 11779065
2022-11-10 12:15:30,380 INFO     ___FILE_ONLY___ ═
2022-11-10 12:15:30,381 INFO     ___FILE_ONLY___ ═
2022-11-10 12:15:30,382 INFO     ___FILE_ONLY___ ═
2022-11-10 12:15:30,383 INFO     ___FILE_ONLY___ ═
2022-11-10 12:15:30,384 INFO     ___FILE_ONLY___ ═
2022-11-10 12:15:30,385 INFO     ___FILE_ONLY___ ═
2022-11-10 12:15:30,386 INFO     ___FILE_ONLY___ ═
2022-11-10 12:15:30,386 INFO     ___FILE_ONLY___ ═
2022-11-10 12:15:30,387 INFO     ___FILE_ONLY___ ═
2022-11-10 12:15:30,387 INFO     ___FILE_ONLY___ ═
2022-11-10 12:15:30,388 INFO     ___FILE_ONLY___ ═
2022-11-10 12:15:30,389 INFO     ___FILE_ONLY___ ═
2022-11-10 12:15:30,389 INFO     ___FILE_ONLY___ ═
2022-11-10 12:15:30,390 INFO     ___FILE_ONLY___ ═
2022-11-10 12:15:30,391 INFO     ___FILE_ONLY___ ═
2022-11-10 12:15:30,391 INFO     ___FILE_ONLY___ ═
2022-11-10 12:15:30,392 INFO     ___FILE_ONLY___ ═
2022-11-10 12:15:30,392 INFO     ___FILE_ONLY___ ═
2022-11-10 12:15:30,393 INFO     ___FILE_ONLY___ ═
2022-11-10 12:15:30,393 INFO     ___FILE_ONLY___ ═
2022-11-10 12:15:30,394 INFO     ___FILE_ONLY___ ═
2022-11-10 12:15:30,412 INFO     ___FILE_ONLY___ ═
2022-11-10 12:15:30,412 INFO     ___FILE_ONLY___ ═
2022-11-10 12:15:30,413 INFO     ___FILE_ONLY___ ═
2022-11-10 12:15:30,413 INFO     ___FILE_ONLY___ ═
2022-11-10 12:15:30,414 INFO     ___FILE_ONLY___ ═
2022-11-10 12:15:30,414 INFO     ___FILE_ONLY___ ═
2022-11-10 12:15:30,415 INFO     ___FILE_ONLY___ ═
2022-11-10 12:15:30,415 INFO     ___FILE_ONLY___ ═
2022-11-10 12:15:30,416 INFO     ___FILE_ONLY___ ═
2022-11-10 12:15:31,288 INFO     ___FILE_ONLY___ ═
2022-11-10 12:15:31,368 INFO     ___FILE_ONLY___ ═
2022-11-10 12:15:31,472 INFO     ___FILE_ONLY___ ═
2022-11-10 12:15:31,560 INFO     ___FILE_ONLY___ ═
2022-11-10 12:15:31,632 INFO     ___FILE_ONLY___ ═
2022-11-10 12:15:31,718 INFO     ___FILE_ONLY___ ═
2022-11-10 12:15:31,765 INFO     ___FILE_ONLY___ ═
2022-11-10 12:15:31,814 INFO     ___FILE_ONLY___ ═
2022-11-10 12:15:31,856 INFO     ___FILE_ONLY___ ═
2022-11-10 12:15:31,895 INFO     ___FILE_ONLY___ ═
2022-11-10 12:15:31,949 INFO     ___FILE_ONLY___ ═
2022-11-10 12:15:31,981 INFO     ___FILE_ONLY___ ═
2022-11-10 12:15:32,019 INFO     ___FILE_ONLY___ ═
2022-11-10 12:15:32,057 INFO     ___FILE_ONLY___ ═
2022-11-10 12:15:32,091 INFO     ___FILE_ONLY___ ═
2022-11-10 12:15:32,163 INFO     ___FILE_ONLY___ ═
2022-11-10 12:15:32,201 INFO     ___FILE_ONLY___ ═
2022-11-10 12:15:32,245 INFO     ___FILE_ONLY___ ═
2022-11-10 12:15:32,297 INFO     ___FILE_ONLY___ ═
2022-11-10 12:15:32,336 INFO     ___FILE_ONLY___ ═
2022-11-10 12:15:32,376 INFO     ___FILE_ONLY___ ═
2022-11-10 12:15:32,413 INFO     ___FILE_ONLY___ ═
2022-11-10 12:15:32,440 INFO     ___FILE_ONLY___ ═
2022-11-10 12:15:32,473 INFO     ___FILE_ONLY___ ═
2022-11-10 12:15:32,508 INFO     ___FILE_ONLY___ ═
2022-11-10 12:15:32,541 INFO     ___FILE_ONLY___ ═
2022-11-10 12:15:32,582 INFO     ___FILE_ONLY___ ═
2022-11-10 12:15:32,622 INFO     ___FILE_ONLY___ ═
2022-11-10 12:15:32,735 INFO     ___FILE_ONLY___ ═
2022-11-10 12:15:32,781 INFO     ___FILE_ONLY___ ═
2022-11-10 12:15:32,781 INFO     ___FILE_ONLY___ ╝

2022-11-10 12:15:32,840 INFO     ___FILE_ONLY___ ╔════════════════════════════════════════════════════════════╗

2022-11-10 12:15:32,841 INFO     ___FILE_ONLY___ ╠═ Creating backup and activating new installation          ═╣

2022-11-10 12:15:32,841 INFO     ___FILE_ONLY___ ╚
2022-11-10 12:15:32,842 DEBUG    root            Attempting to move directory [/Users/satyampatel/Library/Application Support/cloud-code/installer/google-cloud-sdk] to [/Users/satyampatel/Library/Application Support/cloud-code/installer/google-cloud-sdk.staging/.install/.backup]
2022-11-10 12:15:32,844 INFO     ___FILE_ONLY___ ══════════════════════════════
2022-11-10 12:15:32,844 DEBUG    root            Attempting to move directory [/Users/satyampatel/Library/Application Support/cloud-code/installer/google-cloud-sdk.staging] to [/Users/satyampatel/Library/Application Support/cloud-code/installer/google-cloud-sdk]
2022-11-10 12:15:32,845 INFO     ___FILE_ONLY___ ══════════════════════════════
2022-11-10 12:15:32,845 INFO     ___FILE_ONLY___ ╝

2022-11-10 12:15:32,865 DEBUG    root            Updating notification cache...
2022-11-10 12:15:32,868 INFO     ___FILE_ONLY___ 

2022-11-10 12:15:32,882 INFO     ___FILE_ONLY___ Performing post processing steps...
2022-11-10 12:15:32,884 DEBUG    root            Executing command: ['/usr/local/bin/python3', '-S', '/Users/satyampatel/Library/Application Support/cloud-code/installer/google-cloud-sdk/lib/gcloud.py', 'components', 'post-process']
2022-11-10 12:15:57,231 DEBUG    ___FILE_ONLY___ 
2022-11-10 12:15:57,232 DEBUG    ___FILE_ONLY___ 
2022-11-10 12:15:57,290 INFO     ___FILE_ONLY___ 
Update done!


2022-11-10 12:15:57,290 INFO     ___FILE_ONLY___ To revert your CLI to the previously installed version, you may run:
  $ gcloud components update --version 408.0.1


2022-11-10 12:15:57,305 WARNING  root              There are other instances of Google Cloud tools on your system PATH.
  Please remove the following to avoid confusion or accidental invocation:

  /Applications/Docker.app/Contents/Resources/bin/kubectl

  
2022-11-10 12:15:57,315 INFO     root            Display format: "none"
