2022-11-02 20:09:58,568 DEBUG    root            Loaded Command Group: ['gcloud', 'components']
2022-11-02 20:09:58,594 DEBUG    root            Loaded Command Group: ['gcloud', 'components', 'update']
2022-11-02 20:09:58,598 DEBUG    root            Running [gcloud.components.update] with arguments: [--quiet: "True"]
2022-11-02 20:09:58,627 INFO     ___FILE_ONLY___ Beginning update. This process may take several minutes.

2022-11-02 20:09:58,657 DEBUG    urllib3.connectionpool Starting new HTTPS connection (1): dl.google.com:443
2022-11-02 20:09:58,846 DEBUG    urllib3.connectionpool https://dl.google.com:443 "GET /dl/cloudsdk/channels/rapid/components-2.json HTTP/1.1" 200 203446
2022-11-02 20:09:58,973 INFO     ___FILE_ONLY___ 

2022-11-02 20:09:58,974 INFO     ___FILE_ONLY___ 
Your current Google Cloud CLI version is: 408.0.0

2022-11-02 20:09:58,974 INFO     ___FILE_ONLY___ You will be upgraded to version: 408.0.1

2022-11-02 20:09:58,974 INFO     ___FILE_ONLY___ 

2022-11-02 20:09:58,980 INFO     ___FILE_ONLY___ ┌─────────────────────────────────────────────────────────┐
2022-11-02 20:09:58,980 INFO     ___FILE_ONLY___ 

2022-11-02 20:09:58,981 INFO     ___FILE_ONLY___ │            These components will be updated.            │
2022-11-02 20:09:58,981 INFO     ___FILE_ONLY___ 

2022-11-02 20:09:58,981 INFO     ___FILE_ONLY___ ├─────────────────────────────────┬────────────┬──────────┤
2022-11-02 20:09:58,981 INFO     ___FILE_ONLY___ 

2022-11-02 20:09:58,982 INFO     ___FILE_ONLY___ │               Name              │  Version   │   Size   │
2022-11-02 20:09:58,982 INFO     ___FILE_ONLY___ 

2022-11-02 20:09:58,982 INFO     ___FILE_ONLY___ ├─────────────────────────────────┼────────────┼──────────┤
2022-11-02 20:09:58,982 INFO     ___FILE_ONLY___ 

2022-11-02 20:09:58,982 INFO     ___FILE_ONLY___ │ 
2022-11-02 20:09:58,983 INFO     ___FILE_ONLY___ BigQuery Command Line Tool     
2022-11-02 20:09:58,983 INFO     ___FILE_ONLY___  
2022-11-02 20:09:58,983 INFO     ___FILE_ONLY___ │ 
2022-11-02 20:09:58,983 INFO     ___FILE_ONLY___     2.0.81
2022-11-02 20:09:58,983 INFO     ___FILE_ONLY___  
2022-11-02 20:09:58,983 INFO     ___FILE_ONLY___ │ 
2022-11-02 20:09:58,984 INFO     ___FILE_ONLY___  1.6 MiB
2022-11-02 20:09:58,984 INFO     ___FILE_ONLY___  
2022-11-02 20:09:58,984 INFO     ___FILE_ONLY___ │
2022-11-02 20:09:58,984 INFO     ___FILE_ONLY___ 

2022-11-02 20:09:58,984 INFO     ___FILE_ONLY___ │ 
2022-11-02 20:09:58,984 INFO     ___FILE_ONLY___ Google Cloud CLI Core Libraries
2022-11-02 20:09:58,984 INFO     ___FILE_ONLY___  
2022-11-02 20:09:58,984 INFO     ___FILE_ONLY___ │ 
2022-11-02 20:09:58,985 INFO     ___FILE_ONLY___ 2022.11.01
2022-11-02 20:09:58,985 INFO     ___FILE_ONLY___  
2022-11-02 20:09:58,985 INFO     ___FILE_ONLY___ │ 
2022-11-02 20:09:58,985 INFO     ___FILE_ONLY___ 25.1 MiB
2022-11-02 20:09:58,985 INFO     ___FILE_ONLY___  
2022-11-02 20:09:58,985 INFO     ___FILE_ONLY___ │
2022-11-02 20:09:58,985 INFO     ___FILE_ONLY___ 

2022-11-02 20:09:58,985 INFO     ___FILE_ONLY___ │ 
2022-11-02 20:09:58,986 INFO     ___FILE_ONLY___ gcloud Alpha Commands          
2022-11-02 20:09:58,986 INFO     ___FILE_ONLY___  
2022-11-02 20:09:58,986 INFO     ___FILE_ONLY___ │ 
2022-11-02 20:09:58,986 INFO     ___FILE_ONLY___ 2022.11.01
2022-11-02 20:09:58,986 INFO     ___FILE_ONLY___  
2022-11-02 20:09:58,986 INFO     ___FILE_ONLY___ │ 
2022-11-02 20:09:58,986 INFO     ___FILE_ONLY___  < 1 MiB
2022-11-02 20:09:58,986 INFO     ___FILE_ONLY___  
2022-11-02 20:09:58,987 INFO     ___FILE_ONLY___ │
2022-11-02 20:09:58,987 INFO     ___FILE_ONLY___ 

2022-11-02 20:09:58,987 INFO     ___FILE_ONLY___ │ 
2022-11-02 20:09:58,987 INFO     ___FILE_ONLY___ gcloud Beta Commands           
2022-11-02 20:09:58,987 INFO     ___FILE_ONLY___  
2022-11-02 20:09:58,987 INFO     ___FILE_ONLY___ │ 
2022-11-02 20:09:58,987 INFO     ___FILE_ONLY___ 2022.11.01
2022-11-02 20:09:58,988 INFO     ___FILE_ONLY___  
2022-11-02 20:09:58,988 INFO     ___FILE_ONLY___ │ 
2022-11-02 20:09:58,988 INFO     ___FILE_ONLY___  < 1 MiB
2022-11-02 20:09:58,988 INFO     ___FILE_ONLY___  
2022-11-02 20:09:58,988 INFO     ___FILE_ONLY___ │
2022-11-02 20:09:58,988 INFO     ___FILE_ONLY___ 

2022-11-02 20:09:58,988 INFO     ___FILE_ONLY___ └─────────────────────────────────┴────────────┴──────────┘
2022-11-02 20:09:58,989 INFO     ___FILE_ONLY___ 

2022-11-02 20:09:58,990 INFO     ___FILE_ONLY___ 

2022-11-02 20:09:58,995 DEBUG    urllib3.connectionpool Starting new HTTPS connection (1): dl.google.com:443
2022-11-02 20:09:59,324 DEBUG    urllib3.connectionpool https://dl.google.com:443 "GET /dl/cloudsdk/channels/rapid/RELEASE_NOTES HTTP/1.1" 200 891853
2022-11-02 20:09:59,501 INFO     ___FILE_ONLY___ The following release notes are new in this upgrade.
Please read carefully for information about new features, breaking changes,
and bugs fixed.  The latest full release notes can be viewed at:
  https://cloud.google.com/sdk/release_notes


2022-11-02 20:09:59,502 INFO     ___FILE_ONLY___ 
2022-11-02 20:09:59,502 INFO     ___FILE_ONLY___ 408.0.1 (2022-11-02)

2022-11-02 20:09:59,502 INFO     ___FILE_ONLY___ 
2022-11-02 20:09:59,502 INFO     ___FILE_ONLY___   
2022-11-02 20:09:59,502 INFO     ___FILE_ONLY___ BigQuery

2022-11-02 20:09:59,503 INFO     ___FILE_ONLY___       ▪
2022-11-02 20:09:59,503 INFO     ___FILE_ONLY___  
2022-11-02 20:09:59,503 INFO     ___FILE_ONLY___ Adds
2022-11-02 20:09:59,504 INFO     ___FILE_ONLY___  
2022-11-02 20:09:59,504 INFO     ___FILE_ONLY___ various
2022-11-02 20:09:59,504 INFO     ___FILE_ONLY___  
2022-11-02 20:09:59,504 INFO     ___FILE_ONLY___ fixes
2022-11-02 20:09:59,504 INFO     ___FILE_ONLY___  
2022-11-02 20:09:59,504 INFO     ___FILE_ONLY___ to
2022-11-02 20:09:59,504 INFO     ___FILE_ONLY___  
2022-11-02 20:09:59,505 INFO     ___FILE_ONLY___ PSC
2022-11-02 20:09:59,505 INFO     ___FILE_ONLY___  
2022-11-02 20:09:59,505 INFO     ___FILE_ONLY___ environments.
2022-11-02 20:09:59,505 INFO     ___FILE_ONLY___ 

2022-11-02 20:09:59,505 INFO     ___FILE_ONLY___       ▪
2022-11-02 20:09:59,505 INFO     ___FILE_ONLY___  
2022-11-02 20:09:59,505 INFO     ___FILE_ONLY___ Adds
2022-11-02 20:09:59,506 INFO     ___FILE_ONLY___  
2022-11-02 20:09:59,506 INFO     ___FILE_ONLY___ support
2022-11-02 20:09:59,506 INFO     ___FILE_ONLY___  
2022-11-02 20:09:59,506 INFO     ___FILE_ONLY___ for
2022-11-02 20:09:59,506 INFO     ___FILE_ONLY___  
2022-11-02 20:09:59,506 INFO     ___FILE_ONLY___ random
2022-11-02 20:09:59,507 INFO     ___FILE_ONLY___  
2022-11-02 20:09:59,507 INFO     ___FILE_ONLY___ forest
2022-11-02 20:09:59,507 INFO     ___FILE_ONLY___  
2022-11-02 20:09:59,507 INFO     ___FILE_ONLY___ models
2022-11-02 20:09:59,507 INFO     ___FILE_ONLY___  
2022-11-02 20:09:59,507 INFO     ___FILE_ONLY___ as
2022-11-02 20:09:59,508 INFO     ___FILE_ONLY___  
2022-11-02 20:09:59,508 INFO     ___FILE_ONLY___ part
2022-11-02 20:09:59,508 INFO     ___FILE_ONLY___  
2022-11-02 20:09:59,508 INFO     ___FILE_ONLY___ of
2022-11-02 20:09:59,508 INFO     ___FILE_ONLY___  
2022-11-02 20:09:59,508 INFO     ___FILE_ONLY___ BQML.
2022-11-02 20:09:59,509 INFO     ___FILE_ONLY___ 

2022-11-02 20:09:59,509 INFO     ___FILE_ONLY___ 

2022-11-02 20:09:59,509 INFO     ___FILE_ONLY___    
2022-11-02 20:09:59,509 INFO     ___FILE_ONLY___  
2022-11-02 20:09:59,509 INFO     ___FILE_ONLY___ Subscribe
2022-11-02 20:09:59,510 INFO     ___FILE_ONLY___  
2022-11-02 20:09:59,510 INFO     ___FILE_ONLY___ to
2022-11-02 20:09:59,510 INFO     ___FILE_ONLY___  
2022-11-02 20:09:59,510 INFO     ___FILE_ONLY___ these
2022-11-02 20:09:59,511 INFO     ___FILE_ONLY___  
2022-11-02 20:09:59,511 INFO     ___FILE_ONLY___ release
2022-11-02 20:09:59,511 INFO     ___FILE_ONLY___  
2022-11-02 20:09:59,511 INFO     ___FILE_ONLY___ notes
2022-11-02 20:09:59,511 INFO     ___FILE_ONLY___  
2022-11-02 20:09:59,512 INFO     ___FILE_ONLY___ at
2022-11-02 20:09:59,512 INFO     ___FILE_ONLY___ 

2022-11-02 20:09:59,512 INFO     ___FILE_ONLY___     
2022-11-02 20:09:59,512 INFO     ___FILE_ONLY___ https://groups.google.com/forum/#!forum/google-cloud-sdk-announce
2022-11-02 20:09:59,513 INFO     ___FILE_ONLY___ 

2022-11-02 20:09:59,513 INFO     ___FILE_ONLY___     
2022-11-02 20:09:59,513 INFO     ___FILE_ONLY___ (https://groups.google.com/forum/#!forum/google-cloud-sdk-announce).
2022-11-02 20:09:59,513 INFO     ___FILE_ONLY___ 

2022-11-02 20:09:59,513 INFO     ___FILE_ONLY___ 
2022-11-02 20:09:59,513 INFO     ___FILE_ONLY___ 

2022-11-02 20:09:59,525 INFO     ___FILE_ONLY___ ╔════════════════════════════════════════════════════════════╗

2022-11-02 20:09:59,525 INFO     ___FILE_ONLY___ ╠═ Creating update staging area                             ═╣

2022-11-02 20:09:59,526 INFO     ___FILE_ONLY___ ╚
2022-11-02 20:09:59,526 INFO     ___FILE_ONLY___ ══════
2022-11-02 20:10:08,095 INFO     ___FILE_ONLY___ ══════
2022-11-02 20:10:08,096 INFO     ___FILE_ONLY___ ══════
