2022-11-02 20:11:47,498 DEBUG    root            Loaded Command Group: ['gcloud', 'components']
2022-11-02 20:11:47,519 DEBUG    root            Loaded Command Group: ['gcloud', 'components', 'list']
2022-11-02 20:11:47,553 DEBUG    root            Running [gcloud.components.list] with arguments: [--format: "json", --quiet: "True", --verbosity: "warning"]
2022-11-02 20:11:47,595 DEBUG    urllib3.connectionpool Starting new HTTPS connection (1): dl.google.com:443
2022-11-02 20:11:47,801 DEBUG    urllib3.connectionpool https://dl.google.com:443 "GET /dl/cloudsdk/channels/rapid/components-2.json HTTP/1.1" 200 203446
2022-11-02 20:11:47,881 INFO     ___FILE_ONLY___ 
Your current Google Cloud CLI version is: 408.0.1

2022-11-02 20:11:47,882 INFO     ___FILE_ONLY___ The latest available version is: 408.0.1

2022-11-02 20:11:47,882 INFO     ___FILE_ONLY___ 

2022-11-02 20:11:47,884 INFO     root            Display format: "table[box,title="Components"](state.name:label=Status,name:label=Name,id:label=ID,size.size(zero="",min=1048576):label=Size:align=right) json"
2022-11-02 20:11:47,885 INFO     ___FILE_ONLY___ [
  {
2022-11-02 20:11:47,886 INFO     ___FILE_ONLY___ 
    "current_version_string": null,
2022-11-02 20:11:47,886 INFO     ___FILE_ONLY___ 
    "id": "app-engine-go",
2022-11-02 20:11:47,886 INFO     ___FILE_ONLY___ 
    "is_configuration": false,
2022-11-02 20:11:47,886 INFO     ___FILE_ONLY___ 
    "is_hidden": false,
2022-11-02 20:11:47,886 INFO     ___FILE_ONLY___ 
    "latest_version_string": "1.9.72",
2022-11-02 20:11:47,886 INFO     ___FILE_ONLY___ 
    "name": "App Engine Go Extensions",
2022-11-02 20:11:47,886 INFO     ___FILE_ONLY___ 
    "platform": {
2022-11-02 20:11:47,886 INFO     ___FILE_ONLY___ 
      "architecture": {
2022-11-02 20:11:47,887 INFO     ___FILE_ONLY___ 
        "file_name": "x86_64",
2022-11-02 20:11:47,887 INFO     ___FILE_ONLY___ 
        "id": "x86_64",
2022-11-02 20:11:47,887 INFO     ___FILE_ONLY___ 
        "name": "x86_64"
2022-11-02 20:11:47,887 INFO     ___FILE_ONLY___ 
      },
2022-11-02 20:11:47,887 INFO     ___FILE_ONLY___ 
      "operating_system": {
2022-11-02 20:11:47,888 INFO     ___FILE_ONLY___ 
        "file_name": "darwin",
2022-11-02 20:11:47,888 INFO     ___FILE_ONLY___ 
        "id": "MACOSX",
2022-11-02 20:11:47,888 INFO     ___FILE_ONLY___ 
        "name": "Mac OS X"
2022-11-02 20:11:47,888 INFO     ___FILE_ONLY___ 
      }
2022-11-02 20:11:47,888 INFO     ___FILE_ONLY___ 
    },
2022-11-02 20:11:47,888 INFO     ___FILE_ONLY___ 
    "platform_required": false,
2022-11-02 20:11:47,888 INFO     ___FILE_ONLY___ 
    "size": 4320254,
2022-11-02 20:11:47,889 INFO     ___FILE_ONLY___ 
    "state": {
2022-11-02 20:11:47,889 INFO     ___FILE_ONLY___ 
      "name": "Not Installed"
2022-11-02 20:11:47,889 INFO     ___FILE_ONLY___ 
    }
2022-11-02 20:11:47,889 INFO     ___FILE_ONLY___ 
  }
2022-11-02 20:11:47,890 INFO     ___FILE_ONLY___ ,
  {
2022-11-02 20:11:47,890 INFO     ___FILE_ONLY___ 
    "current_version_string": null,
2022-11-02 20:11:47,890 INFO     ___FILE_ONLY___ 
    "id": "appctl",
2022-11-02 20:11:47,890 INFO     ___FILE_ONLY___ 
    "is_configuration": false,
2022-11-02 20:11:47,890 INFO     ___FILE_ONLY___ 
    "is_hidden": false,
2022-11-02 20:11:47,890 INFO     ___FILE_ONLY___ 
    "latest_version_string": "0.1.12",
2022-11-02 20:11:47,890 INFO     ___FILE_ONLY___ 
    "name": "Appctl",
2022-11-02 20:11:47,891 INFO     ___FILE_ONLY___ 
    "platform": {
2022-11-02 20:11:47,891 INFO     ___FILE_ONLY___ 
      "architecture": {
2022-11-02 20:11:47,891 INFO     ___FILE_ONLY___ 
        "file_name": "x86_64",
2022-11-02 20:11:47,891 INFO     ___FILE_ONLY___ 
        "id": "x86_64",
2022-11-02 20:11:47,891 INFO     ___FILE_ONLY___ 
        "name": "x86_64"
2022-11-02 20:11:47,891 INFO     ___FILE_ONLY___ 
      },
2022-11-02 20:11:47,891 INFO     ___FILE_ONLY___ 
      "operating_system": {
2022-11-02 20:11:47,891 INFO     ___FILE_ONLY___ 
        "file_name": "darwin",
2022-11-02 20:11:47,891 INFO     ___FILE_ONLY___ 
        "id": "MACOSX",
2022-11-02 20:11:47,892 INFO     ___FILE_ONLY___ 
        "name": "Mac OS X"
2022-11-02 20:11:47,892 INFO     ___FILE_ONLY___ 
      }
2022-11-02 20:11:47,892 INFO     ___FILE_ONLY___ 
    },
2022-11-02 20:11:47,892 INFO     ___FILE_ONLY___ 
    "platform_required": false,
2022-11-02 20:11:47,892 INFO     ___FILE_ONLY___ 
    "size": 19381598,
2022-11-02 20:11:47,892 INFO     ___FILE_ONLY___ 
    "state": {
2022-11-02 20:11:47,892 INFO     ___FILE_ONLY___ 
      "name": "Not Installed"
2022-11-02 20:11:47,892 INFO     ___FILE_ONLY___ 
    }
2022-11-02 20:11:47,893 INFO     ___FILE_ONLY___ 
  }
2022-11-02 20:11:47,893 INFO     ___FILE_ONLY___ ,
  {
2022-11-02 20:11:47,894 INFO     ___FILE_ONLY___ 
    "current_version_string": null,
2022-11-02 20:11:47,894 INFO     ___FILE_ONLY___ 
    "id": "package-go-module",
2022-11-02 20:11:47,894 INFO     ___FILE_ONLY___ 
    "is_configuration": false,
2022-11-02 20:11:47,894 INFO     ___FILE_ONLY___ 
    "is_hidden": false,
2022-11-02 20:11:47,894 INFO     ___FILE_ONLY___ 
    "latest_version_string": "0.3.0",
2022-11-02 20:11:47,894 INFO     ___FILE_ONLY___ 
    "name": "Artifact Registry Go Module Package Helper",
2022-11-02 20:11:47,894 INFO     ___FILE_ONLY___ 
    "platform": {
2022-11-02 20:11:47,894 INFO     ___FILE_ONLY___ 
      "architecture": {
2022-11-02 20:11:47,895 INFO     ___FILE_ONLY___ 
        "file_name": "x86_64",
2022-11-02 20:11:47,895 INFO     ___FILE_ONLY___ 
        "id": "x86_64",
2022-11-02 20:11:47,895 INFO     ___FILE_ONLY___ 
        "name": "x86_64"
2022-11-02 20:11:47,895 INFO     ___FILE_ONLY___ 
      },
2022-11-02 20:11:47,895 INFO     ___FILE_ONLY___ 
      "operating_system": {
2022-11-02 20:11:47,895 INFO     ___FILE_ONLY___ 
        "file_name": "darwin",
2022-11-02 20:11:47,895 INFO     ___FILE_ONLY___ 
        "id": "MACOSX",
2022-11-02 20:11:47,895 INFO     ___FILE_ONLY___ 
        "name": "Mac OS X"
2022-11-02 20:11:47,895 INFO     ___FILE_ONLY___ 
      }
2022-11-02 20:11:47,896 INFO     ___FILE_ONLY___ 
    },
2022-11-02 20:11:47,896 INFO     ___FILE_ONLY___ 
    "platform_required": false,
2022-11-02 20:11:47,896 INFO     ___FILE_ONLY___ 
    "size": 840902,
2022-11-02 20:11:47,896 INFO     ___FILE_ONLY___ 
    "state": {
2022-11-02 20:11:47,896 INFO     ___FILE_ONLY___ 
      "name": "Not Installed"
2022-11-02 20:11:47,896 INFO     ___FILE_ONLY___ 
    }
2022-11-02 20:11:47,896 INFO     ___FILE_ONLY___ 
  }
2022-11-02 20:11:47,897 INFO     ___FILE_ONLY___ ,
  {
2022-11-02 20:11:47,897 INFO     ___FILE_ONLY___ 
    "current_version_string": null,
2022-11-02 20:11:47,897 INFO     ___FILE_ONLY___ 
    "id": "cbt",
2022-11-02 20:11:47,898 INFO     ___FILE_ONLY___ 
    "is_configuration": false,
2022-11-02 20:11:47,898 INFO     ___FILE_ONLY___ 
    "is_hidden": false,
2022-11-02 20:11:47,898 INFO     ___FILE_ONLY___ 
    "latest_version_string": "0.12.1",
2022-11-02 20:11:47,898 INFO     ___FILE_ONLY___ 
    "name": "Cloud Bigtable Command Line Tool",
2022-11-02 20:11:47,898 INFO     ___FILE_ONLY___ 
    "platform": {
2022-11-02 20:11:47,898 INFO     ___FILE_ONLY___ 
      "architecture": {
2022-11-02 20:11:47,899 INFO     ___FILE_ONLY___ 
        "file_name": "x86_64",
2022-11-02 20:11:47,899 INFO     ___FILE_ONLY___ 
        "id": "x86_64",
2022-11-02 20:11:47,899 INFO     ___FILE_ONLY___ 
        "name": "x86_64"
2022-11-02 20:11:47,899 INFO     ___FILE_ONLY___ 
      },
2022-11-02 20:11:47,899 INFO     ___FILE_ONLY___ 
      "operating_system": {
2022-11-02 20:11:47,899 INFO     ___FILE_ONLY___ 
        "file_name": "darwin",
2022-11-02 20:11:47,899 INFO     ___FILE_ONLY___ 
        "id": "MACOSX",
2022-11-02 20:11:47,900 INFO     ___FILE_ONLY___ 
        "name": "Mac OS X"
2022-11-02 20:11:47,900 INFO     ___FILE_ONLY___ 
      }
2022-11-02 20:11:47,900 INFO     ___FILE_ONLY___ 
    },
2022-11-02 20:11:47,900 INFO     ___FILE_ONLY___ 
    "platform_required": false,
2022-11-02 20:11:47,900 INFO     ___FILE_ONLY___ 
    "size": 10479929,
2022-11-02 20:11:47,900 INFO     ___FILE_ONLY___ 
    "state": {
2022-11-02 20:11:47,900 INFO     ___FILE_ONLY___ 
      "name": "Not Installed"
2022-11-02 20:11:47,901 INFO     ___FILE_ONLY___ 
    }
2022-11-02 20:11:47,901 INFO     ___FILE_ONLY___ 
  }
2022-11-02 20:11:47,902 INFO     ___FILE_ONLY___ ,
  {
2022-11-02 20:11:47,902 INFO     ___FILE_ONLY___ 
    "current_version_string": null,
2022-11-02 20:11:47,902 INFO     ___FILE_ONLY___ 
    "id": "bigtable",
2022-11-02 20:11:47,902 INFO     ___FILE_ONLY___ 
    "is_configuration": false,
2022-11-02 20:11:47,903 INFO     ___FILE_ONLY___ 
    "is_hidden": false,
2022-11-02 20:11:47,903 INFO     ___FILE_ONLY___ 
    "latest_version_string": "",
2022-11-02 20:11:47,903 INFO     ___FILE_ONLY___ 
    "name": "Cloud Bigtable Emulator",
2022-11-02 20:11:47,903 INFO     ___FILE_ONLY___ 
    "platform": {
2022-11-02 20:11:47,903 INFO     ___FILE_ONLY___ 
      "architecture": {
2022-11-02 20:11:47,903 INFO     ___FILE_ONLY___ 
        "file_name": "x86_64",
2022-11-02 20:11:47,903 INFO     ___FILE_ONLY___ 
        "id": "x86_64",
2022-11-02 20:11:47,903 INFO     ___FILE_ONLY___ 
        "name": "x86_64"
2022-11-02 20:11:47,904 INFO     ___FILE_ONLY___ 
      },
2022-11-02 20:11:47,904 INFO     ___FILE_ONLY___ 
      "operating_system": {
2022-11-02 20:11:47,904 INFO     ___FILE_ONLY___ 
        "file_name": "darwin",
2022-11-02 20:11:47,904 INFO     ___FILE_ONLY___ 
        "id": "MACOSX",
2022-11-02 20:11:47,904 INFO     ___FILE_ONLY___ 
        "name": "Mac OS X"
2022-11-02 20:11:47,904 INFO     ___FILE_ONLY___ 
      }
2022-11-02 20:11:47,905 INFO     ___FILE_ONLY___ 
    },
2022-11-02 20:11:47,905 INFO     ___FILE_ONLY___ 
    "platform_required": false,
2022-11-02 20:11:47,905 INFO     ___FILE_ONLY___ 
    "size": 6842480,
2022-11-02 20:11:47,905 INFO     ___FILE_ONLY___ 
    "state": {
2022-11-02 20:11:47,905 INFO     ___FILE_ONLY___ 
      "name": "Not Installed"
2022-11-02 20:11:47,905 INFO     ___FILE_ONLY___ 
    }
2022-11-02 20:11:47,905 INFO     ___FILE_ONLY___ 
  }
2022-11-02 20:11:47,906 INFO     ___FILE_ONLY___ ,
  {
2022-11-02 20:11:47,907 INFO     ___FILE_ONLY___ 
    "current_version_string": null,
2022-11-02 20:11:47,907 INFO     ___FILE_ONLY___ 
    "id": "datalab",
2022-11-02 20:11:47,907 INFO     ___FILE_ONLY___ 
    "is_configuration": false,
2022-11-02 20:11:47,907 INFO     ___FILE_ONLY___ 
    "is_hidden": false,
2022-11-02 20:11:47,907 INFO     ___FILE_ONLY___ 
    "latest_version_string": "20190610",
2022-11-02 20:11:47,907 INFO     ___FILE_ONLY___ 
    "name": "Cloud Datalab Command Line Tool",
2022-11-02 20:11:47,907 INFO     ___FILE_ONLY___ 
    "platform": {
2022-11-02 20:11:47,908 INFO     ___FILE_ONLY___ 
      "architecture": {
2022-11-02 20:11:47,908 INFO     ___FILE_ONLY___ 
        "file_name": "x86_64",
2022-11-02 20:11:47,908 INFO     ___FILE_ONLY___ 
        "id": "x86_64",
2022-11-02 20:11:47,908 INFO     ___FILE_ONLY___ 
        "name": "x86_64"
2022-11-02 20:11:47,908 INFO     ___FILE_ONLY___ 
      },
2022-11-02 20:11:47,908 INFO     ___FILE_ONLY___ 
      "operating_system": {
2022-11-02 20:11:47,908 INFO     ___FILE_ONLY___ 
        "file_name": "darwin",
2022-11-02 20:11:47,909 INFO     ___FILE_ONLY___ 
        "id": "MACOSX",
2022-11-02 20:11:47,909 INFO     ___FILE_ONLY___ 
        "name": "Mac OS X"
2022-11-02 20:11:47,909 INFO     ___FILE_ONLY___ 
      }
2022-11-02 20:11:47,909 INFO     ___FILE_ONLY___ 
    },
2022-11-02 20:11:47,909 INFO     ___FILE_ONLY___ 
    "platform_required": false,
2022-11-02 20:11:47,909 INFO     ___FILE_ONLY___ 
    "size": 74849,
2022-11-02 20:11:47,909 INFO     ___FILE_ONLY___ 
    "state": {
2022-11-02 20:11:47,909 INFO     ___FILE_ONLY___ 
      "name": "Not Installed"
2022-11-02 20:11:47,909 INFO     ___FILE_ONLY___ 
    }
2022-11-02 20:11:47,910 INFO     ___FILE_ONLY___ 
  }
2022-11-02 20:11:47,910 INFO     ___FILE_ONLY___ ,
  {
2022-11-02 20:11:47,910 INFO     ___FILE_ONLY___ 
    "current_version_string": null,
2022-11-02 20:11:47,911 INFO     ___FILE_ONLY___ 
    "id": "cloud-datastore-emulator",
2022-11-02 20:11:47,911 INFO     ___FILE_ONLY___ 
    "is_configuration": false,
2022-11-02 20:11:47,911 INFO     ___FILE_ONLY___ 
    "is_hidden": false,
2022-11-02 20:11:47,911 INFO     ___FILE_ONLY___ 
    "latest_version_string": "2.3.0",
2022-11-02 20:11:47,911 INFO     ___FILE_ONLY___ 
    "name": "Cloud Datastore Emulator",
2022-11-02 20:11:47,911 INFO     ___FILE_ONLY___ 
    "platform": {
2022-11-02 20:11:47,911 INFO     ___FILE_ONLY___ 
      "architecture": {
2022-11-02 20:11:47,911 INFO     ___FILE_ONLY___ 
        "file_name": "x86_64",
2022-11-02 20:11:47,911 INFO     ___FILE_ONLY___ 
        "id": "x86_64",
2022-11-02 20:11:47,912 INFO     ___FILE_ONLY___ 
        "name": "x86_64"
2022-11-02 20:11:47,912 INFO     ___FILE_ONLY___ 
      },
2022-11-02 20:11:47,912 INFO     ___FILE_ONLY___ 
      "operating_system": {
2022-11-02 20:11:47,912 INFO     ___FILE_ONLY___ 
        "file_name": "darwin",
2022-11-02 20:11:47,912 INFO     ___FILE_ONLY___ 
        "id": "MACOSX",
2022-11-02 20:11:47,912 INFO     ___FILE_ONLY___ 
        "name": "Mac OS X"
2022-11-02 20:11:47,912 INFO     ___FILE_ONLY___ 
      }
2022-11-02 20:11:47,912 INFO     ___FILE_ONLY___ 
    },
2022-11-02 20:11:47,913 INFO     ___FILE_ONLY___ 
    "platform_required": false,
2022-11-02 20:11:47,913 INFO     ___FILE_ONLY___ 
    "size": 36755687,
2022-11-02 20:11:47,913 INFO     ___FILE_ONLY___ 
    "state": {
2022-11-02 20:11:47,913 INFO     ___FILE_ONLY___ 
      "name": "Not Installed"
2022-11-02 20:11:47,913 INFO     ___FILE_ONLY___ 
    }
2022-11-02 20:11:47,913 INFO     ___FILE_ONLY___ 
  }
2022-11-02 20:11:47,914 INFO     ___FILE_ONLY___ ,
  {
2022-11-02 20:11:47,914 INFO     ___FILE_ONLY___ 
    "current_version_string": null,
2022-11-02 20:11:47,914 INFO     ___FILE_ONLY___ 
    "id": "cloud-firestore-emulator",
2022-11-02 20:11:47,914 INFO     ___FILE_ONLY___ 
    "is_configuration": false,
2022-11-02 20:11:47,914 INFO     ___FILE_ONLY___ 
    "is_hidden": false,
2022-11-02 20:11:47,914 INFO     ___FILE_ONLY___ 
    "latest_version_string": "1.14.4",
2022-11-02 20:11:47,914 INFO     ___FILE_ONLY___ 
    "name": "Cloud Firestore Emulator",
2022-11-02 20:11:47,915 INFO     ___FILE_ONLY___ 
    "platform": {
2022-11-02 20:11:47,915 INFO     ___FILE_ONLY___ 
      "architecture": {
2022-11-02 20:11:47,915 INFO     ___FILE_ONLY___ 
        "file_name": "x86_64",
2022-11-02 20:11:47,915 INFO     ___FILE_ONLY___ 
        "id": "x86_64",
2022-11-02 20:11:47,915 INFO     ___FILE_ONLY___ 
        "name": "x86_64"
2022-11-02 20:11:47,915 INFO     ___FILE_ONLY___ 
      },
2022-11-02 20:11:47,915 INFO     ___FILE_ONLY___ 
      "operating_system": {
2022-11-02 20:11:47,915 INFO     ___FILE_ONLY___ 
        "file_name": "darwin",
2022-11-02 20:11:47,915 INFO     ___FILE_ONLY___ 
        "id": "MACOSX",
2022-11-02 20:11:47,916 INFO     ___FILE_ONLY___ 
        "name": "Mac OS X"
2022-11-02 20:11:47,916 INFO     ___FILE_ONLY___ 
      }
2022-11-02 20:11:47,916 INFO     ___FILE_ONLY___ 
    },
2022-11-02 20:11:47,916 INFO     ___FILE_ONLY___ 
    "platform_required": false,
2022-11-02 20:11:47,916 INFO     ___FILE_ONLY___ 
    "size": 42140696,
2022-11-02 20:11:47,916 INFO     ___FILE_ONLY___ 
    "state": {
2022-11-02 20:11:47,916 INFO     ___FILE_ONLY___ 
      "name": "Not Installed"
2022-11-02 20:11:47,916 INFO     ___FILE_ONLY___ 
    }
2022-11-02 20:11:47,916 INFO     ___FILE_ONLY___ 
  }
2022-11-02 20:11:47,919 INFO     ___FILE_ONLY___ ,
  {
2022-11-02 20:11:47,919 INFO     ___FILE_ONLY___ 
    "current_version_string": null,
2022-11-02 20:11:47,919 INFO     ___FILE_ONLY___ 
    "id": "pubsub-emulator",
2022-11-02 20:11:47,919 INFO     ___FILE_ONLY___ 
    "is_configuration": false,
2022-11-02 20:11:47,919 INFO     ___FILE_ONLY___ 
    "is_hidden": false,
2022-11-02 20:11:47,919 INFO     ___FILE_ONLY___ 
    "latest_version_string": "0.7.1",
2022-11-02 20:11:47,919 INFO     ___FILE_ONLY___ 
    "name": "Cloud Pub/Sub Emulator",
2022-11-02 20:11:47,919 INFO     ___FILE_ONLY___ 
    "platform": {
2022-11-02 20:11:47,920 INFO     ___FILE_ONLY___ 
      "architecture": {
2022-11-02 20:11:47,920 INFO     ___FILE_ONLY___ 
        "file_name": "x86_64",
2022-11-02 20:11:47,920 INFO     ___FILE_ONLY___ 
        "id": "x86_64",
2022-11-02 20:11:47,920 INFO     ___FILE_ONLY___ 
        "name": "x86_64"
2022-11-02 20:11:47,920 INFO     ___FILE_ONLY___ 
      },
2022-11-02 20:11:47,920 INFO     ___FILE_ONLY___ 
      "operating_system": {
2022-11-02 20:11:47,920 INFO     ___FILE_ONLY___ 
        "file_name": "darwin",
2022-11-02 20:11:47,920 INFO     ___FILE_ONLY___ 
        "id": "MACOSX",
2022-11-02 20:11:47,920 INFO     ___FILE_ONLY___ 
        "name": "Mac OS X"
2022-11-02 20:11:47,920 INFO     ___FILE_ONLY___ 
      }
2022-11-02 20:11:47,920 INFO     ___FILE_ONLY___ 
    },
2022-11-02 20:11:47,920 INFO     ___FILE_ONLY___ 
    "platform_required": false,
2022-11-02 20:11:47,921 INFO     ___FILE_ONLY___ 
    "size": 65403474,
2022-11-02 20:11:47,921 INFO     ___FILE_ONLY___ 
    "state": {
2022-11-02 20:11:47,921 INFO     ___FILE_ONLY___ 
      "name": "Not Installed"
2022-11-02 20:11:47,921 INFO     ___FILE_ONLY___ 
    }
2022-11-02 20:11:47,921 INFO     ___FILE_ONLY___ 
  }
2022-11-02 20:11:47,922 INFO     ___FILE_ONLY___ ,
  {
2022-11-02 20:11:47,922 INFO     ___FILE_ONLY___ 
    "current_version_string": null,
2022-11-02 20:11:47,922 INFO     ___FILE_ONLY___ 
    "id": "cloud-run-proxy",
2022-11-02 20:11:47,922 INFO     ___FILE_ONLY___ 
    "is_configuration": false,
2022-11-02 20:11:47,922 INFO     ___FILE_ONLY___ 
    "is_hidden": false,
2022-11-02 20:11:47,922 INFO     ___FILE_ONLY___ 
    "latest_version_string": "0.3.0",
2022-11-02 20:11:47,922 INFO     ___FILE_ONLY___ 
    "name": "Cloud Run Proxy",
2022-11-02 20:11:47,922 INFO     ___FILE_ONLY___ 
    "platform": {
2022-11-02 20:11:47,923 INFO     ___FILE_ONLY___ 
      "architecture": {
2022-11-02 20:11:47,923 INFO     ___FILE_ONLY___ 
        "file_name": "x86_64",
2022-11-02 20:11:47,923 INFO     ___FILE_ONLY___ 
        "id": "x86_64",
2022-11-02 20:11:47,923 INFO     ___FILE_ONLY___ 
        "name": "x86_64"
2022-11-02 20:11:47,923 INFO     ___FILE_ONLY___ 
      },
2022-11-02 20:11:47,923 INFO     ___FILE_ONLY___ 
      "operating_system": {
2022-11-02 20:11:47,923 INFO     ___FILE_ONLY___ 
        "file_name": "darwin",
2022-11-02 20:11:47,923 INFO     ___FILE_ONLY___ 
        "id": "MACOSX",
2022-11-02 20:11:47,923 INFO     ___FILE_ONLY___ 
        "name": "Mac OS X"
2022-11-02 20:11:47,924 INFO     ___FILE_ONLY___ 
      }
2022-11-02 20:11:47,924 INFO     ___FILE_ONLY___ 
    },
2022-11-02 20:11:47,924 INFO     ___FILE_ONLY___ 
    "platform_required": false,
2022-11-02 20:11:47,924 INFO     ___FILE_ONLY___ 
    "size": 8024792,
2022-11-02 20:11:47,924 INFO     ___FILE_ONLY___ 
    "state": {
2022-11-02 20:11:47,924 INFO     ___FILE_ONLY___ 
      "name": "Not Installed"
2022-11-02 20:11:47,924 INFO     ___FILE_ONLY___ 
    }
2022-11-02 20:11:47,924 INFO     ___FILE_ONLY___ 
  }
2022-11-02 20:11:47,925 INFO     ___FILE_ONLY___ ,
  {
2022-11-02 20:11:47,925 INFO     ___FILE_ONLY___ 
    "current_version_string": null,
2022-11-02 20:11:47,925 INFO     ___FILE_ONLY___ 
    "id": "cloud_sql_proxy",
2022-11-02 20:11:47,925 INFO     ___FILE_ONLY___ 
    "is_configuration": false,
2022-11-02 20:11:47,926 INFO     ___FILE_ONLY___ 
    "is_hidden": false,
2022-11-02 20:11:47,926 INFO     ___FILE_ONLY___ 
    "latest_version_string": "1.27.0",
2022-11-02 20:11:47,926 INFO     ___FILE_ONLY___ 
    "name": "Cloud SQL Proxy",
2022-11-02 20:11:47,926 INFO     ___FILE_ONLY___ 
    "platform": {
2022-11-02 20:11:47,926 INFO     ___FILE_ONLY___ 
      "architecture": {
2022-11-02 20:11:47,926 INFO     ___FILE_ONLY___ 
        "file_name": "x86_64",
2022-11-02 20:11:47,927 INFO     ___FILE_ONLY___ 
        "id": "x86_64",
2022-11-02 20:11:47,927 INFO     ___FILE_ONLY___ 
        "name": "x86_64"
2022-11-02 20:11:47,927 INFO     ___FILE_ONLY___ 
      },
2022-11-02 20:11:47,927 INFO     ___FILE_ONLY___ 
      "operating_system": {
2022-11-02 20:11:47,927 INFO     ___FILE_ONLY___ 
        "file_name": "darwin",
2022-11-02 20:11:47,927 INFO     ___FILE_ONLY___ 
        "id": "MACOSX",
2022-11-02 20:11:47,927 INFO     ___FILE_ONLY___ 
        "name": "Mac OS X"
2022-11-02 20:11:47,927 INFO     ___FILE_ONLY___ 
      }
2022-11-02 20:11:47,928 INFO     ___FILE_ONLY___ 
    },
2022-11-02 20:11:47,928 INFO     ___FILE_ONLY___ 
    "platform_required": false,
2022-11-02 20:11:47,928 INFO     ___FILE_ONLY___ 
    "size": 7986647,
2022-11-02 20:11:47,928 INFO     ___FILE_ONLY___ 
    "state": {
2022-11-02 20:11:47,928 INFO     ___FILE_ONLY___ 
      "name": "Not Installed"
2022-11-02 20:11:47,928 INFO     ___FILE_ONLY___ 
    }
2022-11-02 20:11:47,928 INFO     ___FILE_ONLY___ 
  }
2022-11-02 20:11:47,929 INFO     ___FILE_ONLY___ ,
  {
2022-11-02 20:11:47,929 INFO     ___FILE_ONLY___ 
    "current_version_string": null,
2022-11-02 20:11:47,929 INFO     ___FILE_ONLY___ 
    "id": "docker-credential-gcr",
2022-11-02 20:11:47,929 INFO     ___FILE_ONLY___ 
    "is_configuration": false,
2022-11-02 20:11:47,930 INFO     ___FILE_ONLY___ 
    "is_hidden": false,
2022-11-02 20:11:47,930 INFO     ___FILE_ONLY___ 
    "latest_version_string": "1.5.0",
2022-11-02 20:11:47,930 INFO     ___FILE_ONLY___ 
    "name": "Google Container Registry's Docker credential helper",
2022-11-02 20:11:47,930 INFO     ___FILE_ONLY___ 
    "platform": {
2022-11-02 20:11:47,930 INFO     ___FILE_ONLY___ 
      "architecture": {
2022-11-02 20:11:47,930 INFO     ___FILE_ONLY___ 
        "file_name": "x86_64",
2022-11-02 20:11:47,930 INFO     ___FILE_ONLY___ 
        "id": "x86_64",
2022-11-02 20:11:47,930 INFO     ___FILE_ONLY___ 
        "name": "x86_64"
2022-11-02 20:11:47,930 INFO     ___FILE_ONLY___ 
      },
2022-11-02 20:11:47,931 INFO     ___FILE_ONLY___ 
      "operating_system": {
2022-11-02 20:11:47,931 INFO     ___FILE_ONLY___ 
        "file_name": "darwin",
2022-11-02 20:11:47,931 INFO     ___FILE_ONLY___ 
        "id": "MACOSX",
2022-11-02 20:11:47,931 INFO     ___FILE_ONLY___ 
        "name": "Mac OS X"
2022-11-02 20:11:47,932 INFO     ___FILE_ONLY___ 
      }
2022-11-02 20:11:47,932 INFO     ___FILE_ONLY___ 
    },
2022-11-02 20:11:47,932 INFO     ___FILE_ONLY___ 
    "platform_required": false,
2022-11-02 20:11:47,932 INFO     ___FILE_ONLY___ 
    "size": 2266831,
2022-11-02 20:11:47,932 INFO     ___FILE_ONLY___ 
    "state": {
2022-11-02 20:11:47,932 INFO     ___FILE_ONLY___ 
      "name": "Not Installed"
2022-11-02 20:11:47,932 INFO     ___FILE_ONLY___ 
    }
2022-11-02 20:11:47,932 INFO     ___FILE_ONLY___ 
  }
2022-11-02 20:11:47,933 INFO     ___FILE_ONLY___ ,
  {
2022-11-02 20:11:47,933 INFO     ___FILE_ONLY___ 
    "current_version_string": null,
2022-11-02 20:11:47,933 INFO     ___FILE_ONLY___ 
    "id": "kustomize",
2022-11-02 20:11:47,934 INFO     ___FILE_ONLY___ 
    "is_configuration": false,
2022-11-02 20:11:47,934 INFO     ___FILE_ONLY___ 
    "is_hidden": false,
2022-11-02 20:11:47,934 INFO     ___FILE_ONLY___ 
    "latest_version_string": "4.4.0",
2022-11-02 20:11:47,934 INFO     ___FILE_ONLY___ 
    "name": "Kustomize",
2022-11-02 20:11:47,934 INFO     ___FILE_ONLY___ 
    "platform": {
2022-11-02 20:11:47,934 INFO     ___FILE_ONLY___ 
      "architecture": {
2022-11-02 20:11:47,934 INFO     ___FILE_ONLY___ 
        "file_name": "x86_64",
2022-11-02 20:11:47,934 INFO     ___FILE_ONLY___ 
        "id": "x86_64",
2022-11-02 20:11:47,934 INFO     ___FILE_ONLY___ 
        "name": "x86_64"
2022-11-02 20:11:47,934 INFO     ___FILE_ONLY___ 
      },
2022-11-02 20:11:47,935 INFO     ___FILE_ONLY___ 
      "operating_system": {
2022-11-02 20:11:47,935 INFO     ___FILE_ONLY___ 
        "file_name": "darwin",
2022-11-02 20:11:47,935 INFO     ___FILE_ONLY___ 
        "id": "MACOSX",
2022-11-02 20:11:47,935 INFO     ___FILE_ONLY___ 
        "name": "Mac OS X"
2022-11-02 20:11:47,935 INFO     ___FILE_ONLY___ 
      }
2022-11-02 20:11:47,935 INFO     ___FILE_ONLY___ 
    },
2022-11-02 20:11:47,935 INFO     ___FILE_ONLY___ 
    "platform_required": false,
2022-11-02 20:11:47,935 INFO     ___FILE_ONLY___ 
    "size": 7961940,
2022-11-02 20:11:47,935 INFO     ___FILE_ONLY___ 
    "state": {
2022-11-02 20:11:47,936 INFO     ___FILE_ONLY___ 
      "name": "Not Installed"
2022-11-02 20:11:47,936 INFO     ___FILE_ONLY___ 
    }
2022-11-02 20:11:47,936 INFO     ___FILE_ONLY___ 
  }
2022-11-02 20:11:47,937 INFO     ___FILE_ONLY___ ,
  {
2022-11-02 20:11:47,937 INFO     ___FILE_ONLY___ 
    "current_version_string": null,
2022-11-02 20:11:47,937 INFO     ___FILE_ONLY___ 
    "id": "log-streaming",
2022-11-02 20:11:47,937 INFO     ___FILE_ONLY___ 
    "is_configuration": false,
2022-11-02 20:11:47,937 INFO     ___FILE_ONLY___ 
    "is_hidden": false,
2022-11-02 20:11:47,937 INFO     ___FILE_ONLY___ 
    "latest_version_string": "0.3.0",
2022-11-02 20:11:47,937 INFO     ___FILE_ONLY___ 
    "name": "Log Streaming",
2022-11-02 20:11:47,938 INFO     ___FILE_ONLY___ 
    "platform": {
2022-11-02 20:11:47,938 INFO     ___FILE_ONLY___ 
      "architecture": {
2022-11-02 20:11:47,938 INFO     ___FILE_ONLY___ 
        "file_name": "x86_64",
2022-11-02 20:11:47,938 INFO     ___FILE_ONLY___ 
        "id": "x86_64",
2022-11-02 20:11:47,938 INFO     ___FILE_ONLY___ 
        "name": "x86_64"
2022-11-02 20:11:47,938 INFO     ___FILE_ONLY___ 
      },
2022-11-02 20:11:47,938 INFO     ___FILE_ONLY___ 
      "operating_system": {
2022-11-02 20:11:47,938 INFO     ___FILE_ONLY___ 
        "file_name": "darwin",
2022-11-02 20:11:47,939 INFO     ___FILE_ONLY___ 
        "id": "MACOSX",
2022-11-02 20:11:47,939 INFO     ___FILE_ONLY___ 
        "name": "Mac OS X"
2022-11-02 20:11:47,939 INFO     ___FILE_ONLY___ 
      }
2022-11-02 20:11:47,939 INFO     ___FILE_ONLY___ 
    },
2022-11-02 20:11:47,939 INFO     ___FILE_ONLY___ 
    "platform_required": false,
2022-11-02 20:11:47,939 INFO     ___FILE_ONLY___ 
    "size": 12864820,
2022-11-02 20:11:47,939 INFO     ___FILE_ONLY___ 
    "state": {
2022-11-02 20:11:47,939 INFO     ___FILE_ONLY___ 
      "name": "Not Installed"
2022-11-02 20:11:47,939 INFO     ___FILE_ONLY___ 
    }
2022-11-02 20:11:47,940 INFO     ___FILE_ONLY___ 
  }
2022-11-02 20:11:47,940 INFO     ___FILE_ONLY___ ,
  {
2022-11-02 20:11:47,941 INFO     ___FILE_ONLY___ 
    "current_version_string": null,
2022-11-02 20:11:47,941 INFO     ___FILE_ONLY___ 
    "id": "nomos",
2022-11-02 20:11:47,941 INFO     ___FILE_ONLY___ 
    "is_configuration": false,
2022-11-02 20:11:47,941 INFO     ___FILE_ONLY___ 
    "is_hidden": false,
2022-11-02 20:11:47,941 INFO     ___FILE_ONLY___ 
    "latest_version_string": "1.13.1-rc.4",
2022-11-02 20:11:47,941 INFO     ___FILE_ONLY___ 
    "name": "Nomos CLI",
2022-11-02 20:11:47,941 INFO     ___FILE_ONLY___ 
    "platform": {
2022-11-02 20:11:47,941 INFO     ___FILE_ONLY___ 
      "architecture": {
2022-11-02 20:11:47,942 INFO     ___FILE_ONLY___ 
        "file_name": "x86_64",
2022-11-02 20:11:47,942 INFO     ___FILE_ONLY___ 
        "id": "x86_64",
2022-11-02 20:11:47,945 INFO     ___FILE_ONLY___ 
        "name": "x86_64"
2022-11-02 20:11:47,945 INFO     ___FILE_ONLY___ 
      },
2022-11-02 20:11:47,945 INFO     ___FILE_ONLY___ 
      "operating_system": {
2022-11-02 20:11:47,945 INFO     ___FILE_ONLY___ 
        "file_name": "darwin",
2022-11-02 20:11:47,945 INFO     ___FILE_ONLY___ 
        "id": "MACOSX",
2022-11-02 20:11:47,945 INFO     ___FILE_ONLY___ 
        "name": "Mac OS X"
2022-11-02 20:11:47,946 INFO     ___FILE_ONLY___ 
      }
2022-11-02 20:11:47,946 INFO     ___FILE_ONLY___ 
    },
2022-11-02 20:11:47,946 INFO     ___FILE_ONLY___ 
    "platform_required": false,
2022-11-02 20:11:47,946 INFO     ___FILE_ONLY___ 
    "size": 25597173,
2022-11-02 20:11:47,946 INFO     ___FILE_ONLY___ 
    "state": {
2022-11-02 20:11:47,946 INFO     ___FILE_ONLY___ 
      "name": "Not Installed"
2022-11-02 20:11:47,947 INFO     ___FILE_ONLY___ 
    }
2022-11-02 20:11:47,947 INFO     ___FILE_ONLY___ 
  }
2022-11-02 20:11:47,948 INFO     ___FILE_ONLY___ ,
  {
2022-11-02 20:11:47,948 INFO     ___FILE_ONLY___ 
    "current_version_string": null,
2022-11-02 20:11:47,948 INFO     ___FILE_ONLY___ 
    "id": "local-extract",
2022-11-02 20:11:47,949 INFO     ___FILE_ONLY___ 
    "is_configuration": false,
2022-11-02 20:11:47,949 INFO     ___FILE_ONLY___ 
    "is_hidden": false,
2022-11-02 20:11:47,949 INFO     ___FILE_ONLY___ 
    "latest_version_string": "1.5.5",
2022-11-02 20:11:47,949 INFO     ___FILE_ONLY___ 
    "name": "On-Demand Scanning API extraction helper",
2022-11-02 20:11:47,949 INFO     ___FILE_ONLY___ 
    "platform": {
2022-11-02 20:11:47,949 INFO     ___FILE_ONLY___ 
      "architecture": {
2022-11-02 20:11:47,949 INFO     ___FILE_ONLY___ 
        "file_name": "x86_64",
2022-11-02 20:11:47,949 INFO     ___FILE_ONLY___ 
        "id": "x86_64",
2022-11-02 20:11:47,950 INFO     ___FILE_ONLY___ 
        "name": "x86_64"
2022-11-02 20:11:47,950 INFO     ___FILE_ONLY___ 
      },
2022-11-02 20:11:47,950 INFO     ___FILE_ONLY___ 
      "operating_system": {
2022-11-02 20:11:47,950 INFO     ___FILE_ONLY___ 
        "file_name": "darwin",
2022-11-02 20:11:47,950 INFO     ___FILE_ONLY___ 
        "id": "MACOSX",
2022-11-02 20:11:47,950 INFO     ___FILE_ONLY___ 
        "name": "Mac OS X"
2022-11-02 20:11:47,950 INFO     ___FILE_ONLY___ 
      }
2022-11-02 20:11:47,950 INFO     ___FILE_ONLY___ 
    },
2022-11-02 20:11:47,950 INFO     ___FILE_ONLY___ 
    "platform_required": false,
2022-11-02 20:11:47,951 INFO     ___FILE_ONLY___ 
    "size": 12442952,
2022-11-02 20:11:47,951 INFO     ___FILE_ONLY___ 
    "state": {
2022-11-02 20:11:47,951 INFO     ___FILE_ONLY___ 
      "name": "Not Installed"
2022-11-02 20:11:47,951 INFO     ___FILE_ONLY___ 
    }
2022-11-02 20:11:47,951 INFO     ___FILE_ONLY___ 
  }
2022-11-02 20:11:47,952 INFO     ___FILE_ONLY___ ,
  {
2022-11-02 20:11:47,952 INFO     ___FILE_ONLY___ 
    "current_version_string": null,
2022-11-02 20:11:47,952 INFO     ___FILE_ONLY___ 
    "id": "terraform-tools",
2022-11-02 20:11:47,952 INFO     ___FILE_ONLY___ 
    "is_configuration": false,
2022-11-02 20:11:47,952 INFO     ___FILE_ONLY___ 
    "is_hidden": false,
2022-11-02 20:11:47,952 INFO     ___FILE_ONLY___ 
    "latest_version_string": "0.8.0",
2022-11-02 20:11:47,952 INFO     ___FILE_ONLY___ 
    "name": "Terraform Tools",
2022-11-02 20:11:47,952 INFO     ___FILE_ONLY___ 
    "platform": {
2022-11-02 20:11:47,952 INFO     ___FILE_ONLY___ 
      "architecture": {
2022-11-02 20:11:47,952 INFO     ___FILE_ONLY___ 
        "file_name": "x86_64",
2022-11-02 20:11:47,953 INFO     ___FILE_ONLY___ 
        "id": "x86_64",
2022-11-02 20:11:47,953 INFO     ___FILE_ONLY___ 
        "name": "x86_64"
2022-11-02 20:11:47,953 INFO     ___FILE_ONLY___ 
      },
2022-11-02 20:11:47,953 INFO     ___FILE_ONLY___ 
      "operating_system": {
2022-11-02 20:11:47,953 INFO     ___FILE_ONLY___ 
        "file_name": "darwin",
2022-11-02 20:11:47,953 INFO     ___FILE_ONLY___ 
        "id": "MACOSX",
2022-11-02 20:11:47,953 INFO     ___FILE_ONLY___ 
        "name": "Mac OS X"
2022-11-02 20:11:47,953 INFO     ___FILE_ONLY___ 
      }
2022-11-02 20:11:47,953 INFO     ___FILE_ONLY___ 
    },
2022-11-02 20:11:47,953 INFO     ___FILE_ONLY___ 
    "platform_required": false,
2022-11-02 20:11:47,953 INFO     ___FILE_ONLY___ 
    "size": 56276984,
2022-11-02 20:11:47,953 INFO     ___FILE_ONLY___ 
    "state": {
2022-11-02 20:11:47,953 INFO     ___FILE_ONLY___ 
      "name": "Not Installed"
2022-11-02 20:11:47,953 INFO     ___FILE_ONLY___ 
    }
2022-11-02 20:11:47,953 INFO     ___FILE_ONLY___ 
  }
2022-11-02 20:11:47,954 INFO     ___FILE_ONLY___ ,
  {
2022-11-02 20:11:47,954 INFO     ___FILE_ONLY___ 
    "current_version_string": null,
2022-11-02 20:11:47,954 INFO     ___FILE_ONLY___ 
    "id": "anthos-auth",
2022-11-02 20:11:47,954 INFO     ___FILE_ONLY___ 
    "is_configuration": false,
2022-11-02 20:11:47,954 INFO     ___FILE_ONLY___ 
    "is_hidden": false,
2022-11-02 20:11:47,954 INFO     ___FILE_ONLY___ 
    "latest_version_string": "1.4.4",
2022-11-02 20:11:47,954 INFO     ___FILE_ONLY___ 
    "name": "anthos-auth",
2022-11-02 20:11:47,955 INFO     ___FILE_ONLY___ 
    "platform": {
2022-11-02 20:11:47,955 INFO     ___FILE_ONLY___ 
      "architecture": {
2022-11-02 20:11:47,955 INFO     ___FILE_ONLY___ 
        "file_name": "x86_64",
2022-11-02 20:11:47,955 INFO     ___FILE_ONLY___ 
        "id": "x86_64",
2022-11-02 20:11:47,955 INFO     ___FILE_ONLY___ 
        "name": "x86_64"
2022-11-02 20:11:47,955 INFO     ___FILE_ONLY___ 
      },
2022-11-02 20:11:47,955 INFO     ___FILE_ONLY___ 
      "operating_system": {
2022-11-02 20:11:47,955 INFO     ___FILE_ONLY___ 
        "file_name": "darwin",
2022-11-02 20:11:47,955 INFO     ___FILE_ONLY___ 
        "id": "MACOSX",
2022-11-02 20:11:47,956 INFO     ___FILE_ONLY___ 
        "name": "Mac OS X"
2022-11-02 20:11:47,956 INFO     ___FILE_ONLY___ 
      }
2022-11-02 20:11:47,956 INFO     ___FILE_ONLY___ 
    },
2022-11-02 20:11:47,956 INFO     ___FILE_ONLY___ 
    "platform_required": false,
2022-11-02 20:11:47,956 INFO     ___FILE_ONLY___ 
    "size": 21183974,
2022-11-02 20:11:47,956 INFO     ___FILE_ONLY___ 
    "state": {
2022-11-02 20:11:47,956 INFO     ___FILE_ONLY___ 
      "name": "Not Installed"
2022-11-02 20:11:47,957 INFO     ___FILE_ONLY___ 
    }
2022-11-02 20:11:47,957 INFO     ___FILE_ONLY___ 
  }
2022-11-02 20:11:47,957 INFO     ___FILE_ONLY___ ,
  {
2022-11-02 20:11:47,958 INFO     ___FILE_ONLY___ 
    "current_version_string": null,
2022-11-02 20:11:47,958 INFO     ___FILE_ONLY___ 
    "id": "config-connector",
2022-11-02 20:11:47,958 INFO     ___FILE_ONLY___ 
    "is_configuration": false,
2022-11-02 20:11:47,958 INFO     ___FILE_ONLY___ 
    "is_hidden": false,
2022-11-02 20:11:47,958 INFO     ___FILE_ONLY___ 
    "latest_version_string": "1.93.0",
2022-11-02 20:11:47,958 INFO     ___FILE_ONLY___ 
    "name": "config-connector",
2022-11-02 20:11:47,958 INFO     ___FILE_ONLY___ 
    "platform": {
2022-11-02 20:11:47,958 INFO     ___FILE_ONLY___ 
      "architecture": {
2022-11-02 20:11:47,959 INFO     ___FILE_ONLY___ 
        "file_name": "x86_64",
2022-11-02 20:11:47,959 INFO     ___FILE_ONLY___ 
        "id": "x86_64",
2022-11-02 20:11:47,959 INFO     ___FILE_ONLY___ 
        "name": "x86_64"
2022-11-02 20:11:47,959 INFO     ___FILE_ONLY___ 
      },
2022-11-02 20:11:47,959 INFO     ___FILE_ONLY___ 
      "operating_system": {
2022-11-02 20:11:47,959 INFO     ___FILE_ONLY___ 
        "file_name": "darwin",
2022-11-02 20:11:47,959 INFO     ___FILE_ONLY___ 
        "id": "MACOSX",
2022-11-02 20:11:47,959 INFO     ___FILE_ONLY___ 
        "name": "Mac OS X"
2022-11-02 20:11:47,959 INFO     ___FILE_ONLY___ 
      }
2022-11-02 20:11:47,960 INFO     ___FILE_ONLY___ 
    },
2022-11-02 20:11:47,960 INFO     ___FILE_ONLY___ 
    "platform_required": false,
2022-11-02 20:11:47,960 INFO     ___FILE_ONLY___ 
    "size": 59915703,
2022-11-02 20:11:47,960 INFO     ___FILE_ONLY___ 
    "state": {
2022-11-02 20:11:47,960 INFO     ___FILE_ONLY___ 
      "name": "Not Installed"
2022-11-02 20:11:47,960 INFO     ___FILE_ONLY___ 
    }
2022-11-02 20:11:47,960 INFO     ___FILE_ONLY___ 
  }
2022-11-02 20:11:47,961 INFO     ___FILE_ONLY___ ,
  {
2022-11-02 20:11:47,961 INFO     ___FILE_ONLY___ 
    "current_version_string": null,
2022-11-02 20:11:47,961 INFO     ___FILE_ONLY___ 
    "id": "app-engine-java",
2022-11-02 20:11:47,961 INFO     ___FILE_ONLY___ 
    "is_configuration": false,
2022-11-02 20:11:47,961 INFO     ___FILE_ONLY___ 
    "is_hidden": false,
2022-11-02 20:11:47,962 INFO     ___FILE_ONLY___ 
    "latest_version_string": "2.0.9",
2022-11-02 20:11:47,962 INFO     ___FILE_ONLY___ 
    "name": "gcloud app Java Extensions",
2022-11-02 20:11:47,962 INFO     ___FILE_ONLY___ 
    "platform": {
2022-11-02 20:11:47,962 INFO     ___FILE_ONLY___ 
      "architecture": {
2022-11-02 20:11:47,962 INFO     ___FILE_ONLY___ 
        "file_name": "x86_64",
2022-11-02 20:11:47,962 INFO     ___FILE_ONLY___ 
        "id": "x86_64",
2022-11-02 20:11:47,962 INFO     ___FILE_ONLY___ 
        "name": "x86_64"
2022-11-02 20:11:47,962 INFO     ___FILE_ONLY___ 
      },
2022-11-02 20:11:47,962 INFO     ___FILE_ONLY___ 
      "operating_system": {
2022-11-02 20:11:47,963 INFO     ___FILE_ONLY___ 
        "file_name": "darwin",
2022-11-02 20:11:47,963 INFO     ___FILE_ONLY___ 
        "id": "MACOSX",
2022-11-02 20:11:47,963 INFO     ___FILE_ONLY___ 
        "name": "Mac OS X"
2022-11-02 20:11:47,963 INFO     ___FILE_ONLY___ 
      }
2022-11-02 20:11:47,963 INFO     ___FILE_ONLY___ 
    },
2022-11-02 20:11:47,963 INFO     ___FILE_ONLY___ 
    "platform_required": false,
2022-11-02 20:11:47,963 INFO     ___FILE_ONLY___ 
    "size": 67584086,
2022-11-02 20:11:47,963 INFO     ___FILE_ONLY___ 
    "state": {
2022-11-02 20:11:47,964 INFO     ___FILE_ONLY___ 
      "name": "Not Installed"
2022-11-02 20:11:47,964 INFO     ___FILE_ONLY___ 
    }
2022-11-02 20:11:47,964 INFO     ___FILE_ONLY___ 
  }
2022-11-02 20:11:47,964 INFO     ___FILE_ONLY___ ,
  {
2022-11-02 20:11:47,965 INFO     ___FILE_ONLY___ 
    "current_version_string": null,
2022-11-02 20:11:47,965 INFO     ___FILE_ONLY___ 
    "id": "app-engine-php",
2022-11-02 20:11:47,965 INFO     ___FILE_ONLY___ 
    "is_configuration": false,
2022-11-02 20:11:47,965 INFO     ___FILE_ONLY___ 
    "is_hidden": false,
2022-11-02 20:11:47,965 INFO     ___FILE_ONLY___ 
    "latest_version_string": "",
2022-11-02 20:11:47,965 INFO     ___FILE_ONLY___ 
    "name": "gcloud app PHP Extensions",
2022-11-02 20:11:47,965 INFO     ___FILE_ONLY___ 
    "platform": {
2022-11-02 20:11:47,965 INFO     ___FILE_ONLY___ 
      "architecture": {
2022-11-02 20:11:47,966 INFO     ___FILE_ONLY___ 
        "file_name": "x86_64",
2022-11-02 20:11:47,966 INFO     ___FILE_ONLY___ 
        "id": "x86_64",
2022-11-02 20:11:47,966 INFO     ___FILE_ONLY___ 
        "name": "x86_64"
2022-11-02 20:11:47,967 INFO     ___FILE_ONLY___ 
      },
2022-11-02 20:11:47,967 INFO     ___FILE_ONLY___ 
      "operating_system": {
2022-11-02 20:11:47,967 INFO     ___FILE_ONLY___ 
        "file_name": "darwin",
2022-11-02 20:11:47,967 INFO     ___FILE_ONLY___ 
        "id": "MACOSX",
2022-11-02 20:11:47,967 INFO     ___FILE_ONLY___ 
        "name": "Mac OS X"
2022-11-02 20:11:47,968 INFO     ___FILE_ONLY___ 
      }
2022-11-02 20:11:47,968 INFO     ___FILE_ONLY___ 
    },
2022-11-02 20:11:47,968 INFO     ___FILE_ONLY___ 
    "platform_required": false,
2022-11-02 20:11:47,968 INFO     ___FILE_ONLY___ 
    "size": 22985548,
2022-11-02 20:11:47,968 INFO     ___FILE_ONLY___ 
    "state": {
2022-11-02 20:11:47,968 INFO     ___FILE_ONLY___ 
      "name": "Not Installed"
2022-11-02 20:11:47,968 INFO     ___FILE_ONLY___ 
    }
2022-11-02 20:11:47,968 INFO     ___FILE_ONLY___ 
  }
2022-11-02 20:11:47,969 INFO     ___FILE_ONLY___ ,
  {
2022-11-02 20:11:47,969 INFO     ___FILE_ONLY___ 
    "current_version_string": null,
2022-11-02 20:11:47,969 INFO     ___FILE_ONLY___ 
    "id": "app-engine-python",
2022-11-02 20:11:47,969 INFO     ___FILE_ONLY___ 
    "is_configuration": false,
2022-11-02 20:11:47,970 INFO     ___FILE_ONLY___ 
    "is_hidden": false,
2022-11-02 20:11:47,970 INFO     ___FILE_ONLY___ 
    "latest_version_string": "1.9.101",
2022-11-02 20:11:47,970 INFO     ___FILE_ONLY___ 
    "name": "gcloud app Python Extensions",
2022-11-02 20:11:47,970 INFO     ___FILE_ONLY___ 
    "platform": {
2022-11-02 20:11:47,970 INFO     ___FILE_ONLY___ 
      "architecture": {
2022-11-02 20:11:47,970 INFO     ___FILE_ONLY___ 
        "file_name": "x86_64",
2022-11-02 20:11:47,970 INFO     ___FILE_ONLY___ 
        "id": "x86_64",
2022-11-02 20:11:47,970 INFO     ___FILE_ONLY___ 
        "name": "x86_64"
2022-11-02 20:11:47,970 INFO     ___FILE_ONLY___ 
      },
2022-11-02 20:11:47,971 INFO     ___FILE_ONLY___ 
      "operating_system": {
2022-11-02 20:11:47,971 INFO     ___FILE_ONLY___ 
        "file_name": "darwin",
2022-11-02 20:11:47,971 INFO     ___FILE_ONLY___ 
        "id": "MACOSX",
2022-11-02 20:11:47,971 INFO     ___FILE_ONLY___ 
        "name": "Mac OS X"
2022-11-02 20:11:47,971 INFO     ___FILE_ONLY___ 
      }
2022-11-02 20:11:47,971 INFO     ___FILE_ONLY___ 
    },
2022-11-02 20:11:47,971 INFO     ___FILE_ONLY___ 
    "platform_required": false,
2022-11-02 20:11:47,971 INFO     ___FILE_ONLY___ 
    "size": 9044876,
2022-11-02 20:11:47,971 INFO     ___FILE_ONLY___ 
    "state": {
2022-11-02 20:11:47,972 INFO     ___FILE_ONLY___ 
      "name": "Not Installed"
2022-11-02 20:11:47,972 INFO     ___FILE_ONLY___ 
    }
2022-11-02 20:11:47,972 INFO     ___FILE_ONLY___ 
  }
2022-11-02 20:11:47,973 INFO     ___FILE_ONLY___ ,
  {
2022-11-02 20:11:47,973 INFO     ___FILE_ONLY___ 
    "current_version_string": null,
2022-11-02 20:11:47,973 INFO     ___FILE_ONLY___ 
    "id": "app-engine-python-extras",
2022-11-02 20:11:47,973 INFO     ___FILE_ONLY___ 
    "is_configuration": false,
2022-11-02 20:11:47,973 INFO     ___FILE_ONLY___ 
    "is_hidden": false,
2022-11-02 20:11:47,973 INFO     ___FILE_ONLY___ 
    "latest_version_string": "1.9.96",
2022-11-02 20:11:47,973 INFO     ___FILE_ONLY___ 
    "name": "gcloud app Python Extensions (Extra Libraries)",
2022-11-02 20:11:47,973 INFO     ___FILE_ONLY___ 
    "platform": {
2022-11-02 20:11:47,973 INFO     ___FILE_ONLY___ 
      "architecture": {
2022-11-02 20:11:47,974 INFO     ___FILE_ONLY___ 
        "file_name": "x86_64",
2022-11-02 20:11:47,974 INFO     ___FILE_ONLY___ 
        "id": "x86_64",
2022-11-02 20:11:47,974 INFO     ___FILE_ONLY___ 
        "name": "x86_64"
2022-11-02 20:11:47,974 INFO     ___FILE_ONLY___ 
      },
2022-11-02 20:11:47,974 INFO     ___FILE_ONLY___ 
      "operating_system": {
2022-11-02 20:11:47,974 INFO     ___FILE_ONLY___ 
        "file_name": "darwin",
2022-11-02 20:11:47,974 INFO     ___FILE_ONLY___ 
        "id": "MACOSX",
2022-11-02 20:11:47,974 INFO     ___FILE_ONLY___ 
        "name": "Mac OS X"
2022-11-02 20:11:47,975 INFO     ___FILE_ONLY___ 
      }
2022-11-02 20:11:47,975 INFO     ___FILE_ONLY___ 
    },
2022-11-02 20:11:47,975 INFO     ___FILE_ONLY___ 
    "platform_required": false,
2022-11-02 20:11:47,976 INFO     ___FILE_ONLY___ 
    "size": 27709995,
2022-11-02 20:11:47,976 INFO     ___FILE_ONLY___ 
    "state": {
2022-11-02 20:11:47,976 INFO     ___FILE_ONLY___ 
      "name": "Not Installed"
2022-11-02 20:11:47,976 INFO     ___FILE_ONLY___ 
    }
2022-11-02 20:11:47,976 INFO     ___FILE_ONLY___ 
  }
2022-11-02 20:11:47,977 INFO     ___FILE_ONLY___ ,
  {
2022-11-02 20:11:47,977 INFO     ___FILE_ONLY___ 
    "current_version_string": null,
2022-11-02 20:11:47,977 INFO     ___FILE_ONLY___ 
    "id": "kpt",
2022-11-02 20:11:47,977 INFO     ___FILE_ONLY___ 
    "is_configuration": false,
2022-11-02 20:11:47,977 INFO     ___FILE_ONLY___ 
    "is_hidden": false,
2022-11-02 20:11:47,977 INFO     ___FILE_ONLY___ 
    "latest_version_string": "1.0.0-beta.19",
2022-11-02 20:11:47,978 INFO     ___FILE_ONLY___ 
    "name": "kpt",
2022-11-02 20:11:47,978 INFO     ___FILE_ONLY___ 
    "platform": {
2022-11-02 20:11:47,978 INFO     ___FILE_ONLY___ 
      "architecture": {
2022-11-02 20:11:47,978 INFO     ___FILE_ONLY___ 
        "file_name": "x86_64",
2022-11-02 20:11:47,978 INFO     ___FILE_ONLY___ 
        "id": "x86_64",
2022-11-02 20:11:47,978 INFO     ___FILE_ONLY___ 
        "name": "x86_64"
2022-11-02 20:11:47,978 INFO     ___FILE_ONLY___ 
      },
2022-11-02 20:11:47,980 INFO     ___FILE_ONLY___ 
      "operating_system": {
2022-11-02 20:11:47,980 INFO     ___FILE_ONLY___ 
        "file_name": "darwin",
2022-11-02 20:11:47,981 INFO     ___FILE_ONLY___ 
        "id": "MACOSX",
2022-11-02 20:11:47,981 INFO     ___FILE_ONLY___ 
        "name": "Mac OS X"
2022-11-02 20:11:47,981 INFO     ___FILE_ONLY___ 
      }
2022-11-02 20:11:47,981 INFO     ___FILE_ONLY___ 
    },
2022-11-02 20:11:47,981 INFO     ___FILE_ONLY___ 
    "platform_required": false,
2022-11-02 20:11:47,981 INFO     ___FILE_ONLY___ 
    "size": 13550512,
2022-11-02 20:11:47,981 INFO     ___FILE_ONLY___ 
    "state": {
2022-11-02 20:11:47,981 INFO     ___FILE_ONLY___ 
      "name": "Not Installed"
2022-11-02 20:11:47,981 INFO     ___FILE_ONLY___ 
    }
2022-11-02 20:11:47,982 INFO     ___FILE_ONLY___ 
  }
2022-11-02 20:11:47,983 INFO     ___FILE_ONLY___ ,
  {
2022-11-02 20:11:47,983 INFO     ___FILE_ONLY___ 
    "current_version_string": null,
2022-11-02 20:11:47,983 INFO     ___FILE_ONLY___ 
    "id": "kubectl-oidc",
2022-11-02 20:11:47,983 INFO     ___FILE_ONLY___ 
    "is_configuration": false,
2022-11-02 20:11:47,983 INFO     ___FILE_ONLY___ 
    "is_hidden": false,
2022-11-02 20:11:47,983 INFO     ___FILE_ONLY___ 
    "latest_version_string": "1.4.4",
2022-11-02 20:11:47,983 INFO     ___FILE_ONLY___ 
    "name": "kubectl-oidc",
2022-11-02 20:11:47,983 INFO     ___FILE_ONLY___ 
    "platform": {
2022-11-02 20:11:47,984 INFO     ___FILE_ONLY___ 
      "architecture": {
2022-11-02 20:11:47,984 INFO     ___FILE_ONLY___ 
        "file_name": "x86_64",
2022-11-02 20:11:47,984 INFO     ___FILE_ONLY___ 
        "id": "x86_64",
2022-11-02 20:11:47,984 INFO     ___FILE_ONLY___ 
        "name": "x86_64"
2022-11-02 20:11:47,984 INFO     ___FILE_ONLY___ 
      },
2022-11-02 20:11:47,984 INFO     ___FILE_ONLY___ 
      "operating_system": {
2022-11-02 20:11:47,984 INFO     ___FILE_ONLY___ 
        "file_name": "darwin",
2022-11-02 20:11:47,984 INFO     ___FILE_ONLY___ 
        "id": "MACOSX",
2022-11-02 20:11:47,985 INFO     ___FILE_ONLY___ 
        "name": "Mac OS X"
2022-11-02 20:11:47,985 INFO     ___FILE_ONLY___ 
      }
2022-11-02 20:11:47,985 INFO     ___FILE_ONLY___ 
    },
2022-11-02 20:11:47,985 INFO     ___FILE_ONLY___ 
    "platform_required": false,
2022-11-02 20:11:47,985 INFO     ___FILE_ONLY___ 
    "size": 21183987,
2022-11-02 20:11:47,985 INFO     ___FILE_ONLY___ 
    "state": {
2022-11-02 20:11:47,985 INFO     ___FILE_ONLY___ 
      "name": "Not Installed"
2022-11-02 20:11:47,985 INFO     ___FILE_ONLY___ 
    }
2022-11-02 20:11:47,985 INFO     ___FILE_ONLY___ 
  }
2022-11-02 20:11:47,986 INFO     ___FILE_ONLY___ ,
  {
2022-11-02 20:11:47,986 INFO     ___FILE_ONLY___ 
    "current_version_string": null,
2022-11-02 20:11:47,986 INFO     ___FILE_ONLY___ 
    "id": "pkg",
2022-11-02 20:11:47,987 INFO     ___FILE_ONLY___ 
    "is_configuration": false,
2022-11-02 20:11:47,987 INFO     ___FILE_ONLY___ 
    "is_hidden": false,
2022-11-02 20:11:47,987 INFO     ___FILE_ONLY___ 
    "latest_version_string": "",
2022-11-02 20:11:47,987 INFO     ___FILE_ONLY___ 
    "name": "pkg",
2022-11-02 20:11:47,987 INFO     ___FILE_ONLY___ 
    "platform": {
2022-11-02 20:11:47,987 INFO     ___FILE_ONLY___ 
      "architecture": {
2022-11-02 20:11:47,987 INFO     ___FILE_ONLY___ 
        "file_name": "x86_64",
2022-11-02 20:11:47,987 INFO     ___FILE_ONLY___ 
        "id": "x86_64",
2022-11-02 20:11:47,988 INFO     ___FILE_ONLY___ 
        "name": "x86_64"
2022-11-02 20:11:47,988 INFO     ___FILE_ONLY___ 
      },
2022-11-02 20:11:47,988 INFO     ___FILE_ONLY___ 
      "operating_system": {
2022-11-02 20:11:47,988 INFO     ___FILE_ONLY___ 
        "file_name": "darwin",
2022-11-02 20:11:47,988 INFO     ___FILE_ONLY___ 
        "id": "MACOSX",
2022-11-02 20:11:47,988 INFO     ___FILE_ONLY___ 
        "name": "Mac OS X"
2022-11-02 20:11:47,988 INFO     ___FILE_ONLY___ 
      }
2022-11-02 20:11:47,988 INFO     ___FILE_ONLY___ 
    },
2022-11-02 20:11:47,988 INFO     ___FILE_ONLY___ 
    "platform_required": false,
2022-11-02 20:11:47,989 INFO     ___FILE_ONLY___ 
    "size": 0,
2022-11-02 20:11:47,989 INFO     ___FILE_ONLY___ 
    "state": {
2022-11-02 20:11:47,989 INFO     ___FILE_ONLY___ 
      "name": "Not Installed"
2022-11-02 20:11:47,989 INFO     ___FILE_ONLY___ 
    }
2022-11-02 20:11:47,989 INFO     ___FILE_ONLY___ 
  }
2022-11-02 20:11:47,990 INFO     ___FILE_ONLY___ ,
  {
2022-11-02 20:11:47,990 INFO     ___FILE_ONLY___ 
    "current_version_string": "2.0.81",
2022-11-02 20:11:47,990 INFO     ___FILE_ONLY___ 
    "id": "bq",
2022-11-02 20:11:47,990 INFO     ___FILE_ONLY___ 
    "is_configuration": false,
2022-11-02 20:11:47,990 INFO     ___FILE_ONLY___ 
    "is_hidden": false,
2022-11-02 20:11:47,991 INFO     ___FILE_ONLY___ 
    "latest_version_string": "2.0.81",
2022-11-02 20:11:47,991 INFO     ___FILE_ONLY___ 
    "name": "BigQuery Command Line Tool",
2022-11-02 20:11:47,991 INFO     ___FILE_ONLY___ 
    "platform": {
2022-11-02 20:11:47,991 INFO     ___FILE_ONLY___ 
      "architecture": {
2022-11-02 20:11:47,991 INFO     ___FILE_ONLY___ 
        "file_name": "x86_64",
2022-11-02 20:11:47,991 INFO     ___FILE_ONLY___ 
        "id": "x86_64",
2022-11-02 20:11:47,991 INFO     ___FILE_ONLY___ 
        "name": "x86_64"
2022-11-02 20:11:47,992 INFO     ___FILE_ONLY___ 
      },
2022-11-02 20:11:47,992 INFO     ___FILE_ONLY___ 
      "operating_system": {
2022-11-02 20:11:47,992 INFO     ___FILE_ONLY___ 
        "file_name": "darwin",
2022-11-02 20:11:47,992 INFO     ___FILE_ONLY___ 
        "id": "MACOSX",
2022-11-02 20:11:47,992 INFO     ___FILE_ONLY___ 
        "name": "Mac OS X"
2022-11-02 20:11:47,992 INFO     ___FILE_ONLY___ 
      }
2022-11-02 20:11:47,992 INFO     ___FILE_ONLY___ 
    },
2022-11-02 20:11:47,993 INFO     ___FILE_ONLY___ 
    "platform_required": false,
2022-11-02 20:11:47,993 INFO     ___FILE_ONLY___ 
    "size": 1690545,
2022-11-02 20:11:47,993 INFO     ___FILE_ONLY___ 
    "state": {
2022-11-02 20:11:47,993 INFO     ___FILE_ONLY___ 
      "name": "Installed"
2022-11-02 20:11:47,993 INFO     ___FILE_ONLY___ 
    }
2022-11-02 20:11:47,994 INFO     ___FILE_ONLY___ 
  }
2022-11-02 20:11:47,995 INFO     ___FILE_ONLY___ ,
  {
2022-11-02 20:11:47,995 INFO     ___FILE_ONLY___ 
    "current_version_string": "5.16",
2022-11-02 20:11:47,995 INFO     ___FILE_ONLY___ 
    "id": "gsutil",
2022-11-02 20:11:47,995 INFO     ___FILE_ONLY___ 
    "is_configuration": false,
2022-11-02 20:11:47,995 INFO     ___FILE_ONLY___ 
    "is_hidden": false,
2022-11-02 20:11:47,995 INFO     ___FILE_ONLY___ 
    "latest_version_string": "5.16",
2022-11-02 20:11:47,995 INFO     ___FILE_ONLY___ 
    "name": "Cloud Storage Command Line Tool",
2022-11-02 20:11:47,995 INFO     ___FILE_ONLY___ 
    "platform": {
2022-11-02 20:11:47,996 INFO     ___FILE_ONLY___ 
      "architecture": {
2022-11-02 20:11:47,996 INFO     ___FILE_ONLY___ 
        "file_name": "x86_64",
2022-11-02 20:11:47,996 INFO     ___FILE_ONLY___ 
        "id": "x86_64",
2022-11-02 20:11:47,996 INFO     ___FILE_ONLY___ 
        "name": "x86_64"
2022-11-02 20:11:47,996 INFO     ___FILE_ONLY___ 
      },
2022-11-02 20:11:47,996 INFO     ___FILE_ONLY___ 
      "operating_system": {
2022-11-02 20:11:47,997 INFO     ___FILE_ONLY___ 
        "file_name": "darwin",
2022-11-02 20:11:47,997 INFO     ___FILE_ONLY___ 
        "id": "MACOSX",
2022-11-02 20:11:47,997 INFO     ___FILE_ONLY___ 
        "name": "Mac OS X"
2022-11-02 20:11:47,997 INFO     ___FILE_ONLY___ 
      }
2022-11-02 20:11:47,997 INFO     ___FILE_ONLY___ 
    },
2022-11-02 20:11:47,998 INFO     ___FILE_ONLY___ 
    "platform_required": false,
2022-11-02 20:11:47,998 INFO     ___FILE_ONLY___ 
    "size": 16295859,
2022-11-02 20:11:47,998 INFO     ___FILE_ONLY___ 
    "state": {
2022-11-02 20:11:47,998 INFO     ___FILE_ONLY___ 
      "name": "Installed"
2022-11-02 20:11:47,998 INFO     ___FILE_ONLY___ 
    }
2022-11-02 20:11:47,998 INFO     ___FILE_ONLY___ 
  }
2022-11-02 20:11:47,999 INFO     ___FILE_ONLY___ ,
  {
2022-11-02 20:11:47,999 INFO     ___FILE_ONLY___ 
    "current_version_string": "2022.11.01",
2022-11-02 20:11:47,999 INFO     ___FILE_ONLY___ 
    "id": "core",
2022-11-02 20:11:47,999 INFO     ___FILE_ONLY___ 
    "is_configuration": false,
2022-11-02 20:11:47,999 INFO     ___FILE_ONLY___ 
    "is_hidden": false,
2022-11-02 20:11:47,999 INFO     ___FILE_ONLY___ 
    "latest_version_string": "2022.11.01",
2022-11-02 20:11:48,000 INFO     ___FILE_ONLY___ 
    "name": "Google Cloud CLI Core Libraries",
2022-11-02 20:11:48,000 INFO     ___FILE_ONLY___ 
    "platform": {
2022-11-02 20:11:48,000 INFO     ___FILE_ONLY___ 
      "architecture": {
2022-11-02 20:11:48,000 INFO     ___FILE_ONLY___ 
        "file_name": "x86_64",
2022-11-02 20:11:48,000 INFO     ___FILE_ONLY___ 
        "id": "x86_64",
2022-11-02 20:11:48,000 INFO     ___FILE_ONLY___ 
        "name": "x86_64"
2022-11-02 20:11:48,000 INFO     ___FILE_ONLY___ 
      },
2022-11-02 20:11:48,000 INFO     ___FILE_ONLY___ 
      "operating_system": {
2022-11-02 20:11:48,000 INFO     ___FILE_ONLY___ 
        "file_name": "darwin",
2022-11-02 20:11:48,001 INFO     ___FILE_ONLY___ 
        "id": "MACOSX",
2022-11-02 20:11:48,001 INFO     ___FILE_ONLY___ 
        "name": "Mac OS X"
2022-11-02 20:11:48,001 INFO     ___FILE_ONLY___ 
      }
2022-11-02 20:11:48,001 INFO     ___FILE_ONLY___ 
    },
2022-11-02 20:11:48,001 INFO     ___FILE_ONLY___ 
    "platform_required": false,
2022-11-02 20:11:48,001 INFO     ___FILE_ONLY___ 
    "size": 26335483,
2022-11-02 20:11:48,001 INFO     ___FILE_ONLY___ 
    "state": {
2022-11-02 20:11:48,001 INFO     ___FILE_ONLY___ 
      "name": "Installed"
2022-11-02 20:11:48,002 INFO     ___FILE_ONLY___ 
    }
2022-11-02 20:11:48,002 INFO     ___FILE_ONLY___ 
  }
2022-11-02 20:11:48,002 INFO     ___FILE_ONLY___ ,
  {
2022-11-02 20:11:48,003 INFO     ___FILE_ONLY___ 
    "current_version_string": "1.0.0",
2022-11-02 20:11:48,003 INFO     ___FILE_ONLY___ 
    "id": "gcloud-crc32c",
2022-11-02 20:11:48,003 INFO     ___FILE_ONLY___ 
    "is_configuration": false,
2022-11-02 20:11:48,003 INFO     ___FILE_ONLY___ 
    "is_hidden": false,
2022-11-02 20:11:48,004 INFO     ___FILE_ONLY___ 
    "latest_version_string": "1.0.0",
2022-11-02 20:11:48,004 INFO     ___FILE_ONLY___ 
    "name": "Google Cloud CRC32C Hash Tool",
2022-11-02 20:11:48,004 INFO     ___FILE_ONLY___ 
    "platform": {
2022-11-02 20:11:48,004 INFO     ___FILE_ONLY___ 
      "architecture": {
2022-11-02 20:11:48,004 INFO     ___FILE_ONLY___ 
        "file_name": "x86_64",
2022-11-02 20:11:48,004 INFO     ___FILE_ONLY___ 
        "id": "x86_64",
2022-11-02 20:11:48,005 INFO     ___FILE_ONLY___ 
        "name": "x86_64"
2022-11-02 20:11:48,005 INFO     ___FILE_ONLY___ 
      },
2022-11-02 20:11:48,005 INFO     ___FILE_ONLY___ 
      "operating_system": {
2022-11-02 20:11:48,005 INFO     ___FILE_ONLY___ 
        "file_name": "darwin",
2022-11-02 20:11:48,005 INFO     ___FILE_ONLY___ 
        "id": "MACOSX",
2022-11-02 20:11:48,005 INFO     ___FILE_ONLY___ 
        "name": "Mac OS X"
2022-11-02 20:11:48,006 INFO     ___FILE_ONLY___ 
      }
2022-11-02 20:11:48,006 INFO     ___FILE_ONLY___ 
    },
2022-11-02 20:11:48,006 INFO     ___FILE_ONLY___ 
    "platform_required": false,
2022-11-02 20:11:48,006 INFO     ___FILE_ONLY___ 
    "size": 1250758,
2022-11-02 20:11:48,006 INFO     ___FILE_ONLY___ 
    "state": {
2022-11-02 20:11:48,006 INFO     ___FILE_ONLY___ 
      "name": "Installed"
2022-11-02 20:11:48,006 INFO     ___FILE_ONLY___ 
    }
2022-11-02 20:11:48,007 INFO     ___FILE_ONLY___ 
  }
2022-11-02 20:11:48,008 INFO     ___FILE_ONLY___ ,
  {
2022-11-02 20:11:48,008 INFO     ___FILE_ONLY___ 
    "current_version_string": "1.27.0",
2022-11-02 20:11:48,008 INFO     ___FILE_ONLY___ 
    "id": "minikube",
2022-11-02 20:11:48,008 INFO     ___FILE_ONLY___ 
    "is_configuration": false,
2022-11-02 20:11:48,008 INFO     ___FILE_ONLY___ 
    "is_hidden": false,
2022-11-02 20:11:48,008 INFO     ___FILE_ONLY___ 
    "latest_version_string": "1.27.0",
2022-11-02 20:11:48,008 INFO     ___FILE_ONLY___ 
    "name": "Minikube",
2022-11-02 20:11:48,008 INFO     ___FILE_ONLY___ 
    "platform": {
2022-11-02 20:11:48,009 INFO     ___FILE_ONLY___ 
      "architecture": {
2022-11-02 20:11:48,009 INFO     ___FILE_ONLY___ 
        "file_name": "x86_64",
2022-11-02 20:11:48,009 INFO     ___FILE_ONLY___ 
        "id": "x86_64",
2022-11-02 20:11:48,009 INFO     ___FILE_ONLY___ 
        "name": "x86_64"
2022-11-02 20:11:48,009 INFO     ___FILE_ONLY___ 
      },
2022-11-02 20:11:48,009 INFO     ___FILE_ONLY___ 
      "operating_system": {
2022-11-02 20:11:48,009 INFO     ___FILE_ONLY___ 
        "file_name": "darwin",
2022-11-02 20:11:48,009 INFO     ___FILE_ONLY___ 
        "id": "MACOSX",
2022-11-02 20:11:48,009 INFO     ___FILE_ONLY___ 
        "name": "Mac OS X"
2022-11-02 20:11:48,010 INFO     ___FILE_ONLY___ 
      }
2022-11-02 20:11:48,010 INFO     ___FILE_ONLY___ 
    },
2022-11-02 20:11:48,010 INFO     ___FILE_ONLY___ 
    "platform_required": false,
2022-11-02 20:11:48,010 INFO     ___FILE_ONLY___ 
    "size": 32365761,
2022-11-02 20:11:48,010 INFO     ___FILE_ONLY___ 
    "state": {
2022-11-02 20:11:48,010 INFO     ___FILE_ONLY___ 
      "name": "Installed"
2022-11-02 20:11:48,010 INFO     ___FILE_ONLY___ 
    }
2022-11-02 20:11:48,010 INFO     ___FILE_ONLY___ 
  }
2022-11-02 20:11:48,011 INFO     ___FILE_ONLY___ ,
  {
2022-11-02 20:11:48,011 INFO     ___FILE_ONLY___ 
    "current_version_string": "1.39.3",
2022-11-02 20:11:48,012 INFO     ___FILE_ONLY___ 
    "id": "skaffold",
2022-11-02 20:11:48,012 INFO     ___FILE_ONLY___ 
    "is_configuration": false,
2022-11-02 20:11:48,012 INFO     ___FILE_ONLY___ 
    "is_hidden": false,
2022-11-02 20:11:48,012 INFO     ___FILE_ONLY___ 
    "latest_version_string": "1.39.3",
2022-11-02 20:11:48,012 INFO     ___FILE_ONLY___ 
    "name": "Skaffold",
2022-11-02 20:11:48,012 INFO     ___FILE_ONLY___ 
    "platform": {
2022-11-02 20:11:48,012 INFO     ___FILE_ONLY___ 
      "architecture": {
2022-11-02 20:11:48,012 INFO     ___FILE_ONLY___ 
        "file_name": "x86_64",
2022-11-02 20:11:48,012 INFO     ___FILE_ONLY___ 
        "id": "x86_64",
2022-11-02 20:11:48,013 INFO     ___FILE_ONLY___ 
        "name": "x86_64"
2022-11-02 20:11:48,013 INFO     ___FILE_ONLY___ 
      },
2022-11-02 20:11:48,013 INFO     ___FILE_ONLY___ 
      "operating_system": {
2022-11-02 20:11:48,013 INFO     ___FILE_ONLY___ 
        "file_name": "darwin",
2022-11-02 20:11:48,013 INFO     ___FILE_ONLY___ 
        "id": "MACOSX",
2022-11-02 20:11:48,013 INFO     ___FILE_ONLY___ 
        "name": "Mac OS X"
2022-11-02 20:11:48,013 INFO     ___FILE_ONLY___ 
      }
2022-11-02 20:11:48,014 INFO     ___FILE_ONLY___ 
    },
2022-11-02 20:11:48,014 INFO     ___FILE_ONLY___ 
    "platform_required": false,
2022-11-02 20:11:48,014 INFO     ___FILE_ONLY___ 
    "size": 22301645,
2022-11-02 20:11:48,014 INFO     ___FILE_ONLY___ 
    "state": {
2022-11-02 20:11:48,014 INFO     ___FILE_ONLY___ 
      "name": "Installed"
2022-11-02 20:11:48,014 INFO     ___FILE_ONLY___ 
    }
2022-11-02 20:11:48,014 INFO     ___FILE_ONLY___ 
  }
2022-11-02 20:11:48,015 INFO     ___FILE_ONLY___ ,
  {
2022-11-02 20:11:48,015 INFO     ___FILE_ONLY___ 
    "current_version_string": "2022.11.01",
2022-11-02 20:11:48,015 INFO     ___FILE_ONLY___ 
    "id": "alpha",
2022-11-02 20:11:48,016 INFO     ___FILE_ONLY___ 
    "is_configuration": false,
2022-11-02 20:11:48,016 INFO     ___FILE_ONLY___ 
    "is_hidden": false,
2022-11-02 20:11:48,016 INFO     ___FILE_ONLY___ 
    "latest_version_string": "2022.11.01",
2022-11-02 20:11:48,016 INFO     ___FILE_ONLY___ 
    "name": "gcloud Alpha Commands",
2022-11-02 20:11:48,016 INFO     ___FILE_ONLY___ 
    "platform": {
2022-11-02 20:11:48,016 INFO     ___FILE_ONLY___ 
      "architecture": {
2022-11-02 20:11:48,016 INFO     ___FILE_ONLY___ 
        "file_name": "x86_64",
2022-11-02 20:11:48,016 INFO     ___FILE_ONLY___ 
        "id": "x86_64",
2022-11-02 20:11:48,016 INFO     ___FILE_ONLY___ 
        "name": "x86_64"
2022-11-02 20:11:48,016 INFO     ___FILE_ONLY___ 
      },
2022-11-02 20:11:48,017 INFO     ___FILE_ONLY___ 
      "operating_system": {
2022-11-02 20:11:48,017 INFO     ___FILE_ONLY___ 
        "file_name": "darwin",
2022-11-02 20:11:48,017 INFO     ___FILE_ONLY___ 
        "id": "MACOSX",
2022-11-02 20:11:48,017 INFO     ___FILE_ONLY___ 
        "name": "Mac OS X"
2022-11-02 20:11:48,017 INFO     ___FILE_ONLY___ 
      }
2022-11-02 20:11:48,017 INFO     ___FILE_ONLY___ 
    },
2022-11-02 20:11:48,017 INFO     ___FILE_ONLY___ 
    "platform_required": false,
2022-11-02 20:11:48,017 INFO     ___FILE_ONLY___ 
    "size": 800,
2022-11-02 20:11:48,017 INFO     ___FILE_ONLY___ 
    "state": {
2022-11-02 20:11:48,017 INFO     ___FILE_ONLY___ 
      "name": "Installed"
2022-11-02 20:11:48,017 INFO     ___FILE_ONLY___ 
    }
2022-11-02 20:11:48,017 INFO     ___FILE_ONLY___ 
  }
2022-11-02 20:11:48,018 INFO     ___FILE_ONLY___ ,
  {
2022-11-02 20:11:48,018 INFO     ___FILE_ONLY___ 
    "current_version_string": "2022.11.01",
2022-11-02 20:11:48,019 INFO     ___FILE_ONLY___ 
    "id": "beta",
2022-11-02 20:11:48,019 INFO     ___FILE_ONLY___ 
    "is_configuration": false,
2022-11-02 20:11:48,019 INFO     ___FILE_ONLY___ 
    "is_hidden": false,
2022-11-02 20:11:48,019 INFO     ___FILE_ONLY___ 
    "latest_version_string": "2022.11.01",
2022-11-02 20:11:48,019 INFO     ___FILE_ONLY___ 
    "name": "gcloud Beta Commands",
2022-11-02 20:11:48,019 INFO     ___FILE_ONLY___ 
    "platform": {
2022-11-02 20:11:48,019 INFO     ___FILE_ONLY___ 
      "architecture": {
2022-11-02 20:11:48,019 INFO     ___FILE_ONLY___ 
        "file_name": "x86_64",
2022-11-02 20:11:48,020 INFO     ___FILE_ONLY___ 
        "id": "x86_64",
2022-11-02 20:11:48,020 INFO     ___FILE_ONLY___ 
        "name": "x86_64"
2022-11-02 20:11:48,020 INFO     ___FILE_ONLY___ 
      },
2022-11-02 20:11:48,020 INFO     ___FILE_ONLY___ 
      "operating_system": {
2022-11-02 20:11:48,021 INFO     ___FILE_ONLY___ 
        "file_name": "darwin",
2022-11-02 20:11:48,022 INFO     ___FILE_ONLY___ 
        "id": "MACOSX",
2022-11-02 20:11:48,022 INFO     ___FILE_ONLY___ 
        "name": "Mac OS X"
2022-11-02 20:11:48,022 INFO     ___FILE_ONLY___ 
      }
2022-11-02 20:11:48,022 INFO     ___FILE_ONLY___ 
    },
2022-11-02 20:11:48,022 INFO     ___FILE_ONLY___ 
    "platform_required": false,
2022-11-02 20:11:48,022 INFO     ___FILE_ONLY___ 
    "size": 797,
2022-11-02 20:11:48,022 INFO     ___FILE_ONLY___ 
    "state": {
2022-11-02 20:11:48,023 INFO     ___FILE_ONLY___ 
      "name": "Installed"
2022-11-02 20:11:48,023 INFO     ___FILE_ONLY___ 
    }
2022-11-02 20:11:48,023 INFO     ___FILE_ONLY___ 
  }
2022-11-02 20:11:48,024 INFO     ___FILE_ONLY___ ,
  {
2022-11-02 20:11:48,024 INFO     ___FILE_ONLY___ 
    "current_version_string": "0.4.0",
2022-11-02 20:11:48,024 INFO     ___FILE_ONLY___ 
    "id": "gke-gcloud-auth-plugin",
2022-11-02 20:11:48,024 INFO     ___FILE_ONLY___ 
    "is_configuration": false,
2022-11-02 20:11:48,024 INFO     ___FILE_ONLY___ 
    "is_hidden": false,
2022-11-02 20:11:48,024 INFO     ___FILE_ONLY___ 
    "latest_version_string": "0.4.0",
2022-11-02 20:11:48,025 INFO     ___FILE_ONLY___ 
    "name": "gke-gcloud-auth-plugin",
2022-11-02 20:11:48,025 INFO     ___FILE_ONLY___ 
    "platform": {
2022-11-02 20:11:48,025 INFO     ___FILE_ONLY___ 
      "architecture": {
2022-11-02 20:11:48,025 INFO     ___FILE_ONLY___ 
        "file_name": "x86_64",
2022-11-02 20:11:48,025 INFO     ___FILE_ONLY___ 
        "id": "x86_64",
2022-11-02 20:11:48,025 INFO     ___FILE_ONLY___ 
        "name": "x86_64"
2022-11-02 20:11:48,026 INFO     ___FILE_ONLY___ 
      },
2022-11-02 20:11:48,026 INFO     ___FILE_ONLY___ 
      "operating_system": {
2022-11-02 20:11:48,026 INFO     ___FILE_ONLY___ 
        "file_name": "darwin",
2022-11-02 20:11:48,026 INFO     ___FILE_ONLY___ 
        "id": "MACOSX",
2022-11-02 20:11:48,026 INFO     ___FILE_ONLY___ 
        "name": "Mac OS X"
2022-11-02 20:11:48,026 INFO     ___FILE_ONLY___ 
      }
2022-11-02 20:11:48,026 INFO     ___FILE_ONLY___ 
    },
2022-11-02 20:11:48,026 INFO     ___FILE_ONLY___ 
    "platform_required": false,
2022-11-02 20:11:48,027 INFO     ___FILE_ONLY___ 
    "size": 7825303,
2022-11-02 20:11:48,027 INFO     ___FILE_ONLY___ 
    "state": {
2022-11-02 20:11:48,027 INFO     ___FILE_ONLY___ 
      "name": "Installed"
2022-11-02 20:11:48,027 INFO     ___FILE_ONLY___ 
    }
2022-11-02 20:11:48,027 INFO     ___FILE_ONLY___ 
  }
2022-11-02 20:11:48,028 INFO     ___FILE_ONLY___ ,
  {
2022-11-02 20:11:48,029 INFO     ___FILE_ONLY___ 
    "current_version_string": "1.22.14",
2022-11-02 20:11:48,029 INFO     ___FILE_ONLY___ 
    "id": "kubectl",
2022-11-02 20:11:48,029 INFO     ___FILE_ONLY___ 
    "is_configuration": false,
2022-11-02 20:11:48,029 INFO     ___FILE_ONLY___ 
    "is_hidden": false,
2022-11-02 20:11:48,030 INFO     ___FILE_ONLY___ 
    "latest_version_string": "1.22.14",
2022-11-02 20:11:48,030 INFO     ___FILE_ONLY___ 
    "name": "kubectl",
2022-11-02 20:11:48,030 INFO     ___FILE_ONLY___ 
    "platform": {
2022-11-02 20:11:48,031 INFO     ___FILE_ONLY___ 
      "architecture": {
2022-11-02 20:11:48,031 INFO     ___FILE_ONLY___ 
        "file_name": "x86_64",
2022-11-02 20:11:48,031 INFO     ___FILE_ONLY___ 
        "id": "x86_64",
2022-11-02 20:11:48,032 INFO     ___FILE_ONLY___ 
        "name": "x86_64"
2022-11-02 20:11:48,032 INFO     ___FILE_ONLY___ 
      },
2022-11-02 20:11:48,032 INFO     ___FILE_ONLY___ 
      "operating_system": {
2022-11-02 20:11:48,033 INFO     ___FILE_ONLY___ 
        "file_name": "darwin",
2022-11-02 20:11:48,034 INFO     ___FILE_ONLY___ 
        "id": "MACOSX",
2022-11-02 20:11:48,034 INFO     ___FILE_ONLY___ 
        "name": "Mac OS X"
2022-11-02 20:11:48,034 INFO     ___FILE_ONLY___ 
      }
2022-11-02 20:11:48,034 INFO     ___FILE_ONLY___ 
    },
2022-11-02 20:11:48,034 INFO     ___FILE_ONLY___ 
    "platform_required": true,
2022-11-02 20:11:48,034 INFO     ___FILE_ONLY___ 
    "size": 48204,
2022-11-02 20:11:48,034 INFO     ___FILE_ONLY___ 
    "state": {
2022-11-02 20:11:48,035 INFO     ___FILE_ONLY___ 
      "name": "Installed"
2022-11-02 20:11:48,035 INFO     ___FILE_ONLY___ 
    }
2022-11-02 20:11:48,035 INFO     ___FILE_ONLY___ 
  }
2022-11-02 20:11:48,035 INFO     ___FILE_ONLY___ 
]

