2022-11-02 20:10:25,220 DEBUG    root            Loaded Command Group: ['gcloud', 'components']
2022-11-02 20:10:25,229 DEBUG    root            Loaded Command Group: ['gcloud', 'components', 'update']
2022-11-02 20:10:25,237 DEBUG    root            Running [gcloud.components.update] with arguments: [--quiet: "True"]
2022-11-02 20:10:25,249 INFO     ___FILE_ONLY___ Beginning update. This process may take several minutes.

2022-11-02 20:10:25,280 DEBUG    urllib3.connectionpool Starting new HTTPS connection (1): dl.google.com:443
2022-11-02 20:10:25,584 DEBUG    urllib3.connectionpool https://dl.google.com:443 "GET /dl/cloudsdk/channels/rapid/components-2.json HTTP/1.1" 200 203446
2022-11-02 20:10:25,691 INFO     ___FILE_ONLY___ 

2022-11-02 20:10:25,692 INFO     ___FILE_ONLY___ 
Your current Google Cloud CLI version is: 408.0.0

2022-11-02 20:10:25,692 INFO     ___FILE_ONLY___ You will be upgraded to version: 408.0.1

2022-11-02 20:10:25,692 INFO     ___FILE_ONLY___ 

2022-11-02 20:10:25,697 INFO     ___FILE_ONLY___ ┌─────────────────────────────────────────────────────────┐
2022-11-02 20:10:25,697 INFO     ___FILE_ONLY___ 

2022-11-02 20:10:25,697 INFO     ___FILE_ONLY___ │            These components will be updated.            │
2022-11-02 20:10:25,697 INFO     ___FILE_ONLY___ 

2022-11-02 20:10:25,698 INFO     ___FILE_ONLY___ ├─────────────────────────────────┬────────────┬──────────┤
2022-11-02 20:10:25,698 INFO     ___FILE_ONLY___ 

2022-11-02 20:10:25,698 INFO     ___FILE_ONLY___ │               Name              │  Version   │   Size   │
2022-11-02 20:10:25,698 INFO     ___FILE_ONLY___ 

2022-11-02 20:10:25,698 INFO     ___FILE_ONLY___ ├─────────────────────────────────┼────────────┼──────────┤
2022-11-02 20:10:25,698 INFO     ___FILE_ONLY___ 

2022-11-02 20:10:25,699 INFO     ___FILE_ONLY___ │ 
2022-11-02 20:10:25,699 INFO     ___FILE_ONLY___ BigQuery Command Line Tool     
2022-11-02 20:10:25,699 INFO     ___FILE_ONLY___  
2022-11-02 20:10:25,700 INFO     ___FILE_ONLY___ │ 
2022-11-02 20:10:25,700 INFO     ___FILE_ONLY___     2.0.81
2022-11-02 20:10:25,700 INFO     ___FILE_ONLY___  
2022-11-02 20:10:25,700 INFO     ___FILE_ONLY___ │ 
2022-11-02 20:10:25,700 INFO     ___FILE_ONLY___  1.6 MiB
2022-11-02 20:10:25,700 INFO     ___FILE_ONLY___  
2022-11-02 20:10:25,700 INFO     ___FILE_ONLY___ │
2022-11-02 20:10:25,700 INFO     ___FILE_ONLY___ 

2022-11-02 20:10:25,701 INFO     ___FILE_ONLY___ │ 
2022-11-02 20:10:25,701 INFO     ___FILE_ONLY___ Google Cloud CLI Core Libraries
2022-11-02 20:10:25,701 INFO     ___FILE_ONLY___  
2022-11-02 20:10:25,701 INFO     ___FILE_ONLY___ │ 
2022-11-02 20:10:25,701 INFO     ___FILE_ONLY___ 2022.11.01
2022-11-02 20:10:25,701 INFO     ___FILE_ONLY___  
2022-11-02 20:10:25,701 INFO     ___FILE_ONLY___ │ 
2022-11-02 20:10:25,701 INFO     ___FILE_ONLY___ 25.1 MiB
2022-11-02 20:10:25,702 INFO     ___FILE_ONLY___  
2022-11-02 20:10:25,702 INFO     ___FILE_ONLY___ │
2022-11-02 20:10:25,702 INFO     ___FILE_ONLY___ 

2022-11-02 20:10:25,702 INFO     ___FILE_ONLY___ │ 
2022-11-02 20:10:25,702 INFO     ___FILE_ONLY___ gcloud Alpha Commands          
2022-11-02 20:10:25,702 INFO     ___FILE_ONLY___  
2022-11-02 20:10:25,702 INFO     ___FILE_ONLY___ │ 
2022-11-02 20:10:25,703 INFO     ___FILE_ONLY___ 2022.11.01
2022-11-02 20:10:25,703 INFO     ___FILE_ONLY___  
2022-11-02 20:10:25,703 INFO     ___FILE_ONLY___ │ 
2022-11-02 20:10:25,703 INFO     ___FILE_ONLY___  < 1 MiB
2022-11-02 20:10:25,703 INFO     ___FILE_ONLY___  
2022-11-02 20:10:25,703 INFO     ___FILE_ONLY___ │
2022-11-02 20:10:25,703 INFO     ___FILE_ONLY___ 

2022-11-02 20:10:25,703 INFO     ___FILE_ONLY___ │ 
2022-11-02 20:10:25,704 INFO     ___FILE_ONLY___ gcloud Beta Commands           
2022-11-02 20:10:25,704 INFO     ___FILE_ONLY___  
2022-11-02 20:10:25,704 INFO     ___FILE_ONLY___ │ 
2022-11-02 20:10:25,704 INFO     ___FILE_ONLY___ 2022.11.01
2022-11-02 20:10:25,704 INFO     ___FILE_ONLY___  
2022-11-02 20:10:25,704 INFO     ___FILE_ONLY___ │ 
2022-11-02 20:10:25,704 INFO     ___FILE_ONLY___  < 1 MiB
2022-11-02 20:10:25,704 INFO     ___FILE_ONLY___  
2022-11-02 20:10:25,705 INFO     ___FILE_ONLY___ │
2022-11-02 20:10:25,705 INFO     ___FILE_ONLY___ 

2022-11-02 20:10:25,705 INFO     ___FILE_ONLY___ └─────────────────────────────────┴────────────┴──────────┘
2022-11-02 20:10:25,705 INFO     ___FILE_ONLY___ 

2022-11-02 20:10:25,706 INFO     ___FILE_ONLY___ 

2022-11-02 20:10:25,711 DEBUG    urllib3.connectionpool Starting new HTTPS connection (1): dl.google.com:443
2022-11-02 20:10:25,874 DEBUG    urllib3.connectionpool https://dl.google.com:443 "GET /dl/cloudsdk/channels/rapid/RELEASE_NOTES HTTP/1.1" 200 891853
2022-11-02 20:10:26,016 INFO     ___FILE_ONLY___ The following release notes are new in this upgrade.
Please read carefully for information about new features, breaking changes,
and bugs fixed.  The latest full release notes can be viewed at:
  https://cloud.google.com/sdk/release_notes


2022-11-02 20:10:26,016 INFO     ___FILE_ONLY___ 
2022-11-02 20:10:26,016 INFO     ___FILE_ONLY___ 408.0.1 (2022-11-02)

2022-11-02 20:10:26,016 INFO     ___FILE_ONLY___ 
2022-11-02 20:10:26,016 INFO     ___FILE_ONLY___   
2022-11-02 20:10:26,017 INFO     ___FILE_ONLY___ BigQuery

2022-11-02 20:10:26,017 INFO     ___FILE_ONLY___       ▪
2022-11-02 20:10:26,017 INFO     ___FILE_ONLY___  
2022-11-02 20:10:26,017 INFO     ___FILE_ONLY___ Adds
2022-11-02 20:10:26,017 INFO     ___FILE_ONLY___  
2022-11-02 20:10:26,017 INFO     ___FILE_ONLY___ various
2022-11-02 20:10:26,017 INFO     ___FILE_ONLY___  
2022-11-02 20:10:26,017 INFO     ___FILE_ONLY___ fixes
2022-11-02 20:10:26,017 INFO     ___FILE_ONLY___  
2022-11-02 20:10:26,017 INFO     ___FILE_ONLY___ to
2022-11-02 20:10:26,018 INFO     ___FILE_ONLY___  
2022-11-02 20:10:26,018 INFO     ___FILE_ONLY___ PSC
2022-11-02 20:10:26,018 INFO     ___FILE_ONLY___  
2022-11-02 20:10:26,018 INFO     ___FILE_ONLY___ environments.
2022-11-02 20:10:26,018 INFO     ___FILE_ONLY___ 

2022-11-02 20:10:26,018 INFO     ___FILE_ONLY___       ▪
2022-11-02 20:10:26,018 INFO     ___FILE_ONLY___  
2022-11-02 20:10:26,018 INFO     ___FILE_ONLY___ Adds
2022-11-02 20:10:26,018 INFO     ___FILE_ONLY___  
2022-11-02 20:10:26,018 INFO     ___FILE_ONLY___ support
2022-11-02 20:10:26,019 INFO     ___FILE_ONLY___  
2022-11-02 20:10:26,019 INFO     ___FILE_ONLY___ for
2022-11-02 20:10:26,019 INFO     ___FILE_ONLY___  
2022-11-02 20:10:26,019 INFO     ___FILE_ONLY___ random
2022-11-02 20:10:26,019 INFO     ___FILE_ONLY___  
2022-11-02 20:10:26,019 INFO     ___FILE_ONLY___ forest
2022-11-02 20:10:26,019 INFO     ___FILE_ONLY___  
2022-11-02 20:10:26,019 INFO     ___FILE_ONLY___ models
2022-11-02 20:10:26,019 INFO     ___FILE_ONLY___  
2022-11-02 20:10:26,019 INFO     ___FILE_ONLY___ as
2022-11-02 20:10:26,019 INFO     ___FILE_ONLY___  
2022-11-02 20:10:26,020 INFO     ___FILE_ONLY___ part
2022-11-02 20:10:26,020 INFO     ___FILE_ONLY___  
2022-11-02 20:10:26,020 INFO     ___FILE_ONLY___ of
2022-11-02 20:10:26,020 INFO     ___FILE_ONLY___  
2022-11-02 20:10:26,020 INFO     ___FILE_ONLY___ BQML.
2022-11-02 20:10:26,020 INFO     ___FILE_ONLY___ 

2022-11-02 20:10:26,020 INFO     ___FILE_ONLY___ 

2022-11-02 20:10:26,020 INFO     ___FILE_ONLY___    
2022-11-02 20:10:26,020 INFO     ___FILE_ONLY___  
2022-11-02 20:10:26,021 INFO     ___FILE_ONLY___ Subscribe
2022-11-02 20:10:26,021 INFO     ___FILE_ONLY___  
2022-11-02 20:10:26,021 INFO     ___FILE_ONLY___ to
2022-11-02 20:10:26,021 INFO     ___FILE_ONLY___  
2022-11-02 20:10:26,021 INFO     ___FILE_ONLY___ these
2022-11-02 20:10:26,021 INFO     ___FILE_ONLY___  
2022-11-02 20:10:26,021 INFO     ___FILE_ONLY___ release
2022-11-02 20:10:26,021 INFO     ___FILE_ONLY___  
2022-11-02 20:10:26,021 INFO     ___FILE_ONLY___ notes
2022-11-02 20:10:26,021 INFO     ___FILE_ONLY___  
2022-11-02 20:10:26,022 INFO     ___FILE_ONLY___ at
2022-11-02 20:10:26,022 INFO     ___FILE_ONLY___ 

2022-11-02 20:10:26,022 INFO     ___FILE_ONLY___     
2022-11-02 20:10:26,022 INFO     ___FILE_ONLY___ https://groups.google.com/forum/#!forum/google-cloud-sdk-announce
2022-11-02 20:10:26,022 INFO     ___FILE_ONLY___ 

2022-11-02 20:10:26,022 INFO     ___FILE_ONLY___     
2022-11-02 20:10:26,022 INFO     ___FILE_ONLY___ (https://groups.google.com/forum/#!forum/google-cloud-sdk-announce).
2022-11-02 20:10:26,022 INFO     ___FILE_ONLY___ 

2022-11-02 20:10:26,022 INFO     ___FILE_ONLY___ 
2022-11-02 20:10:26,023 INFO     ___FILE_ONLY___ 

2022-11-02 20:10:26,034 INFO     ___FILE_ONLY___ ╔════════════════════════════════════════════════════════════╗

2022-11-02 20:10:26,035 INFO     ___FILE_ONLY___ ╠═ Creating update staging area                             ═╣

2022-11-02 20:10:26,035 INFO     ___FILE_ONLY___ ╚
2022-11-02 20:10:26,126 INFO     ___FILE_ONLY___ ══════
2022-11-02 20:10:26,126 INFO     ___FILE_ONLY___ ══════
2022-11-02 20:10:26,127 INFO     ___FILE_ONLY___ ══════
2022-11-02 20:10:29,055 INFO     ___FILE_ONLY___ ═
2022-11-02 20:10:30,593 INFO     ___FILE_ONLY___ ═
2022-11-02 20:10:31,576 INFO     ___FILE_ONLY___ ═
2022-11-02 20:10:32,515 INFO     ___FILE_ONLY___ ═
2022-11-02 20:10:33,506 INFO     ___FILE_ONLY___ ═
2022-11-02 20:10:34,264 INFO     ___FILE_ONLY___ ═
2022-11-02 20:10:35,311 INFO     ___FILE_ONLY___ ═
2022-11-02 20:10:36,220 INFO     ___FILE_ONLY___ ═
2022-11-02 20:10:37,279 INFO     ___FILE_ONLY___ ═
2022-11-02 20:10:38,276 INFO     ___FILE_ONLY___ ═
2022-11-02 20:10:38,880 INFO     ___FILE_ONLY___ ═
2022-11-02 20:10:39,556 INFO     ___FILE_ONLY___ ═
2022-11-02 20:10:40,317 INFO     ___FILE_ONLY___ ═
2022-11-02 20:10:40,821 INFO     ___FILE_ONLY___ ═
2022-11-02 20:10:41,381 INFO     ___FILE_ONLY___ ═
2022-11-02 20:10:42,458 INFO     ___FILE_ONLY___ ═
2022-11-02 20:10:43,430 INFO     ___FILE_ONLY___ ═
2022-11-02 20:10:43,890 INFO     ___FILE_ONLY___ ═
2022-11-02 20:10:44,817 INFO     ___FILE_ONLY___ ═
2022-11-02 20:10:45,335 INFO     ___FILE_ONLY___ ═
2022-11-02 20:10:45,970 INFO     ___FILE_ONLY___ ═
2022-11-02 20:10:46,281 INFO     ___FILE_ONLY___ ═
2022-11-02 20:10:46,542 INFO     ___FILE_ONLY___ ═
2022-11-02 20:10:47,063 INFO     ___FILE_ONLY___ ═
2022-11-02 20:10:47,781 INFO     ___FILE_ONLY___ ═
2022-11-02 20:10:48,170 INFO     ___FILE_ONLY___ ═
2022-11-02 20:10:48,549 INFO     ___FILE_ONLY___ ═
2022-11-02 20:10:48,945 INFO     ___FILE_ONLY___ ═
2022-11-02 20:10:49,280 INFO     ___FILE_ONLY___ ═
2022-11-02 20:10:49,655 INFO     ___FILE_ONLY___ ═
2022-11-02 20:10:49,982 INFO     ___FILE_ONLY___ ═
2022-11-02 20:10:50,330 INFO     ___FILE_ONLY___ ═
2022-11-02 20:10:50,662 INFO     ___FILE_ONLY___ ═
2022-11-02 20:10:51,002 INFO     ___FILE_ONLY___ ═
2022-11-02 20:10:51,311 INFO     ___FILE_ONLY___ ═
2022-11-02 20:10:51,667 INFO     ___FILE_ONLY___ ═
2022-11-02 20:10:52,038 INFO     ___FILE_ONLY___ ═
2022-11-02 20:10:52,367 INFO     ___FILE_ONLY___ ═
2022-11-02 20:10:52,926 INFO     ___FILE_ONLY___ ═
2022-11-02 20:10:53,229 INFO     ___FILE_ONLY___ ═
2022-11-02 20:10:53,541 INFO     ___FILE_ONLY___ ═
2022-11-02 20:10:53,813 INFO     ___FILE_ONLY___ ═
2022-11-02 20:10:53,813 INFO     ___FILE_ONLY___ ╝

2022-11-02 20:11:07,416 INFO     ___FILE_ONLY___ ╔════════════════════════════════════════════════════════════╗

2022-11-02 20:11:07,418 INFO     ___FILE_ONLY___ ╠═ Uninstalling: BigQuery Command Line Tool                 ═╣

2022-11-02 20:11:07,418 INFO     ___FILE_ONLY___ ╚
2022-11-02 20:11:07,428 INFO     ___FILE_ONLY___ ═
2022-11-02 20:11:07,429 INFO     ___FILE_ONLY___ ═
2022-11-02 20:11:07,430 INFO     ___FILE_ONLY___ ═
2022-11-02 20:11:07,432 INFO     ___FILE_ONLY___ ═
2022-11-02 20:11:07,433 INFO     ___FILE_ONLY___ ═
2022-11-02 20:11:07,434 INFO     ___FILE_ONLY___ ═
2022-11-02 20:11:07,435 INFO     ___FILE_ONLY___ ═
2022-11-02 20:11:07,436 INFO     ___FILE_ONLY___ ═
2022-11-02 20:11:07,437 INFO     ___FILE_ONLY___ ═
2022-11-02 20:11:07,438 INFO     ___FILE_ONLY___ ═
2022-11-02 20:11:07,440 INFO     ___FILE_ONLY___ ═
2022-11-02 20:11:07,441 INFO     ___FILE_ONLY___ ═
2022-11-02 20:11:07,442 INFO     ___FILE_ONLY___ ═
2022-11-02 20:11:07,443 INFO     ___FILE_ONLY___ ═
2022-11-02 20:11:07,444 INFO     ___FILE_ONLY___ ═
2022-11-02 20:11:07,445 INFO     ___FILE_ONLY___ ═
2022-11-02 20:11:07,448 INFO     ___FILE_ONLY___ ═
2022-11-02 20:11:07,450 INFO     ___FILE_ONLY___ ═
2022-11-02 20:11:07,452 INFO     ___FILE_ONLY___ ═
2022-11-02 20:11:07,453 INFO     ___FILE_ONLY___ ═
2022-11-02 20:11:07,455 INFO     ___FILE_ONLY___ ═
2022-11-02 20:11:07,456 INFO     ___FILE_ONLY___ ═
2022-11-02 20:11:07,457 INFO     ___FILE_ONLY___ ═
2022-11-02 20:11:07,458 INFO     ___FILE_ONLY___ ═
2022-11-02 20:11:07,460 INFO     ___FILE_ONLY___ ═
2022-11-02 20:11:07,462 INFO     ___FILE_ONLY___ ═
2022-11-02 20:11:07,463 INFO     ___FILE_ONLY___ ═
2022-11-02 20:11:07,465 INFO     ___FILE_ONLY___ ═
2022-11-02 20:11:07,466 INFO     ___FILE_ONLY___ ═
2022-11-02 20:11:07,467 INFO     ___FILE_ONLY___ ═
2022-11-02 20:11:07,469 INFO     ___FILE_ONLY___ ═
2022-11-02 20:11:07,470 INFO     ___FILE_ONLY___ ═
2022-11-02 20:11:07,471 INFO     ___FILE_ONLY___ ═
2022-11-02 20:11:07,472 INFO     ___FILE_ONLY___ ═
2022-11-02 20:11:07,473 INFO     ___FILE_ONLY___ ═
2022-11-02 20:11:07,474 INFO     ___FILE_ONLY___ ═
2022-11-02 20:11:07,475 INFO     ___FILE_ONLY___ ═
2022-11-02 20:11:07,476 INFO     ___FILE_ONLY___ ═
2022-11-02 20:11:07,477 INFO     ___FILE_ONLY___ ═
2022-11-02 20:11:07,478 INFO     ___FILE_ONLY___ ═
2022-11-02 20:11:07,480 INFO     ___FILE_ONLY___ ═
2022-11-02 20:11:07,482 INFO     ___FILE_ONLY___ ═
2022-11-02 20:11:07,483 INFO     ___FILE_ONLY___ ═
2022-11-02 20:11:07,484 INFO     ___FILE_ONLY___ ═
2022-11-02 20:11:07,485 INFO     ___FILE_ONLY___ ═
2022-11-02 20:11:07,486 INFO     ___FILE_ONLY___ ═
2022-11-02 20:11:07,487 INFO     ___FILE_ONLY___ ═
2022-11-02 20:11:07,491 INFO     ___FILE_ONLY___ ═
2022-11-02 20:11:07,493 INFO     ___FILE_ONLY___ ═
2022-11-02 20:11:07,495 INFO     ___FILE_ONLY___ ═
2022-11-02 20:11:07,497 INFO     ___FILE_ONLY___ ═
2022-11-02 20:11:07,499 INFO     ___FILE_ONLY___ ═
2022-11-02 20:11:07,500 INFO     ___FILE_ONLY___ ═
2022-11-02 20:11:07,502 INFO     ___FILE_ONLY___ ═
2022-11-02 20:11:07,504 INFO     ___FILE_ONLY___ ═
2022-11-02 20:11:07,506 INFO     ___FILE_ONLY___ ═
2022-11-02 20:11:07,509 INFO     ___FILE_ONLY___ ═
2022-11-02 20:11:07,510 INFO     ___FILE_ONLY___ ═
2022-11-02 20:11:07,512 INFO     ___FILE_ONLY___ ═
2022-11-02 20:11:07,514 INFO     ___FILE_ONLY___ ═
2022-11-02 20:11:07,514 INFO     ___FILE_ONLY___ ╝

2022-11-02 20:11:07,629 INFO     ___FILE_ONLY___ ╔════════════════════════════════════════════════════════════╗

2022-11-02 20:11:07,630 INFO     ___FILE_ONLY___ ╠═ Uninstalling: Google Cloud CLI Core Libraries            ═╣

2022-11-02 20:11:07,630 INFO     ___FILE_ONLY___ ╚
2022-11-02 20:11:07,683 INFO     ___FILE_ONLY___ ═
2022-11-02 20:11:07,713 INFO     ___FILE_ONLY___ ═
2022-11-02 20:11:07,740 INFO     ___FILE_ONLY___ ═
2022-11-02 20:11:07,775 INFO     ___FILE_ONLY___ ═
2022-11-02 20:11:07,808 INFO     ___FILE_ONLY___ ═
2022-11-02 20:11:07,839 INFO     ___FILE_ONLY___ ═
2022-11-02 20:11:07,888 INFO     ___FILE_ONLY___ ═
2022-11-02 20:11:07,924 INFO     ___FILE_ONLY___ ═
2022-11-02 20:11:07,953 INFO     ___FILE_ONLY___ ═
2022-11-02 20:11:07,985 INFO     ___FILE_ONLY___ ═
2022-11-02 20:11:08,023 INFO     ___FILE_ONLY___ ═
2022-11-02 20:11:08,061 INFO     ___FILE_ONLY___ ═
2022-11-02 20:11:08,090 INFO     ___FILE_ONLY___ ═
2022-11-02 20:11:08,120 INFO     ___FILE_ONLY___ ═
2022-11-02 20:11:08,156 INFO     ___FILE_ONLY___ ═
2022-11-02 20:11:08,188 INFO     ___FILE_ONLY___ ═
2022-11-02 20:11:08,224 INFO     ___FILE_ONLY___ ═
2022-11-02 20:11:08,256 INFO     ___FILE_ONLY___ ═
2022-11-02 20:11:08,289 INFO     ___FILE_ONLY___ ═
2022-11-02 20:11:08,325 INFO     ___FILE_ONLY___ ═
2022-11-02 20:11:08,361 INFO     ___FILE_ONLY___ ═
2022-11-02 20:11:08,397 INFO     ___FILE_ONLY___ ═
2022-11-02 20:11:08,436 INFO     ___FILE_ONLY___ ═
2022-11-02 20:11:08,475 INFO     ___FILE_ONLY___ ═
2022-11-02 20:11:08,514 INFO     ___FILE_ONLY___ ═
2022-11-02 20:11:08,560 INFO     ___FILE_ONLY___ ═
2022-11-02 20:11:08,588 INFO     ___FILE_ONLY___ ═
2022-11-02 20:11:08,620 INFO     ___FILE_ONLY___ ═
2022-11-02 20:11:08,648 INFO     ___FILE_ONLY___ ═
2022-11-02 20:11:08,676 INFO     ___FILE_ONLY___ ═
2022-11-02 20:11:08,711 INFO     ___FILE_ONLY___ ═
2022-11-02 20:11:08,739 INFO     ___FILE_ONLY___ ═
2022-11-02 20:11:08,773 INFO     ___FILE_ONLY___ ═
2022-11-02 20:11:08,808 INFO     ___FILE_ONLY___ ═
2022-11-02 20:11:08,847 INFO     ___FILE_ONLY___ ═
2022-11-02 20:11:08,923 INFO     ___FILE_ONLY___ ═
2022-11-02 20:11:08,955 INFO     ___FILE_ONLY___ ═
2022-11-02 20:11:08,989 INFO     ___FILE_ONLY___ ═
2022-11-02 20:11:09,027 INFO     ___FILE_ONLY___ ═
2022-11-02 20:11:09,063 INFO     ___FILE_ONLY___ ═
2022-11-02 20:11:09,093 INFO     ___FILE_ONLY___ ═
2022-11-02 20:11:09,132 INFO     ___FILE_ONLY___ ═
2022-11-02 20:11:09,165 INFO     ___FILE_ONLY___ ═
2022-11-02 20:11:09,194 INFO     ___FILE_ONLY___ ═
2022-11-02 20:11:09,229 INFO     ___FILE_ONLY___ ═
2022-11-02 20:11:09,267 INFO     ___FILE_ONLY___ ═
2022-11-02 20:11:09,300 INFO     ___FILE_ONLY___ ═
2022-11-02 20:11:09,330 INFO     ___FILE_ONLY___ ═
2022-11-02 20:11:09,366 INFO     ___FILE_ONLY___ ═
2022-11-02 20:11:09,412 INFO     ___FILE_ONLY___ ═
2022-11-02 20:11:09,516 INFO     ___FILE_ONLY___ ═
2022-11-02 20:11:09,542 INFO     ___FILE_ONLY___ ═
2022-11-02 20:11:09,571 INFO     ___FILE_ONLY___ ═
2022-11-02 20:11:09,601 INFO     ___FILE_ONLY___ ═
2022-11-02 20:11:09,628 INFO     ___FILE_ONLY___ ═
2022-11-02 20:11:09,661 INFO     ___FILE_ONLY___ ═
2022-11-02 20:11:09,697 INFO     ___FILE_ONLY___ ═
2022-11-02 20:11:09,738 INFO     ___FILE_ONLY___ ═
2022-11-02 20:11:09,779 INFO     ___FILE_ONLY___ ═
2022-11-02 20:11:09,820 INFO     ___FILE_ONLY___ ═
2022-11-02 20:11:09,820 INFO     ___FILE_ONLY___ ╝

2022-11-02 20:11:12,285 INFO     ___FILE_ONLY___ ╔════════════════════════════════════════════════════════════╗

2022-11-02 20:11:12,286 INFO     ___FILE_ONLY___ ╠═ Uninstalling: gcloud Alpha Commands                      ═╣

2022-11-02 20:11:12,286 INFO     ___FILE_ONLY___ ╚
2022-11-02 20:11:12,287 INFO     ___FILE_ONLY___ ════════════════════════════════════════════════════════════
2022-11-02 20:11:12,288 INFO     ___FILE_ONLY___ ╝

2022-11-02 20:11:12,294 INFO     ___FILE_ONLY___ ╔════════════════════════════════════════════════════════════╗

2022-11-02 20:11:12,294 INFO     ___FILE_ONLY___ ╠═ Uninstalling: gcloud Beta Commands                       ═╣

2022-11-02 20:11:12,294 INFO     ___FILE_ONLY___ ╚
2022-11-02 20:11:12,296 INFO     ___FILE_ONLY___ ════════════════════════════════════════════════════════════
2022-11-02 20:11:12,296 INFO     ___FILE_ONLY___ ╝

2022-11-02 20:11:12,305 INFO     ___FILE_ONLY___ ╔════════════════════════════════════════════════════════════╗

2022-11-02 20:11:12,306 INFO     ___FILE_ONLY___ ╠═ Installing: BigQuery Command Line Tool                   ═╣

2022-11-02 20:11:12,306 INFO     ___FILE_ONLY___ ╚
2022-11-02 20:11:12,386 DEBUG    urllib3.connectionpool Starting new HTTPS connection (1): dl.google.com:443
2022-11-02 20:11:12,733 DEBUG    urllib3.connectionpool https://dl.google.com:443 "GET /dl/cloudsdk/channels/rapid/components/google-cloud-sdk-bq-20221101212107.tar.gz HTTP/1.1" 200 1690545
2022-11-02 20:11:12,936 INFO     ___FILE_ONLY___ ═
2022-11-02 20:11:12,936 INFO     ___FILE_ONLY___ ═
2022-11-02 20:11:12,937 INFO     ___FILE_ONLY___ ═
2022-11-02 20:11:12,937 INFO     ___FILE_ONLY___ ═
2022-11-02 20:11:12,937 INFO     ___FILE_ONLY___ ═
2022-11-02 20:11:12,937 INFO     ___FILE_ONLY___ ═
2022-11-02 20:11:12,938 INFO     ___FILE_ONLY___ ═
2022-11-02 20:11:12,938 INFO     ___FILE_ONLY___ ═
2022-11-02 20:11:12,938 INFO     ___FILE_ONLY___ ═
2022-11-02 20:11:12,938 INFO     ___FILE_ONLY___ ═
2022-11-02 20:11:12,939 INFO     ___FILE_ONLY___ ═
2022-11-02 20:11:12,939 INFO     ___FILE_ONLY___ ═
2022-11-02 20:11:12,939 INFO     ___FILE_ONLY___ ═
2022-11-02 20:11:12,940 INFO     ___FILE_ONLY___ ═
2022-11-02 20:11:12,941 INFO     ___FILE_ONLY___ ═
2022-11-02 20:11:12,941 INFO     ___FILE_ONLY___ ═
2022-11-02 20:11:12,941 INFO     ___FILE_ONLY___ ═
2022-11-02 20:11:12,941 INFO     ___FILE_ONLY___ ═
2022-11-02 20:11:12,942 INFO     ___FILE_ONLY___ ═
2022-11-02 20:11:12,942 INFO     ___FILE_ONLY___ ═
2022-11-02 20:11:12,942 INFO     ___FILE_ONLY___ ═
2022-11-02 20:11:12,943 INFO     ___FILE_ONLY___ ═
2022-11-02 20:11:12,943 INFO     ___FILE_ONLY___ ═
2022-11-02 20:11:12,943 INFO     ___FILE_ONLY___ ═
2022-11-02 20:11:12,943 INFO     ___FILE_ONLY___ ═
2022-11-02 20:11:12,943 INFO     ___FILE_ONLY___ ═
2022-11-02 20:11:12,944 INFO     ___FILE_ONLY___ ═
2022-11-02 20:11:12,944 INFO     ___FILE_ONLY___ ═
2022-11-02 20:11:12,944 INFO     ___FILE_ONLY___ ═
2022-11-02 20:11:12,944 INFO     ___FILE_ONLY___ ═
2022-11-02 20:11:13,078 INFO     ___FILE_ONLY___ ═
2022-11-02 20:11:13,084 INFO     ___FILE_ONLY___ ═
2022-11-02 20:11:13,089 INFO     ___FILE_ONLY___ ═
2022-11-02 20:11:13,098 INFO     ___FILE_ONLY___ ═
2022-11-02 20:11:13,106 INFO     ___FILE_ONLY___ ═
2022-11-02 20:11:13,113 INFO     ___FILE_ONLY___ ═
2022-11-02 20:11:13,118 INFO     ___FILE_ONLY___ ═
2022-11-02 20:11:13,124 INFO     ___FILE_ONLY___ ═
2022-11-02 20:11:13,129 INFO     ___FILE_ONLY___ ═
2022-11-02 20:11:13,134 INFO     ___FILE_ONLY___ ═
2022-11-02 20:11:13,140 INFO     ___FILE_ONLY___ ═
2022-11-02 20:11:13,147 INFO     ___FILE_ONLY___ ═
2022-11-02 20:11:13,155 INFO     ___FILE_ONLY___ ═
2022-11-02 20:11:13,164 INFO     ___FILE_ONLY___ ═
2022-11-02 20:11:13,171 INFO     ___FILE_ONLY___ ═
2022-11-02 20:11:13,176 INFO     ___FILE_ONLY___ ═
2022-11-02 20:11:13,181 INFO     ___FILE_ONLY___ ═
2022-11-02 20:11:13,186 INFO     ___FILE_ONLY___ ═
2022-11-02 20:11:13,191 INFO     ___FILE_ONLY___ ═
2022-11-02 20:11:13,199 INFO     ___FILE_ONLY___ ═
2022-11-02 20:11:13,205 INFO     ___FILE_ONLY___ ═
2022-11-02 20:11:13,210 INFO     ___FILE_ONLY___ ═
2022-11-02 20:11:13,215 INFO     ___FILE_ONLY___ ═
2022-11-02 20:11:13,220 INFO     ___FILE_ONLY___ ═
2022-11-02 20:11:13,225 INFO     ___FILE_ONLY___ ═
2022-11-02 20:11:13,230 INFO     ___FILE_ONLY___ ═
2022-11-02 20:11:13,239 INFO     ___FILE_ONLY___ ═
2022-11-02 20:11:13,245 INFO     ___FILE_ONLY___ ═
2022-11-02 20:11:13,253 INFO     ___FILE_ONLY___ ═
2022-11-02 20:11:13,261 INFO     ___FILE_ONLY___ ═
2022-11-02 20:11:13,261 INFO     ___FILE_ONLY___ ╝

2022-11-02 20:11:13,278 INFO     ___FILE_ONLY___ ╔════════════════════════════════════════════════════════════╗

2022-11-02 20:11:13,279 INFO     ___FILE_ONLY___ ╠═ Installing: Google Cloud CLI Core Libraries              ═╣

2022-11-02 20:11:13,279 INFO     ___FILE_ONLY___ ╚
2022-11-02 20:11:13,284 DEBUG    urllib3.connectionpool Starting new HTTPS connection (1): dl.google.com:443
2022-11-02 20:11:13,423 DEBUG    urllib3.connectionpool https://dl.google.com:443 "GET /dl/cloudsdk/channels/rapid/components/google-cloud-sdk-core-20221101212107.tar.gz HTTP/1.1" 200 26335483
2022-11-02 20:11:16,259 INFO     ___FILE_ONLY___ ═
2022-11-02 20:11:16,261 INFO     ___FILE_ONLY___ ═
2022-11-02 20:11:16,262 INFO     ___FILE_ONLY___ ═
2022-11-02 20:11:16,263 INFO     ___FILE_ONLY___ ═
2022-11-02 20:11:16,264 INFO     ___FILE_ONLY___ ═
2022-11-02 20:11:16,266 INFO     ___FILE_ONLY___ ═
2022-11-02 20:11:16,267 INFO     ___FILE_ONLY___ ═
2022-11-02 20:11:16,268 INFO     ___FILE_ONLY___ ═
2022-11-02 20:11:16,269 INFO     ___FILE_ONLY___ ═
2022-11-02 20:11:16,272 INFO     ___FILE_ONLY___ ═
2022-11-02 20:11:16,273 INFO     ___FILE_ONLY___ ═
2022-11-02 20:11:16,274 INFO     ___FILE_ONLY___ ═
2022-11-02 20:11:16,275 INFO     ___FILE_ONLY___ ═
2022-11-02 20:11:16,276 INFO     ___FILE_ONLY___ ═
2022-11-02 20:11:16,278 INFO     ___FILE_ONLY___ ═
2022-11-02 20:11:16,279 INFO     ___FILE_ONLY___ ═
2022-11-02 20:11:16,280 INFO     ___FILE_ONLY___ ═
2022-11-02 20:11:16,281 INFO     ___FILE_ONLY___ ═
2022-11-02 20:11:16,283 INFO     ___FILE_ONLY___ ═
2022-11-02 20:11:16,293 INFO     ___FILE_ONLY___ ═
2022-11-02 20:11:16,294 INFO     ___FILE_ONLY___ ═
2022-11-02 20:11:16,295 INFO     ___FILE_ONLY___ ═
2022-11-02 20:11:16,296 INFO     ___FILE_ONLY___ ═
2022-11-02 20:11:16,298 INFO     ___FILE_ONLY___ ═
2022-11-02 20:11:16,300 INFO     ___FILE_ONLY___ ═
2022-11-02 20:11:16,301 INFO     ___FILE_ONLY___ ═
2022-11-02 20:11:16,303 INFO     ___FILE_ONLY___ ═
2022-11-02 20:11:16,305 INFO     ___FILE_ONLY___ ═
2022-11-02 20:11:16,315 INFO     ___FILE_ONLY___ ═
2022-11-02 20:11:16,316 INFO     ___FILE_ONLY___ ═
2022-11-02 20:11:20,567 INFO     ___FILE_ONLY___ ═
2022-11-02 20:11:20,823 INFO     ___FILE_ONLY___ ═
2022-11-02 20:11:21,005 INFO     ___FILE_ONLY___ ═
2022-11-02 20:11:21,187 INFO     ___FILE_ONLY___ ═
2022-11-02 20:11:21,356 INFO     ___FILE_ONLY___ ═
2022-11-02 20:11:21,518 INFO     ___FILE_ONLY___ ═
2022-11-02 20:11:21,818 INFO     ___FILE_ONLY___ ═
2022-11-02 20:11:22,168 INFO     ___FILE_ONLY___ ═
2022-11-02 20:11:23,304 INFO     ___FILE_ONLY___ ═
2022-11-02 20:11:24,526 INFO     ___FILE_ONLY___ ═
2022-11-02 20:11:25,050 INFO     ___FILE_ONLY___ ═
2022-11-02 20:11:25,433 INFO     ___FILE_ONLY___ ═
2022-11-02 20:11:25,779 INFO     ___FILE_ONLY___ ═
2022-11-02 20:11:26,103 INFO     ___FILE_ONLY___ ═
2022-11-02 20:11:26,360 INFO     ___FILE_ONLY___ ═
2022-11-02 20:11:26,668 INFO     ___FILE_ONLY___ ═
2022-11-02 20:11:26,970 INFO     ___FILE_ONLY___ ═
2022-11-02 20:11:27,230 INFO     ___FILE_ONLY___ ═
2022-11-02 20:11:27,486 INFO     ___FILE_ONLY___ ═
2022-11-02 20:11:27,724 INFO     ___FILE_ONLY___ ═
2022-11-02 20:11:27,959 INFO     ___FILE_ONLY___ ═
2022-11-02 20:11:28,501 INFO     ___FILE_ONLY___ ═
2022-11-02 20:11:28,843 INFO     ___FILE_ONLY___ ═
2022-11-02 20:11:29,160 INFO     ___FILE_ONLY___ ═
2022-11-02 20:11:29,598 INFO     ___FILE_ONLY___ ═
2022-11-02 20:11:30,307 INFO     ___FILE_ONLY___ ═
2022-11-02 20:11:30,500 INFO     ___FILE_ONLY___ ═
2022-11-02 20:11:30,853 INFO     ___FILE_ONLY___ ═
2022-11-02 20:11:31,083 INFO     ___FILE_ONLY___ ═
2022-11-02 20:11:31,314 INFO     ___FILE_ONLY___ ═
2022-11-02 20:11:31,314 INFO     ___FILE_ONLY___ ╝

2022-11-02 20:11:31,525 INFO     ___FILE_ONLY___ ╔════════════════════════════════════════════════════════════╗

2022-11-02 20:11:31,526 INFO     ___FILE_ONLY___ ╠═ Installing: gcloud Alpha Commands                        ═╣

2022-11-02 20:11:31,526 INFO     ___FILE_ONLY___ ╚
2022-11-02 20:11:31,535 DEBUG    urllib3.connectionpool Starting new HTTPS connection (1): dl.google.com:443
2022-11-02 20:11:31,637 DEBUG    urllib3.connectionpool https://dl.google.com:443 "GET /dl/cloudsdk/channels/rapid/components/google-cloud-sdk-alpha-20221101212107.tar.gz HTTP/1.1" 200 800
2022-11-02 20:11:31,639 INFO     ___FILE_ONLY___ ══════════════════════════════
2022-11-02 20:11:31,640 INFO     ___FILE_ONLY___ ══════════════════════════════
2022-11-02 20:11:31,640 INFO     ___FILE_ONLY___ ╝

2022-11-02 20:11:31,659 INFO     ___FILE_ONLY___ ╔════════════════════════════════════════════════════════════╗

2022-11-02 20:11:31,659 INFO     ___FILE_ONLY___ ╠═ Installing: gcloud Beta Commands                         ═╣

2022-11-02 20:11:31,659 INFO     ___FILE_ONLY___ ╚
2022-11-02 20:11:31,667 DEBUG    urllib3.connectionpool Starting new HTTPS connection (1): dl.google.com:443
2022-11-02 20:11:31,770 DEBUG    urllib3.connectionpool https://dl.google.com:443 "GET /dl/cloudsdk/channels/rapid/components/google-cloud-sdk-beta-20221101212107.tar.gz HTTP/1.1" 200 797
2022-11-02 20:11:31,771 INFO     ___FILE_ONLY___ ══════════════════════════════
2022-11-02 20:11:31,772 INFO     ___FILE_ONLY___ ══════════════════════════════
2022-11-02 20:11:31,773 INFO     ___FILE_ONLY___ ╝

2022-11-02 20:11:31,791 INFO     ___FILE_ONLY___ ╔════════════════════════════════════════════════════════════╗

2022-11-02 20:11:31,792 INFO     ___FILE_ONLY___ ╠═ Creating backup and activating new installation          ═╣

2022-11-02 20:11:31,792 INFO     ___FILE_ONLY___ ╚
2022-11-02 20:11:31,794 DEBUG    root            Attempting to move directory [/Users/satyampatel/Library/Application Support/cloud-code/installer/google-cloud-sdk] to [/Users/satyampatel/Library/Application Support/cloud-code/installer/google-cloud-sdk.staging/.install/.backup]
2022-11-02 20:11:31,796 INFO     ___FILE_ONLY___ ══════════════════════════════
2022-11-02 20:11:31,797 DEBUG    root            Attempting to move directory [/Users/satyampatel/Library/Application Support/cloud-code/installer/google-cloud-sdk.staging] to [/Users/satyampatel/Library/Application Support/cloud-code/installer/google-cloud-sdk]
2022-11-02 20:11:31,797 INFO     ___FILE_ONLY___ ══════════════════════════════
2022-11-02 20:11:31,797 INFO     ___FILE_ONLY___ ╝

2022-11-02 20:11:31,826 DEBUG    root            Updating notification cache...
2022-11-02 20:11:31,830 INFO     ___FILE_ONLY___ 

2022-11-02 20:11:31,845 INFO     ___FILE_ONLY___ Performing post processing steps...
2022-11-02 20:11:31,847 DEBUG    root            Executing command: ['/usr/local/bin/python3', '-S', '/Users/satyampatel/Library/Application Support/cloud-code/installer/google-cloud-sdk/lib/gcloud.py', 'components', 'post-process']
2022-11-02 20:12:11,444 DEBUG    ___FILE_ONLY___ 
2022-11-02 20:12:11,448 DEBUG    ___FILE_ONLY___ 
2022-11-02 20:12:11,686 INFO     ___FILE_ONLY___ 
Update done!


2022-11-02 20:12:11,686 INFO     ___FILE_ONLY___ To revert your CLI to the previously installed version, you may run:
  $ gcloud components update --version 408.0.0


2022-11-02 20:12:11,698 WARNING  root              There are other instances of Google Cloud tools on your system PATH.
  Please remove the following to avoid confusion or accidental invocation:

  /Applications/Docker.app/Contents/Resources/bin/kubectl

  
2022-11-02 20:12:11,734 INFO     root            Display format: "none"
